[0m# ... lunching using pid = 8117[0m	
[0m# ... loading seed in ./sk6-1/seed.save[0m	
[0m# ... switching to CUDA[0m	
[0m# ... loading Dataset[0m	
[0m# ...reloading previously trained model[0m	
[0m# Model[0m	
nn.Sequential {
  [input -> (1) -> (2) -> (3) -> (4) -> (5) -> (6) -> (7) -> (8) -> (9) -> (10) -> (11) -> (12) -> (13) -> (14) -> (15) -> (16) -> (17) -> (18) -> (19) -> (20) -> (21) -> (22) -> (23) -> (24) -> (25) -> (26) -> (27) -> (28) -> output]
  (1): nn.SpatialConvolution(in: 3, out: 96, kW: 7, kH: 7, dW: 2, dH: 2)
  (2): nn.Threshold
  (3): nn.SpatialMaxPooling(kW: 3, kH: 3, dW: 3, dH: 3)
  (4): nn.SpatialConvolutionMM(in: 96, out: 256, kW: 7, kH: 7)
  (5): nn.Threshold
  (6): nn.SpatialMaxPooling(kW: 2, kH: 2, dW: 2, dH: 2)
  (7): nn.SpatialZeroPadding(l=1,r=1,t=1,b=1)
  (8): nn.SpatialConvolutionMM(in: 256, out: 512, kW: 3, kH: 3)
  (9): nn.Threshold
  (10): nn.SpatialZeroPadding(l=1,r=1,t=1,b=1)
  (11): nn.SpatialConvolutionMM(in: 512, out: 512, kW: 3, kH: 3)
  (12): nn.Threshold
  (13): nn.SpatialZeroPadding(l=1,r=1,t=1,b=1)
  (14): nn.SpatialConvolutionMM(in: 512, out: 1024, kW: 3, kH: 3)
  (15): nn.Threshold
  (16): nn.SpatialZeroPadding(l=1,r=1,t=1,b=1)
  (17): nn.SpatialConvolutionMM(in: 1024, out: 1024, kW: 3, kH: 3)
  (18): nn.Threshold
  (19): nn.SpatialMaxPooling(kW: 3, kH: 3, dW: 3, dH: 3)
  (20): nn.SpatialConvolutionMM(in: 1024, out: 4096, kW: 5, kH: 5)
  (21): nn.Threshold
  (22): nn.Dropout(0.900000)
  (23): nn.SpatialConvolutionMM(in: 4096, out: 4096, kW: 1, kH: 1)
  (24): nn.Threshold
  (25): nn.Dropout(0.900000)
  (26): nn.SpatialConvolutionMM(in: 4096, out: 101, kW: 1, kH: 1)
  (27): nn.View
  (28): nn.LogSoftMax
}
[0mNumber of parameters 140973285[0m	
[0m# Criterion[0m	
nn.ClassNLLCriterion
[0m# ... building optimizer[0m	
[0m# ...reloading previously trained optimfunc.state[0m	
[0m# Optimizer[0m	
{
  name : [1;30m"[0m[0;32mADAGRAD[0m[1;30m"[0m
  method : [0;35mfunction: 0x40aa3b98[0m
  config : 
    {
      learningRate : [0;36m0.003[0m
    }
  state : {...}
}
[0m
#####################[0m	
[0m# Epoch n° 1[0m	
[0m
# ... train model[0m	
[0m.:. Batch 1 to 128 on 72328 images[0m	
[0m: 1% done[0m	[0m01:15:11 left[0m	
[0m.:. Batch 3201 to 3328 on 72328 images[0m	
[0m: 6% done[0m	[0m01:11:01 left[0m	
[0m.:. Batch 6785 to 6912 on 72328 images[0m	
[0m: 11% done[0m	[0m01:07:12 left[0m	
[0m.:. Batch 10497 to 10624 on 72328 images[0m	
[0m: 16% done[0m	[0m01:03:17 left[0m	
[0m.:. Batch 14081 to 14208 on 72328 images[0m	
[0m: 21% done[0m	[0m00:59:38 left[0m	
[0m.:. Batch 17665 to 17792 on 72328 images[0m	
[0m: 26% done[0m	[0m00:56:22 left[0m	
[0m.:. Batch 21249 to 21376 on 72328 images[0m	
[0m: 31% done[0m	[0m00:52:48 left[0m	
[0m.:. Batch 24961 to 25088 on 72328 images[0m	
[0m: 36% done[0m	[0m00:49:10 left[0m	
[0m.:. Batch 28545 to 28672 on 72328 images[0m	
[0m: 41% done[0m	[0m00:45:20 left[0m	
[0m.:. Batch 32129 to 32256 on 72328 images[0m	
[0m: 46% done[0m	[0m00:41:44 left[0m	
[0m.:. Batch 35841 to 35968 on 72328 images[0m	
[0m: 51% done[0m	[0m00:37:58 left[0m	
[0m.:. Batch 39425 to 39552 on 72328 images[0m	
[0m: 56% done[0m	[0m00:34:02 left[0m	
[0m.:. Batch 43009 to 43136 on 72328 images[0m	
[0m: 61% done[0m	[0m00:30:18 left[0m	
[0m.:. Batch 46721 to 46848 on 72328 images[0m	
[0m: 66% done[0m	[0m00:26:30 left[0m	
[0m.:. Batch 50305 to 50432 on 72328 images[0m	
[0m: 71% done[0m	[0m00:22:34 left[0m	
[0m.:. Batch 53889 to 54016 on 72328 images[0m	
[0m: 76% done[0m	[0m00:18:45 left[0m	
[0m.:. Batch 57473 to 57600 on 72328 images[0m	
[0m: 81% done[0m	[0m00:14:58 left[0m	
[0m.:. Batch 61185 to 61312 on 72328 images[0m	
[0m: 86% done[0m	[0m00:11:09 left[0m	
[0m.:. Batch 64769 to 64896 on 72328 images[0m	
[0m: 91% done[0m	[0m00:07:10 left[0m	
[0m.:. Batch 68353 to 68480 on 72328 images[0m	
[0m: 96% done[0m	[0m00:03:18 left[0m	
[0m.:. Batch 72065 to 72192 on 72328 images[0m	
[0m.:. End of Epoch n° 1[0m	
[0m: Real time to learn 1 batch = 00:00:08[0m	
[0m: Real time to learn full batch = 01:17:49[0m	
[0m# Confusion Matrix[0m	
[0m: average row correct: 2.4962230695015%[0m	
[0m: average rowUcol correct (VOC measure): 1.1362193477349%[0m	
[0m: > global correct: 2.5204623382369%[0m	
[0m
# ... test model[0m	
[0m: 0% done [0m	[0m00:24:40 left[0m	
[0m: 5% done [0m	[0m00:06:53 left[0m	
[0m: 10% done [0m	[0m00:06:44 left[0m	
[0m: 15% done [0m	[0m00:06:27 left[0m	
[0m: 20% done [0m	[0m00:06:05 left[0m	
[0m: 25% done [0m	[0m00:05:43 left[0m	
[0m: 30% done [0m	[0m00:05:21 left[0m	
[0m: 35% done [0m	[0m00:04:59 left[0m	
[0m: 40% done [0m	[0m00:04:37 left[0m	
[0m: 45% done [0m	[0m00:04:14 left[0m	
[0m: 50% done [0m	[0m00:03:51 left[0m	
[0m: 55% done [0m	[0m00:03:28 left[0m	
[0m: 60% done [0m	[0m00:03:05 left[0m	
[0m: 65% done [0m	[0m00:02:42 left[0m	
[0m: 70% done [0m	[0m00:02:20 left[0m	
[0m: 75% done [0m	[0m00:01:57 left[0m	
[0m: 80% done [0m	[0m00:01:34 left[0m	
[0m: 85% done [0m	[0m00:01:11 left[0m	
[0m: 90% done [0m	[0m00:00:48 left[0m	
[0m: 95% done [0m	[0m00:00:25 left[0m	
[0m: 100% done [0m	[0m00:00:02 left[0m	
[0m: Time to test all samples = 00:07:41[0m	
[0m# Confusion Matrix[0m	
[0m: average row correct: 3.0703127259702%[0m	
[0m: average rowUcol correct (VOC measure): 0.85700362307564%[0m	
[0m: > global correct: 3.1007324998623%[0m	
[0m# ... saving model to ./sk6-2/model.net[0m	
[0m: tac = 22.554229974747 sec[0m	
[0m# ... saving optimfunc.state to ./sk6-2/optim.state[0m	
[0m: tac = 43.369812011719 sec[0m	
[0m# ... saving optimfunc.method to ./sk6-2/optim.method[0m	
[0m: tac = 43.424324989319 sec[0m	
[0m
#####################[0m	
[0m# Epoch n° 2[0m	
[0m
# ... train model[0m	
[0m.:. Batch 1 to 128 on 72328 images[0m	
[0m: 1% done[0m	[0m01:21:24 left[0m	
[0m.:. Batch 3201 to 3328 on 72328 images[0m	
[0m: 6% done[0m	[0m01:15:23 left[0m	
[0m.:. Batch 6785 to 6912 on 72328 images[0m	
[0m: 11% done[0m	[0m01:10:22 left[0m	
[0m.:. Batch 10497 to 10624 on 72328 images[0m	
[0m: 16% done[0m	[0m01:06:09 left[0m	
[0m.:. Batch 14081 to 14208 on 72328 images[0m	
[0m: 21% done[0m	[0m01:02:04 left[0m	
[0m.:. Batch 17665 to 17792 on 72328 images[0m	
[0m: 26% done[0m	[0m00:58:18 left[0m	
[0m.:. Batch 21249 to 21376 on 72328 images[0m	
[0m: 31% done[0m	[0m00:54:20 left[0m	
[0m.:. Batch 24961 to 25088 on 72328 images[0m	
[0m: 36% done[0m	[0m00:50:23 left[0m	
[0m.:. Batch 28545 to 28672 on 72328 images[0m	
[0m: 41% done[0m	[0m00:46:16 left[0m	
[0m.:. Batch 32129 to 32256 on 72328 images[0m	
[0m: 46% done[0m	[0m00:42:17 left[0m	
[0m.:. Batch 35841 to 35968 on 72328 images[0m	
[0m: 51% done[0m	[0m00:38:28 left[0m	
[0m.:. Batch 39425 to 39552 on 72328 images[0m	
[0m: 56% done[0m	[0m00:34:28 left[0m	
[0m.:. Batch 43009 to 43136 on 72328 images[0m	
[0m: 61% done[0m	[0m00:30:40 left[0m	
[0m.:. Batch 46721 to 46848 on 72328 images[0m	
[0m: 66% done[0m	[0m00:26:45 left[0m	
[0m.:. Batch 50305 to 50432 on 72328 images[0m	
[0m: 71% done[0m	[0m00:22:44 left[0m	
[0m.:. Batch 53889 to 54016 on 72328 images[0m	
[0m: 76% done[0m	[0m00:18:53 left[0m	
[0m.:. Batch 57473 to 57600 on 72328 images[0m	
[0m: 81% done[0m	[0m00:15:03 left[0m	
[0m.:. Batch 61185 to 61312 on 72328 images[0m	
[0m: 86% done[0m	[0m00:11:14 left[0m	
[0m.:. Batch 64769 to 64896 on 72328 images[0m	
[0m: 91% done[0m	[0m00:07:12 left[0m	
[0m.:. Batch 68353 to 68480 on 72328 images[0m	
[0m: 96% done[0m	[0m00:03:20 left[0m	
[0m.:. Batch 72065 to 72192 on 72328 images[0m	
[0m.:. End of Epoch n° 2[0m	
[0m: Real time to learn 1 batch = 00:00:08[0m	
[0m: Real time to learn full batch = 01:18:19[0m	
[0m# Confusion Matrix[0m	
[0m: average row correct: 4.3489852464887%[0m	
[0m: average rowUcol correct (VOC measure): 1.8993644568248%[0m	
[0m: > global correct: 4.3800464550382%[0m	
[0m
# ... test model[0m	
[0m: 0% done [0m	[0m00:24:54 left[0m	
[0m: 5% done [0m	[0m00:06:51 left[0m	
[0m: 10% done [0m	[0m00:06:42 left[0m	
[0m: 15% done [0m	[0m00:06:24 left[0m	
[0m: 20% done [0m	[0m00:06:04 left[0m	
[0m: 25% done [0m	[0m00:05:44 left[0m	
[0m: 30% done [0m	[0m00:05:22 left[0m	
[0m: 35% done [0m	[0m00:04:59 left[0m	
[0m: 40% done [0m	[0m00:04:36 left[0m	
[0m: 45% done [0m	[0m00:04:14 left[0m	
[0m: 50% done [0m	[0m00:03:51 left[0m	
[0m: 55% done [0m	[0m00:03:28 left[0m	
[0m: 60% done [0m	[0m00:03:05 left[0m	
[0m: 65% done [0m	[0m00:02:42 left[0m	
[0m: 70% done [0m	[0m00:02:19 left[0m	
[0m: 75% done [0m	[0m00:01:56 left[0m	
[0m: 80% done [0m	[0m00:01:33 left[0m	
[0m: 85% done [0m	[0m00:01:11 left[0m	
[0m: 90% done [0m	[0m00:00:48 left[0m	
[0m: 95% done [0m	[0m00:00:25 left[0m	
[0m: 100% done [0m	[0m00:00:02 left[0m	
[0m: Time to test all samples = 00:07:39[0m	
[0m# Confusion Matrix[0m	
[0m: average row correct: 7.8968061701312%[0m	
[0m: average rowUcol correct (VOC measure): 2.628006722483%[0m	
[0m: > global correct: 7.897780470342%[0m	
[0m# ... saving model to ./sk6-2/model.net[0m	
[0m: tac = 22.483512878418 sec[0m	
[0m# ... saving optimfunc.state to ./sk6-2/optim.state[0m	
[0m: tac = 43.378691911697 sec[0m	
[0m# ... saving optimfunc.method to ./sk6-2/optim.method[0m	
[0m: tac = 43.43629193306 sec[0m	
[0m
#####################[0m	
[0m# Epoch n° 3[0m	
[0m
# ... train model[0m	
[0m.:. Batch 1 to 128 on 72328 images[0m	
[0m: 1% done[0m	[0m01:23:11 left[0m	
[0m.:. Batch 3201 to 3328 on 72328 images[0m	
[0m: 6% done[0m	[0m01:14:29 left[0m	
[0m.:. Batch 6785 to 6912 on 72328 images[0m	
[0m: 11% done[0m	[0m01:10:09 left[0m	
[0m.:. Batch 10497 to 10624 on 72328 images[0m	
[0m: 16% done[0m	[0m01:06:05 left[0m	
[0m.:. Batch 14081 to 14208 on 72328 images[0m	
[0m: 21% done[0m	[0m01:02:03 left[0m	
[0m.:. Batch 17665 to 17792 on 72328 images[0m	
[0m: 26% done[0m	[0m00:58:02 left[0m	
[0m.:. Batch 21249 to 21376 on 72328 images[0m	
[0m: 31% done[0m	[0m00:54:21 left[0m	
[0m.:. Batch 24961 to 25088 on 72328 images[0m	
[0m: 36% done[0m	[0m00:50:28 left[0m	
[0m.:. Batch 28545 to 28672 on 72328 images[0m	
[0m: 41% done[0m	[0m00:46:31 left[0m	
[0m.:. Batch 32129 to 32256 on 72328 images[0m	
[0m: 46% done[0m	[0m00:42:38 left[0m	
[0m.:. Batch 35841 to 35968 on 72328 images[0m	
[0m: 51% done[0m	[0m00:38:45 left[0m	
[0m.:. Batch 39425 to 39552 on 72328 images[0m	
[0m: 56% done[0m	[0m00:34:57 left[0m	
[0m.:. Batch 43009 to 43136 on 72328 images[0m	
[0m: 61% done[0m	[0m00:31:03 left[0m	
[0m.:. Batch 46721 to 46848 on 72328 images[0m	
[0m: 66% done[0m	[0m00:27:09 left[0m	
[0m.:. Batch 50305 to 50432 on 72328 images[0m	
[0m: 71% done[0m	[0m00:23:03 left[0m	
[0m.:. Batch 53889 to 54016 on 72328 images[0m	
[0m: 76% done[0m	[0m00:19:08 left[0m	
[0m.:. Batch 57473 to 57600 on 72328 images[0m	
[0m: 81% done[0m	[0m00:15:13 left[0m	
[0m.:. Batch 61185 to 61312 on 72328 images[0m	
[0m: 86% done[0m	[0m00:11:20 left[0m	
[0m.:. Batch 64769 to 64896 on 72328 images[0m	
[0m: 91% done[0m	[0m00:07:17 left[0m	
[0m.:. Batch 68353 to 68480 on 72328 images[0m	
[0m: 96% done[0m	[0m00:03:22 left[0m	
[0m.:. Batch 72065 to 72192 on 72328 images[0m	
[0m.:. End of Epoch n° 3[0m	
[0m: Real time to learn 1 batch = 00:00:08[0m	
[0m: Real time to learn full batch = 01:19:08[0m	
[0m# Confusion Matrix[0m	
[0m: average row correct: 6.0257883198412%[0m	
[0m: average rowUcol correct (VOC measure): 2.6711399874438%[0m	
[0m: > global correct: 6.0515982745272%[0m	
[0m
# ... test model[0m	
[0m: 0% done [0m	[0m00:24:49 left[0m	
[0m: 5% done [0m	[0m00:06:59 left[0m	
[0m: 10% done [0m	[0m00:06:53 left[0m	
[0m: 15% done [0m	[0m00:06:33 left[0m	
[0m: 20% done [0m	[0m00:06:12 left[0m	
[0m: 25% done [0m	[0m00:05:52 left[0m	
[0m: 30% done [0m	[0m00:05:29 left[0m	
[0m: 35% done [0m	[0m00:05:06 left[0m	
[0m: 40% done [0m	[0m00:04:43 left[0m	
[0m: 45% done [0m	[0m00:04:20 left[0m	
[0m: 50% done [0m	[0m00:03:57 left[0m	
[0m: 55% done [0m	[0m00:03:33 left[0m	
[0m: 60% done [0m	[0m00:03:09 left[0m	
[0m: 65% done [0m	[0m00:02:46 left[0m	
[0m: 70% done [0m	[0m00:02:23 left[0m	
[0m: 75% done [0m	[0m00:01:59 left[0m	
[0m: 80% done [0m	[0m00:01:36 left[0m	
[0m: 85% done [0m	[0m00:01:12 left[0m	
[0m: 90% done [0m	[0m00:00:49 left[0m	
[0m: 95% done [0m	[0m00:00:25 left[0m	
[0m: 100% done [0m	[0m00:00:02 left[0m	
[0m: Time to test all samples = 00:07:50[0m	
[0m# Confusion Matrix[0m	
[0m: average row correct: 10.050049383599%[0m	
[0m: average rowUcol correct (VOC measure): 3.6573626243943%[0m	
[0m: > global correct: 10.067742468469%[0m	
[0m# ... saving model to ./sk6-2/model.net[0m	
[0m: tac = 23.16253900528 sec[0m	
[0m# ... saving optimfunc.state to ./sk6-2/optim.state[0m	
[0m: tac = 45.135291099548 sec[0m	
[0m# ... saving optimfunc.method to ./sk6-2/optim.method[0m	
[0m: tac = 45.191236019135 sec[0m	
[0m
#####################[0m	
[0m# Epoch n° 4[0m	
[0m
# ... train model[0m	
[0m.:. Batch 1 to 128 on 72328 images[0m	
[0m: 1% done[0m	[0m01:22:41 left[0m	
[0m.:. Batch 3201 to 3328 on 72328 images[0m	
[0m: 6% done[0m	[0m01:13:18 left[0m	
[0m.:. Batch 6785 to 6912 on 72328 images[0m	
[0m: 11% done[0m	[0m01:10:35 left[0m	
[0m.:. Batch 10497 to 10624 on 72328 images[0m	
[0m: 16% done[0m	[0m01:06:57 left[0m	
[0m.:. Batch 14081 to 14208 on 72328 images[0m	
[0m: 21% done[0m	[0m01:02:54 left[0m	
[0m.:. Batch 17665 to 17792 on 72328 images[0m	
[0m: 26% done[0m	[0m00:58:50 left[0m	
[0m.:. Batch 21249 to 21376 on 72328 images[0m	
[0m: 31% done[0m	[0m00:54:48 left[0m	
[0m.:. Batch 24961 to 25088 on 72328 images[0m	
[0m: 36% done[0m	[0m00:50:55 left[0m	
[0m.:. Batch 28545 to 28672 on 72328 images[0m	
[0m: 41% done[0m	[0m00:46:53 left[0m	
[0m.:. Batch 32129 to 32256 on 72328 images[0m	
[0m: 46% done[0m	[0m00:43:23 left[0m	
[0m.:. Batch 35841 to 35968 on 72328 images[0m	
[0m: 51% done[0m	[0m00:39:24 left[0m	
[0m.:. Batch 39425 to 39552 on 72328 images[0m	
[0m: 56% done[0m	[0m00:35:19 left[0m	
[0m.:. Batch 43009 to 43136 on 72328 images[0m	
[0m: 61% done[0m	[0m00:31:17 left[0m	
[0m.:. Batch 46721 to 46848 on 72328 images[0m	
[0m: 66% done[0m	[0m00:27:14 left[0m	
[0m.:. Batch 50305 to 50432 on 72328 images[0m	
[0m: 71% done[0m	[0m00:23:07 left[0m	
[0m.:. Batch 53889 to 54016 on 72328 images[0m	
[0m: 76% done[0m	[0m00:19:11 left[0m	
[0m.:. Batch 57473 to 57600 on 72328 images[0m	
[0m: 81% done[0m	[0m00:15:16 left[0m	
[0m.:. Batch 61185 to 61312 on 72328 images[0m	
[0m: 86% done[0m	[0m00:11:21 left[0m	
[0m.:. Batch 64769 to 64896 on 72328 images[0m	
[0m: 91% done[0m	[0m00:07:16 left[0m	
[0m.:. Batch 68353 to 68480 on 72328 images[0m	
[0m: 96% done[0m	[0m00:03:21 left[0m	
[0m.:. Batch 72065 to 72192 on 72328 images[0m	
[0m.:. End of Epoch n° 4[0m	
[0m: Real time to learn 1 batch = 00:00:08[0m	
[0m: Real time to learn full batch = 01:18:48[0m	
[0m# Confusion Matrix[0m	
[0m: average row correct: 7.6416234360169%[0m	
[0m: average rowUcol correct (VOC measure): 3.4361337792211%[0m	
[0m: > global correct: 7.662316115474%[0m	
[0m
# ... test model[0m	
[0m: 0% done [0m	[0m00:24:58 left[0m	
[0m: 5% done [0m	[0m00:06:48 left[0m	
[0m: 10% done [0m	[0m00:06:39 left[0m	
[0m: 15% done [0m	[0m00:06:21 left[0m	
[0m: 20% done [0m	[0m00:06:01 left[0m	
[0m: 25% done [0m	[0m00:05:40 left[0m	
[0m: 30% done [0m	[0m00:05:19 left[0m	
[0m: 35% done [0m	[0m00:04:57 left[0m	
[0m: 40% done [0m	[0m00:04:35 left[0m	
[0m: 45% done [0m	[0m00:04:12 left[0m	
[0m: 50% done [0m	[0m00:03:51 left[0m	
[0m: 55% done [0m	[0m00:03:28 left[0m	
[0m: 60% done [0m	[0m00:03:05 left[0m	
[0m: 65% done [0m	[0m00:02:42 left[0m	
[0m: 70% done [0m	[0m00:02:19 left[0m	
[0m: 75% done [0m	[0m00:01:56 left[0m	
[0m: 80% done [0m	[0m00:01:33 left[0m	
[0m: 85% done [0m	[0m00:01:10 left[0m	
[0m: 90% done [0m	[0m00:00:47 left[0m	
[0m: 95% done [0m	[0m00:00:25 left[0m	
[0m: 100% done [0m	[0m00:00:02 left[0m	
[0m: Time to test all samples = 00:07:37[0m	
[0m# Confusion Matrix[0m	
[0m: average row correct: 10.696096073301%[0m	
[0m: average rowUcol correct (VOC measure): 4.3963031566674%[0m	
[0m: > global correct: 10.690091975547%[0m	
[0m# ... saving model to ./sk6-2/model.net[0m	
[0m: tac = 22.871138095856 sec[0m	
[0m# ... saving optimfunc.state to ./sk6-2/optim.state[0m	
[0m: tac = 43.799874067307 sec[0m	
[0m# ... saving optimfunc.method to ./sk6-2/optim.method[0m	
[0m: tac = 43.856802940369 sec[0m	
[0m
#####################[0m	
[0m# Epoch n° 5[0m	
[0m
# ... train model[0m	
[0m.:. Batch 1 to 128 on 72328 images[0m	
[0m: 1% done[0m	[0m01:17:08 left[0m	
[0m.:. Batch 3201 to 3328 on 72328 images[0m	
[0m: 6% done[0m	[0m01:10:47 left[0m	
[0m.:. Batch 6785 to 6912 on 72328 images[0m	
[0m: 11% done[0m	[0m01:07:33 left[0m	
[0m.:. Batch 10497 to 10624 on 72328 images[0m	
[0m: 16% done[0m	[0m01:04:08 left[0m	
[0m.:. Batch 14081 to 14208 on 72328 images[0m	
[0m: 21% done[0m	[0m01:00:23 left[0m	
[0m.:. Batch 17665 to 17792 on 72328 images[0m	
[0m: 26% done[0m	[0m00:56:36 left[0m	
[0m.:. Batch 21249 to 21376 on 72328 images[0m	
[0m: 31% done[0m	[0m00:52:58 left[0m	
[0m.:. Batch 24961 to 25088 on 72328 images[0m	
[0m: 36% done[0m	[0m00:49:09 left[0m	
[0m.:. Batch 28545 to 28672 on 72328 images[0m	
[0m: 41% done[0m	[0m00:45:22 left[0m	
[0m.:. Batch 32129 to 32256 on 72328 images[0m	
[0m: 46% done[0m	[0m00:41:34 left[0m	
[0m.:. Batch 35841 to 35968 on 72328 images[0m	
[0m: 51% done[0m	[0m00:37:55 left[0m	
[0m.:. Batch 39425 to 39552 on 72328 images[0m	
[0m: 56% done[0m	[0m00:34:07 left[0m	
[0m.:. Batch 43009 to 43136 on 72328 images[0m	
[0m: 61% done[0m	[0m00:30:18 left[0m	
[0m.:. Batch 46721 to 46848 on 72328 images[0m	
[0m: 66% done[0m	[0m00:26:29 left[0m	
[0m.:. Batch 50305 to 50432 on 72328 images[0m	
[0m: 71% done[0m	[0m00:22:30 left[0m	
[0m.:. Batch 53889 to 54016 on 72328 images[0m	
[0m: 76% done[0m	[0m00:18:43 left[0m	
[0m.:. Batch 57473 to 57600 on 72328 images[0m	
[0m: 81% done[0m	[0m00:14:55 left[0m	
[0m.:. Batch 61185 to 61312 on 72328 images[0m	
[0m: 86% done[0m	[0m00:11:05 left[0m	
[0m.:. Batch 64769 to 64896 on 72328 images[0m	
[0m: 91% done[0m	[0m00:07:07 left[0m	
[0m.:. Batch 68353 to 68480 on 72328 images[0m	
[0m: 96% done[0m	[0m00:03:17 left[0m	
[0m.:. Batch 72065 to 72192 on 72328 images[0m	
[0m.:. End of Epoch n° 5[0m	
[0m: Real time to learn 1 batch = 00:00:08[0m	
[0m: Real time to learn full batch = 01:17:12[0m	
[0m# Confusion Matrix[0m	
[0m: average row correct: 9.2060518407235%[0m	
[0m: average rowUcol correct (VOC measure): 4.2549719434637%[0m	
[0m: > global correct: 9.2260258820927%[0m	
[0m
# ... test model[0m	
[0m: 0% done [0m	[0m00:24:52 left[0m	
[0m: 5% done [0m	[0m00:06:48 left[0m	
[0m: 10% done [0m	[0m00:06:37 left[0m	
[0m: 15% done [0m	[0m00:06:21 left[0m	
[0m: 20% done [0m	[0m00:06:00 left[0m	
[0m: 25% done [0m	[0m00:05:40 left[0m	
[0m: 30% done [0m	[0m00:05:19 left[0m	
[0m: 35% done [0m	[0m00:04:56 left[0m	
[0m: 40% done [0m	[0m00:04:33 left[0m	
[0m: 45% done [0m	[0m00:04:11 left[0m	
[0m: 50% done [0m	[0m00:03:48 left[0m	
[0m: 55% done [0m	[0m00:03:26 left[0m	
[0m: 60% done [0m	[0m00:03:03 left[0m	
[0m: 65% done [0m	[0m00:02:41 left[0m	
[0m: 70% done [0m	[0m00:02:18 left[0m	
[0m: 75% done [0m	[0m00:01:56 left[0m	
[0m: 80% done [0m	[0m00:01:33 left[0m	
[0m: 85% done [0m	[0m00:01:10 left[0m	
[0m: 90% done [0m	[0m00:00:48 left[0m	
[0m: 95% done [0m	[0m00:00:25 left[0m	
[0m: 100% done [0m	[0m00:00:02 left[0m	
[0m: Time to test all samples = 00:07:39[0m	
[0m# Confusion Matrix[0m	
[0m: average row correct: 13.299074546794%[0m	
[0m: average rowUcol correct (VOC measure): 5.4993714763792%[0m	
[0m: > global correct: 13.295147876852%[0m	
[0m# ... saving model to ./sk6-2/model.net[0m	
[0m: tac = 22.380259037018 sec[0m	
[0m# ... saving optimfunc.state to ./sk6-2/optim.state[0m	
[0m: tac = 43.176882982254 sec[0m	
[0m# ... saving optimfunc.method to ./sk6-2/optim.method[0m	
[0m: tac = 43.225979089737 sec[0m	
[0m
#####################[0m	
[0m# Epoch n° 6[0m	
[0m
# ... train model[0m	
[0m.:. Batch 1 to 128 on 72328 images[0m	
[0m: 1% done[0m	[0m01:16:30 left[0m	
[0m.:. Batch 3201 to 3328 on 72328 images[0m	
[0m: 6% done[0m	[0m01:11:04 left[0m	
[0m.:. Batch 6785 to 6912 on 72328 images[0m	
[0m: 11% done[0m	[0m01:07:55 left[0m	
[0m.:. Batch 10497 to 10624 on 72328 images[0m	
[0m: 16% done[0m	[0m01:04:21 left[0m	
[0m.:. Batch 14081 to 14208 on 72328 images[0m	
[0m: 21% done[0m	[0m01:00:53 left[0m	
[0m.:. Batch 17665 to 17792 on 72328 images[0m	
[0m: 26% done[0m	[0m00:57:02 left[0m	
[0m.:. Batch 21249 to 21376 on 72328 images[0m	
[0m: 31% done[0m	[0m00:53:11 left[0m	
[0m.:. Batch 24961 to 25088 on 72328 images[0m	
[0m: 36% done[0m	[0m00:49:23 left[0m	
[0m.:. Batch 28545 to 28672 on 72328 images[0m	
[0m: 41% done[0m	[0m00:45:32 left[0m	
[0m.:. Batch 32129 to 32256 on 72328 images[0m	
[0m: 46% done[0m	[0m00:41:48 left[0m	
[0m.:. Batch 35841 to 35968 on 72328 images[0m	
[0m: 51% done[0m	[0m00:38:06 left[0m	
[0m.:. Batch 39425 to 39552 on 72328 images[0m	
[0m: 56% done[0m	[0m00:34:13 left[0m	
[0m.:. Batch 43009 to 43136 on 72328 images[0m	
[0m: 61% done[0m	[0m00:30:22 left[0m	
[0m.:. Batch 46721 to 46848 on 72328 images[0m	
[0m: 66% done[0m	[0m00:26:32 left[0m	
[0m.:. Batch 50305 to 50432 on 72328 images[0m	
[0m: 71% done[0m	[0m00:22:34 left[0m	
[0m.:. Batch 53889 to 54016 on 72328 images[0m	
[0m: 76% done[0m	[0m00:18:46 left[0m	
[0m.:. Batch 57473 to 57600 on 72328 images[0m	
[0m: 81% done[0m	[0m00:15:00 left[0m	
[0m.:. Batch 61185 to 61312 on 72328 images[0m	
[0m: 86% done[0m	[0m00:11:08 left[0m	
[0m.:. Batch 64769 to 64896 on 72328 images[0m	
[0m: 91% done[0m	[0m00:07:09 left[0m	
[0m.:. Batch 68353 to 68480 on 72328 images[0m	
[0m: 96% done[0m	[0m00:03:18 left[0m	
[0m.:. Batch 72065 to 72192 on 72328 images[0m	
[0m.:. End of Epoch n° 6[0m	
[0m: Real time to learn 1 batch = 00:00:08[0m	
[0m: Real time to learn full batch = 01:17:36[0m	
[0m# Confusion Matrix[0m	
[0m: average row correct: 11.209542211145%[0m	
[0m: average rowUcol correct (VOC measure): 5.3749255181318%[0m	
[0m: > global correct: 11.233547173985%[0m	
[0m
# ... test model[0m	
[0m: 0% done [0m	[0m00:24:52 left[0m	
[0m: 5% done [0m	[0m00:06:51 left[0m	
[0m: 10% done [0m	[0m00:06:40 left[0m	
[0m: 15% done [0m	[0m00:06:20 left[0m	
[0m: 20% done [0m	[0m00:06:01 left[0m	
[0m: 25% done [0m	[0m00:05:41 left[0m	
[0m: 30% done [0m	[0m00:05:19 left[0m	
[0m: 35% done [0m	[0m00:04:57 left[0m	
[0m: 40% done [0m	[0m00:04:34 left[0m	
[0m: 45% done [0m	[0m00:04:12 left[0m	
[0m: 50% done [0m	[0m00:03:49 left[0m	
[0m: 55% done [0m	[0m00:03:26 left[0m	
[0m: 60% done [0m	[0m00:03:04 left[0m	
[0m: 65% done [0m	[0m00:02:41 left[0m	
[0m: 70% done [0m	[0m00:02:18 left[0m	
[0m: 75% done [0m	[0m00:01:56 left[0m	
[0m: 80% done [0m	[0m00:01:33 left[0m	
[0m: 85% done [0m	[0m00:01:10 left[0m	
[0m: 90% done [0m	[0m00:00:47 left[0m	
[0m: 95% done [0m	[0m00:00:24 left[0m	
[0m: 100% done [0m	[0m00:00:02 left[0m	
[0m: Time to test all samples = 00:07:36[0m	
[0m# Confusion Matrix[0m	
[0m: average row correct: 13.075332889924%[0m	
[0m: average rowUcol correct (VOC measure): 5.8223038764283%[0m	
[0m: > global correct: 13.080354684144%[0m	
[0m# ... saving model to ./sk6-2/model.net[0m	
[0m: tac = 23.019420862198 sec[0m	
[0m# ... saving optimfunc.state to ./sk6-2/optim.state[0m	
[0m: tac = 44.053020000458 sec[0m	
[0m# ... saving optimfunc.method to ./sk6-2/optim.method[0m	
[0m: tac = 44.093487977982 sec[0m	
[0m
#####################[0m	
[0m# Epoch n° 7[0m	
[0m
# ... train model[0m	
[0m.:. Batch 1 to 128 on 72328 images[0m	
[0m: 1% done[0m	[0m01:18:28 left[0m	
[0m.:. Batch 3201 to 3328 on 72328 images[0m	
[0m: 6% done[0m	[0m01:14:22 left[0m	
[0m.:. Batch 6785 to 6912 on 72328 images[0m	
[0m: 11% done[0m	[0m01:09:26 left[0m	
[0m.:. Batch 10497 to 10624 on 72328 images[0m	
[0m: 16% done[0m	[0m01:05:15 left[0m	
[0m.:. Batch 14081 to 14208 on 72328 images[0m	
[0m: 21% done[0m	[0m01:01:05 left[0m	
[0m.:. Batch 17665 to 17792 on 72328 images[0m	
[0m: 26% done[0m	[0m00:57:25 left[0m	
[0m.:. Batch 21249 to 21376 on 72328 images[0m	
[0m: 31% done[0m	[0m00:53:24 left[0m	
[0m.:. Batch 24961 to 25088 on 72328 images[0m	
[0m: 36% done[0m	[0m00:49:32 left[0m	
[0m.:. Batch 28545 to 28672 on 72328 images[0m	
[0m: 41% done[0m	[0m00:45:31 left[0m	
[0m.:. Batch 32129 to 32256 on 72328 images[0m	
[0m: 46% done[0m	[0m00:41:53 left[0m	
[0m.:. Batch 35841 to 35968 on 72328 images[0m	
[0m: 51% done[0m	[0m00:38:10 left[0m	
[0m.:. Batch 39425 to 39552 on 72328 images[0m	
[0m: 56% done[0m	[0m00:34:14 left[0m	
[0m.:. Batch 43009 to 43136 on 72328 images[0m	
[0m: 61% done[0m	[0m00:30:21 left[0m	
[0m.:. Batch 46721 to 46848 on 72328 images[0m	
[0m: 66% done[0m	[0m00:26:30 left[0m	
[0m.:. Batch 50305 to 50432 on 72328 images[0m	
[0m: 71% done[0m	[0m00:22:34 left[0m	
[0m.:. Batch 53889 to 54016 on 72328 images[0m	
[0m: 76% done[0m	[0m00:18:44 left[0m	
[0m.:. Batch 57473 to 57600 on 72328 images[0m	
[0m: 81% done[0m	[0m00:14:57 left[0m	
[0m.:. Batch 61185 to 61312 on 72328 images[0m	
[0m: 86% done[0m	[0m00:11:07 left[0m	
[0m.:. Batch 64769 to 64896 on 72328 images[0m	
[0m: 91% done[0m	[0m00:07:08 left[0m	
[0m.:. Batch 68353 to 68480 on 72328 images[0m	
[0m: 96% done[0m	[0m00:03:18 left[0m	
[0m.:. Batch 72065 to 72192 on 72328 images[0m	
[0m.:. End of Epoch n° 7[0m	
[0m: Real time to learn 1 batch = 00:00:08[0m	
[0m: Real time to learn full batch = 01:17:34[0m	
[0m# Confusion Matrix[0m	
[0m: average row correct: 12.7859158257%[0m	
[0m: average rowUcol correct (VOC measure): 6.2753857611356%[0m	
[0m: > global correct: 12.804169892711%[0m	
[0m
# ... test model[0m	
[0m: 0% done [0m	[0m00:25:20 left[0m	
[0m: 5% done [0m	[0m00:06:41 left[0m	
[0m: 10% done [0m	[0m00:06:31 left[0m	
[0m: 15% done [0m	[0m00:06:12 left[0m	
[0m: 20% done [0m	[0m00:05:52 left[0m	
[0m: 25% done [0m	[0m00:05:33 left[0m	
[0m: 30% done [0m	[0m00:05:12 left[0m	
[0m: 35% done [0m	[0m00:04:49 left[0m	
[0m: 40% done [0m	[0m00:04:27 left[0m	
[0m: 45% done [0m	[0m00:04:06 left[0m	
[0m: 50% done [0m	[0m00:03:43 left[0m	
[0m: 55% done [0m	[0m00:03:21 left[0m	
[0m: 60% done [0m	[0m00:02:59 left[0m	
[0m: 65% done [0m	[0m00:02:37 left[0m	
[0m: 70% done [0m	[0m00:02:15 left[0m	
[0m: 75% done [0m	[0m00:01:53 left[0m	
[0m: 80% done [0m	[0m00:01:30 left[0m	
[0m: 85% done [0m	[0m00:01:08 left[0m	
[0m: 90% done [0m	[0m00:00:46 left[0m	
[0m: 95% done [0m	[0m00:00:24 left[0m	
[0m: 100% done [0m	[0m00:00:02 left[0m	
[0m: Time to test all samples = 00:07:25[0m	
[0m# Confusion Matrix[0m	
[0m: average row correct: 12.110744886524%[0m	
[0m: average rowUcol correct (VOC measure): 5.3255928846279%[0m	
[0m: > global correct: 12.111031558077%[0m	
[0m# ... saving model to ./sk6-2/model.net[0m	
[0m: tac = 22.403460979462 sec[0m	
[0m# ... saving optimfunc.state to ./sk6-2/optim.state[0m	
[0m: tac = 43.218664884567 sec[0m	
[0m# ... saving optimfunc.method to ./sk6-2/optim.method[0m	
[0m: tac = 43.262095928192 sec[0m	
[0m
#####################[0m	
[0m# Epoch n° 8[0m	
[0m
# ... train model[0m	
[0m.:. Batch 1 to 128 on 72328 images[0m	
[0m: 1% done[0m	[0m01:14:36 left[0m	
[0m.:. Batch 3201 to 3328 on 72328 images[0m	
[0m: 6% done[0m	[0m01:10:21 left[0m	
[0m.:. Batch 6785 to 6912 on 72328 images[0m	
[0m: 11% done[0m	[0m01:06:45 left[0m	
[0m.:. Batch 10497 to 10624 on 72328 images[0m	
[0m: 16% done[0m	[0m01:03:59 left[0m	
[0m.:. Batch 14081 to 14208 on 72328 images[0m	
[0m: 21% done[0m	[0m01:00:26 left[0m	
[0m.:. Batch 17665 to 17792 on 72328 images[0m	
[0m: 26% done[0m	[0m00:56:55 left[0m	
[0m.:. Batch 21249 to 21376 on 72328 images[0m	
[0m: 31% done[0m	[0m00:53:13 left[0m	
[0m.:. Batch 24961 to 25088 on 72328 images[0m	
[0m: 36% done[0m	[0m00:49:31 left[0m	
[0m.:. Batch 28545 to 28672 on 72328 images[0m	
[0m: 41% done[0m	[0m00:45:38 left[0m	
[0m.:. Batch 32129 to 32256 on 72328 images[0m	
[0m: 46% done[0m	[0m00:41:51 left[0m	
[0m.:. Batch 35841 to 35968 on 72328 images[0m	
[0m: 51% done[0m	[0m00:38:11 left[0m	
[0m.:. Batch 39425 to 39552 on 72328 images[0m	
[0m: 56% done[0m	[0m00:34:15 left[0m	
[0m.:. Batch 43009 to 43136 on 72328 images[0m	
[0m: 61% done[0m	[0m00:30:26 left[0m	
[0m.:. Batch 46721 to 46848 on 72328 images[0m	
[0m: 66% done[0m	[0m00:26:36 left[0m	
[0m.:. Batch 50305 to 50432 on 72328 images[0m	
[0m: 71% done[0m	[0m00:22:38 left[0m	
[0m.:. Batch 53889 to 54016 on 72328 images[0m	
[0m: 76% done[0m	[0m00:18:48 left[0m	
[0m.:. Batch 57473 to 57600 on 72328 images[0m	
[0m: 81% done[0m	[0m00:15:00 left[0m	
[0m.:. Batch 61185 to 61312 on 72328 images[0m	
[0m: 86% done[0m	[0m00:11:08 left[0m	
[0m.:. Batch 64769 to 64896 on 72328 images[0m	
[0m: 91% done[0m	[0m00:07:09 left[0m	
[0m.:. Batch 68353 to 68480 on 72328 images[0m	
[0m: 96% done[0m	[0m00:03:18 left[0m	
[0m.:. Batch 72065 to 72192 on 72328 images[0m	
[0m.:. End of Epoch n° 8[0m	
[0m: Real time to learn 1 batch = 00:00:08[0m	
[0m: Real time to learn full batch = 01:17:45[0m	
[0m# Confusion Matrix[0m	
[0m: average row correct: 14.854421641788%[0m	
[0m: average rowUcol correct (VOC measure): 7.4480562765926%[0m	
[0m: > global correct: 14.879438115253%[0m	
[0m
# ... test model[0m	
[0m: 0% done [0m	[0m00:25:24 left[0m	
[0m: 5% done [0m	[0m00:06:40 left[0m	
[0m: 10% done [0m	[0m00:06:29 left[0m	
[0m: 15% done [0m	[0m00:06:12 left[0m	
[0m: 20% done [0m	[0m00:05:53 left[0m	
[0m: 25% done [0m	[0m00:05:32 left[0m	
[0m: 30% done [0m	[0m00:05:11 left[0m	
[0m: 35% done [0m	[0m00:04:49 left[0m	
[0m: 40% done [0m	[0m00:04:27 left[0m	
[0m: 45% done [0m	[0m00:04:05 left[0m	
[0m: 50% done [0m	[0m00:03:43 left[0m	
[0m: 55% done [0m	[0m00:03:21 left[0m	
[0m: 60% done [0m	[0m00:02:59 left[0m	
[0m: 65% done [0m	[0m00:02:37 left[0m	
[0m: 70% done [0m	[0m00:02:15 left[0m	
[0m: 75% done [0m	[0m00:01:52 left[0m	
[0m: 80% done [0m	[0m00:01:30 left[0m	
[0m: 85% done [0m	[0m00:01:08 left[0m	
[0m: 90% done [0m	[0m00:00:46 left[0m	
[0m: 95% done [0m	[0m00:00:24 left[0m	
[0m: 100% done [0m	[0m00:00:02 left[0m	
[0m: Time to test all samples = 00:07:24[0m	
[0m# Confusion Matrix[0m	
[0m: average row correct: 14.942087792782%[0m	
[0m: average rowUcol correct (VOC measure): 6.9662810003588%[0m	
[0m: > global correct: 14.941895687614%[0m	
[0m# ... saving model to ./sk6-2/model.net[0m	
[0m: tac = 22.590977907181 sec[0m	
[0m# ... saving optimfunc.state to ./sk6-2/optim.state[0m	
[0m: tac = 44.181037902832 sec[0m	
[0m# ... saving optimfunc.method to ./sk6-2/optim.method[0m	
[0m: tac = 44.224143981934 sec[0m	
[0m
#####################[0m	
[0m# Epoch n° 9[0m	
[0m
# ... train model[0m	
[0m.:. Batch 1 to 128 on 72328 images[0m	
[0m: 1% done[0m	[0m01:14:03 left[0m	
[0m.:. Batch 3201 to 3328 on 72328 images[0m	
[0m: 6% done[0m	[0m01:10:16 left[0m	
[0m.:. Batch 6785 to 6912 on 72328 images[0m	
[0m: 11% done[0m	[0m01:06:39 left[0m	
[0m.:. Batch 10497 to 10624 on 72328 images[0m	
[0m: 16% done[0m	[0m01:03:54 left[0m	
[0m.:. Batch 14081 to 14208 on 72328 images[0m	
[0m: 21% done[0m	[0m01:00:23 left[0m	
[0m.:. Batch 17665 to 17792 on 72328 images[0m	
[0m: 26% done[0m	[0m00:56:51 left[0m	
[0m.:. Batch 21249 to 21376 on 72328 images[0m	
[0m: 31% done[0m	[0m00:53:15 left[0m	
[0m.:. Batch 24961 to 25088 on 72328 images[0m	
[0m: 36% done[0m	[0m00:49:30 left[0m	
[0m.:. Batch 28545 to 28672 on 72328 images[0m	
[0m: 41% done[0m	[0m00:45:37 left[0m	
[0m.:. Batch 32129 to 32256 on 72328 images[0m	
[0m: 46% done[0m	[0m00:41:50 left[0m	
[0m.:. Batch 35841 to 35968 on 72328 images[0m	
[0m: 51% done[0m	[0m00:38:10 left[0m	
[0m.:. Batch 39425 to 39552 on 72328 images[0m	
[0m: 56% done[0m	[0m00:34:14 left[0m	
[0m.:. Batch 43009 to 43136 on 72328 images[0m	
[0m: 61% done[0m	[0m00:30:25 left[0m	
[0m.:. Batch 46721 to 46848 on 72328 images[0m	
[0m: 66% done[0m	[0m00:26:35 left[0m	
[0m.:. Batch 50305 to 50432 on 72328 images[0m	
[0m: 71% done[0m	[0m00:22:36 left[0m	
[0m.:. Batch 53889 to 54016 on 72328 images[0m	
[0m: 76% done[0m	[0m00:18:44 left[0m	
[0m.:. Batch 57473 to 57600 on 72328 images[0m	
[0m: 81% done[0m	[0m00:14:56 left[0m	
[0m.:. Batch 61185 to 61312 on 72328 images[0m	
[0m: 86% done[0m	[0m00:11:06 left[0m	
[0m.:. Batch 64769 to 64896 on 72328 images[0m	
[0m: 91% done[0m	[0m00:07:08 left[0m	
[0m.:. Batch 68353 to 68480 on 72328 images[0m	
[0m: 96% done[0m	[0m00:03:18 left[0m	
[0m.:. Batch 72065 to 72192 on 72328 images[0m	
[0m.:. End of Epoch n° 9[0m	
[0m: Real time to learn 1 batch = 00:00:08[0m	
[0m: Real time to learn full batch = 01:17:34[0m	
[0m# Confusion Matrix[0m	
[0m: average row correct: 16.753652269519%[0m	
[0m: average rowUcol correct (VOC measure): 8.600308469469%[0m	
[0m: > global correct: 16.773586992589%[0m	
[0m
# ... test model[0m	
[0m: 0% done [0m	[0m00:25:34 left[0m	
[0m: 5% done [0m	[0m00:06:40 left[0m	
[0m: 10% done [0m	[0m00:06:30 left[0m	
[0m: 15% done [0m	[0m00:06:12 left[0m	
[0m: 20% done [0m	[0m00:05:53 left[0m	
[0m: 25% done [0m	[0m00:05:32 left[0m	
[0m: 30% done [0m	[0m00:05:11 left[0m	
[0m: 35% done [0m	[0m00:04:49 left[0m	
[0m: 40% done [0m	[0m00:04:27 left[0m	
[0m: 45% done [0m	[0m00:04:05 left[0m	
[0m: 50% done [0m	[0m00:03:43 left[0m	
[0m: 55% done [0m	[0m00:03:21 left[0m	
[0m: 60% done [0m	[0m00:02:59 left[0m	
[0m: 65% done [0m	[0m00:02:37 left[0m	
[0m: 70% done [0m	[0m00:02:15 left[0m	
[0m: 75% done [0m	[0m00:01:53 left[0m	
[0m: 80% done [0m	[0m00:01:30 left[0m	
[0m: 85% done [0m	[0m00:01:08 left[0m	
[0m: 90% done [0m	[0m00:00:46 left[0m	
[0m: 95% done [0m	[0m00:00:24 left[0m	
[0m: 100% done [0m	[0m00:00:02 left[0m	
[0m: Time to test all samples = 00:07:24[0m	
[0m# Confusion Matrix[0m	
[0m: average row correct: 18.933084222608%[0m	
[0m: average rowUcol correct (VOC measure): 9.380758904142%[0m	
[0m: > global correct: 18.90730847607%[0m	
[0m# ... saving model to ./sk6-2/model.net[0m	
[0m: tac = 22.456680059433 sec[0m	
[0m# ... saving optimfunc.state to ./sk6-2/optim.state[0m	
[0m: tac = 43.361116170883 sec[0m	
[0m# ... saving optimfunc.method to ./sk6-2/optim.method[0m	
[0m: tac = 43.401216983795 sec[0m	
[0m
#####################[0m	
[0m# Epoch n° 10[0m	
[0m
# ... train model[0m	
[0m.:. Batch 1 to 128 on 72328 images[0m	
[0m: 1% done[0m	[0m01:14:49 left[0m	
[0m.:. Batch 3201 to 3328 on 72328 images[0m	
[0m: 6% done[0m	[0m01:10:19 left[0m	
[0m.:. Batch 6785 to 6912 on 72328 images[0m	
[0m: 11% done[0m	[0m01:06:43 left[0m	
[0m.:. Batch 10497 to 10624 on 72328 images[0m	
[0m: 16% done[0m	[0m01:03:59 left[0m	
[0m.:. Batch 14081 to 14208 on 72328 images[0m	
[0m: 21% done[0m	[0m01:00:27 left[0m	
[0m.:. Batch 17665 to 17792 on 72328 images[0m	
[0m: 26% done[0m	[0m00:56:54 left[0m	
[0m.:. Batch 21249 to 21376 on 72328 images[0m	
[0m: 31% done[0m	[0m00:53:12 left[0m	
[0m.:. Batch 24961 to 25088 on 72328 images[0m	
[0m: 36% done[0m	[0m00:49:28 left[0m	
[0m.:. Batch 28545 to 28672 on 72328 images[0m	
[0m: 41% done[0m	[0m00:45:35 left[0m	
[0m.:. Batch 32129 to 32256 on 72328 images[0m	
[0m: 46% done[0m	[0m00:41:49 left[0m	
[0m.:. Batch 35841 to 35968 on 72328 images[0m	
[0m: 51% done[0m	[0m00:38:09 left[0m	
[0m.:. Batch 39425 to 39552 on 72328 images[0m	
[0m: 56% done[0m	[0m00:34:13 left[0m	
[0m.:. Batch 43009 to 43136 on 72328 images[0m	
[0m: 61% done[0m	[0m00:30:24 left[0m	
[0m.:. Batch 46721 to 46848 on 72328 images[0m	
[0m: 66% done[0m	[0m00:26:34 left[0m	
[0m.:. Batch 50305 to 50432 on 72328 images[0m	
[0m: 71% done[0m	[0m00:22:37 left[0m	
[0m.:. Batch 53889 to 54016 on 72328 images[0m	
[0m: 76% done[0m	[0m00:18:45 left[0m	
[0m.:. Batch 57473 to 57600 on 72328 images[0m	
[0m: 81% done[0m	[0m00:14:57 left[0m	
[0m.:. Batch 61185 to 61312 on 72328 images[0m	
[0m: 86% done[0m	[0m00:11:05 left[0m	
[0m.:. Batch 64769 to 64896 on 72328 images[0m	
[0m: 91% done[0m	[0m00:07:06 left[0m	
[0m.:. Batch 68353 to 68480 on 72328 images[0m	
[0m: 96% done[0m	[0m00:03:17 left[0m	
[0m.:. Batch 72065 to 72192 on 72328 images[0m	
[0m.:. End of Epoch n° 10[0m	
[0m: Real time to learn 1 batch = 00:00:08[0m	
[0m: Real time to learn full batch = 01:17:09[0m	
[0m# Confusion Matrix[0m	
[0m: average row correct: 18.509941648618%[0m	
[0m: average rowUcol correct (VOC measure): 9.6965510564128%[0m	
[0m: > global correct: 18.522563875677%[0m	
[0m
# ... test model[0m	
[0m: 0% done [0m	[0m00:25:10 left[0m	
[0m: 5% done [0m	[0m00:06:44 left[0m	
[0m: 10% done [0m	[0m00:06:35 left[0m	
[0m: 15% done [0m	[0m00:06:17 left[0m	
[0m: 20% done [0m	[0m00:05:56 left[0m	
[0m: 25% done [0m	[0m00:05:35 left[0m	
[0m: 30% done [0m	[0m00:05:13 left[0m	
[0m: 35% done [0m	[0m00:04:51 left[0m	
[0m: 40% done [0m	[0m00:04:29 left[0m	
[0m: 45% done [0m	[0m00:04:07 left[0m	
[0m: 50% done [0m	[0m00:03:45 left[0m	
[0m: 55% done [0m	[0m00:03:23 left[0m	
[0m: 60% done [0m	[0m00:03:01 left[0m	
[0m: 65% done [0m	[0m00:02:38 left[0m	
[0m: 70% done [0m	[0m00:02:16 left[0m	
[0m: 75% done [0m	[0m00:01:54 left[0m	
[0m: 80% done [0m	[0m00:01:31 left[0m	
[0m: 85% done [0m	[0m00:01:09 left[0m	
[0m: 90% done [0m	[0m00:00:46 left[0m	
[0m: 95% done [0m	[0m00:00:24 left[0m	
[0m: 100% done [0m	[0m00:00:02 left[0m	
[0m: Time to test all samples = 00:07:28[0m	
[0m# Confusion Matrix[0m	
[0m: average row correct: 18.314862765814%[0m	
[0m: average rowUcol correct (VOC measure): 8.9147417893689%[0m	
[0m: > global correct: 18.295974004516%[0m	
[0m# ... saving model to ./sk6-2/model.net[0m	
[0m: tac = 22.666049003601 sec[0m	
[0m# ... saving optimfunc.state to ./sk6-2/optim.state[0m	
[0m: tac = 44.070511817932 sec[0m	
[0m# ... saving optimfunc.method to ./sk6-2/optim.method[0m	
[0m: tac = 44.12847495079 sec[0m	
[0m
#####################[0m	
[0m# Epoch n° 11[0m	
[0m
# ... train model[0m	
[0m.:. Batch 1 to 128 on 72328 images[0m	
[0m: 1% done[0m	[0m01:16:43 left[0m	
[0m.:. Batch 3201 to 3328 on 72328 images[0m	
[0m: 6% done[0m	[0m01:10:42 left[0m	
[0m.:. Batch 6785 to 6912 on 72328 images[0m	
[0m: 11% done[0m	[0m01:06:58 left[0m	
[0m.:. Batch 10497 to 10624 on 72328 images[0m	
[0m: 16% done[0m	[0m01:04:15 left[0m	
[0m.:. Batch 14081 to 14208 on 72328 images[0m	
[0m: 21% done[0m	[0m01:00:38 left[0m	
[0m.:. Batch 17665 to 17792 on 72328 images[0m	
[0m: 26% done[0m	[0m00:57:04 left[0m	
[0m.:. Batch 21249 to 21376 on 72328 images[0m	
[0m: 31% done[0m	[0m00:53:22 left[0m	
[0m.:. Batch 24961 to 25088 on 72328 images[0m	
[0m: 36% done[0m	[0m00:49:42 left[0m	
[0m.:. Batch 28545 to 28672 on 72328 images[0m	
[0m: 41% done[0m	[0m00:45:46 left[0m	
[0m.:. Batch 32129 to 32256 on 72328 images[0m	
[0m: 46% done[0m	[0m00:41:57 left[0m	
[0m.:. Batch 35841 to 35968 on 72328 images[0m	
[0m: 51% done[0m	[0m00:38:26 left[0m	
[0m.:. Batch 39425 to 39552 on 72328 images[0m	
[0m: 56% done[0m	[0m00:34:27 left[0m	
[0m.:. Batch 43009 to 43136 on 72328 images[0m	
[0m: 61% done[0m	[0m00:30:35 left[0m	
[0m.:. Batch 46721 to 46848 on 72328 images[0m	
[0m: 66% done[0m	[0m00:26:45 left[0m	
[0m.:. Batch 50305 to 50432 on 72328 images[0m	
[0m: 71% done[0m	[0m00:22:44 left[0m	
[0m.:. Batch 53889 to 54016 on 72328 images[0m	
[0m: 76% done[0m	[0m00:18:50 left[0m	
[0m.:. Batch 57473 to 57600 on 72328 images[0m	
[0m: 81% done[0m	[0m00:15:02 left[0m	
[0m.:. Batch 61185 to 61312 on 72328 images[0m	
[0m: 86% done[0m	[0m00:11:10 left[0m	
[0m.:. Batch 64769 to 64896 on 72328 images[0m	
[0m: 91% done[0m	[0m00:07:10 left[0m	
[0m.:. Batch 68353 to 68480 on 72328 images[0m	
[0m: 96% done[0m	[0m00:03:19 left[0m	
[0m.:. Batch 72065 to 72192 on 72328 images[0m	
[0m.:. End of Epoch n° 11[0m	
[0m: Real time to learn 1 batch = 00:00:08[0m	
[0m: Real time to learn full batch = 01:17:59[0m	
[0m# Confusion Matrix[0m	
[0m: average row correct: 21.026362847574%[0m	
[0m: average rowUcol correct (VOC measure): 11.288059666052%[0m	
[0m: > global correct: 21.0485565756%[0m	
[0m
# ... test model[0m	
[0m: 0% done [0m	[0m00:25:26 left[0m	
[0m: 5% done [0m	[0m00:06:39 left[0m	
[0m: 10% done [0m	[0m00:06:30 left[0m	
[0m: 15% done [0m	[0m00:06:12 left[0m	
[0m: 20% done [0m	[0m00:05:53 left[0m	
[0m: 25% done [0m	[0m00:05:33 left[0m	
[0m: 30% done [0m	[0m00:05:12 left[0m	
[0m: 35% done [0m	[0m00:04:50 left[0m	
[0m: 40% done [0m	[0m00:04:28 left[0m	
[0m: 45% done [0m	[0m00:04:07 left[0m	
[0m: 50% done [0m	[0m00:03:45 left[0m	
[0m: 55% done [0m	[0m00:03:23 left[0m	
[0m: 60% done [0m	[0m00:03:01 left[0m	
[0m: 65% done [0m	[0m00:02:38 left[0m	
[0m: 70% done [0m	[0m00:02:16 left[0m	
[0m: 75% done [0m	[0m00:01:54 left[0m	
[0m: 80% done [0m	[0m00:01:31 left[0m	
[0m: 85% done [0m	[0m00:01:09 left[0m	
[0m: 90% done [0m	[0m00:00:47 left[0m	
[0m: 95% done [0m	[0m00:00:24 left[0m	
[0m: 100% done [0m	[0m00:00:02 left[0m	
[0m: Time to test all samples = 00:07:29[0m	
[0m# Confusion Matrix[0m	
[0m: average row correct: 20.907791052475%[0m	
[0m: average rowUcol correct (VOC measure): 10.93431859978%[0m	
[0m: > global correct: 20.912044941345%[0m	
[0m# ... saving model to ./sk6-2/model.net[0m	
[0m: tac = 24.828978776932 sec[0m	
[0m# ... saving optimfunc.state to ./sk6-2/optim.state[0m	
[0m: tac = 46.054986000061 sec[0m	
[0m# ... saving optimfunc.method to ./sk6-2/optim.method[0m	
[0m: tac = 46.118035793304 sec[0m	
[0m
#####################[0m	
[0m# Epoch n° 12[0m	
[0m
# ... train model[0m	
[0m.:. Batch 1 to 128 on 72328 images[0m	
[0m: 1% done[0m	[0m01:15:28 left[0m	
[0m.:. Batch 3201 to 3328 on 72328 images[0m	
[0m: 6% done[0m	[0m01:14:12 left[0m	
[0m.:. Batch 6785 to 6912 on 72328 images[0m	
[0m: 11% done[0m	[0m01:08:34 left[0m	
[0m.:. Batch 10497 to 10624 on 72328 images[0m	
[0m: 16% done[0m	[0m01:04:53 left[0m	
[0m.:. Batch 14081 to 14208 on 72328 images[0m	
[0m: 21% done[0m	[0m01:01:04 left[0m	
[0m.:. Batch 17665 to 17792 on 72328 images[0m	
[0m: 26% done[0m	[0m00:57:17 left[0m	
[0m.:. Batch 21249 to 21376 on 72328 images[0m	
[0m: 31% done[0m	[0m00:53:34 left[0m	
[0m.:. Batch 24961 to 25088 on 72328 images[0m	
[0m: 36% done[0m	[0m00:49:48 left[0m	
[0m.:. Batch 28545 to 28672 on 72328 images[0m	
[0m: 41% done[0m	[0m00:45:52 left[0m	
[0m.:. Batch 32129 to 32256 on 72328 images[0m	
[0m: 46% done[0m	[0m00:42:10 left[0m	
[0m.:. Batch 35841 to 35968 on 72328 images[0m	
[0m: 51% done[0m	[0m00:38:16 left[0m	
[0m.:. Batch 39425 to 39552 on 72328 images[0m	
[0m: 56% done[0m	[0m00:34:19 left[0m	
[0m.:. Batch 43009 to 43136 on 72328 images[0m	
[0m: 61% done[0m	[0m00:30:30 left[0m	
[0m.:. Batch 46721 to 46848 on 72328 images[0m	
[0m: 66% done[0m	[0m00:26:40 left[0m	
[0m.:. Batch 50305 to 50432 on 72328 images[0m	
[0m: 71% done[0m	[0m00:22:41 left[0m	
[0m.:. Batch 53889 to 54016 on 72328 images[0m	
[0m: 76% done[0m	[0m00:18:52 left[0m	
[0m.:. Batch 57473 to 57600 on 72328 images[0m	
[0m: 81% done[0m	[0m00:15:01 left[0m	
[0m.:. Batch 61185 to 61312 on 72328 images[0m	
[0m: 86% done[0m	[0m00:11:09 left[0m	
[0m.:. Batch 64769 to 64896 on 72328 images[0m	
[0m: 91% done[0m	[0m00:07:10 left[0m	
[0m.:. Batch 68353 to 68480 on 72328 images[0m	
[0m: 96% done[0m	[0m00:03:18 left[0m	
[0m.:. Batch 72065 to 72192 on 72328 images[0m	
[0m.:. End of Epoch n° 12[0m	
[0m: Real time to learn 1 batch = 00:00:08[0m	
[0m: Real time to learn full batch = 01:17:52[0m	
[0m# Confusion Matrix[0m	
[0m: average row correct: 23.176359477462%[0m	
[0m: average rowUcol correct (VOC measure): 12.747135392326%[0m	
[0m: > global correct: 23.197102090477%[0m	
[0m
# ... test model[0m	
[0m: 0% done [0m	[0m00:25:40 left[0m	
[0m: 5% done [0m	[0m00:06:38 left[0m	
[0m: 10% done [0m	[0m00:06:28 left[0m	
[0m: 15% done [0m	[0m00:06:11 left[0m	
[0m: 20% done [0m	[0m00:05:51 left[0m	
[0m: 25% done [0m	[0m00:05:31 left[0m	
[0m: 30% done [0m	[0m00:05:10 left[0m	
[0m: 35% done [0m	[0m00:04:48 left[0m	
[0m: 40% done [0m	[0m00:04:26 left[0m	
[0m: 45% done [0m	[0m00:04:04 left[0m	
[0m: 50% done [0m	[0m00:03:42 left[0m	
[0m: 55% done [0m	[0m00:03:20 left[0m	
[0m: 60% done [0m	[0m00:02:58 left[0m	
[0m: 65% done [0m	[0m00:02:36 left[0m	
[0m: 70% done [0m	[0m00:02:14 left[0m	
[0m: 75% done [0m	[0m00:01:52 left[0m	
[0m: 80% done [0m	[0m00:01:30 left[0m	
[0m: 85% done [0m	[0m00:01:08 left[0m	
[0m: 90% done [0m	[0m00:00:46 left[0m	
[0m: 95% done [0m	[0m00:00:24 left[0m	
[0m: 100% done [0m	[0m00:00:02 left[0m	
[0m: Time to test all samples = 00:07:23[0m	
[0m# Confusion Matrix[0m	
[0m: average row correct: 22.281996945454%[0m	
[0m: average rowUcol correct (VOC measure): 11.809928010743%[0m	
[0m: > global correct: 22.272401828496%[0m	
[0m# ... saving model to ./sk6-2/model.net[0m	
[0m: tac = 23.385684013367 sec[0m	
[0m# ... saving optimfunc.state to ./sk6-2/optim.state[0m	
[0m: tac = 44.979801177979 sec[0m	
[0m# ... saving optimfunc.method to ./sk6-2/optim.method[0m	
[0m: tac = 45.018539190292 sec[0m	
[0m
#####################[0m	
[0m# Epoch n° 13[0m	
[0m
# ... train model[0m	
[0m.:. Batch 1 to 128 on 72328 images[0m	
[0m: 1% done[0m	[0m01:14:27 left[0m	
[0m.:. Batch 3201 to 3328 on 72328 images[0m	
[0m: 6% done[0m	[0m01:10:21 left[0m	
[0m.:. Batch 6785 to 6912 on 72328 images[0m	
[0m: 11% done[0m	[0m01:06:40 left[0m	
[0m.:. Batch 10497 to 10624 on 72328 images[0m	
[0m: 16% done[0m	[0m01:03:51 left[0m	
[0m.:. Batch 14081 to 14208 on 72328 images[0m	
[0m: 21% done[0m	[0m01:00:24 left[0m	
[0m.:. Batch 17665 to 17792 on 72328 images[0m	
[0m: 26% done[0m	[0m00:56:50 left[0m	
[0m.:. Batch 21249 to 21376 on 72328 images[0m	
[0m: 31% done[0m	[0m00:53:14 left[0m	
[0m.:. Batch 24961 to 25088 on 72328 images[0m	
[0m: 36% done[0m	[0m00:49:32 left[0m	
[0m.:. Batch 28545 to 28672 on 72328 images[0m	
[0m: 41% done[0m	[0m00:45:39 left[0m	
[0m.:. Batch 32129 to 32256 on 72328 images[0m	
[0m: 46% done[0m	[0m00:41:59 left[0m	
[0m.:. Batch 35841 to 35968 on 72328 images[0m	
[0m: 51% done[0m	[0m00:38:11 left[0m	
[0m.:. Batch 39425 to 39552 on 72328 images[0m	
[0m: 56% done[0m	[0m00:34:14 left[0m	
[0m.:. Batch 43009 to 43136 on 72328 images[0m	
[0m: 61% done[0m	[0m00:30:25 left[0m	
[0m.:. Batch 46721 to 46848 on 72328 images[0m	
[0m: 66% done[0m	[0m00:26:35 left[0m	
[0m.:. Batch 50305 to 50432 on 72328 images[0m	
[0m: 71% done[0m	[0m00:22:35 left[0m	
[0m.:. Batch 53889 to 54016 on 72328 images[0m	
[0m: 76% done[0m	[0m00:18:46 left[0m	
[0m.:. Batch 57473 to 57600 on 72328 images[0m	
[0m: 81% done[0m	[0m00:14:57 left[0m	
[0m.:. Batch 61185 to 61312 on 72328 images[0m	
[0m: 86% done[0m	[0m00:11:07 left[0m	
[0m.:. Batch 64769 to 64896 on 72328 images[0m	
[0m: 91% done[0m	[0m00:07:08 left[0m	
[0m.:. Batch 68353 to 68480 on 72328 images[0m	
[0m: 96% done[0m	[0m00:03:18 left[0m	
[0m.:. Batch 72065 to 72192 on 72328 images[0m	
[0m.:. End of Epoch n° 13[0m	
[0m: Real time to learn 1 batch = 00:00:08[0m	
[0m: Real time to learn full batch = 01:17:36[0m	
[0m# Confusion Matrix[0m	
[0m: average row correct: 25.582632914849%[0m	
[0m: average rowUcol correct (VOC measure): 14.363437161624%[0m	
[0m: > global correct: 25.598661652472%[0m	
[0m
# ... test model[0m	
[0m: 0% done [0m	[0m00:25:20 left[0m	
[0m: 5% done [0m	[0m00:06:38 left[0m	
[0m: 10% done [0m	[0m00:06:29 left[0m	
[0m: 15% done [0m	[0m00:06:12 left[0m	
[0m: 20% done [0m	[0m00:05:52 left[0m	
[0m: 25% done [0m	[0m00:05:32 left[0m	
[0m: 30% done [0m	[0m00:05:10 left[0m	
[0m: 35% done [0m	[0m00:04:48 left[0m	
[0m: 40% done [0m	[0m00:04:26 left[0m	
[0m: 45% done [0m	[0m00:04:05 left[0m	
[0m: 50% done [0m	[0m00:03:43 left[0m	
[0m: 55% done [0m	[0m00:03:21 left[0m	
[0m: 60% done [0m	[0m00:02:59 left[0m	
[0m: 65% done [0m	[0m00:02:36 left[0m	
[0m: 70% done [0m	[0m00:02:14 left[0m	
[0m: 75% done [0m	[0m00:01:52 left[0m	
[0m: 80% done [0m	[0m00:01:30 left[0m	
[0m: 85% done [0m	[0m00:01:08 left[0m	
[0m: 90% done [0m	[0m00:00:46 left[0m	
[0m: 95% done [0m	[0m00:00:24 left[0m	
[0m: 100% done [0m	[0m00:00:02 left[0m	
[0m: Time to test all samples = 00:07:24[0m	
[0m# Confusion Matrix[0m	
[0m: average row correct: 20.036274182269%[0m	
[0m: average rowUcol correct (VOC measure): 10.506444735139%[0m	
[0m: > global correct: 20.07490224156%[0m	
[0m# ... saving model to ./sk6-2/model.net[0m	
[0m: tac = 22.338017940521 sec[0m	
[0m# ... saving optimfunc.state to ./sk6-2/optim.state[0m	
[0m: tac = 43.290907859802 sec[0m	
[0m# ... saving optimfunc.method to ./sk6-2/optim.method[0m	
[0m: tac = 43.327080965042 sec[0m	
[0m
#####################[0m	
[0m# Epoch n° 14[0m	
[0m
# ... train model[0m	
[0m.:. Batch 1 to 128 on 72328 images[0m	
[0m: 1% done[0m	[0m01:14:31 left[0m	
[0m.:. Batch 3201 to 3328 on 72328 images[0m	
[0m: 6% done[0m	[0m01:10:17 left[0m	
[0m.:. Batch 6785 to 6912 on 72328 images[0m	
[0m: 11% done[0m	[0m01:06:41 left[0m	
[0m.:. Batch 10497 to 10624 on 72328 images[0m	
[0m: 16% done[0m	[0m01:03:49 left[0m	
[0m.:. Batch 14081 to 14208 on 72328 images[0m	
[0m: 21% done[0m	[0m01:00:25 left[0m	
[0m.:. Batch 17665 to 17792 on 72328 images[0m	
[0m: 26% done[0m	[0m00:56:49 left[0m	
[0m.:. Batch 21249 to 21376 on 72328 images[0m	
[0m: 31% done[0m	[0m00:53:08 left[0m	
[0m.:. Batch 24961 to 25088 on 72328 images[0m	
[0m: 36% done[0m	[0m00:49:26 left[0m	
[0m.:. Batch 28545 to 28672 on 72328 images[0m	
[0m: 41% done[0m	[0m00:45:35 left[0m	
[0m.:. Batch 32129 to 32256 on 72328 images[0m	
[0m: 46% done[0m	[0m00:41:55 left[0m	
[0m.:. Batch 35841 to 35968 on 72328 images[0m	
[0m: 51% done[0m	[0m00:38:07 left[0m	
[0m.:. Batch 39425 to 39552 on 72328 images[0m	
[0m: 56% done[0m	[0m00:34:10 left[0m	
[0m.:. Batch 43009 to 43136 on 72328 images[0m	
[0m: 61% done[0m	[0m00:30:22 left[0m	
[0m.:. Batch 46721 to 46848 on 72328 images[0m	
[0m: 66% done[0m	[0m00:26:32 left[0m	
[0m.:. Batch 50305 to 50432 on 72328 images[0m	
[0m: 71% done[0m	[0m00:22:35 left[0m	
[0m.:. Batch 53889 to 54016 on 72328 images[0m	
[0m: 76% done[0m	[0m00:18:49 left[0m	
[0m.:. Batch 57473 to 57600 on 72328 images[0m	
[0m: 81% done[0m	[0m00:14:58 left[0m	
[0m.:. Batch 61185 to 61312 on 72328 images[0m	
[0m: 86% done[0m	[0m00:11:08 left[0m	
[0m.:. Batch 64769 to 64896 on 72328 images[0m	
[0m: 91% done[0m	[0m00:07:09 left[0m	
[0m.:. Batch 68353 to 68480 on 72328 images[0m	
[0m: 96% done[0m	[0m00:03:18 left[0m	
[0m.:. Batch 72065 to 72192 on 72328 images[0m	
[0m.:. End of Epoch n° 14[0m	
[0m: Real time to learn 1 batch = 00:00:08[0m	
[0m: Real time to learn full batch = 01:17:42[0m	
[0m# Confusion Matrix[0m	
[0m: average row correct: 28.201136667982%[0m	
[0m: average rowUcol correct (VOC measure): 16.249398116281%[0m	
[0m: > global correct: 28.229731224422%[0m	
[0m
# ... test model[0m	
[0m: 0% done [0m	[0m00:25:41 left[0m	
[0m: 5% done [0m	[0m00:06:41 left[0m	
[0m: 10% done [0m	[0m00:06:30 left[0m	
[0m: 15% done [0m	[0m00:06:11 left[0m	
[0m: 20% done [0m	[0m00:05:53 left[0m	
[0m: 25% done [0m	[0m00:05:32 left[0m	
[0m: 30% done [0m	[0m00:05:11 left[0m	
[0m: 35% done [0m	[0m00:04:48 left[0m	
[0m: 40% done [0m	[0m00:04:26 left[0m	
[0m: 45% done [0m	[0m00:04:05 left[0m	
[0m: 50% done [0m	[0m00:03:43 left[0m	
[0m: 55% done [0m	[0m00:03:21 left[0m	
[0m: 60% done [0m	[0m00:02:59 left[0m	
[0m: 65% done [0m	[0m00:02:37 left[0m	
[0m: 70% done [0m	[0m00:02:14 left[0m	
[0m: 75% done [0m	[0m00:01:53 left[0m	
[0m: 80% done [0m	[0m00:01:30 left[0m	
[0m: 85% done [0m	[0m00:01:08 left[0m	
[0m: 90% done [0m	[0m00:00:46 left[0m	
[0m: 95% done [0m	[0m00:00:24 left[0m	
[0m: 100% done [0m	[0m00:00:02 left[0m	
[0m: Time to test all samples = 00:07:24[0m	
[0m# Confusion Matrix[0m	
[0m: average row correct: 23.571740419115%[0m	
[0m: average rowUcol correct (VOC measure): 12.368904666901%[0m	
[0m: > global correct: 23.561160984744%[0m	
[0m# ... saving model to ./sk6-2/model.net[0m	
[0m: tac = 22.720530033112 sec[0m	
[0m# ... saving optimfunc.state to ./sk6-2/optim.state[0m	
[0m: tac = 43.805496931076 sec[0m	
[0m# ... saving optimfunc.method to ./sk6-2/optim.method[0m	
[0m: tac = 43.847563028336 sec[0m	
[0m
#####################[0m	
[0m# Epoch n° 15[0m	
[0m
# ... train model[0m	
[0m.:. Batch 1 to 128 on 72328 images[0m	
[0m: 1% done[0m	[0m01:14:40 left[0m	
[0m.:. Batch 3201 to 3328 on 72328 images[0m	
[0m: 6% done[0m	[0m01:10:23 left[0m	
[0m.:. Batch 6785 to 6912 on 72328 images[0m	
[0m: 11% done[0m	[0m01:06:45 left[0m	
[0m.:. Batch 10497 to 10624 on 72328 images[0m	
[0m: 16% done[0m	[0m01:04:06 left[0m	
[0m.:. Batch 14081 to 14208 on 72328 images[0m	
[0m: 21% done[0m	[0m01:00:34 left[0m	
[0m.:. Batch 17665 to 17792 on 72328 images[0m	
[0m: 26% done[0m	[0m00:57:01 left[0m	
[0m.:. Batch 21249 to 21376 on 72328 images[0m	
[0m: 31% done[0m	[0m00:53:20 left[0m	
[0m.:. Batch 24961 to 25088 on 72328 images[0m	
[0m: 36% done[0m	[0m00:49:34 left[0m	
[0m.:. Batch 28545 to 28672 on 72328 images[0m	
[0m: 41% done[0m	[0m00:45:40 left[0m	
[0m.:. Batch 32129 to 32256 on 72328 images[0m	
[0m: 46% done[0m	[0m00:42:02 left[0m	
[0m.:. Batch 35841 to 35968 on 72328 images[0m	
[0m: 51% done[0m	[0m00:38:14 left[0m	
[0m.:. Batch 39425 to 39552 on 72328 images[0m	
[0m: 56% done[0m	[0m00:34:16 left[0m	
[0m.:. Batch 43009 to 43136 on 72328 images[0m	
[0m: 61% done[0m	[0m00:30:26 left[0m	
[0m.:. Batch 46721 to 46848 on 72328 images[0m	
[0m: 66% done[0m	[0m00:26:37 left[0m	
[0m.:. Batch 50305 to 50432 on 72328 images[0m	
[0m: 71% done[0m	[0m00:22:38 left[0m	
[0m.:. Batch 53889 to 54016 on 72328 images[0m	
[0m: 76% done[0m	[0m00:18:51 left[0m	
[0m.:. Batch 57473 to 57600 on 72328 images[0m	
[0m: 81% done[0m	[0m00:15:00 left[0m	
[0m.:. Batch 61185 to 61312 on 72328 images[0m	
[0m: 86% done[0m	[0m00:11:08 left[0m	
[0m.:. Batch 64769 to 64896 on 72328 images[0m	
[0m: 91% done[0m	[0m00:07:09 left[0m	
[0m.:. Batch 68353 to 68480 on 72328 images[0m	
[0m: 96% done[0m	[0m00:03:18 left[0m	
[0m.:. Batch 72065 to 72192 on 72328 images[0m	
[0m.:. End of Epoch n° 15[0m	
[0m: Real time to learn 1 batch = 00:00:08[0m	
[0m: Real time to learn full batch = 01:17:43[0m	
[0m# Confusion Matrix[0m	
[0m: average row correct: 30.903090518152%[0m	
[0m: average rowUcol correct (VOC measure): 18.197774599389%[0m	
[0m: > global correct: 30.928547727021%[0m	
[0m
# ... test model[0m	
[0m: 0% done [0m	[0m00:25:34 left[0m	
[0m: 5% done [0m	[0m00:06:41 left[0m	
[0m: 10% done [0m	[0m00:06:30 left[0m	
[0m: 15% done [0m	[0m00:06:12 left[0m	
[0m: 20% done [0m	[0m00:05:52 left[0m	
[0m: 25% done [0m	[0m00:05:32 left[0m	
[0m: 30% done [0m	[0m00:05:11 left[0m	
[0m: 35% done [0m	[0m00:04:48 left[0m	
[0m: 40% done [0m	[0m00:04:26 left[0m	
[0m: 45% done [0m	[0m00:04:05 left[0m	
[0m: 50% done [0m	[0m00:03:43 left[0m	
[0m: 55% done [0m	[0m00:03:21 left[0m	
[0m: 60% done [0m	[0m00:02:59 left[0m	
[0m: 65% done [0m	[0m00:02:37 left[0m	
[0m: 70% done [0m	[0m00:02:15 left[0m	
[0m: 75% done [0m	[0m00:01:52 left[0m	
[0m: 80% done [0m	[0m00:01:30 left[0m	
[0m: 85% done [0m	[0m00:01:08 left[0m	
[0m: 90% done [0m	[0m00:00:46 left[0m	
[0m: 95% done [0m	[0m00:00:24 left[0m	
[0m: 100% done [0m	[0m00:00:02 left[0m	
[0m: Time to test all samples = 00:07:24[0m	
[0m# Confusion Matrix[0m	
[0m: average row correct: 23.351406143277%[0m	
[0m: average rowUcol correct (VOC measure): 12.684799291857%[0m	
[0m: > global correct: 23.362890345321%[0m	
[0m# ... saving model to ./sk6-2/model.net[0m	
[0m: tac = 23.050873041153 sec[0m	
[0m# ... saving optimfunc.state to ./sk6-2/optim.state[0m	
[0m: tac = 43.839840173721 sec[0m	
[0m# ... saving optimfunc.method to ./sk6-2/optim.method[0m	
[0m: tac = 43.878548145294 sec[0m	
[0m
#####################[0m	
[0m# Epoch n° 16[0m	
[0m
# ... train model[0m	
[0m.:. Batch 1 to 128 on 72328 images[0m	
[0m: 1% done[0m	[0m01:15:01 left[0m	
[0m.:. Batch 3201 to 3328 on 72328 images[0m	
[0m: 6% done[0m	[0m01:10:25 left[0m	
[0m.:. Batch 6785 to 6912 on 72328 images[0m	
[0m: 11% done[0m	[0m01:06:53 left[0m	
[0m.:. Batch 10497 to 10624 on 72328 images[0m	
[0m: 16% done[0m	[0m01:04:08 left[0m	
[0m.:. Batch 14081 to 14208 on 72328 images[0m	
[0m: 21% done[0m	[0m01:00:32 left[0m	
[0m.:. Batch 17665 to 17792 on 72328 images[0m	
[0m: 26% done[0m	[0m00:56:58 left[0m	
[0m.:. Batch 21249 to 21376 on 72328 images[0m	
[0m: 31% done[0m	[0m00:53:19 left[0m	
[0m.:. Batch 24961 to 25088 on 72328 images[0m	
[0m: 36% done[0m	[0m00:49:36 left[0m	
[0m.:. Batch 28545 to 28672 on 72328 images[0m	
[0m: 41% done[0m	[0m00:45:42 left[0m	
[0m.:. Batch 32129 to 32256 on 72328 images[0m	
[0m: 46% done[0m	[0m00:42:02 left[0m	
[0m.:. Batch 35841 to 35968 on 72328 images[0m	
[0m: 51% done[0m	[0m00:38:14 left[0m	
[0m.:. Batch 39425 to 39552 on 72328 images[0m	
[0m: 56% done[0m	[0m00:34:15 left[0m	
[0m.:. Batch 43009 to 43136 on 72328 images[0m	
[0m: 61% done[0m	[0m00:30:26 left[0m	
[0m.:. Batch 46721 to 46848 on 72328 images[0m	
[0m: 66% done[0m	[0m00:26:36 left[0m	
[0m.:. Batch 50305 to 50432 on 72328 images[0m	
[0m: 71% done[0m	[0m00:22:35 left[0m	
[0m.:. Batch 53889 to 54016 on 72328 images[0m	
[0m: 76% done[0m	[0m00:18:47 left[0m	
[0m.:. Batch 57473 to 57600 on 72328 images[0m	
[0m: 81% done[0m	[0m00:14:57 left[0m	
[0m.:. Batch 61185 to 61312 on 72328 images[0m	
[0m: 86% done[0m	[0m00:11:07 left[0m	
[0m.:. Batch 64769 to 64896 on 72328 images[0m	
[0m: 91% done[0m	[0m00:07:08 left[0m	
[0m.:. Batch 68353 to 68480 on 72328 images[0m	
[0m: 96% done[0m	[0m00:03:18 left[0m	
[0m.:. Batch 72065 to 72192 on 72328 images[0m	
[0m.:. End of Epoch n° 16[0m	
[0m: Real time to learn 1 batch = 00:00:08[0m	
[0m: Real time to learn full batch = 01:17:36[0m	
[0m# Confusion Matrix[0m	
[0m: average row correct: 33.746616099731%[0m	
[0m: average rowUcol correct (VOC measure): 20.291992321168%[0m	
[0m: > global correct: 33.769771043026%[0m	
[0m
# ... test model[0m	
[0m: 0% done [0m	[0m00:25:37 left[0m	
[0m: 5% done [0m	[0m00:06:41 left[0m	
[0m: 10% done [0m	[0m00:06:30 left[0m	
[0m: 15% done [0m	[0m00:06:12 left[0m	
[0m: 20% done [0m	[0m00:05:54 left[0m	
[0m: 25% done [0m	[0m00:05:33 left[0m	
[0m: 30% done [0m	[0m00:05:12 left[0m	
[0m: 35% done [0m	[0m00:04:49 left[0m	
[0m: 40% done [0m	[0m00:04:27 left[0m	
[0m: 45% done [0m	[0m00:04:05 left[0m	
[0m: 50% done [0m	[0m00:03:44 left[0m	
[0m: 55% done [0m	[0m00:03:21 left[0m	
[0m: 60% done [0m	[0m00:02:59 left[0m	
[0m: 65% done [0m	[0m00:02:37 left[0m	
[0m: 70% done [0m	[0m00:02:15 left[0m	
[0m: 75% done [0m	[0m00:01:53 left[0m	
[0m: 80% done [0m	[0m00:01:31 left[0m	
[0m: 85% done [0m	[0m00:01:08 left[0m	
[0m: 90% done [0m	[0m00:00:46 left[0m	
[0m: 95% done [0m	[0m00:00:24 left[0m	
[0m: 100% done [0m	[0m00:00:02 left[0m	
[0m: Time to test all samples = 00:07:25[0m	
[0m# Confusion Matrix[0m	
[0m: average row correct: 25.450545276451%[0m	
[0m: average rowUcol correct (VOC measure): 14.123204515989%[0m	
[0m: > global correct: 25.455747094784%[0m	
[0m# ... saving model to ./sk6-2/model.net[0m	
[0m: tac = 22.290529966354 sec[0m	
[0m# ... saving optimfunc.state to ./sk6-2/optim.state[0m	
[0m: tac = 43.469947814941 sec[0m	
[0m# ... saving optimfunc.method to ./sk6-2/optim.method[0m	
[0m: tac = 43.505935907364 sec[0m	
[0m
#####################[0m	
[0m# Epoch n° 17[0m	
[0m
# ... train model[0m	
[0m.:. Batch 1 to 128 on 72328 images[0m	
[0m: 1% done[0m	[0m01:14:19 left[0m	
[0m.:. Batch 3201 to 3328 on 72328 images[0m	
[0m: 6% done[0m	[0m01:10:11 left[0m	
[0m.:. Batch 6785 to 6912 on 72328 images[0m	
[0m: 11% done[0m	[0m01:06:37 left[0m	
[0m.:. Batch 10497 to 10624 on 72328 images[0m	
[0m: 16% done[0m	[0m01:03:44 left[0m	
[0m.:. Batch 14081 to 14208 on 72328 images[0m	
[0m: 21% done[0m	[0m01:01:09 left[0m	
[0m.:. Batch 17665 to 17792 on 72328 images[0m	
[0m: 26% done[0m	[0m00:58:02 left[0m	
[0m.:. Batch 21249 to 21376 on 72328 images[0m	
[0m: 31% done[0m	[0m00:54:37 left[0m	
[0m.:. Batch 24961 to 25088 on 72328 images[0m	
[0m: 36% done[0m	[0m00:50:48 left[0m	
[0m.:. Batch 28545 to 28672 on 72328 images[0m	
[0m: 41% done[0m	[0m00:46:51 left[0m	
[0m.:. Batch 32129 to 32256 on 72328 images[0m	
[0m: 46% done[0m	[0m00:43:29 left[0m	
[0m.:. Batch 35841 to 35968 on 72328 images[0m	
[0m: 51% done[0m	[0m00:39:26 left[0m	
[0m.:. Batch 39425 to 39552 on 72328 images[0m	
[0m: 56% done[0m	[0m00:35:13 left[0m	
[0m.:. Batch 43009 to 43136 on 72328 images[0m	
[0m: 61% done[0m	[0m00:31:12 left[0m	
[0m.:. Batch 46721 to 46848 on 72328 images[0m	
[0m: 66% done[0m	[0m00:27:14 left[0m	
[0m.:. Batch 50305 to 50432 on 72328 images[0m	
[0m: 71% done[0m	[0m00:23:04 left[0m	
[0m.:. Batch 53889 to 54016 on 72328 images[0m	
[0m: 76% done[0m	[0m00:19:10 left[0m	
[0m.:. Batch 57473 to 57600 on 72328 images[0m	
[0m: 81% done[0m	[0m00:15:14 left[0m	
[0m.:. Batch 61185 to 61312 on 72328 images[0m	
[0m: 86% done[0m	[0m00:11:19 left[0m	
[0m.:. Batch 64769 to 64896 on 72328 images[0m	
[0m: 91% done[0m	[0m00:07:15 left[0m	
[0m.:. Batch 68353 to 68480 on 72328 images[0m	
[0m: 96% done[0m	[0m00:03:21 left[0m	
[0m.:. Batch 72065 to 72192 on 72328 images[0m	
[0m.:. End of Epoch n° 17[0m	
[0m: Real time to learn 1 batch = 00:00:08[0m	
[0m: Real time to learn full batch = 01:18:46[0m	
[0m# Confusion Matrix[0m	
[0m: average row correct: 36.625093988853%[0m	
[0m: average rowUcol correct (VOC measure): 22.503298646448%[0m	
[0m: > global correct: 36.637263577038%[0m	
[0m
# ... test model[0m	
[0m: 0% done [0m	[0m00:25:35 left[0m	
[0m: 5% done [0m	[0m00:06:40 left[0m	
[0m: 10% done [0m	[0m00:06:30 left[0m	
[0m: 15% done [0m	[0m00:06:12 left[0m	
[0m: 20% done [0m	[0m00:05:52 left[0m	
[0m: 25% done [0m	[0m00:05:32 left[0m	
[0m: 30% done [0m	[0m00:05:11 left[0m	
[0m: 35% done [0m	[0m00:04:49 left[0m	
[0m: 40% done [0m	[0m00:04:27 left[0m	
[0m: 45% done [0m	[0m00:04:05 left[0m	
[0m: 50% done [0m	[0m00:03:43 left[0m	
[0m: 55% done [0m	[0m00:03:21 left[0m	
[0m: 60% done [0m	[0m00:02:59 left[0m	
[0m: 65% done [0m	[0m00:02:37 left[0m	
[0m: 70% done [0m	[0m00:02:15 left[0m	
[0m: 75% done [0m	[0m00:01:53 left[0m	
[0m: 80% done [0m	[0m00:01:30 left[0m	
[0m: 85% done [0m	[0m00:01:08 left[0m	
[0m: 90% done [0m	[0m00:00:46 left[0m	
[0m: 95% done [0m	[0m00:00:24 left[0m	
[0m: 100% done [0m	[0m00:00:02 left[0m	
[0m: Time to test all samples = 00:07:24[0m	
[0m# Confusion Matrix[0m	
[0m: average row correct: 23.301460981221%[0m	
[0m: average rowUcol correct (VOC measure): 12.813468724674%[0m	
[0m: > global correct: 23.285785096657%[0m	
[0m# ... saving model to ./sk6-2/model.net[0m	
[0m: tac = 22.668210983276 sec[0m	
[0m# ... saving optimfunc.state to ./sk6-2/optim.state[0m	
[0m: tac = 43.523448944092 sec[0m	
[0m# ... saving optimfunc.method to ./sk6-2/optim.method[0m	
[0m: tac = 43.558300018311 sec[0m	
[0m
#####################[0m	
[0m# Epoch n° 18[0m	
[0m
# ... train model[0m	
[0m.:. Batch 1 to 128 on 72328 images[0m	
[0m: 1% done[0m	[0m01:14:44 left[0m	
[0m.:. Batch 3201 to 3328 on 72328 images[0m	
[0m: 6% done[0m	[0m01:10:20 left[0m	
[0m.:. Batch 6785 to 6912 on 72328 images[0m	
[0m: 11% done[0m	[0m01:06:56 left[0m	
[0m.:. Batch 10497 to 10624 on 72328 images[0m	
[0m: 16% done[0m	[0m01:04:03 left[0m	
[0m.:. Batch 14081 to 14208 on 72328 images[0m	
[0m: 21% done[0m	[0m01:00:30 left[0m	
[0m.:. Batch 17665 to 17792 on 72328 images[0m	
[0m: 26% done[0m	[0m00:56:56 left[0m	
[0m.:. Batch 21249 to 21376 on 72328 images[0m	
[0m: 31% done[0m	[0m00:53:14 left[0m	
[0m.:. Batch 24961 to 25088 on 72328 images[0m	
[0m: 36% done[0m	[0m00:49:29 left[0m	
[0m.:. Batch 28545 to 28672 on 72328 images[0m	
[0m: 41% done[0m	[0m00:45:35 left[0m	
[0m.:. Batch 32129 to 32256 on 72328 images[0m	
[0m: 46% done[0m	[0m00:42:00 left[0m	
[0m.:. Batch 35841 to 35968 on 72328 images[0m	
[0m: 51% done[0m	[0m00:38:10 left[0m	
[0m.:. Batch 39425 to 39552 on 72328 images[0m	
[0m: 56% done[0m	[0m00:34:14 left[0m	
[0m.:. Batch 43009 to 43136 on 72328 images[0m	
[0m: 61% done[0m	[0m00:30:25 left[0m	
[0m.:. Batch 46721 to 46848 on 72328 images[0m	
[0m: 66% done[0m	[0m00:26:35 left[0m	
[0m.:. Batch 50305 to 50432 on 72328 images[0m	
[0m: 71% done[0m	[0m00:22:34 left[0m	
[0m.:. Batch 53889 to 54016 on 72328 images[0m	
[0m: 76% done[0m	[0m00:18:46 left[0m	
[0m.:. Batch 57473 to 57600 on 72328 images[0m	
[0m: 81% done[0m	[0m00:14:57 left[0m	
[0m.:. Batch 61185 to 61312 on 72328 images[0m	
[0m: 86% done[0m	[0m00:11:06 left[0m	
[0m.:. Batch 64769 to 64896 on 72328 images[0m	
[0m: 91% done[0m	[0m00:07:08 left[0m	
[0m.:. Batch 68353 to 68480 on 72328 images[0m	
[0m: 96% done[0m	[0m00:03:18 left[0m	
[0m.:. Batch 72065 to 72192 on 72328 images[0m	
[0m.:. End of Epoch n° 18[0m	
[0m: Real time to learn 1 batch = 00:00:08[0m	
[0m: Real time to learn full batch = 01:17:32[0m	
[0m# Confusion Matrix[0m	
[0m: average row correct: 39.591374853165%[0m	
[0m: average rowUcol correct (VOC measure): 24.874660306343%[0m	
[0m: > global correct: 39.607067802234%[0m	
[0m
# ... test model[0m	
[0m: 0% done [0m	[0m00:25:13 left[0m	
[0m: 5% done [0m	[0m00:06:41 left[0m	
[0m: 10% done [0m	[0m00:06:30 left[0m	
[0m: 15% done [0m	[0m00:06:13 left[0m	
[0m: 20% done [0m	[0m00:05:53 left[0m	
[0m: 25% done [0m	[0m00:05:32 left[0m	
[0m: 30% done [0m	[0m00:05:11 left[0m	
[0m: 35% done [0m	[0m00:04:48 left[0m	
[0m: 40% done [0m	[0m00:04:26 left[0m	
[0m: 45% done [0m	[0m00:04:05 left[0m	
[0m: 50% done [0m	[0m00:03:43 left[0m	
[0m: 55% done [0m	[0m00:03:21 left[0m	
[0m: 60% done [0m	[0m00:02:59 left[0m	
[0m: 65% done [0m	[0m00:02:37 left[0m	
[0m: 70% done [0m	[0m00:02:14 left[0m	
[0m: 75% done [0m	[0m00:01:53 left[0m	
[0m: 80% done [0m	[0m00:01:30 left[0m	
[0m: 85% done [0m	[0m00:01:08 left[0m	
[0m: 90% done [0m	[0m00:00:46 left[0m	
[0m: 95% done [0m	[0m00:00:24 left[0m	
[0m: 100% done [0m	[0m00:00:02 left[0m	
[0m: Time to test all samples = 00:07:24[0m	
[0m# Confusion Matrix[0m	
[0m: average row correct: 24.113240495029%[0m	
[0m: average rowUcol correct (VOC measure): 13.282753126972%[0m	
[0m: > global correct: 24.100897725395%[0m	
[0m# ... saving model to ./sk6-2/model.net[0m	
[0m: tac = 23.625782966614 sec[0m	
[0m# ... saving optimfunc.state to ./sk6-2/optim.state[0m	
[0m: tac = 44.347698926926 sec[0m	
[0m# ... saving optimfunc.method to ./sk6-2/optim.method[0m	
[0m: tac = 44.38516497612 sec[0m	
[0m
#####################[0m	
[0m# Epoch n° 19[0m	
[0m
# ... train model[0m	
[0m.:. Batch 1 to 128 on 72328 images[0m	
[0m: 1% done[0m	[0m01:14:52 left[0m	
[0m.:. Batch 3201 to 3328 on 72328 images[0m	
[0m: 6% done[0m	[0m01:10:22 left[0m	
[0m.:. Batch 6785 to 6912 on 72328 images[0m	
[0m: 11% done[0m	[0m01:06:38 left[0m	
[0m.:. Batch 10497 to 10624 on 72328 images[0m	
[0m: 16% done[0m	[0m01:03:49 left[0m	
[0m.:. Batch 14081 to 14208 on 72328 images[0m	
[0m: 21% done[0m	[0m01:00:19 left[0m	
[0m.:. Batch 17665 to 17792 on 72328 images[0m	
[0m: 26% done[0m	[0m00:56:49 left[0m	
[0m.:. Batch 21249 to 21376 on 72328 images[0m	
[0m: 31% done[0m	[0m00:53:16 left[0m	
[0m.:. Batch 24961 to 25088 on 72328 images[0m	
[0m: 36% done[0m	[0m00:49:32 left[0m	
[0m.:. Batch 28545 to 28672 on 72328 images[0m	
[0m: 41% done[0m	[0m00:45:45 left[0m	
[0m.:. Batch 32129 to 32256 on 72328 images[0m	
[0m: 46% done[0m	[0m00:42:00 left[0m	
[0m.:. Batch 35841 to 35968 on 72328 images[0m	
[0m: 51% done[0m	[0m00:38:11 left[0m	
[0m.:. Batch 39425 to 39552 on 72328 images[0m	
[0m: 56% done[0m	[0m00:34:14 left[0m	
[0m.:. Batch 43009 to 43136 on 72328 images[0m	
[0m: 61% done[0m	[0m00:30:24 left[0m	
[0m.:. Batch 46721 to 46848 on 72328 images[0m	
[0m: 66% done[0m	[0m00:26:34 left[0m	
[0m.:. Batch 50305 to 50432 on 72328 images[0m	
[0m: 71% done[0m	[0m00:22:34 left[0m	
[0m.:. Batch 53889 to 54016 on 72328 images[0m	
[0m: 76% done[0m	[0m00:18:49 left[0m	
[0m.:. Batch 57473 to 57600 on 72328 images[0m	
[0m: 81% done[0m	[0m00:14:58 left[0m	
[0m.:. Batch 61185 to 61312 on 72328 images[0m	
[0m: 86% done[0m	[0m00:11:07 left[0m	
[0m.:. Batch 64769 to 64896 on 72328 images[0m	
[0m: 91% done[0m	[0m00:07:08 left[0m	
[0m.:. Batch 68353 to 68480 on 72328 images[0m	
[0m: 96% done[0m	[0m00:03:18 left[0m	
[0m.:. Batch 72065 to 72192 on 72328 images[0m	
[0m.:. End of Epoch n° 19[0m	
[0m: Real time to learn 1 batch = 00:00:08[0m	
[0m: Real time to learn full batch = 01:17:37[0m	
[0m# Confusion Matrix[0m	
[0m: average row correct: 42.46896866082%[0m	
[0m: average rowUcol correct (VOC measure): 27.241442750881%[0m	
[0m: > global correct: 42.489768830882%[0m	
[0m
# ... test model[0m	
[0m: 0% done [0m	[0m00:25:12 left[0m	
[0m: 5% done [0m	[0m00:06:39 left[0m	
[0m: 10% done [0m	[0m00:06:30 left[0m	
[0m: 15% done [0m	[0m00:06:12 left[0m	
[0m: 20% done [0m	[0m00:05:53 left[0m	
[0m: 25% done [0m	[0m00:05:33 left[0m	
[0m: 30% done [0m	[0m00:05:11 left[0m	
[0m: 35% done [0m	[0m00:04:49 left[0m	
[0m: 40% done [0m	[0m00:04:27 left[0m	
[0m: 45% done [0m	[0m00:04:05 left[0m	
[0m: 50% done [0m	[0m00:03:43 left[0m	
[0m: 55% done [0m	[0m00:03:21 left[0m	
[0m: 60% done [0m	[0m00:02:59 left[0m	
[0m: 65% done [0m	[0m00:02:37 left[0m	
[0m: 70% done [0m	[0m00:02:15 left[0m	
[0m: 75% done [0m	[0m00:01:53 left[0m	
[0m: 80% done [0m	[0m00:01:30 left[0m	
[0m: 85% done [0m	[0m00:01:08 left[0m	
[0m: 90% done [0m	[0m00:00:46 left[0m	
[0m: 95% done [0m	[0m00:00:24 left[0m	
[0m: 100% done [0m	[0m00:00:02 left[0m	
[0m: Time to test all samples = 00:07:24[0m	
[0m# Confusion Matrix[0m	
[0m: average row correct: 23.33702487954%[0m	
[0m: average rowUcol correct (VOC measure): 13.524553788789%[0m	
[0m: > global correct: 23.335352756513%[0m	
[0m# ... saving model to ./sk6-2/model.net[0m	
[0m: tac = 22.746442079544 sec[0m	
[0m# ... saving optimfunc.state to ./sk6-2/optim.state[0m	
[0m: tac = 43.77641415596 sec[0m	
[0m# ... saving optimfunc.method to ./sk6-2/optim.method[0m	
[0m: tac = 43.811491012573 sec[0m	
[0m
#####################[0m	
[0m# Epoch n° 20[0m	
[0m
# ... train model[0m	
[0m.:. Batch 1 to 128 on 72328 images[0m	
[0m: 1% done[0m	[0m01:14:27 left[0m	
[0m.:. Batch 3201 to 3328 on 72328 images[0m	
[0m: 6% done[0m	[0m01:10:16 left[0m	
[0m.:. Batch 6785 to 6912 on 72328 images[0m	
[0m: 11% done[0m	[0m01:06:44 left[0m	
[0m.:. Batch 10497 to 10624 on 72328 images[0m	
[0m: 16% done[0m	[0m01:03:55 left[0m	
[0m.:. Batch 14081 to 14208 on 72328 images[0m	
[0m: 21% done[0m	[0m01:00:25 left[0m	
[0m.:. Batch 17665 to 17792 on 72328 images[0m	
[0m: 26% done[0m	[0m00:56:52 left[0m	
[0m.:. Batch 21249 to 21376 on 72328 images[0m	
[0m: 31% done[0m	[0m00:53:11 left[0m	
[0m.:. Batch 24961 to 25088 on 72328 images[0m	
[0m: 36% done[0m	[0m00:49:27 left[0m	
[0m.:. Batch 28545 to 28672 on 72328 images[0m	
[0m: 41% done[0m	[0m00:45:45 left[0m	
[0m.:. Batch 32129 to 32256 on 72328 images[0m	
[0m: 46% done[0m	[0m00:41:57 left[0m	
[0m.:. Batch 35841 to 35968 on 72328 images[0m	
[0m: 51% done[0m	[0m00:38:08 left[0m	
[0m.:. Batch 39425 to 39552 on 72328 images[0m	
[0m: 56% done[0m	[0m00:34:12 left[0m	
[0m.:. Batch 43009 to 43136 on 72328 images[0m	
[0m: 61% done[0m	[0m00:30:23 left[0m	
[0m.:. Batch 46721 to 46848 on 72328 images[0m	
[0m: 66% done[0m	[0m00:26:34 left[0m	
[0m.:. Batch 50305 to 50432 on 72328 images[0m	
[0m: 71% done[0m	[0m00:22:40 left[0m	
[0m.:. Batch 53889 to 54016 on 72328 images[0m	
[0m: 76% done[0m	[0m00:18:49 left[0m	
[0m.:. Batch 57473 to 57600 on 72328 images[0m	
[0m: 81% done[0m	[0m00:14:58 left[0m	
[0m.:. Batch 61185 to 61312 on 72328 images[0m	
[0m: 86% done[0m	[0m00:11:08 left[0m	
[0m.:. Batch 64769 to 64896 on 72328 images[0m	
[0m: 91% done[0m	[0m00:07:08 left[0m	
[0m.:. Batch 68353 to 68480 on 72328 images[0m	
[0m: 96% done[0m	[0m00:03:18 left[0m	
[0m.:. Batch 72065 to 72192 on 72328 images[0m	
[0m.:. End of Epoch n° 20[0m	
[0m: Real time to learn 1 batch = 00:00:08[0m	
[0m: Real time to learn full batch = 01:17:37[0m	
[0m# Confusion Matrix[0m	
[0m: average row correct: 45.404867820515%[0m	
[0m: average rowUcol correct (VOC measure): 29.71546545551%[0m	
[0m: > global correct: 45.430538657228%[0m	
[0m
# ... test model[0m	
[0m: 0% done [0m	[0m00:25:24 left[0m	
[0m: 5% done [0m	[0m00:06:41 left[0m	
[0m: 10% done [0m	[0m00:06:30 left[0m	
[0m: 15% done [0m	[0m00:06:12 left[0m	
[0m: 20% done [0m	[0m00:05:52 left[0m	
[0m: 25% done [0m	[0m00:05:32 left[0m	
[0m: 30% done [0m	[0m00:05:11 left[0m	
[0m: 35% done [0m	[0m00:04:49 left[0m	
[0m: 40% done [0m	[0m00:04:27 left[0m	
[0m: 45% done [0m	[0m00:04:05 left[0m	
[0m: 50% done [0m	[0m00:03:43 left[0m	
[0m: 55% done [0m	[0m00:03:21 left[0m	
[0m: 60% done [0m	[0m00:02:59 left[0m	
[0m: 65% done [0m	[0m00:02:37 left[0m	
[0m: 70% done [0m	[0m00:02:15 left[0m	
[0m: 75% done [0m	[0m00:01:53 left[0m	
[0m: 80% done [0m	[0m00:01:30 left[0m	
[0m: 85% done [0m	[0m00:01:08 left[0m	
[0m: 90% done [0m	[0m00:00:46 left[0m	
[0m: 95% done [0m	[0m00:00:24 left[0m	
[0m: 100% done [0m	[0m00:00:02 left[0m	
[0m: Time to test all samples = 00:07:25[0m	
[0m# Confusion Matrix[0m	
[0m: average row correct: 27.13866387079%[0m	
[0m: average rowUcol correct (VOC measure): 15.375704216854%[0m	
[0m: > global correct: 27.124524976593%[0m	
[0m# ... saving model to ./sk6-2/model.net[0m	
[0m: tac = 22.422636032104 sec[0m	
[0m# ... saving optimfunc.state to ./sk6-2/optim.state[0m	
[0m: tac = 43.276360034943 sec[0m	
[0m# ... saving optimfunc.method to ./sk6-2/optim.method[0m	
[0m: tac = 43.315081119537 sec[0m	
[0m
#####################[0m	
[0m# Epoch n° 21[0m	
[0m
# ... train model[0m	
[0m.:. Batch 1 to 128 on 72328 images[0m	
[0m: 1% done[0m	[0m01:14:15 left[0m	
[0m.:. Batch 3201 to 3328 on 72328 images[0m	
[0m: 6% done[0m	[0m01:10:17 left[0m	
[0m.:. Batch 6785 to 6912 on 72328 images[0m	
[0m: 11% done[0m	[0m01:06:38 left[0m	
[0m.:. Batch 10497 to 10624 on 72328 images[0m	
[0m: 16% done[0m	[0m01:03:38 left[0m	
[0m.:. Batch 14081 to 14208 on 72328 images[0m	
[0m: 21% done[0m	[0m01:00:19 left[0m	
[0m.:. Batch 17665 to 17792 on 72328 images[0m	
[0m: 26% done[0m	[0m00:56:35 left[0m	
[0m.:. Batch 21249 to 21376 on 72328 images[0m	
[0m: 31% done[0m	[0m00:53:02 left[0m	
[0m.:. Batch 24961 to 25088 on 72328 images[0m	
[0m: 36% done[0m	[0m00:49:23 left[0m	
[0m.:. Batch 28545 to 28672 on 72328 images[0m	
[0m: 41% done[0m	[0m00:45:40 left[0m	
[0m.:. Batch 32129 to 32256 on 72328 images[0m	
[0m: 46% done[0m	[0m00:41:53 left[0m	
[0m.:. Batch 35841 to 35968 on 72328 images[0m	
[0m: 51% done[0m	[0m00:38:05 left[0m	
[0m.:. Batch 39425 to 39552 on 72328 images[0m	
[0m: 56% done[0m	[0m00:34:09 left[0m	
[0m.:. Batch 43009 to 43136 on 72328 images[0m	
[0m: 61% done[0m	[0m00:30:20 left[0m	
[0m.:. Batch 46721 to 46848 on 72328 images[0m	
[0m: 66% done[0m	[0m00:26:31 left[0m	
[0m.:. Batch 50305 to 50432 on 72328 images[0m	
[0m: 71% done[0m	[0m00:22:34 left[0m	
[0m.:. Batch 53889 to 54016 on 72328 images[0m	
[0m: 76% done[0m	[0m00:18:44 left[0m	
[0m.:. Batch 57473 to 57600 on 72328 images[0m	
[0m: 81% done[0m	[0m00:14:55 left[0m	
[0m.:. Batch 61185 to 61312 on 72328 images[0m	
[0m: 86% done[0m	[0m00:11:05 left[0m	
[0m.:. Batch 64769 to 64896 on 72328 images[0m	
[0m: 91% done[0m	[0m00:07:07 left[0m	
[0m.:. Batch 68353 to 68480 on 72328 images[0m	
[0m: 96% done[0m	[0m00:03:17 left[0m	
[0m.:. Batch 72065 to 72192 on 72328 images[0m	
[0m.:. End of Epoch n° 21[0m	
[0m: Real time to learn 1 batch = 00:00:08[0m	
[0m: Real time to learn full batch = 01:17:22[0m	
[0m# Confusion Matrix[0m	
[0m: average row correct: 48.513987520249%[0m	
[0m: average rowUcol correct (VOC measure): 32.480479171961%[0m	
[0m: > global correct: 48.531688972459%[0m	
[0m
# ... test model[0m	
[0m: 0% done [0m	[0m00:25:35 left[0m	
[0m: 5% done [0m	[0m00:06:40 left[0m	
[0m: 10% done [0m	[0m00:06:31 left[0m	
[0m: 15% done [0m	[0m00:06:12 left[0m	
[0m: 20% done [0m	[0m00:05:53 left[0m	
[0m: 25% done [0m	[0m00:05:33 left[0m	
[0m: 30% done [0m	[0m00:05:11 left[0m	
[0m: 35% done [0m	[0m00:04:49 left[0m	
[0m: 40% done [0m	[0m00:04:27 left[0m	
[0m: 45% done [0m	[0m00:04:05 left[0m	
[0m: 50% done [0m	[0m00:03:43 left[0m	
[0m: 55% done [0m	[0m00:03:21 left[0m	
[0m: 60% done [0m	[0m00:02:59 left[0m	
[0m: 65% done [0m	[0m00:02:37 left[0m	
[0m: 70% done [0m	[0m00:02:15 left[0m	
[0m: 75% done [0m	[0m00:01:53 left[0m	
[0m: 80% done [0m	[0m00:01:30 left[0m	
[0m: 85% done [0m	[0m00:01:08 left[0m	
[0m: 90% done [0m	[0m00:00:46 left[0m	
[0m: 95% done [0m	[0m00:00:24 left[0m	
[0m: 100% done [0m	[0m00:00:02 left[0m	
[0m: Time to test all samples = 00:07:24[0m	
[0m# Confusion Matrix[0m	
[0m: average row correct: 25.403644894204%[0m	
[0m: average rowUcol correct (VOC measure): 14.475616625519%[0m	
[0m: > global correct: 25.318059150741%[0m	
[0m# ... saving model to ./sk6-2/model.net[0m	
[0m: tac = 22.369385004044 sec[0m	
[0m# ... saving optimfunc.state to ./sk6-2/optim.state[0m	
[0m: tac = 43.296308040619 sec[0m	
[0m# ... saving optimfunc.method to ./sk6-2/optim.method[0m	
[0m: tac = 43.337373971939 sec[0m	
[0m
#####################[0m	
[0m# Epoch n° 22[0m	
[0m
# ... train model[0m	
[0m.:. Batch 1 to 128 on 72328 images[0m	
[0m: 1% done[0m	[0m01:14:57 left[0m	
[0m.:. Batch 3201 to 3328 on 72328 images[0m	
[0m: 6% done[0m	[0m01:10:23 left[0m	
[0m.:. Batch 6785 to 6912 on 72328 images[0m	
[0m: 11% done[0m	[0m01:06:50 left[0m	
[0m.:. Batch 10497 to 10624 on 72328 images[0m	
[0m: 16% done[0m	[0m01:03:59 left[0m	
[0m.:. Batch 14081 to 14208 on 72328 images[0m	
[0m: 21% done[0m	[0m01:00:25 left[0m	
[0m.:. Batch 17665 to 17792 on 72328 images[0m	
[0m: 26% done[0m	[0m00:56:55 left[0m	
[0m.:. Batch 21249 to 21376 on 72328 images[0m	
[0m: 31% done[0m	[0m00:53:13 left[0m	
[0m.:. Batch 24961 to 25088 on 72328 images[0m	
[0m: 36% done[0m	[0m00:49:31 left[0m	
[0m.:. Batch 28545 to 28672 on 72328 images[0m	
[0m: 41% done[0m	[0m00:45:46 left[0m	
[0m.:. Batch 32129 to 32256 on 72328 images[0m	
[0m: 46% done[0m	[0m00:41:57 left[0m	
[0m.:. Batch 35841 to 35968 on 72328 images[0m	
[0m: 51% done[0m	[0m00:38:09 left[0m	
[0m.:. Batch 39425 to 39552 on 72328 images[0m	
[0m: 56% done[0m	[0m00:34:12 left[0m	
[0m.:. Batch 43009 to 43136 on 72328 images[0m	
[0m: 61% done[0m	[0m00:30:23 left[0m	
[0m.:. Batch 46721 to 46848 on 72328 images[0m	
[0m: 66% done[0m	[0m00:26:34 left[0m	
[0m.:. Batch 50305 to 50432 on 72328 images[0m	
[0m: 71% done[0m	[0m00:22:40 left[0m	
[0m.:. Batch 53889 to 54016 on 72328 images[0m	
[0m: 76% done[0m	[0m00:18:49 left[0m	
[0m.:. Batch 57473 to 57600 on 72328 images[0m	
[0m: 81% done[0m	[0m00:14:59 left[0m	
[0m.:. Batch 61185 to 61312 on 72328 images[0m	
[0m: 86% done[0m	[0m00:11:08 left[0m	
[0m.:. Batch 64769 to 64896 on 72328 images[0m	
[0m: 91% done[0m	[0m00:07:09 left[0m	
[0m.:. Batch 68353 to 68480 on 72328 images[0m	
[0m: 96% done[0m	[0m00:03:18 left[0m	
[0m.:. Batch 72065 to 72192 on 72328 images[0m	
[0m.:. End of Epoch n° 22[0m	
[0m: Real time to learn 1 batch = 00:00:08[0m	
[0m: Real time to learn full batch = 01:17:39[0m	
[0m# Confusion Matrix[0m	
[0m: average row correct: 51.422942186346%[0m	
[0m: average rowUcol correct (VOC measure): 35.116172559781%[0m	
[0m: > global correct: 51.444806990377%[0m	
[0m
# ... test model[0m	
[0m: 0% done [0m	[0m00:25:16 left[0m	
[0m: 5% done [0m	[0m00:06:42 left[0m	
[0m: 10% done [0m	[0m00:06:31 left[0m	
[0m: 15% done [0m	[0m00:06:13 left[0m	
[0m: 20% done [0m	[0m00:05:53 left[0m	
[0m: 25% done [0m	[0m00:05:33 left[0m	
[0m: 30% done [0m	[0m00:05:11 left[0m	
[0m: 35% done [0m	[0m00:04:49 left[0m	
[0m: 40% done [0m	[0m00:04:27 left[0m	
[0m: 45% done [0m	[0m00:04:05 left[0m	
[0m: 50% done [0m	[0m00:03:43 left[0m	
[0m: 55% done [0m	[0m00:03:21 left[0m	
[0m: 60% done [0m	[0m00:02:59 left[0m	
[0m: 65% done [0m	[0m00:02:37 left[0m	
[0m: 70% done [0m	[0m00:02:15 left[0m	
[0m: 75% done [0m	[0m00:01:53 left[0m	
[0m: 80% done [0m	[0m00:01:31 left[0m	
[0m: 85% done [0m	[0m00:01:08 left[0m	
[0m: 90% done [0m	[0m00:00:46 left[0m	
[0m: 95% done [0m	[0m00:00:24 left[0m	
[0m: 100% done [0m	[0m00:00:02 left[0m	
[0m: Time to test all samples = 00:07:25[0m	
[0m# Confusion Matrix[0m	
[0m: average row correct: 27.017113260261%[0m	
[0m: average rowUcol correct (VOC measure): 15.539349479103%[0m	
[0m: > global correct: 26.992344550311%[0m	
[0m# ... saving model to ./sk6-2/model.net[0m	
[0m: tac = 22.441442966461 sec[0m	
[0m# ... saving optimfunc.state to ./sk6-2/optim.state[0m	
[0m: tac = 43.340382814407 sec[0m	
[0m# ... saving optimfunc.method to ./sk6-2/optim.method[0m	
[0m: tac = 43.377439975739 sec[0m	
[0m
#####################[0m	
[0m# Epoch n° 23[0m	
[0m
# ... train model[0m	
[0m.:. Batch 1 to 128 on 72328 images[0m	
[0m: 1% done[0m	[0m01:14:28 left[0m	
[0m.:. Batch 3201 to 3328 on 72328 images[0m	
[0m: 6% done[0m	[0m01:10:17 left[0m	
[0m.:. Batch 6785 to 6912 on 72328 images[0m	
[0m: 11% done[0m	[0m01:06:35 left[0m	
[0m.:. Batch 10497 to 10624 on 72328 images[0m	
[0m: 16% done[0m	[0m01:03:35 left[0m	
[0m.:. Batch 14081 to 14208 on 72328 images[0m	
[0m: 21% done[0m	[0m01:00:13 left[0m	
[0m.:. Batch 17665 to 17792 on 72328 images[0m	
[0m: 26% done[0m	[0m00:56:45 left[0m	
[0m.:. Batch 21249 to 21376 on 72328 images[0m	
[0m: 31% done[0m	[0m00:53:05 left[0m	
[0m.:. Batch 24961 to 25088 on 72328 images[0m	
[0m: 36% done[0m	[0m00:49:24 left[0m	
[0m.:. Batch 28545 to 28672 on 72328 images[0m	
[0m: 41% done[0m	[0m00:45:40 left[0m	
[0m.:. Batch 32129 to 32256 on 72328 images[0m	
[0m: 46% done[0m	[0m00:41:54 left[0m	
[0m.:. Batch 35841 to 35968 on 72328 images[0m	
[0m: 51% done[0m	[0m00:38:06 left[0m	
[0m.:. Batch 39425 to 39552 on 72328 images[0m	
[0m: 56% done[0m	[0m00:34:10 left[0m	
[0m.:. Batch 43009 to 43136 on 72328 images[0m	
[0m: 61% done[0m	[0m00:30:21 left[0m	
[0m.:. Batch 46721 to 46848 on 72328 images[0m	
[0m: 66% done[0m	[0m00:26:32 left[0m	
[0m.:. Batch 50305 to 50432 on 72328 images[0m	
[0m: 71% done[0m	[0m00:22:40 left[0m	
[0m.:. Batch 53889 to 54016 on 72328 images[0m	
[0m: 76% done[0m	[0m00:18:49 left[0m	
[0m.:. Batch 57473 to 57600 on 72328 images[0m	
[0m: 81% done[0m	[0m00:14:58 left[0m	
[0m.:. Batch 61185 to 61312 on 72328 images[0m	
[0m: 86% done[0m	[0m00:11:08 left[0m	
[0m.:. Batch 64769 to 64896 on 72328 images[0m	
[0m: 91% done[0m	[0m00:07:09 left[0m	
[0m.:. Batch 68353 to 68480 on 72328 images[0m	
[0m: 96% done[0m	[0m00:03:18 left[0m	
[0m.:. Batch 72065 to 72192 on 72328 images[0m	
[0m.:. End of Epoch n° 23[0m	
[0m: Real time to learn 1 batch = 00:00:08[0m	
[0m: Real time to learn full batch = 01:17:38[0m	
[0m# Confusion Matrix[0m	
[0m: average row correct: 54.276952044208%[0m	
[0m: average rowUcol correct (VOC measure): 37.787038073091%[0m	
[0m: > global correct: 54.297091029753%[0m	
[0m
# ... test model[0m	
[0m: 0% done [0m	[0m00:25:24 left[0m	
[0m: 5% done [0m	[0m00:06:40 left[0m	
[0m: 10% done [0m	[0m00:06:31 left[0m	
[0m: 15% done [0m	[0m00:06:14 left[0m	
[0m: 20% done [0m	[0m00:05:53 left[0m	
[0m: 25% done [0m	[0m00:05:33 left[0m	
[0m: 30% done [0m	[0m00:05:11 left[0m	
[0m: 35% done [0m	[0m00:04:49 left[0m	
[0m: 40% done [0m	[0m00:04:27 left[0m	
[0m: 45% done [0m	[0m00:04:05 left[0m	
[0m: 50% done [0m	[0m00:03:43 left[0m	
[0m: 55% done [0m	[0m00:03:21 left[0m	
[0m: 60% done [0m	[0m00:02:59 left[0m	
[0m: 65% done [0m	[0m00:02:37 left[0m	
[0m: 70% done [0m	[0m00:02:15 left[0m	
[0m: 75% done [0m	[0m00:01:53 left[0m	
[0m: 80% done [0m	[0m00:01:30 left[0m	
[0m: 85% done [0m	[0m00:01:08 left[0m	
[0m: 90% done [0m	[0m00:00:46 left[0m	
[0m: 95% done [0m	[0m00:00:24 left[0m	
[0m: 100% done [0m	[0m00:00:02 left[0m	
[0m: Time to test all samples = 00:07:24[0m	
[0m# Confusion Matrix[0m	
[0m: average row correct: 27.089147321363%[0m	
[0m: average rowUcol correct (VOC measure): 15.574958027885%[0m	
[0m: > global correct: 27.058434763452%[0m	
[0m# ... saving model to ./sk6-2/model.net[0m	
[0m: tac = 22.69930100441 sec[0m	
[0m# ... saving optimfunc.state to ./sk6-2/optim.state[0m	
[0m: tac = 44.764575958252 sec[0m	
[0m# ... saving optimfunc.method to ./sk6-2/optim.method[0m	
[0m: tac = 44.799366950989 sec[0m	
[0m
#####################[0m	
[0m# Epoch n° 24[0m	
[0m
# ... train model[0m	
[0m.:. Batch 1 to 128 on 72328 images[0m	
[0m: 1% done[0m	[0m01:14:45 left[0m	
[0m.:. Batch 3201 to 3328 on 72328 images[0m	
[0m: 6% done[0m	[0m01:10:25 left[0m	
[0m.:. Batch 6785 to 6912 on 72328 images[0m	
[0m: 11% done[0m	[0m01:06:51 left[0m	
[0m.:. Batch 10497 to 10624 on 72328 images[0m	
[0m: 16% done[0m	[0m01:04:03 left[0m	
[0m.:. Batch 14081 to 14208 on 72328 images[0m	
[0m: 21% done[0m	[0m01:00:34 left[0m	
[0m.:. Batch 17665 to 17792 on 72328 images[0m	
[0m: 26% done[0m	[0m00:57:02 left[0m	
[0m.:. Batch 21249 to 21376 on 72328 images[0m	
[0m: 31% done[0m	[0m00:53:18 left[0m	
[0m.:. Batch 24961 to 25088 on 72328 images[0m	
[0m: 36% done[0m	[0m00:49:34 left[0m	
[0m.:. Batch 28545 to 28672 on 72328 images[0m	
[0m: 41% done[0m	[0m00:45:51 left[0m	
[0m.:. Batch 32129 to 32256 on 72328 images[0m	
[0m: 46% done[0m	[0m00:42:05 left[0m	
[0m.:. Batch 35841 to 35968 on 72328 images[0m	
[0m: 51% done[0m	[0m00:38:15 left[0m	
[0m.:. Batch 39425 to 39552 on 72328 images[0m	
[0m: 56% done[0m	[0m00:34:17 left[0m	
[0m.:. Batch 43009 to 43136 on 72328 images[0m	
[0m: 61% done[0m	[0m00:30:27 left[0m	
[0m.:. Batch 46721 to 46848 on 72328 images[0m	
[0m: 66% done[0m	[0m00:26:37 left[0m	
[0m.:. Batch 50305 to 50432 on 72328 images[0m	
[0m: 71% done[0m	[0m00:22:42 left[0m	
[0m.:. Batch 53889 to 54016 on 72328 images[0m	
[0m: 76% done[0m	[0m00:18:51 left[0m	
[0m.:. Batch 57473 to 57600 on 72328 images[0m	
[0m: 81% done[0m	[0m00:15:00 left[0m	
[0m.:. Batch 61185 to 61312 on 72328 images[0m	
[0m: 86% done[0m	[0m00:11:09 left[0m	
[0m.:. Batch 64769 to 64896 on 72328 images[0m	
[0m: 91% done[0m	[0m00:07:10 left[0m	
[0m.:. Batch 68353 to 68480 on 72328 images[0m	
[0m: 96% done[0m	[0m00:03:18 left[0m	
[0m.:. Batch 72065 to 72192 on 72328 images[0m	
[0m.:. End of Epoch n° 24[0m	
[0m: Real time to learn 1 batch = 00:00:08[0m	
[0m: Real time to learn full batch = 01:17:49[0m	
[0m# Confusion Matrix[0m	
[0m: average row correct: 57.238200424921%[0m	
[0m: average rowUcol correct (VOC measure): 40.639244595377%[0m	
[0m: > global correct: 57.254451941157%[0m	
[0m
# ... test model[0m	
[0m: 0% done [0m	[0m00:25:37 left[0m	
[0m: 5% done [0m	[0m00:06:40 left[0m	
[0m: 10% done [0m	[0m00:06:29 left[0m	
[0m: 15% done [0m	[0m00:06:12 left[0m	
[0m: 20% done [0m	[0m00:05:54 left[0m	
[0m: 25% done [0m	[0m00:05:32 left[0m	
[0m: 30% done [0m	[0m00:05:11 left[0m	
[0m: 35% done [0m	[0m00:04:49 left[0m	
[0m: 40% done [0m	[0m00:04:27 left[0m	
[0m: 45% done [0m	[0m00:04:05 left[0m	
[0m: 50% done [0m	[0m00:03:43 left[0m	
[0m: 55% done [0m	[0m00:03:21 left[0m	
[0m: 60% done [0m	[0m00:02:59 left[0m	
[0m: 65% done [0m	[0m00:02:37 left[0m	
[0m: 70% done [0m	[0m00:02:15 left[0m	
[0m: 75% done [0m	[0m00:01:53 left[0m	
[0m: 80% done [0m	[0m00:01:31 left[0m	
[0m: 85% done [0m	[0m00:01:08 left[0m	
[0m: 90% done [0m	[0m00:00:46 left[0m	
[0m: 95% done [0m	[0m00:00:24 left[0m	
[0m: 100% done [0m	[0m00:00:02 left[0m	
[0m: Time to test all samples = 00:07:25[0m	
[0m# Confusion Matrix[0m	
[0m: average row correct: 28.004967546699%[0m	
[0m: average rowUcol correct (VOC measure): 16.426526128065%[0m	
[0m: > global correct: 27.972682711902%[0m	
[0m# ... saving model to ./sk6-2/model.net[0m	
[0m: tac = 24.387547016144 sec[0m	
[0m# ... saving optimfunc.state to ./sk6-2/optim.state[0m	
[0m: tac = 46.560086965561 sec[0m	
[0m# ... saving optimfunc.method to ./sk6-2/optim.method[0m	
[0m: tac = 46.600292921066 sec[0m	
[0m
#####################[0m	
[0m# Epoch n° 25[0m	
[0m
# ... train model[0m	
[0m.:. Batch 1 to 128 on 72328 images[0m	
[0m: 1% done[0m	[0m01:15:27 left[0m	
[0m.:. Batch 3201 to 3328 on 72328 images[0m	
[0m: 6% done[0m	[0m01:10:33 left[0m	
[0m.:. Batch 6785 to 6912 on 72328 images[0m	
[0m: 11% done[0m	[0m01:06:56 left[0m	
[0m.:. Batch 10497 to 10624 on 72328 images[0m	
[0m: 16% done[0m	[0m01:04:06 left[0m	
[0m.:. Batch 14081 to 14208 on 72328 images[0m	
[0m: 21% done[0m	[0m01:00:27 left[0m	
[0m.:. Batch 17665 to 17792 on 72328 images[0m	
[0m: 26% done[0m	[0m00:56:59 left[0m	
[0m.:. Batch 21249 to 21376 on 72328 images[0m	
[0m: 31% done[0m	[0m00:53:16 left[0m	
[0m.:. Batch 24961 to 25088 on 72328 images[0m	
[0m: 36% done[0m	[0m00:49:45 left[0m	
[0m.:. Batch 28545 to 28672 on 72328 images[0m	
[0m: 41% done[0m	[0m00:45:53 left[0m	
[0m.:. Batch 32129 to 32256 on 72328 images[0m	
[0m: 46% done[0m	[0m00:42:04 left[0m	
[0m.:. Batch 35841 to 35968 on 72328 images[0m	
[0m: 51% done[0m	[0m00:38:16 left[0m	
[0m.:. Batch 39425 to 39552 on 72328 images[0m	
[0m: 56% done[0m	[0m00:34:19 left[0m	
[0m.:. Batch 43009 to 43136 on 72328 images[0m	
[0m: 61% done[0m	[0m00:30:30 left[0m	
[0m.:. Batch 46721 to 46848 on 72328 images[0m	
[0m: 66% done[0m	[0m00:26:36 left[0m	
[0m.:. Batch 50305 to 50432 on 72328 images[0m	
[0m: 71% done[0m	[0m00:22:40 left[0m	
[0m.:. Batch 53889 to 54016 on 72328 images[0m	
[0m: 76% done[0m	[0m00:18:49 left[0m	
[0m.:. Batch 57473 to 57600 on 72328 images[0m	
[0m: 81% done[0m	[0m00:14:58 left[0m	
[0m.:. Batch 61185 to 61312 on 72328 images[0m	
[0m: 86% done[0m	[0m00:11:07 left[0m	
[0m.:. Batch 64769 to 64896 on 72328 images[0m	
[0m: 91% done[0m	[0m00:07:09 left[0m	
[0m.:. Batch 68353 to 68480 on 72328 images[0m	
