% mean class accuracy (train set)	
 6.9490e+01	
 7.0339e+01	
 7.0986e+01	
 7.0996e+01	
 7.1539e+01	
 7.1624e+01	
 7.2164e+01	
 7.2188e+01	
 7.2561e+01	
 7.2532e+01	
 7.2771e+01	
 7.2842e+01	
 7.3240e+01	
 7.3385e+01	
 7.3721e+01	
 7.3966e+01	
 7.3928e+01	
 7.3998e+01	
 7.4562e+01	
 7.4533e+01	
 7.4802e+01	
 7.5019e+01	
 7.5217e+01	
 7.5303e+01	
 7.5654e+01	
 7.6084e+01	
 7.6125e+01	
 7.6272e+01	
 7.6730e+01	
 7.6920e+01	
 7.6929e+01	
 7.7240e+01	
 7.7433e+01	
 7.7630e+01	
 7.8336e+01	
 7.8274e+01	
 7.8365e+01	
 7.8690e+01	
 7.8980e+01	
 7.9162e+01	
 7.9556e+01	
 7.9705e+01	
 7.9738e+01	
 7.9969e+01	
 8.0215e+01	
 8.0649e+01	
 8.0645e+01	
 8.0638e+01	
 8.1300e+01	
 8.1255e+01	
 8.1531e+01	
 8.1819e+01	
 8.1725e+01	
 8.2225e+01	
 8.2281e+01	
 8.2589e+01	
 8.2648e+01	
 8.2863e+01	
 8.3033e+01	
 8.3524e+01	
 8.3524e+01	
 8.3500e+01	
 8.3972e+01	
 8.4237e+01	
 8.4262e+01	
 8.4172e+01	
 8.4536e+01	
