{
  cudnn : [0;34mtrue[0m
  pretrain_model : [0;34mfalse[0m
  weight_decay : [0;36m1e-05[0m
  batch_size : [0;36m60[0m
  cuda : [0;34mtrue[0m
  test_model : [0;34mfalse[0m
  load_epoch : [0;34mfalse[0m
  type_data : [1;30m"[0m[0;32mrecipe101[0m[1;30m"[0m
  plot_every : [0;36m10[0m
  path2save_epoch : [1;30m"[0m[0;32m/home/cadene/doc/DeepRecipes/convnet/rslt/overfat+6+5e-4/epoch.t7[0m[1;30m"[0m
  path2load_std : [1;30m"[0m[0;32m/home/cadene/doc/DeepRecipes/convnet/rslt/overfat+6+5e-4/std.t7[0m[1;30m"[0m
  path2save_log : [1;30m"[0m[0;32m./rslt/overfat+6+5e-4[0m[1;30m"[0m
  load_model : [0;34mfalse[0m
  save_model : [0;34mtrue[0m
  K : [0;36m3[0m
  momentum : [0;36m0.6[0m
  threads : [0;36m1[0m
  type_model : [1;30m"[0m[0;32moverfeat[0m[1;30m"[0m
  path2load_epoch : [1;30m"[0m[0;32m/home/cadene/doc/DeepRecipes/convnet/rslt/overfat+6+5e-4/epoch.t7[0m[1;30m"[0m
  load_logger : [0;34mfalse[0m
  seed : [0;36m1337[0m
  path2save_std : [1;30m"[0m[0;32m/home/cadene/doc/DeepRecipes/convnet/rslt/overfat+6+5e-4/std.t7[0m[1;30m"[0m
  path2load_mean : [1;30m"[0m[0;32m/home/cadene/doc/DeepRecipes/convnet/rslt/overfat+6+5e-4/mean.t7[0m[1;30m"[0m
  gpuid : [0;36m1[0m
  path2load_model : [1;30m"[0m[0;32m/home/cadene/doc/DeepRecipes/convnet/rslt/overfat+6+5e-4/model.t7[0m[1;30m"[0m
  path2load_log : [1;30m"[0m[0;32m./rslt/overfat+6+5e-4[0m[1;30m"[0m
  path2save_mean : [1;30m"[0m[0;32m/home/cadene/doc/DeepRecipes/convnet/rslt/overfat+6+5e-4/mean.t7[0m[1;30m"[0m
  pc_train : [0;36m0.8[0m
  path2save_model : [1;30m"[0m[0;32m/home/cadene/doc/DeepRecipes/convnet/rslt/overfat+6+5e-4/model.t7[0m[1;30m"[0m
  H : [0;36m100[0m
  path2save : [1;30m"[0m[0;32m./rslt/overfat+6+5e-4[0m[1;30m"[0m
  type_criterion : [1;30m"[0m[0;32mNLL[0m[1;30m"[0m
  path2load : [1;30m"[0m[0;32m./rslt/overfat+6+5e-4[0m[1;30m"[0m
  dropout : [0;36m0.5[0m
  epoch : [0;36m100[0m
  path2load_data : [1;30m"[0m[0;32m/home/cadene/data/recipe_101_clean/[0m[1;30m"[0m
  learning_rate_decay : [0;36m0[0m
  path2load_csv : [0;34mfalse[0m
  4d_tensor : [0;34mtrue[0m
  prepare_data : [0;34mfalse[0m
  type_optimizer : [1;30m"[0m[0;32mSGD_overfeat[0m[1;30m"[0m
  N : [0;36m500[0m
  train_model : [0;34mtrue[0m
  convMM : [0;34mtrue[0m
  save_every : [0;36m1[0m
  learning_rate : [0;36m0.0005[0m
  D : [0;36m2[0m
  plot : [0;34mtrue[0m
  load_mean_std : [0;34mfalse[0m
  process_mean_std : [0;34mfalse[0m
}
[0m# ... lunching using pid = 12791[0m	
[0m# ... switching to CUDA[0m	

Database :
101 classes

Model :
nn.Sequential {
  [input -> (1) -> (2) -> (3) -> (4) -> (5) -> (6) -> (7) -> (8) -> (9) -> (10) -> (11) -> (12) -> (13) -> (14) -> (15) -> (16) -> (17) -> (18) -> (19) -> (20) -> (21) -> (22) -> (23) -> (24) -> output]
  (1): cudnn.SpatialConvolution(3 -> 96, 7x7, 2,2)
  (2): nn.ReLU
  (3): nn.SpatialMaxPooling(3,3,3,3)
  (4): cudnn.SpatialConvolution(96 -> 256, 7x7)
  (5): nn.ReLU
  (6): nn.SpatialMaxPooling(2,2,2,2)
  (7): cudnn.SpatialConvolution(256 -> 512, 3x3, 1,1, 1,1)
  (8): nn.ReLU
  (9): cudnn.SpatialConvolution(512 -> 512, 3x3, 1,1, 1,1)
  (10): nn.ReLU
  (11): cudnn.SpatialConvolution(512 -> 1024, 3x3, 1,1, 1,1)
  (12): nn.ReLU
  (13): cudnn.SpatialConvolution(1024 -> 1024, 3x3, 1,1, 1,1)
  (14): nn.ReLU
  (15): nn.SpatialMaxPooling(3,3,3,3)
  (16): cudnn.SpatialConvolution(1024 -> 4096, 5x5)
  (17): nn.ReLU
  (18): nn.Dropout(0.500000)
  (19): cudnn.SpatialConvolution(4096 -> 4096, 1x1)
  (20): nn.ReLU
  (21): nn.Dropout(0.500000)
  (22): cudnn.SpatialConvolution(4096 -> 101, 1x1)
  (23): nn.View
  (24): nn.LogSoftMax
}
140973285 parameters
[0m
Criterion :
type: nn.ClassNLLCriterion[0m	

Optimizer:
nesterov : true
learningRates : size[140973285
dampening : 0
learningRate : 0.0005
weightDecay : 1e-05
momentum : 0.6
[0mtype : SGD_overfeat[0m	
[0m[0m	
[0m######### RUNNING ############[0m	
[0m[0m	
[0m[0m	
[0m# Epoch n° 1[0m	
[0m.:. Batch 1 to 60 on 72328 images[0m	
[0mMemory usage[0m	
[0mCPU[0m	[0;36m7839.0947265625[0m	
[0mGPU[0m	[0m3779334144 / 5032706048[0m	
[0m: 1% done[0m	[0m00:58:23 left[0m	
[0m.:. Batch 3241 to 3300 on 72328 images[0m	
[0mMemory usage[0m	
[0mCPU[0m	[0;36m8668.267578125[0m	
[0mGPU[0m	[0m1245409280 / 5032706048[0m	
[0m: 6% done[0m	[0m01:00:03 left[0m	
[0m.:. Batch 6841 to 6900 on 72328 images[0m	
[0mMemory usage[0m	
[0mCPU[0m	[0;36m8676.609375[0m	
[0mGPU[0m	[0m1245409280 / 5032706048[0m	
[0m: 11% done[0m	[0m00:57:06 left[0m	
[0m.:. Batch 10441 to 10500 on 72328 images[0m	
[0mMemory usage[0m	
[0mCPU[0m	[0;36m8688.4775390625[0m	
[0mGPU[0m	[0m1245409280 / 5032706048[0m	
[0m: 16% done[0m	[0m00:53:58 left[0m	
[0m.:. Batch 14101 to 14160 on 72328 images[0m	
[0mMemory usage[0m	
[0mCPU[0m	[0;36m8757.6533203125[0m	
[0mGPU[0m	[0m1210150912 / 5032706048[0m	
[0m: 21% done[0m	[0m00:50:45 left[0m	
[0m.:. Batch 17701 to 17760 on 72328 images[0m	
[0mMemory usage[0m	
[0mCPU[0m	[0;36m8765.462890625[0m	
[0mGPU[0m	[0m1210150912 / 5032706048[0m	
[0m: 26% done[0m	[0m00:47:36 left[0m	
[0m.:. Batch 21301 to 21360 on 72328 images[0m	
[0mMemory usage[0m	
[0mCPU[0m	[0;36m8769.169921875[0m	
[0mGPU[0m	[0m1210150912 / 5032706048[0m	
[0m: 31% done[0m	[0m00:44:25 left[0m	
[0m.:. Batch 24961 to 25020 on 72328 images[0m	
[0mMemory usage[0m	
[0mCPU[0m	[0;36m8837.712890625[0m	
[0mGPU[0m	[0m1174892544 / 5032706048[0m	
[0m: 36% done[0m	[0m00:41:11 left[0m	
[0m.:. Batch 28561 to 28620 on 72328 images[0m	
[0mMemory usage[0m	
[0mCPU[0m	[0;36m8841.5693359375[0m	
[0mGPU[0m	[0m1174892544 / 5032706048[0m	
[0m: 41% done[0m	[0m00:38:01 left[0m	
[0m.:. Batch 32161 to 32220 on 72328 images[0m	
[0mMemory usage[0m	
[0mCPU[0m	[0;36m8853.3876953125[0m	
[0mGPU[0m	[0m1174892544 / 5032706048[0m	
[0m: 46% done[0m	[0m00:34:50 left[0m	
[0m.:. Batch 35761 to 35820 on 72328 images[0m	
[0mMemory usage[0m	
[0mCPU[0m	[0;36m8857.017578125[0m	
[0mGPU[0m	[0m1174892544 / 5032706048[0m	
[0m: 51% done[0m	[0m00:31:36 left[0m	
[0m.:. Batch 39421 to 39480 on 72328 images[0m	
[0mMemory usage[0m	
[0mCPU[0m	[0;36m8925.95703125[0m	
[0mGPU[0m	[0m1139634176 / 5032706048[0m	
[0m: 56% done[0m	[0m00:28:25 left[0m	
[0m.:. Batch 43021 to 43080 on 72328 images[0m	
[0mMemory usage[0m	
[0mCPU[0m	[0;36m8929.125[0m	
[0mGPU[0m	[0m1139634176 / 5032706048[0m	
[0m: 61% done[0m	[0m00:25:14 left[0m	
[0m.:. Batch 46621 to 46680 on 72328 images[0m	
[0mMemory usage[0m	
[0mCPU[0m	[0;36m8932.908203125[0m	
[0mGPU[0m	[0m1139634176 / 5032706048[0m	
[0m: 66% done[0m	[0m00:22:03 left[0m	
[0m.:. Batch 50281 to 50340 on 72328 images[0m	
[0mMemory usage[0m	
[0mCPU[0m	[0;36m9001.9755859375[0m	
[0mGPU[0m	[0m1104375808 / 5032706048[0m	
[0m: 71% done[0m	[0m00:18:49 left[0m	
[0m.:. Batch 53881 to 53940 on 72328 images[0m	
[0mMemory usage[0m	
[0mCPU[0m	[0;36m9006.5498046875[0m	
[0mGPU[0m	[0m1104375808 / 5032706048[0m	
[0m: 76% done[0m	[0m00:15:37 left[0m	
[0m.:. Batch 57481 to 57540 on 72328 images[0m	
[0mMemory usage[0m	
[0mCPU[0m	[0;36m9010.142578125[0m	
[0mGPU[0m	[0m1104375808 / 5032706048[0m	
[0m: 81% done[0m	[0m00:12:26 left[0m	
[0m.:. Batch 61141 to 61200 on 72328 images[0m	
[0mMemory usage[0m	
[0mCPU[0m	[0;36m9078.900390625[0m	
[0mGPU[0m	[0m1068068864 / 5032706048[0m	
[0m: 86% done[0m	[0m00:09:12 left[0m	
[0m.:. Batch 64741 to 64800 on 72328 images[0m	
[0mMemory usage[0m	
[0mCPU[0m	[0;36m9098.7490234375[0m	
[0mGPU[0m	[0m1068068864 / 5032706048[0m	
[0m: 91% done[0m	[0m00:06:01 left[0m	
[0m.:. Batch 68341 to 68400 on 72328 images[0m	
[0mMemory usage[0m	
[0mCPU[0m	[0;36m9102.4775390625[0m	
[0mGPU[0m	[0m1068068864 / 5032706048[0m	
[0m: 96% done[0m	[0m00:02:50 left[0m	
[0m.:. Batch 71941 to 72000 on 72328 images[0m	
[0mMemory usage[0m	
[0mCPU[0m	[0;36m9106.4951171875[0m	
[0mGPU[0m	[0m1068068864 / 5032706048[0m	
[0m.:. End of Epoch n° 1[0m	
[0m: Real time to learn 1 batch = 00:00:03[0m	
[0m: Real time to learn full batch = 01:04:01[0m	
[0m# Confusion Matrix[0m	
[0m: average row correct: 0.91049036271593%[0m	
[0m: average rowUcol correct (VOC measure): 0.10157647199173%[0m	
[0m: > global correct: 0.92218781108284%[0m	
[0m# ... saving model to /home/cadene/doc/DeepRecipes/convnet/rslt/overfat+6+5e-4/model.t7[0m	
[0m[0m	
[0m# Epoch n° 2[0m	
[0m.:. Batch 1 to 60 on 72328 images[0m	
[0mMemory usage[0m	
[0mCPU[0m	[0;36m10363.560546875[0m	
[0mGPU[0m	[0m1562734592 / 5032706048[0m	
[0m: 1% done[0m	[0m02:39:40 left[0m	
[0m.:. Batch 3241 to 3300 on 72328 images[0m	
[0mMemory usage[0m	
[0mCPU[0m	[0;36m8688.435546875[0m	
[0mGPU[0m	[0m1245409280 / 5032706048[0m	
[0m: 6% done[0m	[0m01:26:17 left[0m	
[0m.:. Batch 6841 to 6900 on 72328 images[0m	
[0mMemory usage[0m	
[0mCPU[0m	[0;36m8693.7255859375[0m	
[0mGPU[0m	[0m1245409280 / 5032706048[0m	
[0m: 11% done[0m	[0m01:10:09 left[0m	
[0m.:. Batch 10441 to 10500 on 72328 images[0m	
[0mMemory usage[0m	
[0mCPU[0m	[0;36m8699.59375[0m	
[0mGPU[0m	[0m1245409280 / 5032706048[0m	
[0m: 16% done[0m	[0m01:02:21 left[0m	
[0m.:. Batch 14101 to 14160 on 72328 images[0m	
[0mMemory usage[0m	
[0mCPU[0m	[0;36m8768.6845703125[0m	
[0mGPU[0m	[0m1210150912 / 5032706048[0m	
[0m: 21% done[0m	[0m00:56:41 left[0m	
[0m.:. Batch 17701 to 17760 on 72328 images[0m	
[0mMemory usage[0m	
[0mCPU[0m	[0;36m8776.3701171875[0m	
[0mGPU[0m	[0m1210150912 / 5032706048[0m	
[0m: 26% done[0m	[0m00:52:08 left[0m	
[0m.:. Batch 21301 to 21360 on 72328 images[0m	
[0mMemory usage[0m	
[0mCPU[0m	[0;36m8780.3056640625[0m	
[0mGPU[0m	[0m1210150912 / 5032706048[0m	
[0m: 31% done[0m	[0m00:47:56 left[0m	
[0m.:. Batch 24961 to 25020 on 72328 images[0m	
[0mMemory usage[0m	
[0mCPU[0m	[0;36m8849.3046875[0m	
[0mGPU[0m	[0m1174892544 / 5032706048[0m	
[0m: 36% done[0m	[0m00:43:59 left[0m	
[0m.:. Batch 28561 to 28620 on 72328 images[0m	
[0mMemory usage[0m	
[0mCPU[0m	[0;36m8852.7822265625[0m	
[0mGPU[0m	[0m1174892544 / 5032706048[0m	
[0m: 41% done[0m	[0m00:40:16 left[0m	
[0m.:. Batch 32161 to 32220 on 72328 images[0m	
[0mMemory usage[0m	
[0mCPU[0m	[0;36m8864.685546875[0m	
[0mGPU[0m	[0m1174892544 / 5032706048[0m	
[0m: 46% done[0m	[0m00:36:40 left[0m	
[0m.:. Batch 35761 to 35820 on 72328 images[0m	
[0mMemory usage[0m	
[0mCPU[0m	[0;36m8868.6015625[0m	
[0mGPU[0m	[0m1174892544 / 5032706048[0m	
[0m: 51% done[0m	[0m00:33:05 left[0m	
[0m.:. Batch 39421 to 39480 on 72328 images[0m	
[0mMemory usage[0m	
[0mCPU[0m	[0;36m8937.13671875[0m	
[0mGPU[0m	[0m1139634176 / 5032706048[0m	
[0m: 56% done[0m	[0m00:29:46 left[0m	
[0m.:. Batch 43021 to 43080 on 72328 images[0m	
[0mMemory usage[0m	
[0mCPU[0m	[0;36m8940.8125[0m	
[0mGPU[0m	[0m1139634176 / 5032706048[0m	
[0m: 61% done[0m	[0m00:26:20 left[0m	
[0m.:. Batch 46621 to 46680 on 72328 images[0m	
[0mMemory usage[0m	
[0mCPU[0m	[0;36m8944.9501953125[0m	
[0mGPU[0m	[0m1139634176 / 5032706048[0m	
[0m: 66% done[0m	[0m00:22:56 left[0m	
[0m.:. Batch 50281 to 50340 on 72328 images[0m	
[0mMemory usage[0m	
[0mCPU[0m	[0;36m9013.7373046875[0m	
[0mGPU[0m	[0m1104375808 / 5032706048[0m	
[0m: 71% done[0m	[0m00:19:31 left[0m	
[0m.:. Batch 53881 to 53940 on 72328 images[0m	
[0mMemory usage[0m	
[0mCPU[0m	[0;36m9017.763671875[0m	
[0mGPU[0m	[0m1104375808 / 5032706048[0m	
[0m: 76% done[0m	[0m00:16:10 left[0m	
[0m.:. Batch 57481 to 57540 on 72328 images[0m	
[0mMemory usage[0m	
[0mCPU[0m	[0;36m9021.1181640625[0m	
[0mGPU[0m	[0m1104375808 / 5032706048[0m	
[0m: 81% done[0m	[0m00:12:52 left[0m	
[0m.:. Batch 61141 to 61200 on 72328 images[0m	
[0mMemory usage[0m	
[0mCPU[0m	[0;36m9089.484375[0m	
[0mGPU[0m	[0m1068068864 / 5032706048[0m	
[0m: 86% done[0m	[0m00:09:31 left[0m	
[0m.:. Batch 64741 to 64800 on 72328 images[0m	
[0mMemory usage[0m	
[0mCPU[0m	[0;36m9109.9951171875[0m	
[0mGPU[0m	[0m1068068864 / 5032706048[0m	
[0m: 91% done[0m	[0m00:06:12 left[0m	
[0m.:. Batch 68341 to 68400 on 72328 images[0m	
[0mMemory usage[0m	
[0mCPU[0m	[0;36m9113.3642578125[0m	
[0mGPU[0m	[0m1068068864 / 5032706048[0m	
[0m: 96% done[0m	[0m00:02:55 left[0m	
[0m.:. Batch 71941 to 72000 on 72328 images[0m	
[0mMemory usage[0m	
[0mCPU[0m	[0;36m9117.220703125[0m	
[0mGPU[0m	[0m1068068864 / 5032706048[0m	
[0m.:. End of Epoch n° 2[0m	
[0m: Real time to learn 1 batch = 00:00:03[0m	
[0m: Real time to learn full batch = 01:05:51[0m	
[0m# Confusion Matrix[0m	
[0m: average row correct: 1.0022749136534%[0m	
[0m: average rowUcol correct (VOC measure): 0.10448351749081%[0m	
[0m: > global correct: 1.0120561884747%[0m	
[0m# ... saving model to /home/cadene/doc/DeepRecipes/convnet/rslt/overfat+6+5e-4/model.t7[0m	
[0m[0m	
[0m# Epoch n° 3[0m	
[0m.:. Batch 1 to 60 on 72328 images[0m	
[0mMemory usage[0m	
[0mCPU[0m	[0;36m10177.642578125[0m	
[0mGPU[0m	[0m1562734592 / 5032706048[0m	
[0m: 1% done[0m	[0m02:07:48 left[0m	
[0m.:. Batch 3241 to 3300 on 72328 images[0m	
[0mMemory usage[0m	
[0mCPU[0m	[0;36m8691.20703125[0m	
[0mGPU[0m	[0m1245409280 / 5032706048[0m	
[0m: 6% done[0m	[0m01:16:14 left[0m	
[0m.:. Batch 6841 to 6900 on 72328 images[0m	
[0mMemory usage[0m	
[0mCPU[0m	[0;36m8696.0322265625[0m	
[0mGPU[0m	[0m1245409280 / 5032706048[0m	
[0m: 11% done[0m	[0m01:05:02 left[0m	
[0m.:. Batch 10441 to 10500 on 72328 images[0m	
[0mMemory usage[0m	
[0mCPU[0m	[0;36m8701.6220703125[0m	
[0mGPU[0m	[0m1245409280 / 5032706048[0m	
[0m: 16% done[0m	[0m00:58:59 left[0m	
[0m.:. Batch 14101 to 14160 on 72328 images[0m	
[0mMemory usage[0m	
[0mCPU[0m	[0;36m8770.58203125[0m	
[0mGPU[0m	[0m1210150912 / 5032706048[0m	
[0m: 21% done[0m	[0m00:54:15 left[0m	
[0m.:. Batch 17701 to 17760 on 72328 images[0m	
[0mMemory usage[0m	
[0mCPU[0m	[0;36m8778.0244140625[0m	
[0mGPU[0m	[0m1210150912 / 5032706048[0m	
[0m: 26% done[0m	[0m00:50:11 left[0m	
[0m.:. Batch 21301 to 21360 on 72328 images[0m	
[0mMemory usage[0m	
[0mCPU[0m	[0;36m8782.0419921875[0m	
[0mGPU[0m	[0m1210150912 / 5032706048[0m	
[0m: 31% done[0m	[0m00:46:24 left[0m	
[0m.:. Batch 24961 to 25020 on 72328 images[0m	
[0mMemory usage[0m	
[0mCPU[0m	[0;36m8850.8720703125[0m	
[0mGPU[0m	[0m1174892544 / 5032706048[0m	
[0m: 36% done[0m	[0m00:42:44 left[0m	
[0m.:. Batch 28561 to 28620 on 72328 images[0m	
[0mMemory usage[0m	
[0mCPU[0m	[0;36m8854.478515625[0m	
[0mGPU[0m	[0m1174892544 / 5032706048[0m	
[0m: 41% done[0m	[0m00:39:15 left[0m	
[0m.:. Batch 32161 to 32220 on 72328 images[0m	
[0mMemory usage[0m	
[0mCPU[0m	[0;36m8866.072265625[0m	
[0mGPU[0m	[0m1174892544 / 5032706048[0m	
[0m: 46% done[0m	[0m00:35:50 left[0m	
[0m.:. Batch 35761 to 35820 on 72328 images[0m	
[0mMemory usage[0m	
[0mCPU[0m	[0;36m8870.32421875[0m	
[0mGPU[0m	[0m1174892544 / 5032706048[0m	
[0m: 51% done[0m	[0m00:32:24 left[0m	
[0m.:. Batch 39421 to 39480 on 72328 images[0m	
[0mMemory usage[0m	
[0mCPU[0m	[0;36m8938.6923828125[0m	
[0mGPU[0m	[0m1139634176 / 5032706048[0m	
[0m: 56% done[0m	[0m00:29:04 left[0m	
[0m.:. Batch 43021 to 43080 on 72328 images[0m	
[0mMemory usage[0m	
[0mCPU[0m	[0;36m8942.666015625[0m	
[0mGPU[0m	[0m1139634176 / 5032706048[0m	
[0m: 61% done[0m	[0m00:25:45 left[0m	
[0m.:. Batch 46621 to 46680 on 72328 images[0m	
[0mMemory usage[0m	
[0mCPU[0m	[0;36m8946.2333984375[0m	
[0mGPU[0m	[0m1139634176 / 5032706048[0m	
[0m: 66% done[0m	[0m00:22:28 left[0m	
[0m.:. Batch 50281 to 50340 on 72328 images[0m	
[0mMemory usage[0m	
[0mCPU[0m	[0;36m9015.505859375[0m	
[0mGPU[0m	[0m1104375808 / 5032706048[0m	
[0m: 71% done[0m	[0m00:19:08 left[0m	
[0m.:. Batch 53881 to 53940 on 72328 images[0m	
[0mMemory usage[0m	
[0mCPU[0m	[0;36m9019.2998046875[0m	
[0mGPU[0m	[0m1104375808 / 5032706048[0m	
[0m: 76% done[0m	[0m00:15:53 left[0m	
[0m.:. Batch 57481 to 57540 on 72328 images[0m	
[0mMemory usage[0m	
[0mCPU[0m	[0;36m9022.6474609375[0m	
[0mGPU[0m	[0m1104375808 / 5032706048[0m	
[0m: 81% done[0m	[0m00:12:37 left[0m	
[0m.:. Batch 61141 to 61200 on 72328 images[0m	
[0mMemory usage[0m	
[0mCPU[0m	[0;36m9091.37109375[0m	
[0mGPU[0m	[0m1068068864 / 5032706048[0m	
[0m: 86% done[0m	[0m00:09:20 left[0m	
[0m.:. Batch 64741 to 64800 on 72328 images[0m	
[0mMemory usage[0m	
[0mCPU[0m	[0;36m9111.611328125[0m	
[0mGPU[0m	[0m1068068864 / 5032706048[0m	
[0m: 91% done[0m	[0m00:06:06 left[0m	
[0m.:. Batch 68341 to 68400 on 72328 images[0m	
[0mMemory usage[0m	
[0mCPU[0m	[0;36m9115.1123046875[0m	
[0mGPU[0m	[0m1068068864 / 5032706048[0m	
[0m: 96% done[0m	[0m00:02:52 left[0m	
[0m.:. Batch 71941 to 72000 on 72328 images[0m	
[0mMemory usage[0m	
[0mCPU[0m	[0;36m9118.859375[0m	
[0mGPU[0m	[0m1068068864 / 5032706048[0m	
[0m.:. End of Epoch n° 3[0m	
[0m: Real time to learn 1 batch = 00:00:03[0m	
[0m: Real time to learn full batch = 01:04:48[0m	
[0m# Confusion Matrix[0m	
[0m: average row correct: 0.94768102522847%[0m	
[0m: average rowUcol correct (VOC measure): 0.095232598146995%[0m	
[0m: > global correct: 0.96090034288242%[0m	
[0m# ... saving model to /home/cadene/doc/DeepRecipes/convnet/rslt/overfat+6+5e-4/model.t7[0m	
[0m[0m	
[0m# Epoch n° 4[0m	
[0m.:. Batch 1 to 60 on 72328 images[0m	
[0mMemory usage[0m	
[0mCPU[0m	[0;36m10166.986328125[0m	
[0mGPU[0m	[0m1562734592 / 5032706048[0m	
[0m: 1% done[0m	[0m02:18:54 left[0m	
[0m.:. Batch 3241 to 3300 on 72328 images[0m	
[0mMemory usage[0m	
[0mCPU[0m	[0;36m8692.1962890625[0m	
[0mGPU[0m	[0m1245409280 / 5032706048[0m	
[0m: 6% done[0m	[0m01:08:20 left[0m	
[0m.:. Batch 6841 to 6900 on 72328 images[0m	
[0mMemory usage[0m	
[0mCPU[0m	[0;36m8696.998046875[0m	
[0mGPU[0m	[0m1245409280 / 5032706048[0m	
[0m: 11% done[0m	[0m01:01:07 left[0m	
[0m.:. Batch 10441 to 10500 on 72328 images[0m	
[0mMemory usage[0m	
[0mCPU[0m	[0;36m8702.5849609375[0m	
[0mGPU[0m	[0m1245409280 / 5032706048[0m	
[0m: 16% done[0m	[0m00:56:31 left[0m	
[0m.:. Batch 14101 to 14160 on 72328 images[0m	
[0mMemory usage[0m	
[0mCPU[0m	[0;36m8771.61328125[0m	
[0mGPU[0m	[0m1210150912 / 5032706048[0m	
[0m: 21% done[0m	[0m00:52:31 left[0m	
[0m.:. Batch 17701 to 17760 on 72328 images[0m	
[0mMemory usage[0m	
[0mCPU[0m	[0;36m8779.146484375[0m	
[0mGPU[0m	[0m1210150912 / 5032706048[0m	
[0m: 26% done[0m	[0m00:48:54 left[0m	
[0m.:. Batch 21301 to 21360 on 72328 images[0m	
[0mMemory usage[0m	
[0mCPU[0m	[0;36m8783.140625[0m	
[0mGPU[0m	[0m1210150912 / 5032706048[0m	
[0m: 31% done[0m	[0m00:45:26 left[0m	
[0m.:. Batch 24961 to 25020 on 72328 images[0m	
[0mMemory usage[0m	
[0mCPU[0m	[0;36m8852.052734375[0m	
[0mGPU[0m	[0m1174892544 / 5032706048[0m	
[0m: 36% done[0m	[0m00:41:59 left[0m	
[0m.:. Batch 28561 to 28620 on 72328 images[0m	
[0mMemory usage[0m	
[0mCPU[0m	[0;36m8855.4091796875[0m	
[0mGPU[0m	[0m1174892544 / 5032706048[0m	
[0m: 41% done[0m	[0m00:38:38 left[0m	
[0m.:. Batch 32161 to 32220 on 72328 images[0m	
[0mMemory usage[0m	
[0mCPU[0m	[0;36m8867.3486328125[0m	
[0mGPU[0m	[0m1174892544 / 5032706048[0m	
[0m: 46% done[0m	[0m00:35:20 left[0m	
[0m.:. Batch 35761 to 35820 on 72328 images[0m	
[0mMemory usage[0m	
[0mCPU[0m	[0;36m8871.107421875[0m	
[0mGPU[0m	[0m1174892544 / 5032706048[0m	
[0m: 51% done[0m	[0m00:32:02 left[0m	
[0m.:. Batch 39421 to 39480 on 72328 images[0m	
[0mMemory usage[0m	
[0mCPU[0m	[0;36m8940.1875[0m	
[0mGPU[0m	[0m1139634176 / 5032706048[0m	
[0m: 56% done[0m	[0m00:28:46 left[0m	
[0m.:. Batch 43021 to 43080 on 72328 images[0m	
[0mMemory usage[0m	
[0mCPU[0m	[0;36m8943.8212890625[0m	
[0mGPU[0m	[0m1139634176 / 5032706048[0m	
[0m: 61% done[0m	[0m00:25:30 left[0m	
[0m.:. Batch 46621 to 46680 on 72328 images[0m	
[0mMemory usage[0m	
[0mCPU[0m	[0;36m8947.6494140625[0m	
[0mGPU[0m	[0m1139634176 / 5032706048[0m	
[0m: 66% done[0m	[0m00:22:15 left[0m	
[0m.:. Batch 50281 to 50340 on 72328 images[0m	
[0mMemory usage[0m	
[0mCPU[0m	[0;36m9015.8427734375[0m	
[0mGPU[0m	[0m1104375808 / 5032706048[0m	
[0m: 71% done[0m	[0m00:18:58 left[0m	
[0m.:. Batch 53881 to 53940 on 72328 images[0m	
[0mMemory usage[0m	
[0mCPU[0m	[0;36m9019.8681640625[0m	
[0mGPU[0m	[0m1104375808 / 5032706048[0m	
[0m: 76% done[0m	[0m00:15:45 left[0m	
[0m.:. Batch 57481 to 57540 on 72328 images[0m	
[0mMemory usage[0m	
[0mCPU[0m	[0;36m9023.779296875[0m	
[0mGPU[0m	[0m1104375808 / 5032706048[0m	
[0m: 81% done[0m	[0m00:12:32 left[0m	
[0m.:. Batch 61141 to 61200 on 72328 images[0m	
[0mMemory usage[0m	
[0mCPU[0m	[0;36m9092.541015625[0m	
[0mGPU[0m	[0m1068068864 / 5032706048[0m	
[0m: 86% done[0m	[0m00:09:16 left[0m	
[0m.:. Batch 64741 to 64800 on 72328 images[0m	
[0mMemory usage[0m	
[0mCPU[0m	[0;36m9112.32421875[0m	
[0mGPU[0m	[0m1068068864 / 5032706048[0m	
[0m: 91% done[0m	[0m00:06:03 left[0m	
[0m.:. Batch 68341 to 68400 on 72328 images[0m	
[0mMemory usage[0m	
[0mCPU[0m	[0;36m9115.65625[0m	
[0mGPU[0m	[0m1068068864 / 5032706048[0m	
[0m: 96% done[0m	[0m00:02:51 left[0m	
[0m.:. Batch 71941 to 72000 on 72328 images[0m	
[0mMemory usage[0m	
[0mCPU[0m	[0;36m9119.6015625[0m	
[0mGPU[0m	[0m1068068864 / 5032706048[0m	
[0m.:. End of Epoch n° 4[0m	
[0m: Real time to learn 1 batch = 00:00:03[0m	
[0m: Real time to learn full batch = 01:04:23[0m	
[0m# Confusion Matrix[0m	
[0m: average row correct: 1.0272074829658%[0m	
[0m: average rowUcol correct (VOC measure): 0.10136372829317%[0m	
[0m: > global correct: 1.0410905873244%[0m	
[0m# ... saving model to /home/cadene/doc/DeepRecipes/convnet/rslt/overfat+6+5e-4/model.t7[0m	
[0m[0m	
[0m# Epoch n° 5[0m	
[0m.:. Batch 1 to 60 on 72328 images[0m	
[0mMemory usage[0m	
[0mCPU[0m	[0;36m10160.986328125[0m	
[0mGPU[0m	[0m1562734592 / 5032706048[0m	
[0m: 1% done[0m	[0m02:38:13 left[0m	
[0m.:. Batch 3241 to 3300 on 72328 images[0m	
[0mMemory usage[0m	
[0mCPU[0m	[0;36m8692.1494140625[0m	
[0mGPU[0m	[0m1245409280 / 5032706048[0m	
[0m: 6% done[0m	[0m01:10:23 left[0m	
[0m.:. Batch 6841 to 6900 on 72328 images[0m	
[0mMemory usage[0m	
[0mCPU[0m	[0;36m8696.8154296875[0m	
[0mGPU[0m	[0m1245409280 / 5032706048[0m	
[0m: 11% done[0m	[0m01:02:11 left[0m	
[0m.:. Batch 10441 to 10500 on 72328 images[0m	
[0mMemory usage[0m	
[0mCPU[0m	[0;36m8703.2607421875[0m	
[0mGPU[0m	[0m1245409280 / 5032706048[0m	
[0m: 16% done[0m	[0m00:57:15 left[0m	
[0m.:. Batch 14101 to 14160 on 72328 images[0m	
[0mMemory usage[0m	
[0mCPU[0m	[0;36m8771.8232421875[0m	
[0mGPU[0m	[0m1210150912 / 5032706048[0m	
[0m: 21% done[0m	[0m00:53:05 left[0m	
[0m.:. Batch 17701 to 17760 on 72328 images[0m	
[0mMemory usage[0m	
[0mCPU[0m	[0;36m8779.58203125[0m	
[0mGPU[0m	[0m1210150912 / 5032706048[0m	
[0m: 26% done[0m	[0m00:49:20 left[0m	
[0m.:. Batch 21301 to 21360 on 72328 images[0m	
[0mMemory usage[0m	
[0mCPU[0m	[0;36m8783.0888671875[0m	
[0mGPU[0m	[0m1210150912 / 5032706048[0m	
[0m: 31% done[0m	[0m00:45:46 left[0m	
[0m.:. Batch 24961 to 25020 on 72328 images[0m	
[0mMemory usage[0m	
[0mCPU[0m	[0;36m8851.9384765625[0m	
[0mGPU[0m	[0m1174892544 / 5032706048[0m	
[0m: 36% done[0m	[0m00:42:15 left[0m	
[0m.:. Batch 28561 to 28620 on 72328 images[0m	
[0mMemory usage[0m	
[0mCPU[0m	[0;36m8855.798828125[0m	
[0mGPU[0m	[0m1174892544 / 5032706048[0m	
[0m: 41% done[0m	[0m00:38:52 left[0m	
[0m.:. Batch 32161 to 32220 on 72328 images[0m	
[0mMemory usage[0m	
[0mCPU[0m	[0;36m8867.7421875[0m	
[0mGPU[0m	[0m1174892544 / 5032706048[0m	
[0m: 46% done[0m	[0m00:35:31 left[0m	
[0m.:. Batch 35761 to 35820 on 72328 images[0m	
[0mMemory usage[0m	
[0mCPU[0m	[0;36m8871.587890625[0m	
[0mGPU[0m	[0m1174892544 / 5032706048[0m	
[0m: 51% done[0m	[0m00:32:09 left[0m	
[0m.:. Batch 39421 to 39480 on 72328 images[0m	
[0mMemory usage[0m	
[0mCPU[0m	[0;36m8940.4091796875[0m	
[0mGPU[0m	[0m1139634176 / 5032706048[0m	
[0m: 56% done[0m	[0m00:28:52 left[0m	
[0m.:. Batch 43021 to 43080 on 72328 images[0m	
[0mMemory usage[0m	
[0mCPU[0m	[0;36m8943.8740234375[0m	
[0mGPU[0m	[0m1139634176 / 5032706048[0m	
[0m: 61% done[0m	[0m00:25:36 left[0m	
[0m.:. Batch 46621 to 46680 on 72328 images[0m	
[0mMemory usage[0m	
[0mCPU[0m	[0;36m8947.6064453125[0m	
[0mGPU[0m	[0m1139634176 / 5032706048[0m	
[0m: 66% done[0m	[0m00:22:20 left[0m	
[0m.:. Batch 50281 to 50340 on 72328 images[0m	
[0mMemory usage[0m	
[0mCPU[0m	[0;36m9016.8076171875[0m	
[0mGPU[0m	[0m1104375808 / 5032706048[0m	
[0m: 71% done[0m	[0m00:19:02 left[0m	
[0m.:. Batch 53881 to 53940 on 72328 images[0m	
[0mMemory usage[0m	
[0mCPU[0m	[0;36m9020.64453125[0m	
[0mGPU[0m	[0m1104375808 / 5032706048[0m	
[0m: 76% done[0m	[0m00:15:48 left[0m	
[0m.:. Batch 57481 to 57540 on 72328 images[0m	
[0mMemory usage[0m	
[0mCPU[0m	[0;36m9024.115234375[0m	
[0mGPU[0m	[0m1104375808 / 5032706048[0m	
[0m: 81% done[0m	[0m00:12:34 left[0m	
[0m.:. Batch 61141 to 61200 on 72328 images[0m	
[0mMemory usage[0m	
[0mCPU[0m	[0;36m9093.064453125[0m	
[0mGPU[0m	[0m1068068864 / 5032706048[0m	
[0m: 86% done[0m	[0m00:09:17 left[0m	
[0m.:. Batch 64741 to 64800 on 72328 images[0m	
[0mMemory usage[0m	
[0mCPU[0m	[0;36m9112.2900390625[0m	
[0mGPU[0m	[0m1068068864 / 5032706048[0m	
[0m: 91% done[0m	[0m00:06:04 left[0m	
[0m.:. Batch 68341 to 68400 on 72328 images[0m	
[0mMemory usage[0m	
[0mCPU[0m	[0;36m9116.5263671875[0m	
[0mGPU[0m	[0m1068068864 / 5032706048[0m	
[0m: 96% done[0m	[0m00:02:51 left[0m	
[0m.:. Batch 71941 to 72000 on 72328 images[0m	
[0mMemory usage[0m	
[0mCPU[0m	[0;36m9120.2197265625[0m	
[0mGPU[0m	[0m1068068864 / 5032706048[0m	
[0m.:. End of Epoch n° 5[0m	
[0m: Real time to learn 1 batch = 00:00:03[0m	
[0m: Real time to learn full batch = 01:04:32[0m	
[0m# Confusion Matrix[0m	
[0m: average row correct: 0.95131935662415%[0m	
[0m: average rowUcol correct (VOC measure): 0.10550051194496%[0m	
[0m: > global correct: 0.96366552372525%[0m	
[0m# ... saving model to /home/cadene/doc/DeepRecipes/convnet/rslt/overfat+6+5e-4/model.t7[0m	
[0m[0m	
[0m# Epoch n° 6[0m	
[0m.:. Batch 1 to 60 on 72328 images[0m	
[0mMemory usage[0m	
[0mCPU[0m	[0;36m10160.380859375[0m	
[0mGPU[0m	[0m1562734592 / 5032706048[0m	
[0m: 1% done[0m	[0m02:18:34 left[0m	
[0m.:. Batch 3241 to 3300 on 72328 images[0m	
[0mMemory usage[0m	
[0mCPU[0m	[0;36m8692.796875[0m	
[0mGPU[0m	[0m1245409280 / 5032706048[0m	
[0m: 6% done[0m	[0m01:13:59 left[0m	
[0m.:. Batch 6841 to 6900 on 72328 images[0m	
[0mMemory usage[0m	
[0mCPU[0m	[0;36m8697.51953125[0m	
[0mGPU[0m	[0m1245409280 / 5032706048[0m	
[0m: 11% done[0m	[0m01:03:56 left[0m	
[0m.:. Batch 10441 to 10500 on 72328 images[0m	
[0mMemory usage[0m	
[0mCPU[0m	[0;36m8703.3896484375[0m	
[0mGPU[0m	[0m1245409280 / 5032706048[0m	
[0m: 16% done[0m	[0m00:58:15 left[0m	
[0m.:. Batch 14101 to 14160 on 72328 images[0m	
[0mMemory usage[0m	
[0mCPU[0m	[0;36m8772.2265625[0m	
[0mGPU[0m	[0m1210150912 / 5032706048[0m	
[0m: 21% done[0m	[0m00:53:45 left[0m	
[0m.:. Batch 17701 to 17760 on 72328 images[0m	
[0mMemory usage[0m	
[0mCPU[0m	[0;36m8779.7958984375[0m	
[0mGPU[0m	[0m1210150912 / 5032706048[0m	
[0m: 26% done[0m	[0m00:49:48 left[0m	
[0m.:. Batch 21301 to 21360 on 72328 images[0m	
[0mMemory usage[0m	
[0mCPU[0m	[0;36m8783.5732421875[0m	
[0mGPU[0m	[0m1210150912 / 5032706048[0m	
[0m: 31% done[0m	[0m00:46:07 left[0m	
[0m.:. Batch 24961 to 25020 on 72328 images[0m	
[0mMemory usage[0m	
[0mCPU[0m	[0;36m8852.390625[0m	
[0mGPU[0m	[0m1174892544 / 5032706048[0m	
[0m: 36% done[0m	[0m00:42:31 left[0m	
[0m.:. Batch 28561 to 28620 on 72328 images[0m	
[0mMemory usage[0m	
[0mCPU[0m	[0;36m8856.0849609375[0m	
[0mGPU[0m	[0m1174892544 / 5032706048[0m	
[0m: 41% done[0m	[0m00:39:05 left[0m	
[0m.:. Batch 32161 to 32220 on 72328 images[0m	
[0mMemory usage[0m	
[0mCPU[0m	[0;36m8867.880859375[0m	
[0mGPU[0m	[0m1174892544 / 5032706048[0m	
[0m: 46% done[0m	[0m00:35:42 left[0m	
[0m.:. Batch 35761 to 35820 on 72328 images[0m	
[0mMemory usage[0m	
[0mCPU[0m	[0;36m8871.556640625[0m	
[0mGPU[0m	[0m1174892544 / 5032706048[0m	
[0m: 51% done[0m	[0m00:32:18 left[0m	
[0m.:. Batch 39421 to 39480 on 72328 images[0m	
[0mMemory usage[0m	
[0mCPU[0m	[0;36m8940.732421875[0m	
[0mGPU[0m	[0m1139634176 / 5032706048[0m	
[0m: 56% done[0m	[0m00:28:59 left[0m	
[0m.:. Batch 43021 to 43080 on 72328 images[0m	
[0mMemory usage[0m	
[0mCPU[0m	[0;36m8944.357421875[0m	
[0mGPU[0m	[0m1139634176 / 5032706048[0m	
[0m: 61% done[0m	[0m00:25:41 left[0m	
[0m.:. Batch 46621 to 46680 on 72328 images[0m	
[0mMemory usage[0m	
[0mCPU[0m	[0;36m8947.7685546875[0m	
[0mGPU[0m	[0m1139634176 / 5032706048[0m	
[0m: 66% done[0m	[0m00:22:25 left[0m	
[0m.:. Batch 50281 to 50340 on 72328 images[0m	
[0mMemory usage[0m	
[0mCPU[0m	[0;36m9017.076171875[0m	
[0mGPU[0m	[0m1104375808 / 5032706048[0m	
[0m: 71% done[0m	[0m00:19:06 left[0m	
[0m.:. Batch 53881 to 53940 on 72328 images[0m	
[0mMemory usage[0m	
[0mCPU[0m	[0;36m9020.4736328125[0m	
[0mGPU[0m	[0m1104375808 / 5032706048[0m	
[0m: 76% done[0m	[0m00:15:51 left[0m	
[0m.:. Batch 57481 to 57540 on 72328 images[0m	
[0mMemory usage[0m	
[0mCPU[0m	[0;36m9024.779296875[0m	
[0mGPU[0m	[0m1104637952 / 5032706048[0m	
[0m: 81% done[0m	[0m00:12:36 left[0m	
[0m.:. Batch 61141 to 61200 on 72328 images[0m	
[0mMemory usage[0m	
[0mCPU[0m	[0;36m9092.8798828125[0m	
[0mGPU[0m	[0m1068331008 / 5032706048[0m	
[0m: 86% done[0m	[0m00:09:19 left[0m	
[0m.:. Batch 64741 to 64800 on 72328 images[0m	
[0mMemory usage[0m	
[0mCPU[0m	[0;36m9112.6767578125[0m	
[0mGPU[0m	[0m1068331008 / 5032706048[0m	
[0m: 91% done[0m	[0m00:06:05 left[0m	
[0m.:. Batch 68341 to 68400 on 72328 images[0m	
[0mMemory usage[0m	
[0mCPU[0m	[0;36m9116.8017578125[0m	
[0mGPU[0m	[0m1068331008 / 5032706048[0m	
[0m: 96% done[0m	[0m00:02:52 left[0m	
[0m.:. Batch 71941 to 72000 on 72328 images[0m	
[0mMemory usage[0m	
[0mCPU[0m	[0;36m9120.3740234375[0m	
[0mGPU[0m	[0m1068331008 / 5032706048[0m	
[0m.:. End of Epoch n° 6[0m	
[0m: Real time to learn 1 batch = 00:00:03[0m	
[0m: Real time to learn full batch = 01:04:40[0m	
[0m# Confusion Matrix[0m	
[0m: average row correct: 0.95184433705054%[0m	
[0m: average rowUcol correct (VOC measure): 0.099486637385654%[0m	
[0m: > global correct: 0.96366552372525%[0m	
[0m# ... saving model to /home/cadene/doc/DeepRecipes/convnet/rslt/overfat+6+5e-4/model.t7[0m	
[0m[0m	
[0m# Epoch n° 7[0m	
[0m.:. Batch 1 to 60 on 72328 images[0m	
[0mMemory usage[0m	
[0mCPU[0m	[0;36m10152.380859375[0m	
[0mGPU[0m	[0m1562996736 / 5032706048[0m	
[0m: 1% done[0m	[0m02:37:10 left[0m	
[0m.:. Batch 3241 to 3300 on 72328 images[0m	
[0mMemory usage[0m	
[0mCPU[0m	[0;36m8692.7587890625[0m	
[0mGPU[0m	[0m1245671424 / 5032706048[0m	
[0m: 6% done[0m	[0m01:30:53 left[0m	
[0m.:. Batch 6841 to 6900 on 72328 images[0m	
[0mMemory usage[0m	
[0mCPU[0m	[0;36m8698.009765625[0m	
[0mGPU[0m	[0m1245671424 / 5032706048[0m	
[0m: 11% done[0m	[0m01:12:30 left[0m	
[0m.:. Batch 10441 to 10500 on 72328 images[0m	
[0mMemory usage[0m	
[0mCPU[0m	[0;36m8703.3271484375[0m	
[0mGPU[0m	[0m1245671424 / 5032706048[0m	
[0m: 16% done[0m	[0m01:03:47 left[0m	
[0m.:. Batch 14101 to 14160 on 72328 images[0m	
[0mMemory usage[0m	
[0mCPU[0m	[0;36m8772.1015625[0m	
[0mGPU[0m	[0m1210413056 / 5032706048[0m	
[0m: 21% done[0m	[0m00:57:50 left[0m	
[0m.:. Batch 17701 to 17760 on 72328 images[0m	
[0mMemory usage[0m	
[0mCPU[0m	[0;36m8779.7255859375[0m	
[0mGPU[0m	[0m1210413056 / 5032706048[0m	
[0m: 26% done[0m	[0m00:53:09 left[0m	
[0m.:. Batch 21301 to 21360 on 72328 images[0m	
[0mMemory usage[0m	
[0mCPU[0m	[0;36m8783.796875[0m	
[0mGPU[0m	[0m1210413056 / 5032706048[0m	
[0m: 31% done[0m	[0m00:48:44 left[0m	
[0m.:. Batch 24961 to 25020 on 72328 images[0m	
[0mMemory usage[0m	
[0mCPU[0m	[0;36m8852.5556640625[0m	
[0mGPU[0m	[0m1175154688 / 5032706048[0m	
[0m: 36% done[0m	[0m00:44:38 left[0m	
[0m.:. Batch 28561 to 28620 on 72328 images[0m	
[0mMemory usage[0m	
[0mCPU[0m	[0;36m8856.3740234375[0m	
[0mGPU[0m	[0m1175154688 / 5032706048[0m	
[0m: 41% done[0m	[0m00:40:47 left[0m	
[0m.:. Batch 32161 to 32220 on 72328 images[0m	
[0mMemory usage[0m	
[0mCPU[0m	[0;36m8867.8359375[0m	
[0mGPU[0m	[0m1175154688 / 5032706048[0m	
[0m: 46% done[0m	[0m00:37:05 left[0m	
[0m.:. Batch 35761 to 35820 on 72328 images[0m	
[0mMemory usage[0m	
[0mCPU[0m	[0;36m8871.328125[0m	
[0mGPU[0m	[0m1175154688 / 5032706048[0m	
[0m: 51% done[0m	[0m00:33:26 left[0m	
[0m.:. Batch 39421 to 39480 on 72328 images[0m	
[0mMemory usage[0m	
[0mCPU[0m	[0;36m8940.2919921875[0m	
[0mGPU[0m	[0m1139896320 / 5032706048[0m	
[0m: 56% done[0m	[0m00:29:54 left[0m	
[0m.:. Batch 43021 to 43080 on 72328 images[0m	
[0mMemory usage[0m	
[0mCPU[0m	[0;36m8944.837890625[0m	
[0mGPU[0m	[0m1139896320 / 5032706048[0m	
[0m: 61% done[0m	[0m00:26:27 left[0m	
[0m.:. Batch 46621 to 46680 on 72328 images[0m	
[0mMemory usage[0m	
[0mCPU[0m	[0;36m8948.4697265625[0m	
[0mGPU[0m	[0m1139896320 / 5032706048[0m	
[0m: 66% done[0m	[0m00:23:01 left[0m	
[0m.:. Batch 50281 to 50340 on 72328 images[0m	
[0mMemory usage[0m	
[0mCPU[0m	[0;36m9017.037109375[0m	
[0mGPU[0m	[0m1104637952 / 5032706048[0m	
[0m: 71% done[0m	[0m00:19:35 left[0m	
[0m.:. Batch 53881 to 53940 on 72328 images[0m	
[0mMemory usage[0m	
[0mCPU[0m	[0;36m9021.279296875[0m	
[0mGPU[0m	[0m1104637952 / 5032706048[0m	
[0m: 76% done[0m	[0m00:16:13 left[0m	
[0m.:. Batch 57481 to 57540 on 72328 images[0m	
[0mMemory usage[0m	
[0mCPU[0m	[0;36m9024.6171875[0m	
[0mGPU[0m	[0m1104637952 / 5032706048[0m	
[0m: 81% done[0m	[0m00:12:53 left[0m	
[0m.:. Batch 61141 to 61200 on 72328 images[0m	
[0mMemory usage[0m	
[0mCPU[0m	[0;36m9093.60546875[0m	
[0mGPU[0m	[0m1068331008 / 5032706048[0m	
[0m: 86% done[0m	[0m00:09:31 left[0m	
[0m.:. Batch 64741 to 64800 on 72328 images[0m	
[0mMemory usage[0m	
[0mCPU[0m	[0;36m9113.3466796875[0m	
[0mGPU[0m	[0m1068331008 / 5032706048[0m	
[0m: 91% done[0m	[0m00:06:12 left[0m	
[0m.:. Batch 68341 to 68400 on 72328 images[0m	
[0mMemory usage[0m	
[0mCPU[0m	[0;36m9117.27734375[0m	
[0mGPU[0m	[0m1068331008 / 5032706048[0m	
[0m: 96% done[0m	[0m00:02:55 left[0m	
[0m.:. Batch 71941 to 72000 on 72328 images[0m	
[0mMemory usage[0m	
[0mCPU[0m	[0;36m9120.6708984375[0m	
[0mGPU[0m	[0m1068331008 / 5032706048[0m	
[0m.:. End of Epoch n° 7[0m	
[0m: Real time to learn 1 batch = 00:00:03[0m	
[0m: Real time to learn full batch = 01:05:53[0m	
[0m# Confusion Matrix[0m	
[0m: average row correct: 1.0477565524012%[0m	
[0m: average rowUcol correct (VOC measure): 0.11517042467039%[0m	
[0m: > global correct: 1.0604468532242%[0m	
[0m# ... saving model to /home/cadene/doc/DeepRecipes/convnet/rslt/overfat+6+5e-4/model.t7[0m	
[0m[0m	
[0m# Epoch n° 8[0m	
[0m.:. Batch 1 to 60 on 72328 images[0m	
[0mMemory usage[0m	
[0mCPU[0m	[0;36m10152.080078125[0m	
[0mGPU[0m	[0m1562996736 / 5032706048[0m	
[0m: 1% done[0m	[0m04:42:14 left[0m	
[0m.:. Batch 3241 to 3300 on 72328 images[0m	
[0mMemory usage[0m	
[0mCPU[0m	[0;36m8693.1455078125[0m	
[0mGPU[0m	[0m1245671424 / 5032706048[0m	
[0m: 6% done[0m	[0m01:29:49 left[0m	
[0m.:. Batch 6841 to 6900 on 72328 images[0m	
[0mMemory usage[0m	
[0mCPU[0m	[0;36m8697.8955078125[0m	
[0mGPU[0m	[0m1245671424 / 5032706048[0m	
[0m: 11% done[0m	[0m01:11:53 left[0m	
[0m.:. Batch 10441 to 10500 on 72328 images[0m	
[0mMemory usage[0m	
[0mCPU[0m	[0;36m8703.6767578125[0m	
[0mGPU[0m	[0m1245671424 / 5032706048[0m	
[0m: 16% done[0m	[0m01:03:21 left[0m	
[0m.:. Batch 14101 to 14160 on 72328 images[0m	
[0mMemory usage[0m	
[0mCPU[0m	[0;36m8772.5068359375[0m	
[0mGPU[0m	[0m1210413056 / 5032706048[0m	
[0m: 21% done[0m	[0m00:57:24 left[0m	
[0m.:. Batch 17701 to 17760 on 72328 images[0m	
[0mMemory usage[0m	
[0mCPU[0m	[0;36m8780.1591796875[0m	
[0mGPU[0m	[0m1210413056 / 5032706048[0m	
[0m: 26% done[0m	[0m00:52:34 left[0m	
[0m.:. Batch 21301 to 21360 on 72328 images[0m	
[0mMemory usage[0m	
[0mCPU[0m	[0;36m8784.146484375[0m	
[0mGPU[0m	[0m1210413056 / 5032706048[0m	
[0m: 31% done[0m	[0m00:48:18 left[0m	
[0m.:. Batch 24961 to 25020 on 72328 images[0m	
[0mMemory usage[0m	
[0mCPU[0m	[0;36m8852.9697265625[0m	
[0mGPU[0m	[0m1175154688 / 5032706048[0m	
[0m: 36% done[0m	[0m00:44:16 left[0m	
[0m.:. Batch 28561 to 28620 on 72328 images[0m	
[0mMemory usage[0m	
[0mCPU[0m	[0;36m8856.8662109375[0m	
[0mGPU[0m	[0m1175154688 / 5032706048[0m	
[0m: 41% done[0m	[0m00:40:29 left[0m	
[0m.:. Batch 32161 to 32220 on 72328 images[0m	
[0mMemory usage[0m	
[0mCPU[0m	[0;36m8868.087890625[0m	
[0mGPU[0m	[0m1175154688 / 5032706048[0m	
[0m: 46% done[0m	[0m00:36:50 left[0m	
[0m.:. Batch 35761 to 35820 on 72328 images[0m	
[0mMemory usage[0m	
[0mCPU[0m	[0;36m8872.0537109375[0m	
[0mGPU[0m	[0m1175154688 / 5032706048[0m	
[0m: 51% done[0m	[0m00:33:14 left[0m	
[0m.:. Batch 39421 to 39480 on 72328 images[0m	
[0mMemory usage[0m	
[0mCPU[0m	[0;36m8941.0146484375[0m	
[0mGPU[0m	[0m1139896320 / 5032706048[0m	
[0m: 56% done[0m	[0m00:29:45 left[0m	
[0m.:. Batch 43021 to 43080 on 72328 images[0m	
[0mMemory usage[0m	
[0mCPU[0m	[0;36m8944.8974609375[0m	
[0mGPU[0m	[0m1139896320 / 5032706048[0m	
[0m: 61% done[0m	[0m00:26:18 left[0m	
[0m.:. Batch 46621 to 46680 on 72328 images[0m	
[0mMemory usage[0m	
[0mCPU[0m	[0;36m8948.525390625[0m	
[0mGPU[0m	[0m1139896320 / 5032706048[0m	
[0m: 66% done[0m	[0m00:22:55 left[0m	
[0m.:. Batch 50281 to 50340 on 72328 images[0m	
[0mMemory usage[0m	
[0mCPU[0m	[0;36m9017.283203125[0m	
[0mGPU[0m	[0m1104637952 / 5032706048[0m	
[0m: 71% done[0m	[0m00:19:29 left[0m	
[0m.:. Batch 53881 to 53940 on 72328 images[0m	
[0mMemory usage[0m	
[0mCPU[0m	[0;36m9020.44921875[0m	
[0mGPU[0m	[0m1104637952 / 5032706048[0m	
[0m: 76% done[0m	[0m00:16:09 left[0m	
[0m.:. Batch 57481 to 57540 on 72328 images[0m	
[0mMemory usage[0m	
[0mCPU[0m	[0;36m9025.2255859375[0m	
[0mGPU[0m	[0m1104637952 / 5032706048[0m	
[0m: 81% done[0m	[0m00:12:50 left[0m	
[0m.:. Batch 61141 to 61200 on 72328 images[0m	
[0mMemory usage[0m	
[0mCPU[0m	[0;36m9093.55859375[0m	
[0mGPU[0m	[0m1068331008 / 5032706048[0m	
[0m: 86% done[0m	[0m00:09:28 left[0m	
[0m.:. Batch 64741 to 64800 on 72328 images[0m	
[0mMemory usage[0m	
[0mCPU[0m	[0;36m9113.103515625[0m	
[0mGPU[0m	[0m1068331008 / 5032706048[0m	
[0m: 91% done[0m	[0m00:06:11 left[0m	
[0m.:. Batch 68341 to 68400 on 72328 images[0m	
[0mMemory usage[0m	
[0mCPU[0m	[0;36m9117.2216796875[0m	
[0mGPU[0m	[0m1068331008 / 5032706048[0m	
[0m: 96% done[0m	[0m00:02:54 left[0m	
[0m.:. Batch 71941 to 72000 on 72328 images[0m	
[0mMemory usage[0m	
[0mCPU[0m	[0;36m9120.9658203125[0m	
[0mGPU[0m	[0m1068331008 / 5032706048[0m	
[0m.:. End of Epoch n° 8[0m	
[0m: Real time to learn 1 batch = 00:00:03[0m	
[0m: Real time to learn full batch = 01:05:37[0m	
[0m# Confusion Matrix[0m	
[0m: average row correct: 0.93138608332299%[0m	
[0m: average rowUcol correct (VOC measure): 0.10051635568869%[0m	
[0m: > global correct: 0.94016148656122%[0m	
[0m# ... saving model to /home/cadene/doc/DeepRecipes/convnet/rslt/overfat+6+5e-4/model.t7[0m	
[0m[0m	
[0m# Epoch n° 9[0m	
[0m.:. Batch 1 to 60 on 72328 images[0m	
[0mMemory usage[0m	
[0mCPU[0m	[0;36m10150.830078125[0m	
[0mGPU[0m	[0m1562996736 / 5032706048[0m	
[0m: 1% done[0m	[0m45:32:41 left[0m	
[0m.:. Batch 3241 to 3300 on 72328 images[0m	
[0mMemory usage[0m	
[0mCPU[0m	[0;36m8693.43359375[0m	
[0mGPU[0m	[0m1245409280 / 5032706048[0m	
[0m: 6% done[0m	[0m06:40:20 left[0m	
[0m.:. Batch 6841 to 6900 on 72328 images[0m	
[0mMemory usage[0m	
[0mCPU[0m	[0;36m8697.783203125[0m	
[0mGPU[0m	[0m1245409280 / 5032706048[0m	
[0m: 11% done[0m	[0m03:46:57 left[0m	
[0m.:. Batch 10441 to 10500 on 72328 images[0m	
[0mMemory usage[0m	
[0mCPU[0m	[0;36m8703.4921875[0m	
[0mGPU[0m	[0m1245409280 / 5032706048[0m	
[0m: 16% done[0m	[0m02:43:35 left[0m	
[0m.:. Batch 14101 to 14160 on 72328 images[0m	
[0mMemory usage[0m	
[0mCPU[0m	[0;36m8772.3408203125[0m	
[0mGPU[0m	[0m1210150912 / 5032706048[0m	
[0m: 21% done[0m	[0m02:21:42 left[0m	
[0m.:. Batch 17701 to 17760 on 72328 images[0m	
[0mMemory usage[0m	
[0mCPU[0m	[0;36m8780.4873046875[0m	
[0mGPU[0m	[0m1210150912 / 5032706048[0m	
[0m: 26% done[0m	[0m01:58:30 left[0m	
[0m.:. Batch 21301 to 21360 on 72328 images[0m	
[0mMemory usage[0m	
[0mCPU[0m	[0;36m8784.0458984375[0m	
[0mGPU[0m	[0m1210150912 / 5032706048[0m	
[0m: 31% done[0m	[0m01:42:06 left[0m	
[0m.:. Batch 24961 to 25020 on 72328 images[0m	
[0mMemory usage[0m	
[0mCPU[0m	[0;36m8852.640625[0m	
[0mGPU[0m	[0m1174892544 / 5032706048[0m	
[0m: 36% done[0m	[0m01:27:03 left[0m	
[0m.:. Batch 28561 to 28620 on 72328 images[0m	
[0mMemory usage[0m	
[0mCPU[0m	[0;36m8856.5791015625[0m	
[0mGPU[0m	[0m1174892544 / 5032706048[0m	
[0m: 41% done[0m	[0m01:15:18 left[0m	
[0m.:. Batch 32161 to 32220 on 72328 images[0m	
[0mMemory usage[0m	
[0mCPU[0m	[0;36m8868.0751953125[0m	
[0mGPU[0m	[0m1174892544 / 5032706048[0m	
[0m: 46% done[0m	[0m01:05:54 left[0m	
[0m.:. Batch 35761 to 35820 on 72328 images[0m	
[0mMemory usage[0m	
[0mCPU[0m	[0;36m8872.0458984375[0m	
[0mGPU[0m	[0m1174892544 / 5032706048[0m	
[0m: 51% done[0m	[0m00:56:57 left[0m	
[0m.:. Batch 39421 to 39480 on 72328 images[0m	
[0mMemory usage[0m	
[0mCPU[0m	[0;36m8940.6181640625[0m	
[0mGPU[0m	[0m1139634176 / 5032706048[0m	
[0m: 56% done[0m	[0m00:49:10 left[0m	
[0m.:. Batch 43021 to 43080 on 72328 images[0m	
[0mMemory usage[0m	
[0mCPU[0m	[0;36m8944.6884765625[0m	
[0mGPU[0m	[0m1139634176 / 5032706048[0m	
[0m: 61% done[0m	[0m00:42:08 left[0m	
[0m.:. Batch 46621 to 46680 on 72328 images[0m	
[0mMemory usage[0m	
[0mCPU[0m	[0;36m8948.4033203125[0m	
[0mGPU[0m	[0m1139634176 / 5032706048[0m	
[0m: 66% done[0m	[0m00:35:42 left[0m	
[0m.:. Batch 50281 to 50340 on 72328 images[0m	
[0mMemory usage[0m	
[0mCPU[0m	[0;36m9017.236328125[0m	
[0mGPU[0m	[0m1104375808 / 5032706048[0m	
[0m: 71% done[0m	[0m00:29:39 left[0m	
[0m.:. Batch 53881 to 53940 on 72328 images[0m	
[0mMemory usage[0m	
[0mCPU[0m	[0;36m9020.697265625[0m	
[0mGPU[0m	[0m1104375808 / 5032706048[0m	
[0m: 76% done[0m	[0m00:24:03 left[0m	
[0m.:. Batch 57481 to 57540 on 72328 images[0m	
[0mMemory usage[0m	
[0mCPU[0m	[0;36m9024.87890625[0m	
[0mGPU[0m	[0m1104375808 / 5032706048[0m	
[0m: 81% done[0m	[0m00:18:44 left[0m	
[0m.:. Batch 61141 to 61200 on 72328 images[0m	
[0mMemory usage[0m	
[0mCPU[0m	[0;36m9093.71875[0m	
[0mGPU[0m	[0m1068068864 / 5032706048[0m	
[0m: 86% done[0m	[0m00:13:35 left[0m	
[0m.:. Batch 64741 to 64800 on 72328 images[0m	
[0mMemory usage[0m	
[0mCPU[0m	[0;36m9113.490234375[0m	
[0mGPU[0m	[0m1068068864 / 5032706048[0m	
[0m: 91% done[0m	[0m00:08:44 left[0m	
[0m.:. Batch 68341 to 68400 on 72328 images[0m	
[0mMemory usage[0m	
[0mCPU[0m	[0;36m9116.9169921875[0m	
[0mGPU[0m	[0m1068068864 / 5032706048[0m	
[0m: 96% done[0m	[0m00:04:02 left[0m	
[0m.:. Batch 71941 to 72000 on 72328 images[0m	
[0mMemory usage[0m	
[0mCPU[0m	[0;36m9120.869140625[0m	
[0mGPU[0m	[0m1068068864 / 5032706048[0m	
[0m.:. End of Epoch n° 9[0m	
[0m: Real time to learn 1 batch = 00:00:04[0m	
[0m: Real time to learn full batch = 01:31:11[0m	
[0m# Confusion Matrix[0m	
[0m: average row correct: 0.96552150674386%[0m	
[0m: average rowUcol correct (VOC measure): 0.10239525944788%[0m	
[0m: > global correct: 0.97749142793939%[0m	
[0m# ... saving model to /home/cadene/doc/DeepRecipes/convnet/rslt/overfat+6+5e-4/model.t7[0m	
[0m[0m	
[0m# Epoch n° 10[0m	
[0m.:. Batch 1 to 60 on 72328 images[0m	
[0mMemory usage[0m	
[0mCPU[0m	[0;36m10149.017578125[0m	
[0mGPU[0m	[0m1562734592 / 5032706048[0m	
[0m: 1% done[0m	[0m02:13:26 left[0m	
[0m.:. Batch 3241 to 3300 on 72328 images[0m	
[0mMemory usage[0m	
[0mCPU[0m	[0;36m8693.3740234375[0m	
[0mGPU[0m	[0m1245409280 / 5032706048[0m	
[0m: 6% done[0m	[0m01:07:07 left[0m	
[0m.:. Batch 6841 to 6900 on 72328 images[0m	
[0mMemory usage[0m	
[0mCPU[0m	[0;36m8698.1357421875[0m	
[0mGPU[0m	[0m1245409280 / 5032706048[0m	
[0m: 11% done[0m	[0m01:00:29 left[0m	
[0m.:. Batch 10441 to 10500 on 72328 images[0m	
[0mMemory usage[0m	
[0mCPU[0m	[0;36m8704.0166015625[0m	
[0mGPU[0m	[0m1245409280 / 5032706048[0m	
[0m: 16% done[0m	[0m00:56:04 left[0m	
[0m.:. Batch 14101 to 14160 on 72328 images[0m	
[0mMemory usage[0m	
[0mCPU[0m	[0;36m8772.521484375[0m	
[0mGPU[0m	[0m1210150912 / 5032706048[0m	
[0m: 21% done[0m	[0m00:57:45 left[0m	
[0m.:. Batch 17701 to 17760 on 72328 images[0m	
[0mMemory usage[0m	
[0mCPU[0m	[0;36m8780.2822265625[0m	
[0mGPU[0m	[0m1210150912 / 5032706048[0m	
[0m: 26% done[0m	[0m00:52:50 left[0m	
[0m.:. Batch 21301 to 21360 on 72328 images[0m	
[0mMemory usage[0m	
[0mCPU[0m	[0;36m8783.8740234375[0m	
[0mGPU[0m	[0m1210150912 / 5032706048[0m	
[0m: 31% done[0m	[0m00:48:29 left[0m	
[0m.:. Batch 24961 to 25020 on 72328 images[0m	
[0mMemory usage[0m	
[0mCPU[0m	[0;36m8852.8134765625[0m	
[0mGPU[0m	[0m1174892544 / 5032706048[0m	
[0m: 36% done[0m	[0m00:44:24 left[0m	
[0m.:. Batch 28561 to 28620 on 72328 images[0m	
[0mMemory usage[0m	
[0mCPU[0m	[0;36m8856.4853515625[0m	
[0mGPU[0m	[0m1174892544 / 5032706048[0m	
[0m: 41% done[0m	[0m00:40:35 left[0m	
[0m.:. Batch 32161 to 32220 on 72328 images[0m	
[0mMemory usage[0m	
[0mCPU[0m	[0;36m8868.322265625[0m	
[0mGPU[0m	[0m1174892544 / 5032706048[0m	
[0m: 46% done[0m	[0m00:37:15 left[0m	
[0m.:. Batch 35761 to 35820 on 72328 images[0m	
[0mMemory usage[0m	
[0mCPU[0m	[0;36m8872.052734375[0m	
[0mGPU[0m	[0m1174892544 / 5032706048[0m	
[0m: 51% done[0m	[0m00:34:29 left[0m	
[0m.:. Batch 39421 to 39480 on 72328 images[0m	
[0mMemory usage[0m	
[0mCPU[0m	[0;36m8940.5087890625[0m	
[0mGPU[0m	[0m1139634176 / 5032706048[0m	
[0m: 56% done[0m	[0m00:30:46 left[0m	
[0m.:. Batch 43021 to 43080 on 72328 images[0m	
[0mMemory usage[0m	
[0mCPU[0m	[0;36m8944.6806640625[0m	
[0mGPU[0m	[0m1139634176 / 5032706048[0m	
[0m: 61% done[0m	[0m00:27:08 left[0m	
[0m.:. Batch 46621 to 46680 on 72328 images[0m	
[0mMemory usage[0m	
[0mCPU[0m	[0;36m8948.2392578125[0m	
[0mGPU[0m	[0m1139634176 / 5032706048[0m	
[0m: 66% done[0m	[0m00:23:35 left[0m	
[0m.:. Batch 50281 to 50340 on 72328 images[0m	
[0mMemory usage[0m	
[0mCPU[0m	[0;36m9017.4619140625[0m	
[0mGPU[0m	[0m1104375808 / 5032706048[0m	
[0m: 71% done[0m	[0m00:20:08 left[0m	
[0m.:. Batch 53881 to 53940 on 72328 images[0m	
[0mMemory usage[0m	
[0mCPU[0m	[0;36m9021.123046875[0m	
[0mGPU[0m	[0m1104375808 / 5032706048[0m	
[0m: 76% done[0m	[0m00:17:23 left[0m	
[0m.:. Batch 57481 to 57540 on 72328 images[0m	
[0mMemory usage[0m	
[0mCPU[0m	[0;36m9025.30078125[0m	
[0mGPU[0m	[0m1104375808 / 5032706048[0m	
[0m: 81% done[0m	[0m00:13:45 left[0m	
[0m.:. Batch 61141 to 61200 on 72328 images[0m	
[0mMemory usage[0m	
[0mCPU[0m	[0;36m9093.9521484375[0m	
[0mGPU[0m	[0m1068068864 / 5032706048[0m	
[0m: 86% done[0m	[0m00:10:37 left[0m	
[0m.:. Batch 64741 to 64800 on 72328 images[0m	
[0mMemory usage[0m	
[0mCPU[0m	[0;36m9113.427734375[0m	
[0mGPU[0m	[0m1068068864 / 5032706048[0m	
[0m: 91% done[0m	[0m00:07:04 left[0m	
[0m.:. Batch 68341 to 68400 on 72328 images[0m	
[0mMemory usage[0m	
[0mCPU[0m	[0;36m9117.234375[0m	
[0mGPU[0m	[0m1068068864 / 5032706048[0m	
[0m: 96% done[0m	[0m00:03:31 left[0m	
[0m.:. Batch 71941 to 72000 on 72328 images[0m	
[0mMemory usage[0m	
[0mCPU[0m	[0;36m9120.615234375[0m	
[0mGPU[0m	[0m1068068864 / 5032706048[0m	
[0m.:. End of Epoch n° 10[0m	
[0m: Real time to learn 1 batch = 00:00:04[0m	
[0m: Real time to learn full batch = 01:24:21[0m	
[0m# Confusion Matrix[0m	
[0m: average row correct: 0.98931040063888%[0m	
[0m: average rowUcol correct (VOC measure): 0.10825964301769%[0m	
[0m: > global correct: 1.0009954651034%[0m	
[0m# ... saving model to /home/cadene/doc/DeepRecipes/convnet/rslt/overfat+6+5e-4/model.t7[0m	
[0m[0m	
[0m# Epoch n° 11[0m	
[0m.:. Batch 1 to 60 on 72328 images[0m	
[0mMemory usage[0m	
[0mCPU[0m	[0;36m10147.767578125[0m	
[0mGPU[0m	[0m1562734592 / 5032706048[0m	
[0m: 1% done[0m	[0m01:59:08 left[0m	
[0m.:. Batch 3241 to 3300 on 72328 images[0m	
[0mMemory usage[0m	
[0mCPU[0m	[0;36m8693.5078125[0m	
[0mGPU[0m	[0m1245409280 / 5032706048[0m	
[0m: 6% done[0m	[0m02:06:39 left[0m	
[0m.:. Batch 6841 to 6900 on 72328 images[0m	
[0mMemory usage[0m	
[0mCPU[0m	[0;36m8698.03515625[0m	
[0mGPU[0m	[0m1245409280 / 5032706048[0m	
[0m: 11% done[0m	[0m01:31:07 left[0m	
[0m.:. Batch 10441 to 10500 on 72328 images[0m	
[0mMemory usage[0m	
[0mCPU[0m	[0;36m8703.865234375[0m	
[0mGPU[0m	[0m1245409280 / 5032706048[0m	
[0m: 16% done[0m	[0m01:15:44 left[0m	
[0m.:. Batch 14101 to 14160 on 72328 images[0m	
[0mMemory usage[0m	
[0mCPU[0m	[0;36m8772.677734375[0m	
[0mGPU[0m	[0m1210150912 / 5032706048[0m	
[0m: 21% done[0m	[0m01:06:07 left[0m	
[0m.:. Batch 17701 to 17760 on 72328 images[0m	
[0mMemory usage[0m	
[0mCPU[0m	[0;36m8780.2314453125[0m	
[0mGPU[0m	[0m1210150912 / 5032706048[0m	
[0m: 26% done[0m	[0m00:59:11 left[0m	
[0m.:. Batch 21301 to 21360 on 72328 images[0m	
[0mMemory usage[0m	
[0mCPU[0m	[0;36m8784.1357421875[0m	
[0mGPU[0m	[0m1210150912 / 5032706048[0m	
[0m: 31% done[0m	[0m00:53:27 left[0m	
[0m.:. Batch 24961 to 25020 on 72328 images[0m	
[0mMemory usage[0m	
[0mCPU[0m	[0;36m8853.029296875[0m	
[0mGPU[0m	[0m1174892544 / 5032706048[0m	
[0m: 36% done[0m	[0m00:48:25 left[0m	
[0m.:. Batch 28561 to 28620 on 72328 images[0m	
[0mMemory usage[0m	
[0mCPU[0m	[0;36m8856.5400390625[0m	
[0mGPU[0m	[0m1174892544 / 5032706048[0m	
[0m: 41% done[0m	[0m00:43:51 left[0m	
[0m.:. Batch 32161 to 32220 on 72328 images[0m	
[0mMemory usage[0m	
[0mCPU[0m	[0;36m8868.2568359375[0m	
[0mGPU[0m	[0m1174892544 / 5032706048[0m	
[0m: 46% done[0m	[0m00:39:34 left[0m	
[0m.:. Batch 35761 to 35820 on 72328 images[0m	
[0mMemory usage[0m	
[0mCPU[0m	[0;36m8872.0693359375[0m	
[0mGPU[0m	[0m1174892544 / 5032706048[0m	
[0m: 51% done[0m	[0m00:35:27 left[0m	
[0m.:. Batch 39421 to 39480 on 72328 images[0m	
[0mMemory usage[0m	
[0mCPU[0m	[0;36m8941.1533203125[0m	
[0mGPU[0m	[0m1139634176 / 5032706048[0m	
[0m: 56% done[0m	[0m00:31:33 left[0m	
[0m.:. Batch 43021 to 43080 on 72328 images[0m	
[0mMemory usage[0m	
[0mCPU[0m	[0;36m8945.0146484375[0m	
[0mGPU[0m	[0m1139634176 / 5032706048[0m	
[0m: 61% done[0m	[0m00:27:49 left[0m	
[0m.:. Batch 46621 to 46680 on 72328 images[0m	
[0mMemory usage[0m	
[0mCPU[0m	[0;36m8948.271484375[0m	
[0mGPU[0m	[0m1139634176 / 5032706048[0m	
[0m: 66% done[0m	[0m00:24:08 left[0m	
[0m.:. Batch 50281 to 50340 on 72328 images[0m	
[0mMemory usage[0m	
[0mCPU[0m	[0;36m9017.671875[0m	
[0mGPU[0m	[0m1104375808 / 5032706048[0m	
[0m: 71% done[0m	[0m00:20:28 left[0m	
[0m.:. Batch 53881 to 53940 on 72328 images[0m	
[0mMemory usage[0m	
[0mCPU[0m	[0;36m9021.029296875[0m	
[0mGPU[0m	[0m1104375808 / 5032706048[0m	
[0m: 76% done[0m	[0m00:16:54 left[0m	
[0m.:. Batch 57481 to 57540 on 72328 images[0m	
[0mMemory usage[0m	
[0mCPU[0m	[0;36m9024.6201171875[0m	
[0mGPU[0m	[0m1104375808 / 5032706048[0m	
[0m: 81% done[0m	[0m00:13:23 left[0m	
[0m.:. Batch 61141 to 61200 on 72328 images[0m	
[0mMemory usage[0m	
[0mCPU[0m	[0;36m9093.5478515625[0m	
[0mGPU[0m	[0m1068068864 / 5032706048[0m	
[0m: 86% done[0m	[0m00:09:52 left[0m	
[0m.:. Batch 64741 to 64800 on 72328 images[0m	
[0mMemory usage[0m	
[0mCPU[0m	[0;36m9113.4404296875[0m	
[0mGPU[0m	[0m1068068864 / 5032706048[0m	
[0m: 91% done[0m	[0m00:06:26 left[0m	
[0m.:. Batch 68341 to 68400 on 72328 images[0m	
[0mMemory usage[0m	
[0mCPU[0m	[0;36m9117.1572265625[0m	
[0mGPU[0m	[0m1068068864 / 5032706048[0m	
[0m: 96% done[0m	[0m00:03:01 left[0m	
[0m.:. Batch 71941 to 72000 on 72328 images[0m	
[0mMemory usage[0m	
[0mCPU[0m	[0;36m9121.0673828125[0m	
[0mGPU[0m	[0m1068068864 / 5032706048[0m	
[0m.:. End of Epoch n° 11[0m	
[0m: Real time to learn 1 batch = 00:00:03[0m	
[0m: Real time to learn full batch = 01:07:57[0m	
[0m# Confusion Matrix[0m	
[0m: average row correct: 0.91859270544206%[0m	
[0m: average rowUcol correct (VOC measure): 0.10190929140951%[0m	
[0m: > global correct: 0.92910076318991%[0m	
[0m# ... saving model to /home/cadene/doc/DeepRecipes/convnet/rslt/overfat+6+5e-4/model.t7[0m	
[0m[0m	
[0m# Epoch n° 12[0m	
[0m.:. Batch 1 to 60 on 72328 images[0m	
[0mMemory usage[0m	
[0mCPU[0m	[0;36m10146.517578125[0m	
[0mGPU[0m	[0m1562734592 / 5032706048[0m	
[0m: 1% done[0m	[0m01:07:19 left[0m	
[0m.:. Batch 3241 to 3300 on 72328 images[0m	
[0mMemory usage[0m	
[0mCPU[0m	[0;36m8693.154296875[0m	
[0mGPU[0m	[0m1245409280 / 5032706048[0m	
[0m: 6% done[0m	[0m01:00:46 left[0m	
[0m.:. Batch 6841 to 6900 on 72328 images[0m	
[0mMemory usage[0m	
[0mCPU[0m	[0;36m8698.0986328125[0m	
[0mGPU[0m	[0m1245409280 / 5032706048[0m	
[0m: 11% done[0m	[0m00:57:17 left[0m	
[0m.:. Batch 10441 to 10500 on 72328 images[0m	
[0mMemory usage[0m	
[0mCPU[0m	[0;36m8703.654296875[0m	
[0mGPU[0m	[0m1245409280 / 5032706048[0m	
[0m: 16% done[0m	[0m00:54:00 left[0m	
[0m.:. Batch 14101 to 14160 on 72328 images[0m	
[0mMemory usage[0m	
[0mCPU[0m	[0;36m8772.515625[0m	
[0mGPU[0m	[0m1210150912 / 5032706048[0m	
[0m: 21% done[0m	[0m00:50:43 left[0m	
[0m.:. Batch 17701 to 17760 on 72328 images[0m	
[0mMemory usage[0m	
[0mCPU[0m	[0;36m8780.3125[0m	
[0mGPU[0m	[0m1210150912 / 5032706048[0m	
[0m: 26% done[0m	[0m00:47:31 left[0m	
[0m.:. Batch 21301 to 21360 on 72328 images[0m	
[0mMemory usage[0m	
[0mCPU[0m	[0;36m8784.3359375[0m	
[0mGPU[0m	[0m1210150912 / 5032706048[0m	
[0m: 31% done[0m	[0m00:44:20 left[0m	
[0m.:. Batch 24961 to 25020 on 72328 images[0m	
[0mMemory usage[0m	
[0mCPU[0m	[0;36m8852.9990234375[0m	
[0mGPU[0m	[0m1174892544 / 5032706048[0m	
[0m: 36% done[0m	[0m00:41:06 left[0m	
[0m.:. Batch 28561 to 28620 on 72328 images[0m	
[0mMemory usage[0m	
[0mCPU[0m	[0;36m8856.330078125[0m	
[0mGPU[0m	[0m1174892544 / 5032706048[0m	
[0m: 41% done[0m	[0m00:37:56 left[0m	
[0m.:. Batch 32161 to 32220 on 72328 images[0m	
[0mMemory usage[0m	
[0mCPU[0m	[0;36m8868.7158203125[0m	
[0mGPU[0m	[0m1174892544 / 5032706048[0m	
[0m: 46% done[0m	[0m00:34:46 left[0m	
[0m.:. Batch 35761 to 35820 on 72328 images[0m	
[0mMemory usage[0m	
[0mCPU[0m	[0;36m8871.9423828125[0m	
[0mGPU[0m	[0m1174892544 / 5032706048[0m	
[0m: 51% done[0m	[0m00:31:32 left[0m	
[0m.:. Batch 39421 to 39480 on 72328 images[0m	
[0mMemory usage[0m	
[0mCPU[0m	[0;36m8941.09375[0m	
[0mGPU[0m	[0m1139634176 / 5032706048[0m	
[0m: 56% done[0m	[0m00:28:22 left[0m	
[0m.:. Batch 43021 to 43080 on 72328 images[0m	
[0mMemory usage[0m	
[0mCPU[0m	[0;36m8944.7021484375[0m	
[0mGPU[0m	[0m1139634176 / 5032706048[0m	
[0m: 61% done[0m	[0m00:25:11 left[0m	
[0m.:. Batch 46621 to 46680 on 72328 images[0m	
[0mMemory usage[0m	
[0mCPU[0m	[0;36m8948.4423828125[0m	
[0mGPU[0m	[0m1139634176 / 5032706048[0m	
[0m: 66% done[0m	[0m00:22:00 left[0m	
[0m.:. Batch 50281 to 50340 on 72328 images[0m	
[0mMemory usage[0m	
[0mCPU[0m	[0;36m9017.138671875[0m	
[0mGPU[0m	[0m1104375808 / 5032706048[0m	
[0m: 71% done[0m	[0m00:18:46 left[0m	
[0m.:. Batch 53881 to 53940 on 72328 images[0m	
[0mMemory usage[0m	
[0mCPU[0m	[0;36m9020.9384765625[0m	
[0mGPU[0m	[0m1104375808 / 5032706048[0m	
[0m: 76% done[0m	[0m00:15:36 left[0m	
[0m.:. Batch 57481 to 57540 on 72328 images[0m	
[0mMemory usage[0m	
[0mCPU[0m	[0;36m9024.5859375[0m	
[0mGPU[0m	[0m1104375808 / 5032706048[0m	
[0m: 81% done[0m	[0m00:12:25 left[0m	
[0m.:. Batch 61141 to 61200 on 72328 images[0m	
[0mMemory usage[0m	
[0mCPU[0m	[0;36m9093.4296875[0m	
[0mGPU[0m	[0m1068068864 / 5032706048[0m	
[0m: 86% done[0m	[0m00:09:11 left[0m	
[0m.:. Batch 64741 to 64800 on 72328 images[0m	
[0mMemory usage[0m	
[0mCPU[0m	[0;36m9113.2626953125[0m	
[0mGPU[0m	[0m1068068864 / 5032706048[0m	
[0m: 91% done[0m	[0m00:06:00 left[0m	
[0m.:. Batch 68341 to 68400 on 72328 images[0m	
[0mMemory usage[0m	
[0mCPU[0m	[0;36m9117.1044921875[0m	
[0mGPU[0m	[0m1068068864 / 5032706048[0m	
[0m: 96% done[0m	[0m00:02:49 left[0m	
[0m.:. Batch 71941 to 72000 on 72328 images[0m	
[0mMemory usage[0m	
[0mCPU[0m	[0;36m9120.419921875[0m	
[0mGPU[0m	[0m1068068864 / 5032706048[0m	
[0m.:. End of Epoch n° 12[0m	
[0m: Real time to learn 1 batch = 00:00:03[0m	
[0m: Real time to learn full batch = 01:03:54[0m	
[0m# Confusion Matrix[0m	
[0m: average row correct: 0.99657061797945%[0m	
[0m: average rowUcol correct (VOC measure): 0.11126274971457%[0m	
[0m: > global correct: 1.0079084172105%[0m	
[0m# ... saving model to /home/cadene/doc/DeepRecipes/convnet/rslt/overfat+6+5e-4/model.t7[0m	
[0m[0m	
[0m# Epoch n° 13[0m	
[0m.:. Batch 1 to 60 on 72328 images[0m	
[0mMemory usage[0m	
[0mCPU[0m	[0;36m10145.267578125[0m	
[0mGPU[0m	[0m1562734592 / 5032706048[0m	
[0m: 1% done[0m	[0m01:09:42 left[0m	
[0m.:. Batch 3241 to 3300 on 72328 images[0m	
[0mMemory usage[0m	
[0mCPU[0m	[0;36m8693.2080078125[0m	
[0mGPU[0m	[0m1245409280 / 5032706048[0m	
[0m: 6% done[0m	[0m01:00:49 left[0m	
[0m.:. Batch 6841 to 6900 on 72328 images[0m	
[0mMemory usage[0m	
[0mCPU[0m	[0;36m8698.044921875[0m	
[0mGPU[0m	[0m1245409280 / 5032706048[0m	
[0m: 11% done[0m	[0m00:57:19 left[0m	
[0m.:. Batch 10441 to 10500 on 72328 images[0m	
[0mMemory usage[0m	
[0mCPU[0m	[0;36m8703.529296875[0m	
[0mGPU[0m	[0m1245409280 / 5032706048[0m	
[0m: 16% done[0m	[0m00:54:02 left[0m	
[0m.:. Batch 14101 to 14160 on 72328 images[0m	
[0mMemory usage[0m	
[0mCPU[0m	[0;36m8772.4306640625[0m	
[0mGPU[0m	[0m1210150912 / 5032706048[0m	
[0m: 21% done[0m	[0m00:50:44 left[0m	
[0m.:. Batch 17701 to 17760 on 72328 images[0m	
[0mMemory usage[0m	
[0mCPU[0m	[0;36m8780.560546875[0m	
[0mGPU[0m	[0m1210150912 / 5032706048[0m	
[0m: 26% done[0m	[0m00:47:35 left[0m	
[0m.:. Batch 21301 to 21360 on 72328 images[0m	
[0mMemory usage[0m	
[0mCPU[0m	[0;36m8783.955078125[0m	
[0mGPU[0m	[0m1210150912 / 5032706048[0m	
[0m: 31% done[0m	[0m00:44:24 left[0m	
[0m.:. Batch 24961 to 25020 on 72328 images[0m	
[0mMemory usage[0m	
[0mCPU[0m	[0;36m8853.1376953125[0m	
[0mGPU[0m	[0m1174892544 / 5032706048[0m	
[0m: 36% done[0m	[0m00:41:09 left[0m	
[0m.:. Batch 28561 to 28620 on 72328 images[0m	
[0mMemory usage[0m	
[0mCPU[0m	[0;36m8856.6513671875[0m	
[0mGPU[0m	[0m1174892544 / 5032706048[0m	
[0m: 41% done[0m	[0m00:37:57 left[0m	
[0m.:. Batch 32161 to 32220 on 72328 images[0m	
[0mMemory usage[0m	
[0mCPU[0m	[0;36m8868.3955078125[0m	
[0mGPU[0m	[0m1174892544 / 5032706048[0m	
[0m: 46% done[0m	[0m00:34:46 left[0m	
[0m.:. Batch 35761 to 35820 on 72328 images[0m	
[0mMemory usage[0m	
[0mCPU[0m	[0;36m8872.130859375[0m	
[0mGPU[0m	[0m1174892544 / 5032706048[0m	
[0m: 51% done[0m	[0m00:31:32 left[0m	
[0m.:. Batch 39421 to 39480 on 72328 images[0m	
[0mMemory usage[0m	
[0mCPU[0m	[0;36m8940.8251953125[0m	
[0mGPU[0m	[0m1139634176 / 5032706048[0m	
[0m: 56% done[0m	[0m00:28:21 left[0m	
[0m.:. Batch 43021 to 43080 on 72328 images[0m	
[0mMemory usage[0m	
[0mCPU[0m	[0;36m8944.115234375[0m	
[0mGPU[0m	[0m1139634176 / 5032706048[0m	
[0m: 61% done[0m	[0m00:25:10 left[0m	
[0m.:. Batch 46621 to 46680 on 72328 images[0m	
[0mMemory usage[0m	
[0mCPU[0m	[0;36m8948.8203125[0m	
[0mGPU[0m	[0m1139634176 / 5032706048[0m	
[0m: 66% done[0m	[0m00:21:59 left[0m	
[0m.:. Batch 50281 to 50340 on 72328 images[0m	
[0mMemory usage[0m	
[0mCPU[0m	[0;36m9017.2802734375[0m	
[0mGPU[0m	[0m1104375808 / 5032706048[0m	
[0m: 71% done[0m	[0m00:18:45 left[0m	
[0m.:. Batch 53881 to 53940 on 72328 images[0m	
[0mMemory usage[0m	
[0mCPU[0m	[0;36m9021.134765625[0m	
[0mGPU[0m	[0m1104375808 / 5032706048[0m	
[0m: 76% done[0m	[0m00:15:35 left[0m	
[0m.:. Batch 57481 to 57540 on 72328 images[0m	
[0mMemory usage[0m	
[0mCPU[0m	[0;36m9025.0244140625[0m	
[0mGPU[0m	[0m1104375808 / 5032706048[0m	
[0m: 81% done[0m	[0m00:12:24 left[0m	
[0m.:. Batch 61141 to 61200 on 72328 images[0m	
[0mMemory usage[0m	
[0mCPU[0m	[0;36m9093.57421875[0m	
[0mGPU[0m	[0m1068068864 / 5032706048[0m	
[0m: 86% done[0m	[0m00:09:10 left[0m	
[0m.:. Batch 64741 to 64800 on 72328 images[0m	
[0mMemory usage[0m	
[0mCPU[0m	[0;36m9113.3623046875[0m	
[0mGPU[0m	[0m1068068864 / 5032706048[0m	
[0m: 91% done[0m	[0m00:06:00 left[0m	
[0m.:. Batch 68341 to 68400 on 72328 images[0m	
[0mMemory usage[0m	
[0mCPU[0m	[0;36m9117.1826171875[0m	
[0mGPU[0m	[0m1068068864 / 5032706048[0m	
[0m: 96% done[0m	[0m00:02:49 left[0m	
[0m.:. Batch 71941 to 72000 on 72328 images[0m	
[0mMemory usage[0m	
[0mCPU[0m	[0;36m9120.7822265625[0m	
[0mGPU[0m	[0m1068068864 / 5032706048[0m	
[0m.:. End of Epoch n° 13[0m	
[0m: Real time to learn 1 batch = 00:00:03[0m	
[0m: Real time to learn full batch = 01:03:49[0m	
[0m# Confusion Matrix[0m	
[0m: average row correct: 0.98252378238162%[0m	
[0m: average rowUcol correct (VOC measure): 0.10524500071504%[0m	
[0m: > global correct: 0.99408251299635%[0m	
[0m# ... saving model to /home/cadene/doc/DeepRecipes/convnet/rslt/overfat+6+5e-4/model.t7[0m	
[0m[0m	
[0m# Epoch n° 14[0m	
[0m.:. Batch 1 to 60 on 72328 images[0m	
[0mMemory usage[0m	
[0mCPU[0m	[0;36m10144.017578125[0m	
[0mGPU[0m	[0m1562734592 / 5032706048[0m	
[0m: 1% done[0m	[0m01:17:11 left[0m	
[0m.:. Batch 3241 to 3300 on 72328 images[0m	
[0mMemory usage[0m	
[0mCPU[0m	[0;36m8693.16015625[0m	
[0mGPU[0m	[0m1245409280 / 5032706048[0m	
[0m: 6% done[0m	[0m01:01:36 left[0m	
[0m.:. Batch 6841 to 6900 on 72328 images[0m	
[0mMemory usage[0m	
[0mCPU[0m	[0;36m8697.6201171875[0m	
[0mGPU[0m	[0m1245409280 / 5032706048[0m	
[0m: 11% done[0m	[0m00:57:42 left[0m	
[0m.:. Batch 10441 to 10500 on 72328 images[0m	
[0mMemory usage[0m	
[0mCPU[0m	[0;36m8704.08984375[0m	
[0mGPU[0m	[0m1245409280 / 5032706048[0m	
[0m: 16% done[0m	[0m00:54:16 left[0m	
[0m.:. Batch 14101 to 14160 on 72328 images[0m	
[0mMemory usage[0m	
[0mCPU[0m	[0;36m8772.767578125[0m	
[0mGPU[0m	[0m1210150912 / 5032706048[0m	
[0m: 21% done[0m	[0m00:50:57 left[0m	
[0m.:. Batch 17701 to 17760 on 72328 images[0m	
[0mMemory usage[0m	
[0mCPU[0m	[0;36m8780.5087890625[0m	
[0mGPU[0m	[0m1210150912 / 5032706048[0m	
[0m: 26% done[0m	[0m00:47:43 left[0m	
[0m.:. Batch 21301 to 21360 on 72328 images[0m	
[0mMemory usage[0m	
[0mCPU[0m	[0;36m8784.451171875[0m	
[0mGPU[0m	[0m1210150912 / 5032706048[0m	
[0m: 31% done[0m	[0m00:44:30 left[0m	
[0m.:. Batch 24961 to 25020 on 72328 images[0m	
[0mMemory usage[0m	
[0mCPU[0m	[0;36m8852.8466796875[0m	
[0mGPU[0m	[0m1174892544 / 5032706048[0m	
[0m: 36% done[0m	[0m00:41:15 left[0m	
[0m.:. Batch 28561 to 28620 on 72328 images[0m	
[0mMemory usage[0m	
[0mCPU[0m	[0;36m8856.5439453125[0m	
[0mGPU[0m	[0m1174892544 / 5032706048[0m	
[0m: 41% done[0m	[0m00:38:04 left[0m	
[0m.:. Batch 32161 to 32220 on 72328 images[0m	
[0mMemory usage[0m	
[0mCPU[0m	[0;36m8868.42578125[0m	
[0mGPU[0m	[0m1174892544 / 5032706048[0m	
[0m: 46% done[0m	[0m00:34:51 left[0m	
[0m.:. Batch 35761 to 35820 on 72328 images[0m	
[0mMemory usage[0m	
[0mCPU[0m	[0;36m8871.8857421875[0m	
[0mGPU[0m	[0m1174892544 / 5032706048[0m	
[0m: 51% done[0m	[0m00:31:36 left[0m	
[0m.:. Batch 39421 to 39480 on 72328 images[0m	
[0mMemory usage[0m	
[0mCPU[0m	[0;36m8941.1318359375[0m	
[0mGPU[0m	[0m1139634176 / 5032706048[0m	
[0m: 56% done[0m	[0m00:28:25 left[0m	
[0m.:. Batch 43021 to 43080 on 72328 images[0m	
[0mMemory usage[0m	
[0mCPU[0m	[0;36m8944.615234375[0m	
[0mGPU[0m	[0m1139634176 / 5032706048[0m	
[0m: 61% done[0m	[0m00:25:14 left[0m	
[0m.:. Batch 46621 to 46680 on 72328 images[0m	
[0mMemory usage[0m	
[0mCPU[0m	[0;36m8948.6064453125[0m	
[0mGPU[0m	[0m1139634176 / 5032706048[0m	
[0m: 66% done[0m	[0m00:22:02 left[0m	
[0m.:. Batch 50281 to 50340 on 72328 images[0m	
[0mMemory usage[0m	
[0mCPU[0m	[0;36m9017.13671875[0m	
[0mGPU[0m	[0m1104375808 / 5032706048[0m	
[0m: 71% done[0m	[0m00:18:48 left[0m	
[0m.:. Batch 53881 to 53940 on 72328 images[0m	
[0mMemory usage[0m	
[0mCPU[0m	[0;36m9021.107421875[0m	
[0mGPU[0m	[0m1104375808 / 5032706048[0m	
[0m: 76% done[0m	[0m00:15:37 left[0m	
[0m.:. Batch 57481 to 57540 on 72328 images[0m	
[0mMemory usage[0m	
[0mCPU[0m	[0;36m9024.3720703125[0m	
[0mGPU[0m	[0m1104375808 / 5032706048[0m	
[0m: 81% done[0m	[0m00:12:26 left[0m	
[0m.:. Batch 61141 to 61200 on 72328 images[0m	
[0mMemory usage[0m	
[0mCPU[0m	[0;36m9093.4052734375[0m	
[0mGPU[0m	[0m1068068864 / 5032706048[0m	
[0m: 86% done[0m	[0m00:09:11 left[0m	
[0m.:. Batch 64741 to 64800 on 72328 images[0m	
[0mMemory usage[0m	
[0mCPU[0m	[0;36m9113.2802734375[0m	
[0mGPU[0m	[0m1068068864 / 5032706048[0m	
[0m: 91% done[0m	[0m00:06:01 left[0m	
[0m.:. Batch 68341 to 68400 on 72328 images[0m	
[0mMemory usage[0m	
[0mCPU[0m	[0;36m9117.62890625[0m	
[0mGPU[0m	[0m1068068864 / 5032706048[0m	
[0m: 96% done[0m	[0m00:02:50 left[0m	
[0m.:. Batch 71941 to 72000 on 72328 images[0m	
[0mMemory usage[0m	
[0mCPU[0m	[0;36m9120.765625[0m	
[0mGPU[0m	[0m1068068864 / 5032706048[0m	
[0m.:. End of Epoch n° 14[0m	
[0m: Real time to learn 1 batch = 00:00:03[0m	
[0m: Real time to learn full batch = 01:03:57[0m	
[0m# Confusion Matrix[0m	
[0m: average row correct: 1.020385865537%[0m	
[0m: average rowUcol correct (VOC measure): 0.11262062575096%[0m	
[0m: > global correct: 1.0327950447959%[0m	
[0m# ... saving model to /home/cadene/doc/DeepRecipes/convnet/rslt/overfat+6+5e-4/model.t7[0m	
[0m[0m	
[0m# Epoch n° 15[0m	
[0m.:. Batch 1 to 60 on 72328 images[0m	
[0mMemory usage[0m	
[0mCPU[0m	[0;36m10142.767578125[0m	
[0mGPU[0m	[0m1562734592 / 5032706048[0m	
[0m: 1% done[0m	[0m01:03:29 left[0m	
[0m.:. Batch 3241 to 3300 on 72328 images[0m	
[0mMemory usage[0m	
[0mCPU[0m	[0;36m8693.1875[0m	
[0mGPU[0m	[0m1245409280 / 5032706048[0m	
[0m: 6% done[0m	[0m01:00:06 left[0m	
[0m.:. Batch 6841 to 6900 on 72328 images[0m	
[0mMemory usage[0m	
[0mCPU[0m	[0;36m8698.0634765625[0m	
[0mGPU[0m	[0m1245409280 / 5032706048[0m	
[0m: 11% done[0m	[0m00:57:03 left[0m	
[0m.:. Batch 10441 to 10500 on 72328 images[0m	
[0mMemory usage[0m	
[0mCPU[0m	[0;36m8703.8134765625[0m	
[0mGPU[0m	[0m1245409280 / 5032706048[0m	
[0m: 16% done[0m	[0m00:53:53 left[0m	
[0m.:. Batch 14101 to 14160 on 72328 images[0m	
[0mMemory usage[0m	
[0mCPU[0m	[0;36m8772.5068359375[0m	
[0mGPU[0m	[0m1210150912 / 5032706048[0m	
[0m: 21% done[0m	[0m00:50:40 left[0m	
[0m.:. Batch 17701 to 17760 on 72328 images[0m	
[0mMemory usage[0m	
[0mCPU[0m	[0;36m8780.138671875[0m	
[0mGPU[0m	[0m1210413056 / 5032706048[0m	
[0m: 26% done[0m	[0m00:47:29 left[0m	
[0m.:. Batch 21301 to 21360 on 72328 images[0m	
[0mMemory usage[0m	
[0mCPU[0m	[0;36m8784.0078125[0m	
[0mGPU[0m	[0m1210413056 / 5032706048[0m	
[0m: 31% done[0m	[0m00:44:18 left[0m	
[0m.:. Batch 24961 to 25020 on 72328 images[0m	
[0mMemory usage[0m	
[0mCPU[0m	[0;36m8852.982421875[0m	
[0mGPU[0m	[0m1175154688 / 5032706048[0m	
[0m: 36% done[0m	[0m00:41:05 left[0m	
[0m.:. Batch 28561 to 28620 on 72328 images[0m	
[0mMemory usage[0m	
[0mCPU[0m	[0;36m8856.541015625[0m	
[0mGPU[0m	[0m1175154688 / 5032706048[0m	
[0m: 41% done[0m	[0m00:37:55 left[0m	
[0m.:. Batch 32161 to 32220 on 72328 images[0m	
[0mMemory usage[0m	
[0mCPU[0m	[0;36m8868.2705078125[0m	
[0mGPU[0m	[0m1175154688 / 5032706048[0m	
[0m: 46% done[0m	[0m00:34:44 left[0m	
[0m.:. Batch 35761 to 35820 on 72328 images[0m	
[0mMemory usage[0m	
[0mCPU[0m	[0;36m8872.482421875[0m	
[0mGPU[0m	[0m1175154688 / 5032706048[0m	
[0m: 51% done[0m	[0m00:31:31 left[0m	
[0m.:. Batch 39421 to 39480 on 72328 images[0m	
[0mMemory usage[0m	
[0mCPU[0m	[0;36m8941.0537109375[0m	
[0mGPU[0m	[0m1139896320 / 5032706048[0m	
[0m: 56% done[0m	[0m00:28:20 left[0m	
[0m.:. Batch 43021 to 43080 on 72328 images[0m	
[0mMemory usage[0m	
[0mCPU[0m	[0;36m8944.7490234375[0m	
[0mGPU[0m	[0m1139896320 / 5032706048[0m	
[0m: 61% done[0m	[0m00:25:10 left[0m	
[0m.:. Batch 46621 to 46680 on 72328 images[0m	
[0mMemory usage[0m	
[0mCPU[0m	[0;36m8948.1513671875[0m	
[0mGPU[0m	[0m1139896320 / 5032706048[0m	
[0m: 66% done[0m	[0m00:21:59 left[0m	
[0m.:. Batch 50281 to 50340 on 72328 images[0m	
[0mMemory usage[0m	
[0mCPU[0m	[0;36m9017.06640625[0m	
[0mGPU[0m	[0m1104637952 / 5032706048[0m	
[0m: 71% done[0m	[0m00:18:45 left[0m	
[0m.:. Batch 53881 to 53940 on 72328 images[0m	
[0mMemory usage[0m	
[0mCPU[0m	[0;36m9021.0498046875[0m	
[0mGPU[0m	[0m1104637952 / 5032706048[0m	
[0m: 76% done[0m	[0m00:15:35 left[0m	
[0m.:. Batch 57481 to 57540 on 72328 images[0m	
[0mMemory usage[0m	
[0mCPU[0m	[0;36m9024.6630859375[0m	
[0mGPU[0m	[0m1104637952 / 5032706048[0m	
[0m: 81% done[0m	[0m00:12:24 left[0m	
[0m.:. Batch 61141 to 61200 on 72328 images[0m	
[0mMemory usage[0m	
[0mCPU[0m	[0;36m9093.6298828125[0m	
[0mGPU[0m	[0m1068331008 / 5032706048[0m	
[0m: 86% done[0m	[0m00:09:11 left[0m	
[0m.:. Batch 64741 to 64800 on 72328 images[0m	
[0mMemory usage[0m	
[0mCPU[0m	[0;36m9113.5234375[0m	
[0mGPU[0m	[0m1068331008 / 5032706048[0m	
[0m: 91% done[0m	[0m00:06:00 left[0m	
[0m.:. Batch 68341 to 68400 on 72328 images[0m	
[0mMemory usage[0m	
[0mCPU[0m	[0;36m9117.2490234375[0m	
[0mGPU[0m	[0m1068331008 / 5032706048[0m	
[0m: 96% done[0m	[0m00:02:49 left[0m	
[0m.:. Batch 71941 to 72000 on 72328 images[0m	
[0mMemory usage[0m	
[0mCPU[0m	[0;36m9120.6162109375[0m	
[0mGPU[0m	[0m1068331008 / 5032706048[0m	
[0m.:. End of Epoch n° 15[0m	
[0m: Real time to learn 1 batch = 00:00:03[0m	
[0m: Real time to learn full batch = 01:03:51[0m	
[0m# Confusion Matrix[0m	
[0m: average row correct: 1.0189682693626%[0m	
[0m: average rowUcol correct (VOC measure): 0.11511147921296%[0m	
[0m: > global correct: 1.0300298639531%[0m	
[0m# ... saving model to /home/cadene/doc/DeepRecipes/convnet/rslt/overfat+6+5e-4/model.t7[0m	
[0m[0m	
[0m# Epoch n° 16[0m	
[0m.:. Batch 1 to 60 on 72328 images[0m	
[0mMemory usage[0m	
[0mCPU[0m	[0;36m10141.517578125[0m	
[0mGPU[0m	[0m1562996736 / 5032706048[0m	
[0m: 1% done[0m	[0m01:01:15 left[0m	
[0m.:. Batch 3241 to 3300 on 72328 images[0m	
[0mMemory usage[0m	
[0mCPU[0m	[0;36m8693.0361328125[0m	
[0mGPU[0m	[0m1245671424 / 5032706048[0m	
[0m: 6% done[0m	[0m01:00:13 left[0m	
[0m.:. Batch 6841 to 6900 on 72328 images[0m	
[0mMemory usage[0m	
[0mCPU[0m	[0;36m8698.087890625[0m	
[0mGPU[0m	[0m1245671424 / 5032706048[0m	
[0m: 11% done[0m	[0m00:57:04 left[0m	
[0m.:. Batch 10441 to 10500 on 72328 images[0m	
[0mMemory usage[0m	
[0mCPU[0m	[0;36m8704.091796875[0m	
[0mGPU[0m	[0m1245671424 / 5032706048[0m	
[0m: 16% done[0m	[0m00:53:56 left[0m	
[0m.:. Batch 14101 to 14160 on 72328 images[0m	
[0mMemory usage[0m	
[0mCPU[0m	[0;36m8772.470703125[0m	
[0mGPU[0m	[0m1210413056 / 5032706048[0m	
[0m: 21% done[0m	[0m00:50:43 left[0m	
[0m.:. Batch 17701 to 17760 on 72328 images[0m	
[0mMemory usage[0m	
[0mCPU[0m	[0;36m8780.30859375[0m	
[0mGPU[0m	[0m1210413056 / 5032706048[0m	
[0m: 26% done[0m	[0m00:47:33 left[0m	
[0m.:. Batch 21301 to 21360 on 72328 images[0m	
[0mMemory usage[0m	
[0mCPU[0m	[0;36m8784.1083984375[0m	
[0mGPU[0m	[0m1210413056 / 5032706048[0m	
[0m: 31% done[0m	[0m00:44:22 left[0m	
[0m.:. Batch 24961 to 25020 on 72328 images[0m	
[0mMemory usage[0m	
[0mCPU[0m	[0;36m8852.8095703125[0m	
[0mGPU[0m	[0m1175154688 / 5032706048[0m	
[0m: 36% done[0m	[0m00:41:08 left[0m	
[0m.:. Batch 28561 to 28620 on 72328 images[0m	
[0mMemory usage[0m	
[0mCPU[0m	[0;36m8856.392578125[0m	
[0mGPU[0m	[0m1175154688 / 5032706048[0m	
[0m: 41% done[0m	[0m00:37:58 left[0m	
[0m.:. Batch 32161 to 32220 on 72328 images[0m	
[0mMemory usage[0m	
[0mCPU[0m	[0;36m8868.5009765625[0m	
[0mGPU[0m	[0m1175154688 / 5032706048[0m	
[0m: 46% done[0m	[0m00:34:47 left[0m	
[0m.:. Batch 35761 to 35820 on 72328 images[0m	
[0mMemory usage[0m	
[0mCPU[0m	[0;36m8871.8896484375[0m	
[0mGPU[0m	[0m1175154688 / 5032706048[0m	
[0m: 51% done[0m	[0m00:31:33 left[0m	
[0m.:. Batch 39421 to 39480 on 72328 images[0m	
[0mMemory usage[0m	
[0mCPU[0m	[0;36m8941.0302734375[0m	
[0mGPU[0m	[0m1139896320 / 5032706048[0m	
[0m: 56% done[0m	[0m00:28:22 left[0m	
[0m.:. Batch 43021 to 43080 on 72328 images[0m	
[0mMemory usage[0m	
[0mCPU[0m	[0;36m8944.70703125[0m	
[0mGPU[0m	[0m1139896320 / 5032706048[0m	
[0m: 61% done[0m	[0m00:25:11 left[0m	
[0m.:. Batch 46621 to 46680 on 72328 images[0m	
[0mMemory usage[0m	
[0mCPU[0m	[0;36m8948.85546875[0m	
[0mGPU[0m	[0m1139896320 / 5032706048[0m	
[0m: 66% done[0m	[0m00:22:01 left[0m	
[0m.:. Batch 50281 to 50340 on 72328 images[0m	
[0mMemory usage[0m	
[0mCPU[0m	[0;36m9017.13671875[0m	
[0mGPU[0m	[0m1104637952 / 5032706048[0m	
[0m: 71% done[0m	[0m00:18:47 left[0m	
[0m.:. Batch 53881 to 53940 on 72328 images[0m	
[0mMemory usage[0m	
[0mCPU[0m	[0;36m9020.9560546875[0m	
[0mGPU[0m	[0m1104637952 / 5032706048[0m	
[0m: 76% done[0m	[0m00:15:36 left[0m	
[0m.:. Batch 57481 to 57540 on 72328 images[0m	
[0mMemory usage[0m	
[0mCPU[0m	[0;36m9024.5458984375[0m	
[0mGPU[0m	[0m1104637952 / 5032706048[0m	
[0m: 81% done[0m	[0m00:12:25 left[0m	
[0m.:. Batch 61141 to 61200 on 72328 images[0m	
[0mMemory usage[0m	
[0mCPU[0m	[0;36m9093.783203125[0m	
[0mGPU[0m	[0m1068331008 / 5032706048[0m	
[0m: 86% done[0m	[0m00:09:11 left[0m	
[0m.:. Batch 64741 to 64800 on 72328 images[0m	
[0mMemory usage[0m	
[0mCPU[0m	[0;36m9113.5234375[0m	
[0mGPU[0m	[0m1068331008 / 5032706048[0m	
[0m: 91% done[0m	[0m00:06:00 left[0m	
[0m.:. Batch 68341 to 68400 on 72328 images[0m	
[0mMemory usage[0m	
[0mCPU[0m	[0;36m9117.171875[0m	
[0mGPU[0m	[0m1068331008 / 5032706048[0m	
[0m: 96% done[0m	[0m00:02:50 left[0m	
[0m.:. Batch 71941 to 72000 on 72328 images[0m	
[0mMemory usage[0m	
[0mCPU[0m	[0;36m9120.98046875[0m	
[0mGPU[0m	[0m1068331008 / 5032706048[0m	
[0m.:. End of Epoch n° 16[0m	
[0m: Real time to learn 1 batch = 00:00:03[0m	
[0m: Real time to learn full batch = 01:03:54[0m	
[0m# Confusion Matrix[0m	
[0m: average row correct: 0.96096333190061%[0m	
[0m: average rowUcol correct (VOC measure): 0.10853550295428%[0m	
[0m: > global correct: 0.97057847583232%[0m	
[0m# ... saving model to /home/cadene/doc/DeepRecipes/convnet/rslt/overfat+6+5e-4/model.t7[0m	
[0m[0m	
[0m# Epoch n° 17[0m	
[0m.:. Batch 1 to 60 on 72328 images[0m	
[0mMemory usage[0m	
[0mCPU[0m	[0;36m10140.267578125[0m	
[0mGPU[0m	[0m1562996736 / 5032706048[0m	
[0m: 1% done[0m	[0m01:07:02 left[0m	
[0m.:. Batch 3241 to 3300 on 72328 images[0m	
[0mMemory usage[0m	
[0mCPU[0m	[0;36m8693.4306640625[0m	
[0mGPU[0m	[0m1245671424 / 5032706048[0m	
[0m: 6% done[0m	[0m01:00:36 left[0m	
[0m.:. Batch 6841 to 6900 on 72328 images[0m	
[0mMemory usage[0m	
[0mCPU[0m	[0;36m8697.7080078125[0m	
[0mGPU[0m	[0m1245671424 / 5032706048[0m	
[0m: 11% done[0m	[0m00:57:11 left[0m	
[0m.:. Batch 10441 to 10500 on 72328 images[0m	
[0mMemory usage[0m	
[0mCPU[0m	[0;36m8703.5439453125[0m	
[0mGPU[0m	[0m1245671424 / 5032706048[0m	
[0m: 16% done[0m	[0m00:53:54 left[0m	
[0m.:. Batch 14101 to 14160 on 72328 images[0m	
[0mMemory usage[0m	
[0mCPU[0m	[0;36m8772.7158203125[0m	
[0mGPU[0m	[0m1210413056 / 5032706048[0m	
[0m: 21% done[0m	[0m00:50:40 left[0m	
[0m.:. Batch 17701 to 17760 on 72328 images[0m	
[0mMemory usage[0m	
[0mCPU[0m	[0;36m8780.208984375[0m	
[0mGPU[0m	[0m1210413056 / 5032706048[0m	
[0m: 26% done[0m	[0m00:47:31 left[0m	
[0m.:. Batch 21301 to 21360 on 72328 images[0m	
[0mMemory usage[0m	
[0mCPU[0m	[0;36m8784.20703125[0m	
[0mGPU[0m	[0m1210413056 / 5032706048[0m	
[0m: 31% done[0m	[0m00:44:21 left[0m	
[0m.:. Batch 24961 to 25020 on 72328 images[0m	
[0mMemory usage[0m	
[0mCPU[0m	[0;36m8853.2490234375[0m	
[0mGPU[0m	[0m1175154688 / 5032706048[0m	
[0m: 36% done[0m	[0m00:41:07 left[0m	
[0m.:. Batch 28561 to 28620 on 72328 images[0m	
[0mMemory usage[0m	
[0mCPU[0m	[0;36m8856.712890625[0m	
[0mGPU[0m	[0m1175154688 / 5032706048[0m	
[0m: 41% done[0m	[0m00:37:57 left[0m	
[0m.:. Batch 32161 to 32220 on 72328 images[0m	
[0mMemory usage[0m	
[0mCPU[0m	[0;36m8868.2763671875[0m	
[0mGPU[0m	[0m1175154688 / 5032706048[0m	
[0m: 46% done[0m	[0m00:34:46 left[0m	
[0m.:. Batch 35761 to 35820 on 72328 images[0m	
[0mMemory usage[0m	
[0mCPU[0m	[0;36m8872.2021484375[0m	
[0mGPU[0m	[0m1175154688 / 5032706048[0m	
[0m: 51% done[0m	[0m00:31:32 left[0m	
[0m.:. Batch 39421 to 39480 on 72328 images[0m	
[0mMemory usage[0m	
[0mCPU[0m	[0;36m8940.9384765625[0m	
[0mGPU[0m	[0m1139896320 / 5032706048[0m	
[0m: 56% done[0m	[0m00:28:22 left[0m	
[0m.:. Batch 43021 to 43080 on 72328 images[0m	
[0mMemory usage[0m	
[0mCPU[0m	[0;36m8944.8505859375[0m	
[0mGPU[0m	[0m1139896320 / 5032706048[0m	
[0m: 61% done[0m	[0m00:25:11 left[0m	
[0m.:. Batch 46621 to 46680 on 72328 images[0m	
[0mMemory usage[0m	
[0mCPU[0m	[0;36m8948.34765625[0m	
[0mGPU[0m	[0m1139896320 / 5032706048[0m	
[0m: 66% done[0m	[0m00:22:00 left[0m	
[0m.:. Batch 50281 to 50340 on 72328 images[0m	
[0mMemory usage[0m	
[0mCPU[0m	[0;36m9017.4775390625[0m	
[0mGPU[0m	[0m1104637952 / 5032706048[0m	
[0m: 71% done[0m	[0m00:18:47 left[0m	
[0m.:. Batch 53881 to 53940 on 72328 images[0m	
[0mMemory usage[0m	
[0mCPU[0m	[0;36m9021.2734375[0m	
[0mGPU[0m	[0m1104637952 / 5032706048[0m	
[0m: 76% done[0m	[0m00:15:36 left[0m	
[0m.:. Batch 57481 to 57540 on 72328 images[0m	
[0mMemory usage[0m	
[0mCPU[0m	[0;36m9024.779296875[0m	
[0mGPU[0m	[0m1104637952 / 5032706048[0m	
[0m: 81% done[0m	[0m00:12:25 left[0m	
[0m.:. Batch 61141 to 61200 on 72328 images[0m	
[0mMemory usage[0m	
[0mCPU[0m	[0;36m9093.521484375[0m	
[0mGPU[0m	[0m1068331008 / 5032706048[0m	
[0m: 86% done[0m	[0m00:09:11 left[0m	
[0m.:. Batch 64741 to 64800 on 72328 images[0m	
[0mMemory usage[0m	
[0mCPU[0m	[0;36m9113.1572265625[0m	
[0mGPU[0m	[0m1068331008 / 5032706048[0m	
[0m: 91% done[0m	[0m00:06:00 left[0m	
[0m.:. Batch 68341 to 68400 on 72328 images[0m	
[0mMemory usage[0m	
[0mCPU[0m	[0;36m9116.578125[0m	
[0mGPU[0m	[0m1068331008 / 5032706048[0m	
[0m: 96% done[0m	[0m00:02:49 left[0m	
[0m.:. Batch 71941 to 72000 on 72328 images[0m	
[0mMemory usage[0m	
[0mCPU[0m	[0;36m9120.814453125[0m	
[0mGPU[0m	[0m1068331008 / 5032706048[0m	
[0m.:. End of Epoch n° 17[0m	
[0m: Real time to learn 1 batch = 00:00:03[0m	
[0m: Real time to learn full batch = 01:03:54[0m	
[0m# Confusion Matrix[0m	
[0m: average row correct: 1.0091333099097%[0m	
[0m: average rowUcol correct (VOC measure): 0.10949518545392%[0m	
[0m: > global correct: 1.0189691405818%[0m	
[0m# ... saving model to /home/cadene/doc/DeepRecipes/convnet/rslt/overfat+6+5e-4/model.t7[0m	
[0m[0m	
[0m# Epoch n° 18[0m	
[0m.:. Batch 1 to 60 on 72328 images[0m	
[0mMemory usage[0m	
[0mCPU[0m	[0;36m10139.142578125[0m	
[0mGPU[0m	[0m1562996736 / 5032706048[0m	
[0m: 1% done[0m	[0m01:01:14 left[0m	
[0m.:. Batch 3241 to 3300 on 72328 images[0m	
[0mMemory usage[0m	
[0mCPU[0m	[0;36m8693.3115234375[0m	
[0mGPU[0m	[0m1245671424 / 5032706048[0m	
[0m: 6% done[0m	[0m01:03:42 left[0m	
[0m.:. Batch 6841 to 6900 on 72328 images[0m	
[0mMemory usage[0m	
[0mCPU[0m	[0;36m8698.0986328125[0m	
[0mGPU[0m	[0m1245671424 / 5032706048[0m	
[0m: 11% done[0m	[0m00:58:47 left[0m	
[0m.:. Batch 10441 to 10500 on 72328 images[0m	
[0mMemory usage[0m	
[0mCPU[0m	[0;36m8703.9765625[0m	
[0mGPU[0m	[0m1245671424 / 5032706048[0m	
[0m: 16% done[0m	[0m00:55:03 left[0m	
[0m.:. Batch 14101 to 14160 on 72328 images[0m	
[0mMemory usage[0m	
[0mCPU[0m	[0;36m8772.408203125[0m	
[0mGPU[0m	[0m1210413056 / 5032706048[0m	
[0m: 21% done[0m	[0m00:51:30 left[0m	
[0m.:. Batch 17701 to 17760 on 72328 images[0m	
[0mMemory usage[0m	
[0mCPU[0m	[0;36m8780.427734375[0m	
[0mGPU[0m	[0m1210413056 / 5032706048[0m	
[0m: 26% done[0m	[0m00:48:27 left[0m	
Killed
