% mean class accuracy (train set)	
 4.6980e+00	
 5.6313e+00	
 6.7249e+00	
 8.1836e+00	
 9.3256e+00	
 1.0490e+01	
 1.1904e+01	
 1.3164e+01	
 1.4668e+01	
 1.6078e+01	
 1.7600e+01	
 1.9312e+01	
 2.0941e+01	
 2.2488e+01	
 2.4370e+01	
 2.6427e+01	
 2.8321e+01	
 3.0290e+01	
 3.2658e+01	
 3.4587e+01	
 3.6811e+01	
 3.9314e+01	
 4.1514e+01	
 4.3350e+01	
 4.4671e+01	
 4.8555e+01	
 4.9728e+01	
 5.2834e+01	
 5.4817e+01	
 5.7154e+01	
 5.8723e+01	
 6.0282e+01	
 6.2196e+01	
 6.3207e+01	
 6.4943e+01	
 6.5727e+01	
 6.7298e+01	
 6.6967e+01	
 6.9489e+01	
 7.1581e+01	
 7.1921e+01	
 7.2233e+01	
 7.2565e+01	
 7.4277e+01	
 7.6781e+01	
 7.7467e+01	
 7.8137e+01	
 7.8574e+01	
 7.8961e+01	
 8.0134e+01	
 7.9536e+01	
 8.0875e+01	
 8.1736e+01	
 8.2390e+01	
 8.3206e+01	
