% mean class accuracy (train set)	
 9.3214e+00	
 1.6797e+01	
 1.9117e+01	
 1.9918e+01	
 2.0762e+01	
 2.1567e+01	
 2.2210e+01	
 2.2901e+01	
 2.3156e+01	
 2.3642e+01	
 2.4258e+01	
 2.4949e+01	
 2.5223e+01	
 2.5720e+01	
 2.6004e+01	
 2.6143e+01	
 2.6640e+01	
 2.7399e+01	
 2.7310e+01	
 2.7591e+01	
 2.8090e+01	
 2.8661e+01	
 2.8855e+01	
 2.9063e+01	
 2.9581e+01	
 2.9402e+01	
 2.9853e+01	
 3.0277e+01	
 3.0660e+01	
 3.1010e+01	
 3.1108e+01	
 3.1595e+01	
 3.1563e+01	
 3.2003e+01	
 3.2148e+01	
 3.2783e+01	
 3.2787e+01	
