[0m# ... lunching using pid = 6997[0m	
[0m# ... loading seed in ./sk5bis/seed.save[0m	
[0m# ... switching to CUDA[0m	
[0m# ... loading Dataset[0m	
[0m# ...reloading previously trained model[0m	
[0m# Model[0m	
nn.Sequential {
  [input -> (1) -> (2) -> (3) -> (4) -> (5) -> (6) -> (7) -> (8) -> (9) -> (10) -> (11) -> (12) -> (13) -> (14) -> (15) -> (16) -> (17) -> (18) -> output]
  (1): nn.SpatialConvolutionMM(in: 3, out: 16, kW: 3, kH: 3, padding: 1)
  (2): nn.ReLU
  (3): nn.SpatialMaxPooling(kW: 2, kH: 2, dW: 2, dH: 2)
  (4): nn.SpatialConvolutionMM(in: 16, out: 32, kW: 3, kH: 3, padding: 1)
  (5): nn.ReLU
  (6): nn.SpatialMaxPooling(kW: 2, kH: 2, dW: 2, dH: 2)
  (7): nn.SpatialConvolutionMM(in: 32, out: 32, kW: 3, kH: 3, padding: 1)
  (8): nn.ReLU
  (9): nn.SpatialMaxPooling(kW: 3, kH: 3, dW: 3, dH: 3)
  (10): nn.Reshape(10368)
  (11): nn.Linear(10368 -> 2048)
  (12): nn.ReLU
  (13): nn.Dropout(0.600000)
  (14): nn.Linear(2048 -> 1024)
  (15): nn.ReLU
  (16): nn.Dropout(0.600000)
  (17): nn.Linear(1024 -> 101)
  (18): nn.LogSoftMax
}
[0mNumber of parameters 23451749[0m	
[0m# Criterion[0m	
nn.ClassNLLCriterion
[0m# ... building optimizer[0m	
[0m# ...reloading previously trained optimfunc.state[0m	
[0m# Optimizer[0m	
{
  name : [1;30m"[0m[0;32mSGD[0m[1;30m"[0m
  method : [0;35mfunction: 0x4029b258[0m
  config : 
    {
      learningRateDecay : [0;36m0[0m
      learningRate : [0;36m0.008[0m
      weightDecay : [0;36m1e-05[0m
      momentum : [0;36m0.6[0m
    }
  state : 
    {
      evalCounter : [0;36m0[0m
    }
}
[0m
#####################[0m	
[0m# Epoch n° 1[0m	
[0m
# ... train model[0m	
[0m.:. Batch 1 to 128 on 72328 images[0m	
[0m: 1% done[0m	[0m00:14:39 left[0m	
[0m.:. Batch 3201 to 3328 on 72328 images[0m	
[0m: 6% done[0m	[0m00:14:29 left[0m	
[0m.:. Batch 6785 to 6912 on 72328 images[0m	
[0m: 11% done[0m	[0m00:13:37 left[0m	
[0m.:. Batch 10497 to 10624 on 72328 images[0m	
[0m: 16% done[0m	[0m00:12:50 left[0m	
[0m.:. Batch 14081 to 14208 on 72328 images[0m	
[0m: 21% done[0m	[0m00:12:02 left[0m	
[0m.:. Batch 17665 to 17792 on 72328 images[0m	
[0m: 26% done[0m	[0m00:11:20 left[0m	
[0m.:. Batch 21249 to 21376 on 72328 images[0m	
[0m: 31% done[0m	[0m00:10:40 left[0m	
[0m.:. Batch 24961 to 25088 on 72328 images[0m	
[0m: 36% done[0m	[0m00:09:55 left[0m	
[0m.:. Batch 28545 to 28672 on 72328 images[0m	
[0m: 41% done[0m	[0m00:09:09 left[0m	
[0m.:. Batch 32129 to 32256 on 72328 images[0m	
[0m: 46% done[0m	[0m00:08:21 left[0m	
[0m.:. Batch 35841 to 35968 on 72328 images[0m	
[0m: 51% done[0m	[0m00:07:35 left[0m	
[0m.:. Batch 39425 to 39552 on 72328 images[0m	
[0m: 56% done[0m	[0m00:06:47 left[0m	
[0m.:. Batch 43009 to 43136 on 72328 images[0m	
[0m: 61% done[0m	[0m00:06:01 left[0m	
[0m.:. Batch 46721 to 46848 on 72328 images[0m	
[0m: 66% done[0m	[0m00:05:15 left[0m	
[0m.:. Batch 50305 to 50432 on 72328 images[0m	
[0m: 71% done[0m	[0m00:04:29 left[0m	
[0m.:. Batch 53889 to 54016 on 72328 images[0m	
[0m: 76% done[0m	[0m00:03:44 left[0m	
[0m.:. Batch 57473 to 57600 on 72328 images[0m	
[0m: 81% done[0m	[0m00:02:58 left[0m	
[0m.:. Batch 61185 to 61312 on 72328 images[0m	
[0m: 86% done[0m	[0m00:02:12 left[0m	
[0m.:. Batch 64769 to 64896 on 72328 images[0m	
[0m: 91% done[0m	[0m00:01:25 left[0m	
[0m.:. Batch 68353 to 68480 on 72328 images[0m	
[0m: 96% done[0m	[0m00:00:39 left[0m	
[0m.:. Batch 72065 to 72192 on 72328 images[0m	
[0m.:. End of Epoch n° 1[0m	
[0m: Real time to learn 1 batch = 00:00:01[0m	
[0m: Real time to learn full batch = 00:15:22[0m	
[0m# Confusion Matrix[0m	
[0m: average row correct: 55.813724038625%[0m	
[0m: average rowUcol correct (VOC measure): 38.967966694053%[0m	
[0m: > global correct: 55.755723924345%[0m	
[0m
# ... test model[0m	
[0m: 0% done [0m	[0m00:02:47 left[0m	
[0m: 5% done [0m	[0m00:01:36 left[0m	
[0m: 10% done [0m	[0m00:01:36 left[0m	
[0m: 15% done [0m	[0m00:01:32 left[0m	
[0m: 20% done [0m	[0m00:01:28 left[0m	
[0m: 25% done [0m	[0m00:01:22 left[0m	
[0m: 30% done [0m	[0m00:01:17 left[0m	
[0m: 35% done [0m	[0m00:01:11 left[0m	
[0m: 40% done [0m	[0m00:01:06 left[0m	
[0m: 45% done [0m	[0m00:01:01 left[0m	
[0m: 50% done [0m	[0m00:00:56 left[0m	
[0m: 55% done [0m	[0m00:00:51 left[0m	
[0m: 60% done [0m	[0m00:00:45 left[0m	
[0m: 65% done [0m	[0m00:00:40 left[0m	
[0m: 70% done [0m	[0m00:00:35 left[0m	
[0m: 75% done [0m	[0m00:00:29 left[0m	
[0m: 80% done [0m	[0m00:00:23 left[0m	
[0m: 85% done [0m	[0m00:00:18 left[0m	
[0m: 90% done [0m	[0m00:00:12 left[0m	
[0m: 95% done [0m	[0m00:00:06 left[0m	
[0m: 100% done [0m	[0m00:00:00 left[0m	
[0m: Time to test all samples = 00:01:59[0m	
[0m# Confusion Matrix[0m	
[0m: average row correct: 19.749928180977%[0m	
[0m: average rowUcol correct (VOC measure): 11.094316393875%[0m	
[0m: > global correct: 19.700391033761%[0m	
[0m# ... saving model to ./sk5-3/model.net[0m	
[0m: tac = 2.8380060195923 sec[0m	
[0m# ... saving optimfunc.state to ./sk5-3/optim.state[0m	
[0m: tac = 3.8757388591766 sec[0m	
[0m# ... saving optimfunc.method to ./sk5-3/optim.method[0m	
[0m: tac = 3.9551348686218 sec[0m	
[0m
#####################[0m	
[0m# Epoch n° 2[0m	
[0m
# ... train model[0m	
[0m.:. Batch 1 to 128 on 72328 images[0m	
[0m: 1% done[0m	[0m00:15:27 left[0m	
[0m.:. Batch 3201 to 3328 on 72328 images[0m	
[0m: 6% done[0m	[0m00:14:35 left[0m	
[0m.:. Batch 6785 to 6912 on 72328 images[0m	
[0m: 11% done[0m	[0m00:13:54 left[0m	
[0m.:. Batch 10497 to 10624 on 72328 images[0m	
[0m: 16% done[0m	[0m00:13:08 left[0m	
[0m.:. Batch 14081 to 14208 on 72328 images[0m	
[0m: 21% done[0m	[0m00:12:14 left[0m	
[0m.:. Batch 17665 to 17792 on 72328 images[0m	
[0m: 26% done[0m	[0m00:11:25 left[0m	
[0m.:. Batch 21249 to 21376 on 72328 images[0m	
[0m: 31% done[0m	[0m00:10:39 left[0m	
[0m.:. Batch 24961 to 25088 on 72328 images[0m	
[0m: 36% done[0m	[0m00:09:52 left[0m	
[0m.:. Batch 28545 to 28672 on 72328 images[0m	
[0m: 41% done[0m	[0m00:09:05 left[0m	
[0m.:. Batch 32129 to 32256 on 72328 images[0m	
[0m: 46% done[0m	[0m00:08:20 left[0m	
[0m.:. Batch 35841 to 35968 on 72328 images[0m	
[0m: 51% done[0m	[0m00:07:35 left[0m	
[0m.:. Batch 39425 to 39552 on 72328 images[0m	
[0m: 56% done[0m	[0m00:06:48 left[0m	
[0m.:. Batch 43009 to 43136 on 72328 images[0m	
[0m: 61% done[0m	[0m00:06:02 left[0m	
[0m.:. Batch 46721 to 46848 on 72328 images[0m	
[0m: 66% done[0m	[0m00:05:16 left[0m	
[0m.:. Batch 50305 to 50432 on 72328 images[0m	
[0m: 71% done[0m	[0m00:04:28 left[0m	
[0m.:. Batch 53889 to 54016 on 72328 images[0m	
[0m: 76% done[0m	[0m00:03:42 left[0m	
[0m.:. Batch 57473 to 57600 on 72328 images[0m	
[0m: 81% done[0m	[0m00:02:57 left[0m	
[0m.:. Batch 61185 to 61312 on 72328 images[0m	
[0m: 86% done[0m	[0m00:02:11 left[0m	
[0m.:. Batch 64769 to 64896 on 72328 images[0m	
[0m: 91% done[0m	[0m00:01:24 left[0m	
[0m.:. Batch 68353 to 68480 on 72328 images[0m	
[0m: 96% done[0m	[0m00:00:39 left[0m	
[0m.:. Batch 72065 to 72192 on 72328 images[0m	
[0m.:. End of Epoch n° 2[0m	
[0m: Real time to learn 1 batch = 00:00:01[0m	
[0m: Real time to learn full batch = 00:15:21[0m	
[0m# Confusion Matrix[0m	
[0m: average row correct: 61.454571031108%[0m	
[0m: average rowUcol correct (VOC measure): 44.667672373281%[0m	
[0m: > global correct: 61.393927662869%[0m	
[0m
# ... test model[0m	
[0m: 0% done [0m	[0m00:02:52 left[0m	
[0m: 5% done [0m	[0m00:01:33 left[0m	
[0m: 10% done [0m	[0m00:01:33 left[0m	
[0m: 15% done [0m	[0m00:01:29 left[0m	
[0m: 20% done [0m	[0m00:01:25 left[0m	
[0m: 25% done [0m	[0m00:01:21 left[0m	
[0m: 30% done [0m	[0m00:01:16 left[0m	
[0m: 35% done [0m	[0m00:01:10 left[0m	
[0m: 40% done [0m	[0m00:01:06 left[0m	
[0m: 45% done [0m	[0m00:01:00 left[0m	
[0m: 50% done [0m	[0m00:00:55 left[0m	
[0m: 55% done [0m	[0m00:00:50 left[0m	
[0m: 60% done [0m	[0m00:00:45 left[0m	
[0m: 65% done [0m	[0m00:00:39 left[0m	
[0m: 70% done [0m	[0m00:00:34 left[0m	
[0m: 75% done [0m	[0m00:00:28 left[0m	
[0m: 80% done [0m	[0m00:00:22 left[0m	
[0m: 85% done [0m	[0m00:00:17 left[0m	
[0m: 90% done [0m	[0m00:00:11 left[0m	
[0m: 95% done [0m	[0m00:00:06 left[0m	
[0m: 100% done [0m	[0m00:00:00 left[0m	
[0m: Time to test all samples = 00:01:52[0m	
[0m# Confusion Matrix[0m	
[0m: average row correct: 18.09410669721%[0m	
[0m: average rowUcol correct (VOC measure): 10.104612471296%[0m	
[0m: > global correct: 18.015090598667%[0m	
[0m# ... saving model to ./sk5-3/model.net[0m	
[0m: tac = 2.4131898880005 sec[0m	
[0m# ... saving optimfunc.state to ./sk5-3/optim.state[0m	
[0m: tac = 3.4387049674988 sec[0m	
[0m# ... saving optimfunc.method to ./sk5-3/optim.method[0m	
[0m: tac = 3.5068099498749 sec[0m	
[0m
#####################[0m	
[0m# Epoch n° 3[0m	
[0m
# ... train model[0m	
[0m.:. Batch 1 to 128 on 72328 images[0m	
[0m: 1% done[0m	[0m00:16:01 left[0m	
[0m.:. Batch 3201 to 3328 on 72328 images[0m	
[0m: 6% done[0m	[0m00:14:23 left[0m	
[0m.:. Batch 6785 to 6912 on 72328 images[0m	
[0m: 11% done[0m	[0m00:13:49 left[0m	
[0m.:. Batch 10497 to 10624 on 72328 images[0m	
[0m: 16% done[0m	[0m00:13:05 left[0m	
[0m.:. Batch 14081 to 14208 on 72328 images[0m	
[0m: 21% done[0m	[0m00:12:16 left[0m	
[0m.:. Batch 17665 to 17792 on 72328 images[0m	
[0m: 26% done[0m	[0m00:11:30 left[0m	
[0m.:. Batch 21249 to 21376 on 72328 images[0m	
[0m: 31% done[0m	[0m00:10:42 left[0m	
[0m.:. Batch 24961 to 25088 on 72328 images[0m	
[0m: 36% done[0m	[0m00:09:54 left[0m	
[0m.:. Batch 28545 to 28672 on 72328 images[0m	
[0m: 41% done[0m	[0m00:09:05 left[0m	
[0m.:. Batch 32129 to 32256 on 72328 images[0m	
[0m: 46% done[0m	[0m00:08:18 left[0m	
[0m.:. Batch 35841 to 35968 on 72328 images[0m	
[0m: 51% done[0m	[0m00:07:32 left[0m	
[0m.:. Batch 39425 to 39552 on 72328 images[0m	
[0m: 56% done[0m	[0m00:06:45 left[0m	
[0m.:. Batch 43009 to 43136 on 72328 images[0m	
[0m: 61% done[0m	[0m00:06:00 left[0m	
[0m.:. Batch 46721 to 46848 on 72328 images[0m	
[0m: 66% done[0m	[0m00:05:15 left[0m	
[0m.:. Batch 50305 to 50432 on 72328 images[0m	
[0m: 71% done[0m	[0m00:04:29 left[0m	
[0m.:. Batch 53889 to 54016 on 72328 images[0m	
[0m: 76% done[0m	[0m00:03:43 left[0m	
[0m.:. Batch 57473 to 57600 on 72328 images[0m	
[0m: 81% done[0m	[0m00:02:57 left[0m	
[0m.:. Batch 61185 to 61312 on 72328 images[0m	
[0m: 86% done[0m	[0m00:02:11 left[0m	
[0m.:. Batch 64769 to 64896 on 72328 images[0m	
[0m: 91% done[0m	[0m00:01:24 left[0m	
[0m.:. Batch 68353 to 68480 on 72328 images[0m	
[0m: 96% done[0m	[0m00:00:39 left[0m	
[0m.:. Batch 72065 to 72192 on 72328 images[0m	
[0m.:. End of Epoch n° 3[0m	
[0m: Real time to learn 1 batch = 00:00:01[0m	
[0m: Real time to learn full batch = 00:15:18[0m	
[0m# Confusion Matrix[0m	
[0m: average row correct: 63.39703273065%[0m	
[0m: average rowUcol correct (VOC measure): 46.73542400988%[0m	
[0m: > global correct: 63.354440880434%[0m	
[0m
# ... test model[0m	
[0m: 0% done [0m	[0m00:02:50 left[0m	
[0m: 5% done [0m	[0m00:01:44 left[0m	
[0m: 10% done [0m	[0m00:01:53 left[0m	
[0m: 15% done [0m	[0m00:01:44 left[0m	
[0m: 20% done [0m	[0m00:01:39 left[0m	
[0m: 25% done [0m	[0m00:01:31 left[0m	
[0m: 30% done [0m	[0m00:01:26 left[0m	
[0m: 35% done [0m	[0m00:01:20 left[0m	
[0m: 40% done [0m	[0m00:01:14 left[0m	
[0m: 45% done [0m	[0m00:01:07 left[0m	
[0m: 50% done [0m	[0m00:01:01 left[0m	
[0m: 55% done [0m	[0m00:00:55 left[0m	
[0m: 60% done [0m	[0m00:00:49 left[0m	
[0m: 65% done [0m	[0m00:00:43 left[0m	
[0m: 70% done [0m	[0m00:00:37 left[0m	
[0m: 75% done [0m	[0m00:00:31 left[0m	
[0m: 80% done [0m	[0m00:00:25 left[0m	
[0m: 85% done [0m	[0m00:00:18 left[0m	
[0m: 90% done [0m	[0m00:00:12 left[0m	
[0m: 95% done [0m	[0m00:00:06 left[0m	
[0m: 100% done [0m	[0m00:00:00 left[0m	
[0m: Time to test all samples = 00:02:03[0m	
[0m# Confusion Matrix[0m	
[0m: average row correct: 23.295758944927%[0m	
[0m: average rowUcol correct (VOC measure): 13.358479657091%[0m	
[0m: > global correct: 23.197664812469%[0m	
[0m# ... saving model to ./sk5-3/model.net[0m	
[0m: tac = 2.4274580478668 sec[0m	
[0m# ... saving optimfunc.state to ./sk5-3/optim.state[0m	
[0m: tac = 3.4466781616211 sec[0m	
[0m# ... saving optimfunc.method to ./sk5-3/optim.method[0m	
[0m: tac = 3.5128600597382 sec[0m	
[0m
#####################[0m	
[0m# Epoch n° 4[0m	
[0m
# ... train model[0m	
[0m.:. Batch 1 to 128 on 72328 images[0m	
[0m: 1% done[0m	[0m00:14:46 left[0m	
[0m.:. Batch 3201 to 3328 on 72328 images[0m	
[0m: 6% done[0m	[0m00:14:16 left[0m	
[0m.:. Batch 6785 to 6912 on 72328 images[0m	
[0m: 11% done[0m	[0m00:13:25 left[0m	
[0m.:. Batch 10497 to 10624 on 72328 images[0m	
[0m: 16% done[0m	[0m00:12:44 left[0m	
[0m.:. Batch 14081 to 14208 on 72328 images[0m	
[0m: 21% done[0m	[0m00:11:56 left[0m	
[0m.:. Batch 17665 to 17792 on 72328 images[0m	
[0m: 26% done[0m	[0m00:11:20 left[0m	
[0m.:. Batch 21249 to 21376 on 72328 images[0m	
[0m: 31% done[0m	[0m00:10:35 left[0m	
[0m.:. Batch 24961 to 25088 on 72328 images[0m	
[0m: 36% done[0m	[0m00:09:51 left[0m	
[0m.:. Batch 28545 to 28672 on 72328 images[0m	
[0m: 41% done[0m	[0m00:09:04 left[0m	
[0m.:. Batch 32129 to 32256 on 72328 images[0m	
[0m: 46% done[0m	[0m00:08:18 left[0m	
[0m.:. Batch 35841 to 35968 on 72328 images[0m	
[0m: 51% done[0m	[0m00:07:31 left[0m	
[0m.:. Batch 39425 to 39552 on 72328 images[0m	
[0m: 56% done[0m	[0m00:06:43 left[0m	
[0m.:. Batch 43009 to 43136 on 72328 images[0m	
[0m: 61% done[0m	[0m00:05:58 left[0m	
[0m.:. Batch 46721 to 46848 on 72328 images[0m	
[0m: 66% done[0m	[0m00:05:14 left[0m	
[0m.:. Batch 50305 to 50432 on 72328 images[0m	
[0m: 71% done[0m	[0m00:04:28 left[0m	
[0m.:. Batch 53889 to 54016 on 72328 images[0m	
[0m: 76% done[0m	[0m00:03:42 left[0m	
[0m.:. Batch 57473 to 57600 on 72328 images[0m	
[0m: 81% done[0m	[0m00:02:57 left[0m	
[0m.:. Batch 61185 to 61312 on 72328 images[0m	
[0m: 86% done[0m	[0m00:02:11 left[0m	
[0m.:. Batch 64769 to 64896 on 72328 images[0m	
[0m: 91% done[0m	[0m00:01:24 left[0m	
[0m.:. Batch 68353 to 68480 on 72328 images[0m	
[0m: 96% done[0m	[0m00:00:39 left[0m	
[0m.:. Batch 72065 to 72192 on 72328 images[0m	
[0m.:. End of Epoch n° 4[0m	
[0m: Real time to learn 1 batch = 00:00:01[0m	
[0m: Real time to learn full batch = 00:15:16[0m	
[0m# Confusion Matrix[0m	
[0m: average row correct: 64.395597606602%[0m	
[0m: average rowUcol correct (VOC measure): 47.801788697148%[0m	
[0m: > global correct: 64.345758212587%[0m	
[0m
# ... test model[0m	
[0m: 0% done [0m	[0m00:02:49 left[0m	
[0m: 5% done [0m	[0m00:01:36 left[0m	
[0m: 10% done [0m	[0m00:01:34 left[0m	
[0m: 15% done [0m	[0m00:01:30 left[0m	
[0m: 20% done [0m	[0m00:01:25 left[0m	
[0m: 25% done [0m	[0m00:01:20 left[0m	
[0m: 30% done [0m	[0m00:01:15 left[0m	
[0m: 35% done [0m	[0m00:01:10 left[0m	
[0m: 40% done [0m	[0m00:01:05 left[0m	
[0m: 45% done [0m	[0m00:00:59 left[0m	
[0m: 50% done [0m	[0m00:00:54 left[0m	
[0m: 55% done [0m	[0m00:00:50 left[0m	
[0m: 60% done [0m	[0m00:00:45 left[0m	
[0m: 65% done [0m	[0m00:00:39 left[0m	
[0m: 70% done [0m	[0m00:00:34 left[0m	
[0m: 75% done [0m	[0m00:00:28 left[0m	
[0m: 80% done [0m	[0m00:00:23 left[0m	
[0m: 85% done [0m	[0m00:00:17 left[0m	
[0m: 90% done [0m	[0m00:00:12 left[0m	
[0m: 95% done [0m	[0m00:00:06 left[0m	
[0m: 100% done [0m	[0m00:00:00 left[0m	
[0m: Time to test all samples = 00:01:57[0m	
[0m# Confusion Matrix[0m	
[0m: average row correct: 20.854827237896%[0m	
[0m: average rowUcol correct (VOC measure): 12.104872234239%[0m	
[0m: > global correct: 20.818417139395%[0m	
[0m# ... saving model to ./sk5-3/model.net[0m	
[0m: tac = 2.44389295578 sec[0m	
[0m# ... saving optimfunc.state to ./sk5-3/optim.state[0m	
[0m: tac = 3.4658808708191 sec[0m	
[0m# ... saving optimfunc.method to ./sk5-3/optim.method[0m	
[0m: tac = 3.5313630104065 sec[0m	
[0m
#####################[0m	
[0m# Epoch n° 5[0m	
[0m
# ... train model[0m	
[0m.:. Batch 1 to 128 on 72328 images[0m	
[0m: 1% done[0m	[0m00:16:01 left[0m	
[0m.:. Batch 3201 to 3328 on 72328 images[0m	
[0m: 6% done[0m	[0m00:14:45 left[0m	
[0m.:. Batch 6785 to 6912 on 72328 images[0m	
[0m: 11% done[0m	[0m00:13:54 left[0m	
[0m.:. Batch 10497 to 10624 on 72328 images[0m	
[0m: 16% done[0m	[0m00:12:58 left[0m	
[0m.:. Batch 14081 to 14208 on 72328 images[0m	
[0m: 21% done[0m	[0m00:12:05 left[0m	
[0m.:. Batch 17665 to 17792 on 72328 images[0m	
[0m: 26% done[0m	[0m00:11:17 left[0m	
[0m.:. Batch 21249 to 21376 on 72328 images[0m	
[0m: 31% done[0m	[0m00:10:30 left[0m	
[0m.:. Batch 24961 to 25088 on 72328 images[0m	
[0m: 36% done[0m	[0m00:09:44 left[0m	
[0m.:. Batch 28545 to 28672 on 72328 images[0m	
[0m: 41% done[0m	[0m00:09:01 left[0m	
[0m.:. Batch 32129 to 32256 on 72328 images[0m	
[0m: 46% done[0m	[0m00:08:16 left[0m	
[0m.:. Batch 35841 to 35968 on 72328 images[0m	
[0m: 51% done[0m	[0m00:07:31 left[0m	
[0m.:. Batch 39425 to 39552 on 72328 images[0m	
[0m: 56% done[0m	[0m00:06:44 left[0m	
[0m.:. Batch 43009 to 43136 on 72328 images[0m	
[0m: 61% done[0m	[0m00:05:58 left[0m	
[0m.:. Batch 46721 to 46848 on 72328 images[0m	
[0m: 66% done[0m	[0m00:05:13 left[0m	
[0m.:. Batch 50305 to 50432 on 72328 images[0m	
[0m: 71% done[0m	[0m00:04:25 left[0m	
[0m.:. Batch 53889 to 54016 on 72328 images[0m	
[0m: 76% done[0m	[0m00:03:40 left[0m	
[0m.:. Batch 57473 to 57600 on 72328 images[0m	
[0m: 81% done[0m	[0m00:02:55 left[0m	
[0m.:. Batch 61185 to 61312 on 72328 images[0m	
[0m: 86% done[0m	[0m00:02:10 left[0m	
[0m.:. Batch 64769 to 64896 on 72328 images[0m	
[0m: 91% done[0m	[0m00:01:23 left[0m	
[0m.:. Batch 68353 to 68480 on 72328 images[0m	
[0m: 96% done[0m	[0m00:00:38 left[0m	
[0m.:. Batch 72065 to 72192 on 72328 images[0m	
[0m.:. End of Epoch n° 5[0m	
[0m: Real time to learn 1 batch = 00:00:01[0m	
[0m: Real time to learn full batch = 00:15:06[0m	
[0m# Confusion Matrix[0m	
[0m: average row correct: 65.613050035911%[0m	
[0m: average rowUcol correct (VOC measure): 49.120579497649%[0m	
[0m: > global correct: 65.567968145117%[0m	
[0m
# ... test model[0m	
[0m: 0% done [0m	[0m00:02:53 left[0m	
[0m: 5% done [0m	[0m00:01:34 left[0m	
[0m: 10% done [0m	[0m00:01:33 left[0m	
[0m: 15% done [0m	[0m00:01:30 left[0m	
[0m: 20% done [0m	[0m00:01:25 left[0m	
[0m: 25% done [0m	[0m00:01:20 left[0m	
[0m: 30% done [0m	[0m00:01:15 left[0m	
[0m: 35% done [0m	[0m00:01:10 left[0m	
[0m: 40% done [0m	[0m00:01:05 left[0m	
[0m: 45% done [0m	[0m00:00:59 left[0m	
[0m: 50% done [0m	[0m00:00:54 left[0m	
[0m: 55% done [0m	[0m00:00:49 left[0m	
[0m: 60% done [0m	[0m00:00:43 left[0m	
[0m: 65% done [0m	[0m00:00:38 left[0m	
[0m: 70% done [0m	[0m00:00:33 left[0m	
[0m: 75% done [0m	[0m00:00:27 left[0m	
[0m: 80% done [0m	[0m00:00:22 left[0m	
[0m: 85% done [0m	[0m00:00:16 left[0m	
[0m: 90% done [0m	[0m00:00:11 left[0m	
[0m: 95% done [0m	[0m00:00:06 left[0m	
[0m: 100% done [0m	[0m00:00:00 left[0m	
[0m: Time to test all samples = 00:01:49[0m	
[0m# Confusion Matrix[0m	
[0m: average row correct: 22.893978493048%[0m	
[0m: average rowUcol correct (VOC measure): 13.085966206866%[0m	
[0m: > global correct: 22.806631051385%[0m	
[0m# ... saving model to ./sk5-3/model.net[0m	
[0m: tac = 2.3965051174164 sec[0m	
[0m# ... saving optimfunc.state to ./sk5-3/optim.state[0m	
[0m: tac = 3.4180769920349 sec[0m	
[0m# ... saving optimfunc.method to ./sk5-3/optim.method[0m	
[0m: tac = 3.4823169708252 sec[0m	
[0m
#####################[0m	
[0m# Epoch n° 6[0m	
[0m
# ... train model[0m	
[0m.:. Batch 1 to 128 on 72328 images[0m	
[0m: 1% done[0m	[0m00:14:46 left[0m	
[0m.:. Batch 3201 to 3328 on 72328 images[0m	
[0m: 6% done[0m	[0m00:14:03 left[0m	
[0m.:. Batch 6785 to 6912 on 72328 images[0m	
[0m: 11% done[0m	[0m00:13:22 left[0m	
[0m.:. Batch 10497 to 10624 on 72328 images[0m	
[0m: 16% done[0m	[0m00:12:37 left[0m	
[0m.:. Batch 14081 to 14208 on 72328 images[0m	
[0m: 21% done[0m	[0m00:11:50 left[0m	
[0m.:. Batch 17665 to 17792 on 72328 images[0m	
[0m: 26% done[0m	[0m00:11:06 left[0m	
[0m.:. Batch 21249 to 21376 on 72328 images[0m	
[0m: 31% done[0m	[0m00:10:22 left[0m	
[0m.:. Batch 24961 to 25088 on 72328 images[0m	
[0m: 36% done[0m	[0m00:09:38 left[0m	
[0m.:. Batch 28545 to 28672 on 72328 images[0m	
[0m: 41% done[0m	[0m00:08:51 left[0m	
[0m.:. Batch 32129 to 32256 on 72328 images[0m	
[0m: 46% done[0m	[0m00:08:07 left[0m	
[0m.:. Batch 35841 to 35968 on 72328 images[0m	
[0m: 51% done[0m	[0m00:07:22 left[0m	
[0m.:. Batch 39425 to 39552 on 72328 images[0m	
[0m: 56% done[0m	[0m00:06:36 left[0m	
[0m.:. Batch 43009 to 43136 on 72328 images[0m	
[0m: 61% done[0m	[0m00:05:52 left[0m	
[0m.:. Batch 46721 to 46848 on 72328 images[0m	
[0m: 66% done[0m	[0m00:05:07 left[0m	
[0m.:. Batch 50305 to 50432 on 72328 images[0m	
[0m: 71% done[0m	[0m00:04:21 left[0m	
[0m.:. Batch 53889 to 54016 on 72328 images[0m	
[0m: 76% done[0m	[0m00:03:37 left[0m	
[0m.:. Batch 57473 to 57600 on 72328 images[0m	
[0m: 81% done[0m	[0m00:02:53 left[0m	
[0m.:. Batch 61185 to 61312 on 72328 images[0m	
[0m: 86% done[0m	[0m00:02:08 left[0m	
[0m.:. Batch 64769 to 64896 on 72328 images[0m	
[0m: 91% done[0m	[0m00:01:22 left[0m	
[0m.:. Batch 68353 to 68480 on 72328 images[0m	
[0m: 96% done[0m	[0m00:00:38 left[0m	
[0m.:. Batch 72065 to 72192 on 72328 images[0m	
[0m.:. End of Epoch n° 6[0m	
[0m: Real time to learn 1 batch = 00:00:01[0m	
[0m: Real time to learn full batch = 00:14:56[0m	
[0m# Confusion Matrix[0m	
[0m: average row correct: 66.1240212398%[0m	
[0m: average rowUcol correct (VOC measure): 49.692772933752%[0m	
[0m: > global correct: 66.075378829775%[0m	
[0m
# ... test model[0m	
[0m: 0% done [0m	[0m00:02:56 left[0m	
[0m: 5% done [0m	[0m00:01:36 left[0m	
[0m: 10% done [0m	[0m00:01:34 left[0m	
[0m: 15% done [0m	[0m00:01:30 left[0m	
[0m: 20% done [0m	[0m00:01:25 left[0m	
[0m: 25% done [0m	[0m00:01:21 left[0m	
[0m: 30% done [0m	[0m00:01:16 left[0m	
[0m: 35% done [0m	[0m00:01:10 left[0m	
[0m: 40% done [0m	[0m00:01:05 left[0m	
[0m: 45% done [0m	[0m00:01:00 left[0m	
[0m: 50% done [0m	[0m00:00:54 left[0m	
[0m: 55% done [0m	[0m00:00:49 left[0m	
[0m: 60% done [0m	[0m00:00:43 left[0m	
[0m: 65% done [0m	[0m00:00:38 left[0m	
[0m: 70% done [0m	[0m00:00:33 left[0m	
[0m: 75% done [0m	[0m00:00:27 left[0m	
[0m: 80% done [0m	[0m00:00:22 left[0m	
[0m: 85% done [0m	[0m00:00:16 left[0m	
[0m: 90% done [0m	[0m00:00:11 left[0m	
[0m: 95% done [0m	[0m00:00:06 left[0m	
[0m: 100% done [0m	[0m00:00:00 left[0m	
[0m: Time to test all samples = 00:01:49[0m	
[0m# Confusion Matrix[0m	
[0m: average row correct: 23.006533927257%[0m	
[0m: average rowUcol correct (VOC measure): 13.246290607027%[0m	
[0m: > global correct: 22.911273888858%[0m	
[0m# ... saving model to ./sk5-3/model.net[0m	
[0m: tac = 2.3942461013794 sec[0m	
[0m# ... saving optimfunc.state to ./sk5-3/optim.state[0m	
[0m: tac = 3.4097859859467 sec[0m	
[0m# ... saving optimfunc.method to ./sk5-3/optim.method[0m	
[0m: tac = 3.4739689826965 sec[0m	
[0m
#####################[0m	
[0m# Epoch n° 7[0m	
[0m
# ... train model[0m	
[0m.:. Batch 1 to 128 on 72328 images[0m	
[0m: 1% done[0m	[0m00:14:43 left[0m	
[0m.:. Batch 3201 to 3328 on 72328 images[0m	
[0m: 6% done[0m	[0m00:14:20 left[0m	
Killed
