[0m# ... lunching using pid = 18557[0m	
[0m# ... switching to CUDA[0m	
[0m# ... loading Dataset[0m	
[0m# ... building model[0m	
[0m# Model[0m	
nn.Sequential {
  [input -> (1) -> (2) -> (3) -> (4) -> (5) -> (6) -> (7) -> (8) -> (9) -> (10) -> (11) -> (12) -> (13) -> (14) -> (15) -> (16) -> (17) -> (18) -> (19) -> (20) -> (21) -> (22) -> (23) -> (24) -> (25) -> (26) -> (27) -> (28) -> (29) -> (30) -> output]
  (1): nn.SpatialConvolutionMM(in: 3, out: 64, kW: 3, kH: 3, padding: 3)
  (2): nn.ReLU
  (3): nn.SpatialMaxPooling(kW: 2, kH: 2, dW: 2, dH: 2)
  (4): nn.SpatialConvolutionMM(in: 64, out: 128, kW: 3, kH: 3, padding: 1)
  (5): nn.ReLU
  (6): nn.SpatialMaxPooling(kW: 2, kH: 2, dW: 2, dH: 2)
  (7): nn.SpatialConvolutionMM(in: 128, out: 256, kW: 3, kH: 3, padding: 1)
  (8): nn.ReLU
  (9): nn.SpatialConvolutionMM(in: 256, out: 256, kW: 3, kH: 3, padding: 1)
  (10): nn.ReLU
  (11): nn.SpatialMaxPooling(kW: 2, kH: 2, dW: 2, dH: 2)
  (12): nn.SpatialConvolutionMM(in: 256, out: 512, kW: 3, kH: 3, padding: 1)
  (13): nn.ReLU
  (14): nn.SpatialConvolutionMM(in: 512, out: 512, kW: 3, kH: 3, padding: 1)
  (15): nn.ReLU
  (16): nn.SpatialMaxPooling(kW: 2, kH: 2, dW: 2, dH: 2)
  (17): nn.SpatialConvolutionMM(in: 512, out: 512, kW: 3, kH: 3, padding: 1)
  (18): nn.ReLU
  (19): nn.SpatialConvolutionMM(in: 512, out: 512, kW: 3, kH: 3, padding: 1)
  (20): nn.ReLU
  (21): nn.SpatialMaxPooling(kW: 2, kH: 2, dW: 2, dH: 2)
  (22): nn.Reshape(25088)
  (23): nn.Linear(25088 -> 4096)
  (24): nn.ReLU
  (25): nn.Dropout(0.900000)
  (26): nn.Linear(4096 -> 4096)
  (27): nn.ReLU
  (28): nn.Dropout(0.900000)
  (29): nn.Linear(4096 -> 101)
  (30): nn.LogSoftMax
}
[0mNumber of parameters 129180133[0m	
[0m# Criterion[0m	
nn.ClassNLLCriterion
[0m# ... building optimizer[0m	
[0m# Optimizer[0m	
{
  name : [1;30m"[0m[0;32mADAGRAD[0m[1;30m"[0m
  method : [0;35mfunction: 0x40c7c6a0[0m
  config : 
    {
      learningRate : [0;36m0.1[0m
    }
  state : {...}
}
[0m
# ... test model[0m	
[0m: 0% done [0m	[0m00:12:32 left[0m	
[0m: 5% done [0m	[0m00:05:36 left[0m	
[0m: 10% done [0m	[0m00:05:23 left[0m	
[0m: 15% done [0m	[0m00:05:07 left[0m	
[0m: 20% done [0m	[0m00:04:50 left[0m	
[0m: 25% done [0m	[0m00:04:32 left[0m	
[0m: 30% done [0m	[0m00:04:16 left[0m	
[0m: 35% done [0m	[0m00:04:00 left[0m	
[0m: 40% done [0m	[0m00:03:41 left[0m	
[0m: 45% done [0m	[0m00:03:23 left[0m	
[0m: 50% done [0m	[0m00:03:04 left[0m	
[0m: 55% done [0m	[0m00:02:46 left[0m	
[0m: 60% done [0m	[0m00:02:27 left[0m	
[0m: 65% done [0m	[0m00:02:09 left[0m	
[0m: 70% done [0m	[0m00:01:51 left[0m	
[0m: 75% done [0m	[0m00:01:33 left[0m	
[0m: 80% done [0m	[0m00:01:15 left[0m	
[0m: 85% done [0m	[0m00:00:56 left[0m	
[0m: 90% done [0m	[0m00:00:38 left[0m	
[0m: 95% done [0m	[0m00:00:20 left[0m	
[0m: 100% done [0m	[0m00:00:01 left[0m	
[0m: Time to test all samples = 00:06:06[0m	
[0m# Confusion Matrix[0m	
[0m: average row correct: 0.99009900990099%[0m	
[0m: average rowUcol correct (VOC measure): 0.0092155493722104%[0m	
[0m: > global correct: 0.93077050173487%[0m	
[0m
#####################[0m	
[0m# Epoch n° 1[0m	
[0m
# ... train model[0m	
[0m.:. Batch 1 to 128 on 72328 images[0m	
[0m: 1% done[0m	[0m01:10:52 left[0m	
[0m.:. Batch 3201 to 3328 on 72328 images[0m	
[0m: 6% done[0m	[0m01:07:44 left[0m	
[0m.:. Batch 6785 to 6912 on 72328 images[0m	
[0m: 11% done[0m	[0m01:04:13 left[0m	
[0m.:. Batch 10497 to 10624 on 72328 images[0m	
[0m: 16% done[0m	[0m01:00:54 left[0m	
[0m.:. Batch 14081 to 14208 on 72328 images[0m	
[0m: 21% done[0m	[0m00:57:12 left[0m	
[0m.:. Batch 17665 to 17792 on 72328 images[0m	
[0m: 26% done[0m	[0m00:53:37 left[0m	
[0m.:. Batch 21249 to 21376 on 72328 images[0m	
[0m: 31% done[0m	[0m00:50:09 left[0m	
[0m.:. Batch 24961 to 25088 on 72328 images[0m	
[0m: 36% done[0m	[0m00:46:32 left[0m	
[0m.:. Batch 28545 to 28672 on 72328 images[0m	
[0m: 41% done[0m	[0m00:42:49 left[0m	
[0m.:. Batch 32129 to 32256 on 72328 images[0m	
[0m: 46% done[0m	[0m00:39:14 left[0m	
[0m.:. Batch 35841 to 35968 on 72328 images[0m	
[0m: 51% done[0m	[0m00:35:42 left[0m	
[0m.:. Batch 39425 to 39552 on 72328 images[0m	
[0m: 56% done[0m	[0m00:32:00 left[0m	
[0m.:. Batch 43009 to 43136 on 72328 images[0m	
[0m: 61% done[0m	[0m00:28:24 left[0m	
[0m.:. Batch 46721 to 46848 on 72328 images[0m	
[0m: 66% done[0m	[0m00:24:49 left[0m	
[0m.:. Batch 50305 to 50432 on 72328 images[0m	
[0m: 71% done[0m	[0m00:21:06 left[0m	
[0m.:. Batch 53889 to 54016 on 72328 images[0m	
[0m: 76% done[0m	[0m00:17:31 left[0m	
[0m.:. Batch 57473 to 57600 on 72328 images[0m	
[0m: 81% done[0m	[0m00:13:56 left[0m	
[0m.:. Batch 61185 to 61312 on 72328 images[0m	
[0m: 86% done[0m	[0m00:10:22 left[0m	
[0m.:. Batch 64769 to 64896 on 72328 images[0m	
[0m: 91% done[0m	[0m00:06:40 left[0m	
[0m.:. Batch 68353 to 68480 on 72328 images[0m	
[0m: 96% done[0m	[0m00:03:04 left[0m	
[0m.:. Batch 72065 to 72192 on 72328 images[0m	
[0m.:. End of Epoch n° 1[0m	
[0m: Real time to learn 1 batch = 00:00:07[0m	
[0m: Real time to learn full batch = 01:12:40[0m	
[0m# Confusion Matrix[0m	
[0m: average row correct: 0.97656672529987%[0m	
[0m: average rowUcol correct (VOC measure): 0.19348129874446%[0m	
[0m: > global correct: 1.0023780555248%[0m	
[0m
# ... test model[0m	
[0m: 0% done [0m	[0m00:20:03 left[0m	
[0m: 5% done [0m	[0m00:05:45 left[0m	
[0m: 10% done [0m	[0m00:05:32 left[0m	
[0m: 15% done [0m	[0m00:05:15 left[0m	
[0m: 20% done [0m	[0m00:04:57 left[0m	
[0m: 25% done [0m	[0m00:04:38 left[0m	
[0m: 30% done [0m	[0m00:04:21 left[0m	
[0m: 35% done [0m	[0m00:04:03 left[0m	
[0m: 40% done [0m	[0m00:03:50 left[0m	
[0m: 45% done [0m	[0m00:03:31 left[0m	
[0m: 50% done [0m	[0m00:03:11 left[0m	
[0m: 55% done [0m	[0m00:02:53 left[0m	
[0m: 60% done [0m	[0m00:02:33 left[0m	
[0m: 65% done [0m	[0m00:02:14 left[0m	
[0m: 70% done [0m	[0m00:01:56 left[0m	
[0m: 75% done [0m	[0m00:01:36 left[0m	
[0m: 80% done [0m	[0m00:01:17 left[0m	
[0m: 85% done [0m	[0m00:00:58 left[0m	
[0m: 90% done [0m	[0m00:00:39 left[0m	
[0m: 95% done [0m	[0m00:00:20 left[0m	
[0m: 100% done [0m	[0m00:00:01 left[0m	
[0m: Time to test all samples = 00:06:20[0m	
[0m# Confusion Matrix[0m	
[0m: average row correct: 0.99009900990099%[0m	
[0m: average rowUcol correct (VOC measure): 0.0099866678661639%[0m	
[0m: > global correct: 1.0078757503993%[0m	
[0m# ... saving model to ./verydeep_A/model.net[0m	
[0m: tac = 12.752861976624 sec[0m	
[0m# ... saving optimfunc.state to ./verydeep_A/optim.state[0m	
[0m: tac = 22.971062898636 sec[0m	
[0m# ... saving optimfunc.method to ./verydeep_A/optim.method[0m	
[0m: tac = 23.020323038101 sec[0m	
[0m
#####################[0m	
[0m# Epoch n° 2[0m	
[0m
# ... train model[0m	
[0m.:. Batch 1 to 128 on 72328 images[0m	
[0m: 1% done[0m	[0m01:12:54 left[0m	
[0m.:. Batch 3201 to 3328 on 72328 images[0m	
[0m: 6% done[0m	[0m01:08:10 left[0m	
[0m.:. Batch 6785 to 6912 on 72328 images[0m	
[0m: 11% done[0m	[0m01:04:57 left[0m	
[0m.:. Batch 10497 to 10624 on 72328 images[0m	
[0m: 16% done[0m	[0m01:01:12 left[0m	
[0m.:. Batch 14081 to 14208 on 72328 images[0m	
[0m: 21% done[0m	[0m00:57:28 left[0m	
[0m.:. Batch 17665 to 17792 on 72328 images[0m	
[0m: 26% done[0m	[0m00:53:49 left[0m	
[0m.:. Batch 21249 to 21376 on 72328 images[0m	
[0m: 31% done[0m	[0m00:50:12 left[0m	
[0m.:. Batch 24961 to 25088 on 72328 images[0m	
[0m: 36% done[0m	[0m00:46:36 left[0m	
[0m.:. Batch 28545 to 28672 on 72328 images[0m	
[0m: 41% done[0m	[0m00:42:52 left[0m	
[0m.:. Batch 32129 to 32256 on 72328 images[0m	
[0m: 46% done[0m	[0m00:39:19 left[0m	
[0m.:. Batch 35841 to 35968 on 72328 images[0m	
[0m: 51% done[0m	[0m00:35:43 left[0m	
[0m.:. Batch 39425 to 39552 on 72328 images[0m	
[0m: 56% done[0m	[0m00:32:00 left[0m	
[0m.:. Batch 43009 to 43136 on 72328 images[0m	
[0m: 61% done[0m	[0m00:28:24 left[0m	
[0m.:. Batch 46721 to 46848 on 72328 images[0m	
[0m: 66% done[0m	[0m00:24:50 left[0m	
[0m.:. Batch 50305 to 50432 on 72328 images[0m	
[0m: 71% done[0m	[0m00:21:07 left[0m	
[0m.:. Batch 53889 to 54016 on 72328 images[0m	
[0m: 76% done[0m	[0m00:17:32 left[0m	
[0m.:. Batch 57473 to 57600 on 72328 images[0m	
[0m: 81% done[0m	[0m00:13:58 left[0m	
[0m.:. Batch 61185 to 61312 on 72328 images[0m	
[0m: 86% done[0m	[0m00:10:23 left[0m	
[0m.:. Batch 64769 to 64896 on 72328 images[0m	
[0m: 91% done[0m	[0m00:06:40 left[0m	
[0m.:. Batch 68353 to 68480 on 72328 images[0m	
[0m: 96% done[0m	[0m00:03:05 left[0m	
[0m.:. Batch 72065 to 72192 on 72328 images[0m	
[0m.:. End of Epoch n° 2[0m	
[0m: Real time to learn 1 batch = 00:00:07[0m	
[0m: Real time to learn full batch = 01:12:26[0m	
[0m# Confusion Matrix[0m	
[0m: average row correct: 0.92872382316849%[0m	
[0m: average rowUcol correct (VOC measure): 0.098442273113028%[0m	
[0m: > global correct: 0.95536998119677%[0m	
[0m
# ... test model[0m	
[0m: 0% done [0m	[0m00:19:50 left[0m	
[0m: 5% done [0m	[0m00:05:57 left[0m	
[0m: 10% done [0m	[0m00:05:43 left[0m	
[0m: 15% done [0m	[0m00:05:25 left[0m	
[0m: 20% done [0m	[0m00:06:03 left[0m	
[0m: 25% done [0m	[0m00:05:29 left[0m	
[0m: 30% done [0m	[0m00:05:44 left[0m	
[0m: 35% done [0m	[0m00:05:09 left[0m	
[0m: 40% done [0m	[0m00:04:37 left[0m	
[0m: 45% done [0m	[0m00:04:10 left[0m	
[0m: 50% done [0m	[0m00:03:43 left[0m	
[0m: 55% done [0m	[0m00:03:18 left[0m	
[0m: 60% done [0m	[0m00:02:54 left[0m	
[0m: 65% done [0m	[0m00:02:31 left[0m	
[0m: 70% done [0m	[0m00:02:09 left[0m	
[0m: 75% done [0m	[0m00:01:47 left[0m	
[0m: 80% done [0m	[0m00:01:25 left[0m	
[0m: 85% done [0m	[0m00:01:04 left[0m	
[0m: 90% done [0m	[0m00:00:43 left[0m	
[0m: 95% done [0m	[0m00:00:22 left[0m	
[0m: 100% done [0m	[0m00:00:02 left[0m	
[0m: Time to test all samples = 00:06:49[0m	
[0m# Confusion Matrix[0m	
[0m: average row correct: 0.99009900990099%[0m	
[0m: average rowUcol correct (VOC measure): 0.010202706118326%[0m	
[0m: > global correct: 1.0299058214463%[0m	
[0m# ... saving model to ./verydeep_A/model.net[0m	
[0m: tac = 12.814880847931 sec[0m	
[0m# ... saving optimfunc.state to ./verydeep_A/optim.state[0m	
[0m: tac = 23.146595001221 sec[0m	
[0m# ... saving optimfunc.method to ./verydeep_A/optim.method[0m	
[0m: tac = 23.206032991409 sec[0m	
[0m
#####################[0m	
[0m# Epoch n° 3[0m	
[0m
# ... train model[0m	
[0m.:. Batch 1 to 128 on 72328 images[0m	
[0m: 1% done[0m	[0m01:13:09 left[0m	
[0m.:. Batch 3201 to 3328 on 72328 images[0m	
[0m: 6% done[0m	[0m01:08:50 left[0m	
[0m.:. Batch 6785 to 6912 on 72328 images[0m	
[0m: 11% done[0m	[0m01:05:13 left[0m	
[0m.:. Batch 10497 to 10624 on 72328 images[0m	
[0m: 16% done[0m	[0m01:01:26 left[0m	
[0m.:. Batch 14081 to 14208 on 72328 images[0m	
[0m: 21% done[0m	[0m00:57:33 left[0m	
[0m.:. Batch 17665 to 17792 on 72328 images[0m	
[0m: 26% done[0m	[0m00:53:53 left[0m	
[0m.:. Batch 21249 to 21376 on 72328 images[0m	
[0m: 31% done[0m	[0m00:50:16 left[0m	
[0m.:. Batch 24961 to 25088 on 72328 images[0m	
[0m: 36% done[0m	[0m00:46:44 left[0m	
[0m.:. Batch 28545 to 28672 on 72328 images[0m	
[0m: 41% done[0m	[0m00:43:00 left[0m	
[0m.:. Batch 32129 to 32256 on 72328 images[0m	
[0m: 46% done[0m	[0m00:39:23 left[0m	
[0m.:. Batch 35841 to 35968 on 72328 images[0m	
[0m: 51% done[0m	[0m00:35:47 left[0m	
[0m.:. Batch 39425 to 39552 on 72328 images[0m	
[0m: 56% done[0m	[0m00:32:03 left[0m	
[0m.:. Batch 43009 to 43136 on 72328 images[0m	
[0m: 61% done[0m	[0m00:28:27 left[0m	
[0m.:. Batch 46721 to 46848 on 72328 images[0m	
[0m: 66% done[0m	[0m00:24:52 left[0m	
[0m.:. Batch 50305 to 50432 on 72328 images[0m	
[0m: 71% done[0m	[0m00:21:08 left[0m	
[0m.:. Batch 53889 to 54016 on 72328 images[0m	
[0m: 76% done[0m	[0m00:17:33 left[0m	
[0m.:. Batch 57473 to 57600 on 72328 images[0m	
[0m: 81% done[0m	[0m00:13:58 left[0m	
[0m.:. Batch 61185 to 61312 on 72328 images[0m	
[0m: 86% done[0m	[0m00:10:23 left[0m	
[0m.:. Batch 64769 to 64896 on 72328 images[0m	
[0m: 91% done[0m	[0m00:06:40 left[0m	
[0m.:. Batch 68353 to 68480 on 72328 images[0m	
[0m: 96% done[0m	[0m00:03:04 left[0m	
[0m.:. Batch 72065 to 72192 on 72328 images[0m	
[0m.:. End of Epoch n° 3[0m	
[0m: Real time to learn 1 batch = 00:00:07[0m	
[0m: Real time to learn full batch = 01:12:23[0m	
[0m# Confusion Matrix[0m	
[0m: average row correct: 0.95565213849491%[0m	
[0m: average rowUcol correct (VOC measure): 0.059682343473271%[0m	
[0m: > global correct: 0.99684769383918%[0m	
[0m
# ... test model[0m	
[0m: 0% done [0m	[0m00:20:05 left[0m	
[0m: 5% done [0m	[0m00:05:50 left[0m	
[0m: 10% done [0m	[0m00:05:36 left[0m	
[0m: 15% done [0m	[0m00:05:25 left[0m	
[0m: 20% done [0m	[0m00:05:05 left[0m	
[0m: 25% done [0m	[0m00:04:48 left[0m	
[0m: 30% done [0m	[0m00:04:30 left[0m	
[0m: 35% done [0m	[0m00:04:16 left[0m	
[0m: 40% done [0m	[0m00:03:56 left[0m	
[0m: 45% done [0m	[0m00:03:36 left[0m	
[0m: 50% done [0m	[0m00:03:16 left[0m	
[0m: 55% done [0m	[0m00:02:57 left[0m	
[0m: 60% done [0m	[0m00:02:37 left[0m	
[0m: 65% done [0m	[0m00:02:17 left[0m	
[0m: 70% done [0m	[0m00:02:04 left[0m	
[0m: 75% done [0m	[0m00:01:49 left[0m	
[0m: 80% done [0m	[0m00:01:27 left[0m	
[0m: 85% done [0m	[0m00:01:05 left[0m	
[0m: 90% done [0m	[0m00:00:44 left[0m	
[0m: 95% done [0m	[0m00:00:22 left[0m	
[0m: 100% done [0m	[0m00:00:02 left[0m	
[0m: Time to test all samples = 00:06:56[0m	
[0m# Confusion Matrix[0m	
[0m: average row correct: 0.99009900990099%[0m	
[0m: average rowUcol correct (VOC measure): 0.010308985699817%[0m	
[0m: > global correct: 1.0409208569698%[0m	
[0m# ... saving model to ./verydeep_A/model.net[0m	
[0m: tac = 13.113698959351 sec[0m	
[0m# ... saving optimfunc.state to ./verydeep_A/optim.state[0m	
[0m: tac = 23.682496070862 sec[0m	
[0m# ... saving optimfunc.method to ./verydeep_A/optim.method[0m	
[0m: tac = 23.734969139099 sec[0m	
[0m
#####################[0m	
[0m# Epoch n° 4[0m	
[0m
# ... train model[0m	
[0m.:. Batch 1 to 128 on 72328 images[0m	
[0m: 1% done[0m	[0m01:13:23 left[0m	
[0m.:. Batch 3201 to 3328 on 72328 images[0m	
[0m: 6% done[0m	[0m01:08:30 left[0m	
[0m.:. Batch 6785 to 6912 on 72328 images[0m	
[0m: 11% done[0m	[0m01:04:40 left[0m	
[0m.:. Batch 10497 to 10624 on 72328 images[0m	
[0m: 16% done[0m	[0m01:00:57 left[0m	
[0m.:. Batch 14081 to 14208 on 72328 images[0m	
[0m: 21% done[0m	[0m00:57:25 left[0m	
[0m.:. Batch 17665 to 17792 on 72328 images[0m	
[0m: 26% done[0m	[0m00:53:47 left[0m	
[0m.:. Batch 21249 to 21376 on 72328 images[0m	
[0m: 31% done[0m	[0m00:50:09 left[0m	
[0m.:. Batch 24961 to 25088 on 72328 images[0m	
[0m: 36% done[0m	[0m00:46:34 left[0m	
[0m.:. Batch 28545 to 28672 on 72328 images[0m	
[0m: 41% done[0m	[0m00:42:52 left[0m	
[0m.:. Batch 32129 to 32256 on 72328 images[0m	
[0m: 46% done[0m	[0m00:39:17 left[0m	
[0m.:. Batch 35841 to 35968 on 72328 images[0m	
[0m: 51% done[0m	[0m00:35:41 left[0m	
[0m.:. Batch 39425 to 39552 on 72328 images[0m	
[0m: 56% done[0m	[0m00:31:59 left[0m	
[0m.:. Batch 43009 to 43136 on 72328 images[0m	
[0m: 61% done[0m	[0m00:28:24 left[0m	
[0m.:. Batch 46721 to 46848 on 72328 images[0m	
[0m: 66% done[0m	[0m00:24:49 left[0m	
[0m.:. Batch 50305 to 50432 on 72328 images[0m	
[0m: 71% done[0m	[0m00:21:07 left[0m	
[0m.:. Batch 53889 to 54016 on 72328 images[0m	
[0m: 76% done[0m	[0m00:17:32 left[0m	
[0m.:. Batch 57473 to 57600 on 72328 images[0m	
[0m: 81% done[0m	[0m00:13:57 left[0m	
[0m.:. Batch 61185 to 61312 on 72328 images[0m	
[0m: 86% done[0m	[0m00:10:22 left[0m	
[0m.:. Batch 64769 to 64896 on 72328 images[0m	
[0m: 91% done[0m	[0m00:06:40 left[0m	
[0m.:. Batch 68353 to 68480 on 72328 images[0m	
[0m: 96% done[0m	[0m00:03:04 left[0m	
[0m.:. Batch 72065 to 72192 on 72328 images[0m	
[0m.:. End of Epoch n° 4[0m	
[0m: Real time to learn 1 batch = 00:00:07[0m	
[0m: Real time to learn full batch = 01:12:20[0m	
[0m# Confusion Matrix[0m	
[0m: average row correct: 0.95169059644075%[0m	
[0m: average rowUcol correct (VOC measure): 0.059759406266863%[0m	
[0m: > global correct: 0.99546510341776%[0m	
[0m
# ... test model[0m	
[0m: 0% done [0m	[0m00:20:02 left[0m	
[0m: 5% done [0m	[0m00:05:39 left[0m	
[0m: 10% done [0m	[0m00:05:29 left[0m	
[0m: 15% done [0m	[0m00:05:14 left[0m	
[0m: 20% done [0m	[0m00:04:57 left[0m	
[0m: 25% done [0m	[0m00:04:40 left[0m	
[0m: 30% done [0m	[0m00:04:21 left[0m	
[0m: 35% done [0m	[0m00:04:03 left[0m	
[0m: 40% done [0m	[0m00:03:45 left[0m	
[0m: 45% done [0m	[0m00:03:26 left[0m	
[0m: 50% done [0m	[0m00:03:08 left[0m	
[0m: 55% done [0m	[0m00:02:50 left[0m	
[0m: 60% done [0m	[0m00:02:32 left[0m	
[0m: 65% done [0m	[0m00:02:13 left[0m	
[0m: 70% done [0m	[0m00:01:55 left[0m	
[0m: 75% done [0m	[0m00:01:36 left[0m	
[0m: 80% done [0m	[0m00:01:17 left[0m	
[0m: 85% done [0m	[0m00:00:58 left[0m	
[0m: 90% done [0m	[0m00:00:40 left[0m	
[0m: 95% done [0m	[0m00:00:20 left[0m	
[0m: 100% done [0m	[0m00:00:01 left[0m	
[0m: Time to test all samples = 00:06:22[0m	
[0m# Confusion Matrix[0m	
[0m: average row correct: 0.99009900990099%[0m	
[0m: average rowUcol correct (VOC measure): 0.010088583140975%[0m	
[0m: > global correct: 1.0188907859228%[0m	
[0m# ... saving model to ./verydeep_A/model.net[0m	
[0m: tac = 13.10338306427 sec[0m	
[0m# ... saving optimfunc.state to ./verydeep_A/optim.state[0m	
[0m: tac = 23.718981027603 sec[0m	
[0m# ... saving optimfunc.method to ./verydeep_A/optim.method[0m	
[0m: tac = 23.772951126099 sec[0m	
[0m
#####################[0m	
[0m# Epoch n° 5[0m	
[0m
# ... train model[0m	
[0m.:. Batch 1 to 128 on 72328 images[0m	
[0m: 1% done[0m	[0m01:11:37 left[0m	
[0m.:. Batch 3201 to 3328 on 72328 images[0m	
[0m: 6% done[0m	[0m01:14:17 left[0m	
[0m.:. Batch 6785 to 6912 on 72328 images[0m	
[0m: 11% done[0m	[0m01:07:42 left[0m	
[0m.:. Batch 10497 to 10624 on 72328 images[0m	
[0m: 16% done[0m	[0m01:03:00 left[0m	
[0m.:. Batch 14081 to 14208 on 72328 images[0m	
[0m: 21% done[0m	[0m00:58:42 left[0m	
[0m.:. Batch 17665 to 17792 on 72328 images[0m	
[0m: 26% done[0m	[0m00:54:43 left[0m	
[0m.:. Batch 21249 to 21376 on 72328 images[0m	
[0m: 31% done[0m	[0m00:50:56 left[0m	
[0m.:. Batch 24961 to 25088 on 72328 images[0m	
[0m: 36% done[0m	[0m00:47:15 left[0m	
[0m.:. Batch 28545 to 28672 on 72328 images[0m	
[0m: 41% done[0m	[0m00:43:23 left[0m	
[0m.:. Batch 32129 to 32256 on 72328 images[0m	
[0m: 46% done[0m	[0m00:39:42 left[0m	
[0m.:. Batch 35841 to 35968 on 72328 images[0m	
[0m: 51% done[0m	[0m00:36:02 left[0m	
[0m.:. Batch 39425 to 39552 on 72328 images[0m	
[0m: 56% done[0m	[0m00:32:18 left[0m	
[0m.:. Batch 43009 to 43136 on 72328 images[0m	
[0m: 61% done[0m	[0m00:28:40 left[0m	
[0m.:. Batch 46721 to 46848 on 72328 images[0m	
[0m: 66% done[0m	[0m00:25:02 left[0m	
[0m.:. Batch 50305 to 50432 on 72328 images[0m	
[0m: 71% done[0m	[0m00:21:17 left[0m	
[0m.:. Batch 53889 to 54016 on 72328 images[0m	
[0m: 76% done[0m	[0m00:17:40 left[0m	
[0m.:. Batch 57473 to 57600 on 72328 images[0m	
[0m: 81% done[0m	[0m00:14:03 left[0m	
[0m.:. Batch 61185 to 61312 on 72328 images[0m	
[0m: 86% done[0m	[0m00:10:26 left[0m	
[0m.:. Batch 64769 to 64896 on 72328 images[0m	
[0m: 91% done[0m	[0m00:06:42 left[0m	
[0m.:. Batch 68353 to 68480 on 72328 images[0m	
[0m: 96% done[0m	[0m00:03:05 left[0m	
[0m.:. Batch 72065 to 72192 on 72328 images[0m	
[0m.:. End of Epoch n° 5[0m	
[0m: Real time to learn 1 batch = 00:00:07[0m	
[0m: Real time to learn full batch = 01:12:44[0m	
[0m# Confusion Matrix[0m	
[0m: average row correct: 0.93592299127693%[0m	
[0m: average rowUcol correct (VOC measure): 0.077487367993719%[0m	
[0m: > global correct: 0.98025660878221%[0m	
[0m
# ... test model[0m	
[0m: 0% done [0m	[0m00:19:54 left[0m	
[0m: 5% done [0m	[0m00:05:48 left[0m	
[0m: 10% done [0m	[0m00:05:32 left[0m	
[0m: 15% done [0m	[0m00:05:13 left[0m	
[0m: 20% done [0m	[0m00:04:57 left[0m	
[0m: 25% done [0m	[0m00:04:40 left[0m	
[0m: 30% done [0m	[0m00:04:21 left[0m	
[0m: 35% done [0m	[0m00:04:04 left[0m	
[0m: 40% done [0m	[0m00:03:49 left[0m	
[0m: 45% done [0m	[0m00:03:29 left[0m	
[0m: 50% done [0m	[0m00:03:11 left[0m	
[0m: 55% done [0m	[0m00:02:54 left[0m	
[0m: 60% done [0m	[0m00:02:34 left[0m	
[0m: 65% done [0m	[0m00:02:16 left[0m	
[0m: 70% done [0m	[0m00:01:56 left[0m	
[0m: 75% done [0m	[0m00:01:37 left[0m	
[0m: 80% done [0m	[0m00:01:18 left[0m	
[0m: 85% done [0m	[0m00:00:59 left[0m	
[0m: 90% done [0m	[0m00:00:40 left[0m	
[0m: 95% done [0m	[0m00:00:21 left[0m	
[0m: 100% done [0m	[0m00:00:01 left[0m	
[0m: Time to test all samples = 00:06:24[0m	
[0m# Confusion Matrix[0m	
[0m: average row correct: 0.99009900990099%[0m	
[0m: average rowUcol correct (VOC measure): 0.010199333992925%[0m	
[0m: > global correct: 1.0299058214463%[0m	
[0m# ... saving model to ./verydeep_A/model.net[0m	
[0m: tac = 12.749570846558 sec[0m	
[0m# ... saving optimfunc.state to ./verydeep_A/optim.state[0m	
[0m: tac = 23.056271791458 sec[0m	
[0m# ... saving optimfunc.method to ./verydeep_A/optim.method[0m	
[0m: tac = 23.10454082489 sec[0m	
[0m
#####################[0m	
[0m# Epoch n° 6[0m	
[0m
# ... train model[0m	
[0m.:. Batch 1 to 128 on 72328 images[0m	
[0m: 1% done[0m	[0m01:11:37 left[0m	
[0m.:. Batch 3201 to 3328 on 72328 images[0m	
[0m: 6% done[0m	[0m01:16:20 left[0m	
[0m.:. Batch 6785 to 6912 on 72328 images[0m	
[0m: 11% done[0m	[0m01:08:35 left[0m	
[0m.:. Batch 10497 to 10624 on 72328 images[0m	
[0m: 16% done[0m	[0m01:03:35 left[0m	
[0m.:. Batch 14081 to 14208 on 72328 images[0m	
[0m: 21% done[0m	[0m00:59:07 left[0m	
[0m.:. Batch 17665 to 17792 on 72328 images[0m	
[0m: 26% done[0m	[0m00:55:04 left[0m	
[0m.:. Batch 21249 to 21376 on 72328 images[0m	
[0m: 31% done[0m	[0m00:51:10 left[0m	
[0m.:. Batch 24961 to 25088 on 72328 images[0m	
[0m: 36% done[0m	[0m00:47:23 left[0m	
[0m.:. Batch 28545 to 28672 on 72328 images[0m	
[0m: 41% done[0m	[0m00:43:30 left[0m	
[0m.:. Batch 32129 to 32256 on 72328 images[0m	
[0m: 46% done[0m	[0m00:39:49 left[0m	
[0m.:. Batch 35841 to 35968 on 72328 images[0m	
[0m: 51% done[0m	[0m00:36:07 left[0m	
[0m.:. Batch 39425 to 39552 on 72328 images[0m	
[0m: 56% done[0m	[0m00:32:19 left[0m	
[0m.:. Batch 43009 to 43136 on 72328 images[0m	
[0m: 61% done[0m	[0m00:28:39 left[0m	
[0m.:. Batch 46721 to 46848 on 72328 images[0m	
[0m: 66% done[0m	[0m00:25:02 left[0m	
[0m.:. Batch 50305 to 50432 on 72328 images[0m	
[0m: 71% done[0m	[0m00:21:17 left[0m	
[0m.:. Batch 53889 to 54016 on 72328 images[0m	
[0m: 76% done[0m	[0m00:17:40 left[0m	
[0m.:. Batch 57473 to 57600 on 72328 images[0m	
[0m: 81% done[0m	[0m00:14:03 left[0m	
[0m.:. Batch 61185 to 61312 on 72328 images[0m	
[0m: 86% done[0m	[0m00:10:26 left[0m	
[0m.:. Batch 64769 to 64896 on 72328 images[0m	
[0m: 91% done[0m	[0m00:06:42 left[0m	
[0m.:. Batch 68353 to 68480 on 72328 images[0m	
[0m: 96% done[0m	[0m00:03:05 left[0m	
[0m.:. Batch 72065 to 72192 on 72328 images[0m	
[0m.:. End of Epoch n° 6[0m	
[0m: Real time to learn 1 batch = 00:00:07[0m	
[0m: Real time to learn full batch = 01:12:44[0m	
[0m# Confusion Matrix[0m	
[0m: average row correct: 0.91031432695834%[0m	
[0m: average rowUcol correct (VOC measure): 0.051733642115746%[0m	
[0m: > global correct: 0.95398739077536%[0m	
[0m
# ... test model[0m	
[0m: 0% done [0m	[0m00:20:07 left[0m	
[0m: 5% done [0m	[0m00:05:45 left[0m	
[0m: 10% done [0m	[0m00:05:37 left[0m	
[0m: 15% done [0m	[0m00:05:41 left[0m	
[0m: 20% done [0m	[0m00:05:16 left[0m	
[0m: 25% done [0m	[0m00:04:53 left[0m	
[0m: 30% done [0m	[0m00:04:34 left[0m	
[0m: 35% done [0m	[0m00:04:13 left[0m	
[0m: 40% done [0m	[0m00:03:52 left[0m	
[0m: 45% done [0m	[0m00:03:33 left[0m	
[0m: 50% done [0m	[0m00:03:13 left[0m	
[0m: 55% done [0m	[0m00:02:54 left[0m	
[0m: 60% done [0m	[0m00:02:34 left[0m	
[0m: 65% done [0m	[0m00:02:15 left[0m	
[0m: 70% done [0m	[0m00:01:56 left[0m	
[0m: 75% done [0m	[0m00:01:37 left[0m	
[0m: 80% done [0m	[0m00:01:18 left[0m	
[0m: 85% done [0m	[0m00:00:58 left[0m	
[0m: 90% done [0m	[0m00:00:39 left[0m	
[0m: 95% done [0m	[0m00:00:20 left[0m	
[0m: 100% done [0m	[0m00:00:01 left[0m	
[0m: Time to test all samples = 00:06:20[0m	
[0m# Confusion Matrix[0m	
[0m: average row correct: 0.99009900990099%[0m	
[0m: average rowUcol correct (VOC measure): 0.01014479260781%[0m	
[0m: > global correct: 1.0243983036845%[0m	
[0m# ... saving model to ./verydeep_A/model.net[0m	
[0m: tac = 13.137781858444 sec[0m	
[0m# ... saving optimfunc.state to ./verydeep_A/optim.state[0m	
[0m: tac = 23.757512807846 sec[0m	
[0m# ... saving optimfunc.method to ./verydeep_A/optim.method[0m	
[0m: tac = 23.811015844345 sec[0m	
[0m
#####################[0m	
[0m# Epoch n° 7[0m	
[0m
# ... train model[0m	
[0m.:. Batch 1 to 128 on 72328 images[0m	
[0m: 1% done[0m	[0m01:12:08 left[0m	
[0m.:. Batch 3201 to 3328 on 72328 images[0m	
[0m: 6% done[0m	[0m01:09:08 left[0m	
[0m.:. Batch 6785 to 6912 on 72328 images[0m	
[0m: 11% done[0m	[0m01:08:14 left[0m	
[0m.:. Batch 10497 to 10624 on 72328 images[0m	
[0m: 16% done[0m	[0m01:03:19 left[0m	
[0m.:. Batch 14081 to 14208 on 72328 images[0m	
[0m: 21% done[0m	[0m00:58:54 left[0m	
[0m.:. Batch 17665 to 17792 on 72328 images[0m	
[0m: 26% done[0m	[0m00:54:55 left[0m	
[0m.:. Batch 21249 to 21376 on 72328 images[0m	
[0m: 31% done[0m	[0m00:51:09 left[0m	
[0m.:. Batch 24961 to 25088 on 72328 images[0m	
[0m: 36% done[0m	[0m00:47:24 left[0m	
[0m.:. Batch 28545 to 28672 on 72328 images[0m	
[0m: 41% done[0m	[0m00:43:30 left[0m	
[0m.:. Batch 32129 to 32256 on 72328 images[0m	
[0m: 46% done[0m	[0m00:39:47 left[0m	
[0m.:. Batch 35841 to 35968 on 72328 images[0m	
[0m: 51% done[0m	[0m00:36:06 left[0m	
[0m.:. Batch 39425 to 39552 on 72328 images[0m	
[0m: 56% done[0m	[0m00:32:21 left[0m	
[0m.:. Batch 43009 to 43136 on 72328 images[0m	
[0m: 61% done[0m	[0m00:28:42 left[0m	
[0m.:. Batch 46721 to 46848 on 72328 images[0m	
[0m: 66% done[0m	[0m00:25:04 left[0m	
[0m.:. Batch 50305 to 50432 on 72328 images[0m	
[0m: 71% done[0m	[0m00:21:18 left[0m	
[0m.:. Batch 53889 to 54016 on 72328 images[0m	
[0m: 76% done[0m	[0m00:17:40 left[0m	
[0m.:. Batch 57473 to 57600 on 72328 images[0m	
[0m: 81% done[0m	[0m00:14:03 left[0m	
[0m.:. Batch 61185 to 61312 on 72328 images[0m	
[0m: 86% done[0m	[0m00:10:26 left[0m	
[0m.:. Batch 64769 to 64896 on 72328 images[0m	
[0m: 91% done[0m	[0m00:06:42 left[0m	
[0m.:. Batch 68353 to 68480 on 72328 images[0m	
[0m: 96% done[0m	[0m00:03:05 left[0m	
[0m.:. Batch 72065 to 72192 on 72328 images[0m	
[0m.:. End of Epoch n° 7[0m	
[0m: Real time to learn 1 batch = 00:00:07[0m	
[0m: Real time to learn full batch = 01:12:42[0m	
[0m# Confusion Matrix[0m	
[0m: average row correct: 0.98550199106852%[0m	
[0m: average rowUcol correct (VOC measure): 0.03460098754172%[0m	
[0m: > global correct: 1.0300298639531%[0m	
[0m
# ... test model[0m	
[0m: 0% done [0m	[0m00:20:04 left[0m	
[0m: 5% done [0m	[0m00:05:37 left[0m	
[0m: 10% done [0m	[0m00:05:31 left[0m	
[0m: 15% done [0m	[0m00:05:13 left[0m	
[0m: 20% done [0m	[0m00:04:56 left[0m	
[0m: 25% done [0m	[0m00:04:39 left[0m	
[0m: 30% done [0m	[0m00:04:23 left[0m	
[0m: 35% done [0m	[0m00:04:08 left[0m	
[0m: 40% done [0m	[0m00:03:48 left[0m	
[0m: 45% done [0m	[0m00:03:30 left[0m	
[0m: 50% done [0m	[0m00:03:11 left[0m	
[0m: 55% done [0m	[0m00:02:51 left[0m	
[0m: 60% done [0m	[0m00:02:33 left[0m	
[0m: 65% done [0m	[0m00:02:14 left[0m	
[0m: 70% done [0m	[0m00:01:55 left[0m	
[0m: 75% done [0m	[0m00:01:36 left[0m	
[0m: 80% done [0m	[0m00:01:17 left[0m	
[0m: 85% done [0m	[0m00:00:58 left[0m	
[0m: 90% done [0m	[0m00:00:39 left[0m	
[0m: 95% done [0m	[0m00:00:20 left[0m	
[0m: 100% done [0m	[0m00:00:01 left[0m	
[0m: Time to test all samples = 00:06:18[0m	
[0m# Confusion Matrix[0m	
[0m: average row correct: 0.99009900990099%[0m	
[0m: average rowUcol correct (VOC measure): 0.010253876300141%[0m	
[0m: > global correct: 1.035413339208%[0m	
[0m# ... saving model to ./verydeep_A/model.net[0m	
[0m: tac = 13.17740893364 sec[0m	
[0m# ... saving optimfunc.state to ./verydeep_A/optim.state[0m	
[0m: tac = 24.688983917236 sec[0m	
[0m# ... saving optimfunc.method to ./verydeep_A/optim.method[0m	
[0m: tac = 24.743259906769 sec[0m	
[0m
#####################[0m	
[0m# Epoch n° 8[0m	
[0m
# ... train model[0m	
[0m.:. Batch 1 to 128 on 72328 images[0m	
[0m: 1% done[0m	[0m01:12:47 left[0m	
[0m.:. Batch 3201 to 3328 on 72328 images[0m	
[0m: 6% done[0m	[0m01:08:12 left[0m	
[0m.:. Batch 6785 to 6912 on 72328 images[0m	
[0m: 11% done[0m	[0m01:04:39 left[0m	
[0m.:. Batch 10497 to 10624 on 72328 images[0m	
[0m: 16% done[0m	[0m01:03:18 left[0m	
[0m.:. Batch 14081 to 14208 on 72328 images[0m	
[0m: 21% done[0m	[0m00:59:03 left[0m	
[0m.:. Batch 17665 to 17792 on 72328 images[0m	
[0m: 26% done[0m	[0m00:55:09 left[0m	
[0m.:. Batch 21249 to 21376 on 72328 images[0m	
[0m: 31% done[0m	[0m00:51:14 left[0m	
[0m.:. Batch 24961 to 25088 on 72328 images[0m	
[0m: 36% done[0m	[0m00:47:24 left[0m	
[0m.:. Batch 28545 to 28672 on 72328 images[0m	
[0m: 41% done[0m	[0m00:43:32 left[0m	
[0m.:. Batch 32129 to 32256 on 72328 images[0m	
[0m: 46% done[0m	[0m00:39:51 left[0m	
[0m.:. Batch 35841 to 35968 on 72328 images[0m	
[0m: 51% done[0m	[0m00:36:10 left[0m	
[0m.:. Batch 39425 to 39552 on 72328 images[0m	
[0m: 56% done[0m	[0m00:32:21 left[0m	
[0m.:. Batch 43009 to 43136 on 72328 images[0m	
[0m: 61% done[0m	[0m00:28:43 left[0m	
