{
  cudnn : [0;34mtrue[0m
  pretrain_model : [0;34mfalse[0m
  weight_decay : [0;36m1e-05[0m
  batch_size : [0;36m60[0m
  cuda : [0;34mtrue[0m
  test_model : [0;34mfalse[0m
  load_epoch : [0;34mtrue[0m
  type_data : [1;30m"[0m[0;32mrecipe101[0m[1;30m"[0m
  plot_every : [0;36m10[0m
  path2save_epoch : [1;30m"[0m[0;32m/home/cadene/doc/DeepRecipes/convnet/rslt/overfat_lr4/epoch.t7[0m[1;30m"[0m
  path2load_std : [1;30m"[0m[0;32m/home/cadene/doc/DeepRecipes/convnet/rslt/overfat_lr4/std.t7[0m[1;30m"[0m
  path2save_log : [1;30m"[0m[0;32m./rslt/overfat_lr4[0m[1;30m"[0m
  load_model : [0;34mtrue[0m
  save_model : [0;34mtrue[0m
  K : [0;36m3[0m
  momentum : [0;36m0.6[0m
  threads : [0;36m1[0m
  type_model : [1;30m"[0m[0;32moverfeat[0m[1;30m"[0m
  path2load_epoch : [1;30m"[0m[0;32m/home/cadene/doc/DeepRecipes/convnet/rslt/overfat_lr4/epoch.t7[0m[1;30m"[0m
  load_logger : [0;34mtrue[0m
  seed : [0;36m1337[0m
  path2save_std : [1;30m"[0m[0;32m/home/cadene/doc/DeepRecipes/convnet/rslt/overfat_lr4/std.t7[0m[1;30m"[0m
  path2load_mean : [1;30m"[0m[0;32m/home/cadene/doc/DeepRecipes/convnet/rslt/overfat_lr4/mean.t7[0m[1;30m"[0m
  gpuid : [0;36m1[0m
  path2load_model : [1;30m"[0m[0;32m/home/cadene/doc/DeepRecipes/convnet/rslt/overfat_lr4/model.t7[0m[1;30m"[0m
  path2load_log : [1;30m"[0m[0;32m./rslt/overfat_lr4[0m[1;30m"[0m
  path2save_mean : [1;30m"[0m[0;32m/home/cadene/doc/DeepRecipes/convnet/rslt/overfat_lr4/mean.t7[0m[1;30m"[0m
  pc_train : [0;36m0.8[0m
  path2save_model : [1;30m"[0m[0;32m/home/cadene/doc/DeepRecipes/convnet/rslt/overfat_lr4/model.t7[0m[1;30m"[0m
  H : [0;36m100[0m
  path2save : [1;30m"[0m[0;32m./rslt/overfat_lr4[0m[1;30m"[0m
  type_criterion : [1;30m"[0m[0;32mNLL[0m[1;30m"[0m
  path2load : [1;30m"[0m[0;32m./rslt/overfat_lr4[0m[1;30m"[0m
  dropout : [0;36m0.5[0m
  epoch : [0;36m100[0m
  path2load_data : [1;30m"[0m[0;32m/home/cadene/data/recipe_101_clean/[0m[1;30m"[0m
  learning_rate_decay : [0;36m0[0m
  path2load_csv : [0;34mfalse[0m
  4d_tensor : [0;34mtrue[0m
  prepare_data : [0;34mfalse[0m
  type_optimizer : [1;30m"[0m[0;32mSGD_overfeat[0m[1;30m"[0m
  N : [0;36m500[0m
  train_model : [0;34mtrue[0m
  convMM : [0;34mtrue[0m
  save_every : [0;36m1[0m
  learning_rate : [0;36m0.7[0m
  D : [0;36m2[0m
  plot : [0;34mtrue[0m
  load_mean_std : [0;34mfalse[0m
  process_mean_std : [0;34mfalse[0m
}
[0m# ... lunching using pid = 26547[0m	
[0m# ... switching to CUDA[0m	

Database :
101 classes
[0m# ... loading model from /home/cadene/doc/DeepRecipes/convnet/rslt/overfat_lr4/model.t7[0m	

Model :
nn.Sequential {
  [input -> (1) -> (2) -> (3) -> (4) -> (5) -> (6) -> (7) -> (8) -> (9) -> (10) -> (11) -> (12) -> (13) -> (14) -> (15) -> (16) -> (17) -> (18) -> (19) -> (20) -> (21) -> (22) -> (23) -> (24) -> output]
  (1): cudnn.SpatialConvolution(in: 3, out: 96, kW: 7, kH: 7, dW: 2, dH: 2)
  (2): nn.ReLU
  (3): nn.SpatialMaxPooling(kW: 3, kH: 3, dW: 3, dH: 3)
  (4): cudnn.SpatialConvolution(in: 96, out: 256, kW: 7, kH: 7)
  (5): nn.ReLU
  (6): nn.SpatialMaxPooling(kW: 2, kH: 2, dW: 2, dH: 2)
  (7): cudnn.SpatialConvolution(in: 256, out: 512, kW: 3, kH: 3)
  (8): nn.ReLU
  (9): cudnn.SpatialConvolution(in: 512, out: 512, kW: 3, kH: 3)
  (10): nn.ReLU
  (11): cudnn.SpatialConvolution(in: 512, out: 1024, kW: 3, kH: 3)
  (12): nn.ReLU
  (13): cudnn.SpatialConvolution(in: 1024, out: 1024, kW: 3, kH: 3)
  (14): nn.ReLU
  (15): nn.SpatialMaxPooling(kW: 3, kH: 3, dW: 3, dH: 3)
  (16): cudnn.SpatialConvolution(in: 1024, out: 4096, kW: 5, kH: 5)
  (17): nn.ReLU
  (18): nn.Dropout(0.500000)
  (19): cudnn.SpatialConvolution(in: 4096, out: 4096, kW: 1, kH: 1)
  (20): nn.ReLU
  (21): nn.Dropout(0.500000)
  (22): cudnn.SpatialConvolution(in: 4096, out: 101, kW: 1, kH: 1)
  (23): nn.View
  (24): nn.LogSoftMax
}
140973285 parameters
[0m
Criterion :
type: nn.ClassNLLCriterion[0m	

Optimizer:
nesterov : true
learningRates : size[140973285
dampening : 0
learningRate : 0.7
weightDecay : 1e-05
momentum : 0.6
[0mtype : SGD_overfeat[0m	
[0m[0m	
[0m######### RUNNING ############[0m	
[0m[0m	
[0m[0m	
[0m# Epoch n° 2[0m	
[0m.:. Batch 1 to 60 on 72328 images[0m	
[0m: 1% done[0m	[0m01:21:54 left[0m	
[0m.:. Batch 3241 to 3300 on 72328 images[0m	
[0m: 6% done[0m	[0m01:10:11 left[0m	
[0m.:. Batch 6841 to 6900 on 72328 images[0m	
[0m: 11% done[0m	[0m01:06:05 left[0m	
[0m.:. Batch 10441 to 10500 on 72328 images[0m	
[0m: 16% done[0m	[0m01:02:23 left[0m	
[0m.:. Batch 14101 to 14160 on 72328 images[0m	
[0m: 21% done[0m	[0m00:58:39 left[0m	
[0m.:. Batch 17701 to 17760 on 72328 images[0m	
[0m: 26% done[0m	[0m00:55:01 left[0m	
[0m.:. Batch 21301 to 21360 on 72328 images[0m	
[0m: 31% done[0m	[0m00:51:20 left[0m	
[0m.:. Batch 24961 to 25020 on 72328 images[0m	
[0m: 36% done[0m	[0m00:47:34 left[0m	
[0m.:. Batch 28561 to 28620 on 72328 images[0m	
[0m: 41% done[0m	[0m00:43:53 left[0m	
[0m.:. Batch 32161 to 32220 on 72328 images[0m	
[0m: 46% done[0m	[0m00:40:13 left[0m	
[0m.:. Batch 35761 to 35820 on 72328 images[0m	
[0m: 51% done[0m	[0m00:36:30 left[0m	
[0m.:. Batch 39421 to 39480 on 72328 images[0m	
[0m: 56% done[0m	[0m00:32:49 left[0m	
[0m.:. Batch 43021 to 43080 on 72328 images[0m	
[0m: 61% done[0m	[0m00:29:08 left[0m	
[0m.:. Batch 46621 to 46680 on 72328 images[0m	
[0m: 66% done[0m	[0m00:25:29 left[0m	
[0m.:. Batch 50281 to 50340 on 72328 images[0m	
[0m: 71% done[0m	[0m00:21:53 left[0m	
