[0m# ... lunching using pid = 9564[0m	
[0m# ... loading seed in ./sk3/seed.save[0m	
[0m# ... switching to CUDA[0m	
[0m# ... loading Dataset[0m	
[0m# ...reloading previously trained network[0m	
[0m# Model[0m	
nn.Sequential {
  [input -> (1) -> (2) -> (3) -> (4) -> (5) -> (6) -> (7) -> (8) -> (9) -> (10) -> (11) -> (12) -> (13) -> (14) -> (15) -> (16) -> (17) -> (18) -> (19) -> (20) -> (21) -> (22) -> (23) -> (24) -> (25) -> (26) -> (27) -> (28) -> output]
  (1): nn.SpatialConvolutionMM(in: 3, out: 96, kW: 7, kH: 7, dW: 2, dH: 2)
  (2): nn.Threshold
  (3): nn.SpatialMaxPooling(kW: 3, kH: 3, dW: 3, dH: 3)
  (4): nn.SpatialConvolutionMM(in: 96, out: 256, kW: 7, kH: 7)
  (5): nn.Threshold
  (6): nn.SpatialMaxPooling(kW: 2, kH: 2, dW: 2, dH: 2)
  (7): nn.SpatialZeroPadding(l=1,r=1,t=1,b=1)
  (8): nn.SpatialConvolutionMM(in: 256, out: 512, kW: 3, kH: 3)
  (9): nn.Threshold
  (10): nn.SpatialZeroPadding(l=1,r=1,t=1,b=1)
  (11): nn.SpatialConvolutionMM(in: 512, out: 512, kW: 3, kH: 3)
  (12): nn.Threshold
  (13): nn.SpatialZeroPadding(l=1,r=1,t=1,b=1)
  (14): nn.SpatialConvolutionMM(in: 512, out: 1024, kW: 3, kH: 3)
  (15): nn.Threshold
  (16): nn.SpatialZeroPadding(l=1,r=1,t=1,b=1)
  (17): nn.SpatialConvolutionMM(in: 1024, out: 1024, kW: 3, kH: 3)
  (18): nn.Threshold
  (19): nn.SpatialMaxPooling(kW: 3, kH: 3, dW: 3, dH: 3)
  (20): nn.SpatialConvolutionMM(in: 1024, out: 4096, kW: 5, kH: 5)
  (21): nn.Threshold
  (22): nn.Dropout(0.500000)
  (23): nn.SpatialConvolutionMM(in: 4096, out: 4096, kW: 1, kH: 1)
  (24): nn.Threshold
  (25): nn.Dropout(0.500000)
  (26): nn.SpatialConvolutionMM(in: 4096, out: 101, kW: 1, kH: 1)
  (27): nn.View
  (28): nn.LogSoftMax
}
[0mNumber of parameters 140973285[0m	
[0m# Criterion[0m	
nn.ClassNLLCriterion
[0m# ... building optimizer[0m	
[0m# Optimizer[0m	
[0mADAGRAD[0m	
[0m# OptimState[0m	
{
  learningRate : [0;36m0.01[0m
}
[0m[0m	
[0m#####################[0m	
[0m# Epoch n° 1[0m	
[0m.:. Batch 1 to 128 on 72328 images[0m	
[0m: Time to learn 128 samples = 00:00:11[0m	
[0m: Time left to learn full batch = 01:43:57[0m	
[0m.:. Batch 129 to 256 on 72328 images[0m	
[0m: Time to learn 128 samples = 00:00:08[0m	
[0m: Time left to learn full batch = 01:22:02[0m	
[0m.:. Batch 257 to 384 on 72328 images[0m	
[0m: Time to learn 128 samples = 00:00:09[0m	
[0m: Time left to learn full batch = 01:32:57[0m	
[0m.:. Batch 385 to 512 on 72328 images[0m	
[0m: Time to learn 128 samples = 00:00:09[0m	
[0m: Time left to learn full batch = 01:24:11[0m	
[0m.:. Batch 513 to 640 on 72328 images[0m	
[0m: Time to learn 128 samples = 00:00:09[0m	
[0m: Time left to learn full batch = 01:24:38[0m	
[0m.:. Batch 641 to 768 on 72328 images[0m	
[0m: Time to learn 128 samples = 00:00:08[0m	
[0m: Time left to learn full batch = 01:21:36[0m	
[0m.:. Batch 769 to 896 on 72328 images[0m	
[0m: Time to learn 128 samples = 00:00:08[0m	
[0m: Time left to learn full batch = 01:20:38[0m	
[0m.:. Batch 897 to 1024 on 72328 images[0m	
[0m: Time to learn 128 samples = 00:00:08[0m	
[0m: Time left to learn full batch = 01:22:30[0m	
[0m.:. Batch 1025 to 1152 on 72328 images[0m	
[0m: Time to learn 128 samples = 00:00:10[0m	
[0m: Time left to learn full batch = 01:35:59[0m	
[0m.:. Batch 1153 to 1280 on 72328 images[0m	
[0m: Time to learn 128 samples = 00:00:08[0m	
[0m: Time left to learn full batch = 01:21:56[0m	
[0m.:. Batch 1281 to 1408 on 72328 images[0m	
[0m: Time to learn 128 samples = 00:00:09[0m	
[0m: Time left to learn full batch = 01:24:02[0m	
[0m.:. Batch 1409 to 1536 on 72328 images[0m	
[0m: Time to learn 128 samples = 00:00:08[0m	
[0m: Time left to learn full batch = 01:21:25[0m	
[0m.:. Batch 1537 to 1664 on 72328 images[0m	
[0m: Time to learn 128 samples = 00:00:08[0m	
[0m: Time left to learn full batch = 01:18:42[0m	
[0m.:. Batch 1665 to 1792 on 72328 images[0m	
[0m: Time to learn 128 samples = 00:00:08[0m	
[0m: Time left to learn full batch = 01:22:25[0m	
[0m.:. Batch 1793 to 1920 on 72328 images[0m	
[0m: Time to learn 128 samples = 00:00:08[0m	
[0m: Time left to learn full batch = 01:16:49[0m	
[0m.:. Batch 1921 to 2048 on 72328 images[0m	
[0m: Time to learn 128 samples = 00:00:08[0m	
[0m: Time left to learn full batch = 01:17:32[0m	
[0m.:. Batch 2049 to 2176 on 72328 images[0m	
[0m: Time to learn 128 samples = 00:00:09[0m	
[0m: Time left to learn full batch = 01:27:28[0m	
[0m.:. Batch 2177 to 2304 on 72328 images[0m	
[0m: Time to learn 128 samples = 00:00:08[0m	
[0m: Time left to learn full batch = 01:16:44[0m	
[0m.:. Batch 2305 to 2432 on 72328 images[0m	
[0m: Time to learn 128 samples = 00:00:08[0m	
[0m: Time left to learn full batch = 01:18:41[0m	
[0m.:. Batch 2433 to 2560 on 72328 images[0m	
[0m: Time to learn 128 samples = 00:00:08[0m	
[0m: Time left to learn full batch = 01:17:39[0m	
[0m.:. Batch 2561 to 2688 on 72328 images[0m	
[0m: Time to learn 128 samples = 00:00:08[0m	
[0m: Time left to learn full batch = 01:16:30[0m	
[0m.:. Batch 2689 to 2816 on 72328 images[0m	
[0m: Time to learn 128 samples = 00:00:08[0m	
[0m: Time left to learn full batch = 01:15:52[0m	
[0m.:. Batch 2817 to 2944 on 72328 images[0m	
[0m: Time to learn 128 samples = 00:00:08[0m	
[0m: Time left to learn full batch = 01:18:16[0m	
[0m.:. Batch 2945 to 3072 on 72328 images[0m	
[0m: Time to learn 128 samples = 00:00:08[0m	
[0m: Time left to learn full batch = 01:15:46[0m	
[0m.:. Batch 3073 to 3200 on 72328 images[0m	
[0m: Time to learn 128 samples = 00:00:08[0m	
[0m: Time left to learn full batch = 01:15:52[0m	
[0m.:. Batch 3201 to 3328 on 72328 images[0m	
[0m: Time to learn 128 samples = 00:00:08[0m	
[0m: Time left to learn full batch = 01:15:26[0m	
[0m.:. Batch 3329 to 3456 on 72328 images[0m	
[0m: Time to learn 128 samples = 00:00:08[0m	
[0m: Time left to learn full batch = 01:14:35[0m	
[0m.:. Batch 3457 to 3584 on 72328 images[0m	
[0m: Time to learn 128 samples = 00:00:08[0m	
[0m: Time left to learn full batch = 01:17:29[0m	
[0m.:. Batch 3585 to 3712 on 72328 images[0m	
[0m: Time to learn 128 samples = 00:00:08[0m	
[0m: Time left to learn full batch = 01:14:13[0m	
[0m.:. Batch 3713 to 3840 on 72328 images[0m	
[0m: Time to learn 128 samples = 00:00:08[0m	
[0m: Time left to learn full batch = 01:17:53[0m	
[0m.:. Batch 3841 to 3968 on 72328 images[0m	
[0m: Time to learn 128 samples = 00:00:08[0m	
[0m: Time left to learn full batch = 01:16:27[0m	
[0m.:. Batch 3969 to 4096 on 72328 images[0m	
[0m: Time to learn 128 samples = 00:00:08[0m	
[0m: Time left to learn full batch = 01:14:02[0m	
[0m.:. Batch 4097 to 4224 on 72328 images[0m	
[0m: Time to learn 128 samples = 00:00:08[0m	
[0m: Time left to learn full batch = 01:12:25[0m	
[0m.:. Batch 4225 to 4352 on 72328 images[0m	
[0m: Time to learn 128 samples = 00:00:08[0m	
[0m: Time left to learn full batch = 01:16:36[0m	
[0m.:. Batch 4353 to 4480 on 72328 images[0m	
[0m: Time to learn 128 samples = 00:00:08[0m	
[0m: Time left to learn full batch = 01:12:57[0m	
[0m.:. Batch 4481 to 4608 on 72328 images[0m	
[0m: Time to learn 128 samples = 00:00:08[0m	
[0m: Time left to learn full batch = 01:13:39[0m	
[0m.:. Batch 4609 to 4736 on 72328 images[0m	
[0m: Time to learn 128 samples = 00:00:08[0m	
[0m: Time left to learn full batch = 01:14:04[0m	
[0m.:. Batch 4737 to 4864 on 72328 images[0m	
[0m: Time to learn 128 samples = 00:00:08[0m	
[0m: Time left to learn full batch = 01:13:53[0m	
[0m.:. Batch 4865 to 4992 on 72328 images[0m	
[0m: Time to learn 128 samples = 00:00:08[0m	
[0m: Time left to learn full batch = 01:12:40[0m	
[0m.:. Batch 4993 to 5120 on 72328 images[0m	
[0m: Time to learn 128 samples = 00:00:08[0m	
[0m: Time left to learn full batch = 01:15:46[0m	
[0m.:. Batch 5121 to 5248 on 72328 images[0m	
[0m: Time to learn 128 samples = 00:00:08[0m	
[0m: Time left to learn full batch = 01:12:22[0m	
[0m.:. Batch 5249 to 5376 on 72328 images[0m	
[0m: Time to learn 128 samples = 00:00:08[0m	
[0m: Time left to learn full batch = 01:12:12[0m	
[0m.:. Batch 5377 to 5504 on 72328 images[0m	
[0m: Time to learn 128 samples = 00:00:08[0m	
[0m: Time left to learn full batch = 01:14:01[0m	
[0m.:. Batch 5505 to 5632 on 72328 images[0m	
[0m: Time to learn 128 samples = 00:00:08[0m	
[0m: Time left to learn full batch = 01:14:19[0m	
[0m.:. Batch 5633 to 5760 on 72328 images[0m	
[0m: Time to learn 128 samples = 00:00:08[0m	
[0m: Time left to learn full batch = 01:12:01[0m	
[0m.:. Batch 5761 to 5888 on 72328 images[0m	
[0m: Time to learn 128 samples = 00:00:08[0m	
[0m: Time left to learn full batch = 01:12:44[0m	
[0m.:. Batch 5889 to 6016 on 72328 images[0m	
[0m: Time to learn 128 samples = 00:00:08[0m	
[0m: Time left to learn full batch = 01:14:45[0m	
[0m.:. Batch 6017 to 6144 on 72328 images[0m	
[0m: Time to learn 128 samples = 00:00:08[0m	
[0m: Time left to learn full batch = 01:13:18[0m	
[0m.:. Batch 6145 to 6272 on 72328 images[0m	
[0m: Time to learn 128 samples = 00:00:08[0m	
[0m: Time left to learn full batch = 01:12:41[0m	
[0m.:. Batch 6273 to 6400 on 72328 images[0m	
[0m: Time to learn 128 samples = 00:00:08[0m	
[0m: Time left to learn full batch = 01:15:03[0m	
[0m.:. Batch 6401 to 6528 on 72328 images[0m	
[0m: Time to learn 128 samples = 00:00:08[0m	
[0m: Time left to learn full batch = 01:11:54[0m	
[0m.:. Batch 6529 to 6656 on 72328 images[0m	
[0m: Time to learn 128 samples = 00:00:08[0m	
[0m: Time left to learn full batch = 01:12:37[0m	
[0m.:. Batch 6657 to 6784 on 72328 images[0m	
[0m: Time to learn 128 samples = 00:00:08[0m	
[0m: Time left to learn full batch = 01:12:26[0m	
[0m.:. Batch 6785 to 6912 on 72328 images[0m	
[0m: Time to learn 128 samples = 00:00:08[0m	
[0m: Time left to learn full batch = 01:10:09[0m	
[0m.:. Batch 6913 to 7040 on 72328 images[0m	
[0m: Time to learn 128 samples = 00:00:08[0m	
[0m: Time left to learn full batch = 01:12:56[0m	
[0m.:. Batch 7041 to 7168 on 72328 images[0m	
[0m: Time to learn 128 samples = 00:00:08[0m	
[0m: Time left to learn full batch = 01:13:29[0m	
[0m.:. Batch 7169 to 7296 on 72328 images[0m	
[0m: Time to learn 128 samples = 00:00:08[0m	
[0m: Time left to learn full batch = 01:14:00[0m	
[0m.:. Batch 7297 to 7424 on 72328 images[0m	
[0m: Time to learn 128 samples = 00:00:08[0m	
[0m: Time left to learn full batch = 01:12:55[0m	
[0m.:. Batch 7425 to 7552 on 72328 images[0m	
[0m: Time to learn 128 samples = 00:00:08[0m	
[0m: Time left to learn full batch = 01:12:55[0m	
[0m.:. Batch 7553 to 7680 on 72328 images[0m	
[0m: Time to learn 128 samples = 00:00:08[0m	
[0m: Time left to learn full batch = 01:11:10[0m	
[0m.:. Batch 7681 to 7808 on 72328 images[0m	
[0m: Time to learn 128 samples = 00:00:08[0m	
[0m: Time left to learn full batch = 01:10:15[0m	
[0m.:. Batch 7809 to 7936 on 72328 images[0m	
[0m: Time to learn 128 samples = 00:00:08[0m	
[0m: Time left to learn full batch = 01:11:54[0m	
[0m.:. Batch 7937 to 8064 on 72328 images[0m	
[0m: Time to learn 128 samples = 00:00:08[0m	
[0m: Time left to learn full batch = 01:12:42[0m	
[0m.:. Batch 8065 to 8192 on 72328 images[0m	
[0m: Time to learn 128 samples = 00:00:08[0m	
[0m: Time left to learn full batch = 01:10:22[0m	
[0m.:. Batch 8193 to 8320 on 72328 images[0m	
[0m: Time to learn 128 samples = 00:00:08[0m	
[0m: Time left to learn full batch = 01:08:18[0m	
[0m.:. Batch 8321 to 8448 on 72328 images[0m	
[0m: Time to learn 128 samples = 00:00:08[0m	
[0m: Time left to learn full batch = 01:08:19[0m	
[0m.:. Batch 8449 to 8576 on 72328 images[0m	
[0m: Time to learn 128 samples = 00:00:08[0m	
[0m: Time left to learn full batch = 01:08:26[0m	
[0m.:. Batch 8577 to 8704 on 72328 images[0m	
[0m: Time to learn 128 samples = 00:00:08[0m	
[0m: Time left to learn full batch = 01:07:57[0m	
[0m.:. Batch 8705 to 8832 on 72328 images[0m	
[0m: Time to learn 128 samples = 00:00:08[0m	
[0m: Time left to learn full batch = 01:07:38[0m	
[0m.:. Batch 8833 to 8960 on 72328 images[0m	
[0m: Time to learn 128 samples = 00:00:08[0m	
[0m: Time left to learn full batch = 01:13:58[0m	
[0m.:. Batch 8961 to 9088 on 72328 images[0m	
[0m: Time to learn 128 samples = 00:00:08[0m	
[0m: Time left to learn full batch = 01:08:54[0m	
[0m.:. Batch 9089 to 9216 on 72328 images[0m	
[0m: Time to learn 128 samples = 00:00:08[0m	
[0m: Time left to learn full batch = 01:08:36[0m	
[0m.:. Batch 9217 to 9344 on 72328 images[0m	
[0m: Time to learn 128 samples = 00:00:08[0m	
[0m: Time left to learn full batch = 01:06:05[0m	
[0m.:. Batch 9345 to 9472 on 72328 images[0m	
[0m: Time to learn 128 samples = 00:00:08[0m	
[0m: Time left to learn full batch = 01:10:08[0m	
[0m.:. Batch 9473 to 9600 on 72328 images[0m	
[0m: Time to learn 128 samples = 00:00:08[0m	
[0m: Time left to learn full batch = 01:07:59[0m	
[0m.:. Batch 9601 to 9728 on 72328 images[0m	
[0m: Time to learn 128 samples = 00:00:08[0m	
[0m: Time left to learn full batch = 01:05:34[0m	
[0m.:. Batch 9729 to 9856 on 72328 images[0m	
[0m: Time to learn 128 samples = 00:00:08[0m	
[0m: Time left to learn full batch = 01:08:09[0m	
[0m.:. Batch 9857 to 9984 on 72328 images[0m	
[0m: Time to learn 128 samples = 00:00:08[0m	
[0m: Time left to learn full batch = 01:06:07[0m	
[0m.:. Batch 9985 to 10112 on 72328 images[0m	
[0m: Time to learn 128 samples = 00:00:08[0m	
[0m: Time left to learn full batch = 01:07:06[0m	
[0m.:. Batch 10113 to 10240 on 72328 images[0m	
[0m: Time to learn 128 samples = 00:00:08[0m	
[0m: Time left to learn full batch = 01:07:45[0m	
[0m.:. Batch 10241 to 10368 on 72328 images[0m	
[0m: Time to learn 128 samples = 00:00:08[0m	
[0m: Time left to learn full batch = 01:07:25[0m	
[0m.:. Batch 10369 to 10496 on 72328 images[0m	
[0m: Time to learn 128 samples = 00:00:08[0m	
[0m: Time left to learn full batch = 01:08:06[0m	
[0m.:. Batch 10497 to 10624 on 72328 images[0m	
[0m: Time to learn 128 samples = 00:00:08[0m	
[0m: Time left to learn full batch = 01:05:38[0m	
[0m.:. Batch 10625 to 10752 on 72328 images[0m	
[0m: Time to learn 128 samples = 00:00:08[0m	
[0m: Time left to learn full batch = 01:06:50[0m	
[0m.:. Batch 10753 to 10880 on 72328 images[0m	
[0m: Time to learn 128 samples = 00:00:08[0m	
[0m: Time left to learn full batch = 01:06:08[0m	
[0m.:. Batch 10881 to 11008 on 72328 images[0m	
[0m: Time to learn 128 samples = 00:00:08[0m	
[0m: Time left to learn full batch = 01:07:35[0m	
[0m.:. Batch 11009 to 11136 on 72328 images[0m	
[0m: Time to learn 128 samples = 00:00:08[0m	
[0m: Time left to learn full batch = 01:08:50[0m	
[0m.:. Batch 11137 to 11264 on 72328 images[0m	
[0m: Time to learn 128 samples = 00:00:08[0m	
[0m: Time left to learn full batch = 01:08:46[0m	
[0m.:. Batch 11265 to 11392 on 72328 images[0m	
[0m: Time to learn 128 samples = 00:00:08[0m	
[0m: Time left to learn full batch = 01:07:26[0m	
[0m.:. Batch 11393 to 11520 on 72328 images[0m	
[0m: Time to learn 128 samples = 00:00:08[0m	
[0m: Time left to learn full batch = 01:06:57[0m	
[0m.:. Batch 11521 to 11648 on 72328 images[0m	
[0m: Time to learn 128 samples = 00:00:08[0m	
[0m: Time left to learn full batch = 01:07:33[0m	
[0m.:. Batch 11649 to 11776 on 72328 images[0m	
[0m: Time to learn 128 samples = 00:00:08[0m	
[0m: Time left to learn full batch = 01:04:46[0m	
[0m.:. Batch 11777 to 11904 on 72328 images[0m	
[0m: Time to learn 128 samples = 00:00:08[0m	
[0m: Time left to learn full batch = 01:06:10[0m	
[0m.:. Batch 11905 to 12032 on 72328 images[0m	
[0m: Time to learn 128 samples = 00:00:07[0m	
[0m: Time left to learn full batch = 01:02:25[0m	
[0m.:. Batch 12033 to 12160 on 72328 images[0m	
[0m: Time to learn 128 samples = 00:00:08[0m	
[0m: Time left to learn full batch = 01:03:19[0m	
[0m.:. Batch 12161 to 12288 on 72328 images[0m	
[0m: Time to learn 128 samples = 00:00:08[0m	
[0m: Time left to learn full batch = 01:03:01[0m	
[0m.:. Batch 12289 to 12416 on 72328 images[0m	
[0m: Time to learn 128 samples = 00:00:08[0m	
[0m: Time left to learn full batch = 01:06:03[0m	
[0m.:. Batch 12417 to 12544 on 72328 images[0m	
[0m: Time to learn 128 samples = 00:00:08[0m	
[0m: Time left to learn full batch = 01:07:20[0m	
[0m.:. Batch 12545 to 12672 on 72328 images[0m	
[0m: Time to learn 128 samples = 00:00:08[0m	
[0m: Time left to learn full batch = 01:06:51[0m	
[0m.:. Batch 12673 to 12800 on 72328 images[0m	
[0m: Time to learn 128 samples = 00:00:08[0m	
[0m: Time left to learn full batch = 01:04:30[0m	
[0m.:. Batch 12801 to 12928 on 72328 images[0m	
[0m: Time to learn 128 samples = 00:00:08[0m	
[0m: Time left to learn full batch = 01:03:45[0m	
[0m.:. Batch 12929 to 13056 on 72328 images[0m	
[0m: Time to learn 128 samples = 00:00:08[0m	
[0m: Time left to learn full batch = 01:03:03[0m	
[0m.:. Batch 13057 to 13184 on 72328 images[0m	
[0m: Time to learn 128 samples = 00:00:08[0m	
[0m: Time left to learn full batch = 01:04:31[0m	
[0m.:. Batch 13185 to 13312 on 72328 images[0m	
[0m: Time to learn 128 samples = 00:00:08[0m	
[0m: Time left to learn full batch = 01:05:00[0m	
[0m.:. Batch 13313 to 13440 on 72328 images[0m	
[0m: Time to learn 128 samples = 00:00:08[0m	
[0m: Time left to learn full batch = 01:02:04[0m	
[0m.:. Batch 13441 to 13568 on 72328 images[0m	
[0m: Time to learn 128 samples = 00:00:07[0m	
[0m: Time left to learn full batch = 01:00:47[0m	
[0m.:. Batch 13569 to 13696 on 72328 images[0m	
[0m: Time to learn 128 samples = 00:00:08[0m	
[0m: Time left to learn full batch = 01:03:41[0m	
[0m.:. Batch 13697 to 13824 on 72328 images[0m	
[0m: Time to learn 128 samples = 00:00:08[0m	
[0m: Time left to learn full batch = 01:02:57[0m	
[0m.:. Batch 13825 to 13952 on 72328 images[0m	
[0m: Time to learn 128 samples = 00:00:08[0m	
[0m: Time left to learn full batch = 01:04:55[0m	
[0m.:. Batch 13953 to 14080 on 72328 images[0m	
[0m: Time to learn 128 samples = 00:00:08[0m	
[0m: Time left to learn full batch = 01:01:36[0m	
[0m.:. Batch 14081 to 14208 on 72328 images[0m	
[0m: Time to learn 128 samples = 00:00:07[0m	
[0m: Time left to learn full batch = 01:00:02[0m	
[0m.:. Batch 14209 to 14336 on 72328 images[0m	
[0m: Time to learn 128 samples = 00:00:08[0m	
[0m: Time left to learn full batch = 01:01:24[0m	
[0m.:. Batch 14337 to 14464 on 72328 images[0m	
[0m: Time to learn 128 samples = 00:00:07[0m	
[0m: Time left to learn full batch = 00:59:54[0m	
[0m.:. Batch 14465 to 14592 on 72328 images[0m	
[0m: Time to learn 128 samples = 00:00:07[0m	
[0m: Time left to learn full batch = 00:59:01[0m	
[0m.:. Batch 14593 to 14720 on 72328 images[0m	
[0m: Time to learn 128 samples = 00:00:08[0m	
[0m: Time left to learn full batch = 01:05:03[0m	
[0m.:. Batch 14721 to 14848 on 72328 images[0m	
[0m: Time to learn 128 samples = 00:00:09[0m	
[0m: Time left to learn full batch = 01:09:29[0m	
[0m.:. Batch 14849 to 14976 on 72328 images[0m	
[0m: Time to learn 128 samples = 00:00:08[0m	
[0m: Time left to learn full batch = 01:02:18[0m	
[0m.:. Batch 14977 to 15104 on 72328 images[0m	
[0m: Time to learn 128 samples = 00:00:08[0m	
[0m: Time left to learn full batch = 01:02:09[0m	
[0m.:. Batch 15105 to 15232 on 72328 images[0m	
[0m: Time to learn 128 samples = 00:00:08[0m	
[0m: Time left to learn full batch = 01:02:22[0m	
[0m.:. Batch 15233 to 15360 on 72328 images[0m	
[0m: Time to learn 128 samples = 00:00:08[0m	
[0m: Time left to learn full batch = 01:04:07[0m	
[0m.:. Batch 15361 to 15488 on 72328 images[0m	
[0m: Time to learn 128 samples = 00:00:08[0m	
[0m: Time left to learn full batch = 01:02:58[0m	
[0m.:. Batch 15489 to 15616 on 72328 images[0m	
[0m: Time to learn 128 samples = 00:00:08[0m	
[0m: Time left to learn full batch = 01:01:49[0m	
[0m.:. Batch 15617 to 15744 on 72328 images[0m	
[0m: Time to learn 128 samples = 00:00:08[0m	
[0m: Time left to learn full batch = 01:01:43[0m	
[0m.:. Batch 15745 to 15872 on 72328 images[0m	
[0m: Time to learn 128 samples = 00:00:08[0m	
[0m: Time left to learn full batch = 00:59:49[0m	
[0m.:. Batch 15873 to 16000 on 72328 images[0m	
[0m: Time to learn 128 samples = 00:00:08[0m	
[0m: Time left to learn full batch = 00:58:56[0m	
[0m.:. Batch 16001 to 16128 on 72328 images[0m	
[0m: Time to learn 128 samples = 00:00:08[0m	
[0m: Time left to learn full batch = 01:01:02[0m	
[0m.:. Batch 16129 to 16256 on 72328 images[0m	
[0m: Time to learn 128 samples = 00:00:08[0m	
[0m: Time left to learn full batch = 01:00:10[0m	
[0m.:. Batch 16257 to 16384 on 72328 images[0m	
[0m: Time to learn 128 samples = 00:00:08[0m	
[0m: Time left to learn full batch = 00:59:36[0m	
[0m.:. Batch 16385 to 16512 on 72328 images[0m	
[0m: Time to learn 128 samples = 00:00:08[0m	
[0m: Time left to learn full batch = 01:01:19[0m	
[0m.:. Batch 16513 to 16640 on 72328 images[0m	
[0m: Time to learn 128 samples = 00:00:08[0m	
[0m: Time left to learn full batch = 01:00:52[0m	
[0m.:. Batch 16641 to 16768 on 72328 images[0m	
[0m: Time to learn 128 samples = 00:00:07[0m	
[0m: Time left to learn full batch = 00:57:25[0m	
[0m.:. Batch 16769 to 16896 on 72328 images[0m	
[0m: Time to learn 128 samples = 00:00:08[0m	
[0m: Time left to learn full batch = 00:58:09[0m	
[0m.:. Batch 16897 to 17024 on 72328 images[0m	
[0m: Time to learn 128 samples = 00:00:08[0m	
[0m: Time left to learn full batch = 00:59:37[0m	
[0m.:. Batch 17025 to 17152 on 72328 images[0m	
[0m: Time to learn 128 samples = 00:00:08[0m	
[0m: Time left to learn full batch = 01:00:31[0m	
[0m.:. Batch 17153 to 17280 on 72328 images[0m	
[0m: Time to learn 128 samples = 00:00:09[0m	
[0m: Time left to learn full batch = 01:07:08[0m	
[0m.:. Batch 17281 to 17408 on 72328 images[0m	
[0m: Time to learn 128 samples = 00:00:08[0m	
[0m: Time left to learn full batch = 01:00:01[0m	
[0m.:. Batch 17409 to 17536 on 72328 images[0m	
[0m: Time to learn 128 samples = 00:00:07[0m	
[0m: Time left to learn full batch = 00:56:47[0m	
[0m.:. Batch 17537 to 17664 on 72328 images[0m	
[0m: Time to learn 128 samples = 00:00:07[0m	
[0m: Time left to learn full batch = 00:56:44[0m	
[0m.:. Batch 17665 to 17792 on 72328 images[0m	
[0m: Time to learn 128 samples = 00:00:08[0m	
[0m: Time left to learn full batch = 00:57:26[0m	
[0m.:. Batch 17793 to 17920 on 72328 images[0m	
[0m: Time to learn 128 samples = 00:00:08[0m	
[0m: Time left to learn full batch = 00:57:55[0m	
[0m.:. Batch 17921 to 18048 on 72328 images[0m	
[0m: Time to learn 128 samples = 00:00:07[0m	
[0m: Time left to learn full batch = 00:56:00[0m	
[0m.:. Batch 18049 to 18176 on 72328 images[0m	
[0m: Time to learn 128 samples = 00:00:08[0m	
[0m: Time left to learn full batch = 00:56:35[0m	
[0m.:. Batch 18177 to 18304 on 72328 images[0m	
[0m: Time to learn 128 samples = 00:00:07[0m	
[0m: Time left to learn full batch = 00:56:05[0m	
[0m.:. Batch 18305 to 18432 on 72328 images[0m	
[0m: Time to learn 128 samples = 00:00:07[0m	
[0m: Time left to learn full batch = 00:59:38[0m	
[0m.:. Batch 18433 to 18560 on 72328 images[0m	
[0m: Time to learn 128 samples = 00:00:09[0m	
[0m: Time left to learn full batch = 01:05:13[0m	
[0m.:. Batch 18561 to 18688 on 72328 images[0m	
[0m: Time to learn 128 samples = 00:00:08[0m	
[0m: Time left to learn full batch = 01:02:12[0m	
[0m.:. Batch 18689 to 18816 on 72328 images[0m	
[0m: Time to learn 128 samples = 00:00:08[0m	
[0m: Time left to learn full batch = 01:02:25[0m	
[0m.:. Batch 18817 to 18944 on 72328 images[0m	
[0m: Time to learn 128 samples = 00:00:08[0m	
[0m: Time left to learn full batch = 01:02:05[0m	
[0m.:. Batch 18945 to 19072 on 72328 images[0m	
[0m: Time to learn 128 samples = 00:00:08[0m	
[0m: Time left to learn full batch = 01:01:01[0m	
[0m.:. Batch 19073 to 19200 on 72328 images[0m	
[0m: Time to learn 128 samples = 00:00:08[0m	
[0m: Time left to learn full batch = 01:00:08[0m	
[0m.:. Batch 19201 to 19328 on 72328 images[0m	
[0m: Time to learn 128 samples = 00:00:08[0m	
[0m: Time left to learn full batch = 00:59:22[0m	
[0m.:. Batch 19329 to 19456 on 72328 images[0m	
[0m: Time to learn 128 samples = 00:00:08[0m	
[0m: Time left to learn full batch = 00:59:33[0m	
[0m.:. Batch 19457 to 19584 on 72328 images[0m	
[0m: Time to learn 128 samples = 00:00:08[0m	
[0m: Time left to learn full batch = 00:59:29[0m	
[0m.:. Batch 19585 to 19712 on 72328 images[0m	
[0m: Time to learn 128 samples = 00:00:08[0m	
[0m: Time left to learn full batch = 00:58:33[0m	
[0m.:. Batch 19713 to 19840 on 72328 images[0m	
[0m: Time to learn 128 samples = 00:00:08[0m	
[0m: Time left to learn full batch = 00:59:13[0m	
[0m.:. Batch 19841 to 19968 on 72328 images[0m	
[0m: Time to learn 128 samples = 00:00:08[0m	
[0m: Time left to learn full batch = 00:58:07[0m	
[0m.:. Batch 19969 to 20096 on 72328 images[0m	
[0m: Time to learn 128 samples = 00:00:08[0m	
[0m: Time left to learn full batch = 00:58:33[0m	
[0m.:. Batch 20097 to 20224 on 72328 images[0m	
[0m: Time to learn 128 samples = 00:00:08[0m	
[0m: Time left to learn full batch = 00:57:49[0m	
[0m.:. Batch 20225 to 20352 on 72328 images[0m	
[0m: Time to learn 128 samples = 00:00:08[0m	
[0m: Time left to learn full batch = 00:58:13[0m	
[0m.:. Batch 20353 to 20480 on 72328 images[0m	
[0m: Time to learn 128 samples = 00:00:08[0m	
[0m: Time left to learn full batch = 00:57:49[0m	
[0m.:. Batch 20481 to 20608 on 72328 images[0m	
[0m: Time to learn 128 samples = 00:00:08[0m	
[0m: Time left to learn full batch = 00:58:02[0m	
[0m.:. Batch 20609 to 20736 on 72328 images[0m	
[0m: Time to learn 128 samples = 00:00:08[0m	
[0m: Time left to learn full batch = 00:58:16[0m	
[0m.:. Batch 20737 to 20864 on 72328 images[0m	
[0m: Time to learn 128 samples = 00:00:08[0m	
[0m: Time left to learn full batch = 00:57:21[0m	
[0m.:. Batch 20865 to 20992 on 72328 images[0m	
[0m: Time to learn 128 samples = 00:00:08[0m	
[0m: Time left to learn full batch = 00:57:44[0m	
[0m.:. Batch 20993 to 21120 on 72328 images[0m	
[0m: Time to learn 128 samples = 00:00:08[0m	
[0m: Time left to learn full batch = 00:57:22[0m	
[0m.:. Batch 21121 to 21248 on 72328 images[0m	
[0m: Time to learn 128 samples = 00:00:08[0m	
[0m: Time left to learn full batch = 00:57:08[0m	
[0m.:. Batch 21249 to 21376 on 72328 images[0m	
[0m: Time to learn 128 samples = 00:00:08[0m	
[0m: Time left to learn full batch = 00:57:03[0m	
[0m.:. Batch 21377 to 21504 on 72328 images[0m	
[0m: Time to learn 128 samples = 00:00:08[0m	
[0m: Time left to learn full batch = 00:56:17[0m	
[0m.:. Batch 21505 to 21632 on 72328 images[0m	
[0m: Time to learn 128 samples = 00:00:08[0m	
[0m: Time left to learn full batch = 00:53:09[0m	
[0m.:. Batch 21633 to 21760 on 72328 images[0m	
[0m: Time to learn 128 samples = 00:00:07[0m	
[0m: Time left to learn full batch = 00:52:04[0m	
[0m.:. Batch 21761 to 21888 on 72328 images[0m	
[0m: Time to learn 128 samples = 00:00:08[0m	
[0m: Time left to learn full batch = 00:53:09[0m	
[0m.:. Batch 21889 to 22016 on 72328 images[0m	
[0m: Time to learn 128 samples = 00:00:08[0m	
[0m: Time left to learn full batch = 00:53:09[0m	
[0m.:. Batch 22017 to 22144 on 72328 images[0m	
[0m: Time to learn 128 samples = 00:00:07[0m	
[0m: Time left to learn full batch = 00:52:06[0m	
[0m.:. Batch 22145 to 22272 on 72328 images[0m	
[0m: Time to learn 128 samples = 00:00:08[0m	
[0m: Time left to learn full batch = 00:53:18[0m	
[0m.:. Batch 22273 to 22400 on 72328 images[0m	
[0m: Time to learn 128 samples = 00:00:08[0m	
[0m: Time left to learn full batch = 00:52:24[0m	
[0m.:. Batch 22401 to 22528 on 72328 images[0m	
[0m: Time to learn 128 samples = 00:00:07[0m	
[0m: Time left to learn full batch = 00:51:16[0m	
[0m.:. Batch 22529 to 22656 on 72328 images[0m	
[0m: Time to learn 128 samples = 00:00:08[0m	
[0m: Time left to learn full batch = 00:54:05[0m	
[0m.:. Batch 22657 to 22784 on 72328 images[0m	
[0m: Time to learn 128 samples = 00:00:08[0m	
[0m: Time left to learn full batch = 00:54:35[0m	
[0m.:. Batch 22785 to 22912 on 72328 images[0m	
[0m: Time to learn 128 samples = 00:00:08[0m	
[0m: Time left to learn full batch = 00:54:34[0m	
[0m.:. Batch 22913 to 23040 on 72328 images[0m	
[0m: Time to learn 128 samples = 00:00:08[0m	
[0m: Time left to learn full batch = 00:52:08[0m	
[0m.:. Batch 23041 to 23168 on 72328 images[0m	
[0m: Time to learn 128 samples = 00:00:08[0m	
[0m: Time left to learn full batch = 00:51:28[0m	
[0m.:. Batch 23169 to 23296 on 72328 images[0m	
[0m: Time to learn 128 samples = 00:00:08[0m	
[0m: Time left to learn full batch = 00:52:48[0m	
[0m.:. Batch 23297 to 23424 on 72328 images[0m	
[0m: Time to learn 128 samples = 00:00:08[0m	
[0m: Time left to learn full batch = 00:52:58[0m	
[0m.:. Batch 23425 to 23552 on 72328 images[0m	
[0m: Time to learn 128 samples = 00:00:08[0m	
[0m: Time left to learn full batch = 00:52:46[0m	
[0m.:. Batch 23553 to 23680 on 72328 images[0m	
[0m: Time to learn 128 samples = 00:00:09[0m	
[0m: Time left to learn full batch = 00:58:16[0m	
[0m.:. Batch 23681 to 23808 on 72328 images[0m	
[0m: Time to learn 128 samples = 00:00:07[0m	
[0m: Time left to learn full batch = 00:49:28[0m	
[0m.:. Batch 23809 to 23936 on 72328 images[0m	
[0m: Time to learn 128 samples = 00:00:07[0m	
[0m: Time left to learn full batch = 00:50:15[0m	
[0m.:. Batch 23937 to 24064 on 72328 images[0m	
[0m: Time to learn 128 samples = 00:00:08[0m	
[0m: Time left to learn full batch = 00:51:34[0m	
[0m.:. Batch 24065 to 24192 on 72328 images[0m	
[0m: Time to learn 128 samples = 00:00:08[0m	
[0m: Time left to learn full batch = 00:50:48[0m	
[0m.:. Batch 24193 to 24320 on 72328 images[0m	
[0m: Time to learn 128 samples = 00:00:08[0m	
[0m: Time left to learn full batch = 00:50:33[0m	
[0m.:. Batch 24321 to 24448 on 72328 images[0m	
[0m: Time to learn 128 samples = 00:00:08[0m	
[0m: Time left to learn full batch = 00:51:30[0m	
[0m.:. Batch 24449 to 24576 on 72328 images[0m	
[0m: Time to learn 128 samples = 00:00:07[0m	
[0m: Time left to learn full batch = 00:49:06[0m	
[0m.:. Batch 24577 to 24704 on 72328 images[0m	
[0m: Time to learn 128 samples = 00:00:08[0m	
[0m: Time left to learn full batch = 00:50:36[0m	
[0m.:. Batch 24705 to 24832 on 72328 images[0m	
[0m: Time to learn 128 samples = 00:00:08[0m	
[0m: Time left to learn full batch = 00:50:17[0m	
[0m.:. Batch 24833 to 24960 on 72328 images[0m	
[0m: Time to learn 128 samples = 00:00:08[0m	
[0m: Time left to learn full batch = 00:51:40[0m	
[0m.:. Batch 24961 to 25088 on 72328 images[0m	
[0m: Time to learn 128 samples = 00:00:08[0m	
[0m: Time left to learn full batch = 00:50:01[0m	
[0m.:. Batch 25089 to 25216 on 72328 images[0m	
[0m: Time to learn 128 samples = 00:00:08[0m	
[0m: Time left to learn full batch = 00:50:54[0m	
[0m.:. Batch 25217 to 25344 on 72328 images[0m	
[0m: Time to learn 128 samples = 00:00:08[0m	
[0m: Time left to learn full batch = 00:52:23[0m	
[0m.:. Batch 25345 to 25472 on 72328 images[0m	
[0m: Time to learn 128 samples = 00:00:08[0m	
[0m: Time left to learn full batch = 00:50:01[0m	
[0m.:. Batch 25473 to 25600 on 72328 images[0m	
[0m: Time to learn 128 samples = 00:00:08[0m	
[0m: Time left to learn full batch = 00:49:59[0m	
[0m.:. Batch 25601 to 25728 on 72328 images[0m	
[0m: Time to learn 128 samples = 00:00:07[0m	
[0m: Time left to learn full batch = 00:47:47[0m	
[0m.:. Batch 25729 to 25856 on 72328 images[0m	
[0m: Time to learn 128 samples = 00:00:12[0m	
[0m: Time left to learn full batch = 01:17:56[0m	
[0m.:. Batch 25857 to 25984 on 72328 images[0m	
[0m: Time to learn 128 samples = 00:00:08[0m	
[0m: Time left to learn full batch = 00:52:56[0m	
[0m.:. Batch 25985 to 26112 on 72328 images[0m	
[0m: Time to learn 128 samples = 00:00:08[0m	
[0m: Time left to learn full batch = 00:52:58[0m	
[0m.:. Batch 26113 to 26240 on 72328 images[0m	
[0m: Time to learn 128 samples = 00:00:08[0m	
[0m: Time left to learn full batch = 00:52:17[0m	
[0m.:. Batch 26241 to 26368 on 72328 images[0m	
[0m: Time to learn 128 samples = 00:00:08[0m	
[0m: Time left to learn full batch = 00:50:37[0m	
[0m.:. Batch 26369 to 26496 on 72328 images[0m	
[0m: Time to learn 128 samples = 00:00:08[0m	
[0m: Time left to learn full batch = 00:51:13[0m	
[0m.:. Batch 26497 to 26624 on 72328 images[0m	
[0m: Time to learn 128 samples = 00:00:07[0m	
[0m: Time left to learn full batch = 00:47:33[0m	
[0m.:. Batch 26625 to 26752 on 72328 images[0m	
[0m: Time to learn 128 samples = 00:00:08[0m	
[0m: Time left to learn full batch = 00:48:34[0m	
[0m.:. Batch 26753 to 26880 on 72328 images[0m	
[0m: Time to learn 128 samples = 00:00:08[0m	
[0m: Time left to learn full batch = 00:48:23[0m	
[0m.:. Batch 26881 to 27008 on 72328 images[0m	
[0m: Time to learn 128 samples = 00:00:08[0m	
[0m: Time left to learn full batch = 00:48:42[0m	
[0m.:. Batch 27009 to 27136 on 72328 images[0m	
[0m: Time to learn 128 samples = 00:00:08[0m	
[0m: Time left to learn full batch = 00:48:58[0m	
[0m.:. Batch 27137 to 27264 on 72328 images[0m	
[0m: Time to learn 128 samples = 00:00:08[0m	
[0m: Time left to learn full batch = 00:50:20[0m	
[0m.:. Batch 27265 to 27392 on 72328 images[0m	
[0m: Time to learn 128 samples = 00:00:08[0m	
[0m: Time left to learn full batch = 00:48:00[0m	
[0m.:. Batch 27393 to 27520 on 72328 images[0m	
[0m: Time to learn 128 samples = 00:00:08[0m	
[0m: Time left to learn full batch = 00:46:57[0m	
[0m.:. Batch 27521 to 27648 on 72328 images[0m	
[0m: Time to learn 128 samples = 00:00:08[0m	
[0m: Time left to learn full batch = 00:47:37[0m	
[0m.:. Batch 27649 to 27776 on 72328 images[0m	
[0m: Time to learn 128 samples = 00:00:08[0m	
[0m: Time left to learn full batch = 00:47:48[0m	
[0m.:. Batch 27777 to 27904 on 72328 images[0m	
[0m: Time to learn 128 samples = 00:00:08[0m	
[0m: Time left to learn full batch = 00:48:28[0m	
[0m.:. Batch 27905 to 28032 on 72328 images[0m	
[0m: Time to learn 128 samples = 00:00:08[0m	
[0m: Time left to learn full batch = 00:48:58[0m	
[0m.:. Batch 28033 to 28160 on 72328 images[0m	
[0m: Time to learn 128 samples = 00:00:08[0m	
[0m: Time left to learn full batch = 00:51:33[0m	
[0m.:. Batch 28161 to 28288 on 72328 images[0m	
[0m: Time to learn 128 samples = 00:00:08[0m	
[0m: Time left to learn full batch = 00:49:54[0m	
[0m.:. Batch 28289 to 28416 on 72328 images[0m	
[0m: Time to learn 128 samples = 00:00:08[0m	
[0m: Time left to learn full batch = 00:48:52[0m	
[0m.:. Batch 28417 to 28544 on 72328 images[0m	
[0m: Time to learn 128 samples = 00:00:08[0m	
[0m: Time left to learn full batch = 00:47:19[0m	
[0m.:. Batch 28545 to 28672 on 72328 images[0m	
[0m: Time to learn 128 samples = 00:00:08[0m	
[0m: Time left to learn full batch = 00:47:19[0m	
[0m.:. Batch 28673 to 28800 on 72328 images[0m	
[0m: Time to learn 128 samples = 00:00:08[0m	
[0m: Time left to learn full batch = 00:48:26[0m	
[0m.:. Batch 28801 to 28928 on 72328 images[0m	
[0m: Time to learn 128 samples = 00:00:08[0m	
[0m: Time left to learn full batch = 00:48:29[0m	
[0m.:. Batch 28929 to 29056 on 72328 images[0m	
[0m: Time to learn 128 samples = 00:00:08[0m	
[0m: Time left to learn full batch = 00:48:00[0m	
[0m.:. Batch 29057 to 29184 on 72328 images[0m	
[0m: Time to learn 128 samples = 00:00:07[0m	
[0m: Time left to learn full batch = 00:44:34[0m	
[0m.:. Batch 29185 to 29312 on 72328 images[0m	
[0m: Time to learn 128 samples = 00:00:08[0m	
[0m: Time left to learn full batch = 00:46:28[0m	
[0m.:. Batch 29313 to 29440 on 72328 images[0m	
[0m: Time to learn 128 samples = 00:00:08[0m	
[0m: Time left to learn full batch = 00:46:00[0m	
[0m.:. Batch 29441 to 29568 on 72328 images[0m	
[0m: Time to learn 128 samples = 00:00:08[0m	
[0m: Time left to learn full batch = 00:47:17[0m	
[0m.:. Batch 29569 to 29696 on 72328 images[0m	
[0m: Time to learn 128 samples = 00:00:08[0m	
[0m: Time left to learn full batch = 00:44:46[0m	
[0m.:. Batch 29697 to 29824 on 72328 images[0m	
[0m: Time to learn 128 samples = 00:00:08[0m	
[0m: Time left to learn full batch = 00:44:42[0m	
[0m.:. Batch 29825 to 29952 on 72328 images[0m	
[0m: Time to learn 128 samples = 00:00:07[0m	
[0m: Time left to learn full batch = 00:43:49[0m	
[0m.:. Batch 29953 to 30080 on 72328 images[0m	
[0m: Time to learn 128 samples = 00:00:07[0m	
[0m: Time left to learn full batch = 00:43:21[0m	
[0m.:. Batch 30081 to 30208 on 72328 images[0m	
[0m: Time to learn 128 samples = 00:00:07[0m	
[0m: Time left to learn full batch = 00:42:56[0m	
[0m.:. Batch 30209 to 30336 on 72328 images[0m	
[0m: Time to learn 128 samples = 00:00:08[0m	
[0m: Time left to learn full batch = 00:44:25[0m	
[0m.:. Batch 30337 to 30464 on 72328 images[0m	
[0m: Time to learn 128 samples = 00:00:07[0m	
[0m: Time left to learn full batch = 00:43:26[0m	
[0m.:. Batch 30465 to 30592 on 72328 images[0m	
[0m: Time to learn 128 samples = 00:00:07[0m	
[0m: Time left to learn full batch = 00:43:10[0m	
[0m.:. Batch 30593 to 30720 on 72328 images[0m	
[0m: Time to learn 128 samples = 00:00:08[0m	
[0m: Time left to learn full batch = 00:46:50[0m	
[0m.:. Batch 30721 to 30848 on 72328 images[0m	
[0m: Time to learn 128 samples = 00:00:08[0m	
[0m: Time left to learn full batch = 00:45:59[0m	
[0m.:. Batch 30849 to 30976 on 72328 images[0m	
[0m: Time to learn 128 samples = 00:00:08[0m	
[0m: Time left to learn full batch = 00:45:51[0m	
[0m.:. Batch 30977 to 31104 on 72328 images[0m	
[0m: Time to learn 128 samples = 00:00:08[0m	
[0m: Time left to learn full batch = 00:43:54[0m	
[0m.:. Batch 31105 to 31232 on 72328 images[0m	
[0m: Time to learn 128 samples = 00:00:08[0m	
[0m: Time left to learn full batch = 00:45:34[0m	
[0m.:. Batch 31233 to 31360 on 72328 images[0m	
[0m: Time to learn 128 samples = 00:00:08[0m	
[0m: Time left to learn full batch = 00:43:53[0m	
[0m.:. Batch 31361 to 31488 on 72328 images[0m	
[0m: Time to learn 128 samples = 00:00:08[0m	
[0m: Time left to learn full batch = 00:46:39[0m	
[0m.:. Batch 31489 to 31616 on 72328 images[0m	
[0m: Time to learn 128 samples = 00:00:08[0m	
[0m: Time left to learn full batch = 00:46:42[0m	
[0m.:. Batch 31617 to 31744 on 72328 images[0m	
[0m: Time to learn 128 samples = 00:00:08[0m	
[0m: Time left to learn full batch = 00:45:12[0m	
[0m.:. Batch 31745 to 31872 on 72328 images[0m	
[0m: Time to learn 128 samples = 00:00:08[0m	
[0m: Time left to learn full batch = 00:46:09[0m	
[0m.:. Batch 31873 to 32000 on 72328 images[0m	
[0m: Time to learn 128 samples = 00:00:08[0m	
[0m: Time left to learn full batch = 00:42:18[0m	
[0m.:. Batch 32001 to 32128 on 72328 images[0m	
[0m: Time to learn 128 samples = 00:00:08[0m	
[0m: Time left to learn full batch = 00:42:21[0m	
[0m.:. Batch 32129 to 32256 on 72328 images[0m	
[0m: Time to learn 128 samples = 00:00:08[0m	
[0m: Time left to learn full batch = 00:44:27[0m	
[0m.:. Batch 32257 to 32384 on 72328 images[0m	
[0m: Time to learn 128 samples = 00:00:08[0m	
[0m: Time left to learn full batch = 00:44:35[0m	
[0m.:. Batch 32385 to 32512 on 72328 images[0m	
[0m: Time to learn 128 samples = 00:00:08[0m	
[0m: Time left to learn full batch = 00:43:58[0m	
[0m.:. Batch 32513 to 32640 on 72328 images[0m	
[0m: Time to learn 128 samples = 00:00:08[0m	
[0m: Time left to learn full batch = 00:44:08[0m	
[0m.:. Batch 32641 to 32768 on 72328 images[0m	
[0m: Time to learn 128 samples = 00:00:08[0m	
[0m: Time left to learn full batch = 00:43:02[0m	
[0m.:. Batch 32769 to 32896 on 72328 images[0m	
[0m: Time to learn 128 samples = 00:00:08[0m	
[0m: Time left to learn full batch = 00:42:41[0m	
[0m.:. Batch 32897 to 33024 on 72328 images[0m	
[0m: Time to learn 128 samples = 00:00:08[0m	
[0m: Time left to learn full batch = 00:42:47[0m	
[0m.:. Batch 33025 to 33152 on 72328 images[0m	
[0m: Time to learn 128 samples = 00:00:09[0m	
[0m: Time left to learn full batch = 00:46:25[0m	
[0m.:. Batch 33153 to 33280 on 72328 images[0m	
[0m: Time to learn 128 samples = 00:00:08[0m	
[0m: Time left to learn full batch = 00:42:13[0m	
[0m.:. Batch 33281 to 33408 on 72328 images[0m	
[0m: Time to learn 128 samples = 00:00:08[0m	
[0m: Time left to learn full batch = 00:40:50[0m	
[0m.:. Batch 33409 to 33536 on 72328 images[0m	
[0m: Time to learn 128 samples = 00:00:08[0m	
[0m: Time left to learn full batch = 00:41:29[0m	
[0m.:. Batch 33537 to 33664 on 72328 images[0m	
[0m: Time to learn 128 samples = 00:00:08[0m	
[0m: Time left to learn full batch = 00:40:37[0m	
[0m.:. Batch 33665 to 33792 on 72328 images[0m	
[0m: Time to learn 128 samples = 00:00:08[0m	
[0m: Time left to learn full batch = 00:45:06[0m	
[0m.:. Batch 33793 to 33920 on 72328 images[0m	
[0m: Time to learn 128 samples = 00:00:07[0m	
[0m: Time left to learn full batch = 00:39:07[0m	
[0m.:. Batch 33921 to 34048 on 72328 images[0m	
[0m: Time to learn 128 samples = 00:00:08[0m	
[0m: Time left to learn full batch = 00:40:26[0m	
[0m.:. Batch 34049 to 34176 on 72328 images[0m	
[0m: Time to learn 128 samples = 00:00:08[0m	
[0m: Time left to learn full batch = 00:40:49[0m	
[0m.:. Batch 34177 to 34304 on 72328 images[0m	
[0m: Time to learn 128 samples = 00:00:08[0m	
[0m: Time left to learn full batch = 00:41:00[0m	
[0m.:. Batch 34305 to 34432 on 72328 images[0m	
[0m: Time to learn 128 samples = 00:00:07[0m	
[0m: Time left to learn full batch = 00:39:10[0m	
[0m.:. Batch 34433 to 34560 on 72328 images[0m	
[0m: Time to learn 128 samples = 00:00:08[0m	
[0m: Time left to learn full batch = 00:39:46[0m	
[0m.:. Batch 34561 to 34688 on 72328 images[0m	
[0m: Time to learn 128 samples = 00:00:08[0m	
[0m: Time left to learn full batch = 00:40:34[0m	
[0m.:. Batch 34689 to 34816 on 72328 images[0m	
[0m: Time to learn 128 samples = 00:00:08[0m	
[0m: Time left to learn full batch = 00:40:17[0m	
[0m.:. Batch 34817 to 34944 on 72328 images[0m	
[0m: Time to learn 128 samples = 00:00:08[0m	
[0m: Time left to learn full batch = 00:40:39[0m	
[0m.:. Batch 34945 to 35072 on 72328 images[0m	
[0m: Time to learn 128 samples = 00:00:08[0m	
[0m: Time left to learn full batch = 00:39:53[0m	
[0m.:. Batch 35073 to 35200 on 72328 images[0m	
[0m: Time to learn 128 samples = 00:00:08[0m	
[0m: Time left to learn full batch = 00:39:34[0m	
[0m.:. Batch 35201 to 35328 on 72328 images[0m	
[0m: Time to learn 128 samples = 00:00:08[0m	
[0m: Time left to learn full batch = 00:39:05[0m	
[0m.:. Batch 35329 to 35456 on 72328 images[0m	
[0m: Time to learn 128 samples = 00:00:07[0m	
[0m: Time left to learn full batch = 00:38:03[0m	
[0m.:. Batch 35457 to 35584 on 72328 images[0m	
[0m: Time to learn 128 samples = 00:00:08[0m	
[0m: Time left to learn full batch = 00:38:20[0m	
[0m.:. Batch 35585 to 35712 on 72328 images[0m	
[0m: Time to learn 128 samples = 00:00:08[0m	
[0m: Time left to learn full batch = 00:40:01[0m	
[0m.:. Batch 35713 to 35840 on 72328 images[0m	
[0m: Time to learn 128 samples = 00:00:08[0m	
[0m: Time left to learn full batch = 00:40:55[0m	
[0m.:. Batch 35841 to 35968 on 72328 images[0m	
[0m: Time to learn 128 samples = 00:00:08[0m	
[0m: Time left to learn full batch = 00:41:39[0m	
[0m.:. Batch 35969 to 36096 on 72328 images[0m	
[0m: Time to learn 128 samples = 00:00:08[0m	
[0m: Time left to learn full batch = 00:39:53[0m	
[0m.:. Batch 36097 to 36224 on 72328 images[0m	
[0m: Time to learn 128 samples = 00:00:08[0m	
[0m: Time left to learn full batch = 00:40:10[0m	
[0m.:. Batch 36225 to 36352 on 72328 images[0m	
[0m: Time to learn 128 samples = 00:00:08[0m	
[0m: Time left to learn full batch = 00:39:33[0m	
[0m.:. Batch 36353 to 36480 on 72328 images[0m	
[0m: Time to learn 128 samples = 00:00:08[0m	
[0m: Time left to learn full batch = 00:38:40[0m	
[0m.:. Batch 36481 to 36608 on 72328 images[0m	
[0m: Time to learn 128 samples = 00:00:07[0m	
[0m: Time left to learn full batch = 00:36:45[0m	
[0m.:. Batch 36609 to 36736 on 72328 images[0m	
[0m: Time to learn 128 samples = 00:00:08[0m	
[0m: Time left to learn full batch = 00:40:19[0m	
[0m.:. Batch 36737 to 36864 on 72328 images[0m	
[0m: Time to learn 128 samples = 00:00:08[0m	
[0m: Time left to learn full batch = 00:39:36[0m	
[0m.:. Batch 36865 to 36992 on 72328 images[0m	
[0m: Time to learn 128 samples = 00:00:08[0m	
[0m: Time left to learn full batch = 00:40:42[0m	
[0m.:. Batch 36993 to 37120 on 72328 images[0m	
[0m: Time to learn 128 samples = 00:00:08[0m	
[0m: Time left to learn full batch = 00:39:26[0m	
[0m.:. Batch 37121 to 37248 on 72328 images[0m	
[0m: Time to learn 128 samples = 00:00:08[0m	
[0m: Time left to learn full batch = 00:37:28[0m	
[0m.:. Batch 37249 to 37376 on 72328 images[0m	
[0m: Time to learn 128 samples = 00:00:08[0m	
[0m: Time left to learn full batch = 00:40:52[0m	
[0m.:. Batch 37377 to 37504 on 72328 images[0m	
[0m: Time to learn 128 samples = 00:00:08[0m	
[0m: Time left to learn full batch = 00:38:43[0m	
[0m.:. Batch 37505 to 37632 on 72328 images[0m	
[0m: Time to learn 128 samples = 00:00:08[0m	
[0m: Time left to learn full batch = 00:39:35[0m	
[0m.:. Batch 37633 to 37760 on 72328 images[0m	
[0m: Time to learn 128 samples = 00:00:09[0m	
[0m: Time left to learn full batch = 00:40:36[0m	
[0m.:. Batch 37761 to 37888 on 72328 images[0m	
[0m: Time to learn 128 samples = 00:00:09[0m	
[0m: Time left to learn full batch = 00:40:59[0m	
[0m.:. Batch 37889 to 38016 on 72328 images[0m	
[0m: Time to learn 128 samples = 00:00:08[0m	
[0m: Time left to learn full batch = 00:38:49[0m	
[0m.:. Batch 38017 to 38144 on 72328 images[0m	
[0m: Time to learn 128 samples = 00:00:08[0m	
[0m: Time left to learn full batch = 00:36:29[0m	
[0m.:. Batch 38145 to 38272 on 72328 images[0m	
[0m: Time to learn 128 samples = 00:00:08[0m	
[0m: Time left to learn full batch = 00:36:12[0m	
[0m.:. Batch 38273 to 38400 on 72328 images[0m	
[0m: Time to learn 128 samples = 00:00:08[0m	
[0m: Time left to learn full batch = 00:35:24[0m	
[0m.:. Batch 38401 to 38528 on 72328 images[0m	
[0m: Time to learn 128 samples = 00:00:09[0m	
[0m: Time left to learn full batch = 00:42:13[0m	
[0m.:. Batch 38529 to 38656 on 72328 images[0m	
[0m: Time to learn 128 samples = 00:00:09[0m	
[0m: Time left to learn full batch = 00:41:04[0m	
[0m.:. Batch 38657 to 38784 on 72328 images[0m	
[0m: Time to learn 128 samples = 00:00:09[0m	
[0m: Time left to learn full batch = 00:40:01[0m	
[0m.:. Batch 38785 to 38912 on 72328 images[0m	
[0m: Time to learn 128 samples = 00:00:09[0m	
[0m: Time left to learn full batch = 00:39:57[0m	
[0m.:. Batch 38913 to 39040 on 72328 images[0m	
[0m: Time to learn 128 samples = 00:00:09[0m	
[0m: Time left to learn full batch = 00:39:56[0m	
[0m.:. Batch 39041 to 39168 on 72328 images[0m	
[0m: Time to learn 128 samples = 00:00:08[0m	
[0m: Time left to learn full batch = 00:38:46[0m	
[0m.:. Batch 39169 to 39296 on 72328 images[0m	
[0m: Time to learn 128 samples = 00:00:08[0m	
[0m: Time left to learn full batch = 00:38:01[0m	
[0m.:. Batch 39297 to 39424 on 72328 images[0m	
[0m: Time to learn 128 samples = 00:00:08[0m	
[0m: Time left to learn full batch = 00:38:04[0m	
[0m.:. Batch 39425 to 39552 on 72328 images[0m	
[0m: Time to learn 128 samples = 00:00:08[0m	
[0m: Time left to learn full batch = 00:38:00[0m	
[0m.:. Batch 39553 to 39680 on 72328 images[0m	
[0m: Time to learn 128 samples = 00:00:08[0m	
[0m: Time left to learn full batch = 00:37:40[0m	
[0m.:. Batch 39681 to 39808 on 72328 images[0m	
[0m: Time to learn 128 samples = 00:00:08[0m	
[0m: Time left to learn full batch = 00:37:46[0m	
[0m.:. Batch 39809 to 39936 on 72328 images[0m	
[0m: Time to learn 128 samples = 00:00:08[0m	
[0m: Time left to learn full batch = 00:37:43[0m	
[0m.:. Batch 39937 to 40064 on 72328 images[0m	
[0m: Time to learn 128 samples = 00:00:09[0m	
[0m: Time left to learn full batch = 00:40:22[0m	
[0m.:. Batch 40065 to 40192 on 72328 images[0m	
[0m: Time to learn 128 samples = 00:00:08[0m	
[0m: Time left to learn full batch = 00:35:46[0m	
[0m.:. Batch 40193 to 40320 on 72328 images[0m	
[0m: Time to learn 128 samples = 00:00:08[0m	
[0m: Time left to learn full batch = 00:35:26[0m	
[0m.:. Batch 40321 to 40448 on 72328 images[0m	
[0m: Time to learn 128 samples = 00:00:08[0m	
[0m: Time left to learn full batch = 00:35:37[0m	
[0m.:. Batch 40449 to 40576 on 72328 images[0m	
[0m: Time to learn 128 samples = 00:00:08[0m	
[0m: Time left to learn full batch = 00:35:36[0m	
[0m.:. Batch 40577 to 40704 on 72328 images[0m	
[0m: Time to learn 128 samples = 00:00:08[0m	
[0m: Time left to learn full batch = 00:35:24[0m	
[0m.:. Batch 40705 to 40832 on 72328 images[0m	
[0m: Time to learn 128 samples = 00:00:08[0m	
[0m: Time left to learn full batch = 00:35:12[0m	
[0m.:. Batch 40833 to 40960 on 72328 images[0m	
[0m: Time to learn 128 samples = 00:00:09[0m	
[0m: Time left to learn full batch = 00:38:12[0m	
[0m.:. Batch 40961 to 41088 on 72328 images[0m	
[0m: Time to learn 128 samples = 00:00:08[0m	
[0m: Time left to learn full batch = 00:34:55[0m	
[0m.:. Batch 41089 to 41216 on 72328 images[0m	
[0m: Time to learn 128 samples = 00:00:08[0m	
[0m: Time left to learn full batch = 00:34:56[0m	
[0m.:. Batch 41217 to 41344 on 72328 images[0m	
[0m: Time to learn 128 samples = 00:00:08[0m	
[0m: Time left to learn full batch = 00:33:29[0m	
[0m.:. Batch 41345 to 41472 on 72328 images[0m	
[0m: Time to learn 128 samples = 00:00:08[0m	
[0m: Time left to learn full batch = 00:32:45[0m	
[0m.:. Batch 41473 to 41600 on 72328 images[0m	
[0m: Time to learn 128 samples = 00:00:08[0m	
[0m: Time left to learn full batch = 00:33:25[0m	
[0m.:. Batch 41601 to 41728 on 72328 images[0m	
[0m: Time to learn 128 samples = 00:00:08[0m	
[0m: Time left to learn full batch = 00:32:05[0m	
[0m.:. Batch 41729 to 41856 on 72328 images[0m	
[0m: Time to learn 128 samples = 00:00:07[0m	
[0m: Time left to learn full batch = 00:31:29[0m	
[0m.:. Batch 41857 to 41984 on 72328 images[0m	
[0m: Time to learn 128 samples = 00:00:07[0m	
[0m: Time left to learn full batch = 00:31:30[0m	
[0m.:. Batch 41985 to 42112 on 72328 images[0m	
[0m: Time to learn 128 samples = 00:00:08[0m	
[0m: Time left to learn full batch = 00:32:57[0m	
[0m.:. Batch 42113 to 42240 on 72328 images[0m	
[0m: Time to learn 128 samples = 00:00:07[0m	
[0m: Time left to learn full batch = 00:30:57[0m	
[0m.:. Batch 42241 to 42368 on 72328 images[0m	
[0m: Time to learn 128 samples = 00:00:07[0m	
[0m: Time left to learn full batch = 00:31:05[0m	
[0m.:. Batch 42369 to 42496 on 72328 images[0m	
[0m: Time to learn 128 samples = 00:00:08[0m	
[0m: Time left to learn full batch = 00:31:30[0m	
[0m.:. Batch 42497 to 42624 on 72328 images[0m	
[0m: Time to learn 128 samples = 00:00:08[0m	
[0m: Time left to learn full batch = 00:31:14[0m	
[0m.:. Batch 42625 to 42752 on 72328 images[0m	
[0m: Time to learn 128 samples = 00:00:08[0m	
[0m: Time left to learn full batch = 00:30:54[0m	
[0m.:. Batch 42753 to 42880 on 72328 images[0m	
[0m: Time to learn 128 samples = 00:00:08[0m	
[0m: Time left to learn full batch = 00:30:45[0m	
[0m.:. Batch 42881 to 43008 on 72328 images[0m	
[0m: Time to learn 128 samples = 00:00:07[0m	
[0m: Time left to learn full batch = 00:30:24[0m	
[0m.:. Batch 43009 to 43136 on 72328 images[0m	
[0m: Time to learn 128 samples = 00:00:07[0m	
[0m: Time left to learn full batch = 00:29:56[0m	
[0m.:. Batch 43137 to 43264 on 72328 images[0m	
[0m: Time to learn 128 samples = 00:00:07[0m	
[0m: Time left to learn full batch = 00:30:16[0m	
[0m.:. Batch 43265 to 43392 on 72328 images[0m	
[0m: Time to learn 128 samples = 00:00:07[0m	
[0m: Time left to learn full batch = 00:29:50[0m	
[0m.:. Batch 43393 to 43520 on 72328 images[0m	
[0m: Time to learn 128 samples = 00:00:08[0m	
[0m: Time left to learn full batch = 00:30:01[0m	
[0m.:. Batch 43521 to 43648 on 72328 images[0m	
[0m: Time to learn 128 samples = 00:00:08[0m	
[0m: Time left to learn full batch = 00:29:53[0m	
[0m.:. Batch 43649 to 43776 on 72328 images[0m	
[0m: Time to learn 128 samples = 00:00:07[0m	
[0m: Time left to learn full batch = 00:29:37[0m	
[0m.:. Batch 43777 to 43904 on 72328 images[0m	
[0m: Time to learn 128 samples = 00:00:08[0m	
[0m: Time left to learn full batch = 00:29:49[0m	
[0m.:. Batch 43905 to 44032 on 72328 images[0m	
[0m: Time to learn 128 samples = 00:00:07[0m	
[0m: Time left to learn full batch = 00:29:27[0m	
[0m.:. Batch 44033 to 44160 on 72328 images[0m	
[0m: Time to learn 128 samples = 00:00:07[0m	
[0m: Time left to learn full batch = 00:28:57[0m	
[0m.:. Batch 44161 to 44288 on 72328 images[0m	
[0m: Time to learn 128 samples = 00:00:08[0m	
[0m: Time left to learn full batch = 00:29:15[0m	
[0m.:. Batch 44289 to 44416 on 72328 images[0m	
[0m: Time to learn 128 samples = 00:00:08[0m	
[0m: Time left to learn full batch = 00:29:08[0m	
[0m.:. Batch 44417 to 44544 on 72328 images[0m	
[0m: Time to learn 128 samples = 00:00:08[0m	
[0m: Time left to learn full batch = 00:30:22[0m	
[0m.:. Batch 44545 to 44672 on 72328 images[0m	
[0m: Time to learn 128 samples = 00:00:07[0m	
[0m: Time left to learn full batch = 00:28:44[0m	
[0m.:. Batch 44673 to 44800 on 72328 images[0m	
[0m: Time to learn 128 samples = 00:00:08[0m	
[0m: Time left to learn full batch = 00:29:29[0m	
[0m.:. Batch 44801 to 44928 on 72328 images[0m	
[0m: Time to learn 128 samples = 00:00:07[0m	
[0m: Time left to learn full batch = 00:28:10[0m	
[0m.:. Batch 44929 to 45056 on 72328 images[0m	
[0m: Time to learn 128 samples = 00:00:08[0m	
[0m: Time left to learn full batch = 00:29:05[0m	
[0m.:. Batch 45057 to 45184 on 72328 images[0m	
[0m: Time to learn 128 samples = 00:00:07[0m	
[0m: Time left to learn full batch = 00:27:41[0m	
[0m.:. Batch 45185 to 45312 on 72328 images[0m	
[0m: Time to learn 128 samples = 00:00:08[0m	
[0m: Time left to learn full batch = 00:28:51[0m	
[0m.:. Batch 45313 to 45440 on 72328 images[0m	
[0m: Time to learn 128 samples = 00:00:07[0m	
[0m: Time left to learn full batch = 00:27:56[0m	
[0m.:. Batch 45441 to 45568 on 72328 images[0m	
[0m: Time to learn 128 samples = 00:00:07[0m	
[0m: Time left to learn full batch = 00:27:28[0m	
[0m.:. Batch 45569 to 45696 on 72328 images[0m	
[0m: Time to learn 128 samples = 00:00:07[0m	
[0m: Time left to learn full batch = 00:27:19[0m	
[0m.:. Batch 45697 to 45824 on 72328 images[0m	
[0m: Time to learn 128 samples = 00:00:08[0m	
[0m: Time left to learn full batch = 00:28:27[0m	
[0m.:. Batch 45825 to 45952 on 72328 images[0m	
[0m: Time to learn 128 samples = 00:00:08[0m	
[0m: Time left to learn full batch = 00:28:44[0m	
[0m.:. Batch 45953 to 46080 on 72328 images[0m	
[0m: Time to learn 128 samples = 00:00:08[0m	
[0m: Time left to learn full batch = 00:27:51[0m	
[0m.:. Batch 46081 to 46208 on 72328 images[0m	
[0m: Time to learn 128 samples = 00:00:08[0m	
[0m: Time left to learn full batch = 00:28:18[0m	
[0m.:. Batch 46209 to 46336 on 72328 images[0m	
[0m: Time to learn 128 samples = 00:00:08[0m	
[0m: Time left to learn full batch = 00:27:37[0m	
[0m.:. Batch 46337 to 46464 on 72328 images[0m	
[0m: Time to learn 128 samples = 00:00:08[0m	
[0m: Time left to learn full batch = 00:29:38[0m	
[0m.:. Batch 46465 to 46592 on 72328 images[0m	
[0m: Time to learn 128 samples = 00:00:08[0m	
[0m: Time left to learn full batch = 00:29:03[0m	
[0m.:. Batch 46593 to 46720 on 72328 images[0m	
[0m: Time to learn 128 samples = 00:00:08[0m	
[0m: Time left to learn full batch = 00:29:51[0m	
[0m.:. Batch 46721 to 46848 on 72328 images[0m	
[0m: Time to learn 128 samples = 00:00:08[0m	
[0m: Time left to learn full batch = 00:27:35[0m	
[0m.:. Batch 46849 to 46976 on 72328 images[0m	
[0m: Time to learn 128 samples = 00:00:08[0m	
[0m: Time left to learn full batch = 00:29:12[0m	
[0m.:. Batch 46977 to 47104 on 72328 images[0m	
[0m: Time to learn 128 samples = 00:00:08[0m	
[0m: Time left to learn full batch = 00:28:42[0m	
[0m.:. Batch 47105 to 47232 on 72328 images[0m	
[0m: Time to learn 128 samples = 00:00:08[0m	
[0m: Time left to learn full batch = 00:27:04[0m	
[0m.:. Batch 47233 to 47360 on 72328 images[0m	
[0m: Time to learn 128 samples = 00:00:08[0m	
[0m: Time left to learn full batch = 00:27:45[0m	
[0m.:. Batch 47361 to 47488 on 72328 images[0m	
[0m: Time to learn 128 samples = 00:00:08[0m	
[0m: Time left to learn full batch = 00:26:37[0m	
[0m.:. Batch 47489 to 47616 on 72328 images[0m	
[0m: Time to learn 128 samples = 00:00:08[0m	
[0m: Time left to learn full batch = 00:25:46[0m	
[0m.:. Batch 47617 to 47744 on 72328 images[0m	
[0m: Time to learn 128 samples = 00:00:07[0m	
[0m: Time left to learn full batch = 00:25:16[0m	
[0m.:. Batch 47745 to 47872 on 72328 images[0m	
[0m: Time to learn 128 samples = 00:00:08[0m	
[0m: Time left to learn full batch = 00:25:35[0m	
[0m.:. Batch 47873 to 48000 on 72328 images[0m	
[0m: Time to learn 128 samples = 00:00:08[0m	
[0m: Time left to learn full batch = 00:25:51[0m	
[0m.:. Batch 48001 to 48128 on 72328 images[0m	
[0m: Time to learn 128 samples = 00:00:08[0m	
[0m: Time left to learn full batch = 00:25:37[0m	
[0m.:. Batch 48129 to 48256 on 72328 images[0m	
[0m: Time to learn 128 samples = 00:00:08[0m	
[0m: Time left to learn full batch = 00:25:59[0m	
[0m.:. Batch 48257 to 48384 on 72328 images[0m	
[0m: Time to learn 128 samples = 00:00:08[0m	
[0m: Time left to learn full batch = 00:25:52[0m	
[0m.:. Batch 48385 to 48512 on 72328 images[0m	
[0m: Time to learn 128 samples = 00:00:08[0m	
[0m: Time left to learn full batch = 00:25:04[0m	
[0m.:. Batch 48513 to 48640 on 72328 images[0m	
[0m: Time to learn 128 samples = 00:00:08[0m	
[0m: Time left to learn full batch = 00:26:25[0m	
[0m.:. Batch 48641 to 48768 on 72328 images[0m	
[0m: Time to learn 128 samples = 00:00:08[0m	
[0m: Time left to learn full batch = 00:25:10[0m	
[0m.:. Batch 48769 to 48896 on 72328 images[0m	
[0m: Time to learn 128 samples = 00:00:08[0m	
[0m: Time left to learn full batch = 00:26:33[0m	
[0m.:. Batch 48897 to 49024 on 72328 images[0m	
[0m: Time to learn 128 samples = 00:00:08[0m	
[0m: Time left to learn full batch = 00:25:17[0m	
[0m.:. Batch 49025 to 49152 on 72328 images[0m	
[0m: Time to learn 128 samples = 00:00:08[0m	
[0m: Time left to learn full batch = 00:25:24[0m	
[0m.:. Batch 49153 to 49280 on 72328 images[0m	
[0m: Time to learn 128 samples = 00:00:08[0m	
[0m: Time left to learn full batch = 00:25:22[0m	
[0m.:. Batch 49281 to 49408 on 72328 images[0m	
[0m: Time to learn 128 samples = 00:00:08[0m	
[0m: Time left to learn full batch = 00:26:44[0m	
[0m.:. Batch 49409 to 49536 on 72328 images[0m	
[0m: Time to learn 128 samples = 00:00:08[0m	
[0m: Time left to learn full batch = 00:24:50[0m	
[0m.:. Batch 49537 to 49664 on 72328 images[0m	
[0m: Time to learn 128 samples = 00:00:07[0m	
[0m: Time left to learn full batch = 00:23:32[0m	
[0m.:. Batch 49665 to 49792 on 72328 images[0m	
[0m: Time to learn 128 samples = 00:00:07[0m	
[0m: Time left to learn full batch = 00:23:17[0m	
[0m.:. Batch 49793 to 49920 on 72328 images[0m	
[0m: Time to learn 128 samples = 00:00:08[0m	
[0m: Time left to learn full batch = 00:23:29[0m	
[0m.:. Batch 49921 to 50048 on 72328 images[0m	
[0m: Time to learn 128 samples = 00:00:08[0m	
[0m: Time left to learn full batch = 00:24:46[0m	
[0m.:. Batch 50049 to 50176 on 72328 images[0m	
[0m: Time to learn 128 samples = 00:00:08[0m	
[0m: Time left to learn full batch = 00:24:18[0m	
[0m.:. Batch 50177 to 50304 on 72328 images[0m	
[0m: Time to learn 128 samples = 00:00:08[0m	
[0m: Time left to learn full batch = 00:23:19[0m	
[0m.:. Batch 50305 to 50432 on 72328 images[0m	
[0m: Time to learn 128 samples = 00:00:08[0m	
[0m: Time left to learn full batch = 00:24:05[0m	
[0m.:. Batch 50433 to 50560 on 72328 images[0m	
[0m: Time to learn 128 samples = 00:00:08[0m	
[0m: Time left to learn full batch = 00:23:51[0m	
[0m.:. Batch 50561 to 50688 on 72328 images[0m	
[0m: Time to learn 128 samples = 00:00:08[0m	
[0m: Time left to learn full batch = 00:23:39[0m	
[0m.:. Batch 50689 to 50816 on 72328 images[0m	
[0m: Time to learn 128 samples = 00:00:08[0m	
[0m: Time left to learn full batch = 00:23:19[0m	
[0m.:. Batch 50817 to 50944 on 72328 images[0m	
[0m: Time to learn 128 samples = 00:00:08[0m	
[0m: Time left to learn full batch = 00:22:33[0m	
[0m.:. Batch 50945 to 51072 on 72328 images[0m	
[0m: Time to learn 128 samples = 00:00:08[0m	
[0m: Time left to learn full batch = 00:22:34[0m	
[0m.:. Batch 51073 to 51200 on 72328 images[0m	
[0m: Time to learn 128 samples = 00:00:07[0m	
[0m: Time left to learn full batch = 00:21:57[0m	
[0m.:. Batch 51201 to 51328 on 72328 images[0m	
[0m: Time to learn 128 samples = 00:00:07[0m	
[0m: Time left to learn full batch = 00:21:38[0m	
[0m.:. Batch 51329 to 51456 on 72328 images[0m	
[0m: Time to learn 128 samples = 00:00:07[0m	
[0m: Time left to learn full batch = 00:21:41[0m	
[0m.:. Batch 51457 to 51584 on 72328 images[0m	
[0m: Time to learn 128 samples = 00:00:08[0m	
[0m: Time left to learn full batch = 00:22:22[0m	
[0m.:. Batch 51585 to 51712 on 72328 images[0m	
[0m: Time to learn 128 samples = 00:00:07[0m	
[0m: Time left to learn full batch = 00:21:27[0m	
[0m.:. Batch 51713 to 51840 on 72328 images[0m	
[0m: Time to learn 128 samples = 00:00:08[0m	
[0m: Time left to learn full batch = 00:21:30[0m	
[0m.:. Batch 51841 to 51968 on 72328 images[0m	
[0m: Time to learn 128 samples = 00:00:07[0m	
[0m: Time left to learn full batch = 00:21:05[0m	
[0m.:. Batch 51969 to 52096 on 72328 images[0m	
[0m: Time to learn 128 samples = 00:00:08[0m	
[0m: Time left to learn full batch = 00:21:08[0m	
[0m.:. Batch 52097 to 52224 on 72328 images[0m	
[0m: Time to learn 128 samples = 00:00:08[0m	
[0m: Time left to learn full batch = 00:22:42[0m	
[0m.:. Batch 52225 to 52352 on 72328 images[0m	
[0m: Time to learn 128 samples = 00:00:08[0m	
[0m: Time left to learn full batch = 00:20:53[0m	
[0m.:. Batch 52353 to 52480 on 72328 images[0m	
[0m: Time to learn 128 samples = 00:00:07[0m	
[0m: Time left to learn full batch = 00:20:35[0m	
[0m.:. Batch 52481 to 52608 on 72328 images[0m	
[0m: Time to learn 128 samples = 00:00:07[0m	
[0m: Time left to learn full batch = 00:20:23[0m	
[0m.:. Batch 52609 to 52736 on 72328 images[0m	
[0m: Time to learn 128 samples = 00:00:07[0m	
[0m: Time left to learn full batch = 00:20:18[0m	
[0m.:. Batch 52737 to 52864 on 72328 images[0m	
[0m: Time to learn 128 samples = 00:00:08[0m	
[0m: Time left to learn full batch = 00:20:25[0m	
[0m.:. Batch 52865 to 52992 on 72328 images[0m	
[0m: Time to learn 128 samples = 00:00:08[0m	
[0m: Time left to learn full batch = 00:20:23[0m	
[0m.:. Batch 52993 to 53120 on 72328 images[0m	
[0m: Time to learn 128 samples = 00:00:08[0m	
[0m: Time left to learn full batch = 00:21:16[0m	
[0m.:. Batch 53121 to 53248 on 72328 images[0m	
[0m: Time to learn 128 samples = 00:00:08[0m	
[0m: Time left to learn full batch = 00:19:52[0m	
[0m.:. Batch 53249 to 53376 on 72328 images[0m	
[0m: Time to learn 128 samples = 00:00:08[0m	
[0m: Time left to learn full batch = 00:19:53[0m	
[0m.:. Batch 53377 to 53504 on 72328 images[0m	
[0m: Time to learn 128 samples = 00:00:07[0m	
[0m: Time left to learn full batch = 00:19:27[0m	
[0m.:. Batch 53505 to 53632 on 72328 images[0m	
[0m: Time to learn 128 samples = 00:00:08[0m	
[0m: Time left to learn full batch = 00:19:32[0m	
[0m.:. Batch 53633 to 53760 on 72328 images[0m	
[0m: Time to learn 128 samples = 00:00:07[0m	
[0m: Time left to learn full batch = 00:19:17[0m	
[0m.:. Batch 53761 to 53888 on 72328 images[0m	
[0m: Time to learn 128 samples = 00:00:08[0m	
[0m: Time left to learn full batch = 00:19:22[0m	
[0m.:. Batch 53889 to 54016 on 72328 images[0m	
[0m: Time to learn 128 samples = 00:00:08[0m	
[0m: Time left to learn full batch = 00:19:47[0m	
[0m.:. Batch 54017 to 54144 on 72328 images[0m	
[0m: Time to learn 128 samples = 00:00:07[0m	
[0m: Time left to learn full batch = 00:18:48[0m	
[0m.:. Batch 54145 to 54272 on 72328 images[0m	
[0m: Time to learn 128 samples = 00:00:08[0m	
[0m: Time left to learn full batch = 00:19:52[0m	
[0m.:. Batch 54273 to 54400 on 72328 images[0m	
[0m: Time to learn 128 samples = 00:00:07[0m	
[0m: Time left to learn full batch = 00:18:35[0m	
[0m.:. Batch 54401 to 54528 on 72328 images[0m	
[0m: Time to learn 128 samples = 00:00:08[0m	
[0m: Time left to learn full batch = 00:20:31[0m	
[0m.:. Batch 54529 to 54656 on 72328 images[0m	
[0m: Time to learn 128 samples = 00:00:08[0m	
[0m: Time left to learn full batch = 00:19:01[0m	
[0m.:. Batch 54657 to 54784 on 72328 images[0m	
[0m: Time to learn 128 samples = 00:00:08[0m	
[0m: Time left to learn full batch = 00:18:23[0m	
[0m.:. Batch 54785 to 54912 on 72328 images[0m	
[0m: Time to learn 128 samples = 00:00:08[0m	
[0m: Time left to learn full batch = 00:18:14[0m	
[0m.:. Batch 54913 to 55040 on 72328 images[0m	
[0m: Time to learn 128 samples = 00:00:09[0m	
[0m: Time left to learn full batch = 00:20:31[0m	
[0m.:. Batch 55041 to 55168 on 72328 images[0m	
[0m: Time to learn 128 samples = 00:00:08[0m	
[0m: Time left to learn full batch = 00:18:03[0m	
[0m.:. Batch 55169 to 55296 on 72328 images[0m	
[0m: Time to learn 128 samples = 00:00:07[0m	
[0m: Time left to learn full batch = 00:17:42[0m	
[0m.:. Batch 55297 to 55424 on 72328 images[0m	
[0m: Time to learn 128 samples = 00:00:08[0m	
[0m: Time left to learn full batch = 00:17:36[0m	
[0m.:. Batch 55425 to 55552 on 72328 images[0m	
[0m: Time to learn 128 samples = 00:00:08[0m	
[0m: Time left to learn full batch = 00:17:29[0m	
[0m.:. Batch 55553 to 55680 on 72328 images[0m	
[0m: Time to learn 128 samples = 00:00:08[0m	
[0m: Time left to learn full batch = 00:17:30[0m	
[0m.:. Batch 55681 to 55808 on 72328 images[0m	
[0m: Time to learn 128 samples = 00:00:08[0m	
[0m: Time left to learn full batch = 00:17:17[0m	
[0m.:. Batch 55809 to 55936 on 72328 images[0m	
[0m: Time to learn 128 samples = 00:00:07[0m	
[0m: Time left to learn full batch = 00:16:54[0m	
[0m.:. Batch 55937 to 56064 on 72328 images[0m	
[0m: Time to learn 128 samples = 00:00:07[0m	
[0m: Time left to learn full batch = 00:16:42[0m	
[0m.:. Batch 56065 to 56192 on 72328 images[0m	
[0m: Time to learn 128 samples = 00:00:08[0m	
[0m: Time left to learn full batch = 00:17:24[0m	
[0m.:. Batch 56193 to 56320 on 72328 images[0m	
[0m: Time to learn 128 samples = 00:00:08[0m	
[0m: Time left to learn full batch = 00:16:54[0m	
[0m.:. Batch 56321 to 56448 on 72328 images[0m	
[0m: Time to learn 128 samples = 00:00:08[0m	
[0m: Time left to learn full batch = 00:16:39[0m	
[0m.:. Batch 56449 to 56576 on 72328 images[0m	
[0m: Time to learn 128 samples = 00:00:08[0m	
[0m: Time left to learn full batch = 00:16:51[0m	
[0m.:. Batch 56577 to 56704 on 72328 images[0m	
[0m: Time to learn 128 samples = 00:00:07[0m	
[0m: Time left to learn full batch = 00:16:15[0m	
[0m.:. Batch 56705 to 56832 on 72328 images[0m	
[0m: Time to learn 128 samples = 00:00:07[0m	
[0m: Time left to learn full batch = 00:15:55[0m	
[0m.:. Batch 56833 to 56960 on 72328 images[0m	
[0m: Time to learn 128 samples = 00:00:09[0m	
[0m: Time left to learn full batch = 00:18:28[0m	
[0m.:. Batch 56961 to 57088 on 72328 images[0m	
[0m: Time to learn 128 samples = 00:00:08[0m	
[0m: Time left to learn full batch = 00:17:49[0m	
[0m.:. Batch 57089 to 57216 on 72328 images[0m	
[0m: Time to learn 128 samples = 00:00:08[0m	
[0m: Time left to learn full batch = 00:16:57[0m	
[0m.:. Batch 57217 to 57344 on 72328 images[0m	
[0m: Time to learn 128 samples = 00:00:08[0m	
[0m: Time left to learn full batch = 00:15:41[0m	
[0m.:. Batch 57345 to 57472 on 72328 images[0m	
[0m: Time to learn 128 samples = 00:00:07[0m	
[0m: Time left to learn full batch = 00:15:18[0m	
[0m.:. Batch 57473 to 57600 on 72328 images[0m	
[0m: Time to learn 128 samples = 00:00:08[0m	
[0m: Time left to learn full batch = 00:15:39[0m	
[0m.:. Batch 57601 to 57728 on 72328 images[0m	
[0m: Time to learn 128 samples = 00:00:08[0m	
[0m: Time left to learn full batch = 00:16:03[0m	
[0m.:. Batch 57729 to 57856 on 72328 images[0m	
[0m: Time to learn 128 samples = 00:00:09[0m	
[0m: Time left to learn full batch = 00:17:33[0m	
[0m.:. Batch 57857 to 57984 on 72328 images[0m	
[0m: Time to learn 128 samples = 00:00:07[0m	
[0m: Time left to learn full batch = 00:14:43[0m	
[0m.:. Batch 57985 to 58112 on 72328 images[0m	
[0m: Time to learn 128 samples = 00:00:08[0m	
[0m: Time left to learn full batch = 00:14:53[0m	
[0m.:. Batch 58113 to 58240 on 72328 images[0m	
[0m: Time to learn 128 samples = 00:00:10[0m	
[0m: Time left to learn full batch = 00:19:35[0m	
[0m.:. Batch 58241 to 58368 on 72328 images[0m	
[0m: Time to learn 128 samples = 00:00:08[0m	
[0m: Time left to learn full batch = 00:15:53[0m	
[0m.:. Batch 58369 to 58496 on 72328 images[0m	
[0m: Time to learn 128 samples = 00:00:08[0m	
[0m: Time left to learn full batch = 00:15:26[0m	
[0m.:. Batch 58497 to 58624 on 72328 images[0m	
[0m: Time to learn 128 samples = 00:00:08[0m	
[0m: Time left to learn full batch = 00:14:49[0m	
[0m.:. Batch 58625 to 58752 on 72328 images[0m	
[0m: Time to learn 128 samples = 00:00:10[0m	
[0m: Time left to learn full batch = 00:18:53[0m	
[0m.:. Batch 58753 to 58880 on 72328 images[0m	
[0m: Time to learn 128 samples = 00:00:08[0m	
[0m: Time left to learn full batch = 00:15:42[0m	
[0m.:. Batch 58881 to 59008 on 72328 images[0m	
[0m: Time to learn 128 samples = 00:00:09[0m	
[0m: Time left to learn full batch = 00:15:40[0m	
[0m.:. Batch 59009 to 59136 on 72328 images[0m	
[0m: Time to learn 128 samples = 00:00:09[0m	
[0m: Time left to learn full batch = 00:15:36[0m	
[0m.:. Batch 59137 to 59264 on 72328 images[0m	
[0m: Time to learn 128 samples = 00:00:08[0m	
[0m: Time left to learn full batch = 00:15:18[0m	
[0m.:. Batch 59265 to 59392 on 72328 images[0m	
[0m: Time to learn 128 samples = 00:00:08[0m	
[0m: Time left to learn full batch = 00:14:48[0m	
[0m.:. Batch 59393 to 59520 on 72328 images[0m	
[0m: Time to learn 128 samples = 00:00:08[0m	
[0m: Time left to learn full batch = 00:14:28[0m	
[0m.:. Batch 59521 to 59648 on 72328 images[0m	
[0m: Time to learn 128 samples = 00:00:08[0m	
[0m: Time left to learn full batch = 00:14:21[0m	
[0m.:. Batch 59649 to 59776 on 72328 images[0m	
[0m: Time to learn 128 samples = 00:00:08[0m	
[0m: Time left to learn full batch = 00:14:03[0m	
[0m.:. Batch 59777 to 59904 on 72328 images[0m	
[0m: Time to learn 128 samples = 00:00:08[0m	
[0m: Time left to learn full batch = 00:14:04[0m	
[0m.:. Batch 59905 to 60032 on 72328 images[0m	
[0m: Time to learn 128 samples = 00:00:08[0m	
[0m: Time left to learn full batch = 00:13:37[0m	
[0m.:. Batch 60033 to 60160 on 72328 images[0m	
[0m: Time to learn 128 samples = 00:00:08[0m	
[0m: Time left to learn full batch = 00:13:33[0m	
[0m.:. Batch 60161 to 60288 on 72328 images[0m	
[0m: Time to learn 128 samples = 00:00:08[0m	
[0m: Time left to learn full batch = 00:13:29[0m	
[0m.:. Batch 60289 to 60416 on 72328 images[0m	
[0m: Time to learn 128 samples = 00:00:08[0m	
[0m: Time left to learn full batch = 00:13:23[0m	
[0m.:. Batch 60417 to 60544 on 72328 images[0m	
[0m: Time to learn 128 samples = 00:00:08[0m	
[0m: Time left to learn full batch = 00:13:11[0m	
[0m.:. Batch 60545 to 60672 on 72328 images[0m	
[0m: Time to learn 128 samples = 00:00:08[0m	
[0m: Time left to learn full batch = 00:12:57[0m	
[0m.:. Batch 60673 to 60800 on 72328 images[0m	
[0m: Time to learn 128 samples = 00:00:08[0m	
[0m: Time left to learn full batch = 00:12:44[0m	
[0m.:. Batch 60801 to 60928 on 72328 images[0m	
[0m: Time to learn 128 samples = 00:00:08[0m	
[0m: Time left to learn full batch = 00:12:49[0m	
[0m.:. Batch 60929 to 61056 on 72328 images[0m	
[0m: Time to learn 128 samples = 00:00:08[0m	
[0m: Time left to learn full batch = 00:12:23[0m	
[0m.:. Batch 61057 to 61184 on 72328 images[0m	
[0m: Time to learn 128 samples = 00:00:08[0m	
[0m: Time left to learn full batch = 00:11:59[0m	
[0m.:. Batch 61185 to 61312 on 72328 images[0m	
[0m: Time to learn 128 samples = 00:00:08[0m	
[0m: Time left to learn full batch = 00:11:46[0m	
[0m.:. Batch 61313 to 61440 on 72328 images[0m	
[0m: Time to learn 128 samples = 00:00:08[0m	
[0m: Time left to learn full batch = 00:11:42[0m	
[0m.:. Batch 61441 to 61568 on 72328 images[0m	
[0m: Time to learn 128 samples = 00:00:08[0m	
[0m: Time left to learn full batch = 00:11:32[0m	
[0m.:. Batch 61569 to 61696 on 72328 images[0m	
[0m: Time to learn 128 samples = 00:00:08[0m	
[0m: Time left to learn full batch = 00:11:07[0m	
[0m.:. Batch 61697 to 61824 on 72328 images[0m	
[0m: Time to learn 128 samples = 00:00:07[0m	
[0m: Time left to learn full batch = 00:10:49[0m	
[0m.:. Batch 61825 to 61952 on 72328 images[0m	
[0m: Time to learn 128 samples = 00:00:07[0m	
[0m: Time left to learn full batch = 00:10:44[0m	
[0m.:. Batch 61953 to 62080 on 72328 images[0m	
[0m: Time to learn 128 samples = 00:00:08[0m	
[0m: Time left to learn full batch = 00:11:16[0m	
[0m.:. Batch 62081 to 62208 on 72328 images[0m	
[0m: Time to learn 128 samples = 00:00:07[0m	
[0m: Time left to learn full batch = 00:10:26[0m	
[0m.:. Batch 62209 to 62336 on 72328 images[0m	
[0m: Time to learn 128 samples = 00:00:08[0m	
[0m: Time left to learn full batch = 00:11:29[0m	
[0m.:. Batch 62337 to 62464 on 72328 images[0m	
[0m: Time to learn 128 samples = 00:00:08[0m	
[0m: Time left to learn full batch = 00:10:53[0m	
[0m.:. Batch 62465 to 62592 on 72328 images[0m	
[0m: Time to learn 128 samples = 00:00:08[0m	
[0m: Time left to learn full batch = 00:10:39[0m	
[0m.:. Batch 62593 to 62720 on 72328 images[0m	
[0m: Time to learn 128 samples = 00:00:08[0m	
[0m: Time left to learn full batch = 00:10:07[0m	
[0m.:. Batch 62721 to 62848 on 72328 images[0m	
[0m: Time to learn 128 samples = 00:00:08[0m	
[0m: Time left to learn full batch = 00:10:38[0m	
[0m.:. Batch 62849 to 62976 on 72328 images[0m	
[0m: Time to learn 128 samples = 00:00:08[0m	
[0m: Time left to learn full batch = 00:10:44[0m	
[0m.:. Batch 62977 to 63104 on 72328 images[0m	
[0m: Time to learn 128 samples = 00:00:08[0m	
[0m: Time left to learn full batch = 00:10:22[0m	
[0m.:. Batch 63105 to 63232 on 72328 images[0m	
[0m: Time to learn 128 samples = 00:00:09[0m	
[0m: Time left to learn full batch = 00:10:53[0m	
[0m.:. Batch 63233 to 63360 on 72328 images[0m	
[0m: Time to learn 128 samples = 00:00:09[0m	
[0m: Time left to learn full batch = 00:10:40[0m	
[0m.:. Batch 63361 to 63488 on 72328 images[0m	
[0m: Time to learn 128 samples = 00:00:08[0m	
[0m: Time left to learn full batch = 00:09:44[0m	
[0m.:. Batch 63489 to 63616 on 72328 images[0m	
[0m: Time to learn 128 samples = 00:00:08[0m	
[0m: Time left to learn full batch = 00:09:31[0m	
[0m.:. Batch 63617 to 63744 on 72328 images[0m	
[0m: Time to learn 128 samples = 00:00:08[0m	
[0m: Time left to learn full batch = 00:08:56[0m	
[0m.:. Batch 63745 to 63872 on 72328 images[0m	
[0m: Time to learn 128 samples = 00:00:08[0m	
[0m: Time left to learn full batch = 00:08:53[0m	
[0m.:. Batch 63873 to 64000 on 72328 images[0m	
[0m: Time to learn 128 samples = 00:00:07[0m	
[0m: Time left to learn full batch = 00:08:35[0m	
[0m.:. Batch 64001 to 64128 on 72328 images[0m	
[0m: Time to learn 128 samples = 00:00:09[0m	
[0m: Time left to learn full batch = 00:10:06[0m	
[0m.:. Batch 64129 to 64256 on 72328 images[0m	
[0m: Time to learn 128 samples = 00:00:08[0m	
[0m: Time left to learn full batch = 00:08:53[0m	
[0m.:. Batch 64257 to 64384 on 72328 images[0m	
[0m: Time to learn 128 samples = 00:00:08[0m	
[0m: Time left to learn full batch = 00:08:17[0m	
[0m.:. Batch 64385 to 64512 on 72328 images[0m	
[0m: Time to learn 128 samples = 00:00:07[0m	
[0m: Time left to learn full batch = 00:08:07[0m	
[0m.:. Batch 64513 to 64640 on 72328 images[0m	
[0m: Time to learn 128 samples = 00:00:07[0m	
[0m: Time left to learn full batch = 00:07:53[0m	
[0m.:. Batch 64641 to 64768 on 72328 images[0m	
[0m: Time to learn 128 samples = 00:00:08[0m	
[0m: Time left to learn full batch = 00:07:55[0m	
[0m.:. Batch 64769 to 64896 on 72328 images[0m	
[0m: Time to learn 128 samples = 00:00:08[0m	
[0m: Time left to learn full batch = 00:08:09[0m	
[0m.:. Batch 64897 to 65024 on 72328 images[0m	
[0m: Time to learn 128 samples = 00:00:08[0m	
[0m: Time left to learn full batch = 00:07:39[0m	
[0m.:. Batch 65025 to 65152 on 72328 images[0m	
[0m: Time to learn 128 samples = 00:00:07[0m	
[0m: Time left to learn full batch = 00:07:25[0m	
[0m.:. Batch 65153 to 65280 on 72328 images[0m	
[0m: Time to learn 128 samples = 00:00:08[0m	
[0m: Time left to learn full batch = 00:07:24[0m	
[0m.:. Batch 65281 to 65408 on 72328 images[0m	
[0m: Time to learn 128 samples = 00:00:07[0m	
[0m: Time left to learn full batch = 00:07:05[0m	
[0m.:. Batch 65409 to 65536 on 72328 images[0m	
[0m: Time to learn 128 samples = 00:00:07[0m	
[0m: Time left to learn full batch = 00:06:59[0m	
[0m.:. Batch 65537 to 65664 on 72328 images[0m	
[0m: Time to learn 128 samples = 00:00:08[0m	
[0m: Time left to learn full batch = 00:07:08[0m	
[0m.:. Batch 65665 to 65792 on 72328 images[0m	
[0m: Time to learn 128 samples = 00:00:07[0m	
[0m: Time left to learn full batch = 00:06:43[0m	
[0m.:. Batch 65793 to 65920 on 72328 images[0m	
[0m: Time to learn 128 samples = 00:00:07[0m	
[0m: Time left to learn full batch = 00:06:34[0m	
[0m.:. Batch 65921 to 66048 on 72328 images[0m	
