[0m# ... lunching using pid = 12809[0m	
[0m# ... switching to CUDA[0m	
[0m# ... loading Dataset[0m	
[0m# ...reloading previously trained model[0m	
[0m# Model[0m	
nn.Sequential {
  [input -> (1) -> (2) -> (3) -> (4) -> (5) -> (6) -> (7) -> (8) -> (9) -> (10) -> (11) -> (12) -> (13) -> (14) -> (15) -> (16) -> (17) -> (18) -> (19) -> (20) -> (21) -> (22) -> (23) -> (24) -> (25) -> (26) -> (27) -> (28) -> output]
  (1): nn.SpatialConvolution(in: 3, out: 96, kW: 7, kH: 7, dW: 2, dH: 2)
  (2): nn.Threshold
  (3): nn.SpatialMaxPooling(kW: 3, kH: 3, dW: 3, dH: 3)
  (4): nn.SpatialConvolutionMM(in: 96, out: 256, kW: 7, kH: 7)
  (5): nn.Threshold
  (6): nn.SpatialMaxPooling(kW: 2, kH: 2, dW: 2, dH: 2)
  (7): nn.SpatialZeroPadding(l=1,r=1,t=1,b=1)
  (8): nn.SpatialConvolutionMM(in: 256, out: 512, kW: 3, kH: 3)
  (9): nn.Threshold
  (10): nn.SpatialZeroPadding(l=1,r=1,t=1,b=1)
  (11): nn.SpatialConvolutionMM(in: 512, out: 512, kW: 3, kH: 3)
  (12): nn.Threshold
  (13): nn.SpatialZeroPadding(l=1,r=1,t=1,b=1)
  (14): nn.SpatialConvolutionMM(in: 512, out: 1024, kW: 3, kH: 3)
  (15): nn.Threshold
  (16): nn.SpatialZeroPadding(l=1,r=1,t=1,b=1)
  (17): nn.SpatialConvolutionMM(in: 1024, out: 1024, kW: 3, kH: 3)
  (18): nn.Threshold
  (19): nn.SpatialMaxPooling(kW: 3, kH: 3, dW: 3, dH: 3)
  (20): nn.SpatialConvolutionMM(in: 1024, out: 4096, kW: 5, kH: 5)
  (21): nn.Threshold
  (22): nn.Dropout(0.900000)
  (23): nn.SpatialConvolutionMM(in: 4096, out: 4096, kW: 1, kH: 1)
  (24): nn.Threshold
  (25): nn.Dropout(0.900000)
  (26): nn.SpatialConvolutionMM(in: 4096, out: 101, kW: 1, kH: 1)
  (27): nn.View
  (28): nn.LogSoftMax
}
[0mNumber of parameters 140973285[0m	
[0m# Criterion[0m	
nn.ClassNLLCriterion
[0m# ... building optimizer[0m	
[0m# ...reloading previously trained optimfunc.state[0m	
[0m# Optimizer[0m	
{
  name : [1;30m"[0m[0;32mSGD[0m[1;30m"[0m
  method : [0;35mfunction: 0x4053bfd0[0m
  config : 
    {
      learningRateDecay : [0;36m0[0m
      learningRate : [0;36m0.02[0m
      weightDecay : [0;36m1e-05[0m
      momentum : [0;36m0.6[0m
    }
  state : 
    {
      evalCounter : [0;36m0[0m
    }
}
[0m
# ... test model[0m	
[0m: 0% done [0m	[0m00:29:39 left[0m	
[0m: 5% done [0m	[0m00:10:16 left[0m	
[0m: 10% done [0m	[0m00:12:07 left[0m	
[0m: 15% done [0m	[0m00:12:03 left[0m	
[0m: 20% done [0m	[0m00:11:26 left[0m	
[0m: 25% done [0m	[0m00:10:46 left[0m	
[0m: 30% done [0m	[0m00:10:10 left[0m	
[0m: 35% done [0m	[0m00:09:24 left[0m	
[0m: 40% done [0m	[0m00:08:43 left[0m	
[0m: 45% done [0m	[0m00:08:02 left[0m	
[0m: 50% done [0m	[0m00:07:21 left[0m	
[0m: 55% done [0m	[0m00:06:42 left[0m	
[0m: 60% done [0m	[0m00:05:57 left[0m	
[0m: 65% done [0m	[0m00:05:14 left[0m	
[0m: 70% done [0m	[0m00:04:30 left[0m	
[0m: 75% done [0m	[0m00:03:46 left[0m	
[0m: 80% done [0m	[0m00:03:02 left[0m	
[0m: 85% done [0m	[0m00:02:17 left[0m	
[0m: 90% done [0m	[0m00:01:33 left[0m	
[0m: 95% done [0m	[0m00:00:48 left[0m	
[0m: 100% done [0m	[0m00:00:04 left[0m	
[0m: Time to test all samples = 00:14:54[0m	
[0m# Confusion Matrix[0m	
[0m: average row correct: 34.273820163885%[0m	
[0m: average rowUcol correct (VOC measure): 21.51934397914%[0m	
[0m: > global correct: 34.262267995814%[0m	
[0m
#####################[0m	
[0m# Epoch n° 1[0m	
[0m
# ... train model[0m	
[0m.:. Batch 1 to 128 on 72328 images[0m	
[0m: 1% done[0m	[0m01:42:41 left[0m	
[0m.:. Batch 3201 to 3328 on 72328 images[0m	
[0m: 6% done[0m	[0m01:38:17 left[0m	
[0m.:. Batch 6785 to 6912 on 72328 images[0m	
[0m: 11% done[0m	[0m01:33:46 left[0m	
[0m.:. Batch 10497 to 10624 on 72328 images[0m	
[0m: 16% done[0m	[0m01:28:23 left[0m	
[0m.:. Batch 14081 to 14208 on 72328 images[0m	
[0m: 21% done[0m	[0m01:22:49 left[0m	
[0m.:. Batch 17665 to 17792 on 72328 images[0m	
[0m: 26% done[0m	[0m01:17:33 left[0m	
[0m.:. Batch 21249 to 21376 on 72328 images[0m	
[0m: 31% done[0m	[0m01:12:20 left[0m	
[0m.:. Batch 24961 to 25088 on 72328 images[0m	
[0m: 36% done[0m	[0m01:07:09 left[0m	
[0m.:. Batch 28545 to 28672 on 72328 images[0m	
[0m: 41% done[0m	[0m01:01:45 left[0m	
[0m.:. Batch 32129 to 32256 on 72328 images[0m	
[0m: 46% done[0m	[0m00:56:37 left[0m	
[0m.:. Batch 35841 to 35968 on 72328 images[0m	
[0m: 51% done[0m	[0m00:51:27 left[0m	
[0m.:. Batch 39425 to 39552 on 72328 images[0m	
[0m: 56% done[0m	[0m00:46:06 left[0m	
[0m.:. Batch 43009 to 43136 on 72328 images[0m	
[0m: 61% done[0m	[0m00:40:55 left[0m	
[0m.:. Batch 46721 to 46848 on 72328 images[0m	
[0m: 66% done[0m	[0m00:35:44 left[0m	
[0m.:. Batch 50305 to 50432 on 72328 images[0m	
[0m: 71% done[0m	[0m00:30:22 left[0m	
[0m.:. Batch 53889 to 54016 on 72328 images[0m	
[0m: 76% done[0m	[0m00:25:13 left[0m	
[0m.:. Batch 57473 to 57600 on 72328 images[0m	
[0m: 81% done[0m	[0m00:20:03 left[0m	
[0m.:. Batch 61185 to 61312 on 72328 images[0m	
[0m: 86% done[0m	[0m00:14:53 left[0m	
[0m.:. Batch 64769 to 64896 on 72328 images[0m	
[0m: 91% done[0m	[0m00:09:33 left[0m	
[0m.:. Batch 68353 to 68480 on 72328 images[0m	
[0m: 96% done[0m	[0m00:04:25 left[0m	
[0m.:. Batch 72065 to 72192 on 72328 images[0m	
[0m.:. End of Epoch n° 1[0m	
[0m: Real time to learn 1 batch = 00:00:11[0m	
[0m: Real time to learn full batch = 01:43:46[0m	
[0m# Confusion Matrix[0m	
[0m: average row correct: 88.298114868674%[0m	
[0m: average rowUcol correct (VOC measure): 79.318108476034%[0m	
[0m: > global correct: 88.30190244442%[0m	
[0m
# ... test model[0m	
[0m: 0% done [0m	[0m00:17:48 left[0m	
[0m: 5% done [0m	[0m00:10:20 left[0m	
[0m: 10% done [0m	[0m00:11:12 left[0m	
[0m: 15% done [0m	[0m00:11:12 left[0m	
[0m: 20% done [0m	[0m00:10:49 left[0m	
[0m: 25% done [0m	[0m00:10:18 left[0m	
[0m: 30% done [0m	[0m00:09:48 left[0m	
[0m: 35% done [0m	[0m00:09:07 left[0m	
[0m: 40% done [0m	[0m00:08:28 left[0m	
[0m: 45% done [0m	[0m00:07:47 left[0m	
[0m: 50% done [0m	[0m00:07:09 left[0m	
[0m: 55% done [0m	[0m00:06:26 left[0m	
[0m: 60% done [0m	[0m00:05:44 left[0m	
[0m: 65% done [0m	[0m00:05:01 left[0m	
[0m: 70% done [0m	[0m00:04:20 left[0m	
[0m: 75% done [0m	[0m00:03:37 left[0m	
[0m: 80% done [0m	[0m00:02:56 left[0m	
[0m: 85% done [0m	[0m00:02:13 left[0m	
[0m: 90% done [0m	[0m00:01:30 left[0m	
[0m: 95% done [0m	[0m00:00:47 left[0m	
[0m: 100% done [0m	[0m00:00:04 left[0m	
[0m: Time to test all samples = 00:14:28[0m	
[0m# Confusion Matrix[0m	
[0m: average row correct: 34.155430902939%[0m	
[0m: average rowUcol correct (VOC measure): 21.637663632484%[0m	
[0m: > global correct: 34.163132676103%[0m	
[0m# ... saving model to ./overfeat3/model.net[0m	
[0m: tac = 11.987101078033 sec[0m	
[0m
#####################[0m	
[0m# Epoch n° 2[0m	
[0m
# ... train model[0m	
[0m.:. Batch 1 to 128 on 72328 images[0m	
[0m: 1% done[0m	[0m01:41:53 left[0m	
[0m.:. Batch 3201 to 3328 on 72328 images[0m	
[0m: 6% done[0m	[0m01:37:47 left[0m	
[0m.:. Batch 6785 to 6912 on 72328 images[0m	
[0m: 11% done[0m	[0m01:33:14 left[0m	
[0m.:. Batch 10497 to 10624 on 72328 images[0m	
[0m: 16% done[0m	[0m01:28:00 left[0m	
[0m.:. Batch 14081 to 14208 on 72328 images[0m	
[0m: 21% done[0m	[0m01:22:48 left[0m	
[0m.:. Batch 17665 to 17792 on 72328 images[0m	
[0m: 26% done[0m	[0m01:17:46 left[0m	
[0m.:. Batch 21249 to 21376 on 72328 images[0m	
[0m: 31% done[0m	[0m01:12:24 left[0m	
[0m.:. Batch 24961 to 25088 on 72328 images[0m	
[0m: 36% done[0m	[0m01:07:06 left[0m	
[0m.:. Batch 28545 to 28672 on 72328 images[0m	
[0m: 41% done[0m	[0m01:01:41 left[0m	
[0m.:. Batch 32129 to 32256 on 72328 images[0m	
[0m: 46% done[0m	[0m00:56:25 left[0m	
[0m.:. Batch 35841 to 35968 on 72328 images[0m	
[0m: 51% done[0m	[0m00:51:10 left[0m	
[0m.:. Batch 39425 to 39552 on 72328 images[0m	
[0m: 56% done[0m	[0m00:45:43 left[0m	
[0m.:. Batch 43009 to 43136 on 72328 images[0m	
[0m: 61% done[0m	[0m00:40:31 left[0m	
[0m.:. Batch 46721 to 46848 on 72328 images[0m	
[0m: 66% done[0m	[0m00:35:20 left[0m	
[0m.:. Batch 50305 to 50432 on 72328 images[0m	
[0m: 71% done[0m	[0m00:30:01 left[0m	
[0m.:. Batch 53889 to 54016 on 72328 images[0m	
[0m: 76% done[0m	[0m00:25:00 left[0m	
[0m.:. Batch 57473 to 57600 on 72328 images[0m	
[0m: 81% done[0m	[0m00:19:54 left[0m	
[0m.:. Batch 61185 to 61312 on 72328 images[0m	
[0m: 86% done[0m	[0m00:14:48 left[0m	
[0m.:. Batch 64769 to 64896 on 72328 images[0m	
[0m: 91% done[0m	[0m00:09:30 left[0m	
[0m.:. Batch 68353 to 68480 on 72328 images[0m	
[0m: 96% done[0m	[0m00:04:23 left[0m	
[0m.:. Batch 72065 to 72192 on 72328 images[0m	
[0m.:. End of Epoch n° 2[0m	
[0m: Real time to learn 1 batch = 00:00:10[0m	
[0m: Real time to learn full batch = 01:43:17[0m	
[0m# Confusion Matrix[0m	
[0m: average row correct: 91.266557544765%[0m	
[0m: average rowUcol correct (VOC measure): 84.1178666247%[0m	
[0m: > global correct: 91.266176307931%[0m	
[0m
# ... test model[0m	
[0m: 0% done [0m	[0m00:17:42 left[0m	
[0m: 5% done [0m	[0m00:10:18 left[0m	
[0m: 10% done [0m	[0m00:11:18 left[0m	
[0m: 15% done [0m	[0m00:11:14 left[0m	
[0m: 20% done [0m	[0m00:10:52 left[0m	
[0m: 25% done [0m	[0m00:10:18 left[0m	
[0m: 30% done [0m	[0m00:09:56 left[0m	
[0m: 35% done [0m	[0m00:09:12 left[0m	
[0m: 40% done [0m	[0m00:08:32 left[0m	
[0m: 45% done [0m	[0m00:07:51 left[0m	
[0m: 50% done [0m	[0m00:07:13 left[0m	
[0m: 55% done [0m	[0m00:06:28 left[0m	
[0m: 60% done [0m	[0m00:05:46 left[0m	
[0m: 65% done [0m	[0m00:05:03 left[0m	
[0m: 70% done [0m	[0m00:04:21 left[0m	
[0m: 75% done [0m	[0m00:03:38 left[0m	
[0m: 80% done [0m	[0m00:02:57 left[0m	
[0m: 85% done [0m	[0m00:02:14 left[0m	
[0m: 90% done [0m	[0m00:01:31 left[0m	
[0m: 95% done [0m	[0m00:00:47 left[0m	
[0m: 100% done [0m	[0m00:00:04 left[0m	
[0m: Time to test all samples = 00:14:34[0m	
[0m# Confusion Matrix[0m	
[0m: average row correct: 36.452951555205%[0m	
[0m: average rowUcol correct (VOC measure): 22.944066673517%[0m	
[0m: > global correct: 36.432229993942%[0m	
[0m# ... saving model to ./overfeat3/model.net[0m	
[0m: tac = 11.384277105331 sec[0m	
[0m
#####################[0m	
[0m# Epoch n° 3[0m	
[0m
# ... train model[0m	
[0m.:. Batch 1 to 128 on 72328 images[0m	
[0m: 1% done[0m	[0m01:41:15 left[0m	
