% mean class accuracy (train set)	
 9.2772e-01	
 9.5537e-01	
 1.0093e+00	
 1.0591e+00	
 1.0411e+00	
 1.1075e+00	
 1.0204e+00	
 9.8717e-01	
 9.7058e-01	
 1.0439e+00	
 1.0204e+00	
 1.0439e+00	
 1.0452e+00	
 1.0743e+00	
 1.0190e+00	
 1.0563e+00	
 9.6643e-01	
 1.0273e+00	
 9.8440e-01	
 1.0397e+00	
 1.0134e+00	
 1.0245e+00	
 1.0051e+00	
 1.0314e+00	
 1.0383e+00	
 1.0604e+00	
 9.6090e-01	
 1.0535e+00	
 9.7887e-01	
 9.2634e-01	
 9.8164e-01	
 1.0687e+00	
 1.0300e+00	
 1.0190e+00	
 9.6643e-01	
 9.9547e-01	
 1.0452e+00	
 1.0604e+00	
 1.0729e+00	
