% mean class accuracy (train set)	
 3.8395e+00	
 9.1569e+00	
 1.7794e+01	
 2.8902e+01	
 4.1088e+01	
 5.2827e+01	
 6.2508e+01	
 7.0245e+01	
 7.6333e+01	
 8.0681e+01	
 8.4005e+01	
 8.6211e+01	
 8.8198e+01	
 8.9904e+01	
 9.0923e+01	
 9.1873e+01	
 9.2447e+01	
 9.3258e+01	
 9.3984e+01	
 9.4188e+01	
 9.4678e+01	
 9.5075e+01	
 9.5453e+01	
 9.5584e+01	
 9.5670e+01	
 9.6025e+01	
 9.6087e+01	
 9.6326e+01	
 9.6494e+01	
 9.6686e+01	
 9.6689e+01	
 9.6806e+01	
 9.6975e+01	
 9.7009e+01	
 9.7210e+01	
 9.7200e+01	
 9.7337e+01	
 9.7399e+01	
 9.7471e+01	
 9.7511e+01	
 9.7506e+01	
 9.7569e+01	
 9.7576e+01	
 9.7770e+01	
 9.7774e+01	
 9.7851e+01	
 9.7905e+01	
 9.7933e+01	
 9.7932e+01	
 9.7984e+01	
 9.7950e+01	
 9.8028e+01	
 9.8016e+01	
 9.8111e+01	
 9.8066e+01	
 9.8160e+01	
 9.8167e+01	
 9.8201e+01	
 9.8207e+01	
 9.8232e+01	
 9.8276e+01	
 9.8298e+01	
 9.8236e+01	
 9.8351e+01	
 9.8402e+01	
 9.8310e+01	
 9.8407e+01	
 9.8425e+01	
 9.8398e+01	
 9.8494e+01	
 9.8407e+01	
 9.8420e+01	
 9.8499e+01	
 9.8546e+01	
 9.8533e+01	
 9.8584e+01	
 9.8530e+01	
 9.8475e+01	
 9.8551e+01	
