[0m# ... lunching using pid = 27852[0m	
[0m# ... loading seed in ./sk5bis/seed.save[0m	
[0m# ... switching to CUDA[0m	
[0m# ... loading Dataset[0m	
[0m# ...reloading previously trained model[0m	
[0m# Model[0m	
nn.Sequential {
  [input -> (1) -> (2) -> (3) -> (4) -> (5) -> (6) -> (7) -> (8) -> (9) -> (10) -> (11) -> (12) -> (13) -> (14) -> (15) -> (16) -> (17) -> (18) -> output]
  (1): nn.SpatialConvolutionMM(in: 3, out: 16, kW: 3, kH: 3, padding: 1)
  (2): nn.ReLU
  (3): nn.SpatialMaxPooling(kW: 2, kH: 2, dW: 2, dH: 2)
  (4): nn.SpatialConvolutionMM(in: 16, out: 32, kW: 3, kH: 3, padding: 1)
  (5): nn.ReLU
  (6): nn.SpatialMaxPooling(kW: 2, kH: 2, dW: 2, dH: 2)
  (7): nn.SpatialConvolutionMM(in: 32, out: 32, kW: 3, kH: 3, padding: 1)
  (8): nn.ReLU
  (9): nn.SpatialMaxPooling(kW: 3, kH: 3, dW: 3, dH: 3)
  (10): nn.Reshape(10368)
  (11): nn.Linear(10368 -> 2048)
  (12): nn.ReLU
  (13): nn.Dropout(0.600000)
  (14): nn.Linear(2048 -> 1024)
  (15): nn.ReLU
  (16): nn.Dropout(0.600000)
  (17): nn.Linear(1024 -> 101)
  (18): nn.LogSoftMax
}
[0mNumber of parameters 23451749[0m	
[0m# Criterion[0m	
nn.ClassNLLCriterion
[0m# ... building optimizer[0m	
[0m# ...reloading previously trained optimfunc.state[0m	
[0m# Optimizer[0m	
{
  name : [1;30m"[0m[0;32mSGD[0m[1;30m"[0m
  method : [0;35mfunction: 0x41ac0790[0m
  config : 
    {
      learningRateDecay : [0;36m0.033[0m
      learningRate : [0;36m0.002[0m
      weightDecay : [0;36m1e-05[0m
      momentum : [0;36m0.6[0m
    }
  state : 
    {
      evalCounter : [0;36m0[0m
    }
}
[0m
#####################[0m	
[0m# Epoch n° 1[0m	
[0m
# ... train model[0m	
[0m.:. Batch 1 to 128 on 72328 images[0m	
[0m: 1% done[0m	[0m00:19:23 left[0m	
[0m.:. Batch 3201 to 3328 on 72328 images[0m	
[0m: 6% done[0m	[0m00:23:24 left[0m	
[0m.:. Batch 6785 to 6912 on 72328 images[0m	
[0m: 11% done[0m	[0m00:22:01 left[0m	
[0m.:. Batch 10497 to 10624 on 72328 images[0m	
[0m: 16% done[0m	[0m00:20:08 left[0m	
[0m.:. Batch 14081 to 14208 on 72328 images[0m	
[0m: 21% done[0m	[0m00:18:38 left[0m	
[0m.:. Batch 17665 to 17792 on 72328 images[0m	
[0m: 26% done[0m	[0m00:18:04 left[0m	
[0m.:. Batch 21249 to 21376 on 72328 images[0m	
[0m: 31% done[0m	[0m00:17:01 left[0m	
[0m.:. Batch 24961 to 25088 on 72328 images[0m	
[0m: 36% done[0m	[0m00:15:54 left[0m	
[0m.:. Batch 28545 to 28672 on 72328 images[0m	
[0m: 41% done[0m	[0m00:14:42 left[0m	
[0m.:. Batch 32129 to 32256 on 72328 images[0m	
[0m: 46% done[0m	[0m00:13:31 left[0m	
[0m.:. Batch 35841 to 35968 on 72328 images[0m	
[0m: 51% done[0m	[0m00:12:19 left[0m	
[0m.:. Batch 39425 to 39552 on 72328 images[0m	
[0m: 56% done[0m	[0m00:11:04 left[0m	
[0m.:. Batch 43009 to 43136 on 72328 images[0m	
[0m: 61% done[0m	[0m00:09:41 left[0m	
[0m.:. Batch 46721 to 46848 on 72328 images[0m	
[0m: 66% done[0m	[0m00:08:29 left[0m	
[0m.:. Batch 50305 to 50432 on 72328 images[0m	
[0m: 71% done[0m	[0m00:07:14 left[0m	
[0m.:. Batch 53889 to 54016 on 72328 images[0m	
[0m: 76% done[0m	[0m00:06:01 left[0m	
[0m.:. Batch 57473 to 57600 on 72328 images[0m	
[0m: 81% done[0m	[0m00:04:48 left[0m	
[0m.:. Batch 61185 to 61312 on 72328 images[0m	
[0m: 86% done[0m	[0m00:03:34 left[0m	
[0m.:. Batch 64769 to 64896 on 72328 images[0m	
[0m: 91% done[0m	[0m00:02:18 left[0m	
[0m.:. Batch 68353 to 68480 on 72328 images[0m	
[0m: 96% done[0m	[0m00:01:03 left[0m	
[0m.:. Batch 72065 to 72192 on 72328 images[0m	
[0m.:. End of Epoch n° 1[0m	
[0m: Real time to learn 1 batch = 00:00:02[0m	
[0m: Real time to learn full batch = 00:24:58[0m	
[0m# Confusion Matrix[0m	
[0m: average row correct: 47.308028559431%[0m	
[0m: average rowUcol correct (VOC measure): 31.00929938183%[0m	
[0m: > global correct: 47.182280721159%[0m	
[0m
# ... test model[0m	
[0m: 0% done [0m	[0m00:02:11 left[0m	
[0m: 5% done [0m	[0m00:02:00 left[0m	
[0m: 10% done [0m	[0m00:02:07 left[0m	
[0m: 15% done [0m	[0m00:02:03 left[0m	
[0m: 20% done [0m	[0m00:01:56 left[0m	
[0m: 25% done [0m	[0m00:01:48 left[0m	
[0m: 30% done [0m	[0m00:01:42 left[0m	
[0m: 35% done [0m	[0m00:01:36 left[0m	
[0m: 40% done [0m	[0m00:01:29 left[0m	
[0m: 45% done [0m	[0m00:01:22 left[0m	
[0m: 50% done [0m	[0m00:01:15 left[0m	
[0m: 55% done [0m	[0m00:01:08 left[0m	
[0m: 60% done [0m	[0m00:01:01 left[0m	
[0m: 65% done [0m	[0m00:00:53 left[0m	
[0m: 70% done [0m	[0m00:00:46 left[0m	
[0m: 75% done [0m	[0m00:00:38 left[0m	
[0m: 80% done [0m	[0m00:00:31 left[0m	
[0m: 85% done [0m	[0m00:00:23 left[0m	
[0m: 90% done [0m	[0m00:00:16 left[0m	
[0m: 95% done [0m	[0m00:00:08 left[0m	
[0m: 100% done [0m	[0m00:00:00 left[0m	
[0m: Time to test all samples = 00:02:34[0m	
[0m# Confusion Matrix[0m	
[0m: average row correct: 20.195723736271%[0m	
[0m: average rowUcol correct (VOC measure): 11.234667954395%[0m	
[0m: > global correct: 20.07490224156%[0m	
[0m# ... saving model to ./sk5bis/model.net[0m	
[0m: tac = 2.4234039783478 sec[0m	
[0m# ... saving optimfunc.state to ./sk5bis/optim.state[0m	
[0m: tac = 3.402153968811 sec[0m	
[0m# ... saving optimfunc.method to ./sk5bis/optim.method[0m	
[0m: tac = 3.4629058837891 sec[0m	
[0m
#####################[0m	
[0m# Epoch n° 2[0m	
[0m
# ... train model[0m	
[0m.:. Batch 1 to 128 on 72328 images[0m	
[0m: 1% done[0m	[0m00:24:41 left[0m	
[0m.:. Batch 3201 to 3328 on 72328 images[0m	
[0m: 6% done[0m	[0m00:22:51 left[0m	
[0m.:. Batch 6785 to 6912 on 72328 images[0m	
[0m: 11% done[0m	[0m00:21:27 left[0m	
[0m.:. Batch 10497 to 10624 on 72328 images[0m	
[0m: 16% done[0m	[0m00:20:13 left[0m	
[0m.:. Batch 14081 to 14208 on 72328 images[0m	
[0m: 21% done[0m	[0m00:18:37 left[0m	
[0m.:. Batch 17665 to 17792 on 72328 images[0m	
[0m: 26% done[0m	[0m00:17:15 left[0m	
[0m.:. Batch 21249 to 21376 on 72328 images[0m	
[0m: 31% done[0m	[0m00:16:36 left[0m	
[0m.:. Batch 24961 to 25088 on 72328 images[0m	
[0m: 36% done[0m	[0m00:15:34 left[0m	
[0m.:. Batch 28545 to 28672 on 72328 images[0m	
[0m: 41% done[0m	[0m00:14:20 left[0m	
[0m.:. Batch 32129 to 32256 on 72328 images[0m	
[0m: 46% done[0m	[0m00:13:13 left[0m	
[0m.:. Batch 35841 to 35968 on 72328 images[0m	
[0m: 51% done[0m	[0m00:12:00 left[0m	
[0m.:. Batch 39425 to 39552 on 72328 images[0m	
[0m: 56% done[0m	[0m00:10:48 left[0m	
[0m.:. Batch 43009 to 43136 on 72328 images[0m	
[0m: 61% done[0m	[0m00:09:37 left[0m	
[0m.:. Batch 46721 to 46848 on 72328 images[0m	
[0m: 66% done[0m	[0m00:08:26 left[0m	
[0m.:. Batch 50305 to 50432 on 72328 images[0m	
[0m: 71% done[0m	[0m00:07:12 left[0m	
[0m.:. Batch 53889 to 54016 on 72328 images[0m	
[0m: 76% done[0m	[0m00:05:58 left[0m	
[0m.:. Batch 57473 to 57600 on 72328 images[0m	
[0m: 81% done[0m	[0m00:04:44 left[0m	
[0m.:. Batch 61185 to 61312 on 72328 images[0m	
[0m: 86% done[0m	[0m00:03:31 left[0m	
[0m.:. Batch 64769 to 64896 on 72328 images[0m	
[0m: 91% done[0m	[0m00:02:16 left[0m	
[0m.:. Batch 68353 to 68480 on 72328 images[0m	
[0m: 96% done[0m	[0m00:01:03 left[0m	
[0m.:. Batch 72065 to 72192 on 72328 images[0m	
[0m.:. End of Epoch n° 2[0m	
[0m: Real time to learn 1 batch = 00:00:02[0m	
[0m: Real time to learn full batch = 00:24:43[0m	
[0m# Confusion Matrix[0m	
[0m: average row correct: 49.582221768428%[0m	
[0m: average rowUcol correct (VOC measure): 32.970602334578%[0m	
[0m: > global correct: 49.466320097334%[0m	
[0m
# ... test model[0m	
[0m: 0% done [0m	[0m00:02:47 left[0m	
[0m: 5% done [0m	[0m00:01:59 left[0m	
[0m: 10% done [0m	[0m00:02:02 left[0m	
[0m: 15% done [0m	[0m00:01:58 left[0m	
[0m: 20% done [0m	[0m00:01:54 left[0m	
[0m: 25% done [0m	[0m00:01:48 left[0m	
[0m: 30% done [0m	[0m00:01:42 left[0m	
[0m: 35% done [0m	[0m00:01:36 left[0m	
[0m: 40% done [0m	[0m00:01:29 left[0m	
[0m: 45% done [0m	[0m00:01:22 left[0m	
[0m: 50% done [0m	[0m00:01:15 left[0m	
[0m: 55% done [0m	[0m00:01:08 left[0m	
[0m: 60% done [0m	[0m00:01:01 left[0m	
[0m: 65% done [0m	[0m00:00:53 left[0m	
[0m: 70% done [0m	[0m00:00:46 left[0m	
[0m: 75% done [0m	[0m00:00:38 left[0m	
[0m: 80% done [0m	[0m00:00:31 left[0m	
[0m: 85% done [0m	[0m00:00:23 left[0m	
[0m: 90% done [0m	[0m00:00:16 left[0m	
[0m: 95% done [0m	[0m00:00:08 left[0m	
[0m: 100% done [0m	[0m00:00:00 left[0m	
[0m: Time to test all samples = 00:02:33[0m	
[0m# Confusion Matrix[0m	
[0m: average row correct: 20.496983121214%[0m	
[0m: average rowUcol correct (VOC measure): 11.418930909108%[0m	
[0m: > global correct: 20.377815718456%[0m	
[0m# ... saving model to ./sk5bis/model.net[0m	
[0m: tac = 2.3966958522797 sec[0m	
[0m# ... saving optimfunc.state to ./sk5bis/optim.state[0m	
[0m: tac = 3.4006478786469 sec[0m	
[0m# ... saving optimfunc.method to ./sk5bis/optim.method[0m	
[0m: tac = 3.4632580280304 sec[0m	
[0m
#####################[0m	
[0m# Epoch n° 3[0m	
[0m
# ... train model[0m	
[0m.:. Batch 1 to 128 on 72328 images[0m	
[0m: 1% done[0m	[0m00:23:59 left[0m	
[0m.:. Batch 3201 to 3328 on 72328 images[0m	
[0m: 6% done[0m	[0m00:23:52 left[0m	
[0m.:. Batch 6785 to 6912 on 72328 images[0m	
[0m: 11% done[0m	[0m00:22:37 left[0m	
[0m.:. Batch 10497 to 10624 on 72328 images[0m	
[0m: 16% done[0m	[0m00:21:26 left[0m	
[0m.:. Batch 14081 to 14208 on 72328 images[0m	
[0m: 21% done[0m	[0m00:19:41 left[0m	
[0m.:. Batch 17665 to 17792 on 72328 images[0m	
[0m: 26% done[0m	[0m00:18:03 left[0m	
[0m.:. Batch 21249 to 21376 on 72328 images[0m	
[0m: 31% done[0m	[0m00:16:34 left[0m	
[0m.:. Batch 24961 to 25088 on 72328 images[0m	
[0m: 36% done[0m	[0m00:15:53 left[0m	
[0m.:. Batch 28545 to 28672 on 72328 images[0m	
[0m: 41% done[0m	[0m00:14:41 left[0m	
[0m.:. Batch 32129 to 32256 on 72328 images[0m	
[0m: 46% done[0m	[0m00:13:26 left[0m	
[0m.:. Batch 35841 to 35968 on 72328 images[0m	
[0m: 51% done[0m	[0m00:12:10 left[0m	
[0m.:. Batch 39425 to 39552 on 72328 images[0m	
[0m: 56% done[0m	[0m00:10:56 left[0m	
[0m.:. Batch 43009 to 43136 on 72328 images[0m	
[0m: 61% done[0m	[0m00:09:42 left[0m	
[0m.:. Batch 46721 to 46848 on 72328 images[0m	
[0m: 66% done[0m	[0m00:08:28 left[0m	
[0m.:. Batch 50305 to 50432 on 72328 images[0m	
[0m: 71% done[0m	[0m00:07:13 left[0m	
[0m.:. Batch 53889 to 54016 on 72328 images[0m	
[0m: 76% done[0m	[0m00:06:00 left[0m	
[0m.:. Batch 57473 to 57600 on 72328 images[0m	
[0m: 81% done[0m	[0m00:04:47 left[0m	
[0m.:. Batch 61185 to 61312 on 72328 images[0m	
[0m: 86% done[0m	[0m00:03:33 left[0m	
[0m.:. Batch 64769 to 64896 on 72328 images[0m	
[0m: 91% done[0m	[0m00:02:17 left[0m	
[0m.:. Batch 68353 to 68480 on 72328 images[0m	
[0m: 96% done[0m	[0m00:01:03 left[0m	
[0m.:. Batch 72065 to 72192 on 72328 images[0m	
[0m.:. End of Epoch n° 3[0m	
[0m: Real time to learn 1 batch = 00:00:02[0m	
[0m: Real time to learn full batch = 00:24:54[0m	
[0m# Confusion Matrix[0m	
[0m: average row correct: 50.323840024153%[0m	
[0m: average rowUcol correct (VOC measure): 33.628654959473%[0m	
[0m: > global correct: 50.201858201526%[0m	
[0m
# ... test model[0m	
[0m: 0% done [0m	[0m00:02:48 left[0m	
[0m: 5% done [0m	[0m00:01:51 left[0m	
[0m: 10% done [0m	[0m00:02:00 left[0m	
[0m: 15% done [0m	[0m00:02:01 left[0m	
[0m: 20% done [0m	[0m00:01:55 left[0m	
[0m: 25% done [0m	[0m00:01:48 left[0m	
[0m: 30% done [0m	[0m00:01:41 left[0m	
[0m: 35% done [0m	[0m00:01:33 left[0m	
[0m: 40% done [0m	[0m00:01:27 left[0m	
[0m: 45% done [0m	[0m00:01:20 left[0m	
[0m: 50% done [0m	[0m00:01:14 left[0m	
[0m: 55% done [0m	[0m00:01:07 left[0m	
[0m: 60% done [0m	[0m00:01:00 left[0m	
[0m: 65% done [0m	[0m00:00:53 left[0m	
[0m: 70% done [0m	[0m00:00:45 left[0m	
[0m: 75% done [0m	[0m00:00:38 left[0m	
[0m: 80% done [0m	[0m00:00:30 left[0m	
[0m: 85% done [0m	[0m00:00:23 left[0m	
[0m: 90% done [0m	[0m00:00:15 left[0m	
[0m: 95% done [0m	[0m00:00:08 left[0m	
[0m: 100% done [0m	[0m00:00:00 left[0m	
[0m: Time to test all samples = 00:02:32[0m	
[0m# Confusion Matrix[0m	
[0m: average row correct: 20.603003780275%[0m	
[0m: average rowUcol correct (VOC measure): 11.488365536408%[0m	
[0m: > global correct: 20.487966073691%[0m	
[0m# ... saving model to ./sk5bis/model.net[0m	
[0m: tac = 2.2819018363953 sec[0m	
[0m# ... saving optimfunc.state to ./sk5bis/optim.state[0m	
[0m: tac = 3.2835178375244 sec[0m	
[0m# ... saving optimfunc.method to ./sk5bis/optim.method[0m	
[0m: tac = 3.3469560146332 sec[0m	
[0m
#####################[0m	
[0m# Epoch n° 4[0m	
[0m
# ... train model[0m	
[0m.:. Batch 1 to 128 on 72328 images[0m	
[0m: 1% done[0m	[0m00:24:17 left[0m	
[0m.:. Batch 3201 to 3328 on 72328 images[0m	
[0m: 6% done[0m	[0m00:24:08 left[0m	
[0m.:. Batch 6785 to 6912 on 72328 images[0m	
[0m: 11% done[0m	[0m00:22:54 left[0m	
[0m.:. Batch 10497 to 10624 on 72328 images[0m	
[0m: 16% done[0m	[0m00:21:45 left[0m	
[0m.:. Batch 14081 to 14208 on 72328 images[0m	
[0m: 21% done[0m	[0m00:19:58 left[0m	
[0m.:. Batch 17665 to 17792 on 72328 images[0m	
[0m: 26% done[0m	[0m00:18:14 left[0m	
[0m.:. Batch 21249 to 21376 on 72328 images[0m	
[0m: 31% done[0m	[0m00:16:46 left[0m	
[0m.:. Batch 24961 to 25088 on 72328 images[0m	
[0m: 36% done[0m	[0m00:15:50 left[0m	
[0m.:. Batch 28545 to 28672 on 72328 images[0m	
[0m: 41% done[0m	[0m00:14:29 left[0m	
[0m.:. Batch 32129 to 32256 on 72328 images[0m	
[0m: 46% done[0m	[0m00:13:20 left[0m	
[0m.:. Batch 35841 to 35968 on 72328 images[0m	
[0m: 51% done[0m	[0m00:12:10 left[0m	
[0m.:. Batch 39425 to 39552 on 72328 images[0m	
[0m: 56% done[0m	[0m00:10:56 left[0m	
[0m.:. Batch 43009 to 43136 on 72328 images[0m	
[0m: 61% done[0m	[0m00:09:44 left[0m	
[0m.:. Batch 46721 to 46848 on 72328 images[0m	
[0m: 66% done[0m	[0m00:08:26 left[0m	
[0m.:. Batch 50305 to 50432 on 72328 images[0m	
[0m: 71% done[0m	[0m00:07:11 left[0m	
[0m.:. Batch 53889 to 54016 on 72328 images[0m	
[0m: 76% done[0m	[0m00:05:59 left[0m	
[0m.:. Batch 57473 to 57600 on 72328 images[0m	
[0m: 81% done[0m	[0m00:04:46 left[0m	
[0m.:. Batch 61185 to 61312 on 72328 images[0m	
[0m: 86% done[0m	[0m00:03:33 left[0m	
[0m.:. Batch 64769 to 64896 on 72328 images[0m	
[0m: 91% done[0m	[0m00:02:17 left[0m	
[0m.:. Batch 68353 to 68480 on 72328 images[0m	
[0m: 96% done[0m	[0m00:01:03 left[0m	
[0m.:. Batch 72065 to 72192 on 72328 images[0m	
[0m.:. End of Epoch n° 4[0m	
[0m: Real time to learn 1 batch = 00:00:02[0m	
[0m: Real time to learn full batch = 00:25:00[0m	
[0m# Confusion Matrix[0m	
[0m: average row correct: 50.683822468071%[0m	
[0m: average rowUcol correct (VOC measure): 33.987666098493%[0m	
[0m: > global correct: 50.568244663201%[0m	
[0m
# ... test model[0m	
[0m: 0% done [0m	[0m00:02:20 left[0m	
[0m: 5% done [0m	[0m00:02:03 left[0m	
[0m: 10% done [0m	[0m00:02:18 left[0m	
[0m: 15% done [0m	[0m00:02:15 left[0m	
[0m: 20% done [0m	[0m00:02:09 left[0m	
[0m: 25% done [0m	[0m00:02:01 left[0m	
[0m: 30% done [0m	[0m00:01:52 left[0m	
[0m: 35% done [0m	[0m00:01:44 left[0m	
[0m: 40% done [0m	[0m00:01:36 left[0m	
[0m: 45% done [0m	[0m00:01:28 left[0m	
[0m: 50% done [0m	[0m00:01:20 left[0m	
[0m: 55% done [0m	[0m00:01:11 left[0m	
[0m: 60% done [0m	[0m00:01:04 left[0m	
[0m: 65% done [0m	[0m00:00:56 left[0m	
[0m: 70% done [0m	[0m00:00:48 left[0m	
[0m: 75% done [0m	[0m00:00:40 left[0m	
[0m: 80% done [0m	[0m00:00:32 left[0m	
[0m: 85% done [0m	[0m00:00:24 left[0m	
[0m: 90% done [0m	[0m00:00:16 left[0m	
[0m: 95% done [0m	[0m00:00:08 left[0m	
[0m: 100% done [0m	[0m00:00:00 left[0m	
[0m: Time to test all samples = 00:02:38[0m	
[0m# Confusion Matrix[0m	
[0m: average row correct: 20.78128402066%[0m	
[0m: average rowUcol correct (VOC measure): 11.576826276147%[0m	
[0m: > global correct: 20.664206642066%[0m	
[0m# ... saving model to ./sk5bis/model.net[0m	
[0m: tac = 2.5544669628143 sec[0m	
[0m# ... saving optimfunc.state to ./sk5bis/optim.state[0m	
[0m: tac = 3.5616610050201 sec[0m	
[0m# ... saving optimfunc.method to ./sk5bis/optim.method[0m	
[0m: tac = 3.6132338047028 sec[0m	
[0m
#####################[0m	
[0m# Epoch n° 5[0m	
[0m
# ... train model[0m	
[0m.:. Batch 1 to 128 on 72328 images[0m	
[0m: 1% done[0m	[0m00:23:03 left[0m	
[0m.:. Batch 3201 to 3328 on 72328 images[0m	
[0m: 6% done[0m	[0m00:24:05 left[0m	
[0m.:. Batch 6785 to 6912 on 72328 images[0m	
[0m: 11% done[0m	[0m00:22:56 left[0m	
[0m.:. Batch 10497 to 10624 on 72328 images[0m	
[0m: 16% done[0m	[0m00:21:53 left[0m	
[0m.:. Batch 14081 to 14208 on 72328 images[0m	
[0m: 21% done[0m	[0m00:20:35 left[0m	
[0m.:. Batch 17665 to 17792 on 72328 images[0m	
[0m: 26% done[0m	[0m00:19:07 left[0m	
[0m.:. Batch 21249 to 21376 on 72328 images[0m	
[0m: 31% done[0m	[0m00:17:32 left[0m	
[0m.:. Batch 24961 to 25088 on 72328 images[0m	
[0m: 36% done[0m	[0m00:16:04 left[0m	
[0m.:. Batch 28545 to 28672 on 72328 images[0m	
[0m: 41% done[0m	[0m00:15:03 left[0m	
[0m.:. Batch 32129 to 32256 on 72328 images[0m	
[0m: 46% done[0m	[0m00:13:48 left[0m	
[0m.:. Batch 35841 to 35968 on 72328 images[0m	
[0m: 51% done[0m	[0m00:12:33 left[0m	
[0m.:. Batch 39425 to 39552 on 72328 images[0m	
[0m: 56% done[0m	[0m00:11:12 left[0m	
[0m.:. Batch 43009 to 43136 on 72328 images[0m	
[0m: 61% done[0m	[0m00:09:57 left[0m	
[0m.:. Batch 46721 to 46848 on 72328 images[0m	
[0m: 66% done[0m	[0m00:08:42 left[0m	
[0m.:. Batch 50305 to 50432 on 72328 images[0m	
[0m: 71% done[0m	[0m00:07:25 left[0m	
[0m.:. Batch 53889 to 54016 on 72328 images[0m	
[0m: 76% done[0m	[0m00:06:09 left[0m	
[0m.:. Batch 57473 to 57600 on 72328 images[0m	
[0m: 81% done[0m	[0m00:04:53 left[0m	
[0m.:. Batch 61185 to 61312 on 72328 images[0m	
[0m: 86% done[0m	[0m00:03:38 left[0m	
[0m.:. Batch 64769 to 64896 on 72328 images[0m	
[0m: 91% done[0m	[0m00:02:20 left[0m	
[0m.:. Batch 68353 to 68480 on 72328 images[0m	
[0m: 96% done[0m	[0m00:01:05 left[0m	
[0m.:. Batch 72065 to 72192 on 72328 images[0m	
[0m.:. End of Epoch n° 5[0m	
[0m: Real time to learn 1 batch = 00:00:02[0m	
[0m: Real time to learn full batch = 00:25:29[0m	
[0m# Confusion Matrix[0m	
[0m: average row correct: 50.589835297058%[0m	
[0m: average rowUcol correct (VOC measure): 33.919832032948%[0m	
[0m: > global correct: 50.479758876231%[0m	
[0m
# ... test model[0m	
[0m: 0% done [0m	[0m00:01:55 left[0m	
[0m: 5% done [0m	[0m00:02:06 left[0m	
[0m: 10% done [0m	[0m00:02:10 left[0m	
[0m: 15% done [0m	[0m00:02:08 left[0m	
[0m: 20% done [0m	[0m00:02:04 left[0m	
[0m: 25% done [0m	[0m00:01:59 left[0m	
[0m: 30% done [0m	[0m00:01:51 left[0m	
[0m: 35% done [0m	[0m00:01:43 left[0m	
[0m: 40% done [0m	[0m00:01:36 left[0m	
[0m: 45% done [0m	[0m00:01:28 left[0m	
[0m: 50% done [0m	[0m00:01:21 left[0m	
[0m: 55% done [0m	[0m00:01:13 left[0m	
[0m: 60% done [0m	[0m00:01:04 left[0m	
[0m: 65% done [0m	[0m00:00:56 left[0m	
[0m: 70% done [0m	[0m00:00:49 left[0m	
[0m: 75% done [0m	[0m00:00:41 left[0m	
[0m: 80% done [0m	[0m00:00:33 left[0m	
[0m: 85% done [0m	[0m00:00:25 left[0m	
[0m: 90% done [0m	[0m00:00:16 left[0m	
[0m: 95% done [0m	[0m00:00:08 left[0m	
[0m: 100% done [0m	[0m00:00:00 left[0m	
[0m: Time to test all samples = 00:02:41[0m	
[0m# Confusion Matrix[0m	
[0m: average row correct: 20.796556552725%[0m	
[0m: average rowUcol correct (VOC measure): 11.573850268978%[0m	
[0m: > global correct: 20.680729195352%[0m	
[0m# ... saving model to ./sk5bis/model.net[0m	
[0m: tac = 2.4493458271027 sec[0m	
[0m# ... saving optimfunc.state to ./sk5bis/optim.state[0m	
[0m: tac = 3.6066138744354 sec[0m	
[0m# ... saving optimfunc.method to ./sk5bis/optim.method[0m	
[0m: tac = 3.6601068973541 sec[0m	
[0m
#####################[0m	
[0m# Epoch n° 6[0m	
[0m
# ... train model[0m	
[0m.:. Batch 1 to 128 on 72328 images[0m	
[0m: 1% done[0m	[0m00:23:43 left[0m	
[0m.:. Batch 3201 to 3328 on 72328 images[0m	
[0m: 6% done[0m	[0m00:24:04 left[0m	
[0m.:. Batch 6785 to 6912 on 72328 images[0m	
[0m: 11% done[0m	[0m00:25:55 left[0m	
[0m.:. Batch 10497 to 10624 on 72328 images[0m	
[0m: 16% done[0m	[0m00:23:39 left[0m	
[0m.:. Batch 14081 to 14208 on 72328 images[0m	
[0m: 21% done[0m	[0m00:21:47 left[0m	
[0m.:. Batch 17665 to 17792 on 72328 images[0m	
[0m: 26% done[0m	[0m00:20:10 left[0m	
[0m.:. Batch 21249 to 21376 on 72328 images[0m	
[0m: 31% done[0m	[0m00:18:33 left[0m	
[0m.:. Batch 24961 to 25088 on 72328 images[0m	
[0m: 36% done[0m	[0m00:16:48 left[0m	
[0m.:. Batch 28545 to 28672 on 72328 images[0m	
[0m: 41% done[0m	[0m00:15:11 left[0m	
[0m.:. Batch 32129 to 32256 on 72328 images[0m	
[0m: 46% done[0m	[0m00:14:00 left[0m	
[0m.:. Batch 35841 to 35968 on 72328 images[0m	
[0m: 51% done[0m	[0m00:12:42 left[0m	
[0m.:. Batch 39425 to 39552 on 72328 images[0m	
[0m: 56% done[0m	[0m00:11:24 left[0m	
[0m.:. Batch 43009 to 43136 on 72328 images[0m	
[0m: 61% done[0m	[0m00:10:07 left[0m	
[0m.:. Batch 46721 to 46848 on 72328 images[0m	
[0m: 66% done[0m	[0m00:08:50 left[0m	
[0m.:. Batch 50305 to 50432 on 72328 images[0m	
[0m: 71% done[0m	[0m00:07:31 left[0m	
[0m.:. Batch 53889 to 54016 on 72328 images[0m	
[0m: 76% done[0m	[0m00:06:15 left[0m	
[0m.:. Batch 57473 to 57600 on 72328 images[0m	
[0m: 81% done[0m	[0m00:04:58 left[0m	
[0m.:. Batch 61185 to 61312 on 72328 images[0m	
[0m: 86% done[0m	[0m00:03:41 left[0m	
[0m.:. Batch 64769 to 64896 on 72328 images[0m	
[0m: 91% done[0m	[0m00:02:22 left[0m	
[0m.:. Batch 68353 to 68480 on 72328 images[0m	
[0m: 96% done[0m	[0m00:01:05 left[0m	
[0m.:. Batch 72065 to 72192 on 72328 images[0m	
[0m.:. End of Epoch n° 6[0m	
[0m: Real time to learn 1 batch = 00:00:02[0m	
[0m: Real time to learn full batch = 00:25:47[0m	
[0m# Confusion Matrix[0m	
[0m: average row correct: 50.93738290638%[0m	
[0m: average rowUcol correct (VOC measure): 34.1855476804%[0m	
[0m: > global correct: 50.808815396527%[0m	
[0m
# ... test model[0m	
[0m: 0% done [0m	[0m00:02:17 left[0m	
[0m: 5% done [0m	[0m00:02:01 left[0m	
[0m: 10% done [0m	[0m00:02:05 left[0m	
[0m: 15% done [0m	[0m00:02:02 left[0m	
[0m: 20% done [0m	[0m00:01:56 left[0m	
[0m: 25% done [0m	[0m00:01:51 left[0m	
[0m: 30% done [0m	[0m00:01:44 left[0m	
[0m: 35% done [0m	[0m00:01:37 left[0m	
[0m: 40% done [0m	[0m00:01:30 left[0m	
[0m: 45% done [0m	[0m00:01:23 left[0m	
[0m: 50% done [0m	[0m00:01:15 left[0m	
[0m: 55% done [0m	[0m00:01:08 left[0m	
[0m: 60% done [0m	[0m00:01:01 left[0m	
[0m: 65% done [0m	[0m00:00:53 left[0m	
[0m: 70% done [0m	[0m00:00:46 left[0m	
[0m: 75% done [0m	[0m00:00:38 left[0m	
[0m: 80% done [0m	[0m00:00:31 left[0m	
[0m: 85% done [0m	[0m00:00:23 left[0m	
[0m: 90% done [0m	[0m00:00:15 left[0m	
[0m: 95% done [0m	[0m00:00:08 left[0m	
[0m: 100% done [0m	[0m00:00:00 left[0m	
[0m: Time to test all samples = 00:02:33[0m	
[0m# Confusion Matrix[0m	
[0m: average row correct: 20.827398651584%[0m	
[0m: average rowUcol correct (VOC measure): 11.594189671652%[0m	
[0m: > global correct: 20.713774301922%[0m	
[0m# ... saving model to ./sk5bis/model.net[0m	
[0m: tac = 2.4982831478119 sec[0m	
[0m# ... saving optimfunc.state to ./sk5bis/optim.state[0m	
[0m: tac = 3.4960660934448 sec[0m	
[0m# ... saving optimfunc.method to ./sk5bis/optim.method[0m	
[0m: tac = 3.5480229854584 sec[0m	
[0m
#####################[0m	
[0m# Epoch n° 7[0m	
[0m
# ... train model[0m	
[0m.:. Batch 1 to 128 on 72328 images[0m	
[0m: 1% done[0m	[0m00:24:07 left[0m	
[0m.:. Batch 3201 to 3328 on 72328 images[0m	
[0m: 6% done[0m	[0m00:24:02 left[0m	
[0m.:. Batch 6785 to 6912 on 72328 images[0m	
[0m: 11% done[0m	[0m00:22:47 left[0m	
[0m.:. Batch 10497 to 10624 on 72328 images[0m	
[0m: 16% done[0m	[0m00:21:33 left[0m	
[0m.:. Batch 14081 to 14208 on 72328 images[0m	
[0m: 21% done[0m	[0m00:20:17 left[0m	
[0m.:. Batch 17665 to 17792 on 72328 images[0m	
[0m: 26% done[0m	[0m00:19:03 left[0m	
[0m.:. Batch 21249 to 21376 on 72328 images[0m	
[0m: 31% done[0m	[0m00:17:47 left[0m	
[0m.:. Batch 24961 to 25088 on 72328 images[0m	
[0m: 36% done[0m	[0m00:16:28 left[0m	
[0m.:. Batch 28545 to 28672 on 72328 images[0m	
[0m: 41% done[0m	[0m00:14:56 left[0m	
[0m.:. Batch 32129 to 32256 on 72328 images[0m	
[0m: 46% done[0m	[0m00:13:28 left[0m	
[0m.:. Batch 35841 to 35968 on 72328 images[0m	
[0m: 51% done[0m	[0m00:12:21 left[0m	
[0m.:. Batch 39425 to 39552 on 72328 images[0m	
[0m: 56% done[0m	[0m00:11:06 left[0m	
[0m.:. Batch 43009 to 43136 on 72328 images[0m	
[0m: 61% done[0m	[0m00:09:53 left[0m	
[0m.:. Batch 46721 to 46848 on 72328 images[0m	
[0m: 66% done[0m	[0m00:08:39 left[0m	
[0m.:. Batch 50305 to 50432 on 72328 images[0m	
[0m: 71% done[0m	[0m00:07:22 left[0m	
[0m.:. Batch 53889 to 54016 on 72328 images[0m	
[0m: 76% done[0m	[0m00:06:07 left[0m	
[0m.:. Batch 57473 to 57600 on 72328 images[0m	
[0m: 81% done[0m	[0m00:04:53 left[0m	
[0m.:. Batch 61185 to 61312 on 72328 images[0m	
[0m: 86% done[0m	[0m00:03:38 left[0m	
[0m.:. Batch 64769 to 64896 on 72328 images[0m	
[0m: 91% done[0m	[0m00:02:20 left[0m	
[0m.:. Batch 68353 to 68480 on 72328 images[0m	
[0m: 96% done[0m	[0m00:01:04 left[0m	
[0m.:. Batch 72065 to 72192 on 72328 images[0m	
[0m.:. End of Epoch n° 7[0m	
[0m: Real time to learn 1 batch = 00:00:02[0m	
[0m: Real time to learn full batch = 00:25:17[0m	
[0m# Confusion Matrix[0m	
[0m: average row correct: 51.150478123881%[0m	
[0m: average rowUcol correct (VOC measure): 34.406406284854%[0m	
[0m: > global correct: 51.03694281606%[0m	
[0m
# ... test model[0m	
[0m: 0% done [0m	[0m00:02:27 left[0m	
[0m: 5% done [0m	[0m00:02:04 left[0m	
[0m: 10% done [0m	[0m00:02:10 left[0m	
[0m: 15% done [0m	[0m00:02:10 left[0m	
[0m: 20% done [0m	[0m00:02:05 left[0m	
[0m: 25% done [0m	[0m00:01:59 left[0m	
[0m: 30% done [0m	[0m00:01:51 left[0m	
[0m: 35% done [0m	[0m00:01:43 left[0m	
[0m: 40% done [0m	[0m00:01:36 left[0m	
[0m: 45% done [0m	[0m00:01:28 left[0m	
[0m: 50% done [0m	[0m00:01:20 left[0m	
[0m: 55% done [0m	[0m00:01:12 left[0m	
[0m: 60% done [0m	[0m00:01:04 left[0m	
[0m: 65% done [0m	[0m00:00:56 left[0m	
[0m: 70% done [0m	[0m00:00:48 left[0m	
[0m: 75% done [0m	[0m00:00:40 left[0m	
[0m: 80% done [0m	[0m00:00:32 left[0m	
[0m: 85% done [0m	[0m00:00:24 left[0m	
[0m: 90% done [0m	[0m00:00:16 left[0m	
[0m: 95% done [0m	[0m00:00:08 left[0m	
[0m: 100% done [0m	[0m00:00:00 left[0m	
[0m: Time to test all samples = 00:02:40[0m	
[0m# Confusion Matrix[0m	
[0m: average row correct: 20.87053547724%[0m	
[0m: average rowUcol correct (VOC measure): 11.6149558635%[0m	
[0m: > global correct: 20.757834444016%[0m	
[0m# ... saving model to ./sk5bis/model.net[0m	
[0m: tac = 2.4601829051971 sec[0m	
[0m# ... saving optimfunc.state to ./sk5bis/optim.state[0m	
[0m: tac = 3.4423809051514 sec[0m	
[0m# ... saving optimfunc.method to ./sk5bis/optim.method[0m	
[0m: tac = 3.494039773941 sec[0m	
[0m
#####################[0m	
[0m# Epoch n° 8[0m	
[0m
# ... train model[0m	
[0m.:. Batch 1 to 128 on 72328 images[0m	
[0m: 1% done[0m	[0m00:23:31 left[0m	
[0m.:. Batch 3201 to 3328 on 72328 images[0m	
[0m: 6% done[0m	[0m00:36:34 left[0m	
[0m.:. Batch 6785 to 6912 on 72328 images[0m	
[0m: 11% done[0m	[0m00:30:45 left[0m	
[0m.:. Batch 10497 to 10624 on 72328 images[0m	
[0m: 16% done[0m	[0m00:26:45 left[0m	
[0m.:. Batch 14081 to 14208 on 72328 images[0m	
[0m: 21% done[0m	[0m00:23:54 left[0m	
[0m.:. Batch 17665 to 17792 on 72328 images[0m	
[0m: 26% done[0m	[0m00:21:44 left[0m	
[0m.:. Batch 21249 to 21376 on 72328 images[0m	
[0m: 31% done[0m	[0m00:21:50 left[0m	
[0m.:. Batch 24961 to 25088 on 72328 images[0m	
[0m: 36% done[0m	[0m00:20:29 left[0m	
[0m.:. Batch 28545 to 28672 on 72328 images[0m	
[0m: 41% done[0m	[0m00:18:20 left[0m	
[0m.:. Batch 32129 to 32256 on 72328 images[0m	
[0m: 46% done[0m	[0m00:16:19 left[0m	
[0m.:. Batch 35841 to 35968 on 72328 images[0m	
[0m: 51% done[0m	[0m00:14:26 left[0m	
[0m.:. Batch 39425 to 39552 on 72328 images[0m	
[0m: 56% done[0m	[0m00:13:15 left[0m	
[0m.:. Batch 43009 to 43136 on 72328 images[0m	
[0m: 61% done[0m	[0m00:11:34 left[0m	
[0m.:. Batch 46721 to 46848 on 72328 images[0m	
[0m: 66% done[0m	[0m00:10:01 left[0m	
[0m.:. Batch 50305 to 50432 on 72328 images[0m	
[0m: 71% done[0m	[0m00:08:25 left[0m	
[0m.:. Batch 53889 to 54016 on 72328 images[0m	
[0m: 76% done[0m	[0m00:06:55 left[0m	
[0m.:. Batch 57473 to 57600 on 72328 images[0m	
[0m: 81% done[0m	[0m00:05:25 left[0m	
[0m.:. Batch 61185 to 61312 on 72328 images[0m	
[0m: 86% done[0m	[0m00:03:59 left[0m	
[0m.:. Batch 64769 to 64896 on 72328 images[0m	
[0m: 91% done[0m	[0m00:02:32 left[0m	
[0m.:. Batch 68353 to 68480 on 72328 images[0m	
[0m: 96% done[0m	[0m00:01:10 left[0m	
[0m.:. Batch 72065 to 72192 on 72328 images[0m	
[0m.:. End of Epoch n° 8[0m	
[0m: Real time to learn 1 batch = 00:00:02[0m	
[0m: Real time to learn full batch = 00:27:13[0m	
[0m# Confusion Matrix[0m	
[0m: average row correct: 51.27766937165%[0m	
[0m: average rowUcol correct (VOC measure): 34.498150676194%[0m	
[0m: > global correct: 51.159993363566%[0m	
[0m
# ... test model[0m	
[0m: 0% done [0m	[0m00:02:19 left[0m	
[0m: 5% done [0m	[0m00:02:11 left[0m	
[0m: 10% done [0m	[0m00:02:20 left[0m	
[0m: 15% done [0m	[0m00:02:16 left[0m	
[0m: 20% done [0m	[0m00:02:06 left[0m	
[0m: 25% done [0m	[0m00:02:01 left[0m	
[0m: 30% done [0m	[0m00:01:52 left[0m	
[0m: 35% done [0m	[0m00:01:44 left[0m	
[0m: 40% done [0m	[0m00:01:35 left[0m	
[0m: 45% done [0m	[0m00:01:27 left[0m	
[0m: 50% done [0m	[0m00:01:19 left[0m	
[0m: 55% done [0m	[0m00:01:11 left[0m	
[0m: 60% done [0m	[0m00:01:03 left[0m	
[0m: 65% done [0m	[0m00:00:56 left[0m	
[0m: 70% done [0m	[0m00:00:48 left[0m	
[0m: 75% done [0m	[0m00:00:40 left[0m	
[0m: 80% done [0m	[0m00:00:32 left[0m	
[0m: 85% done [0m	[0m00:00:24 left[0m	
[0m: 90% done [0m	[0m00:00:16 left[0m	
[0m: 95% done [0m	[0m00:00:08 left[0m	
[0m: 100% done [0m	[0m00:00:00 left[0m	
[0m: Time to test all samples = 00:02:38[0m	
[0m# Confusion Matrix[0m	
[0m: average row correct: 20.925814141565%[0m	
[0m: average rowUcol correct (VOC measure): 11.648546440969%[0m	
[0m: > global correct: 20.812909621634%[0m	
[0m# ... saving model to ./sk5bis/model.net[0m	
[0m: tac = 2.560427904129 sec[0m	
[0m# ... saving optimfunc.state to ./sk5bis/optim.state[0m	
[0m: tac = 3.6737098693848 sec[0m	
[0m# ... saving optimfunc.method to ./sk5bis/optim.method[0m	
[0m: tac = 3.7259039878845 sec[0m	
[0m
#####################[0m	
[0m# Epoch n° 9[0m	
[0m
# ... train model[0m	
[0m.:. Batch 1 to 128 on 72328 images[0m	
[0m: 1% done[0m	[0m00:23:47 left[0m	
[0m.:. Batch 3201 to 3328 on 72328 images[0m	
[0m: 6% done[0m	[0m00:23:16 left[0m	
[0m.:. Batch 6785 to 6912 on 72328 images[0m	
[0m: 11% done[0m	[0m00:20:53 left[0m	
[0m.:. Batch 10497 to 10624 on 72328 images[0m	
[0m: 16% done[0m	[0m00:19:13 left[0m	
[0m.:. Batch 14081 to 14208 on 72328 images[0m	
[0m: 21% done[0m	[0m00:17:58 left[0m	
[0m.:. Batch 17665 to 17792 on 72328 images[0m	
[0m: 26% done[0m	[0m00:16:55 left[0m	
[0m.:. Batch 21249 to 21376 on 72328 images[0m	
[0m: 31% done[0m	[0m00:15:56 left[0m	
[0m.:. Batch 24961 to 25088 on 72328 images[0m	
[0m: 36% done[0m	[0m00:14:47 left[0m	
[0m.:. Batch 28545 to 28672 on 72328 images[0m	
[0m: 41% done[0m	[0m00:13:43 left[0m	
[0m.:. Batch 32129 to 32256 on 72328 images[0m	
[0m: 46% done[0m	[0m00:12:30 left[0m	
[0m.:. Batch 35841 to 35968 on 72328 images[0m	
[0m: 51% done[0m	[0m00:11:29 left[0m	
[0m.:. Batch 39425 to 39552 on 72328 images[0m	
[0m: 56% done[0m	[0m00:10:17 left[0m	
[0m.:. Batch 43009 to 43136 on 72328 images[0m	
[0m: 61% done[0m	[0m00:09:08 left[0m	
[0m.:. Batch 46721 to 46848 on 72328 images[0m	
[0m: 66% done[0m	[0m00:08:14 left[0m	
[0m.:. Batch 50305 to 50432 on 72328 images[0m	
[0m: 71% done[0m	[0m00:07:01 left[0m	
[0m.:. Batch 53889 to 54016 on 72328 images[0m	
[0m: 76% done[0m	[0m00:05:49 left[0m	
[0m.:. Batch 57473 to 57600 on 72328 images[0m	
[0m: 81% done[0m	[0m00:04:38 left[0m	
[0m.:. Batch 61185 to 61312 on 72328 images[0m	
[0m: 86% done[0m	[0m00:03:27 left[0m	
[0m.:. Batch 64769 to 64896 on 72328 images[0m	
[0m: 91% done[0m	[0m00:02:13 left[0m	
[0m.:. Batch 68353 to 68480 on 72328 images[0m	
[0m: 96% done[0m	[0m00:01:02 left[0m	
[0m.:. Batch 72065 to 72192 on 72328 images[0m	
[0m.:. End of Epoch n° 9[0m	
[0m: Real time to learn 1 batch = 00:00:02[0m	
[0m: Real time to learn full batch = 00:24:20[0m	
[0m# Confusion Matrix[0m	
[0m: average row correct: 51.435960744425%[0m	
[0m: average rowUcol correct (VOC measure): 34.631486793998%[0m	
[0m: > global correct: 51.314843490764%[0m	
[0m
# ... test model[0m	
[0m: 0% done [0m	[0m00:02:23 left[0m	
[0m: 5% done [0m	[0m00:01:58 left[0m	
[0m: 10% done [0m	[0m00:02:04 left[0m	
[0m: 15% done [0m	[0m00:01:59 left[0m	
[0m: 20% done [0m	[0m00:01:53 left[0m	
[0m: 25% done [0m	[0m00:01:51 left[0m	
[0m: 30% done [0m	[0m00:01:46 left[0m	
[0m: 35% done [0m	[0m00:01:39 left[0m	
[0m: 40% done [0m	[0m00:01:32 left[0m	
[0m: 45% done [0m	[0m00:01:25 left[0m	
[0m: 50% done [0m	[0m00:01:18 left[0m	
[0m: 55% done [0m	[0m00:01:10 left[0m	
[0m: 60% done [0m	[0m00:01:03 left[0m	
[0m: 65% done [0m	[0m00:00:55 left[0m	
[0m: 70% done [0m	[0m00:00:48 left[0m	
[0m: 75% done [0m	[0m00:00:40 left[0m	
[0m: 80% done [0m	[0m00:00:32 left[0m	
[0m: 85% done [0m	[0m00:00:24 left[0m	
[0m: 90% done [0m	[0m00:00:16 left[0m	
[0m: 95% done [0m	[0m00:00:08 left[0m	
[0m: 100% done [0m	[0m00:00:00 left[0m	
[0m: Time to test all samples = 00:02:41[0m	
[0m# Confusion Matrix[0m	
[0m: average row correct: 20.96250885406%[0m	
[0m: average rowUcol correct (VOC measure): 11.672159709903%[0m	
[0m: > global correct: 20.851462245966%[0m	
[0m# ... saving model to ./sk5bis/model.net[0m	
[0m: tac = 2.427619934082 sec[0m	
[0m# ... saving optimfunc.state to ./sk5bis/optim.state[0m	
[0m: tac = 3.4609699249268 sec[0m	
[0m# ... saving optimfunc.method to ./sk5bis/optim.method[0m	
[0m: tac = 3.515303850174 sec[0m	
[0m
#####################[0m	
[0m# Epoch n° 10[0m	
[0m
# ... train model[0m	
[0m.:. Batch 1 to 128 on 72328 images[0m	
[0m: 1% done[0m	[0m00:17:54 left[0m	
[0m.:. Batch 3201 to 3328 on 72328 images[0m	
[0m: 6% done[0m	[0m00:20:52 left[0m	
[0m.:. Batch 6785 to 6912 on 72328 images[0m	
[0m: 11% done[0m	[0m00:20:27 left[0m	
[0m.:. Batch 10497 to 10624 on 72328 images[0m	
[0m: 16% done[0m	[0m00:19:41 left[0m	
[0m.:. Batch 14081 to 14208 on 72328 images[0m	
[0m: 21% done[0m	[0m00:18:44 left[0m	
[0m.:. Batch 17665 to 17792 on 72328 images[0m	
[0m: 26% done[0m	[0m00:17:52 left[0m	
[0m.:. Batch 21249 to 21376 on 72328 images[0m	
[0m: 31% done[0m	[0m00:16:52 left[0m	
[0m.:. Batch 24961 to 25088 on 72328 images[0m	
[0m: 36% done[0m	[0m00:15:32 left[0m	
[0m.:. Batch 28545 to 28672 on 72328 images[0m	
[0m: 41% done[0m	[0m00:14:07 left[0m	
[0m.:. Batch 32129 to 32256 on 72328 images[0m	
[0m: 46% done[0m	[0m00:13:01 left[0m	
[0m.:. Batch 35841 to 35968 on 72328 images[0m	
[0m: 51% done[0m	[0m00:11:49 left[0m	
[0m.:. Batch 39425 to 39552 on 72328 images[0m	
[0m: 56% done[0m	[0m00:10:29 left[0m	
[0m.:. Batch 43009 to 43136 on 72328 images[0m	
[0m: 61% done[0m	[0m00:09:16 left[0m	
[0m.:. Batch 46721 to 46848 on 72328 images[0m	
[0m: 66% done[0m	[0m00:08:04 left[0m	
[0m.:. Batch 50305 to 50432 on 72328 images[0m	
[0m: 71% done[0m	[0m00:06:50 left[0m	
[0m.:. Batch 53889 to 54016 on 72328 images[0m	
[0m: 76% done[0m	[0m00:05:46 left[0m	
[0m.:. Batch 57473 to 57600 on 72328 images[0m	
[0m: 81% done[0m	[0m00:04:36 left[0m	
[0m.:. Batch 61185 to 61312 on 72328 images[0m	
[0m: 86% done[0m	[0m00:03:26 left[0m	
[0m.:. Batch 64769 to 64896 on 72328 images[0m	
[0m: 91% done[0m	[0m00:02:13 left[0m	
[0m.:. Batch 68353 to 68480 on 72328 images[0m	
[0m: 96% done[0m	[0m00:01:01 left[0m	
[0m.:. Batch 72065 to 72192 on 72328 images[0m	
[0m.:. End of Epoch n° 10[0m	
[0m: Real time to learn 1 batch = 00:00:02[0m	
[0m: Real time to learn full batch = 00:23:59[0m	
[0m# Confusion Matrix[0m	
[0m: average row correct: 51.61848096638%[0m	
[0m: average rowUcol correct (VOC measure): 34.820897231745%[0m	
[0m: > global correct: 51.512553921026%[0m	
[0m
# ... test model[0m	
[0m: 0% done [0m	[0m00:02:47 left[0m	
[0m: 5% done [0m	[0m00:02:02 left[0m	
[0m: 10% done [0m	[0m00:02:05 left[0m	
[0m: 15% done [0m	[0m00:02:02 left[0m	
[0m: 20% done [0m	[0m00:01:56 left[0m	
[0m: 25% done [0m	[0m00:01:53 left[0m	
[0m: 30% done [0m	[0m00:01:46 left[0m	
[0m: 35% done [0m	[0m00:01:40 left[0m	
[0m: 40% done [0m	[0m00:01:32 left[0m	
[0m: 45% done [0m	[0m00:01:25 left[0m	
[0m: 50% done [0m	[0m00:01:20 left[0m	
[0m: 55% done [0m	[0m00:01:15 left[0m	
[0m: 60% done [0m	[0m00:01:07 left[0m	
[0m: 65% done [0m	[0m00:00:58 left[0m	
[0m: 70% done [0m	[0m00:00:50 left[0m	
[0m: 75% done [0m	[0m00:00:41 left[0m	
[0m: 80% done [0m	[0m00:00:33 left[0m	
[0m: 85% done [0m	[0m00:00:25 left[0m	
[0m: 90% done [0m	[0m00:00:17 left[0m	
[0m: 95% done [0m	[0m00:00:08 left[0m	
[0m: 100% done [0m	[0m00:00:00 left[0m	
[0m: Time to test all samples = 00:02:42[0m	
[0m# Confusion Matrix[0m	
[0m: average row correct: 20.995461562243%[0m	
[0m: average rowUcol correct (VOC measure): 11.685967192257%[0m	
[0m: > global correct: 20.884507352536%[0m	
[0m# ... saving model to ./sk5bis/model.net[0m	
[0m: tac = 2.5912330150604 sec[0m	
[0m# ... saving optimfunc.state to ./sk5bis/optim.state[0m	
[0m: tac = 3.5926430225372 sec[0m	
[0m# ... saving optimfunc.method to ./sk5bis/optim.method[0m	
[0m: tac = 3.6435279846191 sec[0m	
[0m
#####################[0m	
[0m# Epoch n° 11[0m	
[0m
# ... train model[0m	
[0m.:. Batch 1 to 128 on 72328 images[0m	
[0m: 1% done[0m	[0m00:24:04 left[0m	
[0m.:. Batch 3201 to 3328 on 72328 images[0m	
[0m: 6% done[0m	[0m00:23:57 left[0m	
[0m.:. Batch 6785 to 6912 on 72328 images[0m	
[0m: 11% done[0m	[0m00:22:53 left[0m	
[0m.:. Batch 10497 to 10624 on 72328 images[0m	
[0m: 16% done[0m	[0m00:22:11 left[0m	
[0m.:. Batch 14081 to 14208 on 72328 images[0m	
[0m: 21% done[0m	[0m00:20:13 left[0m	
[0m.:. Batch 17665 to 17792 on 72328 images[0m	
[0m: 26% done[0m	[0m00:18:45 left[0m	
[0m.:. Batch 21249 to 21376 on 72328 images[0m	
[0m: 31% done[0m	[0m00:17:34 left[0m	
[0m.:. Batch 24961 to 25088 on 72328 images[0m	
[0m: 36% done[0m	[0m00:16:21 left[0m	
[0m.:. Batch 28545 to 28672 on 72328 images[0m	
[0m: 41% done[0m	[0m00:14:54 left[0m	
[0m.:. Batch 32129 to 32256 on 72328 images[0m	
[0m: 46% done[0m	[0m00:13:33 left[0m	
[0m.:. Batch 35841 to 35968 on 72328 images[0m	
[0m: 51% done[0m	[0m00:12:11 left[0m	
[0m.:. Batch 39425 to 39552 on 72328 images[0m	
[0m: 56% done[0m	[0m00:10:57 left[0m	
[0m.:. Batch 43009 to 43136 on 72328 images[0m	
[0m: 61% done[0m	[0m00:09:45 left[0m	
[0m.:. Batch 46721 to 46848 on 72328 images[0m	
[0m: 66% done[0m	[0m00:08:30 left[0m	
[0m.:. Batch 50305 to 50432 on 72328 images[0m	
[0m: 71% done[0m	[0m00:07:10 left[0m	
[0m.:. Batch 53889 to 54016 on 72328 images[0m	
[0m: 76% done[0m	[0m00:05:55 left[0m	
[0m.:. Batch 57473 to 57600 on 72328 images[0m	
[0m: 81% done[0m	[0m00:04:44 left[0m	
[0m.:. Batch 61185 to 61312 on 72328 images[0m	
[0m: 86% done[0m	[0m00:03:31 left[0m	
[0m.:. Batch 64769 to 64896 on 72328 images[0m	
[0m: 91% done[0m	[0m00:02:15 left[0m	
[0m.:. Batch 68353 to 68480 on 72328 images[0m	
[0m: 96% done[0m	[0m00:01:02 left[0m	
[0m.:. Batch 72065 to 72192 on 72328 images[0m	
[0m.:. End of Epoch n° 11[0m	
[0m: Real time to learn 1 batch = 00:00:02[0m	
[0m: Real time to learn full batch = 00:24:38[0m	
[0m# Confusion Matrix[0m	
[0m: average row correct: 51.824279911447%[0m	
[0m: average rowUcol correct (VOC measure): 34.996769724801%[0m	
[0m: > global correct: 51.700586218339%[0m	
[0m
# ... test model[0m	
[0m: 0% done [0m	[0m00:02:39 left[0m	
[0m: 5% done [0m	[0m00:01:56 left[0m	
[0m: 10% done [0m	[0m00:02:01 left[0m	
[0m: 15% done [0m	[0m00:01:57 left[0m	
[0m: 20% done [0m	[0m00:01:52 left[0m	
[0m: 25% done [0m	[0m00:01:45 left[0m	
[0m: 30% done [0m	[0m00:01:37 left[0m	
[0m: 35% done [0m	[0m00:01:30 left[0m	
[0m: 40% done [0m	[0m00:01:23 left[0m	
[0m: 45% done [0m	[0m00:01:16 left[0m	
[0m: 50% done [0m	[0m00:01:09 left[0m	
[0m: 55% done [0m	[0m00:01:03 left[0m	
[0m: 60% done [0m	[0m00:00:56 left[0m	
[0m: 65% done [0m	[0m00:00:50 left[0m	
[0m: 70% done [0m	[0m00:00:43 left[0m	
[0m: 75% done [0m	[0m00:00:36 left[0m	
[0m: 80% done [0m	[0m00:00:29 left[0m	
[0m: 85% done [0m	[0m00:00:22 left[0m	
[0m: 90% done [0m	[0m00:00:15 left[0m	
[0m: 95% done [0m	[0m00:00:08 left[0m	
[0m: 100% done [0m	[0m00:00:00 left[0m	
[0m: Time to test all samples = 00:02:27[0m	
[0m# Confusion Matrix[0m	
[0m: average row correct: 21.057037951535%[0m	
[0m: average rowUcol correct (VOC measure): 11.729080482192%[0m	
[0m: > global correct: 20.945090047915%[0m	
[0m# ... saving model to ./sk5bis/model.net[0m	
[0m: tac = 2.3847708702087 sec[0m	
[0m# ... saving optimfunc.state to ./sk5bis/optim.state[0m	
[0m: tac = 3.3719630241394 sec[0m	
[0m# ... saving optimfunc.method to ./sk5bis/optim.method[0m	
[0m: tac = 3.4278328418732 sec[0m	
[0m
#####################[0m	
[0m# Epoch n° 12[0m	
[0m
# ... train model[0m	
[0m.:. Batch 1 to 128 on 72328 images[0m	
[0m: 1% done[0m	[0m00:23:21 left[0m	
[0m.:. Batch 3201 to 3328 on 72328 images[0m	
[0m: 6% done[0m	[0m00:22:36 left[0m	
[0m.:. Batch 6785 to 6912 on 72328 images[0m	
[0m: 11% done[0m	[0m00:21:07 left[0m	
[0m.:. Batch 10497 to 10624 on 72328 images[0m	
[0m: 16% done[0m	[0m00:19:40 left[0m	
[0m.:. Batch 14081 to 14208 on 72328 images[0m	
[0m: 21% done[0m	[0m00:18:44 left[0m	
[0m.:. Batch 17665 to 17792 on 72328 images[0m	
[0m: 26% done[0m	[0m00:17:50 left[0m	
[0m.:. Batch 21249 to 21376 on 72328 images[0m	
[0m: 31% done[0m	[0m00:16:49 left[0m	
[0m.:. Batch 24961 to 25088 on 72328 images[0m	
[0m: 36% done[0m	[0m00:15:41 left[0m	
[0m.:. Batch 28545 to 28672 on 72328 images[0m	
[0m: 41% done[0m	[0m00:14:32 left[0m	
[0m.:. Batch 32129 to 32256 on 72328 images[0m	
[0m: 46% done[0m	[0m00:13:20 left[0m	
[0m.:. Batch 35841 to 35968 on 72328 images[0m	
[0m: 51% done[0m	[0m00:12:06 left[0m	
[0m.:. Batch 39425 to 39552 on 72328 images[0m	
[0m: 56% done[0m	[0m00:10:51 left[0m	
[0m.:. Batch 43009 to 43136 on 72328 images[0m	
[0m: 61% done[0m	[0m00:09:40 left[0m	
[0m.:. Batch 46721 to 46848 on 72328 images[0m	
[0m: 66% done[0m	[0m00:08:38 left[0m	
[0m.:. Batch 50305 to 50432 on 72328 images[0m	
[0m: 71% done[0m	[0m00:07:21 left[0m	
[0m.:. Batch 53889 to 54016 on 72328 images[0m	
[0m: 76% done[0m	[0m00:06:04 left[0m	
[0m.:. Batch 57473 to 57600 on 72328 images[0m	
[0m: 81% done[0m	[0m00:04:47 left[0m	
[0m.:. Batch 61185 to 61312 on 72328 images[0m	
[0m: 86% done[0m	[0m00:03:32 left[0m	
[0m.:. Batch 64769 to 64896 on 72328 images[0m	
[0m: 91% done[0m	[0m00:02:16 left[0m	
[0m.:. Batch 68353 to 68480 on 72328 images[0m	
[0m: 96% done[0m	[0m00:01:03 left[0m	
[0m.:. Batch 72065 to 72192 on 72328 images[0m	
[0m.:. End of Epoch n° 12[0m	
[0m: Real time to learn 1 batch = 00:00:02[0m	
[0m: Real time to learn full batch = 00:24:50[0m	
[0m# Confusion Matrix[0m	
[0m: average row correct: 51.517620760173%[0m	
[0m: average rowUcol correct (VOC measure): 34.727169875756%[0m	
[0m: > global correct: 51.403329277735%[0m	
[0m
# ... test model[0m	
[0m: 0% done [0m	[0m00:03:56 left[0m	
[0m: 5% done [0m	[0m00:01:59 left[0m	
[0m: 10% done [0m	[0m00:02:02 left[0m	
[0m: 15% done [0m	[0m00:01:58 left[0m	
[0m: 20% done [0m	[0m00:01:53 left[0m	
[0m: 25% done [0m	[0m00:01:47 left[0m	
[0m: 30% done [0m	[0m00:01:40 left[0m	
[0m: 35% done [0m	[0m00:01:32 left[0m	
[0m: 40% done [0m	[0m00:01:26 left[0m	
[0m: 45% done [0m	[0m00:01:18 left[0m	
[0m: 50% done [0m	[0m00:01:11 left[0m	
[0m: 55% done [0m	[0m00:01:04 left[0m	
[0m: 60% done [0m	[0m00:00:57 left[0m	
[0m: 65% done [0m	[0m00:00:50 left[0m	
[0m: 70% done [0m	[0m00:00:43 left[0m	
[0m: 75% done [0m	[0m00:00:36 left[0m	
[0m: 80% done [0m	[0m00:00:29 left[0m	
[0m: 85% done [0m	[0m00:00:22 left[0m	
[0m: 90% done [0m	[0m00:00:15 left[0m	
[0m: 95% done [0m	[0m00:00:08 left[0m	
[0m: 100% done [0m	[0m00:00:00 left[0m	
[0m: Time to test all samples = 00:02:28[0m	
[0m# Confusion Matrix[0m	
[0m: average row correct: 21.051791241614%[0m	
[0m: average rowUcol correct (VOC measure): 11.726685091023%[0m	
[0m: > global correct: 20.939582530154%[0m	
[0m# ... saving model to ./sk5bis/model.net[0m	
[0m: tac = 2.4110989570618 sec[0m	
[0m# ... saving optimfunc.state to ./sk5bis/optim.state[0m	
[0m: tac = 3.3929698467255 sec[0m	
[0m# ... saving optimfunc.method to ./sk5bis/optim.method[0m	
[0m: tac = 3.4448797702789 sec[0m	
[0m
#####################[0m	
[0m# Epoch n° 13[0m	
[0m
# ... train model[0m	
[0m.:. Batch 1 to 128 on 72328 images[0m	
[0m: 1% done[0m	[0m00:23:44 left[0m	
[0m.:. Batch 3201 to 3328 on 72328 images[0m	
[0m: 6% done[0m	[0m00:24:05 left[0m	
[0m.:. Batch 6785 to 6912 on 72328 images[0m	
[0m: 11% done[0m	[0m00:22:46 left[0m	
[0m.:. Batch 10497 to 10624 on 72328 images[0m	
[0m: 16% done[0m	[0m00:21:26 left[0m	
[0m.:. Batch 14081 to 14208 on 72328 images[0m	
[0m: 21% done[0m	[0m00:19:58 left[0m	
[0m.:. Batch 17665 to 17792 on 72328 images[0m	
[0m: 26% done[0m	[0m00:18:47 left[0m	
[0m.:. Batch 21249 to 21376 on 72328 images[0m	
[0m: 31% done[0m	[0m00:17:35 left[0m	
[0m.:. Batch 24961 to 25088 on 72328 images[0m	
[0m: 36% done[0m	[0m00:16:21 left[0m	
[0m.:. Batch 28545 to 28672 on 72328 images[0m	
[0m: 41% done[0m	[0m00:15:04 left[0m	
[0m.:. Batch 32129 to 32256 on 72328 images[0m	
[0m: 46% done[0m	[0m00:13:49 left[0m	
[0m.:. Batch 35841 to 35968 on 72328 images[0m	
[0m: 51% done[0m	[0m00:12:34 left[0m	
[0m.:. Batch 39425 to 39552 on 72328 images[0m	
[0m: 56% done[0m	[0m00:11:16 left[0m	
[0m.:. Batch 43009 to 43136 on 72328 images[0m	
[0m: 61% done[0m	[0m00:10:00 left[0m	
[0m.:. Batch 46721 to 46848 on 72328 images[0m	
[0m: 66% done[0m	[0m00:08:43 left[0m	
[0m.:. Batch 50305 to 50432 on 72328 images[0m	
[0m: 71% done[0m	[0m00:07:24 left[0m	
[0m.:. Batch 53889 to 54016 on 72328 images[0m	
[0m: 76% done[0m	[0m00:06:07 left[0m	
[0m.:. Batch 57473 to 57600 on 72328 images[0m	
[0m: 81% done[0m	[0m00:04:50 left[0m	
[0m.:. Batch 61185 to 61312 on 72328 images[0m	
[0m: 86% done[0m	[0m00:03:34 left[0m	
[0m.:. Batch 64769 to 64896 on 72328 images[0m	
[0m: 91% done[0m	[0m00:02:18 left[0m	
[0m.:. Batch 68353 to 68480 on 72328 images[0m	
[0m: 96% done[0m	[0m00:01:03 left[0m	
[0m.:. Batch 72065 to 72192 on 72328 images[0m	
[0m.:. End of Epoch n° 13[0m	
[0m: Real time to learn 1 batch = 00:00:02[0m	
[0m: Real time to learn full batch = 00:24:57[0m	
[0m# Confusion Matrix[0m	
[0m: average row correct: 51.921885571267%[0m	
[0m: average rowUcol correct (VOC measure): 35.079808455735%[0m	
[0m: > global correct: 51.811193452052%[0m	
[0m
# ... test model[0m	
[0m: 0% done [0m	[0m00:02:47 left[0m	
[0m: 5% done [0m	[0m00:01:46 left[0m	
[0m: 10% done [0m	[0m00:01:58 left[0m	
[0m: 15% done [0m	[0m00:01:56 left[0m	
[0m: 20% done [0m	[0m00:01:51 left[0m	
[0m: 25% done [0m	[0m00:01:46 left[0m	
[0m: 30% done [0m	[0m00:01:39 left[0m	
[0m: 35% done [0m	[0m00:01:33 left[0m	
[0m: 40% done [0m	[0m00:01:27 left[0m	
[0m: 45% done [0m	[0m00:01:20 left[0m	
[0m: 50% done [0m	[0m00:01:14 left[0m	
[0m: 55% done [0m	[0m00:01:07 left[0m	
[0m: 60% done [0m	[0m00:01:00 left[0m	
[0m: 65% done [0m	[0m00:00:52 left[0m	
[0m: 70% done [0m	[0m00:00:45 left[0m	
[0m: 75% done [0m	[0m00:00:38 left[0m	
[0m: 80% done [0m	[0m00:00:31 left[0m	
[0m: 85% done [0m	[0m00:00:23 left[0m	
[0m: 90% done [0m	[0m00:00:16 left[0m	
[0m: 95% done [0m	[0m00:00:08 left[0m	
[0m: 100% done [0m	[0m00:00:00 left[0m	
[0m: Time to test all samples = 00:02:36[0m	
[0m# Confusion Matrix[0m	
[0m: average row correct: 21.089100138293%[0m	
[0m: average rowUcol correct (VOC measure): 11.747331487126%[0m	
[0m: > global correct: 20.978135154486%[0m	
[0m# ... saving model to ./sk5bis/model.net[0m	
[0m: tac = 2.5447828769684 sec[0m	
[0m# ... saving optimfunc.state to ./sk5bis/optim.state[0m	
[0m: tac = 3.5298988819122 sec[0m	
[0m# ... saving optimfunc.method to ./sk5bis/optim.method[0m	
[0m: tac = 3.5817830562592 sec[0m	
[0m
#####################[0m	
[0m# Epoch n° 14[0m	
[0m
# ... train model[0m	
[0m.:. Batch 1 to 128 on 72328 images[0m	
[0m: 1% done[0m	[0m00:23:50 left[0m	
[0m.:. Batch 3201 to 3328 on 72328 images[0m	
[0m: 6% done[0m	[0m00:23:53 left[0m	
[0m.:. Batch 6785 to 6912 on 72328 images[0m	
[0m: 11% done[0m	[0m00:22:47 left[0m	
[0m.:. Batch 10497 to 10624 on 72328 images[0m	
[0m: 16% done[0m	[0m00:21:33 left[0m	
[0m.:. Batch 14081 to 14208 on 72328 images[0m	
[0m: 21% done[0m	[0m00:20:14 left[0m	
[0m.:. Batch 17665 to 17792 on 72328 images[0m	
[0m: 26% done[0m	[0m00:18:59 left[0m	
[0m.:. Batch 21249 to 21376 on 72328 images[0m	
[0m: 31% done[0m	[0m00:17:43 left[0m	
[0m.:. Batch 24961 to 25088 on 72328 images[0m	
[0m: 36% done[0m	[0m00:16:28 left[0m	
[0m.:. Batch 28545 to 28672 on 72328 images[0m	
[0m: 41% done[0m	[0m00:15:09 left[0m	
[0m.:. Batch 32129 to 32256 on 72328 images[0m	
[0m: 46% done[0m	[0m00:13:53 left[0m	
[0m.:. Batch 35841 to 35968 on 72328 images[0m	
[0m: 51% done[0m	[0m00:12:37 left[0m	
[0m.:. Batch 39425 to 39552 on 72328 images[0m	
[0m: 56% done[0m	[0m00:11:16 left[0m	
[0m.:. Batch 43009 to 43136 on 72328 images[0m	
[0m: 61% done[0m	[0m00:10:00 left[0m	
[0m.:. Batch 46721 to 46848 on 72328 images[0m	
[0m: 66% done[0m	[0m00:08:45 left[0m	
[0m.:. Batch 50305 to 50432 on 72328 images[0m	
[0m: 71% done[0m	[0m00:07:25 left[0m	
[0m.:. Batch 53889 to 54016 on 72328 images[0m	
[0m: 76% done[0m	[0m00:06:09 left[0m	
[0m.:. Batch 57473 to 57600 on 72328 images[0m	
[0m: 81% done[0m	[0m00:04:52 left[0m	
[0m.:. Batch 61185 to 61312 on 72328 images[0m	
[0m: 86% done[0m	[0m00:03:36 left[0m	
[0m.:. Batch 64769 to 64896 on 72328 images[0m	
[0m: 91% done[0m	[0m00:02:17 left[0m	
[0m.:. Batch 68353 to 68480 on 72328 images[0m	
[0m: 96% done[0m	[0m00:01:04 left[0m	
[0m.:. Batch 72065 to 72192 on 72328 images[0m	
[0m.:. End of Epoch n° 14[0m	
[0m: Real time to learn 1 batch = 00:00:02[0m	
[0m: Real time to learn full batch = 00:25:09[0m	
[0m# Confusion Matrix[0m	
[0m: average row correct: 51.775364581459%[0m	
[0m: average rowUcol correct (VOC measure): 34.902828725258%[0m	
[0m: > global correct: 51.667404048225%[0m	
[0m
# ... test model[0m	
[0m: 0% done [0m	[0m00:02:23 left[0m	
[0m: 5% done [0m	[0m00:01:58 left[0m	
[0m: 10% done [0m	[0m00:01:59 left[0m	
[0m: 15% done [0m	[0m00:01:56 left[0m	
[0m: 20% done [0m	[0m00:01:53 left[0m	
[0m: 25% done [0m	[0m00:01:48 left[0m	
[0m: 30% done [0m	[0m00:01:42 left[0m	
[0m: 35% done [0m	[0m00:01:35 left[0m	
[0m: 40% done [0m	[0m00:01:29 left[0m	
[0m: 45% done [0m	[0m00:01:22 left[0m	
[0m: 50% done [0m	[0m00:01:15 left[0m	
[0m: 55% done [0m	[0m00:01:08 left[0m	
[0m: 60% done [0m	[0m00:01:01 left[0m	
[0m: 65% done [0m	[0m00:00:53 left[0m	
[0m: 70% done [0m	[0m00:00:46 left[0m	
[0m: 75% done [0m	[0m00:00:38 left[0m	
[0m: 80% done [0m	[0m00:00:31 left[0m	
[0m: 85% done [0m	[0m00:00:23 left[0m	
[0m: 90% done [0m	[0m00:00:16 left[0m	
[0m: 95% done [0m	[0m00:00:08 left[0m	
[0m: 100% done [0m	[0m00:00:00 left[0m	
[0m: Time to test all samples = 00:02:34[0m	
[0m# Confusion Matrix[0m	
[0m: average row correct: 21.117065630687%[0m	
[0m: average rowUcol correct (VOC measure): 11.768431428101%[0m	
[0m: > global correct: 21.005672743295%[0m	
[0m# ... saving model to ./sk5bis/model.net[0m	
[0m: tac = 2.3787178993225 sec[0m	
[0m# ... saving optimfunc.state to ./sk5bis/optim.state[0m	
[0m: tac = 3.3958368301392 sec[0m	
[0m# ... saving optimfunc.method to ./sk5bis/optim.method[0m	
[0m: tac = 3.448098897934 sec[0m	
[0m
#####################[0m	
[0m# Epoch n° 15[0m	
[0m
# ... train model[0m	
[0m.:. Batch 1 to 128 on 72328 images[0m	
[0m: 1% done[0m	[0m00:23:19 left[0m	
[0m.:. Batch 3201 to 3328 on 72328 images[0m	
[0m: 6% done[0m	[0m00:22:53 left[0m	
[0m.:. Batch 6785 to 6912 on 72328 images[0m	
[0m: 11% done[0m	[0m00:21:37 left[0m	
[0m.:. Batch 10497 to 10624 on 72328 images[0m	
[0m: 16% done[0m	[0m00:19:28 left[0m	
[0m.:. Batch 14081 to 14208 on 72328 images[0m	
[0m: 21% done[0m	[0m00:18:26 left[0m	
[0m.:. Batch 17665 to 17792 on 72328 images[0m	
[0m: 26% done[0m	[0m00:17:26 left[0m	
[0m.:. Batch 21249 to 21376 on 72328 images[0m	
[0m: 31% done[0m	[0m00:16:31 left[0m	
[0m.:. Batch 24961 to 25088 on 72328 images[0m	
[0m: 36% done[0m	[0m00:15:24 left[0m	
[0m.:. Batch 28545 to 28672 on 72328 images[0m	
[0m: 41% done[0m	[0m00:14:16 left[0m	
[0m.:. Batch 32129 to 32256 on 72328 images[0m	
[0m: 46% done[0m	[0m00:13:10 left[0m	
[0m.:. Batch 35841 to 35968 on 72328 images[0m	
[0m: 51% done[0m	[0m00:12:02 left[0m	
[0m.:. Batch 39425 to 39552 on 72328 images[0m	
[0m: 56% done[0m	[0m00:10:50 left[0m	
[0m.:. Batch 43009 to 43136 on 72328 images[0m	
[0m: 61% done[0m	[0m00:09:39 left[0m	
[0m.:. Batch 46721 to 46848 on 72328 images[0m	
[0m: 66% done[0m	[0m00:08:27 left[0m	
[0m.:. Batch 50305 to 50432 on 72328 images[0m	
[0m: 71% done[0m	[0m00:07:13 left[0m	
[0m.:. Batch 53889 to 54016 on 72328 images[0m	
[0m: 76% done[0m	[0m00:06:00 left[0m	
[0m.:. Batch 57473 to 57600 on 72328 images[0m	
[0m: 81% done[0m	[0m00:04:47 left[0m	
[0m.:. Batch 61185 to 61312 on 72328 images[0m	
[0m: 86% done[0m	[0m00:03:32 left[0m	
[0m.:. Batch 64769 to 64896 on 72328 images[0m	
[0m: 91% done[0m	[0m00:02:15 left[0m	
[0m.:. Batch 68353 to 68480 on 72328 images[0m	
[0m: 96% done[0m	[0m00:01:02 left[0m	
[0m.:. Batch 72065 to 72192 on 72328 images[0m	
[0m.:. End of Epoch n° 15[0m	
[0m: Real time to learn 1 batch = 00:00:02[0m	
[0m: Real time to learn full batch = 00:24:33[0m	
[0m# Confusion Matrix[0m	
[0m: average row correct: 51.737099941267%[0m	
[0m: average rowUcol correct (VOC measure): 34.927567883883%[0m	
[0m: > global correct: 51.628691516425%[0m	
[0m
# ... test model[0m	
[0m: 0% done [0m	[0m00:02:19 left[0m	
[0m: 5% done [0m	[0m00:01:52 left[0m	
[0m: 10% done [0m	[0m00:01:58 left[0m	
[0m: 15% done [0m	[0m00:01:56 left[0m	
[0m: 20% done [0m	[0m00:01:51 left[0m	
[0m: 25% done [0m	[0m00:01:46 left[0m	
[0m: 30% done [0m	[0m00:01:41 left[0m	
[0m: 35% done [0m	[0m00:01:34 left[0m	
[0m: 40% done [0m	[0m00:01:28 left[0m	
[0m: 45% done [0m	[0m00:01:21 left[0m	
[0m: 50% done [0m	[0m00:01:14 left[0m	
[0m: 55% done [0m	[0m00:01:07 left[0m	
[0m: 60% done [0m	[0m00:01:00 left[0m	
[0m: 65% done [0m	[0m00:00:53 left[0m	
[0m: 70% done [0m	[0m00:00:46 left[0m	
[0m: 75% done [0m	[0m00:00:38 left[0m	
[0m: 80% done [0m	[0m00:00:30 left[0m	
[0m: 85% done [0m	[0m00:00:23 left[0m	
[0m: 90% done [0m	[0m00:00:15 left[0m	
[0m: 95% done [0m	[0m00:00:08 left[0m	
[0m: 100% done [0m	[0m00:00:00 left[0m	
[0m: Time to test all samples = 00:02:33[0m	
[0m# Confusion Matrix[0m	
[0m: average row correct: 21.105948899697%[0m	
[0m: average rowUcol correct (VOC measure): 11.760642248123%[0m	
[0m: > global correct: 20.994657707771%[0m	
[0m# ... saving model to ./sk5bis/model.net[0m	
[0m: tac = 2.4052541255951 sec[0m	
[0m# ... saving optimfunc.state to ./sk5bis/optim.state[0m	
[0m: tac = 3.4769020080566 sec[0m	
[0m# ... saving optimfunc.method to ./sk5bis/optim.method[0m	
[0m: tac = 3.6206610202789 sec[0m	
[0m
#####################[0m	
[0m# Epoch n° 16[0m	
[0m
# ... train model[0m	
[0m.:. Batch 1 to 128 on 72328 images[0m	
[0m: 1% done[0m	[0m00:24:01 left[0m	
[0m.:. Batch 3201 to 3328 on 72328 images[0m	
[0m: 6% done[0m	[0m00:24:03 left[0m	
[0m.:. Batch 6785 to 6912 on 72328 images[0m	
[0m: 11% done[0m	[0m00:22:47 left[0m	
[0m.:. Batch 10497 to 10624 on 72328 images[0m	
[0m: 16% done[0m	[0m00:21:32 left[0m	
[0m.:. Batch 14081 to 14208 on 72328 images[0m	
[0m: 21% done[0m	[0m00:20:13 left[0m	
[0m.:. Batch 17665 to 17792 on 72328 images[0m	
[0m: 26% done[0m	[0m00:18:59 left[0m	
[0m.:. Batch 21249 to 21376 on 72328 images[0m	
[0m: 31% done[0m	[0m00:17:42 left[0m	
[0m.:. Batch 24961 to 25088 on 72328 images[0m	
[0m: 36% done[0m	[0m00:16:26 left[0m	
[0m.:. Batch 28545 to 28672 on 72328 images[0m	
[0m: 41% done[0m	[0m00:15:08 left[0m	
[0m.:. Batch 32129 to 32256 on 72328 images[0m	
[0m: 46% done[0m	[0m00:13:52 left[0m	
[0m.:. Batch 35841 to 35968 on 72328 images[0m	
[0m: 51% done[0m	[0m00:12:33 left[0m	
[0m.:. Batch 39425 to 39552 on 72328 images[0m	
[0m: 56% done[0m	[0m00:11:11 left[0m	
[0m.:. Batch 43009 to 43136 on 72328 images[0m	
[0m: 61% done[0m	[0m00:09:56 left[0m	
[0m.:. Batch 46721 to 46848 on 72328 images[0m	
[0m: 66% done[0m	[0m00:08:37 left[0m	
[0m.:. Batch 50305 to 50432 on 72328 images[0m	
[0m: 71% done[0m	[0m00:07:20 left[0m	
[0m.:. Batch 53889 to 54016 on 72328 images[0m	
[0m: 76% done[0m	[0m00:06:05 left[0m	
[0m.:. Batch 57473 to 57600 on 72328 images[0m	
[0m: 81% done[0m	[0m00:04:50 left[0m	
[0m.:. Batch 61185 to 61312 on 72328 images[0m	
[0m: 86% done[0m	[0m00:03:36 left[0m	
[0m.:. Batch 64769 to 64896 on 72328 images[0m	
[0m: 91% done[0m	[0m00:02:18 left[0m	
[0m.:. Batch 68353 to 68480 on 72328 images[0m	
[0m: 96% done[0m	[0m00:01:03 left[0m	
[0m.:. Batch 72065 to 72192 on 72328 images[0m	
[0m.:. End of Epoch n° 16[0m	
[0m: Real time to learn 1 batch = 00:00:02[0m	
[0m: Real time to learn full batch = 00:24:47[0m	
[0m# Confusion Matrix[0m	
[0m: average row correct: 51.655609363524%[0m	
[0m: average rowUcol correct (VOC measure): 34.86431982774%[0m	
[0m: > global correct: 51.541588319876%[0m	
[0m
# ... test model[0m	
[0m: 0% done [0m	[0m00:03:32 left[0m	
[0m: 5% done [0m	[0m00:01:50 left[0m	
[0m: 10% done [0m	[0m00:02:26 left[0m	
[0m: 15% done [0m	[0m00:03:59 left[0m	
[0m: 20% done [0m	[0m00:03:17 left[0m	
[0m: 25% done [0m	[0m00:02:49 left[0m	
[0m: 30% done [0m	[0m00:02:29 left[0m	
[0m: 35% done [0m	[0m00:02:12 left[0m	
[0m: 40% done [0m	[0m00:01:56 left[0m	
[0m: 45% done [0m	[0m00:01:43 left[0m	
[0m: 50% done [0m	[0m00:01:32 left[0m	
[0m: 55% done [0m	[0m00:01:21 left[0m	
[0m: 60% done [0m	[0m00:01:11 left[0m	
[0m: 65% done [0m	[0m00:01:01 left[0m	
[0m: 70% done [0m	[0m00:00:52 left[0m	
[0m: 75% done [0m	[0m00:00:43 left[0m	
[0m: 80% done [0m	[0m00:00:34 left[0m	
[0m: 85% done [0m	[0m00:00:26 left[0m	
[0m: 90% done [0m	[0m00:00:17 left[0m	
[0m: 95% done [0m	[0m00:00:09 left[0m	
[0m: 100% done [0m	[0m00:00:00 left[0m	
[0m: Time to test all samples = 00:02:47[0m	
[0m# Confusion Matrix[0m	
[0m: average row correct: 21.132732848037%[0m	
[0m: average rowUcol correct (VOC measure): 11.774315417163%[0m	
[0m: > global correct: 21.02219529658%[0m	
[0m# ... saving model to ./sk5bis/model.net[0m	
[0m: tac = 2.407958984375 sec[0m	
[0m# ... saving optimfunc.state to ./sk5bis/optim.state[0m	
[0m: tac = 3.4157450199127 sec[0m	
[0m# ... saving optimfunc.method to ./sk5bis/optim.method[0m	
[0m: tac = 3.468533039093 sec[0m	
[0m
#####################[0m	
[0m# Epoch n° 17[0m	
[0m
# ... train model[0m	
[0m.:. Batch 1 to 128 on 72328 images[0m	
[0m: 1% done[0m	[0m00:24:03 left[0m	
[0m.:. Batch 3201 to 3328 on 72328 images[0m	
[0m: 6% done[0m	[0m00:23:47 left[0m	
[0m.:. Batch 6785 to 6912 on 72328 images[0m	
[0m: 11% done[0m	[0m00:22:37 left[0m	
[0m.:. Batch 10497 to 10624 on 72328 images[0m	
[0m: 16% done[0m	[0m00:21:07 left[0m	
[0m.:. Batch 14081 to 14208 on 72328 images[0m	
[0m: 21% done[0m	[0m00:19:39 left[0m	
[0m.:. Batch 17665 to 17792 on 72328 images[0m	
[0m: 26% done[0m	[0m00:18:33 left[0m	
[0m.:. Batch 21249 to 21376 on 72328 images[0m	
[0m: 31% done[0m	[0m00:17:23 left[0m	
[0m.:. Batch 24961 to 25088 on 72328 images[0m	
[0m: 36% done[0m	[0m00:15:56 left[0m	
[0m.:. Batch 28545 to 28672 on 72328 images[0m	
[0m: 41% done[0m	[0m00:14:43 left[0m	
[0m.:. Batch 32129 to 32256 on 72328 images[0m	
[0m: 46% done[0m	[0m00:13:32 left[0m	
[0m.:. Batch 35841 to 35968 on 72328 images[0m	
[0m: 51% done[0m	[0m00:12:16 left[0m	
[0m.:. Batch 39425 to 39552 on 72328 images[0m	
[0m: 56% done[0m	[0m00:11:01 left[0m	
[0m.:. Batch 43009 to 43136 on 72328 images[0m	
[0m: 61% done[0m	[0m00:09:48 left[0m	
[0m.:. Batch 46721 to 46848 on 72328 images[0m	
[0m: 66% done[0m	[0m00:08:35 left[0m	
[0m.:. Batch 50305 to 50432 on 72328 images[0m	
[0m: 71% done[0m	[0m00:07:17 left[0m	
[0m.:. Batch 53889 to 54016 on 72328 images[0m	
[0m: 76% done[0m	[0m00:06:03 left[0m	
[0m.:. Batch 57473 to 57600 on 72328 images[0m	
[0m: 81% done[0m	[0m00:04:49 left[0m	
[0m.:. Batch 61185 to 61312 on 72328 images[0m	
[0m: 86% done[0m	[0m00:03:35 left[0m	
[0m.:. Batch 64769 to 64896 on 72328 images[0m	
[0m: 91% done[0m	[0m00:02:18 left[0m	
[0m.:. Batch 68353 to 68480 on 72328 images[0m	
[0m: 96% done[0m	[0m00:01:03 left[0m	
[0m.:. Batch 72065 to 72192 on 72328 images[0m	
[0m.:. End of Epoch n° 17[0m	
[0m: Real time to learn 1 batch = 00:00:02[0m	
[0m: Real time to learn full batch = 00:24:47[0m	
[0m# Confusion Matrix[0m	
[0m: average row correct: 52.077367746889%[0m	
[0m: average rowUcol correct (VOC measure): 35.241168973469%[0m	
[0m: > global correct: 51.963278398407%[0m	
[0m
# ... test model[0m	
[0m: 0% done [0m	[0m00:03:27 left[0m	
[0m: 5% done [0m	[0m00:02:08 left[0m	
[0m: 10% done [0m	[0m00:02:26 left[0m	
[0m: 15% done [0m	[0m00:02:27 left[0m	
[0m: 20% done [0m	[0m00:02:22 left[0m	
[0m: 25% done [0m	[0m00:02:15 left[0m	
[0m: 30% done [0m	[0m00:02:06 left[0m	
[0m: 35% done [0m	[0m00:01:58 left[0m	
[0m: 40% done [0m	[0m00:02:14 left[0m	
[0m: 45% done [0m	[0m00:01:58 left[0m	
[0m: 50% done [0m	[0m00:01:44 left[0m	
[0m: 55% done [0m	[0m00:01:31 left[0m	
[0m: 60% done [0m	[0m00:01:19 left[0m	
[0m: 65% done [0m	[0m00:01:08 left[0m	
[0m: 70% done [0m	[0m00:00:58 left[0m	
[0m: 75% done [0m	[0m00:00:48 left[0m	
[0m: 80% done [0m	[0m00:00:38 left[0m	
[0m: 85% done [0m	[0m00:00:28 left[0m	
[0m: 90% done [0m	[0m00:00:19 left[0m	
[0m: 95% done [0m	[0m00:00:10 left[0m	
[0m: 100% done [0m	[0m00:00:00 left[0m	
[0m: Time to test all samples = 00:03:01[0m	
[0m# Confusion Matrix[0m	
[0m: average row correct: 21.132716475202%[0m	
[0m: average rowUcol correct (VOC measure): 11.776971785204%[0m	
[0m: > global correct: 21.02219529658%[0m	
[0m# ... saving model to ./sk5bis/model.net[0m	
[0m: tac = 2.3862688541412 sec[0m	
[0m# ... saving optimfunc.state to ./sk5bis/optim.state[0m	
[0m: tac = 3.4091107845306 sec[0m	
[0m# ... saving optimfunc.method to ./sk5bis/optim.method[0m	
[0m: tac = 3.4615747928619 sec[0m	
[0m
#####################[0m	
[0m# Epoch n° 18[0m	
[0m
# ... train model[0m	
[0m.:. Batch 1 to 128 on 72328 images[0m	
[0m: 1% done[0m	[0m00:23:14 left[0m	
[0m.:. Batch 3201 to 3328 on 72328 images[0m	
[0m: 6% done[0m	[0m00:23:52 left[0m	
[0m.:. Batch 6785 to 6912 on 72328 images[0m	
[0m: 11% done[0m	[0m00:22:44 left[0m	
[0m.:. Batch 10497 to 10624 on 72328 images[0m	
[0m: 16% done[0m	[0m00:21:12 left[0m	
[0m.:. Batch 14081 to 14208 on 72328 images[0m	
[0m: 21% done[0m	[0m00:19:36 left[0m	
[0m.:. Batch 17665 to 17792 on 72328 images[0m	
[0m: 26% done[0m	[0m00:18:28 left[0m	
[0m.:. Batch 21249 to 21376 on 72328 images[0m	
[0m: 31% done[0m	[0m00:17:08 left[0m	
[0m.:. Batch 24961 to 25088 on 72328 images[0m	
[0m: 36% done[0m	[0m00:15:55 left[0m	
[0m.:. Batch 28545 to 28672 on 72328 images[0m	
[0m: 41% done[0m	[0m00:14:39 left[0m	
[0m.:. Batch 32129 to 32256 on 72328 images[0m	
[0m: 46% done[0m	[0m00:13:29 left[0m	
[0m.:. Batch 35841 to 35968 on 72328 images[0m	
[0m: 51% done[0m	[0m00:12:18 left[0m	
[0m.:. Batch 39425 to 39552 on 72328 images[0m	
[0m: 56% done[0m	[0m00:11:03 left[0m	
[0m.:. Batch 43009 to 43136 on 72328 images[0m	
[0m: 61% done[0m	[0m00:09:49 left[0m	
[0m.:. Batch 46721 to 46848 on 72328 images[0m	
[0m: 66% done[0m	[0m00:08:36 left[0m	
[0m.:. Batch 50305 to 50432 on 72328 images[0m	
[0m: 71% done[0m	[0m00:07:19 left[0m	
[0m.:. Batch 53889 to 54016 on 72328 images[0m	
[0m: 76% done[0m	[0m00:06:04 left[0m	
[0m.:. Batch 57473 to 57600 on 72328 images[0m	
[0m: 81% done[0m	[0m00:04:50 left[0m	
[0m.:. Batch 61185 to 61312 on 72328 images[0m	
[0m: 86% done[0m	[0m00:03:35 left[0m	
[0m.:. Batch 64769 to 64896 on 72328 images[0m	
[0m: 91% done[0m	[0m00:02:18 left[0m	
[0m.:. Batch 68353 to 68480 on 72328 images[0m	
[0m: 96% done[0m	[0m00:01:03 left[0m	
[0m.:. Batch 72065 to 72192 on 72328 images[0m	
[0m.:. End of Epoch n° 18[0m	
[0m: Real time to learn 1 batch = 00:00:02[0m	
[0m: Real time to learn full batch = 00:24:47[0m	
[0m# Confusion Matrix[0m	
[0m: average row correct: 51.931632446623%[0m	
[0m: average rowUcol correct (VOC measure): 35.119026534186%[0m	
[0m: > global correct: 51.826401946687%[0m	
[0m
# ... test model[0m	
[0m: 0% done [0m	[0m00:02:10 left[0m	
[0m: 5% done [0m	[0m00:02:13 left[0m	
[0m: 10% done [0m	[0m00:02:26 left[0m	
[0m: 15% done [0m	[0m00:02:28 left[0m	
[0m: 20% done [0m	[0m00:02:25 left[0m	
[0m: 25% done [0m	[0m00:02:20 left[0m	
[0m: 30% done [0m	[0m00:02:15 left[0m	
[0m: 35% done [0m	[0m00:02:08 left[0m	
[0m: 40% done [0m	[0m00:01:59 left[0m	
[0m: 45% done [0m	[0m00:01:51 left[0m	
[0m: 50% done [0m	[0m00:01:42 left[0m	
[0m: 55% done [0m	[0m00:01:45 left[0m	
[0m: 60% done [0m	[0m00:01:31 left[0m	
[0m: 65% done [0m	[0m00:01:18 left[0m	
[0m: 70% done [0m	[0m00:01:06 left[0m	
[0m: 75% done [0m	[0m00:00:54 left[0m	
[0m: 80% done [0m	[0m00:00:42 left[0m	
[0m: 85% done [0m	[0m00:00:31 left[0m	
[0m: 90% done [0m	[0m00:00:21 left[0m	
[0m: 95% done [0m	[0m00:00:11 left[0m	
[0m: 100% done [0m	[0m00:00:00 left[0m	
[0m: Time to test all samples = 00:03:20[0m	
[0m# Confusion Matrix[0m	
[0m: average row correct: 21.161397345051%[0m	
[0m: average rowUcol correct (VOC measure): 11.794635817169%[0m	
[0m: > global correct: 21.049732885389%[0m	
[0m# ... saving model to ./sk5bis/model.net[0m	
[0m: tac = 2.395201921463 sec[0m	
[0m# ... saving optimfunc.state to ./sk5bis/optim.state[0m	
[0m: tac = 3.4090738296509 sec[0m	
[0m# ... saving optimfunc.method to ./sk5bis/optim.method[0m	
[0m: tac = 3.4612820148468 sec[0m	
[0m
#####################[0m	
[0m# Epoch n° 19[0m	
[0m
# ... train model[0m	
[0m.:. Batch 1 to 128 on 72328 images[0m	
[0m: 1% done[0m	[0m00:23:20 left[0m	
[0m.:. Batch 3201 to 3328 on 72328 images[0m	
[0m: 6% done[0m	[0m00:23:43 left[0m	
[0m.:. Batch 6785 to 6912 on 72328 images[0m	
[0m: 11% done[0m	[0m00:22:36 left[0m	
[0m.:. Batch 10497 to 10624 on 72328 images[0m	
[0m: 16% done[0m	[0m00:21:26 left[0m	
[0m.:. Batch 14081 to 14208 on 72328 images[0m	
[0m: 21% done[0m	[0m00:20:11 left[0m	
[0m.:. Batch 17665 to 17792 on 72328 images[0m	
[0m: 26% done[0m	[0m00:18:55 left[0m	
[0m.:. Batch 21249 to 21376 on 72328 images[0m	
[0m: 31% done[0m	[0m00:17:29 left[0m	
[0m.:. Batch 24961 to 25088 on 72328 images[0m	
[0m: 36% done[0m	[0m00:16:15 left[0m	
[0m.:. Batch 28545 to 28672 on 72328 images[0m	
[0m: 41% done[0m	[0m00:14:59 left[0m	
[0m.:. Batch 32129 to 32256 on 72328 images[0m	
[0m: 46% done[0m	[0m00:13:40 left[0m	
[0m.:. Batch 35841 to 35968 on 72328 images[0m	
[0m: 51% done[0m	[0m00:12:26 left[0m	
[0m.:. Batch 39425 to 39552 on 72328 images[0m	
[0m: 56% done[0m	[0m00:11:10 left[0m	
[0m.:. Batch 43009 to 43136 on 72328 images[0m	
[0m: 61% done[0m	[0m00:09:53 left[0m	
[0m.:. Batch 46721 to 46848 on 72328 images[0m	
[0m: 66% done[0m	[0m00:08:38 left[0m	
[0m.:. Batch 50305 to 50432 on 72328 images[0m	
[0m: 71% done[0m	[0m00:07:21 left[0m	
[0m.:. Batch 53889 to 54016 on 72328 images[0m	
[0m: 76% done[0m	[0m00:06:07 left[0m	
[0m.:. Batch 57473 to 57600 on 72328 images[0m	
[0m: 81% done[0m	[0m00:04:52 left[0m	
[0m.:. Batch 61185 to 61312 on 72328 images[0m	
[0m: 86% done[0m	[0m00:03:36 left[0m	
[0m.:. Batch 64769 to 64896 on 72328 images[0m	
[0m: 91% done[0m	[0m00:02:18 left[0m	
[0m.:. Batch 68353 to 68480 on 72328 images[0m	
[0m: 96% done[0m	[0m00:01:04 left[0m	
[0m.:. Batch 72065 to 72192 on 72328 images[0m	
[0m.:. End of Epoch n° 19[0m	
[0m: Real time to learn 1 batch = 00:00:02[0m	
[0m: Real time to learn full batch = 00:24:59[0m	
[0m# Confusion Matrix[0m	
[0m: average row correct: 51.962665453701%[0m	
[0m: average rowUcol correct (VOC measure): 35.159256113785%[0m	
[0m: > global correct: 51.849905983851%[0m	
[0m
# ... test model[0m	
[0m: 0% done [0m	[0m00:02:22 left[0m	
[0m: 5% done [0m	[0m00:01:55 left[0m	
[0m: 10% done [0m	[0m00:02:27 left[0m	
[0m: 15% done [0m	[0m00:02:31 left[0m	
[0m: 20% done [0m	[0m00:02:31 left[0m	
[0m: 25% done [0m	[0m00:02:26 left[0m	
[0m: 30% done [0m	[0m00:02:20 left[0m	
[0m: 35% done [0m	[0m00:02:11 left[0m	
[0m: 40% done [0m	[0m00:02:02 left[0m	
[0m: 45% done [0m	[0m00:01:52 left[0m	
[0m: 50% done [0m	[0m00:01:43 left[0m	
[0m: 55% done [0m	[0m00:01:33 left[0m	
[0m: 60% done [0m	[0m00:01:23 left[0m	
[0m: 65% done [0m	[0m00:01:21 left[0m	
[0m: 70% done [0m	[0m00:01:07 left[0m	
[0m: 75% done [0m	[0m00:00:55 left[0m	
[0m: 80% done [0m	[0m00:00:43 left[0m	
[0m: 85% done [0m	[0m00:00:32 left[0m	
[0m: 90% done [0m	[0m00:00:21 left[0m	
[0m: 95% done [0m	[0m00:00:11 left[0m	
[0m: 100% done [0m	[0m00:00:00 left[0m	
[0m: Time to test all samples = 00:03:22[0m	
[0m# Confusion Matrix[0m	
[0m: average row correct: 21.1826082923%[0m	
[0m: average rowUcol correct (VOC measure): 11.80642324426%[0m	
[0m: > global correct: 21.071762956436%[0m	
[0m# ... saving model to ./sk5bis/model.net[0m	
[0m: tac = 2.3753728866577 sec[0m	
[0m# ... saving optimfunc.state to ./sk5bis/optim.state[0m	
[0m: tac = 3.396892786026 sec[0m	
[0m# ... saving optimfunc.method to ./sk5bis/optim.method[0m	
[0m: tac = 3.4475939273834 sec[0m	
[0m
#####################[0m	
[0m# Epoch n° 20[0m	
[0m
# ... train model[0m	
[0m.:. Batch 1 to 128 on 72328 images[0m	
[0m: 1% done[0m	[0m00:23:47 left[0m	
[0m.:. Batch 3201 to 3328 on 72328 images[0m	
[0m: 6% done[0m	[0m00:23:55 left[0m	
[0m.:. Batch 6785 to 6912 on 72328 images[0m	
[0m: 11% done[0m	[0m00:22:42 left[0m	
[0m.:. Batch 10497 to 10624 on 72328 images[0m	
[0m: 16% done[0m	[0m00:21:29 left[0m	
[0m.:. Batch 14081 to 14208 on 72328 images[0m	
[0m: 21% done[0m	[0m00:20:14 left[0m	
[0m.:. Batch 17665 to 17792 on 72328 images[0m	
[0m: 26% done[0m	[0m00:18:58 left[0m	
[0m.:. Batch 21249 to 21376 on 72328 images[0m	
[0m: 31% done[0m	[0m00:17:30 left[0m	
[0m.:. Batch 24961 to 25088 on 72328 images[0m	
[0m: 36% done[0m	[0m00:16:08 left[0m	
[0m.:. Batch 28545 to 28672 on 72328 images[0m	
[0m: 41% done[0m	[0m00:14:54 left[0m	
[0m.:. Batch 32129 to 32256 on 72328 images[0m	
[0m: 46% done[0m	[0m00:13:41 left[0m	
[0m.:. Batch 35841 to 35968 on 72328 images[0m	
[0m: 51% done[0m	[0m00:12:27 left[0m	
[0m.:. Batch 39425 to 39552 on 72328 images[0m	
[0m: 56% done[0m	[0m00:11:07 left[0m	
[0m.:. Batch 43009 to 43136 on 72328 images[0m	
[0m: 61% done[0m	[0m00:09:53 left[0m	
[0m.:. Batch 46721 to 46848 on 72328 images[0m	
[0m: 66% done[0m	[0m00:08:39 left[0m	
[0m.:. Batch 50305 to 50432 on 72328 images[0m	
[0m: 71% done[0m	[0m00:07:22 left[0m	
[0m.:. Batch 53889 to 54016 on 72328 images[0m	
[0m: 76% done[0m	[0m00:06:07 left[0m	
[0m.:. Batch 57473 to 57600 on 72328 images[0m	
[0m: 81% done[0m	[0m00:04:51 left[0m	
[0m.:. Batch 61185 to 61312 on 72328 images[0m	
[0m: 86% done[0m	[0m00:03:36 left[0m	
[0m.:. Batch 64769 to 64896 on 72328 images[0m	
[0m: 91% done[0m	[0m00:02:18 left[0m	
[0m.:. Batch 68353 to 68480 on 72328 images[0m	
[0m: 96% done[0m	[0m00:01:04 left[0m	
[0m.:. Batch 72065 to 72192 on 72328 images[0m	
[0m.:. End of Epoch n° 20[0m	
[0m: Real time to learn 1 batch = 00:00:02[0m	
[0m: Real time to learn full batch = 00:25:01[0m	
[0m# Confusion Matrix[0m	
[0m: average row correct: 52.191683886075%[0m	
[0m: average rowUcol correct (VOC measure): 35.401659248637%[0m	
[0m: > global correct: 52.08356376507%[0m	
[0m
# ... test model[0m	
[0m: 0% done [0m	[0m00:03:00 left[0m	
[0m: 5% done [0m	[0m00:02:22 left[0m	
[0m: 10% done [0m	[0m00:02:29 left[0m	
[0m: 15% done [0m	[0m00:02:25 left[0m	
[0m: 20% done [0m	[0m00:02:17 left[0m	
[0m: 25% done [0m	[0m00:02:11 left[0m	
[0m: 30% done [0m	[0m00:02:04 left[0m	
[0m: 35% done [0m	[0m00:01:58 left[0m	
[0m: 40% done [0m	[0m00:01:51 left[0m	
[0m: 45% done [0m	[0m00:01:43 left[0m	
[0m: 50% done [0m	[0m00:01:34 left[0m	
[0m: 55% done [0m	[0m00:01:26 left[0m	
[0m: 60% done [0m	[0m00:01:17 left[0m	
[0m: 65% done [0m	[0m00:01:08 left[0m	
[0m: 70% done [0m	[0m00:00:58 left[0m	
[0m: 75% done [0m	[0m00:00:54 left[0m	
[0m: 80% done [0m	[0m00:00:42 left[0m	
[0m: 85% done [0m	[0m00:00:31 left[0m	
[0m: 90% done [0m	[0m00:00:21 left[0m	
[0m: 95% done [0m	[0m00:00:10 left[0m	
[0m: 100% done [0m	[0m00:00:00 left[0m	
[0m: Time to test all samples = 00:03:19[0m	
[0m# Confusion Matrix[0m	
[0m: average row correct: 21.198348993767%[0m	
[0m: average rowUcol correct (VOC measure): 11.818080503807%[0m	
[0m: > global correct: 21.088285509721%[0m	
[0m# ... saving model to ./sk5bis/model.net[0m	
[0m: tac = 2.3323619365692 sec[0m	
[0m# ... saving optimfunc.state to ./sk5bis/optim.state[0m	
[0m: tac = 3.4911420345306 sec[0m	
[0m# ... saving optimfunc.method to ./sk5bis/optim.method[0m	
[0m: tac = 3.542042016983 sec[0m	
[0m
#####################[0m	
[0m# Epoch n° 21[0m	
[0m
# ... train model[0m	
[0m.:. Batch 1 to 128 on 72328 images[0m	
[0m: 1% done[0m	[0m00:24:07 left[0m	
[0m.:. Batch 3201 to 3328 on 72328 images[0m	
[0m: 6% done[0m	[0m00:23:58 left[0m	
[0m.:. Batch 6785 to 6912 on 72328 images[0m	
[0m: 11% done[0m	[0m00:21:57 left[0m	
[0m.:. Batch 10497 to 10624 on 72328 images[0m	
[0m: 16% done[0m	[0m00:20:41 left[0m	
[0m.:. Batch 14081 to 14208 on 72328 images[0m	
[0m: 21% done[0m	[0m00:19:36 left[0m	
[0m.:. Batch 17665 to 17792 on 72328 images[0m	
[0m: 26% done[0m	[0m00:18:17 left[0m	
[0m.:. Batch 21249 to 21376 on 72328 images[0m	
[0m: 31% done[0m	[0m00:17:11 left[0m	
[0m.:. Batch 24961 to 25088 on 72328 images[0m	
[0m: 36% done[0m	[0m00:15:49 left[0m	
[0m.:. Batch 28545 to 28672 on 72328 images[0m	
[0m: 41% done[0m	[0m00:14:28 left[0m	
[0m.:. Batch 32129 to 32256 on 72328 images[0m	
[0m: 46% done[0m	[0m00:13:19 left[0m	
[0m.:. Batch 35841 to 35968 on 72328 images[0m	
[0m: 51% done[0m	[0m00:12:09 left[0m	
[0m.:. Batch 39425 to 39552 on 72328 images[0m	
[0m: 56% done[0m	[0m00:10:56 left[0m	
[0m.:. Batch 43009 to 43136 on 72328 images[0m	
[0m: 61% done[0m	[0m00:09:44 left[0m	
[0m.:. Batch 46721 to 46848 on 72328 images[0m	
[0m: 66% done[0m	[0m00:08:32 left[0m	
[0m.:. Batch 50305 to 50432 on 72328 images[0m	
[0m: 71% done[0m	[0m00:07:16 left[0m	
[0m.:. Batch 53889 to 54016 on 72328 images[0m	
[0m: 76% done[0m	[0m00:06:00 left[0m	
[0m.:. Batch 57473 to 57600 on 72328 images[0m	
[0m: 81% done[0m	[0m00:04:46 left[0m	
[0m.:. Batch 61185 to 61312 on 72328 images[0m	
[0m: 86% done[0m	[0m00:03:32 left[0m	
[0m.:. Batch 64769 to 64896 on 72328 images[0m	
[0m: 91% done[0m	[0m00:02:16 left[0m	
[0m.:. Batch 68353 to 68480 on 72328 images[0m	
[0m: 96% done[0m	[0m00:01:02 left[0m	
[0m.:. Batch 72065 to 72192 on 72328 images[0m	
[0m.:. End of Epoch n° 21[0m	
[0m: Real time to learn 1 batch = 00:00:02[0m	
[0m: Real time to learn full batch = 00:24:31[0m	
[0m# Confusion Matrix[0m	
[0m: average row correct: 52.283907818175%[0m	
[0m: average rowUcol correct (VOC measure): 35.440608058678%[0m	
[0m: > global correct: 52.184492865833%[0m	
[0m
# ... test model[0m	
[0m: 0% done [0m	[0m00:02:54 left[0m	
[0m: 5% done [0m	[0m00:01:55 left[0m	
[0m: 10% done [0m	[0m00:02:19 left[0m	
[0m: 15% done [0m	[0m00:02:20 left[0m	
[0m: 20% done [0m	[0m00:02:16 left[0m	
[0m: 25% done [0m	[0m00:02:09 left[0m	
[0m: 30% done [0m	[0m00:02:02 left[0m	
[0m: 35% done [0m	[0m00:01:56 left[0m	
[0m: 40% done [0m	[0m00:01:48 left[0m	
[0m: 45% done [0m	[0m00:01:41 left[0m	
[0m: 50% done [0m	[0m00:01:33 left[0m	
[0m: 55% done [0m	[0m00:01:25 left[0m	
[0m: 60% done [0m	[0m00:01:17 left[0m	
[0m: 65% done [0m	[0m00:01:08 left[0m	
[0m: 70% done [0m	[0m00:00:59 left[0m	
[0m: 75% done [0m	[0m00:00:50 left[0m	
[0m: 80% done [0m	[0m00:00:40 left[0m	
[0m: 85% done [0m	[0m00:00:31 left[0m	
[0m: 90% done [0m	[0m00:00:20 left[0m	
[0m: 95% done [0m	[0m00:00:10 left[0m	
[0m: 100% done [0m	[0m00:00:00 left[0m	
[0m: Time to test all samples = 00:03:13[0m	
[0m# Confusion Matrix[0m	
[0m: average row correct: 21.193366141363%[0m	
[0m: average rowUcol correct (VOC measure): 11.816963919964%[0m	
[0m: > global correct: 21.082777991959%[0m	
[0m# ... saving model to ./sk5bis/model.net[0m	
[0m: tac = 2.3836579322815 sec[0m	
[0m# ... saving optimfunc.state to ./sk5bis/optim.state[0m	
[0m: tac = 3.392835855484 sec[0m	
[0m# ... saving optimfunc.method to ./sk5bis/optim.method[0m	
[0m: tac = 3.4448969364166 sec[0m	
[0m
#####################[0m	
[0m# Epoch n° 22[0m	
[0m
# ... train model[0m	
[0m.:. Batch 1 to 128 on 72328 images[0m	
[0m: 1% done[0m	[0m00:23:32 left[0m	
[0m.:. Batch 3201 to 3328 on 72328 images[0m	
[0m: 6% done[0m	[0m00:23:58 left[0m	
[0m.:. Batch 6785 to 6912 on 72328 images[0m	
[0m: 11% done[0m	[0m00:22:39 left[0m	
[0m.:. Batch 10497 to 10624 on 72328 images[0m	
[0m: 16% done[0m	[0m00:20:41 left[0m	
[0m.:. Batch 14081 to 14208 on 72328 images[0m	
[0m: 21% done[0m	[0m00:19:41 left[0m	
[0m.:. Batch 17665 to 17792 on 72328 images[0m	
[0m: 26% done[0m	[0m00:18:34 left[0m	
[0m.:. Batch 21249 to 21376 on 72328 images[0m	
[0m: 31% done[0m	[0m00:17:15 left[0m	
[0m.:. Batch 24961 to 25088 on 72328 images[0m	
[0m: 36% done[0m	[0m00:15:51 left[0m	
[0m.:. Batch 28545 to 28672 on 72328 images[0m	
[0m: 41% done[0m	[0m00:14:31 left[0m	
[0m.:. Batch 32129 to 32256 on 72328 images[0m	
[0m: 46% done[0m	[0m00:13:22 left[0m	
[0m.:. Batch 35841 to 35968 on 72328 images[0m	
[0m: 51% done[0m	[0m00:12:07 left[0m	
[0m.:. Batch 39425 to 39552 on 72328 images[0m	
[0m: 56% done[0m	[0m00:10:54 left[0m	
[0m.:. Batch 43009 to 43136 on 72328 images[0m	
[0m: 61% done[0m	[0m00:09:43 left[0m	
[0m.:. Batch 46721 to 46848 on 72328 images[0m	
[0m: 66% done[0m	[0m00:08:31 left[0m	
[0m.:. Batch 50305 to 50432 on 72328 images[0m	
[0m: 71% done[0m	[0m00:07:15 left[0m	
[0m.:. Batch 53889 to 54016 on 72328 images[0m	
[0m: 76% done[0m	[0m00:06:01 left[0m	
[0m.:. Batch 57473 to 57600 on 72328 images[0m	
[0m: 81% done[0m	[0m00:04:47 left[0m	
[0m.:. Batch 61185 to 61312 on 72328 images[0m	
[0m: 86% done[0m	[0m00:03:33 left[0m	
[0m.:. Batch 64769 to 64896 on 72328 images[0m	
[0m: 91% done[0m	[0m00:02:17 left[0m	
[0m.:. Batch 68353 to 68480 on 72328 images[0m	
[0m: 96% done[0m	[0m00:01:03 left[0m	
[0m.:. Batch 72065 to 72192 on 72328 images[0m	
[0m.:. End of Epoch n° 22[0m	
[0m: Real time to learn 1 batch = 00:00:02[0m	
[0m: Real time to learn full batch = 00:24:51[0m	
[0m# Confusion Matrix[0m	
[0m: average row correct: 52.218639068674%[0m	
[0m: average rowUcol correct (VOC measure): 35.393669751316%[0m	
[0m: > global correct: 52.11259816392%[0m	
[0m
# ... test model[0m	
[0m: 0% done [0m	[0m00:03:04 left[0m	
[0m: 5% done [0m	[0m00:02:23 left[0m	
[0m: 10% done [0m	[0m00:02:29 left[0m	
[0m: 15% done [0m	[0m00:02:26 left[0m	
[0m: 20% done [0m	[0m00:02:19 left[0m	
[0m: 25% done [0m	[0m00:02:14 left[0m	
[0m: 30% done [0m	[0m00:02:08 left[0m	
[0m: 35% done [0m	[0m00:02:01 left[0m	
[0m: 40% done [0m	[0m00:01:53 left[0m	
[0m: 45% done [0m	[0m00:01:45 left[0m	
[0m: 50% done [0m	[0m00:01:37 left[0m	
[0m: 55% done [0m	[0m00:01:29 left[0m	
[0m: 60% done [0m	[0m00:01:19 left[0m	
[0m: 65% done [0m	[0m00:01:10 left[0m	
[0m: 70% done [0m	[0m00:01:01 left[0m	
[0m: 75% done [0m	[0m00:00:51 left[0m	
[0m: 80% done [0m	[0m00:00:41 left[0m	
[0m: 85% done [0m	[0m00:00:31 left[0m	
[0m: 90% done [0m	[0m00:00:21 left[0m	
[0m: 95% done [0m	[0m00:00:10 left[0m	
[0m: 100% done [0m	[0m00:00:00 left[0m	
[0m: Time to test all samples = 00:03:13[0m	
[0m# Confusion Matrix[0m	
[0m: average row correct: 21.209299488288%[0m	
[0m: average rowUcol correct (VOC measure): 11.822518268785%[0m	
[0m: > global correct: 21.099300545244%[0m	
[0m# ... saving model to ./sk5bis/model.net[0m	
[0m: tac = 3.5564019680023 sec[0m	
[0m# ... saving optimfunc.state to ./sk5bis/optim.state[0m	
[0m: tac = 4.5631368160248 sec[0m	
[0m# ... saving optimfunc.method to ./sk5bis/optim.method[0m	
[0m: tac = 4.615993976593 sec[0m	
[0m
#####################[0m	
[0m# Epoch n° 23[0m	
[0m
# ... train model[0m	
[0m.:. Batch 1 to 128 on 72328 images[0m	
[0m: 1% done[0m	[0m00:22:59 left[0m	
[0m.:. Batch 3201 to 3328 on 72328 images[0m	
[0m: 6% done[0m	[0m00:23:55 left[0m	
[0m.:. Batch 6785 to 6912 on 72328 images[0m	
[0m: 11% done[0m	[0m00:22:49 left[0m	
[0m.:. Batch 10497 to 10624 on 72328 images[0m	
[0m: 16% done[0m	[0m00:21:31 left[0m	
[0m.:. Batch 14081 to 14208 on 72328 images[0m	
[0m: 21% done[0m	[0m00:19:28 left[0m	
[0m.:. Batch 17665 to 17792 on 72328 images[0m	
[0m: 26% done[0m	[0m00:18:22 left[0m	
[0m.:. Batch 21249 to 21376 on 72328 images[0m	
[0m: 31% done[0m	[0m00:16:51 left[0m	
[0m.:. Batch 24961 to 25088 on 72328 images[0m	
[0m: 36% done[0m	[0m00:15:21 left[0m	
[0m.:. Batch 28545 to 28672 on 72328 images[0m	
[0m: 41% done[0m	[0m00:14:14 left[0m	
[0m.:. Batch 32129 to 32256 on 72328 images[0m	
[0m: 46% done[0m	[0m00:13:09 left[0m	
[0m.:. Batch 35841 to 35968 on 72328 images[0m	
[0m: 51% done[0m	[0m00:12:01 left[0m	
[0m.:. Batch 39425 to 39552 on 72328 images[0m	
[0m: 56% done[0m	[0m00:10:45 left[0m	
[0m.:. Batch 43009 to 43136 on 72328 images[0m	
[0m: 61% done[0m	[0m00:09:35 left[0m	
[0m.:. Batch 46721 to 46848 on 72328 images[0m	
[0m: 66% done[0m	[0m00:08:22 left[0m	
[0m.:. Batch 50305 to 50432 on 72328 images[0m	
[0m: 71% done[0m	[0m00:07:07 left[0m	
[0m.:. Batch 53889 to 54016 on 72328 images[0m	
[0m: 76% done[0m	[0m00:05:56 left[0m	
[0m.:. Batch 57473 to 57600 on 72328 images[0m	
[0m: 81% done[0m	[0m00:04:44 left[0m	
Killed
