{
  cudnn : [0;34mtrue[0m
  pretrain_model : [0;34mfalse[0m
  weight_decay : [0;36m1e-05[0m
  batch_size : [0;36m60[0m
  cuda : [0;34mtrue[0m
  test_model : [0;34mfalse[0m
  load_epoch : [0;34mfalse[0m
  type_data : [1;30m"[0m[0;32mrecipe101[0m[1;30m"[0m
  plot_every : [0;36m10[0m
  path2save_epoch : [1;30m"[0m[0;32m/home/cadene/doc/DeepRecipes/convnet/rslt/overfat+5+8e-4/epoch.t7[0m[1;30m"[0m
  path2load_std : [1;30m"[0m[0;32m/home/cadene/doc/DeepRecipes/convnet/rslt/overfat+5+8e-4/std.t7[0m[1;30m"[0m
  path2save_log : [1;30m"[0m[0;32m./rslt/overfat+5+8e-4[0m[1;30m"[0m
  load_model : [0;34mfalse[0m
  save_model : [0;34mtrue[0m
  K : [0;36m3[0m
  momentum : [0;36m0.6[0m
  threads : [0;36m1[0m
  type_model : [1;30m"[0m[0;32moverfeat[0m[1;30m"[0m
  path2load_epoch : [1;30m"[0m[0;32m/home/cadene/doc/DeepRecipes/convnet/rslt/overfat+5+8e-4/epoch.t7[0m[1;30m"[0m
  load_logger : [0;34mfalse[0m
  seed : [0;36m1337[0m
  path2save_std : [1;30m"[0m[0;32m/home/cadene/doc/DeepRecipes/convnet/rslt/overfat+5+8e-4/std.t7[0m[1;30m"[0m
  path2load_mean : [1;30m"[0m[0;32m/home/cadene/doc/DeepRecipes/convnet/rslt/overfat+5+8e-4/mean.t7[0m[1;30m"[0m
  gpuid : [0;36m1[0m
  path2load_model : [1;30m"[0m[0;32m/home/cadene/doc/DeepRecipes/convnet/rslt/overfat+5+8e-4/model.t7[0m[1;30m"[0m
  path2load_log : [1;30m"[0m[0;32m./rslt/overfat+5+8e-4[0m[1;30m"[0m
  path2save_mean : [1;30m"[0m[0;32m/home/cadene/doc/DeepRecipes/convnet/rslt/overfat+5+8e-4/mean.t7[0m[1;30m"[0m
  pc_train : [0;36m0.8[0m
  path2save_model : [1;30m"[0m[0;32m/home/cadene/doc/DeepRecipes/convnet/rslt/overfat+5+8e-4/model.t7[0m[1;30m"[0m
  H : [0;36m100[0m
  path2save : [1;30m"[0m[0;32m./rslt/overfat+5+8e-4[0m[1;30m"[0m
  type_criterion : [1;30m"[0m[0;32mNLL[0m[1;30m"[0m
  path2load : [1;30m"[0m[0;32m./rslt/overfat+5+8e-4[0m[1;30m"[0m
  dropout : [0;36m0.5[0m
  epoch : [0;36m100[0m
  path2load_data : [1;30m"[0m[0;32m/home/cadene/data/recipe_101_clean/[0m[1;30m"[0m
  learning_rate_decay : [0;36m0[0m
  path2load_csv : [0;34mfalse[0m
  4d_tensor : [0;34mtrue[0m
  prepare_data : [0;34mfalse[0m
  type_optimizer : [1;30m"[0m[0;32mSGD_overfeat[0m[1;30m"[0m
  N : [0;36m500[0m
  train_model : [0;34mtrue[0m
  convMM : [0;34mtrue[0m
  save_every : [0;36m1[0m
  learning_rate : [0;36m0.0008[0m
  D : [0;36m2[0m
  plot : [0;34mtrue[0m
  load_mean_std : [0;34mfalse[0m
  process_mean_std : [0;34mfalse[0m
}
[0m# ... lunching using pid = 13612[0m	
[0m# ... switching to CUDA[0m	

Database :
101 classes

Model :
nn.Sequential {
  [input -> (1) -> (2) -> (3) -> (4) -> (5) -> (6) -> (7) -> (8) -> (9) -> (10) -> (11) -> (12) -> (13) -> (14) -> (15) -> (16) -> (17) -> (18) -> (19) -> (20) -> (21) -> (22) -> (23) -> (24) -> output]
  (1): cudnn.SpatialConvolution(3 -> 96, 7x7, 2,2)
  (2): nn.ReLU
  (3): nn.SpatialMaxPooling(3,3,3,3)
  (4): cudnn.SpatialConvolution(96 -> 256, 7x7)
  (5): nn.ReLU
  (6): nn.SpatialMaxPooling(2,2,2,2)
  (7): cudnn.SpatialConvolution(256 -> 512, 3x3, 1,1, 1,1)
  (8): nn.ReLU
  (9): cudnn.SpatialConvolution(512 -> 512, 3x3, 1,1, 1,1)
  (10): nn.ReLU
  (11): cudnn.SpatialConvolution(512 -> 1024, 3x3, 1,1, 1,1)
  (12): nn.ReLU
  (13): cudnn.SpatialConvolution(1024 -> 1024, 3x3, 1,1, 1,1)
  (14): nn.ReLU
  (15): nn.SpatialMaxPooling(3,3,3,3)
  (16): cudnn.SpatialConvolution(1024 -> 4096, 5x5)
  (17): nn.ReLU
  (18): nn.Dropout(0.500000)
  (19): cudnn.SpatialConvolution(4096 -> 4096, 1x1)
  (20): nn.ReLU
  (21): nn.Dropout(0.500000)
  (22): cudnn.SpatialConvolution(4096 -> 101, 1x1)
  (23): nn.View
  (24): nn.LogSoftMax
}
140973285 parameters
[0m
Criterion :
type: nn.ClassNLLCriterion[0m	

Optimizer:
nesterov : true
learningRates : size[140973285
dampening : 0
learningRate : 0.0008
weightDecay : 1e-05
momentum : 0.6
[0mtype : SGD_overfeat[0m	
[0m[0m	
[0m######### RUNNING ############[0m	
[0m[0m	
[0m[0m	
[0m# Epoch n° 1[0m	
[0m.:. Batch 1 to 60 on 72328 images[0m	
[0mMemory usage[0m	
[0mCPU[0m	[0;36m7837.0869140625[0m	
[0mGPU[0m	[0m3779072000 / 5032706048[0m	
[0m: 1% done[0m	[0m00:58:16 left[0m	
[0m.:. Batch 3241 to 3300 on 72328 images[0m	
[0mMemory usage[0m	
[0mCPU[0m	[0;36m8672.716796875[0m	
[0mGPU[0m	[0m1245409280 / 5032706048[0m	
[0m: 6% done[0m	[0m00:59:51 left[0m	
[0m.:. Batch 6841 to 6900 on 72328 images[0m	
[0mMemory usage[0m	
[0mCPU[0m	[0;36m8683.26171875[0m	
[0mGPU[0m	[0m1245409280 / 5032706048[0m	
[0m: 11% done[0m	[0m00:56:54 left[0m	
[0m.:. Batch 10441 to 10500 on 72328 images[0m	
[0mMemory usage[0m	
[0mCPU[0m	[0;36m8691.6767578125[0m	
[0mGPU[0m	[0m1245409280 / 5032706048[0m	
[0m: 16% done[0m	[0m00:53:50 left[0m	
[0m.:. Batch 14101 to 14160 on 72328 images[0m	
[0mMemory usage[0m	
[0mCPU[0m	[0;36m8760.8525390625[0m	
[0mGPU[0m	[0m1210150912 / 5032706048[0m	
[0m: 21% done[0m	[0m00:50:40 left[0m	
[0m.:. Batch 17701 to 17760 on 72328 images[0m	
[0mMemory usage[0m	
[0mCPU[0m	[0;36m8768.662109375[0m	
[0mGPU[0m	[0m1210150912 / 5032706048[0m	
[0m: 26% done[0m	[0m00:47:31 left[0m	
[0m.:. Batch 21301 to 21360 on 72328 images[0m	
[0mMemory usage[0m	
[0mCPU[0m	[0;36m8772.369140625[0m	
[0mGPU[0m	[0m1210150912 / 5032706048[0m	
[0m: 31% done[0m	[0m00:44:21 left[0m	
[0m.:. Batch 24961 to 25020 on 72328 images[0m	
[0mMemory usage[0m	
[0mCPU[0m	[0;36m8840.912109375[0m	
[0mGPU[0m	[0m1174892544 / 5032706048[0m	
[0m: 36% done[0m	[0m00:41:07 left[0m	
[0m.:. Batch 28561 to 28620 on 72328 images[0m	
[0mMemory usage[0m	
[0mCPU[0m	[0;36m8844.7685546875[0m	
[0mGPU[0m	[0m1174892544 / 5032706048[0m	
[0m: 41% done[0m	[0m00:37:57 left[0m	
[0m.:. Batch 32161 to 32220 on 72328 images[0m	
[0mMemory usage[0m	
[0mCPU[0m	[0;36m8856.5869140625[0m	
[0mGPU[0m	[0m1174892544 / 5032706048[0m	
[0m: 46% done[0m	[0m00:34:47 left[0m	
[0m.:. Batch 35761 to 35820 on 72328 images[0m	
[0mMemory usage[0m	
[0mCPU[0m	[0;36m8860.216796875[0m	
[0mGPU[0m	[0m1174892544 / 5032706048[0m	
[0m: 51% done[0m	[0m00:31:33 left[0m	
[0m.:. Batch 39421 to 39480 on 72328 images[0m	
[0mMemory usage[0m	
[0mCPU[0m	[0;36m8929.15625[0m	
[0mGPU[0m	[0m1139634176 / 5032706048[0m	
[0m: 56% done[0m	[0m00:28:22 left[0m	
[0m.:. Batch 43021 to 43080 on 72328 images[0m	
[0mMemory usage[0m	
[0mCPU[0m	[0;36m8932.32421875[0m	
[0mGPU[0m	[0m1139634176 / 5032706048[0m	
[0m: 61% done[0m	[0m00:25:12 left[0m	
[0m.:. Batch 46621 to 46680 on 72328 images[0m	
[0mMemory usage[0m	
[0mCPU[0m	[0;36m8936.107421875[0m	
[0mGPU[0m	[0m1139634176 / 5032706048[0m	
[0m: 66% done[0m	[0m00:22:01 left[0m	
[0m.:. Batch 50281 to 50340 on 72328 images[0m	
[0mMemory usage[0m	
[0mCPU[0m	[0;36m9005.1748046875[0m	
[0mGPU[0m	[0m1104375808 / 5032706048[0m	
[0m: 71% done[0m	[0m00:18:47 left[0m	
[0m.:. Batch 53881 to 53940 on 72328 images[0m	
[0mMemory usage[0m	
[0mCPU[0m	[0;36m9009.2021484375[0m	
[0mGPU[0m	[0m1104375808 / 5032706048[0m	
[0m: 76% done[0m	[0m00:15:36 left[0m	
[0m.:. Batch 57481 to 57540 on 72328 images[0m	
[0mMemory usage[0m	
[0mCPU[0m	[0;36m9012.794921875[0m	
[0mGPU[0m	[0m1104375808 / 5032706048[0m	
[0m: 81% done[0m	[0m00:12:25 left[0m	
[0m.:. Batch 61141 to 61200 on 72328 images[0m	
[0mMemory usage[0m	
[0mCPU[0m	[0;36m9082.099609375[0m	
[0mGPU[0m	[0m1068068864 / 5032706048[0m	
[0m: 86% done[0m	[0m00:09:11 left[0m	
[0m.:. Batch 64741 to 64800 on 72328 images[0m	
[0mMemory usage[0m	
[0mCPU[0m	[0;36m9101.9482421875[0m	
[0mGPU[0m	[0m1068068864 / 5032706048[0m	
[0m: 91% done[0m	[0m00:06:00 left[0m	
[0m.:. Batch 68341 to 68400 on 72328 images[0m	
[0mMemory usage[0m	
[0mCPU[0m	[0;36m9105.6767578125[0m	
[0mGPU[0m	[0m1068068864 / 5032706048[0m	
[0m: 96% done[0m	[0m00:02:50 left[0m	
[0m.:. Batch 71941 to 72000 on 72328 images[0m	
[0mMemory usage[0m	
[0mCPU[0m	[0;36m9109.6943359375[0m	
[0mGPU[0m	[0m1068068864 / 5032706048[0m	
[0m.:. End of Epoch n° 1[0m	
[0m: Real time to learn 1 batch = 00:00:03[0m	
[0m: Real time to learn full batch = 01:03:56[0m	
[0m# Confusion Matrix[0m	
[0m: average row correct: 0.91049036271593%[0m	
[0m: average rowUcol correct (VOC measure): 0.10157647199173%[0m	
[0m: > global correct: 0.92218781108284%[0m	
[0m# ... saving model to /home/cadene/doc/DeepRecipes/convnet/rslt/overfat+5+8e-4/model.t7[0m	
[0m[0m	
[0m# Epoch n° 2[0m	
[0m.:. Batch 1 to 60 on 72328 images[0m	
[0mMemory usage[0m	
[0mCPU[0m	[0;36m10267.716796875[0m	
[0mGPU[0m	[0m1562734592 / 5032706048[0m	
[0m: 1% done[0m	[0m01:08:25 left[0m	
[0m.:. Batch 3241 to 3300 on 72328 images[0m	
[0mMemory usage[0m	
[0mCPU[0m	[0;36m8689.072265625[0m	
[0mGPU[0m	[0m1245409280 / 5032706048[0m	
[0m: 6% done[0m	[0m01:17:13 left[0m	
[0m.:. Batch 6841 to 6900 on 72328 images[0m	
[0mMemory usage[0m	
[0mCPU[0m	[0;36m8694.3623046875[0m	
[0mGPU[0m	[0m1245409280 / 5032706048[0m	
[0m: 11% done[0m	[0m01:05:36 left[0m	
[0m.:. Batch 10441 to 10500 on 72328 images[0m	
[0mMemory usage[0m	
[0mCPU[0m	[0;36m8699.6796875[0m	
[0mGPU[0m	[0m1245409280 / 5032706048[0m	
[0m: 16% done[0m	[0m00:59:27 left[0m	
[0m.:. Batch 14101 to 14160 on 72328 images[0m	
[0mMemory usage[0m	
[0mCPU[0m	[0;36m8768.7080078125[0m	
[0mGPU[0m	[0m1210150912 / 5032706048[0m	
[0m: 21% done[0m	[0m00:54:37 left[0m	
[0m.:. Batch 17701 to 17760 on 72328 images[0m	
[0mMemory usage[0m	
[0mCPU[0m	[0;36m8776.3935546875[0m	
[0mGPU[0m	[0m1210150912 / 5032706048[0m	
[0m: 26% done[0m	[0m00:50:34 left[0m	
[0m.:. Batch 21301 to 21360 on 72328 images[0m	
[0mMemory usage[0m	
[0mCPU[0m	[0;36m8780.3916015625[0m	
[0mGPU[0m	[0m1210150912 / 5032706048[0m	
[0m: 31% done[0m	[0m00:46:43 left[0m	
[0m.:. Batch 24961 to 25020 on 72328 images[0m	
[0mMemory usage[0m	
[0mCPU[0m	[0;36m8849.390625[0m	
[0mGPU[0m	[0m1174892544 / 5032706048[0m	
[0m: 36% done[0m	[0m00:43:01 left[0m	
[0m.:. Batch 28561 to 28620 on 72328 images[0m	
[0mMemory usage[0m	
[0mCPU[0m	[0;36m8852.7119140625[0m	
[0mGPU[0m	[0m1174892544 / 5032706048[0m	
[0m: 41% done[0m	[0m00:39:29 left[0m	
[0m.:. Batch 32161 to 32220 on 72328 images[0m	
[0mMemory usage[0m	
[0mCPU[0m	[0;36m8864.615234375[0m	
[0mGPU[0m	[0m1174892544 / 5032706048[0m	
[0m: 46% done[0m	[0m00:36:01 left[0m	
[0m.:. Batch 35761 to 35820 on 72328 images[0m	
[0mMemory usage[0m	
[0mCPU[0m	[0;36m8868.6875[0m	
[0mGPU[0m	[0m1174892544 / 5032706048[0m	
[0m: 51% done[0m	[0m00:32:34 left[0m	
[0m.:. Batch 39421 to 39480 on 72328 images[0m	
[0mMemory usage[0m	
[0mCPU[0m	[0;36m8937.22265625[0m	
[0mGPU[0m	[0m1139634176 / 5032706048[0m	
[0m: 56% done[0m	[0m00:29:20 left[0m	
[0m.:. Batch 43021 to 43080 on 72328 images[0m	
[0mMemory usage[0m	
[0mCPU[0m	[0;36m8940.8984375[0m	
[0mGPU[0m	[0m1139634176 / 5032706048[0m	
[0m: 61% done[0m	[0m00:25:59 left[0m	
[0m.:. Batch 46621 to 46680 on 72328 images[0m	
[0mMemory usage[0m	
[0mCPU[0m	[0;36m8945.0361328125[0m	
[0mGPU[0m	[0m1139634176 / 5032706048[0m	
[0m: 66% done[0m	[0m00:22:39 left[0m	
[0m.:. Batch 50281 to 50340 on 72328 images[0m	
[0mMemory usage[0m	
[0mCPU[0m	[0;36m9013.8232421875[0m	
[0mGPU[0m	[0m1104375808 / 5032706048[0m	
[0m: 71% done[0m	[0m00:19:17 left[0m	
[0m.:. Batch 53881 to 53940 on 72328 images[0m	
[0mMemory usage[0m	
[0mCPU[0m	[0;36m9017.849609375[0m	
[0mGPU[0m	[0m1104375808 / 5032706048[0m	
[0m: 76% done[0m	[0m00:16:00 left[0m	
[0m.:. Batch 57481 to 57540 on 72328 images[0m	
[0mMemory usage[0m	
[0mCPU[0m	[0;36m9021.2041015625[0m	
[0mGPU[0m	[0m1104375808 / 5032706048[0m	
[0m: 81% done[0m	[0m00:12:44 left[0m	
[0m.:. Batch 61141 to 61200 on 72328 images[0m	
[0mMemory usage[0m	
[0mCPU[0m	[0;36m9089.5703125[0m	
[0mGPU[0m	[0m1068068864 / 5032706048[0m	
[0m: 86% done[0m	[0m00:09:25 left[0m	
[0m.:. Batch 64741 to 64800 on 72328 images[0m	
[0mMemory usage[0m	
[0mCPU[0m	[0;36m9110.0810546875[0m	
[0mGPU[0m	[0m1068068864 / 5032706048[0m	
[0m: 91% done[0m	[0m00:06:09 left[0m	
[0m.:. Batch 68341 to 68400 on 72328 images[0m	
[0mMemory usage[0m	
[0mCPU[0m	[0;36m9113.4501953125[0m	
[0mGPU[0m	[0m1068068864 / 5032706048[0m	
[0m: 96% done[0m	[0m00:02:53 left[0m	
[0m.:. Batch 71941 to 72000 on 72328 images[0m	
[0mMemory usage[0m	
[0mCPU[0m	[0;36m9117.306640625[0m	
[0mGPU[0m	[0m1068068864 / 5032706048[0m	
[0m.:. End of Epoch n° 2[0m	
[0m: Real time to learn 1 batch = 00:00:03[0m	
[0m: Real time to learn full batch = 01:05:19[0m	
[0m# Confusion Matrix[0m	
[0m: average row correct: 1.0022749136534%[0m	
[0m: average rowUcol correct (VOC measure): 0.10448351749081%[0m	
[0m: > global correct: 1.0120561884747%[0m	
[0m# ... saving model to /home/cadene/doc/DeepRecipes/convnet/rslt/overfat+5+8e-4/model.t7[0m	
[0m[0m	
[0m# Epoch n° 3[0m	
[0m.:. Batch 1 to 60 on 72328 images[0m	
[0mMemory usage[0m	
[0mCPU[0m	[0;36m10058.755859375[0m	
[0mGPU[0m	[0m1562734592 / 5032706048[0m	
[0m: 1% done[0m	[0m02:05:47 left[0m	
[0m.:. Batch 3241 to 3300 on 72328 images[0m	
[0mMemory usage[0m	
[0mCPU[0m	[0;36m8691.0546875[0m	
[0mGPU[0m	[0m1245409280 / 5032706048[0m	
[0m: 6% done[0m	[0m01:16:06 left[0m	
[0m.:. Batch 6841 to 6900 on 72328 images[0m	
[0mMemory usage[0m	
[0mCPU[0m	[0;36m8695.8798828125[0m	
[0mGPU[0m	[0m1245409280 / 5032706048[0m	
[0m: 11% done[0m	[0m01:04:57 left[0m	
[0m.:. Batch 10441 to 10500 on 72328 images[0m	
[0mMemory usage[0m	
[0mCPU[0m	[0;36m8701.4697265625[0m	
[0mGPU[0m	[0m1245409280 / 5032706048[0m	
[0m: 16% done[0m	[0m00:58:55 left[0m	
[0m.:. Batch 14101 to 14160 on 72328 images[0m	
[0mMemory usage[0m	
[0mCPU[0m	[0;36m8770.4296875[0m	
[0mGPU[0m	[0m1210150912 / 5032706048[0m	
[0m: 21% done[0m	[0m00:54:13 left[0m	
[0m.:. Batch 17701 to 17760 on 72328 images[0m	
[0mMemory usage[0m	
[0mCPU[0m	[0;36m8777.8720703125[0m	
[0mGPU[0m	[0m1210150912 / 5032706048[0m	
[0m: 26% done[0m	[0m00:50:09 left[0m	
[0m.:. Batch 21301 to 21360 on 72328 images[0m	
[0mMemory usage[0m	
[0mCPU[0m	[0;36m8781.8896484375[0m	
[0mGPU[0m	[0m1210150912 / 5032706048[0m	
[0m: 31% done[0m	[0m00:46:24 left[0m	
[0m.:. Batch 24961 to 25020 on 72328 images[0m	
[0mMemory usage[0m	
[0mCPU[0m	[0;36m8850.7197265625[0m	
[0mGPU[0m	[0m1174892544 / 5032706048[0m	
[0m: 36% done[0m	[0m00:42:46 left[0m	
[0m.:. Batch 28561 to 28620 on 72328 images[0m	
[0mMemory usage[0m	
[0mCPU[0m	[0;36m8854.326171875[0m	
[0mGPU[0m	[0m1174892544 / 5032706048[0m	
[0m: 41% done[0m	[0m00:39:16 left[0m	
[0m.:. Batch 32161 to 32220 on 72328 images[0m	
[0mMemory usage[0m	
[0mCPU[0m	[0;36m8865.919921875[0m	
[0mGPU[0m	[0m1174892544 / 5032706048[0m	
[0m: 46% done[0m	[0m00:35:51 left[0m	
[0m.:. Batch 35761 to 35820 on 72328 images[0m	
[0mMemory usage[0m	
[0mCPU[0m	[0;36m8870.171875[0m	
[0mGPU[0m	[0m1174892544 / 5032706048[0m	
[0m: 51% done[0m	[0m00:32:25 left[0m	
[0m.:. Batch 39421 to 39480 on 72328 images[0m	
[0mMemory usage[0m	
[0mCPU[0m	[0;36m8938.5400390625[0m	
[0mGPU[0m	[0m1139634176 / 5032706048[0m	
[0m: 56% done[0m	[0m00:29:05 left[0m	
[0m.:. Batch 43021 to 43080 on 72328 images[0m	
[0mMemory usage[0m	
[0mCPU[0m	[0;36m8942.513671875[0m	
[0mGPU[0m	[0m1139634176 / 5032706048[0m	
[0m: 61% done[0m	[0m00:25:46 left[0m	
[0m.:. Batch 46621 to 46680 on 72328 images[0m	
[0mMemory usage[0m	
[0mCPU[0m	[0;36m8946.0810546875[0m	
[0mGPU[0m	[0m1139634176 / 5032706048[0m	
[0m: 66% done[0m	[0m00:22:28 left[0m	
[0m.:. Batch 50281 to 50340 on 72328 images[0m	
[0mMemory usage[0m	
[0mCPU[0m	[0;36m9015.353515625[0m	
[0mGPU[0m	[0m1104375808 / 5032706048[0m	
[0m: 71% done[0m	[0m00:19:09 left[0m	
[0m.:. Batch 53881 to 53940 on 72328 images[0m	
[0mMemory usage[0m	
[0mCPU[0m	[0;36m9019.1474609375[0m	
[0mGPU[0m	[0m1104375808 / 5032706048[0m	
[0m: 76% done[0m	[0m00:15:53 left[0m	
[0m.:. Batch 57481 to 57540 on 72328 images[0m	
[0mMemory usage[0m	
[0mCPU[0m	[0;36m9022.4951171875[0m	
[0mGPU[0m	[0m1104375808 / 5032706048[0m	
[0m: 81% done[0m	[0m00:12:38 left[0m	
[0m.:. Batch 61141 to 61200 on 72328 images[0m	
[0mMemory usage[0m	
[0mCPU[0m	[0;36m9091.21875[0m	
[0mGPU[0m	[0m1068068864 / 5032706048[0m	
[0m: 86% done[0m	[0m00:09:20 left[0m	
[0m.:. Batch 64741 to 64800 on 72328 images[0m	
[0mMemory usage[0m	
[0mCPU[0m	[0;36m9111.458984375[0m	
[0mGPU[0m	[0m1068068864 / 5032706048[0m	
[0m: 91% done[0m	[0m00:06:06 left[0m	
[0m.:. Batch 68341 to 68400 on 72328 images[0m	
[0mMemory usage[0m	
[0mCPU[0m	[0;36m9114.9599609375[0m	
[0mGPU[0m	[0m1068068864 / 5032706048[0m	
[0m: 96% done[0m	[0m00:02:52 left[0m	
[0m.:. Batch 71941 to 72000 on 72328 images[0m	
[0mMemory usage[0m	
[0mCPU[0m	[0;36m9118.70703125[0m	
[0mGPU[0m	[0m1068068864 / 5032706048[0m	
[0m.:. End of Epoch n° 3[0m	
[0m: Real time to learn 1 batch = 00:00:03[0m	
[0m: Real time to learn full batch = 01:04:47[0m	
[0m# Confusion Matrix[0m	
[0m: average row correct: 0.94768102522847%[0m	
[0m: average rowUcol correct (VOC measure): 0.095232598146995%[0m	
[0m: > global correct: 0.96090034288242%[0m	
[0m# ... saving model to /home/cadene/doc/DeepRecipes/convnet/rslt/overfat+5+8e-4/model.t7[0m	
[0m[0m	
[0m# Epoch n° 4[0m	
[0m.:. Batch 1 to 60 on 72328 images[0m	
[0mMemory usage[0m	
[0mCPU[0m	[0;36m10056.478515625[0m	
[0mGPU[0m	[0m1562734592 / 5032706048[0m	
[0m: 1% done[0m	[0m02:20:26 left[0m	
[0m.:. Batch 3241 to 3300 on 72328 images[0m	
[0mMemory usage[0m	
[0mCPU[0m	[0;36m8691.3134765625[0m	
[0mGPU[0m	[0m1245409280 / 5032706048[0m	
[0m: 6% done[0m	[0m01:08:25 left[0m	
[0m.:. Batch 6841 to 6900 on 72328 images[0m	
[0mMemory usage[0m	
[0mCPU[0m	[0;36m8696.115234375[0m	
[0mGPU[0m	[0m1245409280 / 5032706048[0m	
[0m: 11% done[0m	[0m01:01:10 left[0m	
[0m.:. Batch 10441 to 10500 on 72328 images[0m	
[0mMemory usage[0m	
[0mCPU[0m	[0;36m8701.7021484375[0m	
[0mGPU[0m	[0m1245409280 / 5032706048[0m	
[0m: 16% done[0m	[0m00:56:32 left[0m	
[0m.:. Batch 14101 to 14160 on 72328 images[0m	
[0mMemory usage[0m	
[0mCPU[0m	[0;36m8770.73046875[0m	
[0mGPU[0m	[0m1210150912 / 5032706048[0m	
[0m: 21% done[0m	[0m00:52:33 left[0m	
[0m.:. Batch 17701 to 17760 on 72328 images[0m	
[0mMemory usage[0m	
[0mCPU[0m	[0;36m8778.263671875[0m	
[0mGPU[0m	[0m1210150912 / 5032706048[0m	
[0m: 26% done[0m	[0m00:48:55 left[0m	
[0m.:. Batch 21301 to 21360 on 72328 images[0m	
[0mMemory usage[0m	
[0mCPU[0m	[0;36m8782.2578125[0m	
[0mGPU[0m	[0m1210150912 / 5032706048[0m	
[0m: 31% done[0m	[0m00:45:26 left[0m	
[0m.:. Batch 24961 to 25020 on 72328 images[0m	
[0mMemory usage[0m	
[0mCPU[0m	[0;36m8851.169921875[0m	
[0mGPU[0m	[0m1174892544 / 5032706048[0m	
[0m: 36% done[0m	[0m00:41:59 left[0m	
[0m.:. Batch 28561 to 28620 on 72328 images[0m	
[0mMemory usage[0m	
[0mCPU[0m	[0;36m8854.5263671875[0m	
[0mGPU[0m	[0m1174892544 / 5032706048[0m	
[0m: 41% done[0m	[0m00:38:39 left[0m	
[0m.:. Batch 32161 to 32220 on 72328 images[0m	
[0mMemory usage[0m	
[0mCPU[0m	[0;36m8866.4658203125[0m	
[0mGPU[0m	[0m1174892544 / 5032706048[0m	
[0m: 46% done[0m	[0m00:35:20 left[0m	
[0m.:. Batch 35761 to 35820 on 72328 images[0m	
[0mMemory usage[0m	
[0mCPU[0m	[0;36m8870.224609375[0m	
[0mGPU[0m	[0m1174892544 / 5032706048[0m	
[0m: 51% done[0m	[0m00:32:03 left[0m	
[0m.:. Batch 39421 to 39480 on 72328 images[0m	
[0mMemory usage[0m	
[0mCPU[0m	[0;36m8939.3046875[0m	
[0mGPU[0m	[0m1139634176 / 5032706048[0m	
[0m: 56% done[0m	[0m00:28:46 left[0m	
[0m.:. Batch 43021 to 43080 on 72328 images[0m	
[0mMemory usage[0m	
[0mCPU[0m	[0;36m8942.9384765625[0m	
[0mGPU[0m	[0m1139634176 / 5032706048[0m	
[0m: 61% done[0m	[0m00:25:31 left[0m	
[0m.:. Batch 46621 to 46680 on 72328 images[0m	
[0mMemory usage[0m	
[0mCPU[0m	[0;36m8946.7666015625[0m	
[0mGPU[0m	[0m1139634176 / 5032706048[0m	
[0m: 66% done[0m	[0m00:22:16 left[0m	
[0m.:. Batch 50281 to 50340 on 72328 images[0m	
[0mMemory usage[0m	
[0mCPU[0m	[0;36m9014.9599609375[0m	
[0mGPU[0m	[0m1104375808 / 5032706048[0m	
[0m: 71% done[0m	[0m00:18:59 left[0m	
[0m.:. Batch 53881 to 53940 on 72328 images[0m	
[0mMemory usage[0m	
[0mCPU[0m	[0;36m9018.9853515625[0m	
[0mGPU[0m	[0m1104375808 / 5032706048[0m	
[0m: 76% done[0m	[0m00:15:45 left[0m	
[0m.:. Batch 57481 to 57540 on 72328 images[0m	
[0mMemory usage[0m	
[0mCPU[0m	[0;36m9022.896484375[0m	
[0mGPU[0m	[0m1104375808 / 5032706048[0m	
[0m: 81% done[0m	[0m00:12:32 left[0m	
[0m.:. Batch 61141 to 61200 on 72328 images[0m	
[0mMemory usage[0m	
[0mCPU[0m	[0;36m9091.658203125[0m	
[0mGPU[0m	[0m1068068864 / 5032706048[0m	
[0m: 86% done[0m	[0m00:09:16 left[0m	
[0m.:. Batch 64741 to 64800 on 72328 images[0m	
[0mMemory usage[0m	
[0mCPU[0m	[0;36m9111.44140625[0m	
[0mGPU[0m	[0m1068068864 / 5032706048[0m	
[0m: 91% done[0m	[0m00:06:03 left[0m	
[0m.:. Batch 68341 to 68400 on 72328 images[0m	
[0mMemory usage[0m	
[0mCPU[0m	[0;36m9114.7734375[0m	
[0mGPU[0m	[0m1068068864 / 5032706048[0m	
[0m: 96% done[0m	[0m00:02:51 left[0m	
[0m.:. Batch 71941 to 72000 on 72328 images[0m	
[0mMemory usage[0m	
[0mCPU[0m	[0;36m9118.71875[0m	
[0mGPU[0m	[0m1068068864 / 5032706048[0m	
[0m.:. End of Epoch n° 4[0m	
[0m: Real time to learn 1 batch = 00:00:03[0m	
[0m: Real time to learn full batch = 01:04:24[0m	
[0m# Confusion Matrix[0m	
[0m: average row correct: 1.0272074829658%[0m	
[0m: average rowUcol correct (VOC measure): 0.10136372829317%[0m	
[0m: > global correct: 1.0410905873244%[0m	
[0m# ... saving model to /home/cadene/doc/DeepRecipes/convnet/rslt/overfat+5+8e-4/model.t7[0m	
[0m[0m	
[0m# Epoch n° 5[0m	
[0m.:. Batch 1 to 60 on 72328 images[0m	
[0mMemory usage[0m	
[0mCPU[0m	[0;36m10044.728515625[0m	
[0mGPU[0m	[0m1562734592 / 5032706048[0m	
[0m: 1% done[0m	[0m00:59:43 left[0m	
[0m.:. Batch 3241 to 3300 on 72328 images[0m	
[0mMemory usage[0m	
[0mCPU[0m	[0;36m8690.9658203125[0m	
[0mGPU[0m	[0m1245409280 / 5032706048[0m	
[0m: 6% done[0m	[0m01:00:01 left[0m	
[0m.:. Batch 6841 to 6900 on 72328 images[0m	
[0mMemory usage[0m	
[0mCPU[0m	[0;36m8695.6318359375[0m	
[0mGPU[0m	[0m1245409280 / 5032706048[0m	
[0m: 11% done[0m	[0m00:57:04 left[0m	
[0m.:. Batch 10441 to 10500 on 72328 images[0m	
[0mMemory usage[0m	
[0mCPU[0m	[0;36m8702.0771484375[0m	
[0mGPU[0m	[0m1245409280 / 5032706048[0m	
[0m: 16% done[0m	[0m00:53:55 left[0m	
[0m.:. Batch 14101 to 14160 on 72328 images[0m	
[0mMemory usage[0m	
[0mCPU[0m	[0;36m8770.6396484375[0m	
[0mGPU[0m	[0m1210150912 / 5032706048[0m	
[0m: 21% done[0m	[0m00:50:43 left[0m	
[0m.:. Batch 17701 to 17760 on 72328 images[0m	
[0mMemory usage[0m	
[0mCPU[0m	[0;36m8778.3984375[0m	
[0mGPU[0m	[0m1210150912 / 5032706048[0m	
[0m: 26% done[0m	[0m00:47:33 left[0m	
[0m.:. Batch 21301 to 21360 on 72328 images[0m	
[0mMemory usage[0m	
[0mCPU[0m	[0;36m8781.9052734375[0m	
[0mGPU[0m	[0m1210150912 / 5032706048[0m	
[0m: 31% done[0m	[0m00:44:22 left[0m	
[0m.:. Batch 24961 to 25020 on 72328 images[0m	
[0mMemory usage[0m	
[0mCPU[0m	[0;36m8850.7548828125[0m	
[0mGPU[0m	[0m1174892544 / 5032706048[0m	
[0m: 36% done[0m	[0m00:41:08 left[0m	
[0m.:. Batch 28561 to 28620 on 72328 images[0m	
[0mMemory usage[0m	
[0mCPU[0m	[0;36m8854.615234375[0m	
[0mGPU[0m	[0m1174892544 / 5032706048[0m	
[0m: 41% done[0m	[0m00:37:58 left[0m	
[0m.:. Batch 32161 to 32220 on 72328 images[0m	
[0mMemory usage[0m	
[0mCPU[0m	[0;36m8866.55859375[0m	
[0mGPU[0m	[0m1174892544 / 5032706048[0m	
[0m: 46% done[0m	[0m00:34:47 left[0m	
[0m.:. Batch 35761 to 35820 on 72328 images[0m	
[0mMemory usage[0m	
[0mCPU[0m	[0;36m8870.404296875[0m	
[0mGPU[0m	[0m1174892544 / 5032706048[0m	
[0m: 51% done[0m	[0m00:31:33 left[0m	
[0m.:. Batch 39421 to 39480 on 72328 images[0m	
[0mMemory usage[0m	
[0mCPU[0m	[0;36m8939.2255859375[0m	
[0mGPU[0m	[0m1139634176 / 5032706048[0m	
[0m: 56% done[0m	[0m00:28:23 left[0m	
[0m.:. Batch 43021 to 43080 on 72328 images[0m	
[0mMemory usage[0m	
[0mCPU[0m	[0;36m8942.6904296875[0m	
[0mGPU[0m	[0m1139634176 / 5032706048[0m	
[0m: 61% done[0m	[0m00:25:12 left[0m	
[0m.:. Batch 46621 to 46680 on 72328 images[0m	
[0mMemory usage[0m	
[0mCPU[0m	[0;36m8946.4228515625[0m	
[0mGPU[0m	[0m1139634176 / 5032706048[0m	
[0m: 66% done[0m	[0m00:22:01 left[0m	
[0m.:. Batch 50281 to 50340 on 72328 images[0m	
[0mMemory usage[0m	
[0mCPU[0m	[0;36m9015.6240234375[0m	
[0mGPU[0m	[0m1104375808 / 5032706048[0m	
[0m: 71% done[0m	[0m00:18:47 left[0m	
[0m.:. Batch 53881 to 53940 on 72328 images[0m	
[0mMemory usage[0m	
[0mCPU[0m	[0;36m9019.4609375[0m	
[0mGPU[0m	[0m1104375808 / 5032706048[0m	
[0m: 76% done[0m	[0m00:15:36 left[0m	
[0m.:. Batch 57481 to 57540 on 72328 images[0m	
[0mMemory usage[0m	
[0mCPU[0m	[0;36m9022.931640625[0m	
[0mGPU[0m	[0m1104375808 / 5032706048[0m	
[0m: 81% done[0m	[0m00:12:25 left[0m	
[0m.:. Batch 61141 to 61200 on 72328 images[0m	
[0mMemory usage[0m	
[0mCPU[0m	[0;36m9091.880859375[0m	
[0mGPU[0m	[0m1068068864 / 5032706048[0m	
[0m: 86% done[0m	[0m00:09:11 left[0m	
[0m.:. Batch 64741 to 64800 on 72328 images[0m	
[0mMemory usage[0m	
[0mCPU[0m	[0;36m9111.1064453125[0m	
[0mGPU[0m	[0m1068068864 / 5032706048[0m	
[0m: 91% done[0m	[0m00:06:00 left[0m	
[0m.:. Batch 68341 to 68400 on 72328 images[0m	
[0mMemory usage[0m	
[0mCPU[0m	[0;36m9115.3427734375[0m	
[0mGPU[0m	[0m1068068864 / 5032706048[0m	
[0m: 96% done[0m	[0m00:02:50 left[0m	
[0m.:. Batch 71941 to 72000 on 72328 images[0m	
[0mMemory usage[0m	
[0mCPU[0m	[0;36m9119.0361328125[0m	
[0mGPU[0m	[0m1068068864 / 5032706048[0m	
[0m.:. End of Epoch n° 5[0m	
[0m: Real time to learn 1 batch = 00:00:03[0m	
[0m: Real time to learn full batch = 01:03:55[0m	
[0m# Confusion Matrix[0m	
[0m: average row correct: 0.95131935662415%[0m	
[0m: average rowUcol correct (VOC measure): 0.10550051194496%[0m	
[0m: > global correct: 0.96366552372525%[0m	
[0m# ... saving model to /home/cadene/doc/DeepRecipes/convnet/rslt/overfat+5+8e-4/model.t7[0m	
[0m[0m	
[0m# Epoch n° 6[0m	
[0m.:. Batch 1 to 60 on 72328 images[0m	
[0mMemory usage[0m	
[0mCPU[0m	[0;36m10039.369140625[0m	
[0mGPU[0m	[0m1562734592 / 5032706048[0m	
[0m: 1% done[0m	[0m01:04:22 left[0m	
[0m.:. Batch 3241 to 3300 on 72328 images[0m	
[0mMemory usage[0m	
[0mCPU[0m	[0;36m8693.15234375[0m	
[0mGPU[0m	[0m1245409280 / 5032706048[0m	
[0m: 6% done[0m	[0m01:00:19 left[0m	
[0m.:. Batch 6841 to 6900 on 72328 images[0m	
[0mMemory usage[0m	
[0mCPU[0m	[0;36m8697.875[0m	
[0mGPU[0m	[0m1245409280 / 5032706048[0m	
[0m: 11% done[0m	[0m00:57:02 left[0m	
[0m.:. Batch 10441 to 10500 on 72328 images[0m	
[0mMemory usage[0m	
[0mCPU[0m	[0;36m8703.7451171875[0m	
[0mGPU[0m	[0m1245409280 / 5032706048[0m	
[0m: 16% done[0m	[0m00:53:51 left[0m	
[0m.:. Batch 14101 to 14160 on 72328 images[0m	
[0mMemory usage[0m	
[0mCPU[0m	[0;36m8772.58203125[0m	
[0mGPU[0m	[0m1210150912 / 5032706048[0m	
[0m: 21% done[0m	[0m00:50:37 left[0m	
[0m.:. Batch 17701 to 17760 on 72328 images[0m	
[0mMemory usage[0m	
[0mCPU[0m	[0;36m8780.1513671875[0m	
[0mGPU[0m	[0m1210150912 / 5032706048[0m	
[0m: 26% done[0m	[0m00:47:27 left[0m	
[0m.:. Batch 21301 to 21360 on 72328 images[0m	
[0mMemory usage[0m	
[0mCPU[0m	[0;36m8783.9287109375[0m	
[0mGPU[0m	[0m1210150912 / 5032706048[0m	
[0m: 31% done[0m	[0m00:44:15 left[0m	
[0m.:. Batch 24961 to 25020 on 72328 images[0m	
[0mMemory usage[0m	
[0mCPU[0m	[0;36m8852.74609375[0m	
[0mGPU[0m	[0m1174892544 / 5032706048[0m	
[0m: 36% done[0m	[0m00:41:02 left[0m	
[0m.:. Batch 28561 to 28620 on 72328 images[0m	
[0mMemory usage[0m	
[0mCPU[0m	[0;36m8856.4404296875[0m	
[0mGPU[0m	[0m1174892544 / 5032706048[0m	
[0m: 41% done[0m	[0m00:37:52 left[0m	
[0m.:. Batch 32161 to 32220 on 72328 images[0m	
[0mMemory usage[0m	
[0mCPU[0m	[0;36m8868.236328125[0m	
[0mGPU[0m	[0m1174892544 / 5032706048[0m	
[0m: 46% done[0m	[0m00:34:42 left[0m	
[0m.:. Batch 35761 to 35820 on 72328 images[0m	
[0mMemory usage[0m	
[0mCPU[0m	[0;36m8871.912109375[0m	
[0mGPU[0m	[0m1174892544 / 5032706048[0m	
[0m: 51% done[0m	[0m00:31:29 left[0m	
[0m.:. Batch 39421 to 39480 on 72328 images[0m	
[0mMemory usage[0m	
[0mCPU[0m	[0;36m8941.087890625[0m	
[0mGPU[0m	[0m1139634176 / 5032706048[0m	
[0m: 56% done[0m	[0m00:28:19 left[0m	
[0m.:. Batch 43021 to 43080 on 72328 images[0m	
[0mMemory usage[0m	
[0mCPU[0m	[0;36m8944.712890625[0m	
[0mGPU[0m	[0m1139634176 / 5032706048[0m	
[0m: 61% done[0m	[0m00:25:09 left[0m	
[0m.:. Batch 46621 to 46680 on 72328 images[0m	
[0mMemory usage[0m	
[0mCPU[0m	[0;36m8948.1240234375[0m	
[0mGPU[0m	[0m1139634176 / 5032706048[0m	
[0m: 66% done[0m	[0m00:21:59 left[0m	
[0m.:. Batch 50281 to 50340 on 72328 images[0m	
[0mMemory usage[0m	
[0mCPU[0m	[0;36m9017.431640625[0m	
[0mGPU[0m	[0m1104375808 / 5032706048[0m	
[0m: 71% done[0m	[0m00:18:45 left[0m	
[0m.:. Batch 53881 to 53940 on 72328 images[0m	
[0mMemory usage[0m	
[0mCPU[0m	[0;36m9020.8291015625[0m	
[0mGPU[0m	[0m1104375808 / 5032706048[0m	
[0m: 76% done[0m	[0m00:15:35 left[0m	
[0m.:. Batch 57481 to 57540 on 72328 images[0m	
[0mMemory usage[0m	
[0mCPU[0m	[0;36m9025.134765625[0m	
[0mGPU[0m	[0m1104637952 / 5032706048[0m	
[0m: 81% done[0m	[0m00:12:24 left[0m	
[0m.:. Batch 61141 to 61200 on 72328 images[0m	
[0mMemory usage[0m	
[0mCPU[0m	[0;36m9093.2353515625[0m	
[0mGPU[0m	[0m1068331008 / 5032706048[0m	
[0m: 86% done[0m	[0m00:09:11 left[0m	
[0m.:. Batch 64741 to 64800 on 72328 images[0m	
[0mMemory usage[0m	
[0mCPU[0m	[0;36m9113.0322265625[0m	
[0mGPU[0m	[0m1068331008 / 5032706048[0m	
[0m: 91% done[0m	[0m00:06:00 left[0m	
[0m.:. Batch 68341 to 68400 on 72328 images[0m	
[0mMemory usage[0m	
[0mCPU[0m	[0;36m9117.1572265625[0m	
[0mGPU[0m	[0m1068331008 / 5032706048[0m	
[0m: 96% done[0m	[0m00:02:49 left[0m	
[0m.:. Batch 71941 to 72000 on 72328 images[0m	
[0mMemory usage[0m	
[0mCPU[0m	[0;36m9120.7294921875[0m	
[0mGPU[0m	[0m1068331008 / 5032706048[0m	
[0m.:. End of Epoch n° 6[0m	
[0m: Real time to learn 1 batch = 00:00:03[0m	
[0m: Real time to learn full batch = 01:03:51[0m	
[0m# Confusion Matrix[0m	
[0m: average row correct: 0.95184433705054%[0m	
[0m: average rowUcol correct (VOC measure): 0.099486637385654%[0m	
[0m: > global correct: 0.96366552372525%[0m	
[0m# ... saving model to /home/cadene/doc/DeepRecipes/convnet/rslt/overfat+5+8e-4/model.t7[0m	
[0m[0m	
[0m# Epoch n° 7[0m	
[0m.:. Batch 1 to 60 on 72328 images[0m	
[0mMemory usage[0m	
[0mCPU[0m	[0;36m10033.986328125[0m	
[0mGPU[0m	[0m1562996736 / 5032706048[0m	
[0m: 1% done[0m	[0m01:20:19 left[0m	
[0m.:. Batch 3241 to 3300 on 72328 images[0m	
[0mMemory usage[0m	
[0mCPU[0m	[0;36m8693.1142578125[0m	
[0mGPU[0m	[0m1245671424 / 5032706048[0m	
[0m: 6% done[0m	[0m01:01:49 left[0m	
[0m.:. Batch 6841 to 6900 on 72328 images[0m	
[0mMemory usage[0m	
[0mCPU[0m	[0;36m8698.365234375[0m	
[0mGPU[0m	[0m1245671424 / 5032706048[0m	
[0m: 11% done[0m	[0m00:57:52 left[0m	
[0m.:. Batch 10441 to 10500 on 72328 images[0m	
[0mMemory usage[0m	
[0mCPU[0m	[0;36m8703.6826171875[0m	
[0mGPU[0m	[0m1245671424 / 5032706048[0m	
[0m: 16% done[0m	[0m00:54:25 left[0m	
[0m.:. Batch 14101 to 14160 on 72328 images[0m	
[0mMemory usage[0m	
[0mCPU[0m	[0;36m8772.45703125[0m	
[0mGPU[0m	[0m1210413056 / 5032706048[0m	
[0m: 21% done[0m	[0m00:51:01 left[0m	
[0m.:. Batch 17701 to 17760 on 72328 images[0m	
[0mMemory usage[0m	
[0mCPU[0m	[0;36m8780.0810546875[0m	
[0mGPU[0m	[0m1210413056 / 5032706048[0m	
[0m: 26% done[0m	[0m00:47:55 left[0m	
[0m.:. Batch 21301 to 21360 on 72328 images[0m	
[0mMemory usage[0m	
[0mCPU[0m	[0;36m8784.15234375[0m	
[0mGPU[0m	[0m1210413056 / 5032706048[0m	
[0m: 31% done[0m	[0m00:44:38 left[0m	
[0m.:. Batch 24961 to 25020 on 72328 images[0m	
[0mMemory usage[0m	
[0mCPU[0m	[0;36m8852.9111328125[0m	
[0mGPU[0m	[0m1175154688 / 5032706048[0m	
[0m: 36% done[0m	[0m00:41:20 left[0m	
[0m.:. Batch 28561 to 28620 on 72328 images[0m	
[0mMemory usage[0m	
[0mCPU[0m	[0;36m8856.7294921875[0m	
[0mGPU[0m	[0m1175154688 / 5032706048[0m	
[0m: 41% done[0m	[0m00:38:06 left[0m	
[0m.:. Batch 32161 to 32220 on 72328 images[0m	
[0mMemory usage[0m	
[0mCPU[0m	[0;36m8868.19140625[0m	
[0mGPU[0m	[0m1175154688 / 5032706048[0m	
[0m: 46% done[0m	[0m00:34:54 left[0m	
[0m.:. Batch 35761 to 35820 on 72328 images[0m	
[0mMemory usage[0m	
[0mCPU[0m	[0;36m8871.68359375[0m	
[0mGPU[0m	[0m1175154688 / 5032706048[0m	
[0m: 51% done[0m	[0m00:31:38 left[0m	
[0m.:. Batch 39421 to 39480 on 72328 images[0m	
[0mMemory usage[0m	
[0mCPU[0m	[0;36m8940.6474609375[0m	
[0mGPU[0m	[0m1139896320 / 5032706048[0m	
[0m: 56% done[0m	[0m00:28:27 left[0m	
[0m.:. Batch 43021 to 43080 on 72328 images[0m	
[0mMemory usage[0m	
[0mCPU[0m	[0;36m8944.869140625[0m	
[0mGPU[0m	[0m1139896320 / 5032706048[0m	
[0m: 61% done[0m	[0m00:25:15 left[0m	
[0m.:. Batch 46621 to 46680 on 72328 images[0m	
[0mMemory usage[0m	
[0mCPU[0m	[0;36m8948.5009765625[0m	
[0mGPU[0m	[0m1139896320 / 5032706048[0m	
[0m: 66% done[0m	[0m00:22:04 left[0m	
[0m.:. Batch 50281 to 50340 on 72328 images[0m	
[0mMemory usage[0m	
[0mCPU[0m	[0;36m9017.068359375[0m	
[0mGPU[0m	[0m1104637952 / 5032706048[0m	
[0m: 71% done[0m	[0m00:18:49 left[0m	
[0m.:. Batch 53881 to 53940 on 72328 images[0m	
[0mMemory usage[0m	
[0mCPU[0m	[0;36m9021.310546875[0m	
[0mGPU[0m	[0m1104637952 / 5032706048[0m	
[0m: 76% done[0m	[0m00:15:38 left[0m	
[0m.:. Batch 57481 to 57540 on 72328 images[0m	
[0mMemory usage[0m	
[0mCPU[0m	[0;36m9024.6484375[0m	
[0mGPU[0m	[0m1104637952 / 5032706048[0m	
[0m: 81% done[0m	[0m00:12:27 left[0m	
[0m.:. Batch 61141 to 61200 on 72328 images[0m	
[0mMemory usage[0m	
[0mCPU[0m	[0;36m9093.63671875[0m	
[0mGPU[0m	[0m1068331008 / 5032706048[0m	
[0m: 86% done[0m	[0m00:09:12 left[0m	
[0m.:. Batch 64741 to 64800 on 72328 images[0m	
[0mMemory usage[0m	
[0mCPU[0m	[0;36m9113.3779296875[0m	
[0mGPU[0m	[0m1068331008 / 5032706048[0m	
[0m: 91% done[0m	[0m00:06:01 left[0m	
[0m.:. Batch 68341 to 68400 on 72328 images[0m	
[0mMemory usage[0m	
[0mCPU[0m	[0;36m9117.30859375[0m	
[0mGPU[0m	[0m1068331008 / 5032706048[0m	
[0m: 96% done[0m	[0m00:02:50 left[0m	
[0m.:. Batch 71941 to 72000 on 72328 images[0m	
[0mMemory usage[0m	
[0mCPU[0m	[0;36m9120.7021484375[0m	
[0mGPU[0m	[0m1068331008 / 5032706048[0m	
[0m.:. End of Epoch n° 7[0m	
[0m: Real time to learn 1 batch = 00:00:03[0m	
[0m: Real time to learn full batch = 01:04:02[0m	
[0m# Confusion Matrix[0m	
[0m: average row correct: 1.0477565524012%[0m	
[0m: average rowUcol correct (VOC measure): 0.11517042467039%[0m	
[0m: > global correct: 1.0604468532242%[0m	
[0m# ... saving model to /home/cadene/doc/DeepRecipes/convnet/rslt/overfat+5+8e-4/model.t7[0m	
[0m[0m	
[0m# Epoch n° 8[0m	
[0m.:. Batch 1 to 60 on 72328 images[0m	
[0mMemory usage[0m	
[0mCPU[0m	[0;36m10033.986328125[0m	
[0mGPU[0m	[0m1562996736 / 5032706048[0m	
[0m: 1% done[0m	[0m01:02:16 left[0m	
[0m.:. Batch 3241 to 3300 on 72328 images[0m	
[0mMemory usage[0m	
[0mCPU[0m	[0;36m8693.4775390625[0m	
[0mGPU[0m	[0m1245671424 / 5032706048[0m	
[0m: 6% done[0m	[0m00:59:59 left[0m	
[0m.:. Batch 6841 to 6900 on 72328 images[0m	
[0mMemory usage[0m	
[0mCPU[0m	[0;36m8698.2275390625[0m	
[0mGPU[0m	[0m1245671424 / 5032706048[0m	
[0m: 11% done[0m	[0m00:57:00 left[0m	
[0m.:. Batch 10441 to 10500 on 72328 images[0m	
[0mMemory usage[0m	
[0mCPU[0m	[0;36m8704.0087890625[0m	
[0mGPU[0m	[0m1245671424 / 5032706048[0m	
[0m: 16% done[0m	[0m00:53:52 left[0m	
[0m.:. Batch 14101 to 14160 on 72328 images[0m	
[0mMemory usage[0m	
[0mCPU[0m	[0;36m8772.8388671875[0m	
[0mGPU[0m	[0m1210413056 / 5032706048[0m	
[0m: 21% done[0m	[0m00:50:39 left[0m	
[0m.:. Batch 17701 to 17760 on 72328 images[0m	
[0mMemory usage[0m	
[0mCPU[0m	[0;36m8780.4912109375[0m	
[0mGPU[0m	[0m1210413056 / 5032706048[0m	
[0m: 26% done[0m	[0m00:47:30 left[0m	
[0m.:. Batch 21301 to 21360 on 72328 images[0m	
[0mMemory usage[0m	
[0mCPU[0m	[0;36m8784.478515625[0m	
[0mGPU[0m	[0m1210413056 / 5032706048[0m	
[0m: 31% done[0m	[0m00:44:20 left[0m	
[0m.:. Batch 24961 to 25020 on 72328 images[0m	
[0mMemory usage[0m	
[0mCPU[0m	[0;36m8853.3017578125[0m	
[0mGPU[0m	[0m1175154688 / 5032706048[0m	
[0m: 36% done[0m	[0m00:41:07 left[0m	
[0m.:. Batch 28561 to 28620 on 72328 images[0m	
[0mMemory usage[0m	
[0mCPU[0m	[0;36m8857.1982421875[0m	
[0mGPU[0m	[0m1175154688 / 5032706048[0m	
[0m: 41% done[0m	[0m00:37:56 left[0m	
[0m.:. Batch 32161 to 32220 on 72328 images[0m	
[0mMemory usage[0m	
[0mCPU[0m	[0;36m8868.419921875[0m	
[0mGPU[0m	[0m1175154688 / 5032706048[0m	
[0m: 46% done[0m	[0m00:34:46 left[0m	
[0m.:. Batch 35761 to 35820 on 72328 images[0m	
[0mMemory usage[0m	
[0mCPU[0m	[0;36m8872.3857421875[0m	
[0mGPU[0m	[0m1175154688 / 5032706048[0m	
[0m: 51% done[0m	[0m00:31:32 left[0m	
[0m.:. Batch 39421 to 39480 on 72328 images[0m	
[0mMemory usage[0m	
[0mCPU[0m	[0;36m8941.3466796875[0m	
[0mGPU[0m	[0m1139896320 / 5032706048[0m	
[0m: 56% done[0m	[0m00:28:21 left[0m	
[0m.:. Batch 43021 to 43080 on 72328 images[0m	
[0mMemory usage[0m	
[0mCPU[0m	[0;36m8945.2294921875[0m	
[0mGPU[0m	[0m1139896320 / 5032706048[0m	
[0m: 61% done[0m	[0m00:25:10 left[0m	
[0m.:. Batch 46621 to 46680 on 72328 images[0m	
[0mMemory usage[0m	
[0mCPU[0m	[0;36m8948.857421875[0m	
[0mGPU[0m	[0m1139896320 / 5032706048[0m	
[0m: 66% done[0m	[0m00:22:00 left[0m	
[0m.:. Batch 50281 to 50340 on 72328 images[0m	
[0mMemory usage[0m	
[0mCPU[0m	[0;36m9017.615234375[0m	
[0mGPU[0m	[0m1104637952 / 5032706048[0m	
[0m: 71% done[0m	[0m00:18:46 left[0m	
[0m.:. Batch 53881 to 53940 on 72328 images[0m	
[0mMemory usage[0m	
[0mCPU[0m	[0;36m9020.78125[0m	
[0mGPU[0m	[0m1104637952 / 5032706048[0m	
[0m: 76% done[0m	[0m00:15:35 left[0m	
[0m.:. Batch 57481 to 57540 on 72328 images[0m	
[0mMemory usage[0m	
[0mCPU[0m	[0;36m9025.5576171875[0m	
[0mGPU[0m	[0m1104637952 / 5032706048[0m	
[0m: 81% done[0m	[0m00:12:25 left[0m	
[0m.:. Batch 61141 to 61200 on 72328 images[0m	
[0mMemory usage[0m	
[0mCPU[0m	[0;36m9093.890625[0m	
[0mGPU[0m	[0m1068331008 / 5032706048[0m	
[0m: 86% done[0m	[0m00:09:11 left[0m	
[0m.:. Batch 64741 to 64800 on 72328 images[0m	
[0mMemory usage[0m	
[0mCPU[0m	[0;36m9113.435546875[0m	
[0mGPU[0m	[0m1068331008 / 5032706048[0m	
[0m: 91% done[0m	[0m00:06:00 left[0m	
[0m.:. Batch 68341 to 68400 on 72328 images[0m	
[0mMemory usage[0m	
[0mCPU[0m	[0;36m9117.5537109375[0m	
[0mGPU[0m	[0m1068331008 / 5032706048[0m	
[0m: 96% done[0m	[0m00:02:49 left[0m	
[0m.:. Batch 71941 to 72000 on 72328 images[0m	
[0mMemory usage[0m	
[0mCPU[0m	[0;36m9121.2978515625[0m	
[0mGPU[0m	[0m1068331008 / 5032706048[0m	
[0m.:. End of Epoch n° 8[0m	
[0m: Real time to learn 1 batch = 00:00:03[0m	
[0m: Real time to learn full batch = 01:03:52[0m	
[0m# Confusion Matrix[0m	
[0m: average row correct: 0.93138608332299%[0m	
[0m: average rowUcol correct (VOC measure): 0.10051635568869%[0m	
[0m: > global correct: 0.94016148656122%[0m	
[0m# ... saving model to /home/cadene/doc/DeepRecipes/convnet/rslt/overfat+5+8e-4/model.t7[0m	
[0m[0m	
[0m# Epoch n° 9[0m	
[0m.:. Batch 1 to 60 on 72328 images[0m	
[0mMemory usage[0m	
[0mCPU[0m	[0;36m10034.912109375[0m	
[0mGPU[0m	[0m1562996736 / 5032706048[0m	
[0m: 1% done[0m	[0m01:17:48 left[0m	
[0m.:. Batch 3241 to 3300 on 72328 images[0m	
[0mMemory usage[0m	
[0mCPU[0m	[0;36m8693.765625[0m	
[0mGPU[0m	[0m1245409280 / 5032706048[0m	
[0m: 6% done[0m	[0m01:01:40 left[0m	
[0m.:. Batch 6841 to 6900 on 72328 images[0m	
[0mMemory usage[0m	
[0mCPU[0m	[0;36m8698.115234375[0m	
[0mGPU[0m	[0m1245409280 / 5032706048[0m	
[0m: 11% done[0m	[0m00:57:49 left[0m	
[0m.:. Batch 10441 to 10500 on 72328 images[0m	
[0mMemory usage[0m	
[0mCPU[0m	[0;36m8703.82421875[0m	
[0mGPU[0m	[0m1245409280 / 5032706048[0m	
[0m: 16% done[0m	[0m00:55:00 left[0m	
[0m.:. Batch 14101 to 14160 on 72328 images[0m	
[0mMemory usage[0m	
[0mCPU[0m	[0;36m8772.6728515625[0m	
[0mGPU[0m	[0m1210150912 / 5032706048[0m	
[0m: 21% done[0m	[0m01:02:53 left[0m	
[0m.:. Batch 17701 to 17760 on 72328 images[0m	
[0mMemory usage[0m	
[0mCPU[0m	[0;36m8780.8193359375[0m	
[0mGPU[0m	[0m1210150912 / 5032706048[0m	
[0m: 26% done[0m	[0m00:59:01 left[0m	
[0m.:. Batch 21301 to 21360 on 72328 images[0m	
[0mMemory usage[0m	
[0mCPU[0m	[0;36m8784.3779296875[0m	
[0mGPU[0m	[0m1210150912 / 5032706048[0m	
[0m: 31% done[0m	[0m00:55:39 left[0m	
[0m.:. Batch 24961 to 25020 on 72328 images[0m	
[0mMemory usage[0m	
[0mCPU[0m	[0;36m8852.97265625[0m	
[0mGPU[0m	[0m1174892544 / 5032706048[0m	
[0m: 36% done[0m	[0m00:50:06 left[0m	
[0m.:. Batch 28561 to 28620 on 72328 images[0m	
[0mMemory usage[0m	
[0mCPU[0m	[0;36m8856.9111328125[0m	
[0mGPU[0m	[0m1174892544 / 5032706048[0m	
[0m: 41% done[0m	[0m00:45:24 left[0m	
[0m.:. Batch 32161 to 32220 on 72328 images[0m	
[0mMemory usage[0m	
[0mCPU[0m	[0;36m8868.4072265625[0m	
[0mGPU[0m	[0m1174892544 / 5032706048[0m	
[0m: 46% done[0m	[0m00:41:30 left[0m	
[0m.:. Batch 35761 to 35820 on 72328 images[0m	
[0mMemory usage[0m	
[0mCPU[0m	[0;36m8872.3779296875[0m	
[0mGPU[0m	[0m1174892544 / 5032706048[0m	
[0m: 51% done[0m	[0m00:37:02 left[0m	
[0m.:. Batch 39421 to 39480 on 72328 images[0m	
[0mMemory usage[0m	
[0mCPU[0m	[0;36m8940.9501953125[0m	
[0mGPU[0m	[0m1139634176 / 5032706048[0m	
[0m: 56% done[0m	[0m00:32:52 left[0m	
[0m.:. Batch 43021 to 43080 on 72328 images[0m	
[0mMemory usage[0m	
[0mCPU[0m	[0;36m8945.0205078125[0m	
[0mGPU[0m	[0m1139634176 / 5032706048[0m	
[0m: 61% done[0m	[0m00:28:51 left[0m	
[0m.:. Batch 46621 to 46680 on 72328 images[0m	
[0mMemory usage[0m	
[0mCPU[0m	[0;36m8948.7353515625[0m	
[0mGPU[0m	[0m1139634176 / 5032706048[0m	
[0m: 66% done[0m	[0m00:24:58 left[0m	
[0m.:. Batch 50281 to 50340 on 72328 images[0m	
[0mMemory usage[0m	
[0mCPU[0m	[0;36m9017.568359375[0m	
[0mGPU[0m	[0m1104375808 / 5032706048[0m	
[0m: 71% done[0m	[0m00:21:09 left[0m	
[0m.:. Batch 53881 to 53940 on 72328 images[0m	
[0mMemory usage[0m	
[0mCPU[0m	[0;36m9021.029296875[0m	
[0mGPU[0m	[0m1104375808 / 5032706048[0m	
[0m: 76% done[0m	[0m00:17:27 left[0m	
[0m.:. Batch 57481 to 57540 on 72328 images[0m	
[0mMemory usage[0m	
[0mCPU[0m	[0;36m9025.2109375[0m	
[0mGPU[0m	[0m1104375808 / 5032706048[0m	
[0m: 81% done[0m	[0m00:13:49 left[0m	
[0m.:. Batch 61141 to 61200 on 72328 images[0m	
[0mMemory usage[0m	
[0mCPU[0m	[0;36m9094.05078125[0m	
[0mGPU[0m	[0m1068068864 / 5032706048[0m	
[0m: 86% done[0m	[0m00:10:09 left[0m	
[0m.:. Batch 64741 to 64800 on 72328 images[0m	
[0mMemory usage[0m	
[0mCPU[0m	[0;36m9113.822265625[0m	
[0mGPU[0m	[0m1068068864 / 5032706048[0m	
[0m: 91% done[0m	[0m00:06:36 left[0m	
[0m.:. Batch 68341 to 68400 on 72328 images[0m	
[0mMemory usage[0m	
[0mCPU[0m	[0;36m9117.2490234375[0m	
[0mGPU[0m	[0m1068068864 / 5032706048[0m	
[0m: 96% done[0m	[0m00:03:06 left[0m	
[0m.:. Batch 71941 to 72000 on 72328 images[0m	
[0mMemory usage[0m	
[0mCPU[0m	[0;36m9121.201171875[0m	
[0mGPU[0m	[0m1068068864 / 5032706048[0m	
[0m.:. End of Epoch n° 9[0m	
[0m: Real time to learn 1 batch = 00:00:03[0m	
[0m: Real time to learn full batch = 01:10:47[0m	
[0m# Confusion Matrix[0m	
[0m: average row correct: 0.96552150674386%[0m	
[0m: average rowUcol correct (VOC measure): 0.10239525944788%[0m	
[0m: > global correct: 0.97749142793939%[0m	
[0m# ... saving model to /home/cadene/doc/DeepRecipes/convnet/rslt/overfat+5+8e-4/model.t7[0m	
[0m[0m	
[0m# Epoch n° 10[0m	
[0m.:. Batch 1 to 60 on 72328 images[0m	
[0mMemory usage[0m	
[0mCPU[0m	[0;36m10034.974609375[0m	
[0mGPU[0m	[0m1562734592 / 5032706048[0m	
[0m: 1% done[0m	[0m01:01:46 left[0m	
[0m.:. Batch 3241 to 3300 on 72328 images[0m	
[0mMemory usage[0m	
[0mCPU[0m	[0;36m8693.7060546875[0m	
[0mGPU[0m	[0m1245409280 / 5032706048[0m	
[0m: 6% done[0m	[0m01:00:01 left[0m	
[0m.:. Batch 6841 to 6900 on 72328 images[0m	
[0mMemory usage[0m	
[0mCPU[0m	[0;36m8698.4677734375[0m	
[0mGPU[0m	[0m1245409280 / 5032706048[0m	
[0m: 11% done[0m	[0m00:56:58 left[0m	
[0m.:. Batch 10441 to 10500 on 72328 images[0m	
[0mMemory usage[0m	
[0mCPU[0m	[0;36m8704.3486328125[0m	
[0mGPU[0m	[0m1245409280 / 5032706048[0m	
[0m: 16% done[0m	[0m00:53:49 left[0m	
[0m.:. Batch 14101 to 14160 on 72328 images[0m	
[0mMemory usage[0m	
[0mCPU[0m	[0;36m8772.853515625[0m	
[0mGPU[0m	[0m1210150912 / 5032706048[0m	
[0m: 21% done[0m	[0m00:56:08 left[0m	
[0m.:. Batch 17701 to 17760 on 72328 images[0m	
[0mMemory usage[0m	
[0mCPU[0m	[0;36m8780.6142578125[0m	
[0mGPU[0m	[0m1210150912 / 5032706048[0m	
[0m: 26% done[0m	[0m00:51:35 left[0m	
[0m.:. Batch 21301 to 21360 on 72328 images[0m	
[0mMemory usage[0m	
[0mCPU[0m	[0;36m8784.2060546875[0m	
[0mGPU[0m	[0m1210150912 / 5032706048[0m	
[0m: 31% done[0m	[0m00:47:32 left[0m	
[0m.:. Batch 24961 to 25020 on 72328 images[0m	
[0mMemory usage[0m	
[0mCPU[0m	[0;36m8853.1455078125[0m	
[0mGPU[0m	[0m1174892544 / 5032706048[0m	
[0m: 36% done[0m	[0m00:43:38 left[0m	
[0m.:. Batch 28561 to 28620 on 72328 images[0m	
[0mMemory usage[0m	
[0mCPU[0m	[0;36m8856.8173828125[0m	
[0mGPU[0m	[0m1174892544 / 5032706048[0m	
[0m: 41% done[0m	[0m00:39:58 left[0m	
[0m.:. Batch 32161 to 32220 on 72328 images[0m	
[0mMemory usage[0m	
[0mCPU[0m	[0;36m8868.654296875[0m	
[0mGPU[0m	[0m1174892544 / 5032706048[0m	
[0m: 46% done[0m	[0m00:36:45 left[0m	
[0m.:. Batch 35761 to 35820 on 72328 images[0m	
[0mMemory usage[0m	
[0mCPU[0m	[0;36m8872.384765625[0m	
[0mGPU[0m	[0m1174892544 / 5032706048[0m	
[0m: 51% done[0m	[0m00:34:04 left[0m	
[0m.:. Batch 39421 to 39480 on 72328 images[0m	
[0mMemory usage[0m	
[0mCPU[0m	[0;36m8940.8408203125[0m	
[0mGPU[0m	[0m1139634176 / 5032706048[0m	
[0m: 56% done[0m	[0m00:30:25 left[0m	
[0m.:. Batch 43021 to 43080 on 72328 images[0m	
[0mMemory usage[0m	
[0mCPU[0m	[0;36m8945.0126953125[0m	
[0mGPU[0m	[0m1139634176 / 5032706048[0m	
[0m: 61% done[0m	[0m00:26:52 left[0m	
[0m.:. Batch 46621 to 46680 on 72328 images[0m	
[0mMemory usage[0m	
[0mCPU[0m	[0;36m8948.5712890625[0m	
[0mGPU[0m	[0m1139634176 / 5032706048[0m	
[0m: 66% done[0m	[0m00:23:22 left[0m	
[0m.:. Batch 50281 to 50340 on 72328 images[0m	
[0mMemory usage[0m	
[0mCPU[0m	[0;36m9017.7939453125[0m	
[0mGPU[0m	[0m1104375808 / 5032706048[0m	
[0m: 71% done[0m	[0m00:19:57 left[0m	
[0m.:. Batch 53881 to 53940 on 72328 images[0m	
[0mMemory usage[0m	
[0mCPU[0m	[0;36m9021.455078125[0m	
[0mGPU[0m	[0m1104375808 / 5032706048[0m	
[0m: 76% done[0m	[0m00:17:15 left[0m	
[0m.:. Batch 57481 to 57540 on 72328 images[0m	
[0mMemory usage[0m	
[0mCPU[0m	[0;36m9025.6328125[0m	
[0mGPU[0m	[0m1104375808 / 5032706048[0m	
[0m: 81% done[0m	[0m00:13:39 left[0m	
[0m.:. Batch 61141 to 61200 on 72328 images[0m	
[0mMemory usage[0m	
[0mCPU[0m	[0;36m9094.2841796875[0m	
[0mGPU[0m	[0m1068068864 / 5032706048[0m	
[0m: 86% done[0m	[0m00:10:32 left[0m	
[0m.:. Batch 64741 to 64800 on 72328 images[0m	
[0mMemory usage[0m	
[0mCPU[0m	[0;36m9113.759765625[0m	
[0mGPU[0m	[0m1068068864 / 5032706048[0m	
[0m: 91% done[0m	[0m00:07:02 left[0m	
[0m.:. Batch 68341 to 68400 on 72328 images[0m	
[0mMemory usage[0m	
[0mCPU[0m	[0;36m9117.56640625[0m	
[0mGPU[0m	[0m1068068864 / 5032706048[0m	
[0m: 96% done[0m	[0m00:03:30 left[0m	
[0m.:. Batch 71941 to 72000 on 72328 images[0m	
[0mMemory usage[0m	
[0mCPU[0m	[0;36m9120.947265625[0m	
[0mGPU[0m	[0m1068068864 / 5032706048[0m	
[0m.:. End of Epoch n° 10[0m	
[0m: Real time to learn 1 batch = 00:00:04[0m	
[0m: Real time to learn full batch = 01:23:56[0m	
[0m# Confusion Matrix[0m	
[0m: average row correct: 0.98931040063888%[0m	
[0m: average rowUcol correct (VOC measure): 0.10825964301769%[0m	
[0m: > global correct: 1.0009954651034%[0m	
[0m# ... saving model to /home/cadene/doc/DeepRecipes/convnet/rslt/overfat+5+8e-4/model.t7[0m	
[0m[0m	
[0m# Epoch n° 11[0m	
[0m.:. Batch 1 to 60 on 72328 images[0m	
[0mMemory usage[0m	
[0mCPU[0m	[0;36m10034.974609375[0m	
[0mGPU[0m	[0m1562734592 / 5032706048[0m	
[0m: 1% done[0m	[0m01:59:01 left[0m	
[0m.:. Batch 3241 to 3300 on 72328 images[0m	
[0mMemory usage[0m	
[0mCPU[0m	[0;36m8693.83984375[0m	
[0mGPU[0m	[0m1245409280 / 5032706048[0m	
[0m: 6% done[0m	[0m02:06:38 left[0m	
[0m.:. Batch 6841 to 6900 on 72328 images[0m	
[0mMemory usage[0m	
[0mCPU[0m	[0;36m8698.3671875[0m	
[0mGPU[0m	[0m1245409280 / 5032706048[0m	
[0m: 11% done[0m	[0m01:31:09 left[0m	
[0m.:. Batch 10441 to 10500 on 72328 images[0m	
[0mMemory usage[0m	
[0mCPU[0m	[0;36m8704.197265625[0m	
[0mGPU[0m	[0m1245409280 / 5032706048[0m	
[0m: 16% done[0m	[0m01:15:42 left[0m	
[0m.:. Batch 14101 to 14160 on 72328 images[0m	
[0mMemory usage[0m	
[0mCPU[0m	[0;36m8773.009765625[0m	
[0mGPU[0m	[0m1210150912 / 5032706048[0m	
[0m: 21% done[0m	[0m01:06:07 left[0m	
[0m.:. Batch 17701 to 17760 on 72328 images[0m	
[0mMemory usage[0m	
[0mCPU[0m	[0;36m8780.5634765625[0m	
[0mGPU[0m	[0m1210150912 / 5032706048[0m	
[0m: 26% done[0m	[0m00:59:11 left[0m	
[0m.:. Batch 21301 to 21360 on 72328 images[0m	
[0mMemory usage[0m	
[0mCPU[0m	[0;36m8784.4677734375[0m	
[0mGPU[0m	[0m1210150912 / 5032706048[0m	
[0m: 31% done[0m	[0m00:53:26 left[0m	
[0m.:. Batch 24961 to 25020 on 72328 images[0m	
[0mMemory usage[0m	
[0mCPU[0m	[0;36m8853.361328125[0m	
[0mGPU[0m	[0m1174892544 / 5032706048[0m	
[0m: 36% done[0m	[0m00:48:25 left[0m	
[0m.:. Batch 28561 to 28620 on 72328 images[0m	
[0mMemory usage[0m	
[0mCPU[0m	[0;36m8856.8720703125[0m	
[0mGPU[0m	[0m1174892544 / 5032706048[0m	
[0m: 41% done[0m	[0m00:43:51 left[0m	
[0m.:. Batch 32161 to 32220 on 72328 images[0m	
[0mMemory usage[0m	
[0mCPU[0m	[0;36m8868.5888671875[0m	
[0mGPU[0m	[0m1174892544 / 5032706048[0m	
[0m: 46% done[0m	[0m00:39:34 left[0m	
[0m.:. Batch 35761 to 35820 on 72328 images[0m	
[0mMemory usage[0m	
[0mCPU[0m	[0;36m8872.4013671875[0m	
[0mGPU[0m	[0m1174892544 / 5032706048[0m	
[0m: 51% done[0m	[0m00:35:27 left[0m	
[0m.:. Batch 39421 to 39480 on 72328 images[0m	
[0mMemory usage[0m	
[0mCPU[0m	[0;36m8941.4853515625[0m	
[0mGPU[0m	[0m1139634176 / 5032706048[0m	
[0m: 56% done[0m	[0m00:31:33 left[0m	
[0m.:. Batch 43021 to 43080 on 72328 images[0m	
[0mMemory usage[0m	
[0mCPU[0m	[0;36m8945.3466796875[0m	
[0mGPU[0m	[0m1139634176 / 5032706048[0m	
[0m: 61% done[0m	[0m00:27:49 left[0m	
[0m.:. Batch 46621 to 46680 on 72328 images[0m	
[0mMemory usage[0m	
[0mCPU[0m	[0;36m8948.603515625[0m	
[0mGPU[0m	[0m1139634176 / 5032706048[0m	
[0m: 66% done[0m	[0m00:24:08 left[0m	
[0m.:. Batch 50281 to 50340 on 72328 images[0m	
[0mMemory usage[0m	
[0mCPU[0m	[0;36m9018.00390625[0m	
[0mGPU[0m	[0m1104375808 / 5032706048[0m	
[0m: 71% done[0m	[0m00:20:27 left[0m	
[0m.:. Batch 53881 to 53940 on 72328 images[0m	
[0mMemory usage[0m	
[0mCPU[0m	[0;36m9021.361328125[0m	
[0mGPU[0m	[0m1104375808 / 5032706048[0m	
[0m: 76% done[0m	[0m00:16:54 left[0m	
[0m.:. Batch 57481 to 57540 on 72328 images[0m	
[0mMemory usage[0m	
[0mCPU[0m	[0;36m9024.9521484375[0m	
[0mGPU[0m	[0m1104375808 / 5032706048[0m	
[0m: 81% done[0m	[0m00:13:23 left[0m	
[0m.:. Batch 61141 to 61200 on 72328 images[0m	
[0mMemory usage[0m	
[0mCPU[0m	[0;36m9093.8798828125[0m	
[0mGPU[0m	[0m1068068864 / 5032706048[0m	
[0m: 86% done[0m	[0m00:09:52 left[0m	
[0m.:. Batch 64741 to 64800 on 72328 images[0m	
[0mMemory usage[0m	
[0mCPU[0m	[0;36m9113.7724609375[0m	
[0mGPU[0m	[0m1068068864 / 5032706048[0m	
[0m: 91% done[0m	[0m00:06:26 left[0m	
[0m.:. Batch 68341 to 68400 on 72328 images[0m	
[0mMemory usage[0m	
[0mCPU[0m	[0;36m9117.4892578125[0m	
[0mGPU[0m	[0m1068068864 / 5032706048[0m	
[0m: 96% done[0m	[0m00:03:01 left[0m	
[0m.:. Batch 71941 to 72000 on 72328 images[0m	
[0mMemory usage[0m	
[0mCPU[0m	[0;36m9121.3994140625[0m	
[0mGPU[0m	[0m1068068864 / 5032706048[0m	
[0m.:. End of Epoch n° 11[0m	
[0m: Real time to learn 1 batch = 00:00:03[0m	
[0m: Real time to learn full batch = 01:07:57[0m	
[0m# Confusion Matrix[0m	
[0m: average row correct: 0.91859270544206%[0m	
[0m: average rowUcol correct (VOC measure): 0.10190929140951%[0m	
[0m: > global correct: 0.92910076318991%[0m	
[0m# ... saving model to /home/cadene/doc/DeepRecipes/convnet/rslt/overfat+5+8e-4/model.t7[0m	
[0m[0m	
[0m# Epoch n° 12[0m	
[0m.:. Batch 1 to 60 on 72328 images[0m	
[0mMemory usage[0m	
[0mCPU[0m	[0;36m10034.974609375[0m	
[0mGPU[0m	[0m1562734592 / 5032706048[0m	
[0m: 1% done[0m	[0m01:08:30 left[0m	
[0m.:. Batch 3241 to 3300 on 72328 images[0m	
[0mMemory usage[0m	
[0mCPU[0m	[0;36m8693.486328125[0m	
[0mGPU[0m	[0m1245409280 / 5032706048[0m	
[0m: 6% done[0m	[0m01:00:46 left[0m	
[0m.:. Batch 6841 to 6900 on 72328 images[0m	
[0mMemory usage[0m	
[0mCPU[0m	[0;36m8698.4306640625[0m	
[0mGPU[0m	[0m1245409280 / 5032706048[0m	
[0m: 11% done[0m	[0m00:57:18 left[0m	
[0m.:. Batch 10441 to 10500 on 72328 images[0m	
[0mMemory usage[0m	
[0mCPU[0m	[0;36m8703.986328125[0m	
[0mGPU[0m	[0m1245409280 / 5032706048[0m	
[0m: 16% done[0m	[0m00:54:00 left[0m	
[0m.:. Batch 14101 to 14160 on 72328 images[0m	
[0mMemory usage[0m	
[0mCPU[0m	[0;36m8772.84765625[0m	
[0mGPU[0m	[0m1210150912 / 5032706048[0m	
[0m: 21% done[0m	[0m00:50:44 left[0m	
[0m.:. Batch 17701 to 17760 on 72328 images[0m	
[0mMemory usage[0m	
[0mCPU[0m	[0;36m8780.64453125[0m	
[0mGPU[0m	[0m1210150912 / 5032706048[0m	
[0m: 26% done[0m	[0m00:47:31 left[0m	
[0m.:. Batch 21301 to 21360 on 72328 images[0m	
[0mMemory usage[0m	
[0mCPU[0m	[0;36m8784.66796875[0m	
[0mGPU[0m	[0m1210150912 / 5032706048[0m	
[0m: 31% done[0m	[0m00:44:20 left[0m	
[0m.:. Batch 24961 to 25020 on 72328 images[0m	
[0mMemory usage[0m	
[0mCPU[0m	[0;36m8853.3310546875[0m	
[0mGPU[0m	[0m1174892544 / 5032706048[0m	
[0m: 36% done[0m	[0m00:41:07 left[0m	
[0m.:. Batch 28561 to 28620 on 72328 images[0m	
[0mMemory usage[0m	
[0mCPU[0m	[0;36m8856.662109375[0m	
[0mGPU[0m	[0m1174892544 / 5032706048[0m	
[0m: 41% done[0m	[0m00:37:56 left[0m	
[0m.:. Batch 32161 to 32220 on 72328 images[0m	
[0mMemory usage[0m	
[0mCPU[0m	[0;36m8869.0478515625[0m	
[0mGPU[0m	[0m1174892544 / 5032706048[0m	
[0m: 46% done[0m	[0m00:34:46 left[0m	
[0m.:. Batch 35761 to 35820 on 72328 images[0m	
[0mMemory usage[0m	
[0mCPU[0m	[0;36m8872.2744140625[0m	
[0mGPU[0m	[0m1174892544 / 5032706048[0m	
[0m: 51% done[0m	[0m00:31:32 left[0m	
[0m.:. Batch 39421 to 39480 on 72328 images[0m	
[0mMemory usage[0m	
[0mCPU[0m	[0;36m8941.42578125[0m	
[0mGPU[0m	[0m1139634176 / 5032706048[0m	
[0m: 56% done[0m	[0m00:28:22 left[0m	
[0m.:. Batch 43021 to 43080 on 72328 images[0m	
[0mMemory usage[0m	
[0mCPU[0m	[0;36m8945.0341796875[0m	
[0mGPU[0m	[0m1139634176 / 5032706048[0m	
[0m: 61% done[0m	[0m00:25:11 left[0m	
[0m.:. Batch 46621 to 46680 on 72328 images[0m	
[0mMemory usage[0m	
[0mCPU[0m	[0;36m8948.7744140625[0m	
[0mGPU[0m	[0m1139634176 / 5032706048[0m	
[0m: 66% done[0m	[0m00:22:00 left[0m	
[0m.:. Batch 50281 to 50340 on 72328 images[0m	
[0mMemory usage[0m	
[0mCPU[0m	[0;36m9017.470703125[0m	
[0mGPU[0m	[0m1104375808 / 5032706048[0m	
[0m: 71% done[0m	[0m00:18:47 left[0m	
[0m.:. Batch 53881 to 53940 on 72328 images[0m	
[0mMemory usage[0m	
[0mCPU[0m	[0;36m9021.2705078125[0m	
[0mGPU[0m	[0m1104375808 / 5032706048[0m	
[0m: 76% done[0m	[0m00:15:36 left[0m	
[0m.:. Batch 57481 to 57540 on 72328 images[0m	
[0mMemory usage[0m	
[0mCPU[0m	[0;36m9024.91796875[0m	
[0mGPU[0m	[0m1104375808 / 5032706048[0m	
[0m: 81% done[0m	[0m00:12:25 left[0m	
[0m.:. Batch 61141 to 61200 on 72328 images[0m	
[0mMemory usage[0m	
[0mCPU[0m	[0;36m9093.76171875[0m	
[0mGPU[0m	[0m1068068864 / 5032706048[0m	
[0m: 86% done[0m	[0m00:09:11 left[0m	
[0m.:. Batch 64741 to 64800 on 72328 images[0m	
[0mMemory usage[0m	
[0mCPU[0m	[0;36m9113.5947265625[0m	
[0mGPU[0m	[0m1068068864 / 5032706048[0m	
[0m: 91% done[0m	[0m00:06:00 left[0m	
[0m.:. Batch 68341 to 68400 on 72328 images[0m	
[0mMemory usage[0m	
[0mCPU[0m	[0;36m9117.4365234375[0m	
[0mGPU[0m	[0m1068068864 / 5032706048[0m	
[0m: 96% done[0m	[0m00:02:49 left[0m	
[0m.:. Batch 71941 to 72000 on 72328 images[0m	
[0mMemory usage[0m	
[0mCPU[0m	[0;36m9120.751953125[0m	
[0mGPU[0m	[0m1068068864 / 5032706048[0m	
[0m.:. End of Epoch n° 12[0m	
[0m: Real time to learn 1 batch = 00:00:03[0m	
[0m: Real time to learn full batch = 01:03:54[0m	
[0m# Confusion Matrix[0m	
[0m: average row correct: 0.99657061797945%[0m	
[0m: average rowUcol correct (VOC measure): 0.11126274971457%[0m	
[0m: > global correct: 1.0079084172105%[0m	
[0m# ... saving model to /home/cadene/doc/DeepRecipes/convnet/rslt/overfat+5+8e-4/model.t7[0m	
[0m[0m	
[0m# Epoch n° 13[0m	
[0m.:. Batch 1 to 60 on 72328 images[0m	
[0mMemory usage[0m	
[0mCPU[0m	[0;36m10034.974609375[0m	
[0mGPU[0m	[0m1562734592 / 5032706048[0m	
[0m: 1% done[0m	[0m01:22:25 left[0m	
[0m.:. Batch 3241 to 3300 on 72328 images[0m	
[0mMemory usage[0m	
[0mCPU[0m	[0;36m8693.5400390625[0m	
[0mGPU[0m	[0m1245409280 / 5032706048[0m	
[0m: 6% done[0m	[0m01:02:09 left[0m	
[0m.:. Batch 6841 to 6900 on 72328 images[0m	
[0mMemory usage[0m	
[0mCPU[0m	[0;36m8698.376953125[0m	
[0mGPU[0m	[0m1245409280 / 5032706048[0m	
[0m: 11% done[0m	[0m00:57:59 left[0m	
[0m.:. Batch 10441 to 10500 on 72328 images[0m	
[0mMemory usage[0m	
[0mCPU[0m	[0;36m8703.861328125[0m	
[0mGPU[0m	[0m1245409280 / 5032706048[0m	
[0m: 16% done[0m	[0m00:54:26 left[0m	
[0m.:. Batch 14101 to 14160 on 72328 images[0m	
[0mMemory usage[0m	
[0mCPU[0m	[0;36m8772.7626953125[0m	
[0mGPU[0m	[0m1210150912 / 5032706048[0m	
[0m: 21% done[0m	[0m00:51:03 left[0m	
[0m.:. Batch 17701 to 17760 on 72328 images[0m	
[0mMemory usage[0m	
[0mCPU[0m	[0;36m8780.892578125[0m	
[0mGPU[0m	[0m1210150912 / 5032706048[0m	
[0m: 26% done[0m	[0m00:47:49 left[0m	
[0m.:. Batch 21301 to 21360 on 72328 images[0m	
[0mMemory usage[0m	
[0mCPU[0m	[0;36m8784.287109375[0m	
[0mGPU[0m	[0m1210150912 / 5032706048[0m	
[0m: 31% done[0m	[0m00:44:35 left[0m	
[0m.:. Batch 24961 to 25020 on 72328 images[0m	
[0mMemory usage[0m	
[0mCPU[0m	[0;36m8853.4697265625[0m	
[0mGPU[0m	[0m1174892544 / 5032706048[0m	
[0m: 36% done[0m	[0m00:41:17 left[0m	
[0m.:. Batch 28561 to 28620 on 72328 images[0m	
[0mMemory usage[0m	
[0mCPU[0m	[0;36m8856.9833984375[0m	
[0mGPU[0m	[0m1174892544 / 5032706048[0m	
[0m: 41% done[0m	[0m00:38:04 left[0m	
[0m.:. Batch 32161 to 32220 on 72328 images[0m	
[0mMemory usage[0m	
[0mCPU[0m	[0;36m8868.7275390625[0m	
[0mGPU[0m	[0m1174892544 / 5032706048[0m	
[0m: 46% done[0m	[0m00:34:52 left[0m	
[0m.:. Batch 35761 to 35820 on 72328 images[0m	
[0mMemory usage[0m	
[0mCPU[0m	[0;36m8872.462890625[0m	
[0mGPU[0m	[0m1174892544 / 5032706048[0m	
[0m: 51% done[0m	[0m00:31:37 left[0m	
[0m.:. Batch 39421 to 39480 on 72328 images[0m	
[0mMemory usage[0m	
[0mCPU[0m	[0;36m8941.1572265625[0m	
[0mGPU[0m	[0m1139634176 / 5032706048[0m	
[0m: 56% done[0m	[0m00:28:25 left[0m	
[0m.:. Batch 43021 to 43080 on 72328 images[0m	
[0mMemory usage[0m	
[0mCPU[0m	[0;36m8944.447265625[0m	
[0mGPU[0m	[0m1139634176 / 5032706048[0m	
[0m: 61% done[0m	[0m00:25:13 left[0m	
[0m.:. Batch 46621 to 46680 on 72328 images[0m	
[0mMemory usage[0m	
[0mCPU[0m	[0;36m8949.15234375[0m	
[0mGPU[0m	[0m1139634176 / 5032706048[0m	
[0m: 66% done[0m	[0m00:22:02 left[0m	
[0m.:. Batch 50281 to 50340 on 72328 images[0m	
[0mMemory usage[0m	
[0mCPU[0m	[0;36m9017.6123046875[0m	
[0mGPU[0m	[0m1104375808 / 5032706048[0m	
[0m: 71% done[0m	[0m00:18:47 left[0m	
[0m.:. Batch 53881 to 53940 on 72328 images[0m	
[0mMemory usage[0m	
[0mCPU[0m	[0;36m9021.466796875[0m	
[0mGPU[0m	[0m1104375808 / 5032706048[0m	
[0m: 76% done[0m	[0m00:15:36 left[0m	
[0m.:. Batch 57481 to 57540 on 72328 images[0m	
[0mMemory usage[0m	
[0mCPU[0m	[0;36m9025.3564453125[0m	
[0mGPU[0m	[0m1104375808 / 5032706048[0m	
[0m: 81% done[0m	[0m00:12:25 left[0m	
[0m.:. Batch 61141 to 61200 on 72328 images[0m	
[0mMemory usage[0m	
[0mCPU[0m	[0;36m9093.90625[0m	
[0mGPU[0m	[0m1068068864 / 5032706048[0m	
[0m: 86% done[0m	[0m00:09:11 left[0m	
[0m.:. Batch 64741 to 64800 on 72328 images[0m	
[0mMemory usage[0m	
[0mCPU[0m	[0;36m9113.6943359375[0m	
[0mGPU[0m	[0m1068068864 / 5032706048[0m	
[0m: 91% done[0m	[0m00:06:00 left[0m	
[0m.:. Batch 68341 to 68400 on 72328 images[0m	
[0mMemory usage[0m	
[0mCPU[0m	[0;36m9117.5146484375[0m	
[0mGPU[0m	[0m1068068864 / 5032706048[0m	
[0m: 96% done[0m	[0m00:02:50 left[0m	
[0m.:. Batch 71941 to 72000 on 72328 images[0m	
[0mMemory usage[0m	
[0mCPU[0m	[0;36m9121.1142578125[0m	
[0mGPU[0m	[0m1068068864 / 5032706048[0m	
[0m.:. End of Epoch n° 13[0m	
[0m: Real time to learn 1 batch = 00:00:03[0m	
[0m: Real time to learn full batch = 01:03:55[0m	
[0m# Confusion Matrix[0m	
[0m: average row correct: 0.98252378238162%[0m	
[0m: average rowUcol correct (VOC measure): 0.10524500071504%[0m	
[0m: > global correct: 0.99408251299635%[0m	
[0m# ... saving model to /home/cadene/doc/DeepRecipes/convnet/rslt/overfat+5+8e-4/model.t7[0m	
[0m[0m	
[0m# Epoch n° 14[0m	
[0m.:. Batch 1 to 60 on 72328 images[0m	
[0mMemory usage[0m	
[0mCPU[0m	[0;36m10034.974609375[0m	
[0mGPU[0m	[0m1562734592 / 5032706048[0m	
[0m: 1% done[0m	[0m01:01:08 left[0m	
[0m.:. Batch 3241 to 3300 on 72328 images[0m	
[0mMemory usage[0m	
[0mCPU[0m	[0;36m8693.4921875[0m	
[0mGPU[0m	[0m1245409280 / 5032706048[0m	
[0m: 6% done[0m	[0m00:59:56 left[0m	
[0m.:. Batch 6841 to 6900 on 72328 images[0m	
[0mMemory usage[0m	
[0mCPU[0m	[0;36m8697.9521484375[0m	
[0mGPU[0m	[0m1245409280 / 5032706048[0m	
[0m: 11% done[0m	[0m00:56:54 left[0m	
[0m.:. Batch 10441 to 10500 on 72328 images[0m	
[0mMemory usage[0m	
[0mCPU[0m	[0;36m8704.421875[0m	
[0mGPU[0m	[0m1245409280 / 5032706048[0m	
[0m: 16% done[0m	[0m00:53:52 left[0m	
[0m.:. Batch 14101 to 14160 on 72328 images[0m	
[0mMemory usage[0m	
[0mCPU[0m	[0;36m8773.099609375[0m	
[0mGPU[0m	[0m1210150912 / 5032706048[0m	
[0m: 21% done[0m	[0m00:50:41 left[0m	
[0m.:. Batch 17701 to 17760 on 72328 images[0m	
[0mMemory usage[0m	
[0mCPU[0m	[0;36m8780.8408203125[0m	
[0mGPU[0m	[0m1210150912 / 5032706048[0m	
[0m: 26% done[0m	[0m00:47:30 left[0m	
[0m.:. Batch 21301 to 21360 on 72328 images[0m	
[0mMemory usage[0m	
[0mCPU[0m	[0;36m8784.783203125[0m	
[0mGPU[0m	[0m1210150912 / 5032706048[0m	
[0m: 31% done[0m	[0m00:44:20 left[0m	
[0m.:. Batch 24961 to 25020 on 72328 images[0m	
[0mMemory usage[0m	
[0mCPU[0m	[0;36m8853.1787109375[0m	
[0mGPU[0m	[0m1174892544 / 5032706048[0m	
[0m: 36% done[0m	[0m00:41:07 left[0m	
[0m.:. Batch 28561 to 28620 on 72328 images[0m	
[0mMemory usage[0m	
[0mCPU[0m	[0;36m8856.8759765625[0m	
[0mGPU[0m	[0m1174892544 / 5032706048[0m	
[0m: 41% done[0m	[0m00:37:57 left[0m	
[0m.:. Batch 32161 to 32220 on 72328 images[0m	
[0mMemory usage[0m	
[0mCPU[0m	[0;36m8868.7578125[0m	
[0mGPU[0m	[0m1174892544 / 5032706048[0m	
[0m: 46% done[0m	[0m00:34:47 left[0m	
[0m.:. Batch 35761 to 35820 on 72328 images[0m	
[0mMemory usage[0m	
[0mCPU[0m	[0;36m8872.2177734375[0m	
[0mGPU[0m	[0m1174892544 / 5032706048[0m	
[0m: 51% done[0m	[0m00:31:33 left[0m	
[0m.:. Batch 39421 to 39480 on 72328 images[0m	
[0mMemory usage[0m	
[0mCPU[0m	[0;36m8941.4638671875[0m	
[0mGPU[0m	[0m1139634176 / 5032706048[0m	
[0m: 56% done[0m	[0m00:28:22 left[0m	
[0m.:. Batch 43021 to 43080 on 72328 images[0m	
[0mMemory usage[0m	
[0mCPU[0m	[0;36m8944.947265625[0m	
[0mGPU[0m	[0m1139634176 / 5032706048[0m	
[0m: 61% done[0m	[0m00:25:11 left[0m	
[0m.:. Batch 46621 to 46680 on 72328 images[0m	
[0mMemory usage[0m	
[0mCPU[0m	[0;36m8948.9384765625[0m	
[0mGPU[0m	[0m1139634176 / 5032706048[0m	
[0m: 66% done[0m	[0m00:22:00 left[0m	
[0m.:. Batch 50281 to 50340 on 72328 images[0m	
[0mMemory usage[0m	
[0mCPU[0m	[0;36m9017.46875[0m	
[0mGPU[0m	[0m1104375808 / 5032706048[0m	
[0m: 71% done[0m	[0m00:18:46 left[0m	
[0m.:. Batch 53881 to 53940 on 72328 images[0m	
[0mMemory usage[0m	
[0mCPU[0m	[0;36m9021.439453125[0m	
[0mGPU[0m	[0m1104375808 / 5032706048[0m	
[0m: 76% done[0m	[0m00:15:35 left[0m	
[0m.:. Batch 57481 to 57540 on 72328 images[0m	
[0mMemory usage[0m	
[0mCPU[0m	[0;36m9024.7041015625[0m	
[0mGPU[0m	[0m1104375808 / 5032706048[0m	
[0m: 81% done[0m	[0m00:12:25 left[0m	
[0m.:. Batch 61141 to 61200 on 72328 images[0m	
[0mMemory usage[0m	
[0mCPU[0m	[0;36m9093.7373046875[0m	
[0mGPU[0m	[0m1068068864 / 5032706048[0m	
[0m: 86% done[0m	[0m00:09:11 left[0m	
[0m.:. Batch 64741 to 64800 on 72328 images[0m	
[0mMemory usage[0m	
[0mCPU[0m	[0;36m9113.6123046875[0m	
[0mGPU[0m	[0m1068068864 / 5032706048[0m	
[0m: 91% done[0m	[0m00:06:00 left[0m	
[0m.:. Batch 68341 to 68400 on 72328 images[0m	
[0mMemory usage[0m	
[0mCPU[0m	[0;36m9117.9609375[0m	
[0mGPU[0m	[0m1068068864 / 5032706048[0m	
[0m: 96% done[0m	[0m00:02:49 left[0m	
[0m.:. Batch 71941 to 72000 on 72328 images[0m	
[0mMemory usage[0m	
[0mCPU[0m	[0;36m9121.09765625[0m	
[0mGPU[0m	[0m1068068864 / 5032706048[0m	
[0m.:. End of Epoch n° 14[0m	
[0m: Real time to learn 1 batch = 00:00:03[0m	
[0m: Real time to learn full batch = 01:03:52[0m	
[0m# Confusion Matrix[0m	
[0m: average row correct: 1.020385865537%[0m	
[0m: average rowUcol correct (VOC measure): 0.11262062575096%[0m	
[0m: > global correct: 1.0327950447959%[0m	
[0m# ... saving model to /home/cadene/doc/DeepRecipes/convnet/rslt/overfat+5+8e-4/model.t7[0m	
[0m[0m	
[0m# Epoch n° 15[0m	
[0m.:. Batch 1 to 60 on 72328 images[0m	
[0mMemory usage[0m	
[0mCPU[0m	[0;36m10034.974609375[0m	
[0mGPU[0m	[0m1562734592 / 5032706048[0m	
[0m: 1% done[0m	[0m01:00:57 left[0m	
[0m.:. Batch 3241 to 3300 on 72328 images[0m	
[0mMemory usage[0m	
[0mCPU[0m	[0;36m8693.51953125[0m	
[0mGPU[0m	[0m1245409280 / 5032706048[0m	
[0m: 6% done[0m	[0m01:00:03 left[0m	
[0m.:. Batch 6841 to 6900 on 72328 images[0m	
[0mMemory usage[0m	
[0mCPU[0m	[0;36m8698.3955078125[0m	
[0mGPU[0m	[0m1245409280 / 5032706048[0m	
[0m: 11% done[0m	[0m00:57:07 left[0m	
[0m.:. Batch 10441 to 10500 on 72328 images[0m	
[0mMemory usage[0m	
[0mCPU[0m	[0;36m8704.1455078125[0m	
[0mGPU[0m	[0m1245409280 / 5032706048[0m	
[0m: 16% done[0m	[0m00:53:56 left[0m	
[0m.:. Batch 14101 to 14160 on 72328 images[0m	
[0mMemory usage[0m	
[0mCPU[0m	[0;36m8772.8388671875[0m	
[0mGPU[0m	[0m1210150912 / 5032706048[0m	
[0m: 21% done[0m	[0m00:50:42 left[0m	
[0m.:. Batch 17701 to 17760 on 72328 images[0m	
[0mMemory usage[0m	
[0mCPU[0m	[0;36m8780.470703125[0m	
[0mGPU[0m	[0m1210413056 / 5032706048[0m	
[0m: 26% done[0m	[0m00:47:31 left[0m	
[0m.:. Batch 21301 to 21360 on 72328 images[0m	
[0mMemory usage[0m	
[0mCPU[0m	[0;36m8784.33984375[0m	
[0mGPU[0m	[0m1210413056 / 5032706048[0m	
[0m: 31% done[0m	[0m00:44:21 left[0m	
[0m.:. Batch 24961 to 25020 on 72328 images[0m	
[0mMemory usage[0m	
[0mCPU[0m	[0;36m8853.314453125[0m	
[0mGPU[0m	[0m1175154688 / 5032706048[0m	
[0m: 36% done[0m	[0m00:41:07 left[0m	
[0m.:. Batch 28561 to 28620 on 72328 images[0m	
[0mMemory usage[0m	
[0mCPU[0m	[0;36m8856.873046875[0m	
[0mGPU[0m	[0m1175154688 / 5032706048[0m	
[0m: 41% done[0m	[0m00:37:56 left[0m	
[0m.:. Batch 32161 to 32220 on 72328 images[0m	
[0mMemory usage[0m	
[0mCPU[0m	[0;36m8868.6025390625[0m	
[0mGPU[0m	[0m1175154688 / 5032706048[0m	
[0m: 46% done[0m	[0m00:34:45 left[0m	
[0m.:. Batch 35761 to 35820 on 72328 images[0m	
[0mMemory usage[0m	
[0mCPU[0m	[0;36m8872.814453125[0m	
[0mGPU[0m	[0m1175154688 / 5032706048[0m	
[0m: 51% done[0m	[0m00:31:31 left[0m	
[0m.:. Batch 39421 to 39480 on 72328 images[0m	
[0mMemory usage[0m	
[0mCPU[0m	[0;36m8941.3857421875[0m	
[0mGPU[0m	[0m1139896320 / 5032706048[0m	
[0m: 56% done[0m	[0m00:28:21 left[0m	
[0m.:. Batch 43021 to 43080 on 72328 images[0m	
[0mMemory usage[0m	
[0mCPU[0m	[0;36m8945.0810546875[0m	
[0mGPU[0m	[0m1139896320 / 5032706048[0m	
[0m: 61% done[0m	[0m00:25:10 left[0m	
[0m.:. Batch 46621 to 46680 on 72328 images[0m	
[0mMemory usage[0m	
[0mCPU[0m	[0;36m8948.4833984375[0m	
[0mGPU[0m	[0m1139896320 / 5032706048[0m	
[0m: 66% done[0m	[0m00:21:59 left[0m	
[0m.:. Batch 50281 to 50340 on 72328 images[0m	
[0mMemory usage[0m	
[0mCPU[0m	[0;36m9017.3984375[0m	
[0mGPU[0m	[0m1104637952 / 5032706048[0m	
[0m: 71% done[0m	[0m00:18:46 left[0m	
[0m.:. Batch 53881 to 53940 on 72328 images[0m	
[0mMemory usage[0m	
[0mCPU[0m	[0;36m9021.3818359375[0m	
[0mGPU[0m	[0m1104637952 / 5032706048[0m	
[0m: 76% done[0m	[0m00:15:35 left[0m	
[0m.:. Batch 57481 to 57540 on 72328 images[0m	
[0mMemory usage[0m	
[0mCPU[0m	[0;36m9024.9951171875[0m	
[0mGPU[0m	[0m1104637952 / 5032706048[0m	
[0m: 81% done[0m	[0m00:12:24 left[0m	
[0m.:. Batch 61141 to 61200 on 72328 images[0m	
[0mMemory usage[0m	
[0mCPU[0m	[0;36m9093.9619140625[0m	
[0mGPU[0m	[0m1068331008 / 5032706048[0m	
[0m: 86% done[0m	[0m00:09:11 left[0m	
[0m.:. Batch 64741 to 64800 on 72328 images[0m	
[0mMemory usage[0m	
[0mCPU[0m	[0;36m9113.85546875[0m	
[0mGPU[0m	[0m1068331008 / 5032706048[0m	
[0m: 91% done[0m	[0m00:06:00 left[0m	
[0m.:. Batch 68341 to 68400 on 72328 images[0m	
[0mMemory usage[0m	
[0mCPU[0m	[0;36m9117.5810546875[0m	
[0mGPU[0m	[0m1068331008 / 5032706048[0m	
[0m: 96% done[0m	[0m00:02:49 left[0m	
[0m.:. Batch 71941 to 72000 on 72328 images[0m	
[0mMemory usage[0m	
[0mCPU[0m	[0;36m9120.9482421875[0m	
[0mGPU[0m	[0m1068331008 / 5032706048[0m	
[0m.:. End of Epoch n° 15[0m	
[0m: Real time to learn 1 batch = 00:00:03[0m	
[0m: Real time to learn full batch = 01:03:51[0m	
[0m# Confusion Matrix[0m	
[0m: average row correct: 1.0189682693626%[0m	
[0m: average rowUcol correct (VOC measure): 0.11511147921296%[0m	
[0m: > global correct: 1.0300298639531%[0m	
[0m# ... saving model to /home/cadene/doc/DeepRecipes/convnet/rslt/overfat+5+8e-4/model.t7[0m	
[0m[0m	
[0m# Epoch n° 16[0m	
[0m.:. Batch 1 to 60 on 72328 images[0m	
[0mMemory usage[0m	
[0mCPU[0m	[0;36m10034.974609375[0m	
[0mGPU[0m	[0m1562996736 / 5032706048[0m	
[0m: 1% done[0m	[0m01:00:28 left[0m	
[0m.:. Batch 3241 to 3300 on 72328 images[0m	
[0mMemory usage[0m	
[0mCPU[0m	[0;36m8693.3681640625[0m	
[0mGPU[0m	[0m1245671424 / 5032706048[0m	
[0m: 6% done[0m	[0m00:59:59 left[0m	
[0m.:. Batch 6841 to 6900 on 72328 images[0m	
[0mMemory usage[0m	
[0mCPU[0m	[0;36m8698.419921875[0m	
[0mGPU[0m	[0m1245671424 / 5032706048[0m	
[0m: 11% done[0m	[0m00:56:55 left[0m	
[0m.:. Batch 10441 to 10500 on 72328 images[0m	
[0mMemory usage[0m	
[0mCPU[0m	[0;36m8704.423828125[0m	
[0mGPU[0m	[0m1245671424 / 5032706048[0m	
[0m: 16% done[0m	[0m00:53:50 left[0m	
[0m.:. Batch 14101 to 14160 on 72328 images[0m	
[0mMemory usage[0m	
[0mCPU[0m	[0;36m8772.802734375[0m	
[0mGPU[0m	[0m1210413056 / 5032706048[0m	
[0m: 21% done[0m	[0m00:50:38 left[0m	
[0m.:. Batch 17701 to 17760 on 72328 images[0m	
[0mMemory usage[0m	
[0mCPU[0m	[0;36m8780.640625[0m	
[0mGPU[0m	[0m1210413056 / 5032706048[0m	
[0m: 26% done[0m	[0m00:47:30 left[0m	
[0m.:. Batch 21301 to 21360 on 72328 images[0m	
[0mMemory usage[0m	
[0mCPU[0m	[0;36m8784.4404296875[0m	
[0mGPU[0m	[0m1210413056 / 5032706048[0m	
[0m: 31% done[0m	[0m00:44:20 left[0m	
[0m.:. Batch 24961 to 25020 on 72328 images[0m	
[0mMemory usage[0m	
[0mCPU[0m	[0;36m8853.1416015625[0m	
[0mGPU[0m	[0m1175154688 / 5032706048[0m	
[0m: 36% done[0m	[0m00:41:07 left[0m	
[0m.:. Batch 28561 to 28620 on 72328 images[0m	
[0mMemory usage[0m	
[0mCPU[0m	[0;36m8856.724609375[0m	
[0mGPU[0m	[0m1175154688 / 5032706048[0m	
[0m: 41% done[0m	[0m00:37:56 left[0m	
[0m.:. Batch 32161 to 32220 on 72328 images[0m	
[0mMemory usage[0m	
[0mCPU[0m	[0;36m8868.8330078125[0m	
[0mGPU[0m	[0m1175154688 / 5032706048[0m	
[0m: 46% done[0m	[0m00:34:46 left[0m	
[0m.:. Batch 35761 to 35820 on 72328 images[0m	
[0mMemory usage[0m	
[0mCPU[0m	[0;36m8872.2216796875[0m	
[0mGPU[0m	[0m1175154688 / 5032706048[0m	
[0m: 51% done[0m	[0m00:31:32 left[0m	
[0m.:. Batch 39421 to 39480 on 72328 images[0m	
[0mMemory usage[0m	
[0mCPU[0m	[0;36m8941.3623046875[0m	
[0mGPU[0m	[0m1139896320 / 5032706048[0m	
[0m: 56% done[0m	[0m00:28:21 left[0m	
[0m.:. Batch 43021 to 43080 on 72328 images[0m	
[0mMemory usage[0m	
[0mCPU[0m	[0;36m8945.0390625[0m	
[0mGPU[0m	[0m1139896320 / 5032706048[0m	
[0m: 61% done[0m	[0m00:25:11 left[0m	
[0m.:. Batch 46621 to 46680 on 72328 images[0m	
[0mMemory usage[0m	
[0mCPU[0m	[0;36m8949.1875[0m	
[0mGPU[0m	[0m1139896320 / 5032706048[0m	
[0m: 66% done[0m	[0m00:22:00 left[0m	
[0m.:. Batch 50281 to 50340 on 72328 images[0m	
[0mMemory usage[0m	
[0mCPU[0m	[0;36m9017.46875[0m	
[0mGPU[0m	[0m1104637952 / 5032706048[0m	
[0m: 71% done[0m	[0m00:18:46 left[0m	
[0m.:. Batch 53881 to 53940 on 72328 images[0m	
[0mMemory usage[0m	
[0mCPU[0m	[0;36m9021.2880859375[0m	
[0mGPU[0m	[0m1104637952 / 5032706048[0m	
[0m: 76% done[0m	[0m00:15:35 left[0m	
[0m.:. Batch 57481 to 57540 on 72328 images[0m	
[0mMemory usage[0m	
[0mCPU[0m	[0;36m9024.8779296875[0m	
[0mGPU[0m	[0m1104637952 / 5032706048[0m	
[0m: 81% done[0m	[0m00:12:25 left[0m	
[0m.:. Batch 61141 to 61200 on 72328 images[0m	
[0mMemory usage[0m	
[0mCPU[0m	[0;36m9094.115234375[0m	
[0mGPU[0m	[0m1068331008 / 5032706048[0m	
[0m: 86% done[0m	[0m00:09:11 left[0m	
[0m.:. Batch 64741 to 64800 on 72328 images[0m	
[0mMemory usage[0m	
[0mCPU[0m	[0;36m9113.85546875[0m	
[0mGPU[0m	[0m1068331008 / 5032706048[0m	
[0m: 91% done[0m	[0m00:06:00 left[0m	
[0m.:. Batch 68341 to 68400 on 72328 images[0m	
[0mMemory usage[0m	
[0mCPU[0m	[0;36m9117.50390625[0m	
[0mGPU[0m	[0m1068331008 / 5032706048[0m	
[0m: 96% done[0m	[0m00:02:49 left[0m	
[0m.:. Batch 71941 to 72000 on 72328 images[0m	
[0mMemory usage[0m	
[0mCPU[0m	[0;36m9121.3125[0m	
[0mGPU[0m	[0m1068331008 / 5032706048[0m	
[0m.:. End of Epoch n° 16[0m	
[0m: Real time to learn 1 batch = 00:00:03[0m	
[0m: Real time to learn full batch = 01:03:52[0m	
[0m# Confusion Matrix[0m	
[0m: average row correct: 0.96096333190061%[0m	
[0m: average rowUcol correct (VOC measure): 0.10853550295428%[0m	
[0m: > global correct: 0.97057847583232%[0m	
[0m# ... saving model to /home/cadene/doc/DeepRecipes/convnet/rslt/overfat+5+8e-4/model.t7[0m	
[0m[0m	
[0m# Epoch n° 17[0m	
[0m.:. Batch 1 to 60 on 72328 images[0m	
[0mMemory usage[0m	
[0mCPU[0m	[0;36m10034.974609375[0m	
[0mGPU[0m	[0m1562996736 / 5032706048[0m	
[0m: 1% done[0m	[0m01:01:36 left[0m	
[0m.:. Batch 3241 to 3300 on 72328 images[0m	
[0mMemory usage[0m	
[0mCPU[0m	[0;36m8693.7626953125[0m	
[0mGPU[0m	[0m1245671424 / 5032706048[0m	
[0m: 6% done[0m	[0m00:59:58 left[0m	
[0m.:. Batch 6841 to 6900 on 72328 images[0m	
[0mMemory usage[0m	
[0mCPU[0m	[0;36m8698.0400390625[0m	
[0mGPU[0m	[0m1245671424 / 5032706048[0m	
[0m: 11% done[0m	[0m00:56:54 left[0m	
[0m.:. Batch 10441 to 10500 on 72328 images[0m	
[0mMemory usage[0m	
[0mCPU[0m	[0;36m8703.8759765625[0m	
[0mGPU[0m	[0m1245671424 / 5032706048[0m	
[0m: 16% done[0m	[0m00:53:44 left[0m	
[0m.:. Batch 14101 to 14160 on 72328 images[0m	
[0mMemory usage[0m	
[0mCPU[0m	[0;36m8773.0478515625[0m	
[0mGPU[0m	[0m1210413056 / 5032706048[0m	
[0m: 21% done[0m	[0m00:50:33 left[0m	
[0m.:. Batch 17701 to 17760 on 72328 images[0m	
[0mMemory usage[0m	
[0mCPU[0m	[0;36m8780.541015625[0m	
[0mGPU[0m	[0m1210413056 / 5032706048[0m	
[0m: 26% done[0m	[0m00:47:25 left[0m	
[0m.:. Batch 21301 to 21360 on 72328 images[0m	
[0mMemory usage[0m	
[0mCPU[0m	[0;36m8784.5390625[0m	
[0mGPU[0m	[0m1210413056 / 5032706048[0m	
[0m: 31% done[0m	[0m00:44:16 left[0m	
[0m.:. Batch 24961 to 25020 on 72328 images[0m	
[0mMemory usage[0m	
[0mCPU[0m	[0;36m8853.5810546875[0m	
[0mGPU[0m	[0m1175154688 / 5032706048[0m	
[0m: 36% done[0m	[0m00:41:04 left[0m	
[0m.:. Batch 28561 to 28620 on 72328 images[0m	
[0mMemory usage[0m	
[0mCPU[0m	[0;36m8857.044921875[0m	
[0mGPU[0m	[0m1175154688 / 5032706048[0m	
[0m: 41% done[0m	[0m00:37:54 left[0m	
[0m.:. Batch 32161 to 32220 on 72328 images[0m	
[0mMemory usage[0m	
[0mCPU[0m	[0;36m8868.6083984375[0m	
[0mGPU[0m	[0m1175154688 / 5032706048[0m	
[0m: 46% done[0m	[0m00:34:44 left[0m	
[0m.:. Batch 35761 to 35820 on 72328 images[0m	
[0mMemory usage[0m	
[0mCPU[0m	[0;36m8872.5341796875[0m	
[0mGPU[0m	[0m1175154688 / 5032706048[0m	
[0m: 51% done[0m	[0m00:31:31 left[0m	
[0m.:. Batch 39421 to 39480 on 72328 images[0m	
[0mMemory usage[0m	
[0mCPU[0m	[0;36m8941.2705078125[0m	
[0mGPU[0m	[0m1139896320 / 5032706048[0m	
[0m: 56% done[0m	[0m00:28:20 left[0m	
[0m.:. Batch 43021 to 43080 on 72328 images[0m	
[0mMemory usage[0m	
[0mCPU[0m	[0;36m8945.1826171875[0m	
[0mGPU[0m	[0m1139896320 / 5032706048[0m	
[0m: 61% done[0m	[0m00:25:10 left[0m	
[0m.:. Batch 46621 to 46680 on 72328 images[0m	
[0mMemory usage[0m	
[0mCPU[0m	[0;36m8948.6796875[0m	
[0mGPU[0m	[0m1139896320 / 5032706048[0m	
[0m: 66% done[0m	[0m00:22:00 left[0m	
[0m.:. Batch 50281 to 50340 on 72328 images[0m	
[0mMemory usage[0m	
[0mCPU[0m	[0;36m9017.8095703125[0m	
[0mGPU[0m	[0m1104637952 / 5032706048[0m	
[0m: 71% done[0m	[0m00:18:46 left[0m	
[0m.:. Batch 53881 to 53940 on 72328 images[0m	
[0mMemory usage[0m	
[0mCPU[0m	[0;36m9021.60546875[0m	
[0mGPU[0m	[0m1104637952 / 5032706048[0m	
[0m: 76% done[0m	[0m00:15:35 left[0m	
[0m.:. Batch 57481 to 57540 on 72328 images[0m	
[0mMemory usage[0m	
[0mCPU[0m	[0;36m9025.111328125[0m	
[0mGPU[0m	[0m1104637952 / 5032706048[0m	
[0m: 81% done[0m	[0m00:12:25 left[0m	
[0m.:. Batch 61141 to 61200 on 72328 images[0m	
[0mMemory usage[0m	
[0mCPU[0m	[0;36m9093.853515625[0m	
[0mGPU[0m	[0m1068331008 / 5032706048[0m	
[0m: 86% done[0m	[0m00:09:11 left[0m	
[0m.:. Batch 64741 to 64800 on 72328 images[0m	
[0mMemory usage[0m	
[0mCPU[0m	[0;36m9113.4892578125[0m	
[0mGPU[0m	[0m1068331008 / 5032706048[0m	
[0m: 91% done[0m	[0m00:06:00 left[0m	
[0m.:. Batch 68341 to 68400 on 72328 images[0m	
[0mMemory usage[0m	
[0mCPU[0m	[0;36m9116.91015625[0m	
[0mGPU[0m	[0m1068331008 / 5032706048[0m	
[0m: 96% done[0m	[0m00:02:49 left[0m	
[0m.:. Batch 71941 to 72000 on 72328 images[0m	
[0mMemory usage[0m	
[0mCPU[0m	[0;36m9121.146484375[0m	
[0mGPU[0m	[0m1068331008 / 5032706048[0m	
[0m.:. End of Epoch n° 17[0m	
[0m: Real time to learn 1 batch = 00:00:03[0m	
[0m: Real time to learn full batch = 01:03:53[0m	
[0m# Confusion Matrix[0m	
[0m: average row correct: 1.0091333099097%[0m	
[0m: average rowUcol correct (VOC measure): 0.10949518545392%[0m	
[0m: > global correct: 1.0189691405818%[0m	
[0m# ... saving model to /home/cadene/doc/DeepRecipes/convnet/rslt/overfat+5+8e-4/model.t7[0m	
[0m[0m	
[0m# Epoch n° 18[0m	
[0m.:. Batch 1 to 60 on 72328 images[0m	
[0mMemory usage[0m	
[0mCPU[0m	[0;36m10035.099609375[0m	
[0mGPU[0m	[0m1562996736 / 5032706048[0m	
[0m: 1% done[0m	[0m01:02:44 left[0m	
[0m.:. Batch 3241 to 3300 on 72328 images[0m	
[0mMemory usage[0m	
[0mCPU[0m	[0;36m8693.6435546875[0m	
[0mGPU[0m	[0m1245409280 / 5032706048[0m	
[0m: 6% done[0m	[0m01:00:15 left[0m	
[0m.:. Batch 6841 to 6900 on 72328 images[0m	
[0mMemory usage[0m	
[0mCPU[0m	[0;36m8698.4306640625[0m	
[0mGPU[0m	[0m1245671424 / 5032706048[0m	
[0m: 11% done[0m	[0m00:57:04 left[0m	
[0m.:. Batch 10441 to 10500 on 72328 images[0m	
[0mMemory usage[0m	
[0mCPU[0m	[0;36m8704.30859375[0m	
[0mGPU[0m	[0m1245671424 / 5032706048[0m	
[0m: 16% done[0m	[0m00:53:58 left[0m	
[0m.:. Batch 14101 to 14160 on 72328 images[0m	
[0mMemory usage[0m	
[0mCPU[0m	[0;36m8772.740234375[0m	
[0mGPU[0m	[0m1210413056 / 5032706048[0m	
[0m: 21% done[0m	[0m00:50:44 left[0m	
[0m.:. Batch 17701 to 17760 on 72328 images[0m	
[0mMemory usage[0m	
[0mCPU[0m	[0;36m8780.759765625[0m	
[0mGPU[0m	[0m1210150912 / 5032706048[0m	
[0m: 26% done[0m	[0m00:47:38 left[0m	
Killed
