% mean class accuracy (train set)	
 5.5250e+01	
 7.2750e+01	
 8.2833e+01	
 8.7208e+01	
 8.9458e+01	
 9.0375e+01	
 9.2125e+01	
 9.1125e+01	
 9.2000e+01	
 9.3333e+01	
 9.2583e+01	
 9.3500e+01	
 9.3917e+01	
 9.3958e+01	
 9.4167e+01	
 9.4667e+01	
 9.4958e+01	
 9.5333e+01	
 9.5125e+01	
 9.4917e+01	
 9.4583e+01	
 9.5792e+01	
 9.5458e+01	
 9.5875e+01	
 9.6125e+01	
 9.6333e+01	
 9.6083e+01	
 9.6250e+01	
 9.6875e+01	
 9.6208e+01	
 9.6167e+01	
 9.5542e+01	
 9.6250e+01	
 9.6000e+01	
 9.6083e+01	
 9.6292e+01	
 9.6167e+01	
 9.6542e+01	
 9.6542e+01	
 9.6417e+01	
 9.6958e+01	
 9.6333e+01	
 9.6667e+01	
 9.6875e+01	
 9.6333e+01	
 9.6875e+01	
 9.6833e+01	
 9.6667e+01	
 9.6958e+01	
 9.6417e+01	
 9.7000e+01	
 9.6958e+01	
 9.6875e+01	
 9.6458e+01	
 9.7000e+01	
 9.7125e+01	
 9.7083e+01	
 9.7125e+01	
 9.7167e+01	
 9.7042e+01	
 9.7042e+01	
 9.7250e+01	
 9.7417e+01	
 9.7458e+01	
 9.7375e+01	
 9.7833e+01	
 9.7250e+01	
 9.7417e+01	
 9.7708e+01	
 9.7000e+01	
 9.7625e+01	
 9.7292e+01	
 9.7625e+01	
 9.7333e+01	
 9.7458e+01	
 9.7708e+01	
 9.7458e+01	
 9.7458e+01	
 9.7167e+01	
 9.7250e+01	
 9.7000e+01	
 9.7708e+01	
 9.7167e+01	
 9.7167e+01	
 9.7750e+01	
 9.7708e+01	
 9.7750e+01	
 9.7625e+01	
 9.7750e+01	
 9.7708e+01	
 9.7583e+01	
 9.7708e+01	
 9.7708e+01	
 9.7875e+01	
 9.7833e+01	
 9.7250e+01	
 9.7583e+01	
 9.7750e+01	
 9.7333e+01	
 9.7792e+01	
