% mean class accuracy (train set)	
 1.0162e+00	
 1.1268e+00	
 1.2969e+00	
 2.1679e+00	
 3.3500e+00	
 4.4284e+00	
 5.3022e+00	
 5.8567e+00	
 6.6392e+00	
 7.5890e+00	
 8.3260e+00	
 9.3104e+00	
 1.0459e+01	
 1.1755e+01	
 1.3052e+01	
 1.4429e+01	
 1.5868e+01	
 1.7537e+01	
 1.9579e+01	
 2.1857e+01	
 2.4835e+01	
 2.8130e+01	
 3.1990e+01	
 3.6406e+01	
 4.1688e+01	
 4.6924e+01	
 5.3036e+01	
 5.9590e+01	
 6.5531e+01	
 7.1155e+01	
 7.5755e+01	
 7.9361e+01	
 8.1988e+01	
 8.5452e+01	
 8.7170e+01	
 8.9304e+01	
 9.0709e+01	
