[0m# ... lunching using pid = 13458[0m	
[0m# ... loading seed in ./sk5/seed.save[0m	
[0m# ... switching to CUDA[0m	
[0m# ... loading Dataset[0m	
[0m# ...reloading previously trained model[0m	
[0m# Model[0m	
nn.Sequential {
  [input -> (1) -> (2) -> (3) -> (4) -> (5) -> (6) -> (7) -> (8) -> (9) -> (10) -> (11) -> (12) -> (13) -> (14) -> (15) -> (16) -> (17) -> (18) -> output]
  (1): nn.SpatialConvolutionMM(in: 3, out: 16, kW: 3, kH: 3, padding: 1)
  (2): nn.ReLU
  (3): nn.SpatialMaxPooling(kW: 2, kH: 2, dW: 2, dH: 2)
  (4): nn.SpatialConvolutionMM(in: 16, out: 32, kW: 3, kH: 3, padding: 1)
  (5): nn.ReLU
  (6): nn.SpatialMaxPooling(kW: 2, kH: 2, dW: 2, dH: 2)
  (7): nn.SpatialConvolutionMM(in: 32, out: 32, kW: 3, kH: 3, padding: 1)
  (8): nn.ReLU
  (9): nn.SpatialMaxPooling(kW: 3, kH: 3, dW: 3, dH: 3)
  (10): nn.Reshape(10368)
  (11): nn.Linear(10368 -> 2048)
  (12): nn.ReLU
  (13): nn.Dropout(0.500000)
  (14): nn.Linear(2048 -> 1024)
  (15): nn.ReLU
  (16): nn.Dropout(0.500000)
  (17): nn.Linear(1024 -> 101)
  (18): nn.LogSoftMax
}
[0mNumber of parameters 23451749[0m	
[0m# Criterion[0m	
nn.ClassNLLCriterion
[0m# ... building optimizer[0m	
[0m# ...reloading previously trained optimfunc.state[0m	
[0m# Optimizer[0m	
{
  name : [1;30m"[0m[0;32mADAGRAD[0m[1;30m"[0m
  method : [0;35mfunction: 0x41234488[0m
  config : 
    {
      learningRate : [0;36m0[0m
    }
  state : 
    {
      paramStd : [0;31mCudaTensor - size: 23451749[0m
      evalCounter : [0;36m9622[0m
      paramVariance : [0;31mCudaTensor - size: 23451749[0m
    }
}
[0m
#####################[0m	
[0m# Epoch n° 1[0m	
[0m
# ... train model[0m	
[0m.:. Batch 1 to 128 on 72328 images[0m	
[0m: 1% done[0m	[0m00:17:59 left[0m	
[0m.:. Batch 3201 to 3328 on 72328 images[0m	
[0m: 6% done[0m	[0m00:16:01 left[0m	
[0m.:. Batch 6785 to 6912 on 72328 images[0m	
[0m: 11% done[0m	[0m00:14:37 left[0m	
[0m.:. Batch 10497 to 10624 on 72328 images[0m	
[0m: 16% done[0m	[0m00:13:51 left[0m	
[0m.:. Batch 14081 to 14208 on 72328 images[0m	
[0m: 21% done[0m	[0m00:12:51 left[0m	
[0m.:. Batch 17665 to 17792 on 72328 images[0m	
[0m: 26% done[0m	[0m00:12:15 left[0m	
[0m.:. Batch 21249 to 21376 on 72328 images[0m	
[0m: 31% done[0m	[0m00:11:30 left[0m	
[0m.:. Batch 24961 to 25088 on 72328 images[0m	
[0m: 36% done[0m	[0m00:10:42 left[0m	
[0m.:. Batch 28545 to 28672 on 72328 images[0m	
[0m: 41% done[0m	[0m00:09:50 left[0m	
[0m.:. Batch 32129 to 32256 on 72328 images[0m	
[0m: 46% done[0m	[0m00:09:03 left[0m	
[0m.:. Batch 35841 to 35968 on 72328 images[0m	
[0m: 51% done[0m	[0m00:08:13 left[0m	
[0m.:. Batch 39425 to 39552 on 72328 images[0m	
[0m: 56% done[0m	[0m00:07:21 left[0m	
[0m.:. Batch 43009 to 43136 on 72328 images[0m	
[0m: 61% done[0m	[0m00:06:31 left[0m	
[0m.:. Batch 46721 to 46848 on 72328 images[0m	
[0m: 66% done[0m	[0m00:05:43 left[0m	
[0m.:. Batch 50305 to 50432 on 72328 images[0m	
[0m: 71% done[0m	[0m00:04:55 left[0m	
[0m.:. Batch 53889 to 54016 on 72328 images[0m	
[0m: 76% done[0m	[0m00:04:07 left[0m	
[0m.:. Batch 57473 to 57600 on 72328 images[0m	
[0m: 81% done[0m	[0m00:03:16 left[0m	
[0m.:. Batch 61185 to 61312 on 72328 images[0m	
[0m: 86% done[0m	[0m00:02:26 left[0m	
[0m.:. Batch 64769 to 64896 on 72328 images[0m	
[0m: 91% done[0m	[0m00:01:34 left[0m	
[0m.:. Batch 68353 to 68480 on 72328 images[0m	
[0m: 96% done[0m	[0m00:00:43 left[0m	
[0m.:. Batch 72065 to 72192 on 72328 images[0m	
[0m.:. End of Epoch n° 1[0m	
[0m: Real time to learn 1 batch = 00:00:01[0m	
[0m: Real time to learn full batch = 00:17:04[0m	
[0m# Confusion Matrix[0m	
[0m: average row correct: 65.698215749004%[0m	
[0m: average rowUcol correct (VOC measure): 49.527484444108%[0m	
[0m: > global correct: 65.667514655458%[0m	
[0m
# ... test model[0m	
[0m: 0% done [0m	[0m00:03:11 left[0m	
[0m: 5% done [0m	[0m00:01:58 left[0m	
[0m: 10% done [0m	[0m00:02:00 left[0m	
[0m: 15% done [0m	[0m00:01:56 left[0m	
[0m: 20% done [0m	[0m00:01:50 left[0m	
[0m: 25% done [0m	[0m00:01:44 left[0m	
[0m: 30% done [0m	[0m00:01:38 left[0m	
[0m: 35% done [0m	[0m00:01:32 left[0m	
[0m: 40% done [0m	[0m00:01:25 left[0m	
[0m: 45% done [0m	[0m00:01:19 left[0m	
[0m: 50% done [0m	[0m00:01:12 left[0m	
[0m: 55% done [0m	[0m00:01:04 left[0m	
[0m: 60% done [0m	[0m00:00:57 left[0m	
[0m: 65% done [0m	[0m00:00:50 left[0m	
[0m: 70% done [0m	[0m00:00:43 left[0m	
[0m: 75% done [0m	[0m00:00:36 left[0m	
[0m: 80% done [0m	[0m00:00:29 left[0m	
[0m: 85% done [0m	[0m00:00:22 left[0m	
[0m: 90% done [0m	[0m00:00:15 left[0m	
[0m: 95% done [0m	[0m00:00:07 left[0m	
[0m: 100% done [0m	[0m00:00:00 left[0m	
[0m: Time to test all samples = 00:02:24[0m	
[0m# Confusion Matrix[0m	
[0m: average row correct: 22.939747962916%[0m	
[0m: average rowUcol correct (VOC measure): 13.242329856252%[0m	
[0m: > global correct: 22.872721264526%[0m	
[0m# ... saving model to ./sk6/model.net[0m	
[0m: tac = 2.3206381797791 sec[0m	
[0m# ... saving optimfunc.state to ./sk6/optim.state[0m	
[0m: tac = 4.2741601467133 sec[0m	
[0m# ... saving optimfunc.method to ./sk6/optim.method[0m	
[0m: tac = 4.3483021259308 sec[0m	
[0m
#####################[0m	
[0m# Epoch n° 2[0m	
[0m
# ... train model[0m	
[0m.:. Batch 1 to 128 on 72328 images[0m	
[0m: 1% done[0m	[0m00:21:09 left[0m	
[0m.:. Batch 3201 to 3328 on 72328 images[0m	
[0m: 6% done[0m	[0m00:18:24 left[0m	
[0m.:. Batch 6785 to 6912 on 72328 images[0m	
[0m: 11% done[0m	[0m00:16:27 left[0m	
[0m.:. Batch 10497 to 10624 on 72328 images[0m	
[0m: 16% done[0m	[0m00:15:21 left[0m	
[0m.:. Batch 14081 to 14208 on 72328 images[0m	
[0m: 21% done[0m	[0m00:14:28 left[0m	
[0m.:. Batch 17665 to 17792 on 72328 images[0m	
[0m: 26% done[0m	[0m00:13:32 left[0m	
[0m.:. Batch 21249 to 21376 on 72328 images[0m	
[0m: 31% done[0m	[0m00:13:00 left[0m	
[0m.:. Batch 24961 to 25088 on 72328 images[0m	
[0m: 36% done[0m	[0m00:11:57 left[0m	
[0m.:. Batch 28545 to 28672 on 72328 images[0m	
[0m: 41% done[0m	[0m00:10:57 left[0m	
[0m.:. Batch 32129 to 32256 on 72328 images[0m	
[0m: 46% done[0m	[0m00:10:03 left[0m	
[0m.:. Batch 35841 to 35968 on 72328 images[0m	
[0m: 51% done[0m	[0m00:09:08 left[0m	
[0m.:. Batch 39425 to 39552 on 72328 images[0m	
[0m: 56% done[0m	[0m00:08:33 left[0m	
[0m.:. Batch 43009 to 43136 on 72328 images[0m	
[0m: 61% done[0m	[0m00:07:35 left[0m	
[0m.:. Batch 46721 to 46848 on 72328 images[0m	
[0m: 66% done[0m	[0m00:06:40 left[0m	
[0m.:. Batch 50305 to 50432 on 72328 images[0m	
[0m: 71% done[0m	[0m00:05:42 left[0m	
[0m.:. Batch 53889 to 54016 on 72328 images[0m	
[0m: 76% done[0m	[0m00:04:42 left[0m	
[0m.:. Batch 57473 to 57600 on 72328 images[0m	
[0m: 81% done[0m	[0m00:03:43 left[0m	
[0m.:. Batch 61185 to 61312 on 72328 images[0m	
[0m: 86% done[0m	[0m00:02:44 left[0m	
[0m.:. Batch 64769 to 64896 on 72328 images[0m	
[0m: 91% done[0m	[0m00:01:45 left[0m	
[0m.:. Batch 68353 to 68480 on 72328 images[0m	
[0m: 96% done[0m	[0m00:00:48 left[0m	
[0m.:. Batch 72065 to 72192 on 72328 images[0m	
[0m.:. End of Epoch n° 2[0m	
[0m: Real time to learn 1 batch = 00:00:02[0m	
[0m: Real time to learn full batch = 00:18:54[0m	
[0m# Confusion Matrix[0m	
[0m: average row correct: 65.567092199137%[0m	
[0m: average rowUcol correct (VOC measure): 49.386342563251%[0m	
[0m: > global correct: 65.533403384581%[0m	
[0m
# ... test model[0m	
[0m: 0% done [0m	[0m00:02:36 left[0m	
[0m: 5% done [0m	[0m00:02:00 left[0m	
[0m: 10% done [0m	[0m00:01:58 left[0m	
[0m: 15% done [0m	[0m00:01:54 left[0m	
[0m: 20% done [0m	[0m00:01:51 left[0m	
[0m: 25% done [0m	[0m00:01:46 left[0m	
[0m: 30% done [0m	[0m00:01:40 left[0m	
[0m: 35% done [0m	[0m00:01:34 left[0m	
[0m: 40% done [0m	[0m00:01:27 left[0m	
[0m: 45% done [0m	[0m00:01:19 left[0m	
[0m: 50% done [0m	[0m00:01:12 left[0m	
[0m: 55% done [0m	[0m00:01:05 left[0m	
[0m: 60% done [0m	[0m00:00:58 left[0m	
[0m: 65% done [0m	[0m00:00:51 left[0m	
[0m: 70% done [0m	[0m00:00:44 left[0m	
[0m: 75% done [0m	[0m00:00:37 left[0m	
[0m: 80% done [0m	[0m00:00:29 left[0m	
[0m: 85% done [0m	[0m00:00:22 left[0m	
[0m: 90% done [0m	[0m00:00:15 left[0m	
[0m: 95% done [0m	[0m00:00:07 left[0m	
[0m: 100% done [0m	[0m00:00:00 left[0m	
[0m: Time to test all samples = 00:02:25[0m	
[0m# Confusion Matrix[0m	
[0m: average row correct: 22.939747962916%[0m	
[0m: average rowUcol correct (VOC measure): 13.242329856252%[0m	
[0m: > global correct: 22.872721264526%[0m	
[0m# ... saving model to ./sk6/model.net[0m	
[0m: tac = 2.3479309082031 sec[0m	
[0m# ... saving optimfunc.state to ./sk6/optim.state[0m	
[0m: tac = 4.282516002655 sec[0m	
[0m# ... saving optimfunc.method to ./sk6/optim.method[0m	
[0m: tac = 4.3430080413818 sec[0m	
[0m
#####################[0m	
[0m# Epoch n° 3[0m	
[0m
# ... train model[0m	
[0m.:. Batch 1 to 128 on 72328 images[0m	
[0m: 1% done[0m	[0m00:22:19 left[0m	
[0m.:. Batch 3201 to 3328 on 72328 images[0m	
[0m: 6% done[0m	[0m00:17:03 left[0m	
[0m.:. Batch 6785 to 6912 on 72328 images[0m	
[0m: 11% done[0m	[0m00:16:23 left[0m	
[0m.:. Batch 10497 to 10624 on 72328 images[0m	
[0m: 16% done[0m	[0m00:15:18 left[0m	
[0m.:. Batch 14081 to 14208 on 72328 images[0m	
[0m: 21% done[0m	[0m00:14:37 left[0m	
[0m.:. Batch 17665 to 17792 on 72328 images[0m	
[0m: 26% done[0m	[0m00:13:49 left[0m	
[0m.:. Batch 21249 to 21376 on 72328 images[0m	
[0m: 31% done[0m	[0m00:13:21 left[0m	
[0m.:. Batch 24961 to 25088 on 72328 images[0m	
[0m: 36% done[0m	[0m00:12:29 left[0m	
[0m.:. Batch 28545 to 28672 on 72328 images[0m	
[0m: 41% done[0m	[0m00:11:31 left[0m	
[0m.:. Batch 32129 to 32256 on 72328 images[0m	
[0m: 46% done[0m	[0m00:10:32 left[0m	
[0m.:. Batch 35841 to 35968 on 72328 images[0m	
[0m: 51% done[0m	[0m00:09:33 left[0m	
[0m.:. Batch 39425 to 39552 on 72328 images[0m	
[0m: 56% done[0m	[0m00:08:36 left[0m	
[0m.:. Batch 43009 to 43136 on 72328 images[0m	
[0m: 61% done[0m	[0m00:07:40 left[0m	
[0m.:. Batch 46721 to 46848 on 72328 images[0m	
[0m: 66% done[0m	[0m00:06:47 left[0m	
[0m.:. Batch 50305 to 50432 on 72328 images[0m	
[0m: 71% done[0m	[0m00:05:43 left[0m	
[0m.:. Batch 53889 to 54016 on 72328 images[0m	
[0m: 76% done[0m	[0m00:04:43 left[0m	
[0m.:. Batch 57473 to 57600 on 72328 images[0m	
[0m: 81% done[0m	[0m00:03:44 left[0m	
[0m.:. Batch 61185 to 61312 on 72328 images[0m	
[0m: 86% done[0m	[0m00:02:45 left[0m	
[0m.:. Batch 64769 to 64896 on 72328 images[0m	
[0m: 91% done[0m	[0m00:01:45 left[0m	
[0m.:. Batch 68353 to 68480 on 72328 images[0m	
[0m: 96% done[0m	[0m00:00:48 left[0m	
[0m.:. Batch 72065 to 72192 on 72328 images[0m	
[0m.:. End of Epoch n° 3[0m	
[0m: Real time to learn 1 batch = 00:00:02[0m	
[0m: Real time to learn full batch = 00:18:57[0m	
[0m# Confusion Matrix[0m	
[0m: average row correct: 65.744929797579%[0m	
[0m: average rowUcol correct (VOC measure): 49.630164391924%[0m	
[0m: > global correct: 65.711757548944%[0m	
[0m
# ... test model[0m	
[0m: 0% done [0m	[0m00:03:18 left[0m	
[0m: 5% done [0m	[0m00:01:57 left[0m	
[0m: 10% done [0m	[0m00:02:00 left[0m	
[0m: 15% done [0m	[0m00:01:58 left[0m	
[0m: 20% done [0m	[0m00:01:51 left[0m	
[0m: 25% done [0m	[0m00:01:45 left[0m	
[0m: 30% done [0m	[0m00:01:39 left[0m	
[0m: 35% done [0m	[0m00:01:33 left[0m	
[0m: 40% done [0m	[0m00:01:25 left[0m	
[0m: 45% done [0m	[0m00:01:19 left[0m	
[0m: 50% done [0m	[0m00:01:13 left[0m	
[0m: 55% done [0m	[0m00:01:07 left[0m	
[0m: 60% done [0m	[0m00:01:01 left[0m	
[0m: 65% done [0m	[0m00:00:53 left[0m	
[0m: 70% done [0m	[0m00:00:45 left[0m	
[0m: 75% done [0m	[0m00:00:37 left[0m	
[0m: 80% done [0m	[0m00:00:30 left[0m	
[0m: 85% done [0m	[0m00:00:22 left[0m	
[0m: 90% done [0m	[0m00:00:15 left[0m	
[0m: 95% done [0m	[0m00:00:08 left[0m	
[0m: 100% done [0m	[0m00:00:00 left[0m	
[0m: Time to test all samples = 00:02:28[0m	
[0m# Confusion Matrix[0m	
[0m: average row correct: 22.939747962916%[0m	
[0m: average rowUcol correct (VOC measure): 13.242329856252%[0m	
[0m: > global correct: 22.872721264526%[0m	
[0m# ... saving model to ./sk6/model.net[0m	
[0m: tac = 2.4050979614258 sec[0m	
[0m# ... saving optimfunc.state to ./sk6/optim.state[0m	
[0m: tac = 4.3885209560394 sec[0m	
[0m# ... saving optimfunc.method to ./sk6/optim.method[0m	
[0m: tac = 4.451847076416 sec[0m	
[0m
#####################[0m	
[0m# Epoch n° 4[0m	
[0m
# ... train model[0m	
[0m.:. Batch 1 to 128 on 72328 images[0m	
[0m: 1% done[0m	[0m00:19:32 left[0m	
[0m.:. Batch 3201 to 3328 on 72328 images[0m	
[0m: 6% done[0m	[0m00:18:01 left[0m	
[0m.:. Batch 6785 to 6912 on 72328 images[0m	
[0m: 11% done[0m	[0m00:16:50 left[0m	
[0m.:. Batch 10497 to 10624 on 72328 images[0m	
[0m: 16% done[0m	[0m00:16:14 left[0m	
[0m.:. Batch 14081 to 14208 on 72328 images[0m	
[0m: 21% done[0m	[0m00:15:22 left[0m	
[0m.:. Batch 17665 to 17792 on 72328 images[0m	
[0m: 26% done[0m	[0m00:14:21 left[0m	
[0m.:. Batch 21249 to 21376 on 72328 images[0m	
[0m: 31% done[0m	[0m00:13:24 left[0m	
[0m.:. Batch 24961 to 25088 on 72328 images[0m	
[0m: 36% done[0m	[0m00:12:17 left[0m	
[0m.:. Batch 28545 to 28672 on 72328 images[0m	
[0m: 41% done[0m	[0m00:11:07 left[0m	
[0m.:. Batch 32129 to 32256 on 72328 images[0m	
[0m: 46% done[0m	[0m00:10:10 left[0m	
[0m.:. Batch 35841 to 35968 on 72328 images[0m	
[0m: 51% done[0m	[0m00:09:20 left[0m	
[0m.:. Batch 39425 to 39552 on 72328 images[0m	
[0m: 56% done[0m	[0m00:08:28 left[0m	
[0m.:. Batch 43009 to 43136 on 72328 images[0m	
[0m: 61% done[0m	[0m00:07:37 left[0m	
[0m.:. Batch 46721 to 46848 on 72328 images[0m	
[0m: 66% done[0m	[0m00:06:39 left[0m	
[0m.:. Batch 50305 to 50432 on 72328 images[0m	
[0m: 71% done[0m	[0m00:05:41 left[0m	
[0m.:. Batch 53889 to 54016 on 72328 images[0m	
[0m: 76% done[0m	[0m00:04:42 left[0m	
[0m.:. Batch 57473 to 57600 on 72328 images[0m	
[0m: 81% done[0m	[0m00:03:43 left[0m	
[0m.:. Batch 61185 to 61312 on 72328 images[0m	
[0m: 86% done[0m	[0m00:02:44 left[0m	
[0m.:. Batch 64769 to 64896 on 72328 images[0m	
[0m: 91% done[0m	[0m00:01:45 left[0m	
[0m.:. Batch 68353 to 68480 on 72328 images[0m	
[0m: 96% done[0m	[0m00:00:48 left[0m	
[0m.:. Batch 72065 to 72192 on 72328 images[0m	
[0m.:. End of Epoch n° 4[0m	
[0m: Real time to learn 1 batch = 00:00:02[0m	
[0m: Real time to learn full batch = 00:19:01[0m	
[0m# Confusion Matrix[0m	
[0m: average row correct: 66.043803567934%[0m	
[0m: average rowUcol correct (VOC measure): 49.943776768033%[0m	
[0m: > global correct: 66.017310032076%[0m	
[0m
# ... test model[0m	
[0m: 0% done [0m	[0m00:03:14 left[0m	
[0m: 5% done [0m	[0m00:02:15 left[0m	
[0m: 10% done [0m	[0m00:02:15 left[0m	
[0m: 15% done [0m	[0m00:02:11 left[0m	
[0m: 20% done [0m	[0m00:02:07 left[0m	
[0m: 25% done [0m	[0m00:02:00 left[0m	
[0m: 30% done [0m	[0m00:01:54 left[0m	
[0m: 35% done [0m	[0m00:01:45 left[0m	
[0m: 40% done [0m	[0m00:01:38 left[0m	
[0m: 45% done [0m	[0m00:01:31 left[0m	
[0m: 50% done [0m	[0m00:01:22 left[0m	
[0m: 55% done [0m	[0m00:01:13 left[0m	
[0m: 60% done [0m	[0m00:01:05 left[0m	
[0m: 65% done [0m	[0m00:00:58 left[0m	
[0m: 70% done [0m	[0m00:00:49 left[0m	
[0m: 75% done [0m	[0m00:00:41 left[0m	
[0m: 80% done [0m	[0m00:00:32 left[0m	
[0m: 85% done [0m	[0m00:00:24 left[0m	
[0m: 90% done [0m	[0m00:00:16 left[0m	
[0m: 95% done [0m	[0m00:00:08 left[0m	
[0m: 100% done [0m	[0m00:00:00 left[0m	
[0m: Time to test all samples = 00:02:42[0m	
[0m# Confusion Matrix[0m	
[0m: average row correct: 22.939747962916%[0m	
[0m: average rowUcol correct (VOC measure): 13.242329856252%[0m	
[0m: > global correct: 22.872721264526%[0m	
[0m# ... saving model to ./sk6/model.net[0m	
[0m: tac = 2.4526710510254 sec[0m	
[0m# ... saving optimfunc.state to ./sk6/optim.state[0m	
[0m: tac = 4.4423408508301 sec[0m	
[0m# ... saving optimfunc.method to ./sk6/optim.method[0m	
[0m: tac = 4.5017778873444 sec[0m	
[0m
#####################[0m	
[0m# Epoch n° 5[0m	
[0m
# ... train model[0m	
[0m.:. Batch 1 to 128 on 72328 images[0m	
[0m: 1% done[0m	[0m00:22:11 left[0m	
[0m.:. Batch 3201 to 3328 on 72328 images[0m	
[0m: 6% done[0m	[0m00:19:33 left[0m	
[0m.:. Batch 6785 to 6912 on 72328 images[0m	
[0m: 11% done[0m	[0m00:17:53 left[0m	
[0m.:. Batch 10497 to 10624 on 72328 images[0m	
[0m: 16% done[0m	[0m00:17:07 left[0m	
[0m.:. Batch 14081 to 14208 on 72328 images[0m	
[0m: 21% done[0m	[0m00:15:40 left[0m	
[0m.:. Batch 17665 to 17792 on 72328 images[0m	
[0m: 26% done[0m	[0m00:14:59 left[0m	
[0m.:. Batch 21249 to 21376 on 72328 images[0m	
[0m: 31% done[0m	[0m00:13:51 left[0m	
[0m.:. Batch 24961 to 25088 on 72328 images[0m	
[0m: 36% done[0m	[0m00:12:42 left[0m	
Killed
