% mean class accuracy (train set)	
 1.9425e+00	
 2.8039e+00	
 3.9418e+00	
 5.6645e+00	
 8.3826e+00	
 1.1870e+01	
 1.6597e+01	
 2.2294e+01	
 2.8466e+01	
 3.5173e+01	
 4.2025e+01	
 4.8192e+01	
 5.3849e+01	
 5.8891e+01	
 6.3417e+01	
 6.7603e+01	
 7.0773e+01	
 7.4075e+01	
 7.6363e+01	
 7.8946e+01	
 8.0882e+01	
 8.2278e+01	
 8.3521e+01	
 8.5049e+01	
 8.6225e+01	
 8.7153e+01	
 8.8180e+01	
 8.8813e+01	
 8.9216e+01	
 8.9962e+01	
 9.0496e+01	
 9.0853e+01	
 9.1345e+01	
 9.1852e+01	
 9.2173e+01	
 9.2499e+01	
 9.2759e+01	
 9.3030e+01	
 9.3335e+01	
 9.3604e+01	
 9.3818e+01	
 9.4154e+01	
 9.4167e+01	
 9.4380e+01	
 9.4547e+01	
 9.4725e+01	
 9.4796e+01	
 9.4901e+01	
 9.5161e+01	
 9.5223e+01	
