% mean class accuracy (train set)	
 2.3905e+00	
 4.5003e+00	
 6.8314e+00	
 8.6882e+00	
 9.8745e+00	
 1.1217e+01	
 1.2503e+01	
 1.3946e+01	
 1.5763e+01	
 1.7676e+01	
 1.9782e+01	
 2.2316e+01	
 2.4996e+01	
 2.8013e+01	
 3.1325e+01	
 3.4939e+01	
 3.8285e+01	
 4.2141e+01	
 4.6024e+01	
 4.9342e+01	
 5.3079e+01	
 5.6349e+01	
 5.9468e+01	
 6.2351e+01	
 6.5116e+01	
 6.7607e+01	
 6.9963e+01	
 7.2249e+01	
 7.4155e+01	
 7.5961e+01	
 7.7684e+01	
 7.8960e+01	
 8.0635e+01	
 8.1634e+01	
 8.2713e+01	
 8.3840e+01	
 8.4859e+01	
