[0m# ... lunching using pid = 29079[0m	
[0m# ... switching to CUDA[0m	
[0m# ... loading Dataset[0m	
[0m# ...reloading previously trained model[0m	
[0m# Model[0m	
nn.Sequential {
  [input -> (1) -> (2) -> (3) -> (4) -> (5) -> (6) -> (7) -> (8) -> (9) -> (10) -> (11) -> (12) -> (13) -> (14) -> (15) -> (16) -> (17) -> (18) -> (19) -> (20) -> (21) -> (22) -> (23) -> (24) -> (25) -> (26) -> (27) -> (28) -> output]
  (1): nn.SpatialConvolutionMM(in: 3, out: 96, kW: 7, kH: 7, dW: 2, dH: 2)
  (2): nn.Threshold
  (3): nn.SpatialMaxPooling(kW: 3, kH: 3, dW: 3, dH: 3)
  (4): nn.SpatialConvolutionMM(in: 96, out: 256, kW: 7, kH: 7)
  (5): nn.Threshold
  (6): nn.SpatialMaxPooling(kW: 2, kH: 2, dW: 2, dH: 2)
  (7): nn.SpatialZeroPadding(l=1,r=1,t=1,b=1)
  (8): nn.SpatialConvolutionMM(in: 256, out: 512, kW: 3, kH: 3)
  (9): nn.Threshold
  (10): nn.SpatialZeroPadding(l=1,r=1,t=1,b=1)
  (11): nn.SpatialConvolutionMM(in: 512, out: 512, kW: 3, kH: 3)
  (12): nn.Threshold
  (13): nn.SpatialZeroPadding(l=1,r=1,t=1,b=1)
  (14): nn.SpatialConvolutionMM(in: 512, out: 1024, kW: 3, kH: 3)
  (15): nn.Threshold
  (16): nn.SpatialZeroPadding(l=1,r=1,t=1,b=1)
  (17): nn.SpatialConvolutionMM(in: 1024, out: 1024, kW: 3, kH: 3)
  (18): nn.Threshold
  (19): nn.SpatialMaxPooling(kW: 3, kH: 3, dW: 3, dH: 3)
  (20): nn.SpatialConvolutionMM(in: 1024, out: 4096, kW: 5, kH: 5)
  (21): nn.Threshold
  (22): nn.Dropout(0.700000)
  (23): nn.SpatialConvolutionMM(in: 4096, out: 4096, kW: 1, kH: 1)
  (24): nn.Threshold
  (25): nn.Dropout(0.700000)
  (26): nn.SpatialConvolutionMM(in: 4096, out: 101, kW: 1, kH: 1)
  (27): nn.View
  (28): nn.LogSoftMax
}
[0mNumber of parameters 140973285[0m	
[0m# Criterion[0m	
nn.ClassNLLCriterion
[0m# ... building optimizer[0m	
[0m# ...reloading previously trained optimfunc.state[0m	
[0m# Optimizer[0m	
{
  name : [1;30m"[0m[0;32mADAGRAD[0m[1;30m"[0m
  method : [0;35mfunction: 0x41789fe8[0m
  config : 
    {
      learningRate : [0;36m0.05[0m
    }
  state : {...}
}
[0m
# ... test model[0m	
[0m: 0% done [0m	[0m00:07:33 left[0m	
[0m: 5% done [0m	[0m00:06:40 left[0m	
[0m: 10% done [0m	[0m00:06:26 left[0m	
[0m: 15% done [0m	[0m00:06:07 left[0m	
[0m: 20% done [0m	[0m00:05:49 left[0m	
[0m: 25% done [0m	[0m00:05:27 left[0m	
[0m: 30% done [0m	[0m00:05:07 left[0m	
[0m: 35% done [0m	[0m00:04:45 left[0m	
[0m: 40% done [0m	[0m00:04:24 left[0m	
[0m: 45% done [0m	[0m00:04:02 left[0m	
[0m: 50% done [0m	[0m00:03:40 left[0m	
[0m: 55% done [0m	[0m00:03:18 left[0m	
[0m: 60% done [0m	[0m00:02:56 left[0m	
[0m: 65% done [0m	[0m00:02:34 left[0m	
[0m: 70% done [0m	[0m00:02:12 left[0m	
[0m: 75% done [0m	[0m00:01:51 left[0m	
[0m: 80% done [0m	[0m00:01:29 left[0m	
[0m: 85% done [0m	[0m00:01:07 left[0m	
[0m: 90% done [0m	[0m00:00:46 left[0m	
[0m: 95% done [0m	[0m00:00:24 left[0m	
[0m: 100% done [0m	[0m00:00:02 left[0m	
[0m: Time to test all samples = 00:07:24[0m	
[0m# Confusion Matrix[0m	
[0m: average row correct: 4.5606069870773%[0m	
[0m: average rowUcol correct (VOC measure): 1.123053966422%[0m	
[0m: > global correct: 4.5492096712012%[0m	
[0m
#####################[0m	
[0m# Epoch n° 1[0m	
[0m
# ... train model[0m	
[0m.:. Batch 1 to 128 on 72328 images[0m	
[0m: 1% done[0m	[0m01:14:27 left[0m	
[0m.:. Batch 3201 to 3328 on 72328 images[0m	
[0m: 6% done[0m	[0m01:10:23 left[0m	
[0m.:. Batch 6785 to 6912 on 72328 images[0m	
[0m: 11% done[0m	[0m01:06:26 left[0m	
[0m.:. Batch 10497 to 10624 on 72328 images[0m	
[0m: 16% done[0m	[0m01:02:53 left[0m	
[0m.:. Batch 14081 to 14208 on 72328 images[0m	
[0m: 21% done[0m	[0m00:59:01 left[0m	
[0m.:. Batch 17665 to 17792 on 72328 images[0m	
[0m: 26% done[0m	[0m00:55:15 left[0m	
[0m.:. Batch 21249 to 21376 on 72328 images[0m	
[0m: 31% done[0m	[0m00:51:43 left[0m	
[0m.:. Batch 24961 to 25088 on 72328 images[0m	
[0m: 36% done[0m	[0m00:47:58 left[0m	
[0m.:. Batch 28545 to 28672 on 72328 images[0m	
[0m: 41% done[0m	[0m00:44:09 left[0m	
[0m.:. Batch 32129 to 32256 on 72328 images[0m	
[0m: 46% done[0m	[0m00:40:28 left[0m	
[0m.:. Batch 35841 to 35968 on 72328 images[0m	
[0m: 51% done[0m	[0m00:36:47 left[0m	
[0m.:. Batch 39425 to 39552 on 72328 images[0m	
[0m: 56% done[0m	[0m00:32:55 left[0m	
[0m.:. Batch 43009 to 43136 on 72328 images[0m	
[0m: 61% done[0m	[0m00:29:12 left[0m	
[0m.:. Batch 46721 to 46848 on 72328 images[0m	
[0m: 66% done[0m	[0m00:25:31 left[0m	
[0m.:. Batch 50305 to 50432 on 72328 images[0m	
[0m: 71% done[0m	[0m00:21:43 left[0m	
[0m.:. Batch 53889 to 54016 on 72328 images[0m	
[0m: 76% done[0m	[0m00:18:01 left[0m	
[0m.:. Batch 57473 to 57600 on 72328 images[0m	
[0m: 81% done[0m	[0m00:14:20 left[0m	
[0m.:. Batch 61185 to 61312 on 72328 images[0m	
[0m: 86% done[0m	[0m00:10:40 left[0m	
[0m.:. Batch 64769 to 64896 on 72328 images[0m	
[0m: 91% done[0m	[0m00:06:51 left[0m	
[0m.:. Batch 68353 to 68480 on 72328 images[0m	
[0m: 96% done[0m	[0m00:03:10 left[0m	
[0m.:. Batch 72065 to 72192 on 72328 images[0m	
[0m.:. End of Epoch n° 1[0m	
[0m: Real time to learn 1 batch = 00:00:07[0m	
[0m: Real time to learn full batch = 01:14:27[0m	
[0m# Confusion Matrix[0m	
[0m: average row correct: 0.9507677274627%[0m	
[0m: average rowUcol correct (VOC measure): 0.27221272685703%[0m	
[0m: > global correct: 0.95398739077536%[0m	
[0m
# ... test model[0m	
[0m: 0% done [0m	[0m00:23:19 left[0m	
[0m: 5% done [0m	[0m00:06:41 left[0m	
[0m: 10% done [0m	[0m00:06:25 left[0m	
[0m: 15% done [0m	[0m00:06:06 left[0m	
[0m: 20% done [0m	[0m00:05:45 left[0m	
[0m: 25% done [0m	[0m00:05:25 left[0m	
[0m: 30% done [0m	[0m00:05:03 left[0m	
[0m: 35% done [0m	[0m00:04:42 left[0m	
[0m: 40% done [0m	[0m00:04:21 left[0m	
[0m: 45% done [0m	[0m00:04:00 left[0m	
[0m: 50% done [0m	[0m00:03:41 left[0m	
[0m: 55% done [0m	[0m00:03:21 left[0m	
[0m: 60% done [0m	[0m00:02:59 left[0m	
[0m: 65% done [0m	[0m00:02:38 left[0m	
[0m: 70% done [0m	[0m00:02:16 left[0m	
[0m: 75% done [0m	[0m00:01:54 left[0m	
[0m: 80% done [0m	[0m00:01:32 left[0m	
[0m: 85% done [0m	[0m00:01:09 left[0m	
[0m: 90% done [0m	[0m00:00:47 left[0m	
[0m: 95% done [0m	[0m00:00:24 left[0m	
[0m: 100% done [0m	[0m00:00:02 left[0m	
[0m: Time to test all samples = 00:07:28[0m	
[0m# Confusion Matrix[0m	
[0m: average row correct: 0.99009900990099%[0m	
[0m: average rowUcol correct (VOC measure): 0.0094336688075915%[0m	
[0m: > global correct: 0.95280057278185%[0m	
[0m# ... saving model to ./overfeat_scratch-1/model.net[0m	
[0m: tac = 11.253013134003 sec[0m	
[0m
#####################[0m	
[0m# Epoch n° 2[0m	
[0m
# ... train model[0m	
[0m.:. Batch 1 to 128 on 72328 images[0m	
[0m: 1% done[0m	[0m01:13:26 left[0m	
[0m.:. Batch 3201 to 3328 on 72328 images[0m	
[0m: 6% done[0m	[0m01:09:55 left[0m	
[0m.:. Batch 6785 to 6912 on 72328 images[0m	
[0m: 11% done[0m	[0m01:06:08 left[0m	
[0m.:. Batch 10497 to 10624 on 72328 images[0m	
[0m: 16% done[0m	[0m01:02:27 left[0m	
[0m.:. Batch 14081 to 14208 on 72328 images[0m	
[0m: 21% done[0m	[0m00:58:46 left[0m	
[0m.:. Batch 17665 to 17792 on 72328 images[0m	
[0m: 26% done[0m	[0m00:55:35 left[0m	
[0m.:. Batch 21249 to 21376 on 72328 images[0m	
[0m: 31% done[0m	[0m00:51:53 left[0m	
[0m.:. Batch 24961 to 25088 on 72328 images[0m	
[0m: 36% done[0m	[0m00:48:09 left[0m	
[0m.:. Batch 28545 to 28672 on 72328 images[0m	
[0m: 41% done[0m	[0m00:44:20 left[0m	
[0m.:. Batch 32129 to 32256 on 72328 images[0m	
[0m: 46% done[0m	[0m00:40:38 left[0m	
[0m.:. Batch 35841 to 35968 on 72328 images[0m	
[0m: 51% done[0m	[0m00:37:05 left[0m	
[0m.:. Batch 39425 to 39552 on 72328 images[0m	
[0m: 56% done[0m	[0m00:33:17 left[0m	
[0m.:. Batch 43009 to 43136 on 72328 images[0m	
[0m: 61% done[0m	[0m00:29:32 left[0m	
[0m.:. Batch 46721 to 46848 on 72328 images[0m	
[0m: 66% done[0m	[0m00:25:48 left[0m	
[0m.:. Batch 50305 to 50432 on 72328 images[0m	
[0m: 71% done[0m	[0m00:21:57 left[0m	
[0m.:. Batch 53889 to 54016 on 72328 images[0m	
[0m: 76% done[0m	[0m00:18:16 left[0m	
[0m.:. Batch 57473 to 57600 on 72328 images[0m	
[0m: 81% done[0m	[0m00:14:35 left[0m	
[0m.:. Batch 61185 to 61312 on 72328 images[0m	
[0m: 86% done[0m	[0m00:10:50 left[0m	
[0m.:. Batch 64769 to 64896 on 72328 images[0m	
[0m: 91% done[0m	[0m00:06:58 left[0m	
[0m.:. Batch 68353 to 68480 on 72328 images[0m	
[0m: 96% done[0m	[0m00:03:13 left[0m	
[0m.:. Batch 72065 to 72192 on 72328 images[0m	
[0m.:. End of Epoch n° 2[0m	
[0m: Real time to learn 1 batch = 00:00:08[0m	
[0m: Real time to learn full batch = 01:15:39[0m	
[0m# Confusion Matrix[0m	
[0m: average row correct: 0.99096917858495%[0m	
[0m: average rowUcol correct (VOC measure): 0.24507814467341%[0m	
[0m: > global correct: 1.0051432363677%[0m	
[0m
# ... test model[0m	
[0m: 0% done [0m	[0m00:23:15 left[0m	
[0m: 5% done [0m	[0m00:08:19 left[0m	
[0m: 10% done [0m	[0m00:07:19 left[0m	
[0m: 15% done [0m	[0m00:06:48 left[0m	
[0m: 20% done [0m	[0m00:06:19 left[0m	
[0m: 25% done [0m	[0m00:05:55 left[0m	
[0m: 30% done [0m	[0m00:05:29 left[0m	
[0m: 35% done [0m	[0m00:05:04 left[0m	
[0m: 40% done [0m	[0m00:04:40 left[0m	
[0m: 45% done [0m	[0m00:04:17 left[0m	
[0m: 50% done [0m	[0m00:03:53 left[0m	
[0m: 55% done [0m	[0m00:03:30 left[0m	
[0m: 60% done [0m	[0m00:03:07 left[0m	
[0m: 65% done [0m	[0m00:02:44 left[0m	
[0m: 70% done [0m	[0m00:02:20 left[0m	
[0m: 75% done [0m	[0m00:01:57 left[0m	
[0m: 80% done [0m	[0m00:01:34 left[0m	
[0m: 85% done [0m	[0m00:01:11 left[0m	
[0m: 90% done [0m	[0m00:00:48 left[0m	
[0m: 95% done [0m	[0m00:00:25 left[0m	
[0m: 100% done [0m	[0m00:00:02 left[0m	
[0m: Time to test all samples = 00:07:39[0m	
[0m# Confusion Matrix[0m	
[0m: average row correct: 0.99009900990099%[0m	
[0m: average rowUcol correct (VOC measure): 0.010251617151322%[0m	
[0m: > global correct: 1.035413339208%[0m	
[0m# ... saving model to ./overfeat_scratch-1/model.net[0m	
[0m: tac = 12.658043146133 sec[0m	
[0m
#####################[0m	
[0m# Epoch n° 3[0m	
[0m
# ... train model[0m	
[0m.:. Batch 1 to 128 on 72328 images[0m	
[0m: 1% done[0m	[0m01:16:07 left[0m	
[0m.:. Batch 3201 to 3328 on 72328 images[0m	
[0m: 6% done[0m	[0m01:11:16 left[0m	
[0m.:. Batch 6785 to 6912 on 72328 images[0m	
[0m: 11% done[0m	[0m01:07:01 left[0m	
[0m.:. Batch 10497 to 10624 on 72328 images[0m	
[0m: 16% done[0m	[0m01:04:01 left[0m	
[0m.:. Batch 14081 to 14208 on 72328 images[0m	
[0m: 21% done[0m	[0m00:59:54 left[0m	
[0m.:. Batch 17665 to 17792 on 72328 images[0m	
[0m: 26% done[0m	[0m00:56:03 left[0m	
[0m.:. Batch 21249 to 21376 on 72328 images[0m	
[0m: 31% done[0m	[0m00:52:13 left[0m	
[0m.:. Batch 24961 to 25088 on 72328 images[0m	
[0m: 36% done[0m	[0m00:48:26 left[0m	
[0m.:. Batch 28545 to 28672 on 72328 images[0m	
[0m: 41% done[0m	[0m00:44:38 left[0m	
[0m.:. Batch 32129 to 32256 on 72328 images[0m	
[0m: 46% done[0m	[0m00:40:55 left[0m	
[0m.:. Batch 35841 to 35968 on 72328 images[0m	
[0m: 51% done[0m	[0m00:37:13 left[0m	
[0m.:. Batch 39425 to 39552 on 72328 images[0m	
[0m: 56% done[0m	[0m00:33:19 left[0m	
[0m.:. Batch 43009 to 43136 on 72328 images[0m	
[0m: 61% done[0m	[0m00:29:34 left[0m	
[0m.:. Batch 46721 to 46848 on 72328 images[0m	
[0m: 66% done[0m	[0m00:25:52 left[0m	
[0m.:. Batch 50305 to 50432 on 72328 images[0m	
[0m: 71% done[0m	[0m00:21:59 left[0m	
[0m.:. Batch 53889 to 54016 on 72328 images[0m	
[0m: 76% done[0m	[0m00:18:15 left[0m	
[0m.:. Batch 57473 to 57600 on 72328 images[0m	
[0m: 81% done[0m	[0m00:14:32 left[0m	
[0m.:. Batch 61185 to 61312 on 72328 images[0m	
[0m: 86% done[0m	[0m00:10:49 left[0m	
[0m.:. Batch 64769 to 64896 on 72328 images[0m	
[0m: 91% done[0m	[0m00:06:57 left[0m	
[0m.:. Batch 68353 to 68480 on 72328 images[0m	
[0m: 96% done[0m	[0m00:03:12 left[0m	
[0m.:. Batch 72065 to 72192 on 72328 images[0m	
[0m.:. End of Epoch n° 3[0m	
[0m: Real time to learn 1 batch = 00:00:08[0m	
[0m: Real time to learn full batch = 01:15:28[0m	
[0m# Confusion Matrix[0m	
[0m: average row correct: 0.94735960264017%[0m	
[0m: average rowUcol correct (VOC measure): 0.21990904374749%[0m	
[0m: > global correct: 0.97610883751797%[0m	
[0m
# ... test model[0m	
[0m: 0% done [0m	[0m00:23:25 left[0m	
[0m: 5% done [0m	[0m00:07:00 left[0m	
[0m: 10% done [0m	[0m00:06:41 left[0m	
[0m: 15% done [0m	[0m00:06:24 left[0m	
[0m: 20% done [0m	[0m00:06:02 left[0m	
[0m: 25% done [0m	[0m00:05:42 left[0m	
[0m: 30% done [0m	[0m00:05:19 left[0m	
[0m: 35% done [0m	[0m00:04:57 left[0m	
[0m: 40% done [0m	[0m00:04:35 left[0m	
[0m: 45% done [0m	[0m00:04:12 left[0m	
[0m: 50% done [0m	[0m00:03:50 left[0m	
[0m: 55% done [0m	[0m00:03:27 left[0m	
[0m: 60% done [0m	[0m00:03:04 left[0m	
[0m: 65% done [0m	[0m00:02:41 left[0m	
[0m: 70% done [0m	[0m00:02:18 left[0m	
[0m: 75% done [0m	[0m00:01:55 left[0m	
[0m: 80% done [0m	[0m00:01:33 left[0m	
[0m: 85% done [0m	[0m00:01:10 left[0m	
[0m: 90% done [0m	[0m00:00:47 left[0m	
[0m: 95% done [0m	[0m00:00:25 left[0m	
[0m: 100% done [0m	[0m00:00:02 left[0m	
[0m: Time to test all samples = 00:07:37[0m	
[0m# Confusion Matrix[0m	
[0m: average row correct: 0.99009900990099%[0m	
[0m: average rowUcol correct (VOC measure): 0.010197087753527%[0m	
[0m: > global correct: 1.0299058214463%[0m	
[0m# ... saving model to ./overfeat_scratch-1/model.net[0m	
[0m: tac = 12.205022096634 sec[0m	
[0m
#####################[0m	
[0m# Epoch n° 4[0m	
[0m
# ... train model[0m	
[0m.:. Batch 1 to 128 on 72328 images[0m	
[0m: 1% done[0m	[0m01:17:00 left[0m	
[0m.:. Batch 3201 to 3328 on 72328 images[0m	
[0m: 6% done[0m	[0m01:12:22 left[0m	
[0m.:. Batch 6785 to 6912 on 72328 images[0m	
[0m: 11% done[0m	[0m01:08:02 left[0m	
[0m.:. Batch 10497 to 10624 on 72328 images[0m	
[0m: 16% done[0m	[0m01:04:04 left[0m	
[0m.:. Batch 14081 to 14208 on 72328 images[0m	
[0m: 21% done[0m	[0m01:00:05 left[0m	
[0m.:. Batch 17665 to 17792 on 72328 images[0m	
[0m: 26% done[0m	[0m00:56:15 left[0m	
[0m.:. Batch 21249 to 21376 on 72328 images[0m	
[0m: 31% done[0m	[0m00:52:32 left[0m	
[0m.:. Batch 24961 to 25088 on 72328 images[0m	
[0m: 36% done[0m	[0m00:48:47 left[0m	
[0m.:. Batch 28545 to 28672 on 72328 images[0m	
[0m: 41% done[0m	[0m00:44:52 left[0m	
[0m.:. Batch 32129 to 32256 on 72328 images[0m	
[0m: 46% done[0m	[0m00:41:07 left[0m	
[0m.:. Batch 35841 to 35968 on 72328 images[0m	
[0m: 51% done[0m	[0m00:37:24 left[0m	
[0m.:. Batch 39425 to 39552 on 72328 images[0m	
[0m: 56% done[0m	[0m00:33:33 left[0m	
[0m.:. Batch 43009 to 43136 on 72328 images[0m	
[0m: 61% done[0m	[0m00:29:44 left[0m	
[0m.:. Batch 46721 to 46848 on 72328 images[0m	
[0m: 66% done[0m	[0m00:25:58 left[0m	
[0m.:. Batch 50305 to 50432 on 72328 images[0m	
[0m: 71% done[0m	[0m00:22:04 left[0m	
[0m.:. Batch 53889 to 54016 on 72328 images[0m	
[0m: 76% done[0m	[0m00:18:19 left[0m	
[0m.:. Batch 57473 to 57600 on 72328 images[0m	
[0m: 81% done[0m	[0m00:14:38 left[0m	
[0m.:. Batch 61185 to 61312 on 72328 images[0m	
[0m: 86% done[0m	[0m00:10:52 left[0m	
[0m.:. Batch 64769 to 64896 on 72328 images[0m	
[0m: 91% done[0m	[0m00:06:58 left[0m	
[0m.:. Batch 68353 to 68480 on 72328 images[0m	
[0m: 96% done[0m	[0m00:03:13 left[0m	
[0m.:. Batch 72065 to 72192 on 72328 images[0m	
[0m.:. End of Epoch n° 4[0m	
[0m: Real time to learn 1 batch = 00:00:08[0m	
[0m: Real time to learn full batch = 01:15:41[0m	
[0m# Confusion Matrix[0m	
[0m: average row correct: 1.0026729361403%[0m	
[0m: average rowUcol correct (VOC measure): 0.19534235960795%[0m	
[0m: > global correct: 1.0383254064816%[0m	
[0m
# ... test model[0m	
[0m: 0% done [0m	[0m00:23:25 left[0m	
[0m: 5% done [0m	[0m00:08:11 left[0m	
[0m: 10% done [0m	[0m00:07:15 left[0m	
[0m: 15% done [0m	[0m00:06:43 left[0m	
[0m: 20% done [0m	[0m00:06:17 left[0m	
[0m: 25% done [0m	[0m00:05:50 left[0m	
[0m: 30% done [0m	[0m00:05:25 left[0m	
[0m: 35% done [0m	[0m00:05:02 left[0m	
[0m: 40% done [0m	[0m00:04:39 left[0m	
[0m: 45% done [0m	[0m00:04:15 left[0m	
[0m: 50% done [0m	[0m00:03:52 left[0m	
[0m: 55% done [0m	[0m00:03:29 left[0m	
[0m: 60% done [0m	[0m00:03:06 left[0m	
[0m: 65% done [0m	[0m00:02:42 left[0m	
[0m: 70% done [0m	[0m00:02:19 left[0m	
[0m: 75% done [0m	[0m00:01:56 left[0m	
[0m: 80% done [0m	[0m00:01:33 left[0m	
[0m: 85% done [0m	[0m00:01:11 left[0m	
[0m: 90% done [0m	[0m00:00:48 left[0m	
[0m: 95% done [0m	[0m00:00:25 left[0m	
[0m: 100% done [0m	[0m00:00:02 left[0m	
[0m: Time to test all samples = 00:07:38[0m	
[0m# Confusion Matrix[0m	
[0m: average row correct: 0.99009900990099%[0m	
[0m: average rowUcol correct (VOC measure): 0.010251617151322%[0m	
[0m: > global correct: 1.035413339208%[0m	
[0m# ... saving model to ./overfeat_scratch-1/model.net[0m	
[0m: tac = 12.438826799393 sec[0m	
[0m
#####################[0m	
[0m# Epoch n° 5[0m	
[0m
# ... train model[0m	
[0m.:. Batch 1 to 128 on 72328 images[0m	
[0m: 1% done[0m	[0m01:15:24 left[0m	
[0m.:. Batch 3201 to 3328 on 72328 images[0m	
[0m: 6% done[0m	[0m01:11:37 left[0m	
[0m.:. Batch 6785 to 6912 on 72328 images[0m	
[0m: 11% done[0m	[0m01:07:11 left[0m	
[0m.:. Batch 10497 to 10624 on 72328 images[0m	
[0m: 16% done[0m	[0m01:03:54 left[0m	
[0m.:. Batch 14081 to 14208 on 72328 images[0m	
[0m: 21% done[0m	[0m00:59:50 left[0m	
[0m.:. Batch 17665 to 17792 on 72328 images[0m	
[0m: 26% done[0m	[0m00:55:57 left[0m	
[0m.:. Batch 21249 to 21376 on 72328 images[0m	
[0m: 31% done[0m	[0m00:52:06 left[0m	
[0m.:. Batch 24961 to 25088 on 72328 images[0m	
[0m: 36% done[0m	[0m00:48:19 left[0m	
[0m.:. Batch 28545 to 28672 on 72328 images[0m	
[0m: 41% done[0m	[0m00:44:37 left[0m	
[0m.:. Batch 32129 to 32256 on 72328 images[0m	
[0m: 46% done[0m	[0m00:40:54 left[0m	
[0m.:. Batch 35841 to 35968 on 72328 images[0m	
[0m: 51% done[0m	[0m00:37:11 left[0m	
[0m.:. Batch 39425 to 39552 on 72328 images[0m	
[0m: 56% done[0m	[0m00:33:20 left[0m	
[0m.:. Batch 43009 to 43136 on 72328 images[0m	
[0m: 61% done[0m	[0m00:29:36 left[0m	
[0m.:. Batch 46721 to 46848 on 72328 images[0m	
[0m: 66% done[0m	[0m00:25:52 left[0m	
[0m.:. Batch 50305 to 50432 on 72328 images[0m	
[0m: 71% done[0m	[0m00:22:00 left[0m	
[0m.:. Batch 53889 to 54016 on 72328 images[0m	
[0m: 76% done[0m	[0m00:18:16 left[0m	
[0m.:. Batch 57473 to 57600 on 72328 images[0m	
[0m: 81% done[0m	[0m00:14:34 left[0m	
[0m.:. Batch 61185 to 61312 on 72328 images[0m	
[0m: 86% done[0m	[0m00:10:50 left[0m	
[0m.:. Batch 64769 to 64896 on 72328 images[0m	
[0m: 91% done[0m	[0m00:06:57 left[0m	
[0m.:. Batch 68353 to 68480 on 72328 images[0m	
[0m: 96% done[0m	[0m00:03:12 left[0m	
[0m.:. Batch 72065 to 72192 on 72328 images[0m	
[0m.:. End of Epoch n° 5[0m	
[0m: Real time to learn 1 batch = 00:00:07[0m	
[0m: Real time to learn full batch = 01:15:27[0m	
[0m# Confusion Matrix[0m	
[0m: average row correct: 1.0089225617542%[0m	
[0m: average rowUcol correct (VOC measure): 0.13221929409993%[0m	
[0m: > global correct: 1.0521513106957%[0m	
[0m
# ... test model[0m	
[0m: 0% done [0m	[0m00:23:14 left[0m	
[0m: 5% done [0m	[0m00:06:50 left[0m	
[0m: 10% done [0m	[0m00:06:44 left[0m	
[0m: 15% done [0m	[0m00:06:24 left[0m	
[0m: 20% done [0m	[0m00:06:04 left[0m	
[0m: 25% done [0m	[0m00:05:42 left[0m	
[0m: 30% done [0m	[0m00:05:20 left[0m	
[0m: 35% done [0m	[0m00:04:58 left[0m	
[0m: 40% done [0m	[0m00:04:35 left[0m	
[0m: 45% done [0m	[0m00:04:13 left[0m	
[0m: 50% done [0m	[0m00:03:50 left[0m	
[0m: 55% done [0m	[0m00:03:28 left[0m	
[0m: 60% done [0m	[0m00:03:05 left[0m	
[0m: 65% done [0m	[0m00:02:43 left[0m	
[0m: 70% done [0m	[0m00:02:20 left[0m	
[0m: 75% done [0m	[0m00:01:57 left[0m	
[0m: 80% done [0m	[0m00:01:34 left[0m	
[0m: 85% done [0m	[0m00:01:11 left[0m	
[0m: 90% done [0m	[0m00:00:48 left[0m	
[0m: 95% done [0m	[0m00:00:25 left[0m	
[0m: 100% done [0m	[0m00:00:02 left[0m	
[0m: Time to test all samples = 00:07:40[0m	
[0m# Confusion Matrix[0m	
[0m: average row correct: 0.99009900990099%[0m	
[0m: average rowUcol correct (VOC measure): 0.010251617151322%[0m	
[0m: > global correct: 1.035413339208%[0m	
[0m# ... saving model to ./overfeat_scratch-1/model.net[0m	
[0m: tac = 12.462775230408 sec[0m	
[0m
#####################[0m	
[0m# Epoch n° 6[0m	
[0m
# ... train model[0m	
[0m.:. Batch 1 to 128 on 72328 images[0m	
[0m: 1% done[0m	[0m01:17:46 left[0m	
[0m.:. Batch 3201 to 3328 on 72328 images[0m	
[0m: 6% done[0m	[0m01:11:48 left[0m	
[0m.:. Batch 6785 to 6912 on 72328 images[0m	
[0m: 11% done[0m	[0m01:07:37 left[0m	
[0m.:. Batch 10497 to 10624 on 72328 images[0m	
[0m: 16% done[0m	[0m01:03:31 left[0m	
[0m.:. Batch 14081 to 14208 on 72328 images[0m	
[0m: 21% done[0m	[0m00:59:37 left[0m	
[0m.:. Batch 17665 to 17792 on 72328 images[0m	
[0m: 26% done[0m	[0m00:55:55 left[0m	
[0m.:. Batch 21249 to 21376 on 72328 images[0m	
[0m: 31% done[0m	[0m00:52:16 left[0m	
[0m.:. Batch 24961 to 25088 on 72328 images[0m	
[0m: 36% done[0m	[0m00:48:31 left[0m	
[0m.:. Batch 28545 to 28672 on 72328 images[0m	
[0m: 41% done[0m	[0m00:44:36 left[0m	
[0m.:. Batch 32129 to 32256 on 72328 images[0m	
[0m: 46% done[0m	[0m00:40:50 left[0m	
[0m.:. Batch 35841 to 35968 on 72328 images[0m	
[0m: 51% done[0m	[0m00:37:09 left[0m	
[0m.:. Batch 39425 to 39552 on 72328 images[0m	
[0m: 56% done[0m	[0m00:33:15 left[0m	
[0m.:. Batch 43009 to 43136 on 72328 images[0m	
[0m: 61% done[0m	[0m00:29:31 left[0m	
[0m.:. Batch 46721 to 46848 on 72328 images[0m	
[0m: 66% done[0m	[0m00:25:47 left[0m	
[0m.:. Batch 50305 to 50432 on 72328 images[0m	
[0m: 71% done[0m	[0m00:21:56 left[0m	
[0m.:. Batch 53889 to 54016 on 72328 images[0m	
[0m: 76% done[0m	[0m00:18:14 left[0m	
[0m.:. Batch 57473 to 57600 on 72328 images[0m	
[0m: 81% done[0m	[0m00:14:31 left[0m	
[0m.:. Batch 61185 to 61312 on 72328 images[0m	
[0m: 86% done[0m	[0m00:10:47 left[0m	
[0m.:. Batch 64769 to 64896 on 72328 images[0m	
[0m: 91% done[0m	[0m00:06:55 left[0m	
[0m.:. Batch 68353 to 68480 on 72328 images[0m	
[0m: 96% done[0m	[0m00:03:12 left[0m	
[0m.:. Batch 72065 to 72192 on 72328 images[0m	
[0m.:. End of Epoch n° 6[0m	
[0m: Real time to learn 1 batch = 00:00:07[0m	
[0m: Real time to learn full batch = 01:15:14[0m	
[0m# Confusion Matrix[0m	
[0m: average row correct: 1.0090858948712%[0m	
[0m: average rowUcol correct (VOC measure): 0.10057700311507%[0m	
[0m: > global correct: 1.05629908196%[0m	
[0m
# ... test model[0m	
[0m: 0% done [0m	[0m00:23:00 left[0m	
[0m: 5% done [0m	[0m00:06:51 left[0m	
[0m: 10% done [0m	[0m00:06:42 left[0m	
[0m: 15% done [0m	[0m00:06:22 left[0m	
[0m: 20% done [0m	[0m00:06:01 left[0m	
[0m: 25% done [0m	[0m00:05:42 left[0m	
[0m: 30% done [0m	[0m00:05:25 left[0m	
[0m: 35% done [0m	[0m00:05:02 left[0m	
[0m: 40% done [0m	[0m00:04:38 left[0m	
[0m: 45% done [0m	[0m00:04:14 left[0m	
[0m: 50% done [0m	[0m00:03:53 left[0m	
[0m: 55% done [0m	[0m00:03:29 left[0m	
[0m: 60% done [0m	[0m00:03:07 left[0m	
[0m: 65% done [0m	[0m00:02:43 left[0m	
[0m: 70% done [0m	[0m00:02:20 left[0m	
[0m: 75% done [0m	[0m00:01:57 left[0m	
[0m: 80% done [0m	[0m00:01:34 left[0m	
[0m: 85% done [0m	[0m00:01:11 left[0m	
[0m: 90% done [0m	[0m00:00:48 left[0m	
[0m: 95% done [0m	[0m00:00:25 left[0m	
[0m: 100% done [0m	[0m00:00:02 left[0m	
[0m: Time to test all samples = 00:07:40[0m	
[0m# Confusion Matrix[0m	
[0m: average row correct: 0.99009900990099%[0m	
[0m: average rowUcol correct (VOC measure): 0.010251617151322%[0m	
[0m: > global correct: 1.035413339208%[0m	
[0m# ... saving model to ./overfeat_scratch-1/model.net[0m	
[0m: tac = 12.169276952744 sec[0m	
[0m
#####################[0m	
[0m# Epoch n° 7[0m	
[0m
# ... train model[0m	
[0m.:. Batch 1 to 128 on 72328 images[0m	
[0m: 1% done[0m	[0m01:14:34 left[0m	
[0m.:. Batch 3201 to 3328 on 72328 images[0m	
[0m: 6% done[0m	[0m01:11:16 left[0m	
[0m.:. Batch 6785 to 6912 on 72328 images[0m	
[0m: 11% done[0m	[0m01:07:23 left[0m	
[0m.:. Batch 10497 to 10624 on 72328 images[0m	
[0m: 16% done[0m	[0m01:03:43 left[0m	
[0m.:. Batch 14081 to 14208 on 72328 images[0m	
[0m: 21% done[0m	[0m00:59:41 left[0m	
[0m.:. Batch 17665 to 17792 on 72328 images[0m	
[0m: 26% done[0m	[0m00:55:53 left[0m	
[0m.:. Batch 21249 to 21376 on 72328 images[0m	
[0m: 31% done[0m	[0m00:52:08 left[0m	
[0m.:. Batch 24961 to 25088 on 72328 images[0m	
[0m: 36% done[0m	[0m00:48:20 left[0m	
[0m.:. Batch 28545 to 28672 on 72328 images[0m	
[0m: 41% done[0m	[0m00:44:33 left[0m	
[0m.:. Batch 32129 to 32256 on 72328 images[0m	
[0m: 46% done[0m	[0m00:40:49 left[0m	
[0m.:. Batch 35841 to 35968 on 72328 images[0m	
[0m: 51% done[0m	[0m00:37:03 left[0m	
[0m.:. Batch 39425 to 39552 on 72328 images[0m	
[0m: 56% done[0m	[0m00:33:10 left[0m	
[0m.:. Batch 43009 to 43136 on 72328 images[0m	
[0m: 61% done[0m	[0m00:29:28 left[0m	
[0m.:. Batch 46721 to 46848 on 72328 images[0m	
[0m: 66% done[0m	[0m00:25:47 left[0m	
[0m.:. Batch 50305 to 50432 on 72328 images[0m	
[0m: 71% done[0m	[0m00:21:56 left[0m	
[0m.:. Batch 53889 to 54016 on 72328 images[0m	
[0m: 76% done[0m	[0m00:18:12 left[0m	
[0m.:. Batch 57473 to 57600 on 72328 images[0m	
[0m: 81% done[0m	[0m00:14:32 left[0m	
[0m.:. Batch 61185 to 61312 on 72328 images[0m	
[0m: 86% done[0m	[0m00:10:48 left[0m	
[0m.:. Batch 64769 to 64896 on 72328 images[0m	
[0m: 91% done[0m	[0m00:06:56 left[0m	
[0m.:. Batch 68353 to 68480 on 72328 images[0m	
[0m: 96% done[0m	[0m00:03:12 left[0m	
[0m.:. Batch 72065 to 72192 on 72328 images[0m	
[0m.:. End of Epoch n° 7[0m	
[0m: Real time to learn 1 batch = 00:00:07[0m	
[0m: Real time to learn full batch = 01:15:21[0m	
[0m# Confusion Matrix[0m	
[0m: average row correct: 0.93768686309715%[0m	
[0m: average rowUcol correct (VOC measure): 0.080081145624898%[0m	
[0m: > global correct: 0.98302178962504%[0m	
[0m
# ... test model[0m	
[0m: 0% done [0m	[0m00:23:33 left[0m	
[0m: 5% done [0m	[0m00:06:55 left[0m	
[0m: 10% done [0m	[0m00:06:46 left[0m	
[0m: 15% done [0m	[0m00:06:24 left[0m	
[0m: 20% done [0m	[0m00:06:03 left[0m	
[0m: 25% done [0m	[0m00:05:41 left[0m	
[0m: 30% done [0m	[0m00:05:18 left[0m	
[0m: 35% done [0m	[0m00:04:56 left[0m	
[0m: 40% done [0m	[0m00:04:33 left[0m	
[0m: 45% done [0m	[0m00:04:10 left[0m	
[0m: 50% done [0m	[0m00:03:48 left[0m	
[0m: 55% done [0m	[0m00:03:26 left[0m	
[0m: 60% done [0m	[0m00:03:03 left[0m	
[0m: 65% done [0m	[0m00:02:41 left[0m	
[0m: 70% done [0m	[0m00:02:18 left[0m	
[0m: 75% done [0m	[0m00:01:55 left[0m	
[0m: 80% done [0m	[0m00:01:33 left[0m	
[0m: 85% done [0m	[0m00:01:10 left[0m	
[0m: 90% done [0m	[0m00:00:47 left[0m	
[0m: 95% done [0m	[0m00:00:24 left[0m	
[0m: 100% done [0m	[0m00:00:02 left[0m	
[0m: Time to test all samples = 00:07:36[0m	
[0m# Confusion Matrix[0m	
[0m: average row correct: 0.99009900990099%[0m	
[0m: average rowUcol correct (VOC measure): 0.010251617151322%[0m	
[0m: > global correct: 1.035413339208%[0m	
[0m# ... saving model to ./overfeat_scratch-1/model.net[0m	
[0m: tac = 12.121356964111 sec[0m	
[0m
#####################[0m	
[0m# Epoch n° 8[0m	
[0m
# ... train model[0m	
[0m.:. Batch 1 to 128 on 72328 images[0m	
[0m: 1% done[0m	[0m01:18:34 left[0m	
[0m.:. Batch 3201 to 3328 on 72328 images[0m	
[0m: 6% done[0m	[0m01:11:28 left[0m	
[0m.:. Batch 6785 to 6912 on 72328 images[0m	
[0m: 11% done[0m	[0m01:10:49 left[0m	
[0m.:. Batch 10497 to 10624 on 72328 images[0m	
[0m: 16% done[0m	[0m01:08:35 left[0m	
[0m.:. Batch 14081 to 14208 on 72328 images[0m	
[0m: 21% done[0m	[0m01:03:37 left[0m	
[0m.:. Batch 17665 to 17792 on 72328 images[0m	
[0m: 26% done[0m	[0m00:59:00 left[0m	
[0m.:. Batch 21249 to 21376 on 72328 images[0m	
[0m: 31% done[0m	[0m00:54:34 left[0m	
[0m.:. Batch 24961 to 25088 on 72328 images[0m	
[0m: 36% done[0m	[0m00:50:19 left[0m	
[0m.:. Batch 28545 to 28672 on 72328 images[0m	
[0m: 41% done[0m	[0m00:46:01 left[0m	
[0m.:. Batch 32129 to 32256 on 72328 images[0m	
[0m: 46% done[0m	[0m00:42:06 left[0m	
[0m.:. Batch 35841 to 35968 on 72328 images[0m	
[0m: 51% done[0m	[0m00:38:09 left[0m	
[0m.:. Batch 39425 to 39552 on 72328 images[0m	
[0m: 56% done[0m	[0m00:34:18 left[0m	
[0m.:. Batch 43009 to 43136 on 72328 images[0m	
[0m: 61% done[0m	[0m00:30:27 left[0m	
[0m.:. Batch 46721 to 46848 on 72328 images[0m	
[0m: 66% done[0m	[0m00:26:34 left[0m	
[0m.:. Batch 50305 to 50432 on 72328 images[0m	
[0m: 71% done[0m	[0m00:22:34 left[0m	
[0m.:. Batch 53889 to 54016 on 72328 images[0m	
[0m: 76% done[0m	[0m00:18:44 left[0m	
[0m.:. Batch 57473 to 57600 on 72328 images[0m	
[0m: 81% done[0m	[0m00:14:59 left[0m	
[0m.:. Batch 61185 to 61312 on 72328 images[0m	
[0m: 86% done[0m	[0m00:11:09 left[0m	
[0m.:. Batch 64769 to 64896 on 72328 images[0m	
[0m: 91% done[0m	[0m00:07:09 left[0m	
[0m.:. Batch 68353 to 68480 on 72328 images[0m	
[0m: 96% done[0m	[0m00:03:18 left[0m	
[0m.:. Batch 72065 to 72192 on 72328 images[0m	
[0m.:. End of Epoch n° 8[0m	
[0m: Real time to learn 1 batch = 00:00:08[0m	
[0m: Real time to learn full batch = 01:17:41[0m	
[0m# Confusion Matrix[0m	
[0m: average row correct: 0.96151595670121%[0m	
[0m: average rowUcol correct (VOC measure): 0.087265260771175%[0m	
[0m: > global correct: 1.0092910076319%[0m	
[0m
# ... test model[0m	
[0m: 0% done [0m	[0m00:23:35 left[0m	
[0m: 5% done [0m	[0m00:07:00 left[0m	
[0m: 10% done [0m	[0m00:06:45 left[0m	
[0m: 15% done [0m	[0m00:06:28 left[0m	
[0m: 20% done [0m	[0m00:06:22 left[0m	
[0m: 25% done [0m	[0m00:05:54 left[0m	
[0m: 30% done [0m	[0m00:06:02 left[0m	
[0m: 35% done [0m	[0m00:05:30 left[0m	
[0m: 40% done [0m	[0m00:05:01 left[0m	
[0m: 45% done [0m	[0m00:04:34 left[0m	
[0m: 50% done [0m	[0m00:04:07 left[0m	
[0m: 55% done [0m	[0m00:03:41 left[0m	
[0m: 60% done [0m	[0m00:03:15 left[0m	
[0m: 65% done [0m	[0m00:02:51 left[0m	
[0m: 70% done [0m	[0m00:02:26 left[0m	
[0m: 75% done [0m	[0m00:02:01 left[0m	
[0m: 80% done [0m	[0m00:01:37 left[0m	
[0m: 85% done [0m	[0m00:01:13 left[0m	
[0m: 90% done [0m	[0m00:00:50 left[0m	
[0m: 95% done [0m	[0m00:00:26 left[0m	
[0m: 100% done [0m	[0m00:00:02 left[0m	
[0m: Time to test all samples = 00:08:00[0m	
[0m# Confusion Matrix[0m	
[0m: average row correct: 0.99009900990099%[0m	
[0m: average rowUcol correct (VOC measure): 0.010415207188908%[0m	
[0m: > global correct: 1.0519358924933%[0m	
[0m# ... saving model to ./overfeat_scratch-1/model.net[0m	
[0m: tac = 13.771386146545 sec[0m	
[0m
#####################[0m	
[0m# Epoch n° 9[0m	
[0m
# ... train model[0m	
[0m.:. Batch 1 to 128 on 72328 images[0m	
[0m: 1% done[0m	[0m01:15:53 left[0m	
[0m.:. Batch 3201 to 3328 on 72328 images[0m	
[0m: 6% done[0m	[0m01:14:02 left[0m	
[0m.:. Batch 6785 to 6912 on 72328 images[0m	
[0m: 11% done[0m	[0m01:09:14 left[0m	
[0m.:. Batch 10497 to 10624 on 72328 images[0m	
[0m: 16% done[0m	[0m01:05:15 left[0m	
[0m.:. Batch 14081 to 14208 on 72328 images[0m	
[0m: 21% done[0m	[0m01:02:33 left[0m	
[0m.:. Batch 17665 to 17792 on 72328 images[0m	
[0m: 26% done[0m	[0m01:00:11 left[0m	
[0m.:. Batch 21249 to 21376 on 72328 images[0m	
[0m: 31% done[0m	[0m00:56:07 left[0m	
[0m.:. Batch 24961 to 25088 on 72328 images[0m	
[0m: 36% done[0m	[0m00:51:42 left[0m	
[0m.:. Batch 28545 to 28672 on 72328 images[0m	
[0m: 41% done[0m	[0m00:47:36 left[0m	
[0m.:. Batch 32129 to 32256 on 72328 images[0m	
[0m: 46% done[0m	[0m00:43:29 left[0m	
[0m.:. Batch 35841 to 35968 on 72328 images[0m	
[0m: 51% done[0m	[0m00:39:28 left[0m	
[0m.:. Batch 39425 to 39552 on 72328 images[0m	
[0m: 56% done[0m	[0m00:35:13 left[0m	
[0m.:. Batch 43009 to 43136 on 72328 images[0m	
[0m: 61% done[0m	[0m00:31:07 left[0m	
[0m.:. Batch 46721 to 46848 on 72328 images[0m	
[0m: 66% done[0m	[0m00:27:06 left[0m	
[0m.:. Batch 50305 to 50432 on 72328 images[0m	
[0m: 71% done[0m	[0m00:22:58 left[0m	
[0m.:. Batch 53889 to 54016 on 72328 images[0m	
[0m: 76% done[0m	[0m00:19:01 left[0m	
[0m.:. Batch 57473 to 57600 on 72328 images[0m	
[0m: 81% done[0m	[0m00:15:07 left[0m	
[0m.:. Batch 61185 to 61312 on 72328 images[0m	
[0m: 86% done[0m	[0m00:11:12 left[0m	
[0m.:. Batch 64769 to 64896 on 72328 images[0m	
[0m: 91% done[0m	[0m00:07:11 left[0m	
[0m.:. Batch 68353 to 68480 on 72328 images[0m	
[0m: 96% done[0m	[0m00:03:18 left[0m	
[0m.:. Batch 72065 to 72192 on 72328 images[0m	
[0m.:. End of Epoch n° 9[0m	
[0m: Real time to learn 1 batch = 00:00:08[0m	
[0m: Real time to learn full batch = 01:17:43[0m	
[0m# Confusion Matrix[0m	
[0m: average row correct: 0.95314668090369%[0m	
[0m: average rowUcol correct (VOC measure): 0.082549456931134%[0m	
[0m: > global correct: 1.0009954651034%[0m	
[0m
# ... test model[0m	
[0m: 0% done [0m	[0m00:59:48 left[0m	
[0m: 5% done [0m	[0m00:06:57 left[0m	
[0m: 10% done [0m	[0m00:06:48 left[0m	
[0m: 15% done [0m	[0m00:06:28 left[0m	
[0m: 20% done [0m	[0m00:06:17 left[0m	
[0m: 25% done [0m	[0m00:05:50 left[0m	
[0m: 30% done [0m	[0m00:05:26 left[0m	
[0m: 35% done [0m	[0m00:05:03 left[0m	
[0m: 40% done [0m	[0m00:04:39 left[0m	
[0m: 45% done [0m	[0m00:04:16 left[0m	
[0m: 50% done [0m	[0m00:03:53 left[0m	
[0m: 55% done [0m	[0m00:03:29 left[0m	
[0m: 60% done [0m	[0m00:03:06 left[0m	
[0m: 65% done [0m	[0m00:02:44 left[0m	
[0m: 70% done [0m	[0m00:02:21 left[0m	
[0m: 75% done [0m	[0m00:01:58 left[0m	
[0m: 80% done [0m	[0m00:01:34 left[0m	
[0m: 85% done [0m	[0m00:01:11 left[0m	
[0m: 90% done [0m	[0m00:00:48 left[0m	
[0m: 95% done [0m	[0m00:00:25 left[0m	
[0m: 100% done [0m	[0m00:00:02 left[0m	
[0m: Time to test all samples = 00:07:45[0m	
[0m# Confusion Matrix[0m	
[0m: average row correct: 0.99009900990099%[0m	
[0m: average rowUcol correct (VOC measure): 0.010415207188908%[0m	
[0m: > global correct: 1.0519358924933%[0m	
[0m# ... saving model to ./overfeat_scratch-1/model.net[0m	
[0m: tac = 112.09674191475 sec[0m	
[0m
#####################[0m	
[0m# Epoch n° 10[0m	
[0m
# ... train model[0m	
[0m.:. Batch 1 to 128 on 72328 images[0m	
[0m: 1% done[0m	[0m01:15:48 left[0m	
[0m.:. Batch 3201 to 3328 on 72328 images[0m	
[0m: 6% done[0m	[0m01:16:33 left[0m	
[0m.:. Batch 6785 to 6912 on 72328 images[0m	
[0m: 11% done[0m	[0m01:11:05 left[0m	
[0m.:. Batch 10497 to 10624 on 72328 images[0m	
[0m: 16% done[0m	[0m01:07:11 left[0m	
[0m.:. Batch 14081 to 14208 on 72328 images[0m	
[0m: 21% done[0m	[0m01:02:20 left[0m	
[0m.:. Batch 17665 to 17792 on 72328 images[0m	
[0m: 26% done[0m	[0m00:58:08 left[0m	
[0m.:. Batch 21249 to 21376 on 72328 images[0m	
[0m: 31% done[0m	[0m00:53:59 left[0m	
[0m.:. Batch 24961 to 25088 on 72328 images[0m	
[0m: 36% done[0m	[0m00:49:58 left[0m	
[0m.:. Batch 28545 to 28672 on 72328 images[0m	
[0m: 41% done[0m	[0m00:45:47 left[0m	
[0m.:. Batch 32129 to 32256 on 72328 images[0m	
[0m: 46% done[0m	[0m00:41:48 left[0m	
[0m.:. Batch 35841 to 35968 on 72328 images[0m	
[0m: 51% done[0m	[0m00:37:56 left[0m	
[0m.:. Batch 39425 to 39552 on 72328 images[0m	
[0m: 56% done[0m	[0m00:33:59 left[0m	
[0m.:. Batch 43009 to 43136 on 72328 images[0m	
[0m: 61% done[0m	[0m00:30:06 left[0m	
[0m.:. Batch 46721 to 46848 on 72328 images[0m	
[0m: 66% done[0m	[0m00:26:16 left[0m	
[0m.:. Batch 50305 to 50432 on 72328 images[0m	
[0m: 71% done[0m	[0m00:22:19 left[0m	
[0m.:. Batch 53889 to 54016 on 72328 images[0m	
[0m: 76% done[0m	[0m00:18:30 left[0m	
[0m.:. Batch 57473 to 57600 on 72328 images[0m	
[0m: 81% done[0m	[0m00:14:47 left[0m	
[0m.:. Batch 61185 to 61312 on 72328 images[0m	
[0m: 86% done[0m	[0m00:10:59 left[0m	
[0m.:. Batch 64769 to 64896 on 72328 images[0m	
[0m: 91% done[0m	[0m00:07:02 left[0m	
[0m.:. Batch 68353 to 68480 on 72328 images[0m	
[0m: 96% done[0m	[0m00:03:15 left[0m	
[0m.:. Batch 72065 to 72192 on 72328 images[0m	
[0m.:. End of Epoch n° 10[0m	
[0m: Real time to learn 1 batch = 00:00:08[0m	
[0m: Real time to learn full batch = 01:16:16[0m	
[0m# Confusion Matrix[0m	
[0m: average row correct: 0.93733624608191%[0m	
[0m: average rowUcol correct (VOC measure): 0.075365160822426%[0m	
[0m: > global correct: 0.98716956088928%[0m	
[0m
# ... test model[0m	
[0m: 0% done [0m	[0m00:23:34 left[0m	
[0m: 5% done [0m	[0m00:06:57 left[0m	
[0m: 10% done [0m	[0m00:06:44 left[0m	
[0m: 15% done [0m	[0m00:06:27 left[0m	
[0m: 20% done [0m	[0m00:06:04 left[0m	
[0m: 25% done [0m	[0m00:05:44 left[0m	
[0m: 30% done [0m	[0m00:05:23 left[0m	
[0m: 35% done [0m	[0m00:05:00 left[0m	
[0m: 40% done [0m	[0m00:04:37 left[0m	
[0m: 45% done [0m	[0m00:04:14 left[0m	
[0m: 50% done [0m	[0m00:03:52 left[0m	
[0m: 55% done [0m	[0m00:03:31 left[0m	
[0m: 60% done [0m	[0m00:03:08 left[0m	
[0m: 65% done [0m	[0m00:02:44 left[0m	
[0m: 70% done [0m	[0m00:02:21 left[0m	
[0m: 75% done [0m	[0m00:01:58 left[0m	
[0m: 80% done [0m	[0m00:01:35 left[0m	
[0m: 85% done [0m	[0m00:01:11 left[0m	
[0m: 90% done [0m	[0m00:00:48 left[0m	
[0m: 95% done [0m	[0m00:00:25 left[0m	
[0m: 100% done [0m	[0m00:00:02 left[0m	
[0m: Time to test all samples = 00:07:44[0m	
[0m# Confusion Matrix[0m	
[0m: average row correct: 0.99009900990099%[0m	
[0m: average rowUcol correct (VOC measure): 0.010251617151322%[0m	
[0m: > global correct: 1.035413339208%[0m	
[0m# ... saving model to ./overfeat_scratch-1/model.net[0m	
[0m: tac = 12.754037857056 sec[0m	
[0m
#####################[0m	
[0m# Epoch n° 11[0m	
[0m
# ... train model[0m	
[0m.:. Batch 1 to 128 on 72328 images[0m	
[0m: 1% done[0m	[0m01:15:53 left[0m	
[0m.:. Batch 3201 to 3328 on 72328 images[0m	
[0m: 6% done[0m	[0m01:11:22 left[0m	
[0m.:. Batch 6785 to 6912 on 72328 images[0m	
[0m: 11% done[0m	[0m01:07:50 left[0m	
[0m.:. Batch 10497 to 10624 on 72328 images[0m	
[0m: 16% done[0m	[0m01:04:26 left[0m	
[0m.:. Batch 14081 to 14208 on 72328 images[0m	
[0m: 21% done[0m	[0m01:00:35 left[0m	
[0m.:. Batch 17665 to 17792 on 72328 images[0m	
[0m: 26% done[0m	[0m00:56:38 left[0m	
[0m.:. Batch 21249 to 21376 on 72328 images[0m	
[0m: 31% done[0m	[0m00:52:44 left[0m	
[0m.:. Batch 24961 to 25088 on 72328 images[0m	
[0m: 36% done[0m	[0m00:48:56 left[0m	
[0m.:. Batch 28545 to 28672 on 72328 images[0m	
[0m: 41% done[0m	[0m00:44:58 left[0m	
[0m.:. Batch 32129 to 32256 on 72328 images[0m	
[0m: 46% done[0m	[0m00:41:14 left[0m	
[0m.:. Batch 35841 to 35968 on 72328 images[0m	
[0m: 51% done[0m	[0m00:37:26 left[0m	
[0m.:. Batch 39425 to 39552 on 72328 images[0m	
[0m: 56% done[0m	[0m00:33:30 left[0m	
[0m.:. Batch 43009 to 43136 on 72328 images[0m	
[0m: 61% done[0m	[0m00:29:42 left[0m	
[0m.:. Batch 46721 to 46848 on 72328 images[0m	
[0m: 66% done[0m	[0m00:25:56 left[0m	
[0m.:. Batch 50305 to 50432 on 72328 images[0m	
[0m: 71% done[0m	[0m00:22:04 left[0m	
[0m.:. Batch 53889 to 54016 on 72328 images[0m	
[0m: 76% done[0m	[0m00:18:19 left[0m	
[0m.:. Batch 57473 to 57600 on 72328 images[0m	
[0m: 81% done[0m	[0m00:14:36 left[0m	
[0m.:. Batch 61185 to 61312 on 72328 images[0m	
[0m: 86% done[0m	[0m00:10:50 left[0m	
[0m.:. Batch 64769 to 64896 on 72328 images[0m	
[0m: 91% done[0m	[0m00:06:57 left[0m	
[0m.:. Batch 68353 to 68480 on 72328 images[0m	
[0m: 96% done[0m	[0m00:03:13 left[0m	
[0m.:. Batch 72065 to 72192 on 72328 images[0m	
[0m.:. End of Epoch n° 11[0m	
[0m: Real time to learn 1 batch = 00:00:08[0m	
[0m: Real time to learn full batch = 01:15:37[0m	
[0m# Confusion Matrix[0m	
[0m: average row correct: 0.96700351355634%[0m	
[0m: average rowUcol correct (VOC measure): 0.050779678259451%[0m	
[0m: > global correct: 1.0189691405818%[0m	
[0m
# ... test model[0m	
[0m: 0% done [0m	[0m00:23:21 left[0m	
[0m: 5% done [0m	[0m00:06:57 left[0m	
[0m: 10% done [0m	[0m00:06:46 left[0m	
[0m: 15% done [0m	[0m00:06:24 left[0m	
[0m: 20% done [0m	[0m00:06:04 left[0m	
[0m: 25% done [0m	[0m00:05:43 left[0m	
[0m: 30% done [0m	[0m00:05:19 left[0m	
[0m: 35% done [0m	[0m00:04:57 left[0m	
[0m: 40% done [0m	[0m00:04:34 left[0m	
[0m: 45% done [0m	[0m00:04:11 left[0m	
[0m: 50% done [0m	[0m00:03:49 left[0m	
[0m: 55% done [0m	[0m00:03:26 left[0m	
[0m: 60% done [0m	[0m00:03:04 left[0m	
[0m: 65% done [0m	[0m00:02:41 left[0m	
[0m: 70% done [0m	[0m00:02:18 left[0m	
[0m: 75% done [0m	[0m00:01:56 left[0m	
[0m: 80% done [0m	[0m00:01:33 left[0m	
[0m: 85% done [0m	[0m00:01:10 left[0m	
[0m: 90% done [0m	[0m00:00:47 left[0m	
[0m: 95% done [0m	[0m00:00:25 left[0m	
[0m: 100% done [0m	[0m00:00:02 left[0m	
[0m: Time to test all samples = 00:07:39[0m	
[0m# Confusion Matrix[0m	
[0m: average row correct: 0.99009900990099%[0m	
[0m: average rowUcol correct (VOC measure): 0.010251617151322%[0m	
[0m: > global correct: 1.035413339208%[0m	
[0m# ... saving model to ./overfeat_scratch-1/model.net[0m	
[0m: tac = 12.248780012131 sec[0m	
[0m
#####################[0m	
[0m# Epoch n° 12[0m	
[0m
# ... train model[0m	
[0m.:. Batch 1 to 128 on 72328 images[0m	
[0m: 1% done[0m	[0m01:15:25 left[0m	
[0m.:. Batch 3201 to 3328 on 72328 images[0m	
[0m: 6% done[0m	[0m01:11:41 left[0m	
[0m.:. Batch 6785 to 6912 on 72328 images[0m	
[0m: 11% done[0m	[0m01:08:34 left[0m	
[0m.:. Batch 10497 to 10624 on 72328 images[0m	
[0m: 16% done[0m	[0m01:04:16 left[0m	
[0m.:. Batch 14081 to 14208 on 72328 images[0m	
[0m: 21% done[0m	[0m01:00:00 left[0m	
[0m.:. Batch 17665 to 17792 on 72328 images[0m	
[0m: 26% done[0m	[0m00:56:06 left[0m	
[0m.:. Batch 21249 to 21376 on 72328 images[0m	
[0m: 31% done[0m	[0m00:52:16 left[0m	
[0m.:. Batch 24961 to 25088 on 72328 images[0m	
[0m: 36% done[0m	[0m00:48:43 left[0m	
[0m.:. Batch 28545 to 28672 on 72328 images[0m	
[0m: 41% done[0m	[0m00:44:48 left[0m	
[0m.:. Batch 32129 to 32256 on 72328 images[0m	
[0m: 46% done[0m	[0m00:40:59 left[0m	
[0m.:. Batch 35841 to 35968 on 72328 images[0m	
[0m: 51% done[0m	[0m00:37:15 left[0m	
[0m.:. Batch 39425 to 39552 on 72328 images[0m	
[0m: 56% done[0m	[0m00:33:20 left[0m	
[0m.:. Batch 43009 to 43136 on 72328 images[0m	
[0m: 61% done[0m	[0m00:29:37 left[0m	
[0m.:. Batch 46721 to 46848 on 72328 images[0m	
[0m: 66% done[0m	[0m00:25:52 left[0m	
[0m.:. Batch 50305 to 50432 on 72328 images[0m	
[0m: 71% done[0m	[0m00:22:00 left[0m	
[0m.:. Batch 53889 to 54016 on 72328 images[0m	
[0m: 76% done[0m	[0m00:18:17 left[0m	
[0m.:. Batch 57473 to 57600 on 72328 images[0m	
[0m: 81% done[0m	[0m00:14:36 left[0m	
[0m.:. Batch 61185 to 61312 on 72328 images[0m	
[0m: 86% done[0m	[0m00:10:51 left[0m	
[0m.:. Batch 64769 to 64896 on 72328 images[0m	
[0m: 91% done[0m	[0m00:06:58 left[0m	
[0m.:. Batch 68353 to 68480 on 72328 images[0m	
[0m: 96% done[0m	[0m00:03:13 left[0m	
[0m.:. Batch 72065 to 72192 on 72328 images[0m	
[0m.:. End of Epoch n° 12[0m	
[0m: Real time to learn 1 batch = 00:00:08[0m	
[0m: Real time to learn full batch = 01:15:33[0m	
[0m# Confusion Matrix[0m	
[0m: average row correct: 1.0168618697784%[0m	
[0m: average rowUcol correct (VOC measure): 0.054293781943103%[0m	
[0m: > global correct: 1.0687423957527%[0m	
[0m
# ... test model[0m	
[0m: 0% done [0m	[0m00:23:26 left[0m	
[0m: 5% done [0m	[0m00:07:08 left[0m	
[0m: 10% done [0m	[0m00:06:44 left[0m	
[0m: 15% done [0m	[0m00:06:22 left[0m	
[0m: 20% done [0m	[0m00:06:03 left[0m	
[0m: 25% done [0m	[0m00:05:41 left[0m	
[0m: 30% done [0m	[0m00:05:20 left[0m	
[0m: 35% done [0m	[0m00:04:58 left[0m	
[0m: 40% done [0m	[0m00:04:35 left[0m	
[0m: 45% done [0m	[0m00:04:14 left[0m	
[0m: 50% done [0m	[0m00:03:51 left[0m	
[0m: 55% done [0m	[0m00:03:29 left[0m	
[0m: 60% done [0m	[0m00:03:06 left[0m	
[0m: 65% done [0m	[0m00:02:44 left[0m	
[0m: 70% done [0m	[0m00:02:21 left[0m	
[0m: 75% done [0m	[0m00:01:59 left[0m	
[0m: 80% done [0m	[0m00:01:35 left[0m	
[0m: 85% done [0m	[0m00:01:12 left[0m	
[0m: 90% done [0m	[0m00:00:48 left[0m	
[0m: 95% done [0m	[0m00:00:25 left[0m	
[0m: 100% done [0m	[0m00:00:02 left[0m	
[0m: Time to test all samples = 00:07:43[0m	
[0m# Confusion Matrix[0m	
[0m: average row correct: 0.99009900990099%[0m	
[0m: average rowUcol correct (VOC measure): 0.010251617151322%[0m	
[0m: > global correct: 1.035413339208%[0m	
[0m# ... saving model to ./overfeat_scratch-1/model.net[0m	
[0m: tac = 12.243261814117 sec[0m	
[0m
#####################[0m	
[0m# Epoch n° 13[0m	
[0m
# ... train model[0m	
[0m.:. Batch 1 to 128 on 72328 images[0m	
[0m: 1% done[0m	[0m01:15:12 left[0m	
[0m.:. Batch 3201 to 3328 on 72328 images[0m	
[0m: 6% done[0m	[0m01:10:55 left[0m	
[0m.:. Batch 6785 to 6912 on 72328 images[0m	
[0m: 11% done[0m	[0m01:07:05 left[0m	
[0m.:. Batch 10497 to 10624 on 72328 images[0m	
[0m: 16% done[0m	[0m01:03:09 left[0m	
[0m.:. Batch 14081 to 14208 on 72328 images[0m	
[0m: 21% done[0m	[0m00:59:21 left[0m	
[0m.:. Batch 17665 to 17792 on 72328 images[0m	
[0m: 26% done[0m	[0m00:55:48 left[0m	
[0m.:. Batch 21249 to 21376 on 72328 images[0m	
[0m: 31% done[0m	[0m00:52:11 left[0m	
[0m.:. Batch 24961 to 25088 on 72328 images[0m	
[0m: 36% done[0m	[0m00:48:30 left[0m	
[0m.:. Batch 28545 to 28672 on 72328 images[0m	
[0m: 41% done[0m	[0m00:44:37 left[0m	
[0m.:. Batch 32129 to 32256 on 72328 images[0m	
[0m: 46% done[0m	[0m00:40:54 left[0m	
[0m.:. Batch 35841 to 35968 on 72328 images[0m	
[0m: 51% done[0m	[0m00:37:12 left[0m	
[0m.:. Batch 39425 to 39552 on 72328 images[0m	
[0m: 56% done[0m	[0m00:33:19 left[0m	
[0m.:. Batch 43009 to 43136 on 72328 images[0m	
[0m: 61% done[0m	[0m00:29:33 left[0m	
[0m.:. Batch 46721 to 46848 on 72328 images[0m	
[0m: 66% done[0m	[0m00:25:49 left[0m	
[0m.:. Batch 50305 to 50432 on 72328 images[0m	
[0m: 71% done[0m	[0m00:21:59 left[0m	
[0m.:. Batch 53889 to 54016 on 72328 images[0m	
[0m: 76% done[0m	[0m00:18:15 left[0m	
[0m.:. Batch 57473 to 57600 on 72328 images[0m	
[0m: 81% done[0m	[0m00:14:32 left[0m	
[0m.:. Batch 61185 to 61312 on 72328 images[0m	
[0m: 86% done[0m	[0m00:10:48 left[0m	
[0m.:. Batch 64769 to 64896 on 72328 images[0m	
[0m: 91% done[0m	[0m00:06:56 left[0m	
[0m.:. Batch 68353 to 68480 on 72328 images[0m	
[0m: 96% done[0m	[0m00:03:12 left[0m	
[0m.:. Batch 72065 to 72192 on 72328 images[0m	
[0m.:. End of Epoch n° 13[0m	
[0m: Real time to learn 1 batch = 00:00:07[0m	
[0m: Real time to learn full batch = 01:15:16[0m	
[0m# Confusion Matrix[0m	
[0m: average row correct: 0.92897538930215%[0m	
[0m: average rowUcol correct (VOC measure): 0.053550707439127%[0m	
[0m: > global correct: 0.98163919920363%[0m	
[0m
# ... test model[0m	
[0m: 0% done [0m	[0m00:23:19 left[0m	
[0m: 5% done [0m	[0m00:07:15 left[0m	
[0m: 10% done [0m	[0m00:07:05 left[0m	
[0m: 15% done [0m	[0m00:06:38 left[0m	
[0m: 20% done [0m	[0m00:06:13 left[0m	
[0m: 25% done [0m	[0m00:05:49 left[0m	
[0m: 30% done [0m	[0m00:05:26 left[0m	
[0m: 35% done [0m	[0m00:05:02 left[0m	
[0m: 40% done [0m	[0m00:04:39 left[0m	
[0m: 45% done [0m	[0m00:04:16 left[0m	
[0m: 50% done [0m	[0m00:03:52 left[0m	
[0m: 55% done [0m	[0m00:03:29 left[0m	
[0m: 60% done [0m	[0m00:03:06 left[0m	
[0m: 65% done [0m	[0m00:02:42 left[0m	
[0m: 70% done [0m	[0m00:02:20 left[0m	
[0m: 75% done [0m	[0m00:01:56 left[0m	
[0m: 80% done [0m	[0m00:01:33 left[0m	
[0m: 85% done [0m	[0m00:01:10 left[0m	
[0m: 90% done [0m	[0m00:00:48 left[0m	
[0m: 95% done [0m	[0m00:00:25 left[0m	
[0m: 100% done [0m	[0m00:00:02 left[0m	
[0m: Time to test all samples = 00:07:37[0m	
[0m# Confusion Matrix[0m	
[0m: average row correct: 0.99009900990099%[0m	
[0m: average rowUcol correct (VOC measure): 0.010251617151322%[0m	
[0m: > global correct: 1.035413339208%[0m	
[0m# ... saving model to ./overfeat_scratch-1/model.net[0m	
[0m: tac = 12.414855957031 sec[0m	
[0m
#####################[0m	
[0m# Epoch n° 14[0m	
[0m
# ... train model[0m	
[0m.:. Batch 1 to 128 on 72328 images[0m	
[0m: 1% done[0m	[0m01:14:38 left[0m	
[0m.:. Batch 3201 to 3328 on 72328 images[0m	
[0m: 6% done[0m	[0m01:11:18 left[0m	
[0m.:. Batch 6785 to 6912 on 72328 images[0m	
[0m: 11% done[0m	[0m01:07:44 left[0m	
[0m.:. Batch 10497 to 10624 on 72328 images[0m	
[0m: 16% done[0m	[0m01:03:40 left[0m	
[0m.:. Batch 14081 to 14208 on 72328 images[0m	
[0m: 21% done[0m	[0m00:59:36 left[0m	
[0m.:. Batch 17665 to 17792 on 72328 images[0m	
[0m: 26% done[0m	[0m00:55:56 left[0m	
[0m.:. Batch 21249 to 21376 on 72328 images[0m	
[0m: 31% done[0m	[0m00:52:11 left[0m	
[0m.:. Batch 24961 to 25088 on 72328 images[0m	
[0m: 36% done[0m	[0m00:48:31 left[0m	
[0m.:. Batch 28545 to 28672 on 72328 images[0m	
[0m: 41% done[0m	[0m00:44:43 left[0m	
[0m.:. Batch 32129 to 32256 on 72328 images[0m	
[0m: 46% done[0m	[0m00:41:00 left[0m	
[0m.:. Batch 35841 to 35968 on 72328 images[0m	
[0m: 51% done[0m	[0m00:37:14 left[0m	
[0m.:. Batch 39425 to 39552 on 72328 images[0m	
[0m: 56% done[0m	[0m00:33:23 left[0m	
[0m.:. Batch 43009 to 43136 on 72328 images[0m	
[0m: 61% done[0m	[0m00:29:43 left[0m	
[0m.:. Batch 46721 to 46848 on 72328 images[0m	
[0m: 66% done[0m	[0m00:25:57 left[0m	
[0m.:. Batch 50305 to 50432 on 72328 images[0m	
[0m: 71% done[0m	[0m00:22:06 left[0m	
[0m.:. Batch 53889 to 54016 on 72328 images[0m	
[0m: 76% done[0m	[0m00:18:23 left[0m	
[0m.:. Batch 57473 to 57600 on 72328 images[0m	
[0m: 81% done[0m	[0m00:14:39 left[0m	
[0m.:. Batch 61185 to 61312 on 72328 images[0m	
[0m: 86% done[0m	[0m00:10:53 left[0m	
[0m.:. Batch 64769 to 64896 on 72328 images[0m	
[0m: 91% done[0m	[0m00:06:59 left[0m	
[0m.:. Batch 68353 to 68480 on 72328 images[0m	
[0m: 96% done[0m	[0m00:03:13 left[0m	
[0m.:. Batch 72065 to 72192 on 72328 images[0m	
[0m.:. End of Epoch n° 14[0m	
[0m: Real time to learn 1 batch = 00:00:08[0m	
[0m: Real time to learn full batch = 01:15:45[0m	
[0m# Confusion Matrix[0m	
[0m: average row correct: 0.9534579178429%[0m	
[0m: average rowUcol correct (VOC measure): 0.046102271535166%[0m	
[0m: > global correct: 1.0037606459462%[0m	
[0m
# ... test model[0m	
[0m: 0% done [0m	[0m00:23:21 left[0m	
[0m: 5% done [0m	[0m00:06:52 left[0m	
[0m: 10% done [0m	[0m00:06:43 left[0m	
[0m: 15% done [0m	[0m00:06:29 left[0m	
[0m: 20% done [0m	[0m00:06:05 left[0m	
[0m: 25% done [0m	[0m00:05:45 left[0m	
[0m: 30% done [0m	[0m00:05:22 left[0m	
[0m: 35% done [0m	[0m00:04:59 left[0m	
[0m: 40% done [0m	[0m00:04:37 left[0m	
[0m: 45% done [0m	[0m00:04:16 left[0m	
[0m: 50% done [0m	[0m00:03:55 left[0m	
[0m: 55% done [0m	[0m00:03:33 left[0m	
[0m: 60% done [0m	[0m00:03:10 left[0m	
[0m: 65% done [0m	[0m00:02:48 left[0m	
[0m: 70% done [0m	[0m00:02:25 left[0m	
[0m: 75% done [0m	[0m00:02:02 left[0m	
[0m: 80% done [0m	[0m00:01:38 left[0m	
[0m: 85% done [0m	[0m00:01:14 left[0m	
[0m: 90% done [0m	[0m00:00:50 left[0m	
[0m: 95% done [0m	[0m00:00:26 left[0m	
[0m: 100% done [0m	[0m00:00:02 left[0m	
[0m: Time to test all samples = 00:07:59[0m	
[0m# Confusion Matrix[0m	
[0m: average row correct: 0.99009900990099%[0m	
[0m: average rowUcol correct (VOC measure): 0.010415207188908%[0m	
[0m: > global correct: 1.0519358924933%[0m	
[0m# ... saving model to ./overfeat_scratch-1/model.net[0m	
[0m: tac = 12.218035936356 sec[0m	
[0m
#####################[0m	
[0m# Epoch n° 15[0m	
[0m
# ... train model[0m	
[0m.:. Batch 1 to 128 on 72328 images[0m	
[0m: 1% done[0m	[0m01:15:16 left[0m	
[0m.:. Batch 3201 to 3328 on 72328 images[0m	
[0m: 6% done[0m	[0m01:12:58 left[0m	
[0m.:. Batch 6785 to 6912 on 72328 images[0m	
[0m: 11% done[0m	[0m01:08:11 left[0m	
[0m.:. Batch 10497 to 10624 on 72328 images[0m	
[0m: 16% done[0m	[0m01:04:15 left[0m	
[0m.:. Batch 14081 to 14208 on 72328 images[0m	
[0m: 21% done[0m	[0m01:00:19 left[0m	
[0m.:. Batch 17665 to 17792 on 72328 images[0m	
[0m: 26% done[0m	[0m00:56:33 left[0m	
[0m.:. Batch 21249 to 21376 on 72328 images[0m	
[0m: 31% done[0m	[0m00:52:39 left[0m	
[0m.:. Batch 24961 to 25088 on 72328 images[0m	
[0m: 36% done[0m	[0m00:48:47 left[0m	
[0m.:. Batch 28545 to 28672 on 72328 images[0m	
[0m: 41% done[0m	[0m00:44:50 left[0m	
[0m.:. Batch 32129 to 32256 on 72328 images[0m	
[0m: 46% done[0m	[0m00:41:02 left[0m	
[0m.:. Batch 35841 to 35968 on 72328 images[0m	
[0m: 51% done[0m	[0m00:37:23 left[0m	
[0m.:. Batch 39425 to 39552 on 72328 images[0m	
[0m: 56% done[0m	[0m00:33:28 left[0m	
[0m.:. Batch 43009 to 43136 on 72328 images[0m	
[0m: 61% done[0m	[0m00:29:44 left[0m	
[0m.:. Batch 46721 to 46848 on 72328 images[0m	
[0m: 66% done[0m	[0m00:26:00 left[0m	
[0m.:. Batch 50305 to 50432 on 72328 images[0m	
[0m: 71% done[0m	[0m00:22:07 left[0m	
[0m.:. Batch 53889 to 54016 on 72328 images[0m	
[0m: 76% done[0m	[0m00:18:23 left[0m	
[0m.:. Batch 57473 to 57600 on 72328 images[0m	
[0m: 81% done[0m	[0m00:14:39 left[0m	
[0m.:. Batch 61185 to 61312 on 72328 images[0m	
[0m: 86% done[0m	[0m00:10:53 left[0m	
[0m.:. Batch 64769 to 64896 on 72328 images[0m	
[0m: 91% done[0m	[0m00:06:59 left[0m	
[0m.:. Batch 68353 to 68480 on 72328 images[0m	
[0m: 96% done[0m	[0m00:03:14 left[0m	
[0m.:. Batch 72065 to 72192 on 72328 images[0m	
[0m.:. End of Epoch n° 15[0m	
[0m: Real time to learn 1 batch = 00:00:08[0m	
[0m: Real time to learn full batch = 01:15:58[0m	
[0m# Confusion Matrix[0m	
[0m: average row correct: 0.92303174637756%[0m	
[0m: average rowUcol correct (VOC measure): 0.053332937595499%[0m	
[0m: > global correct: 0.97334365667515%[0m	
[0m
# ... test model[0m	
[0m: 0% done [0m	[0m00:23:25 left[0m	
[0m: 5% done [0m	[0m00:08:46 left[0m	
[0m: 10% done [0m	[0m00:07:48 left[0m	
[0m: 15% done [0m	[0m00:07:14 left[0m	
[0m: 20% done [0m	[0m00:06:46 left[0m	
[0m: 25% done [0m	[0m00:06:20 left[0m	
[0m: 30% done [0m	[0m00:05:53 left[0m	
[0m: 35% done [0m	[0m00:05:23 left[0m	
[0m: 40% done [0m	[0m00:04:57 left[0m	
[0m: 45% done [0m	[0m00:04:30 left[0m	
[0m: 50% done [0m	[0m00:04:04 left[0m	
[0m: 55% done [0m	[0m00:03:39 left[0m	
[0m: 60% done [0m	[0m00:03:14 left[0m	
[0m: 65% done [0m	[0m00:02:50 left[0m	
[0m: 70% done [0m	[0m00:02:26 left[0m	
[0m: 75% done [0m	[0m00:02:01 left[0m	
[0m: 80% done [0m	[0m00:01:37 left[0m	
[0m: 85% done [0m	[0m00:01:13 left[0m	
[0m: 90% done [0m	[0m00:00:49 left[0m	
[0m: 95% done [0m	[0m00:00:25 left[0m	
[0m: 100% done [0m	[0m00:00:02 left[0m	
[0m: Time to test all samples = 00:07:52[0m	
[0m# Confusion Matrix[0m	
[0m: average row correct: 0.99009900990099%[0m	
[0m: average rowUcol correct (VOC measure): 0.010415207188908%[0m	
[0m: > global correct: 1.0519358924933%[0m	
[0m# ... saving model to ./overfeat_scratch-1/model.net[0m	
[0m: tac = 12.1854159832 sec[0m	
[0m
#####################[0m	
[0m# Epoch n° 16[0m	
[0m
# ... train model[0m	
[0m.:. Batch 1 to 128 on 72328 images[0m	
[0m: 1% done[0m	[0m01:14:29 left[0m	
[0m.:. Batch 3201 to 3328 on 72328 images[0m	
[0m: 6% done[0m	[0m01:11:52 left[0m	
[0m.:. Batch 6785 to 6912 on 72328 images[0m	
[0m: 11% done[0m	[0m01:07:31 left[0m	
[0m.:. Batch 10497 to 10624 on 72328 images[0m	
[0m: 16% done[0m	[0m01:04:18 left[0m	
[0m.:. Batch 14081 to 14208 on 72328 images[0m	
[0m: 21% done[0m	[0m01:00:12 left[0m	
[0m.:. Batch 17665 to 17792 on 72328 images[0m	
[0m: 26% done[0m	[0m00:56:26 left[0m	
[0m.:. Batch 21249 to 21376 on 72328 images[0m	
[0m: 31% done[0m	[0m00:52:33 left[0m	
[0m.:. Batch 24961 to 25088 on 72328 images[0m	
[0m: 36% done[0m	[0m00:48:41 left[0m	
[0m.:. Batch 28545 to 28672 on 72328 images[0m	
[0m: 41% done[0m	[0m00:44:51 left[0m	
[0m.:. Batch 32129 to 32256 on 72328 images[0m	
[0m: 46% done[0m	[0m00:41:04 left[0m	
[0m.:. Batch 35841 to 35968 on 72328 images[0m	
[0m: 51% done[0m	[0m00:37:19 left[0m	
[0m.:. Batch 39425 to 39552 on 72328 images[0m	
[0m: 56% done[0m	[0m00:33:24 left[0m	
[0m.:. Batch 43009 to 43136 on 72328 images[0m	
[0m: 61% done[0m	[0m00:29:39 left[0m	
[0m.:. Batch 46721 to 46848 on 72328 images[0m	
[0m: 66% done[0m	[0m00:25:56 left[0m	
[0m.:. Batch 50305 to 50432 on 72328 images[0m	
[0m: 71% done[0m	[0m00:22:03 left[0m	
[0m.:. Batch 53889 to 54016 on 72328 images[0m	
[0m: 76% done[0m	[0m00:18:19 left[0m	
[0m.:. Batch 57473 to 57600 on 72328 images[0m	
[0m: 81% done[0m	[0m00:14:34 left[0m	
[0m.:. Batch 61185 to 61312 on 72328 images[0m	
[0m: 86% done[0m	[0m00:10:49 left[0m	
[0m.:. Batch 64769 to 64896 on 72328 images[0m	
[0m: 91% done[0m	[0m00:06:57 left[0m	
[0m.:. Batch 68353 to 68480 on 72328 images[0m	
[0m: 96% done[0m	[0m00:03:12 left[0m	
[0m.:. Batch 72065 to 72192 on 72328 images[0m	
[0m.:. End of Epoch n° 16[0m	
[0m: Real time to learn 1 batch = 00:00:08[0m	
[0m: Real time to learn full batch = 01:15:29[0m	
[0m# Confusion Matrix[0m	
[0m: average row correct: 0.97585847764968%[0m	
[0m: average rowUcol correct (VOC measure): 0.019355117928901%[0m	
[0m: > global correct: 1.0341776352173%[0m	
[0m
# ... test model[0m	
[0m: 0% done [0m	[0m00:23:21 left[0m	
[0m: 5% done [0m	[0m00:06:57 left[0m	
[0m: 10% done [0m	[0m00:06:50 left[0m	
[0m: 15% done [0m	[0m00:06:25 left[0m	
[0m: 20% done [0m	[0m00:06:03 left[0m	
[0m: 25% done [0m	[0m00:05:42 left[0m	
[0m: 30% done [0m	[0m00:05:19 left[0m	
[0m: 35% done [0m	[0m00:04:58 left[0m	
[0m: 40% done [0m	[0m00:04:36 left[0m	
[0m: 45% done [0m	[0m00:04:13 left[0m	
[0m: 50% done [0m	[0m00:03:51 left[0m	
[0m: 55% done [0m	[0m00:03:28 left[0m	
[0m: 60% done [0m	[0m00:03:05 left[0m	
[0m: 65% done [0m	[0m00:02:42 left[0m	
[0m: 70% done [0m	[0m00:02:19 left[0m	
[0m: 75% done [0m	[0m00:01:56 left[0m	
[0m: 80% done [0m	[0m00:01:33 left[0m	
[0m: 85% done [0m	[0m00:01:10 left[0m	
[0m: 90% done [0m	[0m00:00:48 left[0m	
[0m: 95% done [0m	[0m00:00:25 left[0m	
[0m: 100% done [0m	[0m00:00:02 left[0m	
[0m: Time to test all samples = 00:07:38[0m	
[0m# Confusion Matrix[0m	
[0m: average row correct: 0.99009900990099%[0m	
[0m: average rowUcol correct (VOC measure): 0.010415207188908%[0m	
[0m: > global correct: 1.0519358924933%[0m	
[0m# ... saving model to ./overfeat_scratch-1/model.net[0m	
[0m: tac = 12.412708997726 sec[0m	
[0m
#####################[0m	
[0m# Epoch n° 17[0m	
[0m
# ... train model[0m	
[0m.:. Batch 1 to 128 on 72328 images[0m	
[0m: 1% done[0m	[0m01:17:11 left[0m	
[0m.:. Batch 3201 to 3328 on 72328 images[0m	
[0m: 6% done[0m	[0m01:11:10 left[0m	
[0m.:. Batch 6785 to 6912 on 72328 images[0m	
[0m: 11% done[0m	[0m01:07:20 left[0m	
[0m.:. Batch 10497 to 10624 on 72328 images[0m	
[0m: 16% done[0m	[0m01:03:39 left[0m	
[0m.:. Batch 14081 to 14208 on 72328 images[0m	
[0m: 21% done[0m	[0m00:59:47 left[0m	
[0m.:. Batch 17665 to 17792 on 72328 images[0m	
[0m: 26% done[0m	[0m00:56:06 left[0m	
[0m.:. Batch 21249 to 21376 on 72328 images[0m	
[0m: 31% done[0m	[0m00:52:22 left[0m	
[0m.:. Batch 24961 to 25088 on 72328 images[0m	
[0m: 36% done[0m	[0m00:48:36 left[0m	
[0m.:. Batch 28545 to 28672 on 72328 images[0m	
[0m: 41% done[0m	[0m00:44:39 left[0m	
[0m.:. Batch 32129 to 32256 on 72328 images[0m	
[0m: 46% done[0m	[0m00:40:58 left[0m	
[0m.:. Batch 35841 to 35968 on 72328 images[0m	
[0m: 51% done[0m	[0m00:37:14 left[0m	
[0m.:. Batch 39425 to 39552 on 72328 images[0m	
[0m: 56% done[0m	[0m00:33:21 left[0m	
[0m.:. Batch 43009 to 43136 on 72328 images[0m	
[0m: 61% done[0m	[0m00:29:35 left[0m	
[0m.:. Batch 46721 to 46848 on 72328 images[0m	
[0m: 66% done[0m	[0m00:25:50 left[0m	
[0m.:. Batch 50305 to 50432 on 72328 images[0m	
[0m: 71% done[0m	[0m00:21:58 left[0m	
[0m.:. Batch 53889 to 54016 on 72328 images[0m	
[0m: 76% done[0m	[0m00:18:18 left[0m	
[0m.:. Batch 57473 to 57600 on 72328 images[0m	
[0m: 81% done[0m	[0m00:14:34 left[0m	
[0m.:. Batch 61185 to 61312 on 72328 images[0m	
[0m: 86% done[0m	[0m00:10:50 left[0m	
[0m.:. Batch 64769 to 64896 on 72328 images[0m	
[0m: 91% done[0m	[0m00:06:57 left[0m	
[0m.:. Batch 68353 to 68480 on 72328 images[0m	
[0m: 96% done[0m	[0m00:03:12 left[0m	
[0m.:. Batch 72065 to 72192 on 72328 images[0m	
[0m.:. End of Epoch n° 17[0m	
[0m: Real time to learn 1 batch = 00:00:08[0m	
[0m: Real time to learn full batch = 01:15:28[0m	
[0m# Confusion Matrix[0m	
[0m: average row correct: 0.97785919079428%[0m	
[0m: average rowUcol correct (VOC measure): 0.038142964396036%[0m	
[0m: > global correct: 1.0355602256388%[0m	
[0m
# ... test model[0m	
[0m: 0% done [0m	[0m00:23:16 left[0m	
[0m: 5% done [0m	[0m00:06:52 left[0m	
[0m: 10% done [0m	[0m00:06:51 left[0m	
[0m: 15% done [0m	[0m00:06:31 left[0m	
[0m: 20% done [0m	[0m00:06:23 left[0m	
[0m: 25% done [0m	[0m00:05:56 left[0m	
[0m: 30% done [0m	[0m00:05:31 left[0m	
[0m: 35% done [0m	[0m00:05:08 left[0m	
[0m: 40% done [0m	[0m00:04:42 left[0m	
[0m: 45% done [0m	[0m00:04:18 left[0m	
[0m: 50% done [0m	[0m00:03:55 left[0m	
[0m: 55% done [0m	[0m00:03:31 left[0m	
[0m: 60% done [0m	[0m00:03:07 left[0m	
[0m: 65% done [0m	[0m00:02:44 left[0m	
[0m: 70% done [0m	[0m00:02:20 left[0m	
[0m: 75% done [0m	[0m00:01:57 left[0m	
[0m: 80% done [0m	[0m00:01:34 left[0m	
[0m: 85% done [0m	[0m00:01:11 left[0m	
[0m: 90% done [0m	[0m00:00:48 left[0m	
[0m: 95% done [0m	[0m00:00:25 left[0m	
[0m: 100% done [0m	[0m00:00:02 left[0m	
[0m: Time to test all samples = 00:07:41[0m	
[0m# Confusion Matrix[0m	
[0m: average row correct: 0.99009900990099%[0m	
[0m: average rowUcol correct (VOC measure): 0.010415207188908%[0m	
[0m: > global correct: 1.0519358924933%[0m	
[0m# ... saving model to ./overfeat_scratch-1/model.net[0m	
[0m: tac = 12.246470212936 sec[0m	
[0m
#####################[0m	
[0m# Epoch n° 18[0m	
[0m
# ... train model[0m	
[0m.:. Batch 1 to 128 on 72328 images[0m	
[0m: 1% done[0m	[0m01:14:34 left[0m	
[0m.:. Batch 3201 to 3328 on 72328 images[0m	
[0m: 6% done[0m	[0m01:11:23 left[0m	
[0m.:. Batch 6785 to 6912 on 72328 images[0m	
[0m: 11% done[0m	[0m01:07:22 left[0m	
[0m.:. Batch 10497 to 10624 on 72328 images[0m	
[0m: 16% done[0m	[0m01:03:34 left[0m	
[0m.:. Batch 14081 to 14208 on 72328 images[0m	
[0m: 21% done[0m	[0m00:59:49 left[0m	
[0m.:. Batch 17665 to 17792 on 72328 images[0m	
[0m: 26% done[0m	[0m00:56:05 left[0m	
[0m.:. Batch 21249 to 21376 on 72328 images[0m	
[0m: 31% done[0m	[0m00:52:17 left[0m	
[0m.:. Batch 24961 to 25088 on 72328 images[0m	
[0m: 36% done[0m	[0m00:48:28 left[0m	
[0m.:. Batch 28545 to 28672 on 72328 images[0m	
[0m: 41% done[0m	[0m00:44:43 left[0m	
[0m.:. Batch 32129 to 32256 on 72328 images[0m	
[0m: 46% done[0m	[0m00:41:00 left[0m	
[0m.:. Batch 35841 to 35968 on 72328 images[0m	
[0m: 51% done[0m	[0m00:37:16 left[0m	
[0m.:. Batch 39425 to 39552 on 72328 images[0m	
[0m: 56% done[0m	[0m00:33:23 left[0m	
[0m.:. Batch 43009 to 43136 on 72328 images[0m	
[0m: 61% done[0m	[0m00:29:39 left[0m	
[0m.:. Batch 46721 to 46848 on 72328 images[0m	
[0m: 66% done[0m	[0m00:25:56 left[0m	
[0m.:. Batch 50305 to 50432 on 72328 images[0m	
[0m: 71% done[0m	[0m00:22:04 left[0m	
[0m.:. Batch 53889 to 54016 on 72328 images[0m	
[0m: 76% done[0m	[0m00:18:23 left[0m	
[0m.:. Batch 57473 to 57600 on 72328 images[0m	
[0m: 81% done[0m	[0m00:14:37 left[0m	
[0m.:. Batch 61185 to 61312 on 72328 images[0m	
[0m: 86% done[0m	[0m00:10:52 left[0m	
[0m.:. Batch 64769 to 64896 on 72328 images[0m	
[0m: 91% done[0m	[0m00:06:59 left[0m	
[0m.:. Batch 68353 to 68480 on 72328 images[0m	
[0m: 96% done[0m	[0m00:03:13 left[0m	
[0m.:. Batch 72065 to 72192 on 72328 images[0m	
[0m.:. End of Epoch n° 18[0m	
[0m: Real time to learn 1 batch = 00:00:08[0m	
[0m: Real time to learn full batch = 01:15:40[0m	
[0m# Confusion Matrix[0m	
[0m: average row correct: 0.95782299021185%[0m	
[0m: average rowUcol correct (VOC measure): 0.035535274903373%[0m	
[0m: > global correct: 1.0134387788961%[0m	
[0m
# ... test model[0m	
[0m: 0% done [0m	[0m00:23:30 left[0m	
[0m: 5% done [0m	[0m00:07:03 left[0m	
[0m: 10% done [0m	[0m00:06:43 left[0m	
[0m: 15% done [0m	[0m00:06:24 left[0m	
[0m: 20% done [0m	[0m00:06:02 left[0m	
[0m: 25% done [0m	[0m00:05:40 left[0m	
[0m: 30% done [0m	[0m00:05:19 left[0m	
[0m: 35% done [0m	[0m00:04:57 left[0m	
[0m: 40% done [0m	[0m00:04:34 left[0m	
[0m: 45% done [0m	[0m00:04:12 left[0m	
[0m: 50% done [0m	[0m00:03:50 left[0m	
[0m: 55% done [0m	[0m00:03:27 left[0m	
[0m: 60% done [0m	[0m00:03:04 left[0m	
[0m: 65% done [0m	[0m00:02:41 left[0m	
[0m: 70% done [0m	[0m00:02:19 left[0m	
[0m: 75% done [0m	[0m00:01:56 left[0m	
[0m: 80% done [0m	[0m00:01:33 left[0m	
[0m: 85% done [0m	[0m00:01:11 left[0m	
[0m: 90% done [0m	[0m00:00:48 left[0m	
[0m: 95% done [0m	[0m00:00:25 left[0m	
[0m: 100% done [0m	[0m00:00:02 left[0m	
[0m: Time to test all samples = 00:07:39[0m	
[0m# Confusion Matrix[0m	
[0m: average row correct: 0.99009900990099%[0m	
[0m: average rowUcol correct (VOC measure): 0.010415207188908%[0m	
[0m: > global correct: 1.0519358924933%[0m	
[0m# ... saving model to ./overfeat_scratch-1/model.net[0m	
[0m: tac = 12.418200969696 sec[0m	
[0m
#####################[0m	
[0m# Epoch n° 19[0m	
[0m
# ... train model[0m	
[0m.:. Batch 1 to 128 on 72328 images[0m	
[0m: 1% done[0m	[0m01:15:33 left[0m	
[0m.:. Batch 3201 to 3328 on 72328 images[0m	
[0m: 6% done[0m	[0m01:11:54 left[0m	
[0m.:. Batch 6785 to 6912 on 72328 images[0m	
[0m: 11% done[0m	[0m01:07:53 left[0m	
[0m.:. Batch 10497 to 10624 on 72328 images[0m	
[0m: 16% done[0m	[0m01:03:53 left[0m	
[0m.:. Batch 14081 to 14208 on 72328 images[0m	
[0m: 21% done[0m	[0m00:59:45 left[0m	
[0m.:. Batch 17665 to 17792 on 72328 images[0m	
[0m: 26% done[0m	[0m00:55:59 left[0m	
[0m.:. Batch 21249 to 21376 on 72328 images[0m	
[0m: 31% done[0m	[0m00:52:21 left[0m	
[0m.:. Batch 24961 to 25088 on 72328 images[0m	
[0m: 36% done[0m	[0m00:48:38 left[0m	
[0m.:. Batch 28545 to 28672 on 72328 images[0m	
[0m: 41% done[0m	[0m00:44:41 left[0m	
[0m.:. Batch 32129 to 32256 on 72328 images[0m	
[0m: 46% done[0m	[0m00:40:55 left[0m	
[0m.:. Batch 35841 to 35968 on 72328 images[0m	
[0m: 51% done[0m	[0m00:37:08 left[0m	
[0m.:. Batch 39425 to 39552 on 72328 images[0m	
[0m: 56% done[0m	[0m00:33:18 left[0m	
[0m.:. Batch 43009 to 43136 on 72328 images[0m	
[0m: 61% done[0m	[0m00:29:33 left[0m	
[0m.:. Batch 46721 to 46848 on 72328 images[0m	
[0m: 66% done[0m	[0m00:25:48 left[0m	
[0m.:. Batch 50305 to 50432 on 72328 images[0m	
[0m: 71% done[0m	[0m00:21:58 left[0m	
[0m.:. Batch 53889 to 54016 on 72328 images[0m	
[0m: 76% done[0m	[0m00:18:18 left[0m	
[0m.:. Batch 57473 to 57600 on 72328 images[0m	
[0m: 81% done[0m	[0m00:14:34 left[0m	
[0m.:. Batch 61185 to 61312 on 72328 images[0m	
[0m: 86% done[0m	[0m00:10:49 left[0m	
[0m.:. Batch 64769 to 64896 on 72328 images[0m	
[0m: 91% done[0m	[0m00:06:57 left[0m	
[0m.:. Batch 68353 to 68480 on 72328 images[0m	
[0m: 96% done[0m	[0m00:03:12 left[0m	
[0m.:. Batch 72065 to 72192 on 72328 images[0m	
[0m.:. End of Epoch n° 19[0m	
[0m: Real time to learn 1 batch = 00:00:07[0m	
[0m: Real time to learn full batch = 01:15:22[0m	
[0m# Confusion Matrix[0m	
[0m: average row correct: 0.9591782373367%[0m	
[0m: average rowUcol correct (VOC measure): 0.023985358582127%[0m	
[0m: > global correct: 1.016203959739%[0m	
[0m
# ... test model[0m	
[0m: 0% done [0m	[0m00:23:18 left[0m	
[0m: 5% done [0m	[0m00:07:01 left[0m	
[0m: 10% done [0m	[0m00:06:49 left[0m	
[0m: 15% done [0m	[0m00:06:32 left[0m	
[0m: 20% done [0m	[0m00:06:09 left[0m	
[0m: 25% done [0m	[0m00:05:51 left[0m	
[0m: 30% done [0m	[0m00:05:27 left[0m	
[0m: 35% done [0m	[0m00:05:02 left[0m	
[0m: 40% done [0m	[0m00:04:40 left[0m	
[0m: 45% done [0m	[0m00:04:16 left[0m	
[0m: 50% done [0m	[0m00:03:53 left[0m	
[0m: 55% done [0m	[0m00:03:30 left[0m	
[0m: 60% done [0m	[0m00:03:06 left[0m	
[0m: 65% done [0m	[0m00:02:43 left[0m	
[0m: 70% done [0m	[0m00:02:20 left[0m	
[0m: 75% done [0m	[0m00:01:57 left[0m	
[0m: 80% done [0m	[0m00:01:34 left[0m	
[0m: 85% done [0m	[0m00:01:11 left[0m	
[0m: 90% done [0m	[0m00:00:48 left[0m	
[0m: 95% done [0m	[0m00:00:25 left[0m	
[0m: 100% done [0m	[0m00:00:02 left[0m	
[0m: Time to test all samples = 00:07:39[0m	
[0m# Confusion Matrix[0m	
[0m: average row correct: 0.99009900990099%[0m	
[0m: average rowUcol correct (VOC measure): 0.010415207188908%[0m	
[0m: > global correct: 1.0519358924933%[0m	
[0m# ... saving model to ./overfeat_scratch-1/model.net[0m	
[0m: tac = 12.491125106812 sec[0m	
[0m
#####################[0m	
[0m# Epoch n° 20[0m	
[0m
# ... train model[0m	
[0m.:. Batch 1 to 128 on 72328 images[0m	
[0m: 1% done[0m	[0m01:14:45 left[0m	
[0m.:. Batch 3201 to 3328 on 72328 images[0m	
[0m: 6% done[0m	[0m01:10:33 left[0m	
[0m.:. Batch 6785 to 6912 on 72328 images[0m	
[0m: 11% done[0m	[0m01:06:49 left[0m	
[0m.:. Batch 10497 to 10624 on 72328 images[0m	
[0m: 16% done[0m	[0m01:03:13 left[0m	
[0m.:. Batch 14081 to 14208 on 72328 images[0m	
[0m: 21% done[0m	[0m00:59:27 left[0m	
[0m.:. Batch 17665 to 17792 on 72328 images[0m	
[0m: 26% done[0m	[0m00:55:41 left[0m	
[0m.:. Batch 21249 to 21376 on 72328 images[0m	
[0m: 31% done[0m	[0m00:51:59 left[0m	
[0m.:. Batch 24961 to 25088 on 72328 images[0m	
[0m: 36% done[0m	[0m00:48:15 left[0m	
[0m.:. Batch 28545 to 28672 on 72328 images[0m	
[0m: 41% done[0m	[0m00:44:26 left[0m	
[0m.:. Batch 32129 to 32256 on 72328 images[0m	
[0m: 46% done[0m	[0m00:40:44 left[0m	
[0m.:. Batch 35841 to 35968 on 72328 images[0m	
[0m: 51% done[0m	[0m00:37:01 left[0m	
[0m.:. Batch 39425 to 39552 on 72328 images[0m	
[0m: 56% done[0m	[0m00:33:09 left[0m	
[0m.:. Batch 43009 to 43136 on 72328 images[0m	
[0m: 61% done[0m	[0m00:29:26 left[0m	
[0m.:. Batch 46721 to 46848 on 72328 images[0m	
[0m: 66% done[0m	[0m00:25:45 left[0m	
[0m.:. Batch 50305 to 50432 on 72328 images[0m	
[0m: 71% done[0m	[0m00:21:55 left[0m	
[0m.:. Batch 53889 to 54016 on 72328 images[0m	
[0m: 76% done[0m	[0m00:18:16 left[0m	
[0m.:. Batch 57473 to 57600 on 72328 images[0m	
[0m: 81% done[0m	[0m00:14:32 left[0m	
[0m.:. Batch 61185 to 61312 on 72328 images[0m	
Killed
