[0m# ... lunching using pid = 11600[0m	
[0m# ... switching to CUDA[0m	
[0m# ... loading Dataset[0m	
[0m# ...reloading previously trained model[0m	
[0m# Model[0m	
nn.Sequential {
  [input -> (1) -> (2) -> (3) -> (4) -> (5) -> (6) -> (7) -> (8) -> (9) -> (10) -> (11) -> (12) -> (13) -> (14) -> (15) -> (16) -> (17) -> (18) -> output]
  (1): nn.SpatialConvolutionMM(in: 3, out: 16, kW: 3, kH: 3, padding: 1)
  (2): nn.ReLU
  (3): nn.SpatialMaxPooling(kW: 2, kH: 2, dW: 2, dH: 2)
  (4): nn.SpatialConvolutionMM(in: 16, out: 32, kW: 3, kH: 3, padding: 1)
  (5): nn.ReLU
  (6): nn.SpatialMaxPooling(kW: 2, kH: 2, dW: 2, dH: 2)
  (7): nn.SpatialConvolutionMM(in: 32, out: 32, kW: 3, kH: 3, padding: 1)
  (8): nn.ReLU
  (9): nn.SpatialMaxPooling(kW: 3, kH: 3, dW: 3, dH: 3)
  (10): nn.Reshape(10368)
  (11): nn.Linear(10368 -> 2048)
  (12): nn.ReLU
  (13): nn.Dropout(0.700000)
  (14): nn.Linear(2048 -> 1024)
  (15): nn.ReLU
  (16): nn.Dropout(0.700000)
  (17): nn.Linear(1024 -> 101)
  (18): nn.LogSoftMax
}
[0mNumber of parameters 23451749[0m	
[0m# Criterion[0m	
nn.ClassNLLCriterion
[0m# ... building optimizer[0m	
[0m# ...reloading previously trained optimfunc.state[0m	
[0m# Optimizer[0m	
{
  name : [1;30m"[0m[0;32mSGD[0m[1;30m"[0m
  method : [0;35mfunction: 0x40504078[0m
  config : 
    {
      learningRateDecay : [0;36m0[0m
      learningRate : [0;36m0.01[0m
      weightDecay : [0;36m1e-05[0m
      momentum : [0;36m0.6[0m
    }
  state : 
    {
      evalCounter : [0;36m0[0m
    }
}
[0m
# ... test model[0m	
[0m: 0% done [0m	[0m00:03:04 left[0m	
[0m: 5% done [0m	[0m00:01:31 left[0m	
[0m: 10% done [0m	[0m00:01:28 left[0m	
[0m: 15% done [0m	[0m00:01:24 left[0m	
[0m: 20% done [0m	[0m00:01:20 left[0m	
[0m: 25% done [0m	[0m00:01:16 left[0m	
[0m: 30% done [0m	[0m00:01:13 left[0m	
[0m: 35% done [0m	[0m00:01:09 left[0m	
[0m: 40% done [0m	[0m00:01:04 left[0m	
[0m: 45% done [0m	[0m00:00:59 left[0m	
[0m: 50% done [0m	[0m00:00:54 left[0m	
[0m: 55% done [0m	[0m00:00:49 left[0m	
[0m: 60% done [0m	[0m00:00:44 left[0m	
[0m: 65% done [0m	[0m00:00:38 left[0m	
[0m: 70% done [0m	[0m00:00:33 left[0m	
[0m: 75% done [0m	[0m00:00:28 left[0m	
[0m: 80% done [0m	[0m00:00:22 left[0m	
[0m: 85% done [0m	[0m00:00:17 left[0m	
[0m: 90% done [0m	[0m00:00:11 left[0m	
[0m: 95% done [0m	[0m00:00:06 left[0m	
[0m: 100% done [0m	[0m00:00:00 left[0m	
[0m: Time to test all samples = 00:01:52[0m	
[0m# Confusion Matrix[0m	
[0m: average row correct: 24.488552807286%[0m	
[0m: average rowUcol correct (VOC measure): 14.271512162862%[0m	
[0m: > global correct: 24.403811202291%[0m	
[0m
#####################[0m	
[0m# Epoch n° 1[0m	
[0m
# ... train model[0m	
[0m.:. Batch 1 to 128 on 72328 images[0m	
[0m: 1% done[0m	[0m00:15:06 left[0m	
[0m.:. Batch 3201 to 3328 on 72328 images[0m	
[0m: 6% done[0m	[0m00:14:33 left[0m	
[0m.:. Batch 6785 to 6912 on 72328 images[0m	
[0m: 11% done[0m	[0m00:13:52 left[0m	
[0m.:. Batch 10497 to 10624 on 72328 images[0m	
[0m: 16% done[0m	[0m00:13:04 left[0m	
[0m.:. Batch 14081 to 14208 on 72328 images[0m	
[0m: 21% done[0m	[0m00:12:14 left[0m	
[0m.:. Batch 17665 to 17792 on 72328 images[0m	
[0m: 26% done[0m	[0m00:11:29 left[0m	
[0m.:. Batch 21249 to 21376 on 72328 images[0m	
[0m: 31% done[0m	[0m00:11:06 left[0m	
[0m.:. Batch 24961 to 25088 on 72328 images[0m	
[0m: 36% done[0m	[0m00:10:15 left[0m	
[0m.:. Batch 28545 to 28672 on 72328 images[0m	
[0m: 41% done[0m	[0m00:09:23 left[0m	
[0m.:. Batch 32129 to 32256 on 72328 images[0m	
[0m: 46% done[0m	[0m00:08:35 left[0m	
[0m.:. Batch 35841 to 35968 on 72328 images[0m	
[0m: 51% done[0m	[0m00:07:47 left[0m	
[0m.:. Batch 39425 to 39552 on 72328 images[0m	
[0m: 56% done[0m	[0m00:06:57 left[0m	
[0m.:. Batch 43009 to 43136 on 72328 images[0m	
[0m: 61% done[0m	[0m00:06:10 left[0m	
[0m.:. Batch 46721 to 46848 on 72328 images[0m	
[0m: 66% done[0m	[0m00:05:22 left[0m	
[0m.:. Batch 50305 to 50432 on 72328 images[0m	
[0m: 71% done[0m	[0m00:04:34 left[0m	
[0m.:. Batch 53889 to 54016 on 72328 images[0m	
[0m: 76% done[0m	[0m00:03:47 left[0m	
[0m.:. Batch 57473 to 57600 on 72328 images[0m	
[0m: 81% done[0m	[0m00:03:00 left[0m	
[0m.:. Batch 61185 to 61312 on 72328 images[0m	
[0m: 86% done[0m	[0m00:02:14 left[0m	
[0m.:. Batch 64769 to 64896 on 72328 images[0m	
[0m: 91% done[0m	[0m00:01:26 left[0m	
[0m.:. Batch 68353 to 68480 on 72328 images[0m	
[0m: 96% done[0m	[0m00:00:39 left[0m	
[0m.:. Batch 72065 to 72192 on 72328 images[0m	
[0m.:. End of Epoch n° 1[0m	
[0m: Real time to learn 1 batch = 00:00:01[0m	
[0m: Real time to learn full batch = 00:15:32[0m	
[0m# Confusion Matrix[0m	
[0m: average row correct: 20.857553257801%[0m	
[0m: average rowUcol correct (VOC measure): 11.655948908612%[0m	
[0m: > global correct: 20.849463554916%[0m	
[0m
# ... test model[0m	
[0m: 0% done [0m	[0m00:02:44 left[0m	
[0m: 5% done [0m	[0m00:01:37 left[0m	
[0m: 10% done [0m	[0m00:01:39 left[0m	
[0m: 15% done [0m	[0m00:01:33 left[0m	
[0m: 20% done [0m	[0m00:01:28 left[0m	
[0m: 25% done [0m	[0m00:01:23 left[0m	
[0m: 30% done [0m	[0m00:01:17 left[0m	
[0m: 35% done [0m	[0m00:01:12 left[0m	
[0m: 40% done [0m	[0m00:01:07 left[0m	
[0m: 45% done [0m	[0m00:01:01 left[0m	
[0m: 50% done [0m	[0m00:00:56 left[0m	
[0m: 55% done [0m	[0m00:00:51 left[0m	
[0m: 60% done [0m	[0m00:00:45 left[0m	
[0m: 65% done [0m	[0m00:00:39 left[0m	
[0m: 70% done [0m	[0m00:00:34 left[0m	
[0m: 75% done [0m	[0m00:00:28 left[0m	
[0m: 80% done [0m	[0m00:00:23 left[0m	
[0m: 85% done [0m	[0m00:00:17 left[0m	
[0m: 90% done [0m	[0m00:00:11 left[0m	
[0m: 95% done [0m	[0m00:00:06 left[0m	
[0m: 100% done [0m	[0m00:00:00 left[0m	
[0m: Time to test all samples = 00:01:53[0m	
[0m# Confusion Matrix[0m	
[0m: average row correct: 24.866986776342%[0m	
[0m: average rowUcol correct (VOC measure): 13.977301504352%[0m	
[0m: > global correct: 24.789337445613%[0m	
[0m# ... saving model to ./small-1/model.net[0m	
[0m: tac = 2.4249358177185 sec[0m	
[0m
#####################[0m	
[0m# Epoch n° 2[0m	
[0m
# ... train model[0m	
[0m.:. Batch 1 to 128 on 72328 images[0m	
[0m: 1% done[0m	[0m00:15:33 left[0m	
[0m.:. Batch 3201 to 3328 on 72328 images[0m	
[0m: 6% done[0m	[0m00:14:27 left[0m	
[0m.:. Batch 6785 to 6912 on 72328 images[0m	
[0m: 11% done[0m	[0m00:13:41 left[0m	
[0m.:. Batch 10497 to 10624 on 72328 images[0m	
[0m: 16% done[0m	[0m00:13:00 left[0m	
[0m.:. Batch 14081 to 14208 on 72328 images[0m	
[0m: 21% done[0m	[0m00:12:18 left[0m	
[0m.:. Batch 17665 to 17792 on 72328 images[0m	
[0m: 26% done[0m	[0m00:11:37 left[0m	
[0m.:. Batch 21249 to 21376 on 72328 images[0m	
[0m: 31% done[0m	[0m00:10:57 left[0m	
[0m.:. Batch 24961 to 25088 on 72328 images[0m	
[0m: 36% done[0m	[0m00:10:09 left[0m	
[0m.:. Batch 28545 to 28672 on 72328 images[0m	
[0m: 41% done[0m	[0m00:09:18 left[0m	
[0m.:. Batch 32129 to 32256 on 72328 images[0m	
[0m: 46% done[0m	[0m00:08:31 left[0m	
[0m.:. Batch 35841 to 35968 on 72328 images[0m	
[0m: 51% done[0m	[0m00:07:43 left[0m	
[0m.:. Batch 39425 to 39552 on 72328 images[0m	
[0m: 56% done[0m	[0m00:06:55 left[0m	
[0m.:. Batch 43009 to 43136 on 72328 images[0m	
[0m: 61% done[0m	[0m00:06:08 left[0m	
[0m.:. Batch 46721 to 46848 on 72328 images[0m	
[0m: 66% done[0m	[0m00:06:29 left[0m	
[0m.:. Batch 50305 to 50432 on 72328 images[0m	
[0m: 71% done[0m	[0m00:05:26 left[0m	
[0m.:. Batch 53889 to 54016 on 72328 images[0m	
[0m: 76% done[0m	[0m00:04:28 left[0m	
[0m.:. Batch 57473 to 57600 on 72328 images[0m	
[0m: 81% done[0m	[0m00:03:31 left[0m	
[0m.:. Batch 61185 to 61312 on 72328 images[0m	
[0m: 86% done[0m	[0m00:02:35 left[0m	
[0m.:. Batch 64769 to 64896 on 72328 images[0m	
[0m: 91% done[0m	[0m00:01:38 left[0m	
[0m.:. Batch 68353 to 68480 on 72328 images[0m	
[0m: 96% done[0m	[0m00:00:45 left[0m	
[0m.:. Batch 72065 to 72192 on 72328 images[0m	
[0m.:. End of Epoch n° 2[0m	
[0m: Real time to learn 1 batch = 00:00:01[0m	
[0m: Real time to learn full batch = 00:17:39[0m	
[0m# Confusion Matrix[0m	
[0m: average row correct: 29.383177952011%[0m	
[0m: average rowUcol correct (VOC measure): 17.222435617506%[0m	
[0m: > global correct: 29.378663864617%[0m	
[0m
# ... test model[0m	
[0m: 0% done [0m	[0m00:01:46 left[0m	
[0m: 5% done [0m	[0m00:01:33 left[0m	
[0m: 10% done [0m	[0m00:01:35 left[0m	
[0m: 15% done [0m	[0m00:01:31 left[0m	
[0m: 20% done [0m	[0m00:01:27 left[0m	
[0m: 25% done [0m	[0m00:01:22 left[0m	
[0m: 30% done [0m	[0m00:01:17 left[0m	
[0m: 35% done [0m	[0m00:01:13 left[0m	
[0m: 40% done [0m	[0m00:01:08 left[0m	
[0m: 45% done [0m	[0m00:01:02 left[0m	
[0m: 50% done [0m	[0m00:00:56 left[0m	
[0m: 55% done [0m	[0m00:00:51 left[0m	
[0m: 60% done [0m	[0m00:00:45 left[0m	
[0m: 65% done [0m	[0m00:00:39 left[0m	
[0m: 70% done [0m	[0m00:00:34 left[0m	
[0m: 75% done [0m	[0m00:00:28 left[0m	
[0m: 80% done [0m	[0m00:00:23 left[0m	
[0m: 85% done [0m	[0m00:00:17 left[0m	
[0m: 90% done [0m	[0m00:00:11 left[0m	
[0m: 95% done [0m	[0m00:00:06 left[0m	
[0m: 100% done [0m	[0m00:00:00 left[0m	
[0m: Time to test all samples = 00:01:53[0m	
[0m# Confusion Matrix[0m	
[0m: average row correct: 25.966405484936%[0m	
[0m: average rowUcol correct (VOC measure): 14.710713347586%[0m	
[0m: > global correct: 25.907363551247%[0m	
[0m# ... saving model to ./small-1/model.net[0m	
[0m: tac = 2.4322810173035 sec[0m	
[0m
#####################[0m	
[0m# Epoch n° 3[0m	
[0m
# ... train model[0m	
[0m.:. Batch 1 to 128 on 72328 images[0m	
[0m: 1% done[0m	[0m00:15:08 left[0m	
[0m.:. Batch 3201 to 3328 on 72328 images[0m	
[0m: 6% done[0m	[0m00:14:33 left[0m	
[0m.:. Batch 6785 to 6912 on 72328 images[0m	
[0m: 11% done[0m	[0m00:13:47 left[0m	
[0m.:. Batch 10497 to 10624 on 72328 images[0m	
[0m: 16% done[0m	[0m00:12:59 left[0m	
[0m.:. Batch 14081 to 14208 on 72328 images[0m	
[0m: 21% done[0m	[0m00:12:12 left[0m	
[0m.:. Batch 17665 to 17792 on 72328 images[0m	
[0m: 26% done[0m	[0m00:11:25 left[0m	
[0m.:. Batch 21249 to 21376 on 72328 images[0m	
[0m: 31% done[0m	[0m00:10:38 left[0m	
[0m.:. Batch 24961 to 25088 on 72328 images[0m	
[0m: 36% done[0m	[0m00:09:53 left[0m	
[0m.:. Batch 28545 to 28672 on 72328 images[0m	
[0m: 41% done[0m	[0m00:09:05 left[0m	
[0m.:. Batch 32129 to 32256 on 72328 images[0m	
[0m: 46% done[0m	[0m00:08:19 left[0m	
[0m.:. Batch 35841 to 35968 on 72328 images[0m	
[0m: 51% done[0m	[0m00:07:34 left[0m	
[0m.:. Batch 39425 to 39552 on 72328 images[0m	
[0m: 56% done[0m	[0m00:06:46 left[0m	
[0m.:. Batch 43009 to 43136 on 72328 images[0m	
[0m: 61% done[0m	[0m00:06:01 left[0m	
[0m.:. Batch 46721 to 46848 on 72328 images[0m	
[0m: 66% done[0m	[0m00:05:16 left[0m	
[0m.:. Batch 50305 to 50432 on 72328 images[0m	
[0m: 71% done[0m	[0m00:04:29 left[0m	
[0m.:. Batch 53889 to 54016 on 72328 images[0m	
[0m: 76% done[0m	[0m00:03:43 left[0m	
[0m.:. Batch 57473 to 57600 on 72328 images[0m	
[0m: 81% done[0m	[0m00:02:58 left[0m	
[0m.:. Batch 61185 to 61312 on 72328 images[0m	
[0m: 86% done[0m	[0m00:02:12 left[0m	
[0m.:. Batch 64769 to 64896 on 72328 images[0m	
[0m: 91% done[0m	[0m00:01:25 left[0m	
[0m.:. Batch 68353 to 68480 on 72328 images[0m	
[0m: 96% done[0m	[0m00:00:39 left[0m	
[0m.:. Batch 72065 to 72192 on 72328 images[0m	
[0m.:. End of Epoch n° 3[0m	
[0m: Real time to learn 1 batch = 00:00:01[0m	
[0m: Real time to learn full batch = 00:15:23[0m	
[0m# Confusion Matrix[0m	
[0m: average row correct: 33.63935225966%[0m	
[0m: average rowUcol correct (VOC measure): 20.229705976378%[0m	
[0m: > global correct: 33.638424952992%[0m	
[0m
# ... test model[0m	
[0m: 0% done [0m	[0m00:02:55 left[0m	
[0m: 5% done [0m	[0m00:01:32 left[0m	
[0m: 10% done [0m	[0m00:01:32 left[0m	
[0m: 15% done [0m	[0m00:01:30 left[0m	
[0m: 20% done [0m	[0m00:01:27 left[0m	
[0m: 25% done [0m	[0m00:01:22 left[0m	
[0m: 30% done [0m	[0m00:01:17 left[0m	
[0m: 35% done [0m	[0m00:01:12 left[0m	
[0m: 40% done [0m	[0m00:01:06 left[0m	
[0m: 45% done [0m	[0m00:01:01 left[0m	
[0m: 50% done [0m	[0m00:00:55 left[0m	
[0m: 55% done [0m	[0m00:00:50 left[0m	
[0m: 60% done [0m	[0m00:00:44 left[0m	
[0m: 65% done [0m	[0m00:00:39 left[0m	
[0m: 70% done [0m	[0m00:00:34 left[0m	
[0m: 75% done [0m	[0m00:00:28 left[0m	
[0m: 80% done [0m	[0m00:00:22 left[0m	
[0m: 85% done [0m	[0m00:00:17 left[0m	
[0m: 90% done [0m	[0m00:00:11 left[0m	
[0m: 95% done [0m	[0m00:00:06 left[0m	
[0m: 100% done [0m	[0m00:00:00 left[0m	
[0m: Time to test all samples = 00:01:52[0m	
[0m# Confusion Matrix[0m	
[0m: average row correct: 24.680737505602%[0m	
[0m: average rowUcol correct (VOC measure): 13.931931411423%[0m	
[0m: > global correct: 24.596574323952%[0m	
[0m# ... saving model to ./small-1/model.net[0m	
[0m: tac = 2.3958539962769 sec[0m	
[0m
#####################[0m	
[0m# Epoch n° 4[0m	
[0m
# ... train model[0m	
[0m.:. Batch 1 to 128 on 72328 images[0m	
[0m: 1% done[0m	[0m00:15:35 left[0m	
[0m.:. Batch 3201 to 3328 on 72328 images[0m	
[0m: 6% done[0m	[0m00:14:28 left[0m	
[0m.:. Batch 6785 to 6912 on 72328 images[0m	
[0m: 11% done[0m	[0m00:13:41 left[0m	
[0m.:. Batch 10497 to 10624 on 72328 images[0m	
[0m: 16% done[0m	[0m00:12:55 left[0m	
[0m.:. Batch 14081 to 14208 on 72328 images[0m	
[0m: 21% done[0m	[0m00:12:07 left[0m	
[0m.:. Batch 17665 to 17792 on 72328 images[0m	
[0m: 26% done[0m	[0m00:11:21 left[0m	
[0m.:. Batch 21249 to 21376 on 72328 images[0m	
[0m: 31% done[0m	[0m00:10:35 left[0m	
[0m.:. Batch 24961 to 25088 on 72328 images[0m	
[0m: 36% done[0m	[0m00:09:51 left[0m	
[0m.:. Batch 28545 to 28672 on 72328 images[0m	
[0m: 41% done[0m	[0m00:09:04 left[0m	
[0m.:. Batch 32129 to 32256 on 72328 images[0m	
[0m: 46% done[0m	[0m00:08:18 left[0m	
[0m.:. Batch 35841 to 35968 on 72328 images[0m	
[0m: 51% done[0m	[0m00:07:33 left[0m	
[0m.:. Batch 39425 to 39552 on 72328 images[0m	
[0m: 56% done[0m	[0m00:06:46 left[0m	
[0m.:. Batch 43009 to 43136 on 72328 images[0m	
[0m: 61% done[0m	[0m00:06:00 left[0m	
[0m.:. Batch 46721 to 46848 on 72328 images[0m	
[0m: 66% done[0m	[0m00:05:15 left[0m	
[0m.:. Batch 50305 to 50432 on 72328 images[0m	
[0m: 71% done[0m	[0m00:04:28 left[0m	
[0m.:. Batch 53889 to 54016 on 72328 images[0m	
[0m: 76% done[0m	[0m00:03:42 left[0m	
[0m.:. Batch 57473 to 57600 on 72328 images[0m	
[0m: 81% done[0m	[0m00:02:56 left[0m	
[0m.:. Batch 61185 to 61312 on 72328 images[0m	
[0m: 86% done[0m	[0m00:02:11 left[0m	
[0m.:. Batch 64769 to 64896 on 72328 images[0m	
[0m: 91% done[0m	[0m00:01:24 left[0m	
[0m.:. Batch 68353 to 68480 on 72328 images[0m	
[0m: 96% done[0m	[0m00:00:39 left[0m	
[0m.:. Batch 72065 to 72192 on 72328 images[0m	
[0m.:. End of Epoch n° 4[0m	
[0m: Real time to learn 1 batch = 00:00:01[0m	
[0m: Real time to learn full batch = 00:15:16[0m	
[0m# Confusion Matrix[0m	
[0m: average row correct: 36.805616629006%[0m	
[0m: average rowUcol correct (VOC measure): 22.593552183987%[0m	
[0m: > global correct: 36.789348523393%[0m	
[0m
# ... test model[0m	
[0m: 0% done [0m	[0m00:02:54 left[0m	
[0m: 5% done [0m	[0m00:01:34 left[0m	
[0m: 10% done [0m	[0m00:01:38 left[0m	
[0m: 15% done [0m	[0m00:01:33 left[0m	
[0m: 20% done [0m	[0m00:01:28 left[0m	
[0m: 25% done [0m	[0m00:01:23 left[0m	
[0m: 30% done [0m	[0m00:01:17 left[0m	
[0m: 35% done [0m	[0m00:01:12 left[0m	
[0m: 40% done [0m	[0m00:01:06 left[0m	
[0m: 45% done [0m	[0m00:01:01 left[0m	
[0m: 50% done [0m	[0m00:00:56 left[0m	
[0m: 55% done [0m	[0m00:00:50 left[0m	
[0m: 60% done [0m	[0m00:00:45 left[0m	
[0m: 65% done [0m	[0m00:00:39 left[0m	
[0m: 70% done [0m	[0m00:00:34 left[0m	
[0m: 75% done [0m	[0m00:00:28 left[0m	
[0m: 80% done [0m	[0m00:00:22 left[0m	
[0m: 85% done [0m	[0m00:00:17 left[0m	
[0m: 90% done [0m	[0m00:00:11 left[0m	
[0m: 95% done [0m	[0m00:00:06 left[0m	
[0m: 100% done [0m	[0m00:00:00 left[0m	
[0m: Time to test all samples = 00:01:52[0m	
[0m# Confusion Matrix[0m	
[0m: average row correct: 26.699633416858%[0m	
[0m: average rowUcol correct (VOC measure): 15.137447899964%[0m	
[0m: > global correct: 26.634355895798%[0m	
[0m# ... saving model to ./small-1/model.net[0m	
[0m: tac = 2.3878579139709 sec[0m	
[0m
#####################[0m	
[0m# Epoch n° 5[0m	
[0m
# ... train model[0m	
[0m.:. Batch 1 to 128 on 72328 images[0m	
[0m: 1% done[0m	[0m00:15:05 left[0m	
[0m.:. Batch 3201 to 3328 on 72328 images[0m	
[0m: 6% done[0m	[0m00:14:46 left[0m	
[0m.:. Batch 6785 to 6912 on 72328 images[0m	
[0m: 11% done[0m	[0m00:14:02 left[0m	
[0m.:. Batch 10497 to 10624 on 72328 images[0m	
[0m: 16% done[0m	[0m00:13:17 left[0m	
[0m.:. Batch 14081 to 14208 on 72328 images[0m	
[0m: 21% done[0m	[0m00:12:42 left[0m	
[0m.:. Batch 17665 to 17792 on 72328 images[0m	
[0m: 26% done[0m	[0m00:11:49 left[0m	
[0m.:. Batch 21249 to 21376 on 72328 images[0m	
[0m: 31% done[0m	[0m00:10:59 left[0m	
[0m.:. Batch 24961 to 25088 on 72328 images[0m	
[0m: 36% done[0m	[0m00:10:08 left[0m	
[0m.:. Batch 28545 to 28672 on 72328 images[0m	
[0m: 41% done[0m	[0m00:09:18 left[0m	
[0m.:. Batch 32129 to 32256 on 72328 images[0m	
[0m: 46% done[0m	[0m00:08:31 left[0m	
[0m.:. Batch 35841 to 35968 on 72328 images[0m	
[0m: 51% done[0m	[0m00:07:43 left[0m	
[0m.:. Batch 39425 to 39552 on 72328 images[0m	
[0m: 56% done[0m	[0m00:06:55 left[0m	
[0m.:. Batch 43009 to 43136 on 72328 images[0m	
[0m: 61% done[0m	[0m00:06:07 left[0m	
[0m.:. Batch 46721 to 46848 on 72328 images[0m	
[0m: 66% done[0m	[0m00:05:21 left[0m	
[0m.:. Batch 50305 to 50432 on 72328 images[0m	
[0m: 71% done[0m	[0m00:04:32 left[0m	
[0m.:. Batch 53889 to 54016 on 72328 images[0m	
[0m: 76% done[0m	[0m00:03:47 left[0m	
[0m.:. Batch 57473 to 57600 on 72328 images[0m	
[0m: 81% done[0m	[0m00:03:00 left[0m	
[0m.:. Batch 61185 to 61312 on 72328 images[0m	
[0m: 86% done[0m	[0m00:02:15 left[0m	
[0m.:. Batch 64769 to 64896 on 72328 images[0m	
[0m: 91% done[0m	[0m00:01:26 left[0m	
[0m.:. Batch 68353 to 68480 on 72328 images[0m	
[0m: 96% done[0m	[0m00:00:40 left[0m	
[0m.:. Batch 72065 to 72192 on 72328 images[0m	
[0m.:. End of Epoch n° 5[0m	
[0m: Real time to learn 1 batch = 00:00:01[0m	
[0m: Real time to learn full batch = 00:15:39[0m	
[0m# Confusion Matrix[0m	
[0m: average row correct: 39.560570191629%[0m	
[0m: average rowUcol correct (VOC measure): 24.715979707123%[0m	
[0m: > global correct: 39.553146775799%[0m	
[0m
# ... test model[0m	
[0m: 0% done [0m	[0m00:02:52 left[0m	
[0m: 5% done [0m	[0m00:01:32 left[0m	
[0m: 10% done [0m	[0m00:01:34 left[0m	
[0m: 15% done [0m	[0m00:01:31 left[0m	
[0m: 20% done [0m	[0m00:01:27 left[0m	
[0m: 25% done [0m	[0m00:01:22 left[0m	
[0m: 30% done [0m	[0m00:01:17 left[0m	
[0m: 35% done [0m	[0m00:01:13 left[0m	
[0m: 40% done [0m	[0m00:01:10 left[0m	
[0m: 45% done [0m	[0m00:01:04 left[0m	
[0m: 50% done [0m	[0m00:00:58 left[0m	
[0m: 55% done [0m	[0m00:00:52 left[0m	
[0m: 60% done [0m	[0m00:00:56 left[0m	
[0m: 65% done [0m	[0m00:00:48 left[0m	
[0m: 70% done [0m	[0m00:00:41 left[0m	
[0m: 75% done [0m	[0m00:00:34 left[0m	
[0m: 80% done [0m	[0m00:00:27 left[0m	
[0m: 85% done [0m	[0m00:00:20 left[0m	
[0m: 90% done [0m	[0m00:00:13 left[0m	
[0m: 95% done [0m	[0m00:00:07 left[0m	
[0m: 100% done [0m	[0m00:00:00 left[0m	
[0m: Time to test all samples = 00:02:08[0m	
[0m# Confusion Matrix[0m	
[0m: average row correct: 26.837855913114%[0m	
[0m: average rowUcol correct (VOC measure): 15.180070211392%[0m	
[0m: > global correct: 26.777551357603%[0m	
[0m# ... saving model to ./small-1/model.net[0m	
[0m: tac = 2.396595954895 sec[0m	
[0m
#####################[0m	
[0m# Epoch n° 6[0m	
[0m
# ... train model[0m	
[0m.:. Batch 1 to 128 on 72328 images[0m	
[0m: 1% done[0m	[0m00:14:16 left[0m	
[0m.:. Batch 3201 to 3328 on 72328 images[0m	
[0m: 6% done[0m	[0m00:14:22 left[0m	
[0m.:. Batch 6785 to 6912 on 72328 images[0m	
[0m: 11% done[0m	[0m00:13:40 left[0m	
[0m.:. Batch 10497 to 10624 on 72328 images[0m	
[0m: 16% done[0m	[0m00:12:54 left[0m	
[0m.:. Batch 14081 to 14208 on 72328 images[0m	
[0m: 21% done[0m	[0m00:12:09 left[0m	
[0m.:. Batch 17665 to 17792 on 72328 images[0m	
[0m: 26% done[0m	[0m00:11:36 left[0m	
[0m.:. Batch 21249 to 21376 on 72328 images[0m	
[0m: 31% done[0m	[0m00:10:47 left[0m	
[0m.:. Batch 24961 to 25088 on 72328 images[0m	
[0m: 36% done[0m	[0m00:10:01 left[0m	
[0m.:. Batch 28545 to 28672 on 72328 images[0m	
[0m: 41% done[0m	[0m00:09:12 left[0m	
[0m.:. Batch 32129 to 32256 on 72328 images[0m	
[0m: 46% done[0m	[0m00:08:25 left[0m	
[0m.:. Batch 35841 to 35968 on 72328 images[0m	
[0m: 51% done[0m	[0m00:07:38 left[0m	
[0m.:. Batch 39425 to 39552 on 72328 images[0m	
[0m: 56% done[0m	[0m00:06:50 left[0m	
[0m.:. Batch 43009 to 43136 on 72328 images[0m	
[0m: 61% done[0m	[0m00:06:04 left[0m	
[0m.:. Batch 46721 to 46848 on 72328 images[0m	
[0m: 66% done[0m	[0m00:05:19 left[0m	
[0m.:. Batch 50305 to 50432 on 72328 images[0m	
[0m: 71% done[0m	[0m00:04:32 left[0m	
[0m.:. Batch 53889 to 54016 on 72328 images[0m	
[0m: 76% done[0m	[0m00:03:45 left[0m	
[0m.:. Batch 57473 to 57600 on 72328 images[0m	
[0m: 81% done[0m	[0m00:02:59 left[0m	
[0m.:. Batch 61185 to 61312 on 72328 images[0m	
[0m: 86% done[0m	[0m00:02:13 left[0m	
[0m.:. Batch 64769 to 64896 on 72328 images[0m	
[0m: 91% done[0m	[0m00:01:25 left[0m	
[0m.:. Batch 68353 to 68480 on 72328 images[0m	
[0m: 96% done[0m	[0m00:00:39 left[0m	
[0m.:. Batch 72065 to 72192 on 72328 images[0m	
[0m.:. End of Epoch n° 6[0m	
[0m: Real time to learn 1 batch = 00:00:01[0m	
[0m: Real time to learn full batch = 00:15:30[0m	
[0m# Confusion Matrix[0m	
[0m: average row correct: 42.410977317555%[0m	
[0m: average rowUcol correct (VOC measure): 26.984241265472%[0m	
[0m: > global correct: 42.395752682225%[0m	
[0m
# ... test model[0m	
[0m: 0% done [0m	[0m00:02:38 left[0m	
[0m: 5% done [0m	[0m00:01:30 left[0m	
[0m: 10% done [0m	[0m00:01:28 left[0m	
[0m: 15% done [0m	[0m00:01:26 left[0m	
[0m: 20% done [0m	[0m00:01:24 left[0m	
[0m: 25% done [0m	[0m00:01:19 left[0m	
[0m: 30% done [0m	[0m00:01:15 left[0m	
[0m: 35% done [0m	[0m00:01:10 left[0m	
[0m: 40% done [0m	[0m00:01:06 left[0m	
[0m: 45% done [0m	[0m00:01:01 left[0m	
[0m: 50% done [0m	[0m00:00:56 left[0m	
[0m: 55% done [0m	[0m00:00:51 left[0m	
[0m: 60% done [0m	[0m00:00:45 left[0m	
[0m: 65% done [0m	[0m00:00:40 left[0m	
[0m: 70% done [0m	[0m00:00:34 left[0m	
[0m: 75% done [0m	[0m00:00:28 left[0m	
[0m: 80% done [0m	[0m00:00:23 left[0m	
[0m: 85% done [0m	[0m00:00:17 left[0m	
[0m: 90% done [0m	[0m00:00:11 left[0m	
[0m: 95% done [0m	[0m00:00:06 left[0m	
[0m: 100% done [0m	[0m00:00:00 left[0m	
[0m: Time to test all samples = 00:01:54[0m	
[0m# Confusion Matrix[0m	
[0m: average row correct: 26.381620602442%[0m	
[0m: average rowUcol correct (VOC measure): 15.10371051655%[0m	
[0m: > global correct: 26.303904830093%[0m	
[0m# ... saving model to ./small-1/model.net[0m	
[0m: tac = 2.6326811313629 sec[0m	
[0m
#####################[0m	
[0m# Epoch n° 7[0m	
[0m
# ... train model[0m	
[0m.:. Batch 1 to 128 on 72328 images[0m	
[0m: 1% done[0m	[0m00:15:53 left[0m	
[0m.:. Batch 3201 to 3328 on 72328 images[0m	
[0m: 6% done[0m	[0m00:14:44 left[0m	
[0m.:. Batch 6785 to 6912 on 72328 images[0m	
[0m: 11% done[0m	[0m00:13:56 left[0m	
[0m.:. Batch 10497 to 10624 on 72328 images[0m	
[0m: 16% done[0m	[0m00:13:21 left[0m	
[0m.:. Batch 14081 to 14208 on 72328 images[0m	
[0m: 21% done[0m	[0m00:12:28 left[0m	
[0m.:. Batch 17665 to 17792 on 72328 images[0m	
[0m: 26% done[0m	[0m00:11:38 left[0m	
[0m.:. Batch 21249 to 21376 on 72328 images[0m	
[0m: 31% done[0m	[0m00:11:38 left[0m	
[0m.:. Batch 24961 to 25088 on 72328 images[0m	
[0m: 36% done[0m	[0m00:10:40 left[0m	
[0m.:. Batch 28545 to 28672 on 72328 images[0m	
[0m: 41% done[0m	[0m00:09:43 left[0m	
[0m.:. Batch 32129 to 32256 on 72328 images[0m	
[0m: 46% done[0m	[0m00:08:51 left[0m	
[0m.:. Batch 35841 to 35968 on 72328 images[0m	
[0m: 51% done[0m	[0m00:08:00 left[0m	
[0m.:. Batch 39425 to 39552 on 72328 images[0m	
[0m: 56% done[0m	[0m00:07:09 left[0m	
[0m.:. Batch 43009 to 43136 on 72328 images[0m	
[0m: 61% done[0m	[0m00:06:20 left[0m	
[0m.:. Batch 46721 to 46848 on 72328 images[0m	
[0m: 66% done[0m	[0m00:05:30 left[0m	
[0m.:. Batch 50305 to 50432 on 72328 images[0m	
[0m: 71% done[0m	[0m00:04:40 left[0m	
[0m.:. Batch 53889 to 54016 on 72328 images[0m	
[0m: 76% done[0m	[0m00:03:52 left[0m	
[0m.:. Batch 57473 to 57600 on 72328 images[0m	
