% mean class accuracy (train set)	
 2.0849e+01	
 2.9379e+01	
 3.3638e+01	
 3.6789e+01	
 3.9553e+01	
 4.2396e+01	
 4.4443e+01	
 4.7300e+01	
 4.9083e+01	
 5.0783e+01	
 5.3416e+01	
 5.5127e+01	
 5.7156e+01	
 5.8370e+01	
 6.0383e+01	
 6.1662e+01	
 6.3414e+01	
 6.5066e+01	
 6.6591e+01	
 6.7404e+01	
 6.8633e+01	
 6.9941e+01	
 7.1040e+01	
 7.2359e+01	
 7.3783e+01	
 7.4577e+01	
 7.5452e+01	
 7.6359e+01	
 7.7191e+01	
 7.8148e+01	
 7.8882e+01	
 7.9280e+01	
 8.0146e+01	
 8.0732e+01	
 8.1323e+01	
 8.2086e+01	
 8.2593e+01	
 8.2745e+01	
 8.3428e+01	
 8.3471e+01	
 8.4436e+01	
 8.5145e+01	
 8.5150e+01	
 8.5392e+01	
 8.5429e+01	
 8.6505e+01	
 8.6249e+01	
