% mean class accuracy (train set)	
 1.0895e+00	
 1.0134e+00	
 1.0508e+00	
 9.9823e-01	
 1.0494e+00	
 1.0411e+00	
 1.0190e+00	
 1.0300e+00	
 1.0591e+00	
 1.1406e+00	
 1.0950e+00	
 1.0369e+00	
 1.0273e+00	
 9.7887e-01	
 1.0024e+00	
 1.0051e+00	
 1.0757e+00	
 9.9685e-01	
 1.0494e+00	
 9.9961e-01	
 1.0853e+00	
 9.6920e-01	
 1.0162e+00	
 1.0286e+00	
 1.0922e+00	
 1.0770e+00	
 1.0356e+00	
 1.0231e+00	
 1.0522e+00	
 1.0660e+00	
 9.9685e-01	
 9.9270e-01	
 1.0950e+00	
 1.0480e+00	
 1.0176e+00	
 1.0480e+00	
 1.0715e+00	
 1.0148e+00	
 9.9270e-01	
 1.0826e+00	
 1.0369e+00	
 1.0162e+00	
 1.0245e+00	
 1.0162e+00	
 9.9823e-01	
 1.0508e+00	
 9.9823e-01	
 1.0010e+00	
 1.0134e+00	
 1.0231e+00	
 9.8440e-01	
 1.0812e+00	
 1.0024e+00	
 1.0342e+00	
 1.0577e+00	
 1.0798e+00	
 9.9270e-01	
 1.0701e+00	
 1.0121e+00	
 1.0300e+00	
 1.0356e+00	
 1.0176e+00	
 1.0618e+00	
 1.0259e+00	
 1.0591e+00	
 1.0286e+00	
 9.8855e-01	
 1.0674e+00	
 1.0604e+00	
 1.0646e+00	
 1.0273e+00	
 9.7196e-01	
 1.1033e+00	
 1.0231e+00	
 1.0646e+00	
 1.0024e+00	
 9.6228e-01	
 9.8026e-01	
 1.0494e+00	
 1.0217e+00	
 1.0425e+00	
 1.0107e+00	
 1.0162e+00	
 1.0452e+00	
 1.0107e+00	
 1.0204e+00	
 1.0079e+00	
 1.0840e+00	
 1.0466e+00	
 1.0051e+00	
 1.0950e+00	
 1.0134e+00	
 1.0425e+00	
 1.0190e+00	
 1.0591e+00	
 9.8993e-01	
 1.0798e+00	
 9.8026e-01	
 1.0439e+00	
