% mean class accuracy (train set)	
 9.3048e-01	
 9.6505e-01	
 9.9270e-01	
 1.0480e+00	
 9.8440e-01	
 9.1251e-01	
 9.3187e-01	
 9.0974e-01	
 9.8717e-01	
 9.9823e-01	
 9.0974e-01	
 9.5122e-01	
 9.8855e-01	
 9.9132e-01	
 9.3601e-01	
 1.0038e+00	
 9.4431e-01	
 9.8440e-01	
 1.0259e+00	
 9.9823e-01	
 1.0522e+00	
 9.0007e-01	
 9.0283e-01	
 9.9132e-01	
 1.0300e+00	
 9.8993e-01	
 9.5260e-01	
 9.8302e-01	
 1.0051e+00	
 9.3048e-01	
 9.5260e-01	
 1.0204e+00	
 9.4154e-01	
 9.8440e-01	
 9.7334e-01	
 1.0190e+00	
 9.4154e-01	
 9.9823e-01	
 9.8855e-01	
 9.6920e-01	
 9.7334e-01	
 9.4707e-01	
 9.7334e-01	
 9.9270e-01	
 9.6367e-01	
 9.9408e-01	
 9.9408e-01	
 9.9408e-01	
 9.6228e-01	
 9.6228e-01	
