

NETWORK medium/
% mean class accuracy (train set)	
 9.8717e-01	
 1.0217e+00	
 1.2540e+00	
 2.1886e+00	
 3.0099e+00	
 4.0220e+00	
 5.3810e+00	
 6.8106e+00	
 8.6163e+00	
 1.1028e+01	
 1.3797e+01	
 1.8281e+01	
 2.4487e+01	
 3.2434e+01	
 4.1862e+01	
 5.1687e+01	
 6.1800e+01	
 6.8350e+01	
 7.4260e+01	
 7.8299e+01	
 8.2366e+01	
 8.4710e+01	
 8.6611e+01	
 8.8511e+01	
 9.0150e+01	
 9.1205e+01	
 9.2126e+01	
 9.2433e+01	
 9.3329e+01	
 9.3599e+01	
 9.4266e+01	
 9.4739e+01	
 9.4613e+01	
 9.5131e+01	
 9.5498e+01	
 9.5337e+01	
 9.5775e+01	
 9.6075e+01	
 9.6219e+01	
 9.6485e+01	
 9.6437e+01	
 9.6715e+01	
 9.6784e+01	
 9.7041e+01	
 9.7123e+01	
 9.7197e+01	
 9.7092e+01	
 9.6964e+01	
 9.7243e+01	
 9.7481e+01	
 9.7402e+01	
 9.7585e+01	
 9.7756e+01	
 9.7683e+01	
 9.7767e+01	
 9.7839e+01	
 9.7863e+01	
 9.8031e+01	
 9.8063e+01	
 9.8069e+01	
 9.8024e+01	
 9.8037e+01	

NETWORK overfat+0+1e-2/
epoch;training_accuracy
1;0.92218781108284
2;0.92910076318991
3;0.94016148656122
4;0.96090034288242
5;0.96366552372525
6;0.96366552372525
7;0.97057847583232
8;0.97749142793939
9;0.99408251299635
10;1.0009954651034
11;1.0079084172105
12;1.0120561884747
13;1.0300298639531
14;1.0327950447959
15;1.0410905873244
16;1.0604468532242

NETWORK overfat+0+1e-3/

NETWORK overfat+0+2e-2/

NETWORK overfat+0+3e-2/

NETWORK overfat+10+2e-2/
epoch;training_accuracy
1;40
2;53.333333333333

NETWORK overfat+2+5e-3/

NETWORK overfat+2+7e-3/

NETWORK overfat+2+8e-3/
epoch;training_accuracy
1;0.92218781108284
2;0.92910076318991
3;0.94016148656122
4;0.96090034288242
5;0.96366552372525
6;0.96366552372525
7;0.97057847583232
8;0.97749142793939
9;0.99408251299635
10;1.0009954651034
11;1.0079084172105
12;1.0120561884747
13;1.0300298639531
14;1.0327950447959
15;1.0410905873244
16;1.0604468532242

NETWORK overfat+3+4e-3/

NETWORK overfat+3+5e-3/
epoch;training_accuracy
1;0.92218781108284
2;0.92910076318991
3;0.94016148656122
4;0.96090034288242
5;0.96366552372525
6;0.96366552372525
7;0.97057847583232
8;0.97749142793939
9;0.99408251299635
10;1.0009954651034
11;1.0079084172105
12;1.0120561884747
13;1.0300298639531
14;1.0327950447959
15;1.0410905873244
16;1.0604468532242

NETWORK overfat+4+1e-3/

NETWORK overfat+4+2e-3/
epoch;training_accuracy
1;0.92218781108284
2;0.92910076318991
3;0.94016148656122
4;0.96090034288242
5;0.96366552372525
6;0.96366552372525
7;0.97057847583232
8;0.97749142793939
9;0.99408251299635
10;1.0009954651034
11;1.0079084172105
12;1.0120561884747
13;1.0300298639531
14;1.0327950447959
15;1.0410905873244
16;1.0604468532242

NETWORK overfat+5+8e-4/
epoch;training_accuracy
1;0.92218781108284
2;0.92910076318991
3;0.94016148656122
4;0.96090034288242
5;0.96366552372525
6;0.96366552372525
7;0.97057847583232
8;0.97749142793939
9;0.99408251299635
10;1.0009954651034
11;1.0079084172105
12;1.0120561884747
13;1.0300298639531
14;1.0327950447959
15;1.0410905873244
16;1.0604468532242

NETWORK overfat+6+5e-4/
epoch;training_accuracy
1;0.92218781108284
2;0.92910076318991
3;0.94016148656122
4;0.96090034288242
5;0.96366552372525
6;0.96366552372525
7;0.97057847583232
8;0.97749142793939
9;0.99408251299635
10;1.0009954651034
11;1.0079084172105
12;1.0120561884747
13;1.0300298639531
14;1.0327950447959
15;1.0410905873244
16;1.0604468532242

NETWORK overfeat/
% mean class accuracy (train set)	
 9.8649e+01	
 9.9143e+01	
 9.9334e+01	
 9.9537e+01	
 9.6317e+01	

NETWORK save/

NETWORK small/
% mean class accuracy (train set)	
 9.3214e+00	
 1.6797e+01	
 1.9117e+01	
 1.9918e+01	
 2.0762e+01	
 2.1567e+01	
 2.2210e+01	
 2.2901e+01	
 2.3156e+01	
 2.3642e+01	
 2.4258e+01	
 2.4949e+01	
 2.5223e+01	
 2.5720e+01	
 2.6004e+01	
 2.6143e+01	
 2.6640e+01	
 2.7399e+01	
 2.7310e+01	
 2.7591e+01	
 2.8090e+01	
 2.8661e+01	
 2.8855e+01	
 2.9063e+01	
 2.9581e+01	
 2.9402e+01	
 2.9853e+01	
 3.0277e+01	
 3.0660e+01	
 3.1010e+01	
 3.1108e+01	
 3.1595e+01	
 3.1563e+01	
 3.2003e+01	
 3.2148e+01	
 3.2783e+01	
 3.2787e+01	
 3.2990e+01	
 3.3268e+01	
 3.3673e+01	
 3.3739e+01	
 3.3979e+01	
 3.4415e+01	
 3.4386e+01	
 3.4803e+01	
 3.4845e+01	
 3.5173e+01	
 3.5110e+01	
 3.5216e+01	
 3.5363e+01	
 3.5808e+01	
 3.5817e+01	
 3.6134e+01	
 3.6802e+01	
 3.6599e+01	
 3.6878e+01	
 3.6918e+01	
 3.7420e+01	
 3.7501e+01	
 3.7941e+01	
 3.7662e+01	
 3.7949e+01	
 3.8457e+01	
 3.8787e+01	
 3.8458e+01	
 3.9100e+01	
 3.9039e+01	
 3.9115e+01	
 3.9409e+01	
 3.9331e+01	
 3.9579e+01	
 4.0026e+01	
 3.9892e+01	
 4.0026e+01	
 4.0426e+01	
 4.0320e+01	
 4.0463e+01	
 4.0842e+01	
 4.0647e+01	
 4.1262e+01	
 4.1088e+01	
 4.0950e+01	
