% mean class accuracy (train set)	
 5.6583e+01	
 5.7333e+01	
 5.7583e+01	
 5.9833e+01	
 6.0833e+01	
 6.0917e+01	
 6.0833e+01	
 6.0833e+01	
 6.3250e+01	
 6.3917e+01	
 6.4000e+01	
 6.4000e+01	
 6.5167e+01	
 6.6500e+01	
 6.6750e+01	
 6.8000e+01	
 6.7417e+01	
 6.7917e+01	
 6.9417e+01	
 6.9333e+01	
 7.0917e+01	
 7.0667e+01	
 7.2083e+01	
 7.1750e+01	
 7.0333e+01	
 7.3000e+01	
 7.2417e+01	
 7.2000e+01	
 7.3667e+01	
 7.3917e+01	
 7.3500e+01	
 7.4417e+01	
 7.4583e+01	
 7.4250e+01	
 7.6333e+01	
 7.5167e+01	
 7.6333e+01	
 7.5083e+01	
 7.7083e+01	
 7.7167e+01	
 7.8250e+01	
 7.7583e+01	
 7.8583e+01	
 7.9000e+01	
 7.8417e+01	
 7.7750e+01	
 7.8000e+01	
 7.9583e+01	
 7.8333e+01	
 7.8667e+01	
 7.9000e+01	
 8.0083e+01	
 8.0333e+01	
 8.0917e+01	
 8.0167e+01	
 8.0167e+01	
 8.0917e+01	
 8.1417e+01	
 8.2167e+01	
 8.2000e+01	
 8.2000e+01	
 8.1917e+01	
 8.1333e+01	
 8.3583e+01	
 8.1000e+01	
 8.3000e+01	
 8.2833e+01	
 8.2417e+01	
 8.2583e+01	
 8.1250e+01	
 8.2833e+01	
 8.2583e+01	
 8.2417e+01	
 8.2833e+01	
 8.3250e+01	
 8.3000e+01	
 8.2833e+01	
 8.3417e+01	
 8.3417e+01	
 8.3583e+01	
 8.3833e+01	
 8.4083e+01	
 8.3667e+01	
 8.4500e+01	
 8.4000e+01	
 8.4583e+01	
 8.3833e+01	
 8.5250e+01	
 8.3667e+01	
 8.4667e+01	
 8.3500e+01	
 8.5833e+01	
 8.4250e+01	
 8.5250e+01	
 8.5000e+01	
 8.5500e+01	
 8.4667e+01	
 8.5083e+01	
 8.6083e+01	
 8.5833e+01	
