[0m# ... lunching using pid = 31197[0m	
[0m# ... loading seed in ./sk2/seed.save[0m	
[0m# ... switching to CUDA[0m	
[0m# ... loading Dataset[0m	
[0m# ...reloading previously trained model[0m	
[0m# Model[0m	
nn.Sequential {
  [input -> (1) -> (2) -> (3) -> (4) -> (5) -> (6) -> (7) -> (8) -> (9) -> (10) -> (11) -> (12) -> (13) -> (14) -> (15) -> (16) -> (17) -> (18) -> (19) -> (20) -> (21) -> (22) -> (23) -> (24) -> (25) -> (26) -> (27) -> (28) -> output]
  (1): nn.SpatialConvolution(in: 3, out: 96, kW: 7, kH: 7, dW: 2, dH: 2)
  (2): nn.Threshold
  (3): nn.SpatialMaxPooling(kW: 3, kH: 3, dW: 3, dH: 3)
  (4): nn.SpatialConvolutionMM(in: 96, out: 256, kW: 7, kH: 7)
  (5): nn.Threshold
  (6): nn.SpatialMaxPooling(kW: 2, kH: 2, dW: 2, dH: 2)
  (7): nn.SpatialZeroPadding(l=1,r=1,t=1,b=1)
  (8): nn.SpatialConvolutionMM(in: 256, out: 512, kW: 3, kH: 3)
  (9): nn.Threshold
  (10): nn.SpatialZeroPadding(l=1,r=1,t=1,b=1)
  (11): nn.SpatialConvolutionMM(in: 512, out: 512, kW: 3, kH: 3)
  (12): nn.Threshold
  (13): nn.SpatialZeroPadding(l=1,r=1,t=1,b=1)
  (14): nn.SpatialConvolutionMM(in: 512, out: 1024, kW: 3, kH: 3)
  (15): nn.Threshold
  (16): nn.SpatialZeroPadding(l=1,r=1,t=1,b=1)
  (17): nn.SpatialConvolutionMM(in: 1024, out: 1024, kW: 3, kH: 3)
  (18): nn.Threshold
  (19): nn.SpatialMaxPooling(kW: 3, kH: 3, dW: 3, dH: 3)
  (20): nn.SpatialConvolutionMM(in: 1024, out: 4096, kW: 5, kH: 5)
  (21): nn.Threshold
  (22): nn.Dropout(0.700000)
  (23): nn.SpatialConvolutionMM(in: 4096, out: 4096, kW: 1, kH: 1)
  (24): nn.Threshold
  (25): nn.Dropout(0.700000)
  (26): nn.SpatialConvolutionMM(in: 4096, out: 101, kW: 1, kH: 1)
  (27): nn.View
  (28): nn.LogSoftMax
}
[0mNumber of parameters 140973285[0m	
[0m# Criterion[0m	
nn.ClassNLLCriterion
[0m# ... building optimizer[0m	
[0m# ...reloading previously trained optimfunc.state[0m	
[0m# Optimizer[0m	
{
  name : [1;30m"[0m[0;32mSGD[0m[1;30m"[0m
  method : [0;35mfunction: 0x413b2950[0m
  config : 
    {
      learningRateDecay : [0;36m0[0m
      learningRate : [0;36m0.005[0m
      weightDecay : [0;36m1e-05[0m
      momentum : [0;36m0[0m
    }
  state : 
    {
      evalCounter : [0;36m0[0m
    }
}
[0m
#####################[0m	
[0m# Epoch n° 1[0m	
[0m
# ... train model[0m	
[0m.:. Batch 1 to 128 on 72328 images[0m	
[0m: 1% done[0m	[0m01:14:06 left[0m	
[0m.:. Batch 3201 to 3328 on 72328 images[0m	
[0m: 6% done[0m	[0m01:10:40 left[0m	
[0m.:. Batch 6785 to 6912 on 72328 images[0m	
[0m: 11% done[0m	[0m01:07:06 left[0m	
[0m.:. Batch 10497 to 10624 on 72328 images[0m	
[0m: 16% done[0m	[0m01:03:17 left[0m	
[0m.:. Batch 14081 to 14208 on 72328 images[0m	
[0m: 21% done[0m	[0m00:59:19 left[0m	
[0m.:. Batch 17665 to 17792 on 72328 images[0m	
[0m: 26% done[0m	[0m00:55:30 left[0m	
[0m.:. Batch 21249 to 21376 on 72328 images[0m	
[0m: 31% done[0m	[0m00:51:43 left[0m	
[0m.:. Batch 24961 to 25088 on 72328 images[0m	
[0m: 36% done[0m	[0m00:48:04 left[0m	
[0m.:. Batch 28545 to 28672 on 72328 images[0m	
[0m: 41% done[0m	[0m00:44:11 left[0m	
[0m.:. Batch 32129 to 32256 on 72328 images[0m	
[0m: 46% done[0m	[0m00:40:27 left[0m	
[0m.:. Batch 35841 to 35968 on 72328 images[0m	
[0m: 51% done[0m	[0m00:36:46 left[0m	
[0m.:. Batch 39425 to 39552 on 72328 images[0m	
[0m: 56% done[0m	[0m00:32:56 left[0m	
[0m.:. Batch 43009 to 43136 on 72328 images[0m	
[0m: 61% done[0m	[0m00:29:14 left[0m	
[0m.:. Batch 46721 to 46848 on 72328 images[0m	
[0m: 66% done[0m	[0m00:25:32 left[0m	
[0m.:. Batch 50305 to 50432 on 72328 images[0m	
[0m: 71% done[0m	[0m00:21:43 left[0m	
[0m.:. Batch 53889 to 54016 on 72328 images[0m	
[0m: 76% done[0m	[0m00:18:01 left[0m	
[0m.:. Batch 57473 to 57600 on 72328 images[0m	
[0m: 81% done[0m	[0m00:14:21 left[0m	
[0m.:. Batch 61185 to 61312 on 72328 images[0m	
[0m: 86% done[0m	[0m00:10:40 left[0m	
[0m.:. Batch 64769 to 64896 on 72328 images[0m	
[0m: 91% done[0m	[0m00:06:53 left[0m	
[0m.:. Batch 68353 to 68480 on 72328 images[0m	
[0m: 96% done[0m	[0m00:03:10 left[0m	
[0m.:. Batch 72065 to 72192 on 72328 images[0m	
[0m.:. End of Epoch n° 1[0m	
[0m: Real time to learn 1 batch = 00:00:07[0m	
[0m: Real time to learn full batch = 01:14:43[0m	
[0m# Confusion Matrix[0m	
[0m: average row correct: 39.394857011514%[0m	
[0m: average rowUcol correct (VOC measure): 24.708514778626%[0m	
[0m: > global correct: 39.432861409136%[0m	
[0m
# ... test model[0m	
[0m: 0% done [0m	[0m00:16:41 left[0m	
[0m: 5% done [0m	[0m00:06:48 left[0m	
[0m: 10% done [0m	[0m00:06:32 left[0m	
[0m: 15% done [0m	[0m00:06:11 left[0m	
[0m: 20% done [0m	[0m00:05:54 left[0m	
[0m: 25% done [0m	[0m00:05:38 left[0m	
[0m: 30% done [0m	[0m00:05:16 left[0m	
[0m: 35% done [0m	[0m00:04:53 left[0m	
[0m: 40% done [0m	[0m00:04:30 left[0m	
[0m: 45% done [0m	[0m00:04:08 left[0m	
[0m: 50% done [0m	[0m00:03:46 left[0m	
[0m: 55% done [0m	[0m00:03:23 left[0m	
[0m: 60% done [0m	[0m00:03:00 left[0m	
[0m: 65% done [0m	[0m00:02:38 left[0m	
[0m: 70% done [0m	[0m00:02:16 left[0m	
[0m: 75% done [0m	[0m00:01:53 left[0m	
[0m: 80% done [0m	[0m00:01:31 left[0m	
[0m: 85% done [0m	[0m00:01:09 left[0m	
[0m: 90% done [0m	[0m00:00:46 left[0m	
[0m: 95% done [0m	[0m00:00:24 left[0m	
[0m: 100% done [0m	[0m00:00:02 left[0m	
[0m: Time to test all samples = 00:07:28[0m	
[0m# Confusion Matrix[0m	
[0m: average row correct: 35.638758073109%[0m	
[0m: average rowUcol correct (VOC measure): 21.443411658546%[0m	
[0m: > global correct: 35.661177507297%[0m	
[0m# ... saving model to ./sk2-1/model.net[0m	
[0m: tac = 12.004961013794 sec[0m	
[0m# ... saving optimfunc.state to ./sk2-1/optim.state[0m	
[0m: tac = 12.066496133804 sec[0m	
[0m# ... saving optimfunc.method to ./sk2-1/optim.method[0m	
[0m: tac = 12.129700899124 sec[0m	
[0m
#####################[0m	
[0m# Epoch n° 2[0m	
[0m
# ... train model[0m	
[0m.:. Batch 1 to 128 on 72328 images[0m	
[0m: 1% done[0m	[0m01:19:07 left[0m	
[0m.:. Batch 3201 to 3328 on 72328 images[0m	
[0m: 6% done[0m	[0m01:10:42 left[0m	
[0m.:. Batch 6785 to 6912 on 72328 images[0m	
[0m: 11% done[0m	[0m01:07:08 left[0m	
[0m.:. Batch 10497 to 10624 on 72328 images[0m	
[0m: 16% done[0m	[0m01:03:41 left[0m	
[0m.:. Batch 14081 to 14208 on 72328 images[0m	
[0m: 21% done[0m	[0m01:00:51 left[0m	
[0m.:. Batch 17665 to 17792 on 72328 images[0m	
[0m: 26% done[0m	[0m00:56:37 left[0m	
[0m.:. Batch 21249 to 21376 on 72328 images[0m	
[0m: 31% done[0m	[0m00:52:46 left[0m	
[0m.:. Batch 24961 to 25088 on 72328 images[0m	
[0m: 36% done[0m	[0m00:48:48 left[0m	
[0m.:. Batch 28545 to 28672 on 72328 images[0m	
[0m: 41% done[0m	[0m00:44:50 left[0m	
[0m.:. Batch 32129 to 32256 on 72328 images[0m	
[0m: 46% done[0m	[0m00:41:00 left[0m	
[0m.:. Batch 35841 to 35968 on 72328 images[0m	
[0m: 51% done[0m	[0m00:37:10 left[0m	
[0m.:. Batch 39425 to 39552 on 72328 images[0m	
[0m: 56% done[0m	[0m00:33:15 left[0m	
[0m.:. Batch 43009 to 43136 on 72328 images[0m	
[0m: 61% done[0m	[0m00:29:28 left[0m	
[0m.:. Batch 46721 to 46848 on 72328 images[0m	
[0m: 66% done[0m	[0m00:25:44 left[0m	
[0m.:. Batch 50305 to 50432 on 72328 images[0m	
[0m: 71% done[0m	[0m00:21:53 left[0m	
[0m.:. Batch 53889 to 54016 on 72328 images[0m	
[0m: 76% done[0m	[0m00:18:09 left[0m	
[0m.:. Batch 57473 to 57600 on 72328 images[0m	
[0m: 81% done[0m	[0m00:14:26 left[0m	
[0m.:. Batch 61185 to 61312 on 72328 images[0m	
[0m: 86% done[0m	[0m00:10:43 left[0m	
[0m.:. Batch 64769 to 64896 on 72328 images[0m	
[0m: 91% done[0m	[0m00:06:54 left[0m	
[0m.:. Batch 68353 to 68480 on 72328 images[0m	
[0m: 96% done[0m	[0m00:03:11 left[0m	
[0m.:. Batch 72065 to 72192 on 72328 images[0m	
[0m.:. End of Epoch n° 2[0m	
[0m: Real time to learn 1 batch = 00:00:07[0m	
[0m: Real time to learn full batch = 01:14:52[0m	
[0m# Confusion Matrix[0m	
[0m: average row correct: 40.53987202668%[0m	
[0m: average rowUcol correct (VOC measure): 25.669354244624%[0m	
[0m: > global correct: 40.583176639752%[0m	
[0m
# ... test model[0m	
[0m: 0% done [0m	[0m00:16:54 left[0m	
[0m: 5% done [0m	[0m00:06:48 left[0m	
[0m: 10% done [0m	[0m00:06:31 left[0m	
[0m: 15% done [0m	[0m00:06:11 left[0m	
[0m: 20% done [0m	[0m00:05:51 left[0m	
[0m: 25% done [0m	[0m00:05:29 left[0m	
[0m: 30% done [0m	[0m00:05:09 left[0m	
[0m: 35% done [0m	[0m00:04:46 left[0m	
[0m: 40% done [0m	[0m00:04:25 left[0m	
[0m: 45% done [0m	[0m00:04:03 left[0m	
[0m: 50% done [0m	[0m00:03:41 left[0m	
[0m: 55% done [0m	[0m00:03:19 left[0m	
[0m: 60% done [0m	[0m00:02:57 left[0m	
[0m: 65% done [0m	[0m00:02:36 left[0m	
[0m: 70% done [0m	[0m00:02:14 left[0m	
[0m: 75% done [0m	[0m00:01:52 left[0m	
[0m: 80% done [0m	[0m00:01:30 left[0m	
[0m: 85% done [0m	[0m00:01:08 left[0m	
[0m: 90% done [0m	[0m00:00:46 left[0m	
[0m: 95% done [0m	[0m00:00:24 left[0m	
[0m: 100% done [0m	[0m00:00:02 left[0m	
[0m: Time to test all samples = 00:07:21[0m	
[0m# Confusion Matrix[0m	
[0m: average row correct: 32.78333783371%[0m	
[0m: average rowUcol correct (VOC measure): 19.319407721188%[0m	
[0m: > global correct: 32.863358484331%[0m	
[0m# ... saving model to ./sk2-1/model.net[0m	
[0m: tac = 12.10872220993 sec[0m	
[0m# ... saving optimfunc.state to ./sk2-1/optim.state[0m	
[0m: tac = 12.178713083267 sec[0m	
[0m# ... saving optimfunc.method to ./sk2-1/optim.method[0m	
[0m: tac = 12.235805988312 sec[0m	
[0m
#####################[0m	
[0m# Epoch n° 3[0m	
[0m
# ... train model[0m	
[0m.:. Batch 1 to 128 on 72328 images[0m	
[0m: 1% done[0m	[0m01:19:03 left[0m	
[0m.:. Batch 3201 to 3328 on 72328 images[0m	
[0m: 6% done[0m	[0m01:10:32 left[0m	
[0m.:. Batch 6785 to 6912 on 72328 images[0m	
[0m: 11% done[0m	[0m01:06:34 left[0m	
[0m.:. Batch 10497 to 10624 on 72328 images[0m	
[0m: 16% done[0m	[0m01:02:45 left[0m	
[0m.:. Batch 14081 to 14208 on 72328 images[0m	
[0m: 21% done[0m	[0m01:00:05 left[0m	
[0m.:. Batch 17665 to 17792 on 72328 images[0m	
[0m: 26% done[0m	[0m00:56:06 left[0m	
[0m.:. Batch 21249 to 21376 on 72328 images[0m	
[0m: 31% done[0m	[0m00:52:09 left[0m	
[0m.:. Batch 24961 to 25088 on 72328 images[0m	
[0m: 36% done[0m	[0m00:48:25 left[0m	
[0m.:. Batch 28545 to 28672 on 72328 images[0m	
[0m: 41% done[0m	[0m00:44:28 left[0m	
[0m.:. Batch 32129 to 32256 on 72328 images[0m	
[0m: 46% done[0m	[0m00:40:41 left[0m	
[0m.:. Batch 35841 to 35968 on 72328 images[0m	
[0m: 51% done[0m	[0m00:36:57 left[0m	
[0m.:. Batch 39425 to 39552 on 72328 images[0m	
[0m: 56% done[0m	[0m00:33:04 left[0m	
[0m.:. Batch 43009 to 43136 on 72328 images[0m	
[0m: 61% done[0m	[0m00:29:19 left[0m	
[0m.:. Batch 46721 to 46848 on 72328 images[0m	
[0m: 66% done[0m	[0m00:25:36 left[0m	
[0m.:. Batch 50305 to 50432 on 72328 images[0m	
[0m: 71% done[0m	[0m00:21:47 left[0m	
[0m.:. Batch 53889 to 54016 on 72328 images[0m	
[0m: 76% done[0m	[0m00:18:06 left[0m	
[0m.:. Batch 57473 to 57600 on 72328 images[0m	
[0m: 81% done[0m	[0m00:14:24 left[0m	
[0m.:. Batch 61185 to 61312 on 72328 images[0m	
[0m: 86% done[0m	[0m00:10:42 left[0m	
[0m.:. Batch 64769 to 64896 on 72328 images[0m	
[0m: 91% done[0m	[0m00:06:53 left[0m	
[0m.:. Batch 68353 to 68480 on 72328 images[0m	
[0m: 96% done[0m	[0m00:03:10 left[0m	
[0m.:. Batch 72065 to 72192 on 72328 images[0m	
[0m.:. End of Epoch n° 3[0m	
[0m: Real time to learn 1 batch = 00:00:07[0m	
[0m: Real time to learn full batch = 01:14:44[0m	
[0m# Confusion Matrix[0m	
[0m: average row correct: 41.507386475211%[0m	
[0m: average rowUcol correct (VOC measure): 26.448074189743%[0m	
[0m: > global correct: 41.54960734432%[0m	
[0m
# ... test model[0m	
[0m: 0% done [0m	[0m00:16:39 left[0m	
[0m: 5% done [0m	[0m00:06:41 left[0m	
[0m: 10% done [0m	[0m00:06:28 left[0m	
[0m: 15% done [0m	[0m00:06:09 left[0m	
[0m: 20% done [0m	[0m00:05:50 left[0m	
[0m: 25% done [0m	[0m00:05:30 left[0m	
[0m: 30% done [0m	[0m00:05:09 left[0m	
[0m: 35% done [0m	[0m00:04:47 left[0m	
[0m: 40% done [0m	[0m00:04:25 left[0m	
[0m: 45% done [0m	[0m00:04:03 left[0m	
[0m: 50% done [0m	[0m00:03:42 left[0m	
[0m: 55% done [0m	[0m00:03:20 left[0m	
[0m: 60% done [0m	[0m00:02:57 left[0m	
[0m: 65% done [0m	[0m00:02:36 left[0m	
[0m: 70% done [0m	[0m00:02:14 left[0m	
[0m: 75% done [0m	[0m00:01:52 left[0m	
[0m: 80% done [0m	[0m00:01:30 left[0m	
[0m: 85% done [0m	[0m00:01:08 left[0m	
[0m: 90% done [0m	[0m00:00:46 left[0m	
[0m: 95% done [0m	[0m00:00:24 left[0m	
[0m: 100% done [0m	[0m00:00:02 left[0m	
[0m: Time to test all samples = 00:07:20[0m	
[0m# Confusion Matrix[0m	
[0m: average row correct: 37.84464792081%[0m	
[0m: average rowUcol correct (VOC measure): 23.083628164512%[0m	
[0m: > global correct: 37.864184611995%[0m	
[0m# ... saving model to ./sk2-1/model.net[0m	
[0m: tac = 12.35342001915 sec[0m	
[0m# ... saving optimfunc.state to ./sk2-1/optim.state[0m	
[0m: tac = 12.415464878082 sec[0m	
[0m# ... saving optimfunc.method to ./sk2-1/optim.method[0m	
[0m: tac = 12.474029064178 sec[0m	
[0m
#####################[0m	
[0m# Epoch n° 4[0m	
[0m
# ... train model[0m	
[0m.:. Batch 1 to 128 on 72328 images[0m	
[0m: 1% done[0m	[0m01:17:46 left[0m	
[0m.:. Batch 3201 to 3328 on 72328 images[0m	
[0m: 6% done[0m	[0m01:10:34 left[0m	
[0m.:. Batch 6785 to 6912 on 72328 images[0m	
[0m: 11% done[0m	[0m01:06:26 left[0m	
[0m.:. Batch 10497 to 10624 on 72328 images[0m	
[0m: 16% done[0m	[0m01:02:41 left[0m	
[0m.:. Batch 14081 to 14208 on 72328 images[0m	
[0m: 21% done[0m	[0m01:00:31 left[0m	
[0m.:. Batch 17665 to 17792 on 72328 images[0m	
[0m: 26% done[0m	[0m00:56:24 left[0m	
[0m.:. Batch 21249 to 21376 on 72328 images[0m	
[0m: 31% done[0m	[0m00:52:23 left[0m	
[0m.:. Batch 24961 to 25088 on 72328 images[0m	
[0m: 36% done[0m	[0m00:48:29 left[0m	
[0m.:. Batch 28545 to 28672 on 72328 images[0m	
[0m: 41% done[0m	[0m00:44:30 left[0m	
[0m.:. Batch 32129 to 32256 on 72328 images[0m	
[0m: 46% done[0m	[0m00:40:43 left[0m	
[0m.:. Batch 35841 to 35968 on 72328 images[0m	
[0m: 51% done[0m	[0m00:36:58 left[0m	
[0m.:. Batch 39425 to 39552 on 72328 images[0m	
[0m: 56% done[0m	[0m00:33:04 left[0m	
[0m.:. Batch 43009 to 43136 on 72328 images[0m	
[0m: 61% done[0m	[0m00:29:19 left[0m	
[0m.:. Batch 46721 to 46848 on 72328 images[0m	
[0m: 66% done[0m	[0m00:25:36 left[0m	
[0m.:. Batch 50305 to 50432 on 72328 images[0m	
[0m: 71% done[0m	[0m00:21:47 left[0m	
[0m.:. Batch 53889 to 54016 on 72328 images[0m	
[0m: 76% done[0m	[0m00:18:05 left[0m	
[0m.:. Batch 57473 to 57600 on 72328 images[0m	
[0m: 81% done[0m	[0m00:14:23 left[0m	
[0m.:. Batch 61185 to 61312 on 72328 images[0m	
[0m: 86% done[0m	[0m00:10:41 left[0m	
[0m.:. Batch 64769 to 64896 on 72328 images[0m	
[0m: 91% done[0m	[0m00:06:53 left[0m	
[0m.:. Batch 68353 to 68480 on 72328 images[0m	
[0m: 96% done[0m	[0m00:03:11 left[0m	
[0m.:. Batch 72065 to 72192 on 72328 images[0m	
[0m.:. End of Epoch n° 4[0m	
[0m: Real time to learn 1 batch = 00:00:07[0m	
[0m: Real time to learn full batch = 01:14:43[0m	
[0m# Confusion Matrix[0m	
[0m: average row correct: 42.194316071449%[0m	
[0m: average rowUcol correct (VOC measure): 27.028028298132%[0m	
[0m: > global correct: 42.228459241234%[0m	
[0m
# ... test model[0m	
[0m: 0% done [0m	[0m00:16:47 left[0m	
[0m: 5% done [0m	[0m00:06:45 left[0m	
[0m: 10% done [0m	[0m00:06:34 left[0m	
[0m: 15% done [0m	[0m00:06:14 left[0m	
[0m: 20% done [0m	[0m00:05:52 left[0m	
[0m: 25% done [0m	[0m00:05:31 left[0m	
[0m: 30% done [0m	[0m00:05:10 left[0m	
[0m: 35% done [0m	[0m00:04:48 left[0m	
[0m: 40% done [0m	[0m00:04:26 left[0m	
[0m: 45% done [0m	[0m00:04:04 left[0m	
[0m: 50% done [0m	[0m00:03:42 left[0m	
[0m: 55% done [0m	[0m00:03:20 left[0m	
[0m: 60% done [0m	[0m00:02:58 left[0m	
[0m: 65% done [0m	[0m00:02:36 left[0m	
[0m: 70% done [0m	[0m00:02:14 left[0m	
[0m: 75% done [0m	[0m00:01:52 left[0m	
[0m: 80% done [0m	[0m00:01:30 left[0m	
[0m: 85% done [0m	[0m00:01:08 left[0m	
[0m: 90% done [0m	[0m00:00:46 left[0m	
[0m: 95% done [0m	[0m00:00:24 left[0m	
[0m: 100% done [0m	[0m00:00:02 left[0m	
[0m: Time to test all samples = 00:07:21[0m	
[0m# Confusion Matrix[0m	
[0m: average row correct: 35.655025636206%[0m	
[0m: average rowUcol correct (VOC measure): 21.518994886244%[0m	
[0m: > global correct: 35.710745167153%[0m	
[0m# ... saving model to ./sk2-1/model.net[0m	
[0m: tac = 12.09686088562 sec[0m	
[0m# ... saving optimfunc.state to ./sk2-1/optim.state[0m	
[0m: tac = 12.148865938187 sec[0m	
[0m# ... saving optimfunc.method to ./sk2-1/optim.method[0m	
[0m: tac = 12.20166683197 sec[0m	
[0m
#####################[0m	
[0m# Epoch n° 5[0m	
[0m
# ... train model[0m	
[0m.:. Batch 1 to 128 on 72328 images[0m	
[0m: 1% done[0m	[0m01:17:30 left[0m	
[0m.:. Batch 3201 to 3328 on 72328 images[0m	
[0m: 6% done[0m	[0m01:10:49 left[0m	
[0m.:. Batch 6785 to 6912 on 72328 images[0m	
[0m: 11% done[0m	[0m01:06:54 left[0m	
[0m.:. Batch 10497 to 10624 on 72328 images[0m	
[0m: 16% done[0m	[0m01:03:03 left[0m	
[0m.:. Batch 14081 to 14208 on 72328 images[0m	
[0m: 21% done[0m	[0m01:00:36 left[0m	
[0m.:. Batch 17665 to 17792 on 72328 images[0m	
[0m: 26% done[0m	[0m00:56:25 left[0m	
[0m.:. Batch 21249 to 21376 on 72328 images[0m	
[0m: 31% done[0m	[0m00:52:26 left[0m	
[0m.:. Batch 24961 to 25088 on 72328 images[0m	
[0m: 36% done[0m	[0m00:48:34 left[0m	
[0m.:. Batch 28545 to 28672 on 72328 images[0m	
[0m: 41% done[0m	[0m00:44:38 left[0m	
[0m.:. Batch 32129 to 32256 on 72328 images[0m	
[0m: 46% done[0m	[0m00:40:52 left[0m	
[0m.:. Batch 35841 to 35968 on 72328 images[0m	
[0m: 51% done[0m	[0m00:37:04 left[0m	
[0m.:. Batch 39425 to 39552 on 72328 images[0m	
[0m: 56% done[0m	[0m00:33:09 left[0m	
[0m.:. Batch 43009 to 43136 on 72328 images[0m	
[0m: 61% done[0m	[0m00:29:24 left[0m	
[0m.:. Batch 46721 to 46848 on 72328 images[0m	
[0m: 66% done[0m	[0m00:25:40 left[0m	
[0m.:. Batch 50305 to 50432 on 72328 images[0m	
[0m: 71% done[0m	[0m00:21:48 left[0m	
[0m.:. Batch 53889 to 54016 on 72328 images[0m	
[0m: 76% done[0m	[0m00:18:05 left[0m	
[0m.:. Batch 57473 to 57600 on 72328 images[0m	
[0m: 81% done[0m	[0m00:14:23 left[0m	
[0m.:. Batch 61185 to 61312 on 72328 images[0m	
[0m: 86% done[0m	[0m00:10:41 left[0m	
[0m.:. Batch 64769 to 64896 on 72328 images[0m	
[0m: 91% done[0m	[0m00:06:53 left[0m	
[0m.:. Batch 68353 to 68480 on 72328 images[0m	
[0m: 96% done[0m	[0m00:03:10 left[0m	
[0m.:. Batch 72065 to 72192 on 72328 images[0m	
[0m.:. End of Epoch n° 5[0m	
[0m: Real time to learn 1 batch = 00:00:07[0m	
[0m: Real time to learn full batch = 01:14:37[0m	
[0m# Confusion Matrix[0m	
[0m: average row correct: 43.019554188641%[0m	
[0m: average rowUcol correct (VOC measure): 27.724218280009%[0m	
[0m: > global correct: 43.069074217454%[0m	
[0m
# ... test model[0m	
[0m: 0% done [0m	[0m00:16:58 left[0m	
[0m: 5% done [0m	[0m00:06:41 left[0m	
[0m: 10% done [0m	[0m00:06:26 left[0m	
[0m: 15% done [0m	[0m00:06:07 left[0m	
[0m: 20% done [0m	[0m00:05:46 left[0m	
[0m: 25% done [0m	[0m00:05:27 left[0m	
[0m: 30% done [0m	[0m00:05:10 left[0m	
[0m: 35% done [0m	[0m00:04:48 left[0m	
[0m: 40% done [0m	[0m00:04:26 left[0m	
[0m: 45% done [0m	[0m00:04:05 left[0m	
[0m: 50% done [0m	[0m00:03:42 left[0m	
[0m: 55% done [0m	[0m00:03:20 left[0m	
[0m: 60% done [0m	[0m00:02:58 left[0m	
[0m: 65% done [0m	[0m00:02:36 left[0m	
[0m: 70% done [0m	[0m00:02:14 left[0m	
[0m: 75% done [0m	[0m00:01:52 left[0m	
[0m: 80% done [0m	[0m00:01:30 left[0m	
[0m: 85% done [0m	[0m00:01:08 left[0m	
[0m: 90% done [0m	[0m00:00:46 left[0m	
[0m: 95% done [0m	[0m00:00:24 left[0m	
[0m: 100% done [0m	[0m00:00:02 left[0m	
[0m: Time to test all samples = 00:07:21[0m	
[0m# Confusion Matrix[0m	
[0m: average row correct: 36.789694393404%[0m	
[0m: average rowUcol correct (VOC measure): 22.3200406621%[0m	
[0m: > global correct: 36.839786308311%[0m	
[0m# ... saving model to ./sk2-1/model.net[0m	
[0m: tac = 12.096369981766 sec[0m	
[0m# ... saving optimfunc.state to ./sk2-1/optim.state[0m	
[0m: tac = 12.150538921356 sec[0m	
[0m# ... saving optimfunc.method to ./sk2-1/optim.method[0m	
[0m: tac = 12.205100059509 sec[0m	
[0m
#####################[0m	
[0m# Epoch n° 6[0m	
[0m
# ... train model[0m	
[0m.:. Batch 1 to 128 on 72328 images[0m	
[0m: 1% done[0m	[0m01:17:49 left[0m	
[0m.:. Batch 3201 to 3328 on 72328 images[0m	
[0m: 6% done[0m	[0m01:10:27 left[0m	
[0m.:. Batch 6785 to 6912 on 72328 images[0m	
[0m: 11% done[0m	[0m01:06:23 left[0m	
[0m.:. Batch 10497 to 10624 on 72328 images[0m	
[0m: 16% done[0m	[0m01:02:45 left[0m	
[0m.:. Batch 14081 to 14208 on 72328 images[0m	
[0m: 21% done[0m	[0m01:00:39 left[0m	
[0m.:. Batch 17665 to 17792 on 72328 images[0m	
[0m: 26% done[0m	[0m00:56:41 left[0m	
[0m.:. Batch 21249 to 21376 on 72328 images[0m	
[0m: 31% done[0m	[0m00:52:35 left[0m	
[0m.:. Batch 24961 to 25088 on 72328 images[0m	
[0m: 36% done[0m	[0m00:48:38 left[0m	
[0m.:. Batch 28545 to 28672 on 72328 images[0m	
[0m: 41% done[0m	[0m00:44:42 left[0m	
[0m.:. Batch 32129 to 32256 on 72328 images[0m	
[0m: 46% done[0m	[0m00:40:51 left[0m	
[0m.:. Batch 35841 to 35968 on 72328 images[0m	
[0m: 51% done[0m	[0m00:37:04 left[0m	
[0m.:. Batch 39425 to 39552 on 72328 images[0m	
[0m: 56% done[0m	[0m00:33:11 left[0m	
[0m.:. Batch 43009 to 43136 on 72328 images[0m	
[0m: 61% done[0m	[0m00:29:25 left[0m	
[0m.:. Batch 46721 to 46848 on 72328 images[0m	
[0m: 66% done[0m	[0m00:25:41 left[0m	
[0m.:. Batch 50305 to 50432 on 72328 images[0m	
[0m: 71% done[0m	[0m00:21:49 left[0m	
[0m.:. Batch 53889 to 54016 on 72328 images[0m	
[0m: 76% done[0m	[0m00:18:06 left[0m	
[0m.:. Batch 57473 to 57600 on 72328 images[0m	
[0m: 81% done[0m	[0m00:14:23 left[0m	
[0m.:. Batch 61185 to 61312 on 72328 images[0m	
[0m: 86% done[0m	[0m00:10:41 left[0m	
[0m.:. Batch 64769 to 64896 on 72328 images[0m	
[0m: 91% done[0m	[0m00:06:53 left[0m	
[0m.:. Batch 68353 to 68480 on 72328 images[0m	
[0m: 96% done[0m	[0m00:03:10 left[0m	
[0m.:. Batch 72065 to 72192 on 72328 images[0m	
[0m.:. End of Epoch n° 6[0m	
[0m: Real time to learn 1 batch = 00:00:07[0m	
[0m: Real time to learn full batch = 01:14:37[0m	
[0m# Confusion Matrix[0m	
[0m: average row correct: 43.961815698312%[0m	
[0m: average rowUcol correct (VOC measure): 28.54134098138%[0m	
[0m: > global correct: 43.994027209379%[0m	
[0m
# ... test model[0m	
[0m: 0% done [0m	[0m00:16:55 left[0m	
[0m: 5% done [0m	[0m00:06:45 left[0m	
[0m: 10% done [0m	[0m00:06:30 left[0m	
[0m: 15% done [0m	[0m00:06:12 left[0m	
[0m: 20% done [0m	[0m00:05:51 left[0m	
[0m: 25% done [0m	[0m00:05:31 left[0m	
[0m: 30% done [0m	[0m00:05:10 left[0m	
[0m: 35% done [0m	[0m00:04:47 left[0m	
[0m: 40% done [0m	[0m00:04:26 left[0m	
[0m: 45% done [0m	[0m00:04:04 left[0m	
[0m: 50% done [0m	[0m00:03:41 left[0m	
[0m: 55% done [0m	[0m00:03:20 left[0m	
[0m: 60% done [0m	[0m00:02:58 left[0m	
[0m: 65% done [0m	[0m00:02:36 left[0m	
[0m: 70% done [0m	[0m00:02:14 left[0m	
[0m: 75% done [0m	[0m00:01:52 left[0m	
[0m: 80% done [0m	[0m00:01:30 left[0m	
[0m: 85% done [0m	[0m00:01:08 left[0m	
[0m: 90% done [0m	[0m00:00:46 left[0m	
[0m: 95% done [0m	[0m00:00:24 left[0m	
[0m: 100% done [0m	[0m00:00:02 left[0m	
[0m: Time to test all samples = 00:07:22[0m	
[0m# Confusion Matrix[0m	
[0m: average row correct: 34.517911757057%[0m	
[0m: average rowUcol correct (VOC measure): 20.913893227825%[0m	
[0m: > global correct: 34.455031117475%[0m	
[0m# ... saving model to ./sk2-1/model.net[0m	
[0m: tac = 12.115667819977 sec[0m	
[0m# ... saving optimfunc.state to ./sk2-1/optim.state[0m	
[0m: tac = 12.166143894196 sec[0m	
[0m# ... saving optimfunc.method to ./sk2-1/optim.method[0m	
[0m: tac = 12.220497846603 sec[0m	
[0m
#####################[0m	
[0m# Epoch n° 7[0m	
[0m
# ... train model[0m	
[0m.:. Batch 1 to 128 on 72328 images[0m	
[0m: 1% done[0m	[0m01:18:31 left[0m	
[0m.:. Batch 3201 to 3328 on 72328 images[0m	
[0m: 6% done[0m	[0m01:09:57 left[0m	
[0m.:. Batch 6785 to 6912 on 72328 images[0m	
[0m: 11% done[0m	[0m01:06:11 left[0m	
[0m.:. Batch 10497 to 10624 on 72328 images[0m	
[0m: 16% done[0m	[0m01:02:45 left[0m	
[0m.:. Batch 14081 to 14208 on 72328 images[0m	
[0m: 21% done[0m	[0m00:59:39 left[0m	
[0m.:. Batch 17665 to 17792 on 72328 images[0m	
[0m: 26% done[0m	[0m00:56:23 left[0m	
[0m.:. Batch 21249 to 21376 on 72328 images[0m	
[0m: 31% done[0m	[0m00:52:23 left[0m	
[0m.:. Batch 24961 to 25088 on 72328 images[0m	
[0m: 36% done[0m	[0m00:48:32 left[0m	
[0m.:. Batch 28545 to 28672 on 72328 images[0m	
[0m: 41% done[0m	[0m00:44:34 left[0m	
[0m.:. Batch 32129 to 32256 on 72328 images[0m	
[0m: 46% done[0m	[0m00:40:49 left[0m	
[0m.:. Batch 35841 to 35968 on 72328 images[0m	
[0m: 51% done[0m	[0m00:37:03 left[0m	
[0m.:. Batch 39425 to 39552 on 72328 images[0m	
[0m: 56% done[0m	[0m00:33:09 left[0m	
[0m.:. Batch 43009 to 43136 on 72328 images[0m	
[0m: 61% done[0m	[0m00:29:23 left[0m	
[0m.:. Batch 46721 to 46848 on 72328 images[0m	
[0m: 66% done[0m	[0m00:25:39 left[0m	
[0m.:. Batch 50305 to 50432 on 72328 images[0m	
[0m: 71% done[0m	[0m00:21:48 left[0m	
[0m.:. Batch 53889 to 54016 on 72328 images[0m	
[0m: 76% done[0m	[0m00:18:05 left[0m	
[0m.:. Batch 57473 to 57600 on 72328 images[0m	
[0m: 81% done[0m	[0m00:14:24 left[0m	
[0m.:. Batch 61185 to 61312 on 72328 images[0m	
[0m: 86% done[0m	[0m00:10:42 left[0m	
[0m.:. Batch 64769 to 64896 on 72328 images[0m	
[0m: 91% done[0m	[0m00:06:53 left[0m	
[0m.:. Batch 68353 to 68480 on 72328 images[0m	
[0m: 96% done[0m	[0m00:03:11 left[0m	
[0m.:. Batch 72065 to 72192 on 72328 images[0m	
[0m.:. End of Epoch n° 7[0m	
[0m: Real time to learn 1 batch = 00:00:07[0m	
[0m: Real time to learn full batch = 01:14:54[0m	
[0m# Confusion Matrix[0m	
[0m: average row correct: 44.918789316227%[0m	
[0m: average rowUcol correct (VOC measure): 29.362634901363%[0m	
[0m: > global correct: 44.952162371419%[0m	
[0m
# ... test model[0m	
[0m: 0% done [0m	[0m00:16:50 left[0m	
[0m: 5% done [0m	[0m00:06:42 left[0m	
[0m: 10% done [0m	[0m00:06:30 left[0m	
[0m: 15% done [0m	[0m00:06:12 left[0m	
[0m: 20% done [0m	[0m00:05:51 left[0m	
[0m: 25% done [0m	[0m00:05:31 left[0m	
[0m: 30% done [0m	[0m00:05:10 left[0m	
[0m: 35% done [0m	[0m00:04:48 left[0m	
[0m: 40% done [0m	[0m00:04:25 left[0m	
[0m: 45% done [0m	[0m00:04:04 left[0m	
[0m: 50% done [0m	[0m00:03:43 left[0m	
[0m: 55% done [0m	[0m00:03:21 left[0m	
[0m: 60% done [0m	[0m00:02:59 left[0m	
[0m: 65% done [0m	[0m00:02:36 left[0m	
[0m: 70% done [0m	[0m00:02:14 left[0m	
[0m: 75% done [0m	[0m00:01:52 left[0m	
[0m: 80% done [0m	[0m00:01:30 left[0m	
[0m: 85% done [0m	[0m00:01:08 left[0m	
[0m: 90% done [0m	[0m00:00:46 left[0m	
[0m: 95% done [0m	[0m00:00:24 left[0m	
[0m: 100% done [0m	[0m00:00:02 left[0m	
[0m: Time to test all samples = 00:07:21[0m	
[0m# Confusion Matrix[0m	
[0m: average row correct: 34.811509813708%[0m	
[0m: average rowUcol correct (VOC measure): 21.127412737449%[0m	
[0m: > global correct: 34.829542325274%[0m	
[0m# ... saving model to ./sk2-1/model.net[0m	
[0m: tac = 12.110720157623 sec[0m	
[0m# ... saving optimfunc.state to ./sk2-1/optim.state[0m	
[0m: tac = 12.159356117249 sec[0m	
[0m# ... saving optimfunc.method to ./sk2-1/optim.method[0m	
[0m: tac = 12.204977989197 sec[0m	
[0m
#####################[0m	
[0m# Epoch n° 8[0m	
[0m
# ... train model[0m	
[0m.:. Batch 1 to 128 on 72328 images[0m	
[0m: 1% done[0m	[0m01:17:31 left[0m	
[0m.:. Batch 3201 to 3328 on 72328 images[0m	
[0m: 6% done[0m	[0m01:10:50 left[0m	
[0m.:. Batch 6785 to 6912 on 72328 images[0m	
[0m: 11% done[0m	[0m01:06:55 left[0m	
[0m.:. Batch 10497 to 10624 on 72328 images[0m	
[0m: 16% done[0m	[0m01:07:11 left[0m	
[0m.:. Batch 14081 to 14208 on 72328 images[0m	
[0m: 21% done[0m	[0m01:02:32 left[0m	
[0m.:. Batch 17665 to 17792 on 72328 images[0m	
[0m: 26% done[0m	[0m00:58:56 left[0m	
[0m.:. Batch 21249 to 21376 on 72328 images[0m	
[0m: 31% done[0m	[0m00:54:27 left[0m	
[0m.:. Batch 24961 to 25088 on 72328 images[0m	
[0m: 36% done[0m	[0m00:50:15 left[0m	
[0m.:. Batch 28545 to 28672 on 72328 images[0m	
[0m: 41% done[0m	[0m00:45:58 left[0m	
[0m.:. Batch 32129 to 32256 on 72328 images[0m	
[0m: 46% done[0m	[0m00:42:00 left[0m	
[0m.:. Batch 35841 to 35968 on 72328 images[0m	
[0m: 51% done[0m	[0m00:38:02 left[0m	
[0m.:. Batch 39425 to 39552 on 72328 images[0m	
[0m: 56% done[0m	[0m00:33:59 left[0m	
[0m.:. Batch 43009 to 43136 on 72328 images[0m	
[0m: 61% done[0m	[0m00:30:18 left[0m	
[0m.:. Batch 46721 to 46848 on 72328 images[0m	
[0m: 66% done[0m	[0m00:26:24 left[0m	
[0m.:. Batch 50305 to 50432 on 72328 images[0m	
[0m: 71% done[0m	[0m00:22:23 left[0m	
[0m.:. Batch 53889 to 54016 on 72328 images[0m	
[0m: 76% done[0m	[0m00:18:33 left[0m	
[0m.:. Batch 57473 to 57600 on 72328 images[0m	
[0m: 81% done[0m	[0m00:14:44 left[0m	
[0m.:. Batch 61185 to 61312 on 72328 images[0m	
[0m: 86% done[0m	[0m00:10:56 left[0m	
[0m.:. Batch 64769 to 64896 on 72328 images[0m	
[0m: 91% done[0m	[0m00:07:02 left[0m	
[0m.:. Batch 68353 to 68480 on 72328 images[0m	
[0m: 96% done[0m	[0m00:03:14 left[0m	
[0m.:. Batch 72065 to 72192 on 72328 images[0m	
[0m.:. End of Epoch n° 8[0m	
[0m: Real time to learn 1 batch = 00:00:08[0m	
[0m: Real time to learn full batch = 01:16:12[0m	
[0m# Confusion Matrix[0m	
[0m: average row correct: 45.66218104988%[0m	
[0m: average rowUcol correct (VOC measure): 29.971120285221%[0m	
[0m: > global correct: 45.698761198982%[0m	
[0m
# ... test model[0m	
[0m: 0% done [0m	[0m00:16:50 left[0m	
[0m: 5% done [0m	[0m00:06:45 left[0m	
[0m: 10% done [0m	[0m00:06:30 left[0m	
[0m: 15% done [0m	[0m00:06:12 left[0m	
[0m: 20% done [0m	[0m00:05:50 left[0m	
[0m: 25% done [0m	[0m00:05:30 left[0m	
[0m: 30% done [0m	[0m00:05:09 left[0m	
[0m: 35% done [0m	[0m00:04:47 left[0m	
[0m: 40% done [0m	[0m00:04:25 left[0m	
[0m: 45% done [0m	[0m00:04:03 left[0m	
[0m: 50% done [0m	[0m00:03:41 left[0m	
[0m: 55% done [0m	[0m00:03:19 left[0m	
[0m: 60% done [0m	[0m00:02:57 left[0m	
[0m: 65% done [0m	[0m00:02:35 left[0m	
[0m: 70% done [0m	[0m00:02:14 left[0m	
[0m: 75% done [0m	[0m00:01:52 left[0m	
[0m: 80% done [0m	[0m00:01:30 left[0m	
[0m: 85% done [0m	[0m00:01:08 left[0m	
[0m: 90% done [0m	[0m00:00:46 left[0m	
[0m: 95% done [0m	[0m00:00:24 left[0m	
[0m: 100% done [0m	[0m00:00:02 left[0m	
[0m: Time to test all samples = 00:07:21[0m	
[0m# Confusion Matrix[0m	
[0m: average row correct: 30.956832594284%[0m	
[0m: average rowUcol correct (VOC measure): 18.589683762281%[0m	
[0m: > global correct: 30.924712232197%[0m	
[0m# ... saving model to ./sk2-1/model.net[0m	
[0m: tac = 12.380825996399 sec[0m	
[0m# ... saving optimfunc.state to ./sk2-1/optim.state[0m	
[0m: tac = 12.451330900192 sec[0m	
[0m# ... saving optimfunc.method to ./sk2-1/optim.method[0m	
[0m: tac = 12.496118068695 sec[0m	
[0m
#####################[0m	
[0m# Epoch n° 9[0m	
[0m
# ... train model[0m	
[0m.:. Batch 1 to 128 on 72328 images[0m	
[0m: 1% done[0m	[0m01:16:55 left[0m	
[0m.:. Batch 3201 to 3328 on 72328 images[0m	
[0m: 6% done[0m	[0m01:10:19 left[0m	
[0m.:. Batch 6785 to 6912 on 72328 images[0m	
[0m: 11% done[0m	[0m01:06:22 left[0m	
[0m.:. Batch 10497 to 10624 on 72328 images[0m	
[0m: 16% done[0m	[0m01:02:47 left[0m	
[0m.:. Batch 14081 to 14208 on 72328 images[0m	
[0m: 21% done[0m	[0m00:59:35 left[0m	
[0m.:. Batch 17665 to 17792 on 72328 images[0m	
[0m: 26% done[0m	[0m00:56:23 left[0m	
[0m.:. Batch 21249 to 21376 on 72328 images[0m	
[0m: 31% done[0m	[0m00:52:23 left[0m	
[0m.:. Batch 24961 to 25088 on 72328 images[0m	
[0m: 36% done[0m	[0m00:48:29 left[0m	
[0m.:. Batch 28545 to 28672 on 72328 images[0m	
[0m: 41% done[0m	[0m00:44:40 left[0m	
[0m.:. Batch 32129 to 32256 on 72328 images[0m	
[0m: 46% done[0m	[0m00:40:51 left[0m	
[0m.:. Batch 35841 to 35968 on 72328 images[0m	
[0m: 51% done[0m	[0m00:37:02 left[0m	
[0m.:. Batch 39425 to 39552 on 72328 images[0m	
[0m: 56% done[0m	[0m00:33:10 left[0m	
[0m.:. Batch 43009 to 43136 on 72328 images[0m	
[0m: 61% done[0m	[0m00:29:25 left[0m	
[0m.:. Batch 46721 to 46848 on 72328 images[0m	
[0m: 66% done[0m	[0m00:25:42 left[0m	
[0m.:. Batch 50305 to 50432 on 72328 images[0m	
[0m: 71% done[0m	[0m00:21:51 left[0m	
[0m.:. Batch 53889 to 54016 on 72328 images[0m	
[0m: 76% done[0m	[0m00:18:07 left[0m	
[0m.:. Batch 57473 to 57600 on 72328 images[0m	
[0m: 81% done[0m	[0m00:14:29 left[0m	
[0m.:. Batch 61185 to 61312 on 72328 images[0m	
[0m: 86% done[0m	[0m00:10:46 left[0m	
[0m.:. Batch 64769 to 64896 on 72328 images[0m	
[0m: 91% done[0m	[0m00:06:56 left[0m	
[0m.:. Batch 68353 to 68480 on 72328 images[0m	
[0m: 96% done[0m	[0m00:03:12 left[0m	
[0m.:. Batch 72065 to 72192 on 72328 images[0m	
[0m.:. End of Epoch n° 9[0m	
[0m: Real time to learn 1 batch = 00:00:07[0m	
[0m: Real time to learn full batch = 01:15:07[0m	
[0m# Confusion Matrix[0m	
[0m: average row correct: 46.648705433501%[0m	
[0m: average rowUcol correct (VOC measure): 30.823665163895%[0m	
[0m: > global correct: 46.68454816945%[0m	
[0m
# ... test model[0m	
[0m: 0% done [0m	[0m00:15:47 left[0m	
[0m: 5% done [0m	[0m00:06:50 left[0m	
[0m: 10% done [0m	[0m00:06:33 left[0m	
[0m: 15% done [0m	[0m00:06:12 left[0m	
[0m: 20% done [0m	[0m00:05:51 left[0m	
[0m: 25% done [0m	[0m00:05:31 left[0m	
[0m: 30% done [0m	[0m00:05:10 left[0m	
[0m: 35% done [0m	[0m00:04:48 left[0m	
[0m: 40% done [0m	[0m00:04:26 left[0m	
[0m: 45% done [0m	[0m00:04:04 left[0m	
[0m: 50% done [0m	[0m00:03:42 left[0m	
[0m: 55% done [0m	[0m00:03:20 left[0m	
[0m: 60% done [0m	[0m00:02:58 left[0m	
[0m: 65% done [0m	[0m00:02:36 left[0m	
[0m: 70% done [0m	[0m00:02:14 left[0m	
[0m: 75% done [0m	[0m00:01:52 left[0m	
[0m: 80% done [0m	[0m00:01:30 left[0m	
[0m: 85% done [0m	[0m00:01:08 left[0m	
[0m: 90% done [0m	[0m00:00:46 left[0m	
[0m: 95% done [0m	[0m00:00:24 left[0m	
[0m: 100% done [0m	[0m00:00:02 left[0m	
[0m: Time to test all samples = 00:07:21[0m	
[0m# Confusion Matrix[0m	
[0m: average row correct: 35.510263226853%[0m	
[0m: average rowUcol correct (VOC measure): 21.803795142413%[0m	
[0m: > global correct: 35.540012116539%[0m	
[0m# ... saving model to ./sk2-1/model.net[0m	
[0m: tac = 12.56976890564 sec[0m	
[0m# ... saving optimfunc.state to ./sk2-1/optim.state[0m	
[0m: tac = 12.616243124008 sec[0m	
[0m# ... saving optimfunc.method to ./sk2-1/optim.method[0m	
[0m: tac = 12.663406133652 sec[0m	
[0m
#####################[0m	
[0m# Epoch n° 10[0m	
[0m
# ... train model[0m	
[0m.:. Batch 1 to 128 on 72328 images[0m	
[0m: 1% done[0m	[0m01:18:58 left[0m	
[0m.:. Batch 3201 to 3328 on 72328 images[0m	
[0m: 6% done[0m	[0m01:10:24 left[0m	
[0m.:. Batch 6785 to 6912 on 72328 images[0m	
[0m: 11% done[0m	[0m01:06:17 left[0m	
[0m.:. Batch 10497 to 10624 on 72328 images[0m	
[0m: 16% done[0m	[0m01:02:40 left[0m	
[0m.:. Batch 14081 to 14208 on 72328 images[0m	
[0m: 21% done[0m	[0m00:59:28 left[0m	
[0m.:. Batch 17665 to 17792 on 72328 images[0m	
[0m: 26% done[0m	[0m00:56:26 left[0m	
[0m.:. Batch 21249 to 21376 on 72328 images[0m	
[0m: 31% done[0m	[0m00:52:25 left[0m	
[0m.:. Batch 24961 to 25088 on 72328 images[0m	
[0m: 36% done[0m	[0m00:48:30 left[0m	
[0m.:. Batch 28545 to 28672 on 72328 images[0m	
[0m: 41% done[0m	[0m00:44:32 left[0m	
[0m.:. Batch 32129 to 32256 on 72328 images[0m	
[0m: 46% done[0m	[0m00:40:47 left[0m	
[0m.:. Batch 35841 to 35968 on 72328 images[0m	
[0m: 51% done[0m	[0m00:37:02 left[0m	
[0m.:. Batch 39425 to 39552 on 72328 images[0m	
[0m: 56% done[0m	[0m00:33:09 left[0m	
[0m.:. Batch 43009 to 43136 on 72328 images[0m	
[0m: 61% done[0m	[0m00:29:25 left[0m	
[0m.:. Batch 46721 to 46848 on 72328 images[0m	
[0m: 66% done[0m	[0m00:25:42 left[0m	
[0m.:. Batch 50305 to 50432 on 72328 images[0m	
[0m: 71% done[0m	[0m00:21:52 left[0m	
[0m.:. Batch 53889 to 54016 on 72328 images[0m	
[0m: 76% done[0m	[0m00:18:09 left[0m	
[0m.:. Batch 57473 to 57600 on 72328 images[0m	
[0m: 81% done[0m	[0m00:14:26 left[0m	
[0m.:. Batch 61185 to 61312 on 72328 images[0m	
[0m: 86% done[0m	[0m00:10:43 left[0m	
[0m.:. Batch 64769 to 64896 on 72328 images[0m	
[0m: 91% done[0m	[0m00:06:54 left[0m	
[0m.:. Batch 68353 to 68480 on 72328 images[0m	
[0m: 96% done[0m	[0m00:03:11 left[0m	
[0m.:. Batch 72065 to 72192 on 72328 images[0m	
[0m.:. End of Epoch n° 10[0m	
[0m: Real time to learn 1 batch = 00:00:07[0m	
[0m: Real time to learn full batch = 01:14:53[0m	
[0m# Confusion Matrix[0m	
[0m: average row correct: 47.483006282018%[0m	
[0m: average rowUcol correct (VOC measure): 31.544266537865%[0m	
[0m: > global correct: 47.521015374405%[0m	
[0m
# ... test model[0m	
[0m: 0% done [0m	[0m00:16:58 left[0m	
[0m: 5% done [0m	[0m00:06:51 left[0m	
[0m: 10% done [0m	[0m00:06:32 left[0m	
[0m: 15% done [0m	[0m00:06:11 left[0m	
[0m: 20% done [0m	[0m00:05:51 left[0m	
[0m: 25% done [0m	[0m00:05:29 left[0m	
[0m: 30% done [0m	[0m00:05:08 left[0m	
[0m: 35% done [0m	[0m00:04:47 left[0m	
[0m: 40% done [0m	[0m00:04:25 left[0m	
[0m: 45% done [0m	[0m00:04:04 left[0m	
[0m: 50% done [0m	[0m00:03:42 left[0m	
[0m: 55% done [0m	[0m00:03:20 left[0m	
[0m: 60% done [0m	[0m00:02:59 left[0m	
[0m: 65% done [0m	[0m00:02:38 left[0m	
[0m: 70% done [0m	[0m00:02:16 left[0m	
[0m: 75% done [0m	[0m00:01:54 left[0m	
[0m: 80% done [0m	[0m00:01:31 left[0m	
[0m: 85% done [0m	[0m00:01:09 left[0m	
[0m: 90% done [0m	[0m00:00:46 left[0m	
[0m: 95% done [0m	[0m00:00:24 left[0m	
[0m: 100% done [0m	[0m00:00:02 left[0m	
[0m: Time to test all samples = 00:07:26[0m	
[0m# Confusion Matrix[0m	
[0m: average row correct: 29.12811286895%[0m	
[0m: average rowUcol correct (VOC measure): 17.936125080479%[0m	
[0m: > global correct: 29.26144186815%[0m	
[0m# ... saving model to ./sk2-1/model.net[0m	
[0m: tac = 12.096285104752 sec[0m	
[0m# ... saving optimfunc.state to ./sk2-1/optim.state[0m	
[0m: tac = 12.143744945526 sec[0m	
[0m# ... saving optimfunc.method to ./sk2-1/optim.method[0m	
[0m: tac = 12.188538074493 sec[0m	
[0m
#####################[0m	
[0m# Epoch n° 11[0m	
[0m
# ... train model[0m	
[0m.:. Batch 1 to 128 on 72328 images[0m	
[0m: 1% done[0m	[0m01:17:36 left[0m	
[0m.:. Batch 3201 to 3328 on 72328 images[0m	
[0m: 6% done[0m	[0m01:11:12 left[0m	
[0m.:. Batch 6785 to 6912 on 72328 images[0m	
[0m: 11% done[0m	[0m01:06:52 left[0m	
[0m.:. Batch 10497 to 10624 on 72328 images[0m	
[0m: 16% done[0m	[0m01:02:57 left[0m	
[0m.:. Batch 14081 to 14208 on 72328 images[0m	
[0m: 21% done[0m	[0m00:59:45 left[0m	
[0m.:. Batch 17665 to 17792 on 72328 images[0m	
[0m: 26% done[0m	[0m00:56:43 left[0m	
[0m.:. Batch 21249 to 21376 on 72328 images[0m	
[0m: 31% done[0m	[0m00:52:45 left[0m	
[0m.:. Batch 24961 to 25088 on 72328 images[0m	
[0m: 36% done[0m	[0m00:48:45 left[0m	
[0m.:. Batch 28545 to 28672 on 72328 images[0m	
[0m: 41% done[0m	[0m00:44:44 left[0m	
[0m.:. Batch 32129 to 32256 on 72328 images[0m	
[0m: 46% done[0m	[0m00:40:52 left[0m	
[0m.:. Batch 35841 to 35968 on 72328 images[0m	
[0m: 51% done[0m	[0m00:37:05 left[0m	
[0m.:. Batch 39425 to 39552 on 72328 images[0m	
[0m: 56% done[0m	[0m00:33:09 left[0m	
[0m.:. Batch 43009 to 43136 on 72328 images[0m	
[0m: 61% done[0m	[0m00:29:24 left[0m	
[0m.:. Batch 46721 to 46848 on 72328 images[0m	
[0m: 66% done[0m	[0m00:25:40 left[0m	
[0m.:. Batch 50305 to 50432 on 72328 images[0m	
[0m: 71% done[0m	[0m00:21:49 left[0m	
[0m.:. Batch 53889 to 54016 on 72328 images[0m	
[0m: 76% done[0m	[0m00:18:06 left[0m	
[0m.:. Batch 57473 to 57600 on 72328 images[0m	
[0m: 81% done[0m	[0m00:14:24 left[0m	
[0m.:. Batch 61185 to 61312 on 72328 images[0m	
[0m: 86% done[0m	[0m00:10:41 left[0m	
[0m.:. Batch 64769 to 64896 on 72328 images[0m	
[0m: 91% done[0m	[0m00:06:52 left[0m	
[0m.:. Batch 68353 to 68480 on 72328 images[0m	
[0m: 96% done[0m	[0m00:03:10 left[0m	
[0m.:. Batch 72065 to 72192 on 72328 images[0m	
[0m.:. End of Epoch n° 11[0m	
[0m: Real time to learn 1 batch = 00:00:07[0m	
[0m: Real time to learn full batch = 01:14:38[0m	
[0m# Confusion Matrix[0m	
[0m: average row correct: 48.145430446556%[0m	
[0m: average rowUcol correct (VOC measure): 32.188139236209%[0m	
[0m: > global correct: 48.179128414998%[0m	
[0m
# ... test model[0m	
[0m: 0% done [0m	[0m00:16:52 left[0m	
[0m: 5% done [0m	[0m00:06:47 left[0m	
[0m: 10% done [0m	[0m00:06:29 left[0m	
[0m: 15% done [0m	[0m00:06:10 left[0m	
[0m: 20% done [0m	[0m00:05:51 left[0m	
[0m: 25% done [0m	[0m00:05:29 left[0m	
[0m: 30% done [0m	[0m00:05:08 left[0m	
[0m: 35% done [0m	[0m00:04:46 left[0m	
[0m: 40% done [0m	[0m00:04:24 left[0m	
[0m: 45% done [0m	[0m00:04:03 left[0m	
[0m: 50% done [0m	[0m00:03:41 left[0m	
[0m: 55% done [0m	[0m00:03:19 left[0m	
[0m: 60% done [0m	[0m00:02:57 left[0m	
[0m: 65% done [0m	[0m00:02:35 left[0m	
[0m: 70% done [0m	[0m00:02:13 left[0m	
[0m: 75% done [0m	[0m00:01:52 left[0m	
[0m: 80% done [0m	[0m00:01:30 left[0m	
[0m: 85% done [0m	[0m00:01:08 left[0m	
[0m: 90% done [0m	[0m00:00:46 left[0m	
[0m: 95% done [0m	[0m00:00:24 left[0m	
[0m: 100% done [0m	[0m00:00:02 left[0m	
[0m: Time to test all samples = 00:07:20[0m	
[0m# Confusion Matrix[0m	
[0m: average row correct: 35.463389285868%[0m	
[0m: average rowUcol correct (VOC measure): 21.662407324161%[0m	
[0m: > global correct: 35.501459492207%[0m	
[0m# ... saving model to ./sk2-1/model.net[0m	
[0m: tac = 12.119416952133 sec[0m	
[0m# ... saving optimfunc.state to ./sk2-1/optim.state[0m	
[0m: tac = 12.160535812378 sec[0m	
[0m# ... saving optimfunc.method to ./sk2-1/optim.method[0m	
[0m: tac = 12.208224773407 sec[0m	
[0m
#####################[0m	
[0m# Epoch n° 12[0m	
[0m
# ... train model[0m	
[0m.:. Batch 1 to 128 on 72328 images[0m	
[0m: 1% done[0m	[0m01:17:56 left[0m	
[0m.:. Batch 3201 to 3328 on 72328 images[0m	
[0m: 6% done[0m	[0m01:11:16 left[0m	
[0m.:. Batch 6785 to 6912 on 72328 images[0m	
[0m: 11% done[0m	[0m01:07:04 left[0m	
[0m.:. Batch 10497 to 10624 on 72328 images[0m	
[0m: 16% done[0m	[0m01:03:04 left[0m	
[0m.:. Batch 14081 to 14208 on 72328 images[0m	
[0m: 21% done[0m	[0m00:59:45 left[0m	
[0m.:. Batch 17665 to 17792 on 72328 images[0m	
[0m: 26% done[0m	[0m00:56:16 left[0m	
[0m.:. Batch 21249 to 21376 on 72328 images[0m	
[0m: 31% done[0m	[0m00:52:17 left[0m	
[0m.:. Batch 24961 to 25088 on 72328 images[0m	
[0m: 36% done[0m	[0m00:48:28 left[0m	
[0m.:. Batch 28545 to 28672 on 72328 images[0m	
[0m: 41% done[0m	[0m00:44:32 left[0m	
[0m.:. Batch 32129 to 32256 on 72328 images[0m	
[0m: 46% done[0m	[0m00:40:48 left[0m	
[0m.:. Batch 35841 to 35968 on 72328 images[0m	
[0m: 51% done[0m	[0m00:37:02 left[0m	
[0m.:. Batch 39425 to 39552 on 72328 images[0m	
[0m: 56% done[0m	[0m00:33:09 left[0m	
[0m.:. Batch 43009 to 43136 on 72328 images[0m	
[0m: 61% done[0m	[0m00:29:24 left[0m	
[0m.:. Batch 46721 to 46848 on 72328 images[0m	
[0m: 66% done[0m	[0m00:25:40 left[0m	
[0m.:. Batch 50305 to 50432 on 72328 images[0m	
[0m: 71% done[0m	[0m00:21:49 left[0m	
[0m.:. Batch 53889 to 54016 on 72328 images[0m	
[0m: 76% done[0m	[0m00:18:06 left[0m	
[0m.:. Batch 57473 to 57600 on 72328 images[0m	
[0m: 81% done[0m	[0m00:14:24 left[0m	
[0m.:. Batch 61185 to 61312 on 72328 images[0m	
[0m: 86% done[0m	[0m00:10:42 left[0m	
[0m.:. Batch 64769 to 64896 on 72328 images[0m	
[0m: 91% done[0m	[0m00:06:54 left[0m	
[0m.:. Batch 68353 to 68480 on 72328 images[0m	
[0m: 96% done[0m	[0m00:03:11 left[0m	
[0m.:. Batch 72065 to 72192 on 72328 images[0m	
[0m.:. End of Epoch n° 12[0m	
[0m: Real time to learn 1 batch = 00:00:07[0m	
[0m: Real time to learn full batch = 01:14:49[0m	
[0m# Confusion Matrix[0m	
[0m: average row correct: 49.370882047875%[0m	
[0m: average rowUcol correct (VOC measure): 33.241493940944%[0m	
[0m: > global correct: 49.404103528371%[0m	
[0m
# ... test model[0m	
[0m: 0% done [0m	[0m00:15:52 left[0m	
[0m: 5% done [0m	[0m00:06:43 left[0m	
[0m: 10% done [0m	[0m00:06:27 left[0m	
[0m: 15% done [0m	[0m00:06:12 left[0m	
[0m: 20% done [0m	[0m00:05:59 left[0m	
[0m: 25% done [0m	[0m00:05:35 left[0m	
[0m: 30% done [0m	[0m00:05:13 left[0m	
[0m: 35% done [0m	[0m00:04:50 left[0m	
[0m: 40% done [0m	[0m00:04:27 left[0m	
[0m: 45% done [0m	[0m00:04:06 left[0m	
[0m: 50% done [0m	[0m00:03:43 left[0m	
[0m: 55% done [0m	[0m00:03:21 left[0m	
[0m: 60% done [0m	[0m00:02:59 left[0m	
[0m: 65% done [0m	[0m00:02:37 left[0m	
[0m: 70% done [0m	[0m00:02:14 left[0m	
[0m: 75% done [0m	[0m00:01:52 left[0m	
[0m: 80% done [0m	[0m00:01:30 left[0m	
[0m: 85% done [0m	[0m00:01:08 left[0m	
[0m: 90% done [0m	[0m00:00:46 left[0m	
[0m: 95% done [0m	[0m00:00:24 left[0m	
[0m: 100% done [0m	[0m00:00:02 left[0m	
[0m: Time to test all samples = 00:07:22[0m	
[0m# Confusion Matrix[0m	
[0m: average row correct: 36.338913097683%[0m	
[0m: average rowUcol correct (VOC measure): 22.602458432833%[0m	
[0m: > global correct: 36.338602191992%[0m	
[0m# ... saving model to ./sk2-1/model.net[0m	
[0m: tac = 12.136468172073 sec[0m	
[0m# ... saving optimfunc.state to ./sk2-1/optim.state[0m	
[0m: tac = 12.180417060852 sec[0m	
[0m# ... saving optimfunc.method to ./sk2-1/optim.method[0m	
[0m: tac = 12.220674037933 sec[0m	
[0m
#####################[0m	
[0m# Epoch n° 13[0m	
[0m
# ... train model[0m	
[0m.:. Batch 1 to 128 on 72328 images[0m	
[0m: 1% done[0m	[0m01:17:30 left[0m	
[0m.:. Batch 3201 to 3328 on 72328 images[0m	
[0m: 6% done[0m	[0m01:10:29 left[0m	
[0m.:. Batch 6785 to 6912 on 72328 images[0m	
[0m: 11% done[0m	[0m01:06:33 left[0m	
[0m.:. Batch 10497 to 10624 on 72328 images[0m	
[0m: 16% done[0m	[0m01:02:58 left[0m	
[0m.:. Batch 14081 to 14208 on 72328 images[0m	
[0m: 21% done[0m	[0m00:59:33 left[0m	
[0m.:. Batch 17665 to 17792 on 72328 images[0m	
[0m: 26% done[0m	[0m00:56:18 left[0m	
[0m.:. Batch 21249 to 21376 on 72328 images[0m	
[0m: 31% done[0m	[0m00:52:19 left[0m	
[0m.:. Batch 24961 to 25088 on 72328 images[0m	
[0m: 36% done[0m	[0m00:48:25 left[0m	
[0m.:. Batch 28545 to 28672 on 72328 images[0m	
[0m: 41% done[0m	[0m00:44:33 left[0m	
[0m.:. Batch 32129 to 32256 on 72328 images[0m	
[0m: 46% done[0m	[0m00:40:49 left[0m	
[0m.:. Batch 35841 to 35968 on 72328 images[0m	
[0m: 51% done[0m	[0m00:37:01 left[0m	
[0m.:. Batch 39425 to 39552 on 72328 images[0m	
[0m: 56% done[0m	[0m00:33:07 left[0m	
[0m.:. Batch 43009 to 43136 on 72328 images[0m	
[0m: 61% done[0m	[0m00:29:24 left[0m	
[0m.:. Batch 46721 to 46848 on 72328 images[0m	
[0m: 66% done[0m	[0m00:25:40 left[0m	
[0m.:. Batch 50305 to 50432 on 72328 images[0m	
[0m: 71% done[0m	[0m00:21:48 left[0m	
[0m.:. Batch 53889 to 54016 on 72328 images[0m	
[0m: 76% done[0m	[0m00:18:05 left[0m	
[0m.:. Batch 57473 to 57600 on 72328 images[0m	
[0m: 81% done[0m	[0m00:14:23 left[0m	
[0m.:. Batch 61185 to 61312 on 72328 images[0m	
[0m: 86% done[0m	[0m00:10:42 left[0m	
[0m.:. Batch 64769 to 64896 on 72328 images[0m	
[0m: 91% done[0m	[0m00:06:54 left[0m	
[0m.:. Batch 68353 to 68480 on 72328 images[0m	
[0m: 96% done[0m	[0m00:03:11 left[0m	
[0m.:. Batch 72065 to 72192 on 72328 images[0m	
[0m.:. End of Epoch n° 13[0m	
[0m: Real time to learn 1 batch = 00:00:07[0m	
[0m: Real time to learn full batch = 01:14:53[0m	
[0m# Confusion Matrix[0m	
[0m: average row correct: 50.028700779865%[0m	
[0m: average rowUcol correct (VOC measure): 33.855107212716%[0m	
[0m: > global correct: 50.064981749806%[0m	
[0m
# ... test model[0m	
[0m: 0% done [0m	[0m00:16:51 left[0m	
[0m: 5% done [0m	[0m00:06:45 left[0m	
[0m: 10% done [0m	[0m00:06:28 left[0m	
[0m: 15% done [0m	[0m00:06:10 left[0m	
[0m: 20% done [0m	[0m00:05:50 left[0m	
[0m: 25% done [0m	[0m00:05:29 left[0m	
[0m: 30% done [0m	[0m00:05:08 left[0m	
[0m: 35% done [0m	[0m00:04:45 left[0m	
[0m: 40% done [0m	[0m00:04:24 left[0m	
[0m: 45% done [0m	[0m00:04:03 left[0m	
[0m: 50% done [0m	[0m00:03:40 left[0m	
[0m: 55% done [0m	[0m00:03:19 left[0m	
[0m: 60% done [0m	[0m00:02:57 left[0m	
[0m: 65% done [0m	[0m00:02:35 left[0m	
[0m: 70% done [0m	[0m00:02:14 left[0m	
[0m: 75% done [0m	[0m00:01:52 left[0m	
[0m: 80% done [0m	[0m00:01:30 left[0m	
[0m: 85% done [0m	[0m00:01:08 left[0m	
[0m: 90% done [0m	[0m00:00:46 left[0m	
[0m: 95% done [0m	[0m00:00:24 left[0m	
[0m: 100% done [0m	[0m00:00:02 left[0m	
[0m: Time to test all samples = 00:07:19[0m	
[0m# Confusion Matrix[0m	
[0m: average row correct: 37.354056651492%[0m	
[0m: average rowUcol correct (VOC measure): 22.946583195636%[0m	
[0m: > global correct: 37.324447871344%[0m	
[0m# ... saving model to ./sk2-1/model.net[0m	
[0m: tac = 12.289892911911 sec[0m	
[0m# ... saving optimfunc.state to ./sk2-1/optim.state[0m	
[0m: tac = 12.334610939026 sec[0m	
[0m# ... saving optimfunc.method to ./sk2-1/optim.method[0m	
[0m: tac = 12.382539987564 sec[0m	
[0m
#####################[0m	
[0m# Epoch n° 14[0m	
[0m
# ... train model[0m	
[0m.:. Batch 1 to 128 on 72328 images[0m	
[0m: 1% done[0m	[0m01:17:56 left[0m	
[0m.:. Batch 3201 to 3328 on 72328 images[0m	
[0m: 6% done[0m	[0m01:11:29 left[0m	
[0m.:. Batch 6785 to 6912 on 72328 images[0m	
[0m: 11% done[0m	[0m01:06:59 left[0m	
[0m.:. Batch 10497 to 10624 on 72328 images[0m	
[0m: 16% done[0m	[0m01:02:57 left[0m	
[0m.:. Batch 14081 to 14208 on 72328 images[0m	
[0m: 21% done[0m	[0m00:59:34 left[0m	
[0m.:. Batch 17665 to 17792 on 72328 images[0m	
[0m: 26% done[0m	[0m00:56:09 left[0m	
[0m.:. Batch 21249 to 21376 on 72328 images[0m	
[0m: 31% done[0m	[0m00:52:23 left[0m	
[0m.:. Batch 24961 to 25088 on 72328 images[0m	
[0m: 36% done[0m	[0m00:48:29 left[0m	
[0m.:. Batch 28545 to 28672 on 72328 images[0m	
[0m: 41% done[0m	[0m00:44:35 left[0m	
[0m.:. Batch 32129 to 32256 on 72328 images[0m	
[0m: 46% done[0m	[0m00:40:49 left[0m	
[0m.:. Batch 35841 to 35968 on 72328 images[0m	
[0m: 51% done[0m	[0m00:37:05 left[0m	
[0m.:. Batch 39425 to 39552 on 72328 images[0m	
[0m: 56% done[0m	[0m00:33:11 left[0m	
[0m.:. Batch 43009 to 43136 on 72328 images[0m	
[0m: 61% done[0m	[0m00:29:28 left[0m	
[0m.:. Batch 46721 to 46848 on 72328 images[0m	
[0m: 66% done[0m	[0m00:25:43 left[0m	
[0m.:. Batch 50305 to 50432 on 72328 images[0m	
[0m: 71% done[0m	[0m00:21:51 left[0m	
[0m.:. Batch 53889 to 54016 on 72328 images[0m	
[0m: 76% done[0m	[0m00:18:07 left[0m	
[0m.:. Batch 57473 to 57600 on 72328 images[0m	
[0m: 81% done[0m	[0m00:14:25 left[0m	
[0m.:. Batch 61185 to 61312 on 72328 images[0m	
[0m: 86% done[0m	[0m00:10:42 left[0m	
[0m.:. Batch 64769 to 64896 on 72328 images[0m	
[0m: 91% done[0m	[0m00:06:53 left[0m	
[0m.:. Batch 68353 to 68480 on 72328 images[0m	
[0m: 96% done[0m	[0m00:03:11 left[0m	
[0m.:. Batch 72065 to 72192 on 72328 images[0m	
[0m.:. End of Epoch n° 14[0m	
[0m: Real time to learn 1 batch = 00:00:07[0m	
[0m: Real time to learn full batch = 01:14:43[0m	
[0m# Confusion Matrix[0m	
[0m: average row correct: 51.116691013374%[0m	
[0m: average rowUcol correct (VOC measure): 34.856397924152%[0m	
[0m: > global correct: 51.14478486893%[0m	
[0m
# ... test model[0m	
[0m: 0% done [0m	[0m00:16:36 left[0m	
[0m: 5% done [0m	[0m00:06:44 left[0m	
[0m: 10% done [0m	[0m00:06:32 left[0m	
[0m: 15% done [0m	[0m00:06:12 left[0m	
[0m: 20% done [0m	[0m00:05:51 left[0m	
[0m: 25% done [0m	[0m00:05:30 left[0m	
[0m: 30% done [0m	[0m00:05:09 left[0m	
[0m: 35% done [0m	[0m00:04:46 left[0m	
[0m: 40% done [0m	[0m00:04:25 left[0m	
[0m: 45% done [0m	[0m00:04:04 left[0m	
[0m: 50% done [0m	[0m00:03:42 left[0m	
[0m: 55% done [0m	[0m00:03:20 left[0m	
[0m: 60% done [0m	[0m00:02:58 left[0m	
[0m: 65% done [0m	[0m00:02:36 left[0m	
[0m: 70% done [0m	[0m00:02:14 left[0m	
[0m: 75% done [0m	[0m00:01:52 left[0m	
[0m: 80% done [0m	[0m00:01:30 left[0m	
[0m: 85% done [0m	[0m00:01:08 left[0m	
[0m: 90% done [0m	[0m00:00:46 left[0m	
[0m: 95% done [0m	[0m00:00:24 left[0m	
[0m: 100% done [0m	[0m00:00:02 left[0m	
[0m: Time to test all samples = 00:07:21[0m	
[0m# Confusion Matrix[0m	
[0m: average row correct: 37.64219414996%[0m	
[0m: average rowUcol correct (VOC measure): 23.132083860069%[0m	
[0m: > global correct: 37.676929008096%[0m	
[0m# ... saving model to ./sk2-1/model.net[0m	
[0m: tac = 12.132418870926 sec[0m	
[0m# ... saving optimfunc.state to ./sk2-1/optim.state[0m	
[0m: tac = 12.172827959061 sec[0m	
[0m# ... saving optimfunc.method to ./sk2-1/optim.method[0m	
[0m: tac = 12.213661909103 sec[0m	
[0m
#####################[0m	
[0m# Epoch n° 15[0m	
[0m
# ... train model[0m	
[0m.:. Batch 1 to 128 on 72328 images[0m	
[0m: 1% done[0m	[0m01:19:08 left[0m	
[0m.:. Batch 3201 to 3328 on 72328 images[0m	
[0m: 6% done[0m	[0m01:10:41 left[0m	
[0m.:. Batch 6785 to 6912 on 72328 images[0m	
[0m: 11% done[0m	[0m01:06:25 left[0m	
[0m.:. Batch 10497 to 10624 on 72328 images[0m	
[0m: 16% done[0m	[0m01:02:37 left[0m	
[0m.:. Batch 14081 to 14208 on 72328 images[0m	
[0m: 21% done[0m	[0m00:59:26 left[0m	
[0m.:. Batch 17665 to 17792 on 72328 images[0m	
[0m: 26% done[0m	[0m00:55:49 left[0m	
[0m.:. Batch 21249 to 21376 on 72328 images[0m	
[0m: 31% done[0m	[0m00:52:36 left[0m	
[0m.:. Batch 24961 to 25088 on 72328 images[0m	
[0m: 36% done[0m	[0m00:48:39 left[0m	
[0m.:. Batch 28545 to 28672 on 72328 images[0m	
[0m: 41% done[0m	[0m00:44:37 left[0m	
