% mean class accuracy (train set)	
 3.9433e+01	
 4.0583e+01	
 4.1550e+01	
 4.2228e+01	
 4.3069e+01	
 4.3994e+01	
 4.4952e+01	
 4.5699e+01	
 4.6685e+01	
 4.7521e+01	
 4.8179e+01	
 4.9404e+01	
 5.0065e+01	
 5.1145e+01	
 5.1980e+01	
 5.2772e+01	
 5.3756e+01	
 5.4615e+01	
 5.5840e+01	
 5.6737e+01	
 5.7513e+01	
 5.8367e+01	
 5.9364e+01	
 6.0426e+01	
 6.1351e+01	
 6.2114e+01	
 6.3321e+01	
 6.4169e+01	
 6.5424e+01	
 6.6227e+01	
 6.7515e+01	
 6.8123e+01	
 6.9113e+01	
 7.0352e+01	
 7.1443e+01	
 7.2388e+01	
 7.3508e+01	
 7.4277e+01	
 7.5278e+01	
