[0m# ... lunching using pid = 11258[0m	
[0m# ... switching to CUDA[0m	
[0m# ... loading Dataset[0m	
[0m# ... building model[0m	
[0m# Model[0m	
nn.Sequential {
  [input -> (1) -> (2) -> (3) -> (4) -> (5) -> (6) -> (7) -> (8) -> (9) -> (10) -> (11) -> (12) -> (13) -> (14) -> (15) -> (16) -> (17) -> (18) -> output]
  (1): nn.SpatialConvolutionMM(in: 3, out: 16, kW: 3, kH: 3, padding: 1)
  (2): nn.ReLU
  (3): nn.SpatialMaxPooling(kW: 2, kH: 2, dW: 2, dH: 2)
  (4): nn.SpatialConvolutionMM(in: 16, out: 32, kW: 3, kH: 3, padding: 1)
  (5): nn.ReLU
  (6): nn.SpatialMaxPooling(kW: 2, kH: 2, dW: 2, dH: 2)
  (7): nn.SpatialConvolutionMM(in: 32, out: 32, kW: 3, kH: 3, padding: 1)
  (8): nn.ReLU
  (9): nn.SpatialMaxPooling(kW: 3, kH: 3, dW: 3, dH: 3)
  (10): nn.Reshape(10368)
  (11): nn.Linear(10368 -> 2048)
  (12): nn.ReLU
  (13): nn.Dropout(0.100000)
  (14): nn.Linear(2048 -> 1024)
  (15): nn.ReLU
  (16): nn.Dropout(0.100000)
  (17): nn.Linear(1024 -> 101)
  (18): nn.LogSoftMax
}
[0mNumber of parameters 23451749[0m	
[0m# Criterion[0m	
nn.ClassNLLCriterion
[0m# ... building optimizer[0m	
[0m# Optimizer[0m	
{
  name : [1;30m"[0m[0;32mSGD[0m[1;30m"[0m
  method : [0;35mfunction: 0x41f57be0[0m
  config : 
    {
      learningRateDecay : [0;36m0[0m
      learningRate : [0;36m0.03[0m
      weightDecay : [0;36m1e-05[0m
      momentum : [0;36m0.9[0m
    }
  state : 
    {
      evalCounter : [0;36m0[0m
    }
}
[0m
# ... test model[0m	
[0m: 0% done [0m	[0m00:04:41 left[0m	
[0m: 5% done [0m	[0m00:01:37 left[0m	
[0m: 10% done [0m	[0m00:01:37 left[0m	
[0m: 15% done [0m	[0m00:01:34 left[0m	
[0m: 20% done [0m	[0m00:01:32 left[0m	
[0m: 25% done [0m	[0m00:01:26 left[0m	
[0m: 30% done [0m	[0m00:01:21 left[0m	
[0m: 35% done [0m	[0m00:01:16 left[0m	
[0m: 40% done [0m	[0m00:01:10 left[0m	
[0m: 45% done [0m	[0m00:01:04 left[0m	
[0m: 50% done [0m	[0m00:01:10 left[0m	
[0m: 55% done [0m	[0m00:01:10 left[0m	
[0m: 60% done [0m	[0m00:01:01 left[0m	
[0m: 65% done [0m	[0m00:00:52 left[0m	
[0m: 70% done [0m	[0m00:00:44 left[0m	
[0m: 75% done [0m	[0m00:00:36 left[0m	
[0m: 80% done [0m	[0m00:00:29 left[0m	
[0m: 85% done [0m	[0m00:00:21 left[0m	
[0m: 90% done [0m	[0m00:00:14 left[0m	
[0m: 95% done [0m	[0m00:00:07 left[0m	
[0m: 100% done [0m	[0m00:00:00 left[0m	
[0m: Time to test all samples = 00:02:17[0m	
[0m# Confusion Matrix[0m	
[0m: average row correct: 0.99009900990099%[0m	
[0m: average rowUcol correct (VOC measure): 0.010068989404947%[0m	
[0m: > global correct: 1.013383268161%[0m	
[0m
#####################[0m	
[0m# Epoch n° 1[0m	
[0m
# ... train model[0m	
[0m.:. Batch 1 to 128 on 72328 images[0m	
[0m: 1% done[0m	[0m00:14:51 left[0m	
[0m.:. Batch 3201 to 3328 on 72328 images[0m	
[0m: 6% done[0m	[0m00:14:26 left[0m	
[0m.:. Batch 6785 to 6912 on 72328 images[0m	
[0m: 11% done[0m	[0m00:13:43 left[0m	
[0m.:. Batch 10497 to 10624 on 72328 images[0m	
[0m: 16% done[0m	[0m00:12:57 left[0m	
[0m.:. Batch 14081 to 14208 on 72328 images[0m	
[0m: 21% done[0m	[0m00:12:10 left[0m	
[0m.:. Batch 17665 to 17792 on 72328 images[0m	
[0m: 26% done[0m	[0m00:11:25 left[0m	
[0m.:. Batch 21249 to 21376 on 72328 images[0m	
[0m: 31% done[0m	[0m00:10:39 left[0m	
[0m.:. Batch 24961 to 25088 on 72328 images[0m	
[0m: 36% done[0m	[0m00:09:54 left[0m	
[0m.:. Batch 28545 to 28672 on 72328 images[0m	
[0m: 41% done[0m	[0m00:09:07 left[0m	
[0m.:. Batch 32129 to 32256 on 72328 images[0m	
[0m: 46% done[0m	[0m00:08:21 left[0m	
[0m.:. Batch 35841 to 35968 on 72328 images[0m	
[0m: 51% done[0m	[0m00:07:36 left[0m	
[0m.:. Batch 39425 to 39552 on 72328 images[0m	
[0m: 56% done[0m	[0m00:06:49 left[0m	
[0m.:. Batch 43009 to 43136 on 72328 images[0m	
[0m: 61% done[0m	[0m00:06:03 left[0m	
[0m.:. Batch 46721 to 46848 on 72328 images[0m	
[0m: 66% done[0m	[0m00:05:18 left[0m	
[0m.:. Batch 50305 to 50432 on 72328 images[0m	
[0m: 71% done[0m	[0m00:04:31 left[0m	
[0m.:. Batch 53889 to 54016 on 72328 images[0m	
[0m: 76% done[0m	[0m00:03:46 left[0m	
[0m.:. Batch 57473 to 57600 on 72328 images[0m	
[0m: 81% done[0m	[0m00:03:00 left[0m	
[0m.:. Batch 61185 to 61312 on 72328 images[0m	
[0m: 86% done[0m	[0m00:02:13 left[0m	
[0m.:. Batch 64769 to 64896 on 72328 images[0m	
[0m: 91% done[0m	[0m00:01:25 left[0m	
[0m.:. Batch 68353 to 68480 on 72328 images[0m	
[0m: 96% done[0m	[0m00:00:39 left[0m	
[0m.:. Batch 72065 to 72192 on 72328 images[0m	
[0m.:. End of Epoch n° 1[0m	
[0m: Real time to learn 1 batch = 00:00:01[0m	
[0m: Real time to learn full batch = 00:15:33[0m	
[0m# Confusion Matrix[0m	
[0m: average row correct: 1.0354661323951%[0m	
[0m: average rowUcol correct (VOC measure): 0.063105248200643%[0m	
[0m: > global correct: 1.0811857095454%[0m	
[0m
# ... test model[0m	
[0m: 0% done [0m	[0m00:02:37 left[0m	
[0m: 5% done [0m	[0m00:01:40 left[0m	
[0m: 10% done [0m	[0m00:01:40 left[0m	
[0m: 15% done [0m	[0m00:01:37 left[0m	
[0m: 20% done [0m	[0m00:01:33 left[0m	
[0m: 25% done [0m	[0m00:01:26 left[0m	
[0m: 30% done [0m	[0m00:01:19 left[0m	
[0m: 35% done [0m	[0m00:01:13 left[0m	
[0m: 40% done [0m	[0m00:01:07 left[0m	
[0m: 45% done [0m	[0m00:01:01 left[0m	
[0m: 50% done [0m	[0m00:00:56 left[0m	
[0m: 55% done [0m	[0m00:00:51 left[0m	
[0m: 60% done [0m	[0m00:00:45 left[0m	
[0m: 65% done [0m	[0m00:00:40 left[0m	
[0m: 70% done [0m	[0m00:00:34 left[0m	
[0m: 75% done [0m	[0m00:00:29 left[0m	
[0m: 80% done [0m	[0m00:00:23 left[0m	
[0m: 85% done [0m	[0m00:00:17 left[0m	
[0m: 90% done [0m	[0m00:00:12 left[0m	
[0m: 95% done [0m	[0m00:00:06 left[0m	
[0m: 100% done [0m	[0m00:00:00 left[0m	
[0m: Time to test all samples = 00:01:56[0m	
[0m# Confusion Matrix[0m	
[0m: average row correct: 1.0222040587059%[0m	
[0m: average rowUcol correct (VOC measure): 0.025352741139803%[0m	
[0m: > global correct: 1.079473481302%[0m	
[0m# ... saving model to ./small/model.net[0m	
[0m: tac = 2.3415958881378 sec[0m	
[0m# ... saving optimfunc.state to ./small/optim.state[0m	
[0m: tac = 3.3566198348999 sec[0m	
[0m# ... saving optimfunc.method to ./small/optim.method[0m	
[0m: tac = 3.4543957710266 sec[0m	
[0m
#####################[0m	
[0m# Epoch n° 2[0m	
[0m
# ... train model[0m	
[0m.:. Batch 1 to 128 on 72328 images[0m	
[0m: 1% done[0m	[0m00:15:24 left[0m	
[0m.:. Batch 3201 to 3328 on 72328 images[0m	
[0m: 6% done[0m	[0m00:14:56 left[0m	
[0m.:. Batch 6785 to 6912 on 72328 images[0m	
[0m: 11% done[0m	[0m00:14:01 left[0m	
[0m.:. Batch 10497 to 10624 on 72328 images[0m	
[0m: 16% done[0m	[0m00:13:13 left[0m	
[0m.:. Batch 14081 to 14208 on 72328 images[0m	
[0m: 21% done[0m	[0m00:13:17 left[0m	
[0m.:. Batch 17665 to 17792 on 72328 images[0m	
[0m: 26% done[0m	[0m00:12:20 left[0m	
[0m.:. Batch 21249 to 21376 on 72328 images[0m	
[0m: 31% done[0m	[0m00:11:27 left[0m	
[0m.:. Batch 24961 to 25088 on 72328 images[0m	
[0m: 36% done[0m	[0m00:10:37 left[0m	
[0m.:. Batch 28545 to 28672 on 72328 images[0m	
[0m: 41% done[0m	[0m00:09:47 left[0m	
[0m.:. Batch 32129 to 32256 on 72328 images[0m	
[0m: 46% done[0m	[0m00:08:54 left[0m	
[0m.:. Batch 35841 to 35968 on 72328 images[0m	
[0m: 51% done[0m	[0m00:08:04 left[0m	
[0m.:. Batch 39425 to 39552 on 72328 images[0m	
[0m: 56% done[0m	[0m00:07:11 left[0m	
[0m.:. Batch 43009 to 43136 on 72328 images[0m	
[0m: 61% done[0m	[0m00:06:21 left[0m	
[0m.:. Batch 46721 to 46848 on 72328 images[0m	
[0m: 66% done[0m	[0m00:05:32 left[0m	
[0m.:. Batch 50305 to 50432 on 72328 images[0m	
[0m: 71% done[0m	[0m00:04:41 left[0m	
[0m.:. Batch 53889 to 54016 on 72328 images[0m	
[0m: 76% done[0m	[0m00:03:53 left[0m	
[0m.:. Batch 57473 to 57600 on 72328 images[0m	
[0m: 81% done[0m	[0m00:03:05 left[0m	
[0m.:. Batch 61185 to 61312 on 72328 images[0m	
[0m: 86% done[0m	[0m00:02:17 left[0m	
[0m.:. Batch 64769 to 64896 on 72328 images[0m	
[0m: 91% done[0m	[0m00:01:28 left[0m	
[0m.:. Batch 68353 to 68480 on 72328 images[0m	
[0m: 96% done[0m	[0m00:00:40 left[0m	
[0m.:. Batch 72065 to 72192 on 72328 images[0m	
[0m.:. End of Epoch n° 2[0m	
[0m: Real time to learn 1 batch = 00:00:01[0m	
[0m: Real time to learn full batch = 00:15:52[0m	
[0m# Confusion Matrix[0m	
[0m: average row correct: 1.3659859081905%[0m	
[0m: average rowUcol correct (VOC measure): 0.27349921667229%[0m	
[0m: > global correct: 1.424068134056%[0m	
[0m
# ... test model[0m	
[0m: 0% done [0m	[0m00:02:22 left[0m	
[0m: 5% done [0m	[0m00:01:43 left[0m	
[0m: 10% done [0m	[0m00:01:39 left[0m	
[0m: 15% done [0m	[0m00:01:34 left[0m	
[0m: 20% done [0m	[0m00:01:29 left[0m	
[0m: 25% done [0m	[0m00:01:24 left[0m	
[0m: 30% done [0m	[0m00:01:19 left[0m	
[0m: 35% done [0m	[0m00:01:13 left[0m	
[0m: 40% done [0m	[0m00:01:08 left[0m	
[0m: 45% done [0m	[0m00:01:02 left[0m	
[0m: 50% done [0m	[0m00:00:57 left[0m	
[0m: 55% done [0m	[0m00:00:51 left[0m	
[0m: 60% done [0m	[0m00:00:46 left[0m	
[0m: 65% done [0m	[0m00:00:40 left[0m	
[0m: 70% done [0m	[0m00:00:34 left[0m	
[0m: 75% done [0m	[0m00:00:29 left[0m	
[0m: 80% done [0m	[0m00:00:23 left[0m	
[0m: 85% done [0m	[0m00:00:17 left[0m	
[0m: 90% done [0m	[0m00:00:12 left[0m	
[0m: 95% done [0m	[0m00:00:06 left[0m	
[0m: 100% done [0m	[0m00:00:00 left[0m	
[0m: Time to test all samples = 00:01:57[0m	
[0m# Confusion Matrix[0m	
[0m: average row correct: 2.6669236969682%[0m	
[0m: average rowUcol correct (VOC measure): 0.30082665743435%[0m	
[0m: > global correct: 2.7427438453489%[0m	
[0m# ... saving model to ./small/model.net[0m	
[0m: tac = 2.4094688892365 sec[0m	
[0m# ... saving optimfunc.state to ./small/optim.state[0m	
[0m: tac = 3.47310090065 sec[0m	
[0m# ... saving optimfunc.method to ./small/optim.method[0m	
[0m: tac = 4.5797579288483 sec[0m	
[0m
#####################[0m	
[0m# Epoch n° 3[0m	
[0m
# ... train model[0m	
[0m.:. Batch 1 to 128 on 72328 images[0m	
[0m: 1% done[0m	[0m00:16:25 left[0m	
[0m.:. Batch 3201 to 3328 on 72328 images[0m	
[0m: 6% done[0m	[0m00:15:08 left[0m	
[0m.:. Batch 6785 to 6912 on 72328 images[0m	
[0m: 11% done[0m	[0m00:14:20 left[0m	
[0m.:. Batch 10497 to 10624 on 72328 images[0m	
[0m: 16% done[0m	[0m00:13:36 left[0m	
[0m.:. Batch 14081 to 14208 on 72328 images[0m	
[0m: 21% done[0m	[0m00:12:38 left[0m	
[0m.:. Batch 17665 to 17792 on 72328 images[0m	
[0m: 26% done[0m	[0m00:11:46 left[0m	
[0m.:. Batch 21249 to 21376 on 72328 images[0m	
[0m: 31% done[0m	[0m00:10:56 left[0m	
[0m.:. Batch 24961 to 25088 on 72328 images[0m	
[0m: 36% done[0m	[0m00:10:06 left[0m	
[0m.:. Batch 28545 to 28672 on 72328 images[0m	
[0m: 41% done[0m	[0m00:09:16 left[0m	
[0m.:. Batch 32129 to 32256 on 72328 images[0m	
[0m: 46% done[0m	[0m00:08:29 left[0m	
[0m.:. Batch 35841 to 35968 on 72328 images[0m	
[0m: 51% done[0m	[0m00:07:41 left[0m	
[0m.:. Batch 39425 to 39552 on 72328 images[0m	
[0m: 56% done[0m	[0m00:06:53 left[0m	
[0m.:. Batch 43009 to 43136 on 72328 images[0m	
[0m: 61% done[0m	[0m00:06:06 left[0m	
[0m.:. Batch 46721 to 46848 on 72328 images[0m	
[0m: 66% done[0m	[0m00:05:20 left[0m	
[0m.:. Batch 50305 to 50432 on 72328 images[0m	
[0m: 71% done[0m	[0m00:04:32 left[0m	
[0m.:. Batch 53889 to 54016 on 72328 images[0m	
[0m: 76% done[0m	[0m00:03:45 left[0m	
[0m.:. Batch 57473 to 57600 on 72328 images[0m	
[0m: 81% done[0m	[0m00:02:59 left[0m	
[0m.:. Batch 61185 to 61312 on 72328 images[0m	
[0m: 86% done[0m	[0m00:02:13 left[0m	
[0m.:. Batch 64769 to 64896 on 72328 images[0m	
[0m: 91% done[0m	[0m00:01:25 left[0m	
[0m.:. Batch 68353 to 68480 on 72328 images[0m	
[0m: 96% done[0m	[0m00:00:39 left[0m	
[0m.:. Batch 72065 to 72192 on 72328 images[0m	
[0m.:. End of Epoch n° 3[0m	
[0m: Real time to learn 1 batch = 00:00:01[0m	
[0m: Real time to learn full batch = 00:15:29[0m	
[0m# Confusion Matrix[0m	
[0m: average row correct: 3.4138984762658%[0m	
[0m: average rowUcol correct (VOC measure): 1.1604196024312%[0m	
[0m: > global correct: 3.4523282822697%[0m	
[0m
# ... test model[0m	
[0m: 0% done [0m	[0m00:02:56 left[0m	
[0m: 5% done [0m	[0m00:01:32 left[0m	
[0m: 10% done [0m	[0m00:01:33 left[0m	
[0m: 15% done [0m	[0m00:01:31 left[0m	
[0m: 20% done [0m	[0m00:01:30 left[0m	
[0m: 25% done [0m	[0m00:01:25 left[0m	
[0m: 30% done [0m	[0m00:01:20 left[0m	
[0m: 35% done [0m	[0m00:01:15 left[0m	
[0m: 40% done [0m	[0m00:01:09 left[0m	
[0m: 45% done [0m	[0m00:01:03 left[0m	
[0m: 50% done [0m	[0m00:00:58 left[0m	
[0m: 55% done [0m	[0m00:00:52 left[0m	
[0m: 60% done [0m	[0m00:00:46 left[0m	
[0m: 65% done [0m	[0m00:00:40 left[0m	
[0m: 70% done [0m	[0m00:00:35 left[0m	
[0m: 75% done [0m	[0m00:00:29 left[0m	
[0m: 80% done [0m	[0m00:00:23 left[0m	
[0m: 85% done [0m	[0m00:00:18 left[0m	
[0m: 90% done [0m	[0m00:00:12 left[0m	
[0m: 95% done [0m	[0m00:00:06 left[0m	
[0m: 100% done [0m	[0m00:00:00 left[0m	
[0m: Time to test all samples = 00:01:56[0m	
[0m# Confusion Matrix[0m	
[0m: average row correct: 4.3688051199706%[0m	
[0m: average rowUcol correct (VOC measure): 1.061853763214%[0m	
[0m: > global correct: 4.4280442804428%[0m	
[0m# ... saving model to ./small/model.net[0m	
[0m: tac = 2.4079699516296 sec[0m	
[0m# ... saving optimfunc.state to ./small/optim.state[0m	
[0m: tac = 3.4396059513092 sec[0m	
[0m# ... saving optimfunc.method to ./small/optim.method[0m	
[0m: tac = 3.5320620536804 sec[0m	
[0m
#####################[0m	
[0m# Epoch n° 4[0m	
[0m
# ... train model[0m	
[0m.:. Batch 1 to 128 on 72328 images[0m	
[0m: 1% done[0m	[0m00:14:59 left[0m	
[0m.:. Batch 3201 to 3328 on 72328 images[0m	
[0m: 6% done[0m	[0m00:14:34 left[0m	
[0m.:. Batch 6785 to 6912 on 72328 images[0m	
[0m: 11% done[0m	[0m00:13:48 left[0m	
[0m.:. Batch 10497 to 10624 on 72328 images[0m	
[0m: 16% done[0m	[0m00:13:03 left[0m	
[0m.:. Batch 14081 to 14208 on 72328 images[0m	
[0m: 21% done[0m	[0m00:12:15 left[0m	
[0m.:. Batch 17665 to 17792 on 72328 images[0m	
[0m: 26% done[0m	[0m00:11:30 left[0m	
[0m.:. Batch 21249 to 21376 on 72328 images[0m	
[0m: 31% done[0m	[0m00:10:45 left[0m	
[0m.:. Batch 24961 to 25088 on 72328 images[0m	
[0m: 36% done[0m	[0m00:09:59 left[0m	
[0m.:. Batch 28545 to 28672 on 72328 images[0m	
[0m: 41% done[0m	[0m00:09:11 left[0m	
[0m.:. Batch 32129 to 32256 on 72328 images[0m	
[0m: 46% done[0m	[0m00:08:24 left[0m	
[0m.:. Batch 35841 to 35968 on 72328 images[0m	
[0m: 51% done[0m	[0m00:07:39 left[0m	
[0m.:. Batch 39425 to 39552 on 72328 images[0m	
[0m: 56% done[0m	[0m00:06:51 left[0m	
[0m.:. Batch 43009 to 43136 on 72328 images[0m	
[0m: 61% done[0m	[0m00:06:06 left[0m	
[0m.:. Batch 46721 to 46848 on 72328 images[0m	
[0m: 66% done[0m	[0m00:05:21 left[0m	
[0m.:. Batch 50305 to 50432 on 72328 images[0m	
[0m: 71% done[0m	[0m00:04:33 left[0m	
[0m.:. Batch 53889 to 54016 on 72328 images[0m	
[0m: 76% done[0m	[0m00:03:46 left[0m	
[0m.:. Batch 57473 to 57600 on 72328 images[0m	
[0m: 81% done[0m	[0m00:03:00 left[0m	
[0m.:. Batch 61185 to 61312 on 72328 images[0m	
[0m: 86% done[0m	[0m00:02:13 left[0m	
[0m.:. Batch 64769 to 64896 on 72328 images[0m	
[0m: 91% done[0m	[0m00:01:25 left[0m	
[0m.:. Batch 68353 to 68480 on 72328 images[0m	
[0m: 96% done[0m	[0m00:00:39 left[0m	
[0m.:. Batch 72065 to 72192 on 72328 images[0m	
[0m.:. End of Epoch n° 4[0m	
[0m: Real time to learn 1 batch = 00:00:01[0m	
[0m: Real time to learn full batch = 00:15:30[0m	
[0m# Confusion Matrix[0m	
[0m: average row correct: 5.3952134311162%[0m	
[0m: average rowUcol correct (VOC measure): 1.9480983012052%[0m	
[0m: > global correct: 5.4266674040482%[0m	
[0m
# ... test model[0m	
[0m: 0% done [0m	[0m00:02:54 left[0m	
[0m: 5% done [0m	[0m00:01:42 left[0m	
[0m: 10% done [0m	[0m00:01:42 left[0m	
[0m: 15% done [0m	[0m00:01:36 left[0m	
[0m: 20% done [0m	[0m00:01:30 left[0m	
[0m: 25% done [0m	[0m00:01:24 left[0m	
[0m: 30% done [0m	[0m00:01:18 left[0m	
[0m: 35% done [0m	[0m00:01:13 left[0m	
[0m: 40% done [0m	[0m00:01:07 left[0m	
[0m: 45% done [0m	[0m00:01:02 left[0m	
[0m: 50% done [0m	[0m00:00:56 left[0m	
[0m: 55% done [0m	[0m00:00:50 left[0m	
[0m: 60% done [0m	[0m00:00:45 left[0m	
[0m: 65% done [0m	[0m00:00:39 left[0m	
[0m: 70% done [0m	[0m00:00:34 left[0m	
[0m: 75% done [0m	[0m00:00:28 left[0m	
[0m: 80% done [0m	[0m00:00:23 left[0m	
[0m: 85% done [0m	[0m00:00:17 left[0m	
[0m: 90% done [0m	[0m00:00:11 left[0m	
[0m: 95% done [0m	[0m00:00:06 left[0m	
[0m: 100% done [0m	[0m00:00:00 left[0m	
[0m: Time to test all samples = 00:01:53[0m	
[0m# Confusion Matrix[0m	
[0m: average row correct: 6.0210778483992%[0m	
[0m: average rowUcol correct (VOC measure): 1.851590783658%[0m	
[0m: > global correct: 6.0527620201575%[0m	
[0m# ... saving model to ./small/model.net[0m	
[0m: tac = 2.3926599025726 sec[0m	
[0m# ... saving optimfunc.state to ./small/optim.state[0m	
[0m: tac = 3.4424929618835 sec[0m	
[0m# ... saving optimfunc.method to ./small/optim.method[0m	
[0m: tac = 3.5134148597717 sec[0m	
[0m
#####################[0m	
[0m# Epoch n° 5[0m	
[0m
# ... train model[0m	
[0m.:. Batch 1 to 128 on 72328 images[0m	
[0m: 1% done[0m	[0m00:15:28 left[0m	
[0m.:. Batch 3201 to 3328 on 72328 images[0m	
[0m: 6% done[0m	[0m00:14:26 left[0m	
[0m.:. Batch 6785 to 6912 on 72328 images[0m	
[0m: 11% done[0m	[0m00:13:46 left[0m	
[0m.:. Batch 10497 to 10624 on 72328 images[0m	
[0m: 16% done[0m	[0m00:12:59 left[0m	
[0m.:. Batch 14081 to 14208 on 72328 images[0m	
[0m: 21% done[0m	[0m00:12:11 left[0m	
[0m.:. Batch 17665 to 17792 on 72328 images[0m	
[0m: 26% done[0m	[0m00:11:25 left[0m	
[0m.:. Batch 21249 to 21376 on 72328 images[0m	
[0m: 31% done[0m	[0m00:10:41 left[0m	
[0m.:. Batch 24961 to 25088 on 72328 images[0m	
[0m: 36% done[0m	[0m00:09:55 left[0m	
[0m.:. Batch 28545 to 28672 on 72328 images[0m	
[0m: 41% done[0m	[0m00:09:08 left[0m	
[0m.:. Batch 32129 to 32256 on 72328 images[0m	
[0m: 46% done[0m	[0m00:08:22 left[0m	
[0m.:. Batch 35841 to 35968 on 72328 images[0m	
[0m: 51% done[0m	[0m00:07:37 left[0m	
[0m.:. Batch 39425 to 39552 on 72328 images[0m	
[0m: 56% done[0m	[0m00:06:49 left[0m	
[0m.:. Batch 43009 to 43136 on 72328 images[0m	
[0m: 61% done[0m	[0m00:06:04 left[0m	
[0m.:. Batch 46721 to 46848 on 72328 images[0m	
[0m: 66% done[0m	[0m00:05:18 left[0m	
[0m.:. Batch 50305 to 50432 on 72328 images[0m	
[0m: 71% done[0m	[0m00:04:38 left[0m	
[0m.:. Batch 53889 to 54016 on 72328 images[0m	
[0m: 76% done[0m	[0m00:03:50 left[0m	
[0m.:. Batch 57473 to 57600 on 72328 images[0m	
[0m: 81% done[0m	[0m00:03:03 left[0m	
[0m.:. Batch 61185 to 61312 on 72328 images[0m	
[0m: 86% done[0m	[0m00:02:16 left[0m	
[0m.:. Batch 64769 to 64896 on 72328 images[0m	
[0m: 91% done[0m	[0m00:01:27 left[0m	
[0m.:. Batch 68353 to 68480 on 72328 images[0m	
[0m: 96% done[0m	[0m00:00:40 left[0m	
[0m.:. Batch 72065 to 72192 on 72328 images[0m	
[0m.:. End of Epoch n° 5[0m	
[0m: Real time to learn 1 batch = 00:00:01[0m	
[0m: Real time to learn full batch = 00:15:45[0m	
[0m# Confusion Matrix[0m	
[0m: average row correct: 6.8806599379554%[0m	
[0m: average rowUcol correct (VOC measure): 2.703643625367%[0m	
[0m: > global correct: 6.9060391549607%[0m	
[0m
# ... test model[0m	
[0m: 0% done [0m	[0m00:02:56 left[0m	
[0m: 5% done [0m	[0m00:01:23 left[0m	
[0m: 10% done [0m	[0m00:01:30 left[0m	
[0m: 15% done [0m	[0m00:01:29 left[0m	
[0m: 20% done [0m	[0m00:01:24 left[0m	
[0m: 25% done [0m	[0m00:01:21 left[0m	
[0m: 30% done [0m	[0m00:01:16 left[0m	
[0m: 35% done [0m	[0m00:01:10 left[0m	
[0m: 40% done [0m	[0m00:01:05 left[0m	
[0m: 45% done [0m	[0m00:01:00 left[0m	
[0m: 50% done [0m	[0m00:00:55 left[0m	
[0m: 55% done [0m	[0m00:00:49 left[0m	
[0m: 60% done [0m	[0m00:00:44 left[0m	
[0m: 65% done [0m	[0m00:00:38 left[0m	
[0m: 70% done [0m	[0m00:00:33 left[0m	
[0m: 75% done [0m	[0m00:00:27 left[0m	
[0m: 80% done [0m	[0m00:00:22 left[0m	
[0m: 85% done [0m	[0m00:00:17 left[0m	
[0m: 90% done [0m	[0m00:00:11 left[0m	
[0m: 95% done [0m	[0m00:00:06 left[0m	
[0m: 100% done [0m	[0m00:00:00 left[0m	
[0m: Time to test all samples = 00:01:50[0m	
[0m# Confusion Matrix[0m	
[0m: average row correct: 7.8505018292604%[0m	
[0m: average rowUcol correct (VOC measure): 2.8105600144585%[0m	
[0m: > global correct: 7.8537203282481%[0m	
[0m# ... saving model to ./small/model.net[0m	
[0m: tac = 4.1472389698029 sec[0m	
[0m# ... saving optimfunc.state to ./small/optim.state[0m	
[0m: tac = 5.5492689609528 sec[0m	
[0m# ... saving optimfunc.method to ./small/optim.method[0m	
[0m: tac = 5.6314160823822 sec[0m	
[0m
#####################[0m	
[0m# Epoch n° 6[0m	
[0m
# ... train model[0m	
[0m.:. Batch 1 to 128 on 72328 images[0m	
[0m: 1% done[0m	[0m00:16:30 left[0m	
[0m.:. Batch 3201 to 3328 on 72328 images[0m	
[0m: 6% done[0m	[0m00:14:29 left[0m	
[0m.:. Batch 6785 to 6912 on 72328 images[0m	
[0m: 11% done[0m	[0m00:13:49 left[0m	
[0m.:. Batch 10497 to 10624 on 72328 images[0m	
[0m: 16% done[0m	[0m00:12:57 left[0m	
[0m.:. Batch 14081 to 14208 on 72328 images[0m	
[0m: 21% done[0m	[0m00:12:10 left[0m	
[0m.:. Batch 17665 to 17792 on 72328 images[0m	
[0m: 26% done[0m	[0m00:11:24 left[0m	
[0m.:. Batch 21249 to 21376 on 72328 images[0m	
[0m: 31% done[0m	[0m00:10:39 left[0m	
[0m.:. Batch 24961 to 25088 on 72328 images[0m	
[0m: 36% done[0m	[0m00:09:53 left[0m	
[0m.:. Batch 28545 to 28672 on 72328 images[0m	
[0m: 41% done[0m	[0m00:09:06 left[0m	
[0m.:. Batch 32129 to 32256 on 72328 images[0m	
[0m: 46% done[0m	[0m00:08:21 left[0m	
[0m.:. Batch 35841 to 35968 on 72328 images[0m	
[0m: 51% done[0m	[0m00:07:35 left[0m	
[0m.:. Batch 39425 to 39552 on 72328 images[0m	
[0m: 56% done[0m	[0m00:06:48 left[0m	
[0m.:. Batch 43009 to 43136 on 72328 images[0m	
[0m: 61% done[0m	[0m00:06:03 left[0m	
[0m.:. Batch 46721 to 46848 on 72328 images[0m	
[0m: 66% done[0m	[0m00:05:17 left[0m	
[0m.:. Batch 50305 to 50432 on 72328 images[0m	
[0m: 71% done[0m	[0m00:04:29 left[0m	
[0m.:. Batch 53889 to 54016 on 72328 images[0m	
[0m: 76% done[0m	[0m00:03:44 left[0m	
[0m.:. Batch 57473 to 57600 on 72328 images[0m	
[0m: 81% done[0m	[0m00:02:58 left[0m	
[0m.:. Batch 61185 to 61312 on 72328 images[0m	
[0m: 86% done[0m	[0m00:02:12 left[0m	
[0m.:. Batch 64769 to 64896 on 72328 images[0m	
[0m: 91% done[0m	[0m00:01:25 left[0m	
[0m.:. Batch 68353 to 68480 on 72328 images[0m	
[0m: 96% done[0m	[0m00:00:39 left[0m	
[0m.:. Batch 72065 to 72192 on 72328 images[0m	
[0m.:. End of Epoch n° 6[0m	
[0m: Real time to learn 1 batch = 00:00:01[0m	
[0m: Real time to learn full batch = 00:15:22[0m	
[0m# Confusion Matrix[0m	
[0m: average row correct: 8.8242244873297%[0m	
[0m: average rowUcol correct (VOC measure): 3.7244008893221%[0m	
[0m: > global correct: 8.845813516204%[0m	
[0m
# ... test model[0m	
[0m: 0% done [0m	[0m00:02:49 left[0m	
[0m: 5% done [0m	[0m00:01:35 left[0m	
[0m: 10% done [0m	[0m00:01:38 left[0m	
[0m: 15% done [0m	[0m00:01:35 left[0m	
[0m: 20% done [0m	[0m00:01:30 left[0m	
[0m: 25% done [0m	[0m00:01:24 left[0m	
[0m: 30% done [0m	[0m00:01:18 left[0m	
[0m: 35% done [0m	[0m00:01:13 left[0m	
[0m: 40% done [0m	[0m00:01:07 left[0m	
[0m: 45% done [0m	[0m00:01:02 left[0m	
[0m: 50% done [0m	[0m00:00:56 left[0m	
[0m: 55% done [0m	[0m00:00:51 left[0m	
[0m: 60% done [0m	[0m00:00:45 left[0m	
[0m: 65% done [0m	[0m00:00:40 left[0m	
[0m: 70% done [0m	[0m00:00:34 left[0m	
[0m: 75% done [0m	[0m00:00:28 left[0m	
[0m: 80% done [0m	[0m00:00:23 left[0m	
[0m: 85% done [0m	[0m00:00:17 left[0m	
[0m: 90% done [0m	[0m00:00:11 left[0m	
[0m: 95% done [0m	[0m00:00:06 left[0m	
[0m: 100% done [0m	[0m00:00:00 left[0m	
[0m: Time to test all samples = 00:01:54[0m	
[0m# Confusion Matrix[0m	
[0m: average row correct: 8.5238750917966%[0m	
[0m: average rowUcol correct (VOC measure): 3.5817184872778%[0m	
[0m: > global correct: 8.5531750839896%[0m	
[0m# ... saving model to ./small/model.net[0m	
[0m: tac = 2.4036140441895 sec[0m	
[0m# ... saving optimfunc.state to ./small/optim.state[0m	
[0m: tac = 3.4466898441315 sec[0m	
[0m# ... saving optimfunc.method to ./small/optim.method[0m	
[0m: tac = 3.5393919944763 sec[0m	
[0m
#####################[0m	
[0m# Epoch n° 7[0m	
[0m
# ... train model[0m	
[0m.:. Batch 1 to 128 on 72328 images[0m	
[0m: 1% done[0m	[0m00:15:16 left[0m	
[0m.:. Batch 3201 to 3328 on 72328 images[0m	
[0m: 6% done[0m	[0m00:14:36 left[0m	
[0m.:. Batch 6785 to 6912 on 72328 images[0m	
[0m: 11% done[0m	[0m00:13:48 left[0m	
[0m.:. Batch 10497 to 10624 on 72328 images[0m	
[0m: 16% done[0m	[0m00:13:04 left[0m	
[0m.:. Batch 14081 to 14208 on 72328 images[0m	
[0m: 21% done[0m	[0m00:12:15 left[0m	
[0m.:. Batch 17665 to 17792 on 72328 images[0m	
[0m: 26% done[0m	[0m00:11:27 left[0m	
[0m.:. Batch 21249 to 21376 on 72328 images[0m	
[0m: 31% done[0m	[0m00:10:41 left[0m	
[0m.:. Batch 24961 to 25088 on 72328 images[0m	
[0m: 36% done[0m	[0m00:09:55 left[0m	
[0m.:. Batch 28545 to 28672 on 72328 images[0m	
[0m: 41% done[0m	[0m00:09:09 left[0m	
[0m.:. Batch 32129 to 32256 on 72328 images[0m	
[0m: 46% done[0m	[0m00:08:24 left[0m	
[0m.:. Batch 35841 to 35968 on 72328 images[0m	
[0m: 51% done[0m	[0m00:07:42 left[0m	
[0m.:. Batch 39425 to 39552 on 72328 images[0m	
[0m: 56% done[0m	[0m00:06:54 left[0m	
[0m.:. Batch 43009 to 43136 on 72328 images[0m	
[0m: 61% done[0m	[0m00:06:07 left[0m	
[0m.:. Batch 46721 to 46848 on 72328 images[0m	
[0m: 66% done[0m	[0m00:05:20 left[0m	
[0m.:. Batch 50305 to 50432 on 72328 images[0m	
[0m: 71% done[0m	[0m00:04:32 left[0m	
[0m.:. Batch 53889 to 54016 on 72328 images[0m	
[0m: 76% done[0m	[0m00:03:46 left[0m	
[0m.:. Batch 57473 to 57600 on 72328 images[0m	
[0m: 81% done[0m	[0m00:02:59 left[0m	
[0m.:. Batch 61185 to 61312 on 72328 images[0m	
[0m: 86% done[0m	[0m00:02:13 left[0m	
[0m.:. Batch 64769 to 64896 on 72328 images[0m	
[0m: 91% done[0m	[0m00:01:25 left[0m	
[0m.:. Batch 68353 to 68480 on 72328 images[0m	
[0m: 96% done[0m	[0m00:00:39 left[0m	
[0m.:. Batch 72065 to 72192 on 72328 images[0m	
[0m.:. End of Epoch n° 7[0m	
[0m: Real time to learn 1 batch = 00:00:01[0m	
[0m: Real time to learn full batch = 00:15:29[0m	
[0m# Confusion Matrix[0m	
[0m: average row correct: 11.134467831822%[0m	
[0m: average rowUcol correct (VOC measure): 5.0132617939927%[0m	
[0m: > global correct: 11.149209158279%[0m	
[0m
# ... test model[0m	
[0m: 0% done [0m	[0m00:02:47 left[0m	
[0m: 5% done [0m	[0m00:01:30 left[0m	
[0m: 10% done [0m	[0m00:01:33 left[0m	
[0m: 15% done [0m	[0m00:01:30 left[0m	
[0m: 20% done [0m	[0m00:01:26 left[0m	
[0m: 25% done [0m	[0m00:01:20 left[0m	
[0m: 30% done [0m	[0m00:01:16 left[0m	
[0m: 35% done [0m	[0m00:01:11 left[0m	
[0m: 40% done [0m	[0m00:01:06 left[0m	
[0m: 45% done [0m	[0m00:01:01 left[0m	
[0m: 50% done [0m	[0m00:00:56 left[0m	
[0m: 55% done [0m	[0m00:00:50 left[0m	
[0m: 60% done [0m	[0m00:00:45 left[0m	
[0m: 65% done [0m	[0m00:00:40 left[0m	
[0m: 70% done [0m	[0m00:00:34 left[0m	
[0m: 75% done [0m	[0m00:00:29 left[0m	
[0m: 80% done [0m	[0m00:00:23 left[0m	
[0m: 85% done [0m	[0m00:00:18 left[0m	
[0m: 90% done [0m	[0m00:00:12 left[0m	
[0m: 95% done [0m	[0m00:00:06 left[0m	
[0m: 100% done [0m	[0m00:00:00 left[0m	
[0m: Time to test all samples = 00:01:59[0m	
[0m# Confusion Matrix[0m	
[0m: average row correct: 10.50218014775%[0m	
[0m: average rowUcol correct (VOC measure): 4.6756357968886%[0m	
[0m: > global correct: 10.469791265077%[0m	
[0m# ... saving model to ./small/model.net[0m	
[0m: tac = 2.4102070331573 sec[0m	
[0m# ... saving optimfunc.state to ./small/optim.state[0m	
[0m: tac = 3.4593920707703 sec[0m	
[0m# ... saving optimfunc.method to ./small/optim.method[0m	
[0m: tac = 3.5350470542908 sec[0m	
[0m
#####################[0m	
[0m# Epoch n° 8[0m	
[0m
# ... train model[0m	
[0m.:. Batch 1 to 128 on 72328 images[0m	
[0m: 1% done[0m	[0m00:15:39 left[0m	
[0m.:. Batch 3201 to 3328 on 72328 images[0m	
[0m: 6% done[0m	[0m00:15:28 left[0m	
[0m.:. Batch 6785 to 6912 on 72328 images[0m	
[0m: 11% done[0m	[0m00:14:39 left[0m	
[0m.:. Batch 10497 to 10624 on 72328 images[0m	
[0m: 16% done[0m	[0m00:13:35 left[0m	
[0m.:. Batch 14081 to 14208 on 72328 images[0m	
[0m: 21% done[0m	[0m00:12:37 left[0m	
[0m.:. Batch 17665 to 17792 on 72328 images[0m	
[0m: 26% done[0m	[0m00:11:45 left[0m	
[0m.:. Batch 21249 to 21376 on 72328 images[0m	
[0m: 31% done[0m	[0m00:10:55 left[0m	
[0m.:. Batch 24961 to 25088 on 72328 images[0m	
[0m: 36% done[0m	[0m00:10:05 left[0m	
[0m.:. Batch 28545 to 28672 on 72328 images[0m	
[0m: 41% done[0m	[0m00:09:15 left[0m	
[0m.:. Batch 32129 to 32256 on 72328 images[0m	
[0m: 46% done[0m	[0m00:08:28 left[0m	
[0m.:. Batch 35841 to 35968 on 72328 images[0m	
[0m: 51% done[0m	[0m00:07:41 left[0m	
[0m.:. Batch 39425 to 39552 on 72328 images[0m	
[0m: 56% done[0m	[0m00:06:52 left[0m	
[0m.:. Batch 43009 to 43136 on 72328 images[0m	
[0m: 61% done[0m	[0m00:06:06 left[0m	
[0m.:. Batch 46721 to 46848 on 72328 images[0m	
[0m: 66% done[0m	[0m00:05:19 left[0m	
[0m.:. Batch 50305 to 50432 on 72328 images[0m	
[0m: 71% done[0m	[0m00:04:31 left[0m	
[0m.:. Batch 53889 to 54016 on 72328 images[0m	
[0m: 76% done[0m	[0m00:03:45 left[0m	
[0m.:. Batch 57473 to 57600 on 72328 images[0m	
[0m: 81% done[0m	[0m00:02:59 left[0m	
[0m.:. Batch 61185 to 61312 on 72328 images[0m	
[0m: 86% done[0m	[0m00:02:13 left[0m	
[0m.:. Batch 64769 to 64896 on 72328 images[0m	
[0m: 91% done[0m	[0m00:01:25 left[0m	
[0m.:. Batch 68353 to 68480 on 72328 images[0m	
[0m: 96% done[0m	[0m00:00:39 left[0m	
[0m.:. Batch 72065 to 72192 on 72328 images[0m	
[0m.:. End of Epoch n° 8[0m	
[0m: Real time to learn 1 batch = 00:00:01[0m	
[0m: Real time to learn full batch = 00:15:37[0m	
[0m# Confusion Matrix[0m	
[0m: average row correct: 13.794729082227%[0m	
[0m: average rowUcol correct (VOC measure): 6.6200500275792%[0m	
[0m: > global correct: 13.799634996129%[0m	
[0m
# ... test model[0m	
[0m: 0% done [0m	[0m00:02:54 left[0m	
[0m: 5% done [0m	[0m00:01:38 left[0m	
[0m: 10% done [0m	[0m00:01:42 left[0m	
[0m: 15% done [0m	[0m00:01:36 left[0m	
[0m: 20% done [0m	[0m00:01:31 left[0m	
[0m: 25% done [0m	[0m00:01:26 left[0m	
[0m: 30% done [0m	[0m00:01:20 left[0m	
[0m: 35% done [0m	[0m00:01:15 left[0m	
[0m: 40% done [0m	[0m00:01:09 left[0m	
[0m: 45% done [0m	[0m00:01:03 left[0m	
[0m: 50% done [0m	[0m00:00:58 left[0m	
[0m: 55% done [0m	[0m00:00:52 left[0m	
[0m: 60% done [0m	[0m00:00:47 left[0m	
[0m: 65% done [0m	[0m00:00:41 left[0m	
[0m: 70% done [0m	[0m00:00:35 left[0m	
[0m: 75% done [0m	[0m00:00:29 left[0m	
[0m: 80% done [0m	[0m00:00:23 left[0m	
[0m: 85% done [0m	[0m00:00:17 left[0m	
[0m: 90% done [0m	[0m00:00:12 left[0m	
[0m: 95% done [0m	[0m00:00:06 left[0m	
[0m: 100% done [0m	[0m00:00:00 left[0m	
[0m: Time to test all samples = 00:01:56[0m	
[0m# Confusion Matrix[0m	
[0m: average row correct: 12.429162572221%[0m	
[0m: average rowUcol correct (VOC measure): 5.5455679226077%[0m	
[0m: > global correct: 12.446990141543%[0m	
[0m# ... saving model to ./small/model.net[0m	
[0m: tac = 2.395143032074 sec[0m	
[0m# ... saving optimfunc.state to ./small/optim.state[0m	
[0m: tac = 3.4137449264526 sec[0m	
[0m# ... saving optimfunc.method to ./small/optim.method[0m	
[0m: tac = 3.4798500537872 sec[0m	
[0m
#####################[0m	
[0m# Epoch n° 9[0m	
[0m
# ... train model[0m	
[0m.:. Batch 1 to 128 on 72328 images[0m	
[0m: 1% done[0m	[0m00:15:03 left[0m	
[0m.:. Batch 3201 to 3328 on 72328 images[0m	
[0m: 6% done[0m	[0m00:17:22 left[0m	
[0m.:. Batch 6785 to 6912 on 72328 images[0m	
[0m: 11% done[0m	[0m00:15:14 left[0m	
[0m.:. Batch 10497 to 10624 on 72328 images[0m	
[0m: 16% done[0m	[0m00:13:54 left[0m	
[0m.:. Batch 14081 to 14208 on 72328 images[0m	
[0m: 21% done[0m	[0m00:12:50 left[0m	
[0m.:. Batch 17665 to 17792 on 72328 images[0m	
[0m: 26% done[0m	[0m00:11:53 left[0m	
[0m.:. Batch 21249 to 21376 on 72328 images[0m	
[0m: 31% done[0m	[0m00:11:02 left[0m	
[0m.:. Batch 24961 to 25088 on 72328 images[0m	
[0m: 36% done[0m	[0m00:10:11 left[0m	
[0m.:. Batch 28545 to 28672 on 72328 images[0m	
[0m: 41% done[0m	[0m00:09:20 left[0m	
[0m.:. Batch 32129 to 32256 on 72328 images[0m	
[0m: 46% done[0m	[0m00:08:32 left[0m	
[0m.:. Batch 35841 to 35968 on 72328 images[0m	
[0m: 51% done[0m	[0m00:07:44 left[0m	
[0m.:. Batch 39425 to 39552 on 72328 images[0m	
[0m: 56% done[0m	[0m00:06:54 left[0m	
[0m.:. Batch 43009 to 43136 on 72328 images[0m	
[0m: 61% done[0m	[0m00:06:07 left[0m	
[0m.:. Batch 46721 to 46848 on 72328 images[0m	
[0m: 66% done[0m	[0m00:05:21 left[0m	
[0m.:. Batch 50305 to 50432 on 72328 images[0m	
[0m: 71% done[0m	[0m00:04:32 left[0m	
[0m.:. Batch 53889 to 54016 on 72328 images[0m	
[0m: 76% done[0m	[0m00:03:46 left[0m	
[0m.:. Batch 57473 to 57600 on 72328 images[0m	
[0m: 81% done[0m	[0m00:02:59 left[0m	
[0m.:. Batch 61185 to 61312 on 72328 images[0m	
[0m: 86% done[0m	[0m00:02:13 left[0m	
[0m.:. Batch 64769 to 64896 on 72328 images[0m	
[0m: 91% done[0m	[0m00:01:25 left[0m	
[0m.:. Batch 68353 to 68480 on 72328 images[0m	
[0m: 96% done[0m	[0m00:00:39 left[0m	
[0m.:. Batch 72065 to 72192 on 72328 images[0m	
[0m.:. End of Epoch n° 9[0m	
[0m: Real time to learn 1 batch = 00:00:01[0m	
[0m: Real time to learn full batch = 00:15:30[0m	
[0m# Confusion Matrix[0m	
[0m: average row correct: 17.119495427734%[0m	
[0m: average rowUcol correct (VOC measure): 8.6945193280272%[0m	
[0m: > global correct: 17.109556464993%[0m	
[0m
# ... test model[0m	
[0m: 0% done [0m	[0m00:02:52 left[0m	
[0m: 5% done [0m	[0m00:01:32 left[0m	
[0m: 10% done [0m	[0m00:01:34 left[0m	
[0m: 15% done [0m	[0m00:01:31 left[0m	
[0m: 20% done [0m	[0m00:01:27 left[0m	
[0m: 25% done [0m	[0m00:01:23 left[0m	
[0m: 30% done [0m	[0m00:01:17 left[0m	
[0m: 35% done [0m	[0m00:01:13 left[0m	
[0m: 40% done [0m	[0m00:01:07 left[0m	
[0m: 45% done [0m	[0m00:01:02 left[0m	
[0m: 50% done [0m	[0m00:00:57 left[0m	
[0m: 55% done [0m	[0m00:00:51 left[0m	
[0m: 60% done [0m	[0m00:00:45 left[0m	
[0m: 65% done [0m	[0m00:00:40 left[0m	
[0m: 70% done [0m	[0m00:00:34 left[0m	
[0m: 75% done [0m	[0m00:00:29 left[0m	
[0m: 80% done [0m	[0m00:00:23 left[0m	
[0m: 85% done [0m	[0m00:00:17 left[0m	
[0m: 90% done [0m	[0m00:00:12 left[0m	
[0m: 95% done [0m	[0m00:00:06 left[0m	
[0m: 100% done [0m	[0m00:00:00 left[0m	
[0m: Time to test all samples = 00:01:56[0m	
[0m# Confusion Matrix[0m	
[0m: average row correct: 13.381960431556%[0m	
[0m: average rowUcol correct (VOC measure): 6.4452702765086%[0m	
[0m: > global correct: 13.372253125516%[0m	
[0m# ... saving model to ./small/model.net[0m	
[0m: tac = 2.3991079330444 sec[0m	
[0m# ... saving optimfunc.state to ./small/optim.state[0m	
[0m: tac = 3.4239399433136 sec[0m	
[0m# ... saving optimfunc.method to ./small/optim.method[0m	
[0m: tac = 3.4981679916382 sec[0m	
[0m
#####################[0m	
[0m# Epoch n° 10[0m	
[0m
# ... train model[0m	
[0m.:. Batch 1 to 128 on 72328 images[0m	
[0m: 1% done[0m	[0m00:15:16 left[0m	
[0m.:. Batch 3201 to 3328 on 72328 images[0m	
[0m: 6% done[0m	[0m00:14:50 left[0m	
[0m.:. Batch 6785 to 6912 on 72328 images[0m	
[0m: 11% done[0m	[0m00:13:58 left[0m	
[0m.:. Batch 10497 to 10624 on 72328 images[0m	
[0m: 16% done[0m	[0m00:13:11 left[0m	
[0m.:. Batch 14081 to 14208 on 72328 images[0m	
[0m: 21% done[0m	[0m00:12:20 left[0m	
[0m.:. Batch 17665 to 17792 on 72328 images[0m	
[0m: 26% done[0m	[0m00:11:38 left[0m	
[0m.:. Batch 21249 to 21376 on 72328 images[0m	
[0m: 31% done[0m	[0m00:10:53 left[0m	
[0m.:. Batch 24961 to 25088 on 72328 images[0m	
[0m: 36% done[0m	[0m00:10:09 left[0m	
[0m.:. Batch 28545 to 28672 on 72328 images[0m	
[0m: 41% done[0m	[0m00:09:52 left[0m	
[0m.:. Batch 32129 to 32256 on 72328 images[0m	
[0m: 46% done[0m	[0m00:08:58 left[0m	
[0m.:. Batch 35841 to 35968 on 72328 images[0m	
[0m: 51% done[0m	[0m00:08:06 left[0m	
[0m.:. Batch 39425 to 39552 on 72328 images[0m	
[0m: 56% done[0m	[0m00:07:13 left[0m	
[0m.:. Batch 43009 to 43136 on 72328 images[0m	
[0m: 61% done[0m	[0m00:06:22 left[0m	
[0m.:. Batch 46721 to 46848 on 72328 images[0m	
[0m: 66% done[0m	[0m00:05:33 left[0m	
[0m.:. Batch 50305 to 50432 on 72328 images[0m	
[0m: 71% done[0m	[0m00:04:42 left[0m	
[0m.:. Batch 53889 to 54016 on 72328 images[0m	
[0m: 76% done[0m	[0m00:03:53 left[0m	
[0m.:. Batch 57473 to 57600 on 72328 images[0m	
[0m: 81% done[0m	[0m00:03:05 left[0m	
[0m.:. Batch 61185 to 61312 on 72328 images[0m	
[0m: 86% done[0m	[0m00:02:18 left[0m	
[0m.:. Batch 64769 to 64896 on 72328 images[0m	
[0m: 91% done[0m	[0m00:01:28 left[0m	
[0m.:. Batch 68353 to 68480 on 72328 images[0m	
[0m: 96% done[0m	[0m00:00:40 left[0m	
[0m.:. Batch 72065 to 72192 on 72328 images[0m	
[0m.:. End of Epoch n° 10[0m	
[0m: Real time to learn 1 batch = 00:00:01[0m	
[0m: Real time to learn full batch = 00:15:57[0m	
[0m# Confusion Matrix[0m	
[0m: average row correct: 21.141714742868%[0m	
[0m: average rowUcol correct (VOC measure): 11.285514637164%[0m	
[0m: > global correct: 21.114920915828%[0m	
[0m
# ... test model[0m	
[0m: 0% done [0m	[0m00:02:52 left[0m	
[0m: 5% done [0m	[0m00:01:29 left[0m	
[0m: 10% done [0m	[0m00:01:34 left[0m	
[0m: 15% done [0m	[0m00:01:31 left[0m	
[0m: 20% done [0m	[0m00:01:27 left[0m	
[0m: 25% done [0m	[0m00:01:22 left[0m	
[0m: 30% done [0m	[0m00:01:17 left[0m	
[0m: 35% done [0m	[0m00:01:12 left[0m	
[0m: 40% done [0m	[0m00:01:06 left[0m	
[0m: 45% done [0m	[0m00:01:02 left[0m	
[0m: 50% done [0m	[0m00:00:56 left[0m	
[0m: 55% done [0m	[0m00:00:50 left[0m	
[0m: 60% done [0m	[0m00:00:45 left[0m	
[0m: 65% done [0m	[0m00:00:39 left[0m	
[0m: 70% done [0m	[0m00:00:34 left[0m	
[0m: 75% done [0m	[0m00:00:28 left[0m	
[0m: 80% done [0m	[0m00:00:22 left[0m	
[0m: 85% done [0m	[0m00:00:17 left[0m	
[0m: 90% done [0m	[0m00:00:11 left[0m	
[0m: 95% done [0m	[0m00:00:06 left[0m	
[0m: 100% done [0m	[0m00:00:00 left[0m	
[0m: Time to test all samples = 00:01:53[0m	
[0m# Confusion Matrix[0m	
[0m: average row correct: 15.737173827088%[0m	
[0m: average rowUcol correct (VOC measure): 7.9104850764875%[0m	
[0m: > global correct: 15.734978245305%[0m	
[0m# ... saving model to ./small/model.net[0m	
[0m: tac = 2.4046211242676 sec[0m	
[0m# ... saving optimfunc.state to ./small/optim.state[0m	
[0m: tac = 3.4716091156006 sec[0m	
[0m# ... saving optimfunc.method to ./small/optim.method[0m	
[0m: tac = 3.5541892051697 sec[0m	
[0m
#####################[0m	
[0m# Epoch n° 11[0m	
[0m
# ... train model[0m	
[0m.:. Batch 1 to 128 on 72328 images[0m	
[0m: 1% done[0m	[0m00:14:55 left[0m	
[0m.:. Batch 3201 to 3328 on 72328 images[0m	
[0m: 6% done[0m	[0m00:14:18 left[0m	
[0m.:. Batch 6785 to 6912 on 72328 images[0m	
[0m: 11% done[0m	[0m00:13:38 left[0m	
[0m.:. Batch 10497 to 10624 on 72328 images[0m	
[0m: 16% done[0m	[0m00:12:51 left[0m	
[0m.:. Batch 14081 to 14208 on 72328 images[0m	
[0m: 21% done[0m	[0m00:12:05 left[0m	
[0m.:. Batch 17665 to 17792 on 72328 images[0m	
[0m: 26% done[0m	[0m00:11:22 left[0m	
[0m.:. Batch 21249 to 21376 on 72328 images[0m	
[0m: 31% done[0m	[0m00:10:36 left[0m	
[0m.:. Batch 24961 to 25088 on 72328 images[0m	
[0m: 36% done[0m	[0m00:09:51 left[0m	
[0m.:. Batch 28545 to 28672 on 72328 images[0m	
[0m: 41% done[0m	[0m00:09:04 left[0m	
[0m.:. Batch 32129 to 32256 on 72328 images[0m	
[0m: 46% done[0m	[0m00:08:18 left[0m	
[0m.:. Batch 35841 to 35968 on 72328 images[0m	
[0m: 51% done[0m	[0m00:07:33 left[0m	
[0m.:. Batch 39425 to 39552 on 72328 images[0m	
[0m: 56% done[0m	[0m00:06:46 left[0m	
[0m.:. Batch 43009 to 43136 on 72328 images[0m	
[0m: 61% done[0m	[0m00:06:00 left[0m	
[0m.:. Batch 46721 to 46848 on 72328 images[0m	
[0m: 66% done[0m	[0m00:05:15 left[0m	
[0m.:. Batch 50305 to 50432 on 72328 images[0m	
[0m: 71% done[0m	[0m00:04:28 left[0m	
[0m.:. Batch 53889 to 54016 on 72328 images[0m	
[0m: 76% done[0m	[0m00:03:42 left[0m	
[0m.:. Batch 57473 to 57600 on 72328 images[0m	
[0m: 81% done[0m	[0m00:02:57 left[0m	
[0m.:. Batch 61185 to 61312 on 72328 images[0m	
[0m: 86% done[0m	[0m00:02:11 left[0m	
[0m.:. Batch 64769 to 64896 on 72328 images[0m	
[0m: 91% done[0m	[0m00:01:24 left[0m	
[0m.:. Batch 68353 to 68480 on 72328 images[0m	
[0m: 96% done[0m	[0m00:00:39 left[0m	
[0m.:. Batch 72065 to 72192 on 72328 images[0m	
[0m.:. End of Epoch n° 11[0m	
[0m: Real time to learn 1 batch = 00:00:01[0m	
[0m: Real time to learn full batch = 00:15:19[0m	
[0m# Confusion Matrix[0m	
[0m: average row correct: 27.150364898809%[0m	
[0m: average rowUcol correct (VOC measure): 15.345991052466%[0m	
[0m: > global correct: 27.100154850127%[0m	
[0m
# ... test model[0m	
[0m: 0% done [0m	[0m00:02:59 left[0m	
[0m: 5% done [0m	[0m00:01:33 left[0m	
[0m: 10% done [0m	[0m00:01:33 left[0m	
[0m: 15% done [0m	[0m00:01:31 left[0m	
[0m: 20% done [0m	[0m00:01:26 left[0m	
[0m: 25% done [0m	[0m00:01:22 left[0m	
[0m: 30% done [0m	[0m00:01:18 left[0m	
[0m: 35% done [0m	[0m00:01:12 left[0m	
[0m: 40% done [0m	[0m00:01:07 left[0m	
[0m: 45% done [0m	[0m00:01:01 left[0m	
[0m: 50% done [0m	[0m00:00:56 left[0m	
[0m: 55% done [0m	[0m00:00:50 left[0m	
[0m: 60% done [0m	[0m00:00:45 left[0m	
[0m: 65% done [0m	[0m00:00:39 left[0m	
[0m: 70% done [0m	[0m00:00:34 left[0m	
[0m: 75% done [0m	[0m00:00:28 left[0m	
[0m: 80% done [0m	[0m00:00:22 left[0m	
[0m: 85% done [0m	[0m00:00:17 left[0m	
[0m: 90% done [0m	[0m00:00:11 left[0m	
[0m: 95% done [0m	[0m00:00:06 left[0m	
[0m: 100% done [0m	[0m00:00:00 left[0m	
[0m: Time to test all samples = 00:01:53[0m	
[0m# Confusion Matrix[0m	
[0m: average row correct: 17.250031511309%[0m	
[0m: average rowUcol correct (VOC measure): 9.0070822543584%[0m	
[0m: > global correct: 17.199977969929%[0m	
[0m# ... saving model to ./small/model.net[0m	
[0m: tac = 2.4218938350677 sec[0m	
[0m# ... saving optimfunc.state to ./small/optim.state[0m	
[0m: tac = 3.4530668258667 sec[0m	
[0m# ... saving optimfunc.method to ./small/optim.method[0m	
[0m: tac = 3.5153179168701 sec[0m	
[0m
#####################[0m	
[0m# Epoch n° 12[0m	
[0m
# ... train model[0m	
[0m.:. Batch 1 to 128 on 72328 images[0m	
[0m: 1% done[0m	[0m00:14:57 left[0m	
[0m.:. Batch 3201 to 3328 on 72328 images[0m	
[0m: 6% done[0m	[0m00:14:32 left[0m	
[0m.:. Batch 6785 to 6912 on 72328 images[0m	
[0m: 11% done[0m	[0m00:13:43 left[0m	
[0m.:. Batch 10497 to 10624 on 72328 images[0m	
[0m: 16% done[0m	[0m00:12:58 left[0m	
[0m.:. Batch 14081 to 14208 on 72328 images[0m	
[0m: 21% done[0m	[0m00:12:15 left[0m	
[0m.:. Batch 17665 to 17792 on 72328 images[0m	
[0m: 26% done[0m	[0m00:11:31 left[0m	
[0m.:. Batch 21249 to 21376 on 72328 images[0m	
[0m: 31% done[0m	[0m00:10:50 left[0m	
[0m.:. Batch 24961 to 25088 on 72328 images[0m	
[0m: 36% done[0m	[0m00:10:03 left[0m	
[0m.:. Batch 28545 to 28672 on 72328 images[0m	
[0m: 41% done[0m	[0m00:09:14 left[0m	
[0m.:. Batch 32129 to 32256 on 72328 images[0m	
[0m: 46% done[0m	[0m00:08:27 left[0m	
[0m.:. Batch 35841 to 35968 on 72328 images[0m	
[0m: 51% done[0m	[0m00:07:40 left[0m	
[0m.:. Batch 39425 to 39552 on 72328 images[0m	
[0m: 56% done[0m	[0m00:06:51 left[0m	
[0m.:. Batch 43009 to 43136 on 72328 images[0m	
[0m: 61% done[0m	[0m00:06:05 left[0m	
[0m.:. Batch 46721 to 46848 on 72328 images[0m	
[0m: 66% done[0m	[0m00:05:18 left[0m	
[0m.:. Batch 50305 to 50432 on 72328 images[0m	
[0m: 71% done[0m	[0m00:04:31 left[0m	
[0m.:. Batch 53889 to 54016 on 72328 images[0m	
[0m: 76% done[0m	[0m00:03:44 left[0m	
[0m.:. Batch 57473 to 57600 on 72328 images[0m	
[0m: 81% done[0m	[0m00:02:58 left[0m	
[0m.:. Batch 61185 to 61312 on 72328 images[0m	
[0m: 86% done[0m	[0m00:02:12 left[0m	
[0m.:. Batch 64769 to 64896 on 72328 images[0m	
[0m: 91% done[0m	[0m00:01:25 left[0m	
[0m.:. Batch 68353 to 68480 on 72328 images[0m	
[0m: 96% done[0m	[0m00:00:39 left[0m	
[0m.:. Batch 72065 to 72192 on 72328 images[0m	
[0m.:. End of Epoch n° 12[0m	
[0m: Real time to learn 1 batch = 00:00:01[0m	
[0m: Real time to learn full batch = 00:15:25[0m	
[0m# Confusion Matrix[0m	
[0m: average row correct: 34.630794778909%[0m	
[0m: average rowUcol correct (VOC measure): 20.794847688758%[0m	
[0m: > global correct: 34.567525716182%[0m	
[0m
# ... test model[0m	
[0m: 0% done [0m	[0m00:02:52 left[0m	
[0m: 5% done [0m	[0m00:01:32 left[0m	
[0m: 10% done [0m	[0m00:01:38 left[0m	
[0m: 15% done [0m	[0m00:01:33 left[0m	
[0m: 20% done [0m	[0m00:01:28 left[0m	
[0m: 25% done [0m	[0m00:01:23 left[0m	
[0m: 30% done [0m	[0m00:01:17 left[0m	
[0m: 35% done [0m	[0m00:01:12 left[0m	
[0m: 40% done [0m	[0m00:01:06 left[0m	
[0m: 45% done [0m	[0m00:01:01 left[0m	
[0m: 50% done [0m	[0m00:00:56 left[0m	
[0m: 55% done [0m	[0m00:00:50 left[0m	
[0m: 60% done [0m	[0m00:00:45 left[0m	
[0m: 65% done [0m	[0m00:00:39 left[0m	
[0m: 70% done [0m	[0m00:00:34 left[0m	
[0m: 75% done [0m	[0m00:00:28 left[0m	
[0m: 80% done [0m	[0m00:00:23 left[0m	
[0m: 85% done [0m	[0m00:00:17 left[0m	
[0m: 90% done [0m	[0m00:00:11 left[0m	
[0m: 95% done [0m	[0m00:00:06 left[0m	
[0m: 100% done [0m	[0m00:00:00 left[0m	
[0m: Time to test all samples = 00:01:53[0m	
[0m# Confusion Matrix[0m	
[0m: average row correct: 19.291796710453%[0m	
[0m: average rowUcol correct (VOC measure): 10.826715334586%[0m	
[0m: > global correct: 19.259789612821%[0m	
[0m# ... saving model to ./small/model.net[0m	
[0m: tac = 2.4129278659821 sec[0m	
[0m# ... saving optimfunc.state to ./small/optim.state[0m	
[0m: tac = 3.4247629642487 sec[0m	
[0m# ... saving optimfunc.method to ./small/optim.method[0m	
[0m: tac = 3.5085828304291 sec[0m	
[0m
#####################[0m	
[0m# Epoch n° 13[0m	
[0m
# ... train model[0m	
[0m.:. Batch 1 to 128 on 72328 images[0m	
[0m: 1% done[0m	[0m00:16:11 left[0m	
[0m.:. Batch 3201 to 3328 on 72328 images[0m	
[0m: 6% done[0m	[0m00:14:30 left[0m	
[0m.:. Batch 6785 to 6912 on 72328 images[0m	
[0m: 11% done[0m	[0m00:13:43 left[0m	
[0m.:. Batch 10497 to 10624 on 72328 images[0m	
[0m: 16% done[0m	[0m00:12:56 left[0m	
[0m.:. Batch 14081 to 14208 on 72328 images[0m	
[0m: 21% done[0m	[0m00:12:07 left[0m	
[0m.:. Batch 17665 to 17792 on 72328 images[0m	
[0m: 26% done[0m	[0m00:11:21 left[0m	
[0m.:. Batch 21249 to 21376 on 72328 images[0m	
[0m: 31% done[0m	[0m00:10:35 left[0m	
[0m.:. Batch 24961 to 25088 on 72328 images[0m	
[0m: 36% done[0m	[0m00:09:50 left[0m	
[0m.:. Batch 28545 to 28672 on 72328 images[0m	
[0m: 41% done[0m	[0m00:09:04 left[0m	
[0m.:. Batch 32129 to 32256 on 72328 images[0m	
[0m: 46% done[0m	[0m00:08:19 left[0m	
[0m.:. Batch 35841 to 35968 on 72328 images[0m	
[0m: 51% done[0m	[0m00:07:34 left[0m	
[0m.:. Batch 39425 to 39552 on 72328 images[0m	
[0m: 56% done[0m	[0m00:06:48 left[0m	
[0m.:. Batch 43009 to 43136 on 72328 images[0m	
[0m: 61% done[0m	[0m00:06:02 left[0m	
[0m.:. Batch 46721 to 46848 on 72328 images[0m	
[0m: 66% done[0m	[0m00:05:16 left[0m	
[0m.:. Batch 50305 to 50432 on 72328 images[0m	
[0m: 71% done[0m	[0m00:04:30 left[0m	
[0m.:. Batch 53889 to 54016 on 72328 images[0m	
[0m: 76% done[0m	[0m00:03:45 left[0m	
[0m.:. Batch 57473 to 57600 on 72328 images[0m	
[0m: 81% done[0m	[0m00:03:01 left[0m	
[0m.:. Batch 61185 to 61312 on 72328 images[0m	
[0m: 86% done[0m	[0m00:02:17 left[0m	
[0m.:. Batch 64769 to 64896 on 72328 images[0m	
[0m: 91% done[0m	[0m00:01:28 left[0m	
[0m.:. Batch 68353 to 68480 on 72328 images[0m	
[0m: 96% done[0m	[0m00:00:40 left[0m	
[0m.:. Batch 72065 to 72192 on 72328 images[0m	
[0m.:. End of Epoch n° 13[0m	
[0m: Real time to learn 1 batch = 00:00:01[0m	
[0m: Real time to learn full batch = 00:15:56[0m	
[0m# Confusion Matrix[0m	
[0m: average row correct: 44.686236667751%[0m	
[0m: average rowUcol correct (VOC measure): 28.876102428035%[0m	
[0m: > global correct: 44.599601813959%[0m	
[0m
# ... test model[0m	
[0m: 0% done [0m	[0m00:02:52 left[0m	
[0m: 5% done [0m	[0m00:01:39 left[0m	
[0m: 10% done [0m	[0m00:01:37 left[0m	
[0m: 15% done [0m	[0m00:01:32 left[0m	
[0m: 20% done [0m	[0m00:01:29 left[0m	
[0m: 25% done [0m	[0m00:01:24 left[0m	
[0m: 30% done [0m	[0m00:01:18 left[0m	
[0m: 35% done [0m	[0m00:01:12 left[0m	
[0m: 40% done [0m	[0m00:01:07 left[0m	
[0m: 45% done [0m	[0m00:01:01 left[0m	
[0m: 50% done [0m	[0m00:00:56 left[0m	
[0m: 55% done [0m	[0m00:00:51 left[0m	
[0m: 60% done [0m	[0m00:00:45 left[0m	
[0m: 65% done [0m	[0m00:00:40 left[0m	
[0m: 70% done [0m	[0m00:00:34 left[0m	
[0m: 75% done [0m	[0m00:00:29 left[0m	
[0m: 80% done [0m	[0m00:00:23 left[0m	
[0m: 85% done [0m	[0m00:00:17 left[0m	
[0m: 90% done [0m	[0m00:00:11 left[0m	
[0m: 95% done [0m	[0m00:00:06 left[0m	
[0m: 100% done [0m	[0m00:00:00 left[0m	
[0m: Time to test all samples = 00:01:54[0m	
[0m# Confusion Matrix[0m	
[0m: average row correct: 20.872302211378%[0m	
[0m: average rowUcol correct (VOC measure): 11.911833181166%[0m	
[0m: > global correct: 20.796387068348%[0m	
[0m# ... saving model to ./small/model.net[0m	
[0m: tac = 2.4190649986267 sec[0m	
[0m# ... saving optimfunc.state to ./small/optim.state[0m	
[0m: tac = 3.4722490310669 sec[0m	
[0m# ... saving optimfunc.method to ./small/optim.method[0m	
[0m: tac = 3.5545110702515 sec[0m	
[0m
#####################[0m	
[0m# Epoch n° 14[0m	
[0m
# ... train model[0m	
[0m.:. Batch 1 to 128 on 72328 images[0m	
[0m: 1% done[0m	[0m00:15:46 left[0m	
[0m.:. Batch 3201 to 3328 on 72328 images[0m	
[0m: 6% done[0m	[0m00:14:43 left[0m	
[0m.:. Batch 6785 to 6912 on 72328 images[0m	
[0m: 11% done[0m	[0m00:13:51 left[0m	
[0m.:. Batch 10497 to 10624 on 72328 images[0m	
[0m: 16% done[0m	[0m00:12:58 left[0m	
[0m.:. Batch 14081 to 14208 on 72328 images[0m	
[0m: 21% done[0m	[0m00:12:09 left[0m	
[0m.:. Batch 17665 to 17792 on 72328 images[0m	
[0m: 26% done[0m	[0m00:11:22 left[0m	
[0m.:. Batch 21249 to 21376 on 72328 images[0m	
[0m: 31% done[0m	[0m00:10:37 left[0m	
[0m.:. Batch 24961 to 25088 on 72328 images[0m	
[0m: 36% done[0m	[0m00:09:51 left[0m	
[0m.:. Batch 28545 to 28672 on 72328 images[0m	
[0m: 41% done[0m	[0m00:09:04 left[0m	
[0m.:. Batch 32129 to 32256 on 72328 images[0m	
[0m: 46% done[0m	[0m00:08:19 left[0m	
[0m.:. Batch 35841 to 35968 on 72328 images[0m	
[0m: 51% done[0m	[0m00:07:33 left[0m	
[0m.:. Batch 39425 to 39552 on 72328 images[0m	
[0m: 56% done[0m	[0m00:06:46 left[0m	
[0m.:. Batch 43009 to 43136 on 72328 images[0m	
[0m: 61% done[0m	[0m00:06:00 left[0m	
[0m.:. Batch 46721 to 46848 on 72328 images[0m	
[0m: 66% done[0m	[0m00:05:15 left[0m	
[0m.:. Batch 50305 to 50432 on 72328 images[0m	
[0m: 71% done[0m	[0m00:04:28 left[0m	
[0m.:. Batch 53889 to 54016 on 72328 images[0m	
[0m: 76% done[0m	[0m00:03:43 left[0m	
[0m.:. Batch 57473 to 57600 on 72328 images[0m	
[0m: 81% done[0m	[0m00:02:57 left[0m	
[0m.:. Batch 61185 to 61312 on 72328 images[0m	
[0m: 86% done[0m	[0m00:02:12 left[0m	
[0m.:. Batch 64769 to 64896 on 72328 images[0m	
[0m: 91% done[0m	[0m00:01:25 left[0m	
[0m.:. Batch 68353 to 68480 on 72328 images[0m	
[0m: 96% done[0m	[0m00:00:39 left[0m	
[0m.:. Batch 72065 to 72192 on 72328 images[0m	
[0m.:. End of Epoch n° 14[0m	
[0m: Real time to learn 1 batch = 00:00:01[0m	
[0m: Real time to learn full batch = 00:15:23[0m	
[0m# Confusion Matrix[0m	
[0m: average row correct: 57.527486375063%[0m	
[0m: average rowUcol correct (VOC measure): 40.681984238695%[0m	
[0m: > global correct: 57.446632009733%[0m	
[0m
# ... test model[0m	
[0m: 0% done [0m	[0m00:02:53 left[0m	
[0m: 5% done [0m	[0m00:01:45 left[0m	
[0m: 10% done [0m	[0m00:01:39 left[0m	
[0m: 15% done [0m	[0m00:01:34 left[0m	
[0m: 20% done [0m	[0m00:01:29 left[0m	
[0m: 25% done [0m	[0m00:01:24 left[0m	
[0m: 30% done [0m	[0m00:01:18 left[0m	
[0m: 35% done [0m	[0m00:01:14 left[0m	
[0m: 40% done [0m	[0m00:01:09 left[0m	
[0m: 45% done [0m	[0m00:01:03 left[0m	
[0m: 50% done [0m	[0m00:00:57 left[0m	
[0m: 55% done [0m	[0m00:00:52 left[0m	
[0m: 60% done [0m	[0m00:00:46 left[0m	
[0m: 65% done [0m	[0m00:00:40 left[0m	
[0m: 70% done [0m	[0m00:00:35 left[0m	
[0m: 75% done [0m	[0m00:00:29 left[0m	
[0m: 80% done [0m	[0m00:00:23 left[0m	
[0m: 85% done [0m	[0m00:00:17 left[0m	
[0m: 90% done [0m	[0m00:00:11 left[0m	
[0m: 95% done [0m	[0m00:00:06 left[0m	
[0m: 100% done [0m	[0m00:00:00 left[0m	
[0m: Time to test all samples = 00:01:53[0m	
[0m# Confusion Matrix[0m	
[0m: average row correct: 22.213928951043%[0m	
[0m: average rowUcol correct (VOC measure): 13.067882611315%[0m	
[0m: > global correct: 22.140221402214%[0m	
[0m# ... saving model to ./small/model.net[0m	
[0m: tac = 2.3650059700012 sec[0m	
[0m# ... saving optimfunc.state to ./small/optim.state[0m	
[0m: tac = 3.4074430465698 sec[0m	
[0m# ... saving optimfunc.method to ./small/optim.method[0m	
[0m: tac = 3.4835159778595 sec[0m	
[0m
#####################[0m	
[0m# Epoch n° 15[0m	
[0m
# ... train model[0m	
[0m.:. Batch 1 to 128 on 72328 images[0m	
[0m: 1% done[0m	[0m00:15:06 left[0m	
[0m.:. Batch 3201 to 3328 on 72328 images[0m	
[0m: 6% done[0m	[0m00:19:49 left[0m	
[0m.:. Batch 6785 to 6912 on 72328 images[0m	
[0m: 11% done[0m	[0m00:16:33 left[0m	
[0m.:. Batch 10497 to 10624 on 72328 images[0m	
[0m: 16% done[0m	[0m00:14:57 left[0m	
[0m.:. Batch 14081 to 14208 on 72328 images[0m	
[0m: 21% done[0m	[0m00:13:47 left[0m	
[0m.:. Batch 17665 to 17792 on 72328 images[0m	
[0m: 26% done[0m	[0m00:12:36 left[0m	
[0m.:. Batch 21249 to 21376 on 72328 images[0m	
[0m: 31% done[0m	[0m00:11:34 left[0m	
[0m.:. Batch 24961 to 25088 on 72328 images[0m	
[0m: 36% done[0m	[0m00:10:37 left[0m	
[0m.:. Batch 28545 to 28672 on 72328 images[0m	
[0m: 41% done[0m	[0m00:09:40 left[0m	
[0m.:. Batch 32129 to 32256 on 72328 images[0m	
[0m: 46% done[0m	[0m00:08:48 left[0m	
[0m.:. Batch 35841 to 35968 on 72328 images[0m	
[0m: 51% done[0m	[0m00:07:57 left[0m	
[0m.:. Batch 39425 to 39552 on 72328 images[0m	
[0m: 56% done[0m	[0m00:07:06 left[0m	
[0m.:. Batch 43009 to 43136 on 72328 images[0m	
[0m: 61% done[0m	[0m00:06:17 left[0m	
[0m.:. Batch 46721 to 46848 on 72328 images[0m	
[0m: 66% done[0m	[0m00:05:28 left[0m	
[0m.:. Batch 50305 to 50432 on 72328 images[0m	
[0m: 71% done[0m	[0m00:04:38 left[0m	
[0m.:. Batch 53889 to 54016 on 72328 images[0m	
[0m: 76% done[0m	[0m00:03:50 left[0m	
[0m.:. Batch 57473 to 57600 on 72328 images[0m	
[0m: 81% done[0m	[0m00:03:03 left[0m	
[0m.:. Batch 61185 to 61312 on 72328 images[0m	
[0m: 86% done[0m	[0m00:02:16 left[0m	
[0m.:. Batch 64769 to 64896 on 72328 images[0m	
[0m: 91% done[0m	[0m00:01:27 left[0m	
[0m.:. Batch 68353 to 68480 on 72328 images[0m	
[0m: 96% done[0m	[0m00:00:40 left[0m	
[0m.:. Batch 72065 to 72192 on 72328 images[0m	
[0m.:. End of Epoch n° 15[0m	
[0m: Real time to learn 1 batch = 00:00:01[0m	
[0m: Real time to learn full batch = 00:15:43[0m	
[0m# Confusion Matrix[0m	
[0m: average row correct: 70.816513158307%[0m	
[0m: average rowUcol correct (VOC measure): 55.16577569565%[0m	
[0m: > global correct: 70.748534454153%[0m	
[0m
# ... test model[0m	
[0m: 0% done [0m	[0m00:02:50 left[0m	
[0m: 5% done [0m	[0m00:01:32 left[0m	
[0m: 10% done [0m	[0m00:01:36 left[0m	
[0m: 15% done [0m	[0m00:01:31 left[0m	
[0m: 20% done [0m	[0m00:01:27 left[0m	
[0m: 25% done [0m	[0m00:01:24 left[0m	
[0m: 30% done [0m	[0m00:01:18 left[0m	
[0m: 35% done [0m	[0m00:01:12 left[0m	
[0m: 40% done [0m	[0m00:01:07 left[0m	
[0m: 45% done [0m	[0m00:01:02 left[0m	
[0m: 50% done [0m	[0m00:00:56 left[0m	
[0m: 55% done [0m	[0m00:00:50 left[0m	
[0m: 60% done [0m	[0m00:00:45 left[0m	
[0m: 65% done [0m	[0m00:00:39 left[0m	
[0m: 70% done [0m	[0m00:00:34 left[0m	
[0m: 75% done [0m	[0m00:00:28 left[0m	
[0m: 80% done [0m	[0m00:00:23 left[0m	
[0m: 85% done [0m	[0m00:00:17 left[0m	
[0m: 90% done [0m	[0m00:00:11 left[0m	
[0m: 95% done [0m	[0m00:00:06 left[0m	
[0m: 100% done [0m	[0m00:00:00 left[0m	
[0m: Time to test all samples = 00:01:53[0m	
[0m# Confusion Matrix[0m	
[0m: average row correct: 22.310203719552%[0m	
[0m: average rowUcol correct (VOC measure): 13.459145576499%[0m	
[0m: > global correct: 22.255879275211%[0m	
[0m# ... saving model to ./small/model.net[0m	
[0m: tac = 2.4199709892273 sec[0m	
[0m# ... saving optimfunc.state to ./small/optim.state[0m	
[0m: tac = 3.4514210224152 sec[0m	
[0m# ... saving optimfunc.method to ./small/optim.method[0m	
[0m: tac = 3.5249860286713 sec[0m	
[0m
#####################[0m	
[0m# Epoch n° 16[0m	
[0m
# ... train model[0m	
[0m.:. Batch 1 to 128 on 72328 images[0m	
[0m: 1% done[0m	[0m00:14:49 left[0m	
[0m.:. Batch 3201 to 3328 on 72328 images[0m	
[0m: 6% done[0m	[0m00:14:29 left[0m	
[0m.:. Batch 6785 to 6912 on 72328 images[0m	
[0m: 11% done[0m	[0m00:13:41 left[0m	
[0m.:. Batch 10497 to 10624 on 72328 images[0m	
[0m: 16% done[0m	[0m00:12:55 left[0m	
[0m.:. Batch 14081 to 14208 on 72328 images[0m	
[0m: 21% done[0m	[0m00:12:09 left[0m	
[0m.:. Batch 17665 to 17792 on 72328 images[0m	
[0m: 26% done[0m	[0m00:11:24 left[0m	
[0m.:. Batch 21249 to 21376 on 72328 images[0m	
[0m: 31% done[0m	[0m00:10:38 left[0m	
[0m.:. Batch 24961 to 25088 on 72328 images[0m	
[0m: 36% done[0m	[0m00:09:54 left[0m	
[0m.:. Batch 28545 to 28672 on 72328 images[0m	
[0m: 41% done[0m	[0m00:09:06 left[0m	
[0m.:. Batch 32129 to 32256 on 72328 images[0m	
[0m: 46% done[0m	[0m00:08:21 left[0m	
[0m.:. Batch 35841 to 35968 on 72328 images[0m	
[0m: 51% done[0m	[0m00:07:35 left[0m	
[0m.:. Batch 39425 to 39552 on 72328 images[0m	
[0m: 56% done[0m	[0m00:06:47 left[0m	
[0m.:. Batch 43009 to 43136 on 72328 images[0m	
[0m: 61% done[0m	[0m00:06:03 left[0m	
[0m.:. Batch 46721 to 46848 on 72328 images[0m	
[0m: 66% done[0m	[0m00:05:17 left[0m	
[0m.:. Batch 50305 to 50432 on 72328 images[0m	
[0m: 71% done[0m	[0m00:04:31 left[0m	
[0m.:. Batch 53889 to 54016 on 72328 images[0m	
[0m: 76% done[0m	[0m00:03:45 left[0m	
[0m.:. Batch 57473 to 57600 on 72328 images[0m	
[0m: 81% done[0m	[0m00:02:59 left[0m	
[0m.:. Batch 61185 to 61312 on 72328 images[0m	
[0m: 86% done[0m	[0m00:02:13 left[0m	
[0m.:. Batch 64769 to 64896 on 72328 images[0m	
[0m: 91% done[0m	[0m00:01:25 left[0m	
[0m.:. Batch 68353 to 68480 on 72328 images[0m	
[0m: 96% done[0m	[0m00:00:39 left[0m	
[0m.:. Batch 72065 to 72192 on 72328 images[0m	
[0m.:. End of Epoch n° 16[0m	
[0m: Real time to learn 1 batch = 00:00:01[0m	
[0m: Real time to learn full batch = 00:15:26[0m	
[0m# Confusion Matrix[0m	
[0m: average row correct: 80.562871753579%[0m	
[0m: average rowUcol correct (VOC measure): 67.662964953054%[0m	
[0m: > global correct: 80.51653578144%[0m	
[0m
# ... test model[0m	
[0m: 0% done [0m	[0m00:02:58 left[0m	
[0m: 5% done [0m	[0m00:01:40 left[0m	
[0m: 10% done [0m	[0m00:01:35 left[0m	
[0m: 15% done [0m	[0m00:01:31 left[0m	
[0m: 20% done [0m	[0m00:01:28 left[0m	
[0m: 25% done [0m	[0m00:01:22 left[0m	
[0m: 30% done [0m	[0m00:01:17 left[0m	
[0m: 35% done [0m	[0m00:01:12 left[0m	
[0m: 40% done [0m	[0m00:01:07 left[0m	
[0m: 45% done [0m	[0m00:01:01 left[0m	
[0m: 50% done [0m	[0m00:00:56 left[0m	
[0m: 55% done [0m	[0m00:00:50 left[0m	
[0m: 60% done [0m	[0m00:00:45 left[0m	
[0m: 65% done [0m	[0m00:00:39 left[0m	
[0m: 70% done [0m	[0m00:00:34 left[0m	
[0m: 75% done [0m	[0m00:00:28 left[0m	
[0m: 80% done [0m	[0m00:00:22 left[0m	
[0m: 85% done [0m	[0m00:00:17 left[0m	
[0m: 90% done [0m	[0m00:00:11 left[0m	
[0m: 95% done [0m	[0m00:00:06 left[0m	
[0m: 100% done [0m	[0m00:00:00 left[0m	
[0m: Time to test all samples = 00:01:53[0m	
[0m# Confusion Matrix[0m	
[0m: average row correct: 23.249973983753%[0m	
[0m: average rowUcol correct (VOC measure): 13.63740596035%[0m	
[0m: > global correct: 23.175634741422%[0m	
[0m# ... saving model to ./small/model.net[0m	
[0m: tac = 2.4041309356689 sec[0m	
[0m# ... saving optimfunc.state to ./small/optim.state[0m	
[0m: tac = 3.468631029129 sec[0m	
[0m# ... saving optimfunc.method to ./small/optim.method[0m	
[0m: tac = 3.544713973999 sec[0m	
[0m
#####################[0m	
[0m# Epoch n° 17[0m	
[0m
# ... train model[0m	
[0m.:. Batch 1 to 128 on 72328 images[0m	
[0m: 1% done[0m	[0m00:15:29 left[0m	
[0m.:. Batch 3201 to 3328 on 72328 images[0m	
[0m: 6% done[0m	[0m00:14:45 left[0m	
[0m.:. Batch 6785 to 6912 on 72328 images[0m	
[0m: 11% done[0m	[0m00:13:52 left[0m	
[0m.:. Batch 10497 to 10624 on 72328 images[0m	
[0m: 16% done[0m	[0m00:13:07 left[0m	
[0m.:. Batch 14081 to 14208 on 72328 images[0m	
[0m: 21% done[0m	[0m00:12:16 left[0m	
[0m.:. Batch 17665 to 17792 on 72328 images[0m	
[0m: 26% done[0m	[0m00:11:27 left[0m	
[0m.:. Batch 21249 to 21376 on 72328 images[0m	
[0m: 31% done[0m	[0m00:10:41 left[0m	
[0m.:. Batch 24961 to 25088 on 72328 images[0m	
[0m: 36% done[0m	[0m00:09:53 left[0m	
[0m.:. Batch 28545 to 28672 on 72328 images[0m	
[0m: 41% done[0m	[0m00:09:07 left[0m	
[0m.:. Batch 32129 to 32256 on 72328 images[0m	
[0m: 46% done[0m	[0m00:08:21 left[0m	
[0m.:. Batch 35841 to 35968 on 72328 images[0m	
[0m: 51% done[0m	[0m00:07:36 left[0m	
[0m.:. Batch 39425 to 39552 on 72328 images[0m	
[0m: 56% done[0m	[0m00:06:48 left[0m	
[0m.:. Batch 43009 to 43136 on 72328 images[0m	
[0m: 61% done[0m	[0m00:06:02 left[0m	
[0m.:. Batch 46721 to 46848 on 72328 images[0m	
[0m: 66% done[0m	[0m00:05:17 left[0m	
[0m.:. Batch 50305 to 50432 on 72328 images[0m	
[0m: 71% done[0m	[0m00:04:29 left[0m	
[0m.:. Batch 53889 to 54016 on 72328 images[0m	
[0m: 76% done[0m	[0m00:03:43 left[0m	
[0m.:. Batch 57473 to 57600 on 72328 images[0m	
[0m: 81% done[0m	[0m00:02:58 left[0m	
[0m.:. Batch 61185 to 61312 on 72328 images[0m	
[0m: 86% done[0m	[0m00:02:12 left[0m	
[0m.:. Batch 64769 to 64896 on 72328 images[0m	
[0m: 91% done[0m	[0m00:01:25 left[0m	
[0m.:. Batch 68353 to 68480 on 72328 images[0m	
[0m: 96% done[0m	[0m00:00:39 left[0m	
[0m.:. Batch 72065 to 72192 on 72328 images[0m	
[0m.:. End of Epoch n° 17[0m	
[0m: Real time to learn 1 batch = 00:00:01[0m	
[0m: Real time to learn full batch = 00:15:22[0m	
[0m# Confusion Matrix[0m	
[0m: average row correct: 86.837865338467%[0m	
[0m: average rowUcol correct (VOC measure): 76.85991354508%[0m	
[0m: > global correct: 86.811469970136%[0m	
[0m
# ... test model[0m	
[0m: 0% done [0m	[0m00:02:52 left[0m	
[0m: 5% done [0m	[0m00:01:34 left[0m	
[0m: 10% done [0m	[0m00:01:38 left[0m	
[0m: 15% done [0m	[0m00:01:35 left[0m	
[0m: 20% done [0m	[0m00:01:29 left[0m	
[0m: 25% done [0m	[0m00:01:23 left[0m	
[0m: 30% done [0m	[0m00:01:18 left[0m	
[0m: 35% done [0m	[0m00:01:12 left[0m	
[0m: 40% done [0m	[0m00:01:07 left[0m	
[0m: 45% done [0m	[0m00:01:02 left[0m	
[0m: 50% done [0m	[0m00:00:56 left[0m	
[0m: 55% done [0m	[0m00:00:51 left[0m	
[0m: 60% done [0m	[0m00:00:45 left[0m	
[0m: 65% done [0m	[0m00:00:40 left[0m	
[0m: 70% done [0m	[0m00:00:35 left[0m	
[0m: 75% done [0m	[0m00:00:29 left[0m	
[0m: 80% done [0m	[0m00:00:23 left[0m	
[0m: 85% done [0m	[0m00:00:17 left[0m	
[0m: 90% done [0m	[0m00:00:12 left[0m	
[0m: 95% done [0m	[0m00:00:06 left[0m	
[0m: 100% done [0m	[0m00:00:00 left[0m	
[0m: Time to test all samples = 00:01:57[0m	
[0m# Confusion Matrix[0m	
[0m: average row correct: 23.899312011234%[0m	
[0m: average rowUcol correct (VOC measure): 13.835006793684%[0m	
[0m: > global correct: 23.825521837308%[0m	
[0m# ... saving model to ./small/model.net[0m	
[0m: tac = 2.4080631732941 sec[0m	
[0m# ... saving optimfunc.state to ./small/optim.state[0m	
[0m: tac = 3.4242660999298 sec[0m	
[0m# ... saving optimfunc.method to ./small/optim.method[0m	
[0m: tac = 3.4854941368103 sec[0m	
[0m
#####################[0m	
[0m# Epoch n° 18[0m	
[0m
# ... train model[0m	
[0m.:. Batch 1 to 128 on 72328 images[0m	
[0m: 1% done[0m	[0m00:15:39 left[0m	
[0m.:. Batch 3201 to 3328 on 72328 images[0m	
[0m: 6% done[0m	[0m00:15:14 left[0m	
[0m.:. Batch 6785 to 6912 on 72328 images[0m	
[0m: 11% done[0m	[0m00:14:25 left[0m	
[0m.:. Batch 10497 to 10624 on 72328 images[0m	
[0m: 16% done[0m	[0m00:13:28 left[0m	
[0m.:. Batch 14081 to 14208 on 72328 images[0m	
[0m: 21% done[0m	[0m00:12:36 left[0m	
[0m.:. Batch 17665 to 17792 on 72328 images[0m	
[0m: 26% done[0m	[0m00:11:47 left[0m	
[0m.:. Batch 21249 to 21376 on 72328 images[0m	
[0m: 31% done[0m	[0m00:10:57 left[0m	
[0m.:. Batch 24961 to 25088 on 72328 images[0m	
[0m: 36% done[0m	[0m00:10:08 left[0m	
[0m.:. Batch 28545 to 28672 on 72328 images[0m	
[0m: 41% done[0m	[0m00:09:19 left[0m	
[0m.:. Batch 32129 to 32256 on 72328 images[0m	
[0m: 46% done[0m	[0m00:08:31 left[0m	
[0m.:. Batch 35841 to 35968 on 72328 images[0m	
[0m: 51% done[0m	[0m00:07:53 left[0m	
[0m.:. Batch 39425 to 39552 on 72328 images[0m	
[0m: 56% done[0m	[0m00:07:02 left[0m	
[0m.:. Batch 43009 to 43136 on 72328 images[0m	
[0m: 61% done[0m	[0m00:06:13 left[0m	
[0m.:. Batch 46721 to 46848 on 72328 images[0m	
[0m: 66% done[0m	[0m00:05:25 left[0m	
[0m.:. Batch 50305 to 50432 on 72328 images[0m	
[0m: 71% done[0m	[0m00:04:36 left[0m	
[0m.:. Batch 53889 to 54016 on 72328 images[0m	
[0m: 76% done[0m	[0m00:03:49 left[0m	
[0m.:. Batch 57473 to 57600 on 72328 images[0m	
[0m: 81% done[0m	[0m00:03:02 left[0m	
[0m.:. Batch 61185 to 61312 on 72328 images[0m	
[0m: 86% done[0m	[0m00:02:15 left[0m	
[0m.:. Batch 64769 to 64896 on 72328 images[0m	
[0m: 91% done[0m	[0m00:01:26 left[0m	
[0m.:. Batch 68353 to 68480 on 72328 images[0m	
[0m: 96% done[0m	[0m00:00:40 left[0m	
[0m.:. Batch 72065 to 72192 on 72328 images[0m	
[0m.:. End of Epoch n° 18[0m	
[0m: Real time to learn 1 batch = 00:00:01[0m	
[0m: Real time to learn full batch = 00:15:38[0m	
[0m# Confusion Matrix[0m	
[0m: average row correct: 91.92069432523%[0m	
[0m: average rowUcol correct (VOC measure): 85.100176723877%[0m	
[0m: > global correct: 91.904933082624%[0m	
[0m
# ... test model[0m	
[0m: 0% done [0m	[0m00:02:50 left[0m	
[0m: 5% done [0m	[0m00:01:32 left[0m	
[0m: 10% done [0m	[0m00:01:37 left[0m	
[0m: 15% done [0m	[0m00:01:35 left[0m	
[0m: 20% done [0m	[0m00:01:29 left[0m	
[0m: 25% done [0m	[0m00:01:23 left[0m	
[0m: 30% done [0m	[0m00:01:18 left[0m	
[0m: 35% done [0m	[0m00:01:12 left[0m	
[0m: 40% done [0m	[0m00:01:06 left[0m	
[0m: 45% done [0m	[0m00:01:01 left[0m	
[0m: 50% done [0m	[0m00:00:56 left[0m	
[0m: 55% done [0m	[0m00:00:50 left[0m	
[0m: 60% done [0m	[0m00:00:45 left[0m	
[0m: 65% done [0m	[0m00:00:39 left[0m	
[0m: 70% done [0m	[0m00:00:34 left[0m	
[0m: 75% done [0m	[0m00:00:28 left[0m	
[0m: 80% done [0m	[0m00:00:23 left[0m	
[0m: 85% done [0m	[0m00:00:17 left[0m	
[0m: 90% done [0m	[0m00:00:11 left[0m	
[0m: 95% done [0m	[0m00:00:06 left[0m	
[0m: 100% done [0m	[0m00:00:00 left[0m	
[0m: Time to test all samples = 00:01:52[0m	
[0m# Confusion Matrix[0m	
[0m: average row correct: 24.278247931806%[0m	
[0m: average rowUcol correct (VOC measure): 14.317149569345%[0m	
[0m: > global correct: 24.194525527345%[0m	
[0m# ... saving model to ./small/model.net[0m	
[0m: tac = 2.4096341133118 sec[0m	
[0m# ... saving optimfunc.state to ./small/optim.state[0m	
[0m: tac = 3.4632461071014 sec[0m	
[0m# ... saving optimfunc.method to ./small/optim.method[0m	
[0m: tac = 3.5381550788879 sec[0m	
[0m
#####################[0m	
[0m# Epoch n° 19[0m	
[0m
# ... train model[0m	
[0m.:. Batch 1 to 128 on 72328 images[0m	
[0m: 1% done[0m	[0m00:15:10 left[0m	
[0m.:. Batch 3201 to 3328 on 72328 images[0m	
[0m: 6% done[0m	[0m00:14:16 left[0m	
[0m.:. Batch 6785 to 6912 on 72328 images[0m	
[0m: 11% done[0m	[0m00:13:36 left[0m	
[0m.:. Batch 10497 to 10624 on 72328 images[0m	
[0m: 16% done[0m	[0m00:12:52 left[0m	
[0m.:. Batch 14081 to 14208 on 72328 images[0m	
[0m: 21% done[0m	[0m00:12:05 left[0m	
[0m.:. Batch 17665 to 17792 on 72328 images[0m	
[0m: 26% done[0m	[0m00:11:21 left[0m	
[0m.:. Batch 21249 to 21376 on 72328 images[0m	
[0m: 31% done[0m	[0m00:10:35 left[0m	
[0m.:. Batch 24961 to 25088 on 72328 images[0m	
[0m: 36% done[0m	[0m00:09:50 left[0m	
[0m.:. Batch 28545 to 28672 on 72328 images[0m	
[0m: 41% done[0m	[0m00:09:04 left[0m	
[0m.:. Batch 32129 to 32256 on 72328 images[0m	
[0m: 46% done[0m	[0m00:08:20 left[0m	
[0m.:. Batch 35841 to 35968 on 72328 images[0m	
[0m: 51% done[0m	[0m00:07:40 left[0m	
[0m.:. Batch 39425 to 39552 on 72328 images[0m	
[0m: 56% done[0m	[0m00:06:58 left[0m	
[0m.:. Batch 43009 to 43136 on 72328 images[0m	
[0m: 61% done[0m	[0m00:06:15 left[0m	
[0m.:. Batch 46721 to 46848 on 72328 images[0m	
[0m: 66% done[0m	[0m00:05:28 left[0m	
[0m.:. Batch 50305 to 50432 on 72328 images[0m	
[0m: 71% done[0m	[0m00:04:38 left[0m	
[0m.:. Batch 53889 to 54016 on 72328 images[0m	
[0m: 76% done[0m	[0m00:03:50 left[0m	
[0m.:. Batch 57473 to 57600 on 72328 images[0m	
[0m: 81% done[0m	[0m00:03:08 left[0m	
[0m.:. Batch 61185 to 61312 on 72328 images[0m	
[0m: 86% done[0m	[0m00:02:19 left[0m	
[0m.:. Batch 64769 to 64896 on 72328 images[0m	
[0m: 91% done[0m	[0m00:01:29 left[0m	
[0m.:. Batch 68353 to 68480 on 72328 images[0m	
[0m: 96% done[0m	[0m00:00:41 left[0m	
[0m.:. Batch 72065 to 72192 on 72328 images[0m	
[0m.:. End of Epoch n° 19[0m	
[0m: Real time to learn 1 batch = 00:00:01[0m	
[0m: Real time to learn full batch = 00:16:04[0m	
[0m# Confusion Matrix[0m	
[0m: average row correct: 94.403899896263%[0m	
[0m: average rowUcol correct (VOC measure): 89.431645079414%[0m	
[0m: > global correct: 94.389448069904%[0m	
[0m
# ... test model[0m	
[0m: 0% done [0m	[0m00:02:52 left[0m	
[0m: 5% done [0m	[0m00:01:38 left[0m	
[0m: 10% done [0m	[0m00:01:36 left[0m	
[0m: 15% done [0m	[0m00:01:34 left[0m	
[0m: 20% done [0m	[0m00:01:29 left[0m	
[0m: 25% done [0m	[0m00:01:24 left[0m	
[0m: 30% done [0m	[0m00:01:18 left[0m	
[0m: 35% done [0m	[0m00:01:13 left[0m	
[0m: 40% done [0m	[0m00:01:07 left[0m	
[0m: 45% done [0m	[0m00:01:01 left[0m	
[0m: 50% done [0m	[0m00:00:56 left[0m	
[0m: 55% done [0m	[0m00:00:51 left[0m	
[0m: 60% done [0m	[0m00:00:45 left[0m	
[0m: 65% done [0m	[0m00:00:40 left[0m	
[0m: 70% done [0m	[0m00:00:34 left[0m	
[0m: 75% done [0m	[0m00:00:28 left[0m	
[0m: 80% done [0m	[0m00:00:23 left[0m	
[0m: 85% done [0m	[0m00:00:17 left[0m	
[0m: 90% done [0m	[0m00:00:11 left[0m	
[0m: 95% done [0m	[0m00:00:06 left[0m	
[0m: 100% done [0m	[0m00:00:00 left[0m	
[0m: Time to test all samples = 00:01:54[0m	
[0m# Confusion Matrix[0m	
[0m: average row correct: 24.270042784438%[0m	
[0m: average rowUcol correct (VOC measure): 14.247423746061%[0m	
[0m: > global correct: 24.205540562868%[0m	
[0m# ... saving model to ./small/model.net[0m	
[0m: tac = 2.4520528316498 sec[0m	
[0m# ... saving optimfunc.state to ./small/optim.state[0m	
[0m: tac = 3.4898409843445 sec[0m	
[0m# ... saving optimfunc.method to ./small/optim.method[0m	
[0m: tac = 3.5621659755707 sec[0m	
[0m
#####################[0m	
[0m# Epoch n° 20[0m	
[0m
# ... train model[0m	
[0m.:. Batch 1 to 128 on 72328 images[0m	
[0m: 1% done[0m	[0m00:14:57 left[0m	
[0m.:. Batch 3201 to 3328 on 72328 images[0m	
[0m: 6% done[0m	[0m00:14:17 left[0m	
[0m.:. Batch 6785 to 6912 on 72328 images[0m	
[0m: 11% done[0m	[0m00:13:39 left[0m	
[0m.:. Batch 10497 to 10624 on 72328 images[0m	
[0m: 16% done[0m	[0m00:12:52 left[0m	
[0m.:. Batch 14081 to 14208 on 72328 images[0m	
[0m: 21% done[0m	[0m00:12:05 left[0m	
[0m.:. Batch 17665 to 17792 on 72328 images[0m	
[0m: 26% done[0m	[0m00:11:21 left[0m	
[0m.:. Batch 21249 to 21376 on 72328 images[0m	
[0m: 31% done[0m	[0m00:10:37 left[0m	
[0m.:. Batch 24961 to 25088 on 72328 images[0m	
[0m: 36% done[0m	[0m00:09:50 left[0m	
[0m.:. Batch 28545 to 28672 on 72328 images[0m	
[0m: 41% done[0m	[0m00:09:04 left[0m	
[0m.:. Batch 32129 to 32256 on 72328 images[0m	
[0m: 46% done[0m	[0m00:08:19 left[0m	
[0m.:. Batch 35841 to 35968 on 72328 images[0m	
[0m: 51% done[0m	[0m00:07:33 left[0m	
[0m.:. Batch 39425 to 39552 on 72328 images[0m	
[0m: 56% done[0m	[0m00:06:46 left[0m	
[0m.:. Batch 43009 to 43136 on 72328 images[0m	
[0m: 61% done[0m	[0m00:06:00 left[0m	
[0m.:. Batch 46721 to 46848 on 72328 images[0m	
[0m: 66% done[0m	[0m00:05:15 left[0m	
[0m.:. Batch 50305 to 50432 on 72328 images[0m	
[0m: 71% done[0m	[0m00:04:28 left[0m	
[0m.:. Batch 53889 to 54016 on 72328 images[0m	
[0m: 76% done[0m	[0m00:03:42 left[0m	
[0m.:. Batch 57473 to 57600 on 72328 images[0m	
[0m: 81% done[0m	[0m00:02:57 left[0m	
[0m.:. Batch 61185 to 61312 on 72328 images[0m	
[0m: 86% done[0m	[0m00:02:11 left[0m	
[0m.:. Batch 64769 to 64896 on 72328 images[0m	
[0m: 91% done[0m	[0m00:01:24 left[0m	
[0m.:. Batch 68353 to 68480 on 72328 images[0m	
[0m: 96% done[0m	[0m00:00:39 left[0m	
[0m.:. Batch 72065 to 72192 on 72328 images[0m	
[0m.:. End of Epoch n° 20[0m	
[0m: Real time to learn 1 batch = 00:00:01[0m	
[0m: Real time to learn full batch = 00:15:19[0m	
[0m# Confusion Matrix[0m	
[0m: average row correct: 96.072015667906%[0m	
[0m: average rowUcol correct (VOC measure): 92.462071333781%[0m	
[0m: > global correct: 96.063765070236%[0m	
[0m
# ... test model[0m	
[0m: 0% done [0m	[0m00:02:39 left[0m	
[0m: 5% done [0m	[0m00:01:29 left[0m	
[0m: 10% done [0m	[0m00:01:30 left[0m	
[0m: 15% done [0m	[0m00:01:27 left[0m	
[0m: 20% done [0m	[0m00:01:23 left[0m	
[0m: 25% done [0m	[0m00:01:18 left[0m	
[0m: 30% done [0m	[0m00:01:14 left[0m	
[0m: 35% done [0m	[0m00:01:08 left[0m	
[0m: 40% done [0m	[0m00:01:04 left[0m	
[0m: 45% done [0m	[0m00:00:59 left[0m	
[0m: 50% done [0m	[0m00:00:53 left[0m	
[0m: 55% done [0m	[0m00:00:48 left[0m	
[0m: 60% done [0m	[0m00:00:43 left[0m	
[0m: 65% done [0m	[0m00:00:38 left[0m	
[0m: 70% done [0m	[0m00:00:33 left[0m	
[0m: 75% done [0m	[0m00:00:27 left[0m	
[0m: 80% done [0m	[0m00:00:22 left[0m	
[0m: 85% done [0m	[0m00:00:17 left[0m	
[0m: 90% done [0m	[0m00:00:11 left[0m	
[0m: 95% done [0m	[0m00:00:06 left[0m	
[0m: 100% done [0m	[0m00:00:00 left[0m	
[0m: Time to test all samples = 00:01:49[0m	
[0m# Confusion Matrix[0m	
[0m: average row correct: 24.591418370457%[0m	
[0m: average rowUcol correct (VOC measure): 14.340647970243%[0m	
[0m: > global correct: 24.519469075288%[0m	
[0m# ... saving model to ./small/model.net[0m	
[0m: tac = 2.3979408740997 sec[0m	
[0m# ... saving optimfunc.state to ./small/optim.state[0m	
[0m: tac = 3.4486229419708 sec[0m	
[0m# ... saving optimfunc.method to ./small/optim.method[0m	
[0m: tac = 3.5314989089966 sec[0m	
[0m
#####################[0m	
[0m# Epoch n° 21[0m	
[0m
# ... train model[0m	
[0m.:. Batch 1 to 128 on 72328 images[0m	
[0m: 1% done[0m	[0m00:15:05 left[0m	
[0m.:. Batch 3201 to 3328 on 72328 images[0m	
[0m: 6% done[0m	[0m00:14:27 left[0m	
[0m.:. Batch 6785 to 6912 on 72328 images[0m	
[0m: 11% done[0m	[0m00:13:41 left[0m	
[0m.:. Batch 10497 to 10624 on 72328 images[0m	
[0m: 16% done[0m	[0m00:12:56 left[0m	
[0m.:. Batch 14081 to 14208 on 72328 images[0m	
[0m: 21% done[0m	[0m00:12:09 left[0m	
[0m.:. Batch 17665 to 17792 on 72328 images[0m	
[0m: 26% done[0m	[0m00:11:22 left[0m	
[0m.:. Batch 21249 to 21376 on 72328 images[0m	
[0m: 31% done[0m	[0m00:10:36 left[0m	
[0m.:. Batch 24961 to 25088 on 72328 images[0m	
[0m: 36% done[0m	[0m00:09:51 left[0m	
[0m.:. Batch 28545 to 28672 on 72328 images[0m	
[0m: 41% done[0m	[0m00:09:04 left[0m	
[0m.:. Batch 32129 to 32256 on 72328 images[0m	
[0m: 46% done[0m	[0m00:08:17 left[0m	
[0m.:. Batch 35841 to 35968 on 72328 images[0m	
[0m: 51% done[0m	[0m00:07:32 left[0m	
[0m.:. Batch 39425 to 39552 on 72328 images[0m	
[0m: 56% done[0m	[0m00:06:46 left[0m	
[0m.:. Batch 43009 to 43136 on 72328 images[0m	
[0m: 61% done[0m	[0m00:06:00 left[0m	
[0m.:. Batch 46721 to 46848 on 72328 images[0m	
[0m: 66% done[0m	[0m00:05:15 left[0m	
[0m.:. Batch 50305 to 50432 on 72328 images[0m	
[0m: 71% done[0m	[0m00:04:28 left[0m	
[0m.:. Batch 53889 to 54016 on 72328 images[0m	
[0m: 76% done[0m	[0m00:03:42 left[0m	
[0m.:. Batch 57473 to 57600 on 72328 images[0m	
[0m: 81% done[0m	[0m00:02:56 left[0m	
[0m.:. Batch 61185 to 61312 on 72328 images[0m	
[0m: 86% done[0m	[0m00:02:11 left[0m	
[0m.:. Batch 64769 to 64896 on 72328 images[0m	
[0m: 91% done[0m	[0m00:01:24 left[0m	
[0m.:. Batch 68353 to 68480 on 72328 images[0m	
[0m: 96% done[0m	[0m00:00:39 left[0m	
[0m.:. Batch 72065 to 72192 on 72328 images[0m	
[0m.:. End of Epoch n° 21[0m	
[0m: Real time to learn 1 batch = 00:00:01[0m	
[0m: Real time to learn full batch = 00:15:17[0m	
[0m# Confusion Matrix[0m	
[0m: average row correct: 97.002645471308%[0m	
[0m: average rowUcol correct (VOC measure): 94.195907717884%[0m	
[0m: > global correct: 96.99701360469%[0m	
[0m
# ... test model[0m	
[0m: 0% done [0m	[0m00:03:17 left[0m	
[0m: 5% done [0m	[0m00:01:29 left[0m	
[0m: 10% done [0m	[0m00:01:32 left[0m	
[0m: 15% done [0m	[0m00:01:29 left[0m	
[0m: 20% done [0m	[0m00:01:25 left[0m	
[0m: 25% done [0m	[0m00:01:21 left[0m	
[0m: 30% done [0m	[0m00:01:16 left[0m	
[0m: 35% done [0m	[0m00:01:11 left[0m	
[0m: 40% done [0m	[0m00:01:06 left[0m	
[0m: 45% done [0m	[0m00:01:01 left[0m	
[0m: 50% done [0m	[0m00:00:55 left[0m	
[0m: 55% done [0m	[0m00:00:50 left[0m	
[0m: 60% done [0m	[0m00:00:44 left[0m	
[0m: 65% done [0m	[0m00:00:39 left[0m	
[0m: 70% done [0m	[0m00:00:33 left[0m	
[0m: 75% done [0m	[0m00:00:28 left[0m	
[0m: 80% done [0m	[0m00:00:22 left[0m	
[0m: 85% done [0m	[0m00:00:17 left[0m	
[0m: 90% done [0m	[0m00:00:11 left[0m	
[0m: 95% done [0m	[0m00:00:06 left[0m	
[0m: 100% done [0m	[0m00:00:00 left[0m	
[0m: Time to test all samples = 00:01:52[0m	
[0m# Confusion Matrix[0m	
[0m: average row correct: 24.488552807286%[0m	
[0m: average rowUcol correct (VOC measure): 14.271512162862%[0m	
[0m: > global correct: 24.403811202291%[0m	
[0m# ... saving model to ./small/model.net[0m	
[0m: tac = 2.4107780456543 sec[0m	
[0m# ... saving optimfunc.state to ./small/optim.state[0m	
[0m: tac = 3.4375760555267 sec[0m	
[0m# ... saving optimfunc.method to ./small/optim.method[0m	
[0m: tac = 3.4995470046997 sec[0m	
[0m
#####################[0m	
[0m# Epoch n° 22[0m	
[0m
# ... train model[0m	
[0m.:. Batch 1 to 128 on 72328 images[0m	
[0m: 1% done[0m	[0m00:14:52 left[0m	
[0m.:. Batch 3201 to 3328 on 72328 images[0m	
[0m: 6% done[0m	[0m00:14:23 left[0m	
[0m.:. Batch 6785 to 6912 on 72328 images[0m	
[0m: 11% done[0m	[0m00:13:39 left[0m	
[0m.:. Batch 10497 to 10624 on 72328 images[0m	
[0m: 16% done[0m	[0m00:12:55 left[0m	
[0m.:. Batch 14081 to 14208 on 72328 images[0m	
[0m: 21% done[0m	[0m00:12:05 left[0m	
[0m.:. Batch 17665 to 17792 on 72328 images[0m	
[0m: 26% done[0m	[0m00:11:21 left[0m	
[0m.:. Batch 21249 to 21376 on 72328 images[0m	
[0m: 31% done[0m	[0m00:10:36 left[0m	
[0m.:. Batch 24961 to 25088 on 72328 images[0m	
[0m: 36% done[0m	[0m00:09:51 left[0m	
