apple_pie;apple_pie_390.jpg;Image broken
apple_pie;apple_pie_235.jpg;Image broken
apple_pie;apple_pie_338.jpg;Grey image
caprese_salad;caprese_salad_470.jpg;Image broken
miso_soup;miso_soup_395.jpg;Image broken
miso_soup;miso_soup_632.jpg;Image broken
miso_soup;miso_soup_876.jpg;Grey image
panna_cotta;panna_cotta_805.jpg;Image broken
panna_cotta;panna_cotta_922.jpg;Image broken
panna_cotta;panna_cotta_337.jpg;Image broken
panna_cotta;panna_cotta_107.jpg;Grey image
nachos;nachos_466.jpg;Image broken
cup_cakes;cup_cakes_842.jpg;Image broken
cup_cakes;cup_cakes_404.jpg;Image broken
cup_cakes;cup_cakes_350.jpg;Image broken
crab_cakes;crab_cakes_173.jpg;Grey image
crab_cakes;crab_cakes_906.jpg;Image broken
crab_cakes;crab_cakes_62.jpg;Grey image
crab_cakes;crab_cakes_181.jpg;Grey image
crab_cakes;crab_cakes_759.jpg;Image broken
crab_cakes;crab_cakes_232.jpg;Image broken
crab_cakes;crab_cakes_664.jpg;Image broken
ravioli;ravioli_679.jpg;Image broken
peking_duck;peking_duck_575.jpg;Image broken
peking_duck;peking_duck_268.jpg;Image broken
peking_duck;peking_duck_876.jpg;Image broken
peking_duck;peking_duck_320.jpg;Image broken
peking_duck;peking_duck_514.jpg;Grey image
peking_duck;peking_duck_101.jpg;Image broken
breakfast_burrito;breakfast_burrito_300.jpg;Grey image
breakfast_burrito;breakfast_burrito_608.jpg;Image broken
breakfast_burrito;breakfast_burrito_578.jpg;Image broken
breakfast_burrito;breakfast_burrito_693.jpg;Grey image
breakfast_burrito;breakfast_burrito_410.jpg;Image broken
breakfast_burrito;breakfast_burrito_530.jpg;Image broken
churros;churros_233.jpg;Grey image
oysters;oysters_454.jpg;Image broken
oysters;oysters_382.jpg;Image broken
oysters;oysters_384.jpg;Grey image
oysters;oysters_923.jpg;Image broken
oysters;oysters_635.jpg;Grey image
oysters;oysters_199.jpg;Image broken
guacamole;guacamole_328.jpg;Image broken
guacamole;guacamole_777.jpg;Grey image
guacamole;guacamole_488.jpg;Image broken
guacamole;guacamole_543.jpg;Grey image
bruschetta;bruschetta_798.jpg;Image broken
strawberry_shortcake;strawberry_shortcake_677.jpg;Image broken
beet_salad;beet_salad_385.jpg;Grey image
beet_salad;beet_salad_640.jpg;Image broken
beet_salad;beet_salad_615.jpg;Image broken
beet_salad;beet_salad_419.jpg;Grey image
beet_salad;beet_salad_152.jpg;Image broken
beet_salad;beet_salad_474.jpg;Image broken
beet_salad;beet_salad_313.jpg;Grey image
gyoza;gyoza_142.jpg;Image broken
gyoza;gyoza_741.jpg;Image broken
gyoza;gyoza_441.jpg;Image broken
gyoza;gyoza_696.jpg;Grey image
gyoza;gyoza_239.jpg;Image broken
gyoza;gyoza_222.jpg;Image broken
gyoza;gyoza_111.jpg;Image broken
gyoza;gyoza_789.jpg;Image broken
gyoza;gyoza_265.jpg;Image broken
gyoza;gyoza_281.jpg;Image broken
gyoza;gyoza_241.jpg;Image broken
gyoza;gyoza_773.jpg;Grey image
gyoza;gyoza_772.jpg;Image broken
ice_cream;ice_cream_725.jpg;Grey image
carrot_cake;carrot_cake_979.jpg;Grey image
hummus;hummus_367.jpg;Image broken
hummus;hummus_499.jpg;Image broken
hummus;hummus_575.jpg;Image broken
hummus;hummus_691.jpg;Image broken
hummus;hummus_448.jpg;Image broken
croque_madame;croque_madame_761.jpg;Image broken
croque_madame;croque_madame_738.jpg;Image broken
croque_madame;croque_madame_224.jpg;Grey image
croque_madame;croque_madame_518.jpg;Grey image
cheese_plate;cheese_plate_717.jpg;Image broken
cheese_plate;cheese_plate_706.jpg;Grey image
red_velvet_cake;red_velvet_cake_586.jpg;Image broken
red_velvet_cake;red_velvet_cake_656.jpg;Image broken
red_velvet_cake;red_velvet_cake_413.jpg;Grey image
chicken_quesadilla;chicken_quesadilla_656.jpg;Image broken
chicken_quesadilla;chicken_quesadilla_701.jpg;Grey image
spaghetti_bolognese;spaghetti_bolognese_429.jpg;Image broken
spaghetti_bolognese;spaghetti_bolognese_314.jpg;Image broken
spaghetti_bolognese;spaghetti_bolognese_811.jpg;Image broken
spaghetti_bolognese;spaghetti_bolognese_386.jpg;Image broken
foie_gras;foie_gras_288.jpg;Grey image
foie_gras;foie_gras_427.jpg;Grey image
foie_gras;foie_gras_822.jpg;Grey image
foie_gras;foie_gras_163.jpg;Image broken
bibimbap;bibimbap_328.jpg;Grey image
bibimbap;bibimbap_214.jpg;Grey image
beef_carpaccio;beef_carpaccio_915.jpg;Grey image
beef_carpaccio;beef_carpaccio_430.jpg;Grey image
beef_carpaccio;beef_carpaccio_153.jpg;Grey image
beef_carpaccio;beef_carpaccio_223.jpg;Grey image
beef_carpaccio;beef_carpaccio_164.jpg;Grey image
garlic_bread;garlic_bread_753.jpg;Image broken
chocolate_mousse;chocolate_mousse_574.jpg;Grey image
deviled_eggs;deviled_eggs_450.jpg;Grey image
deviled_eggs;deviled_eggs_155.jpg;Image broken
deviled_eggs;deviled_eggs_231.jpg;Image broken
deviled_eggs;deviled_eggs_897.jpg;Grey image
sushi;sushi_294.jpg;Image broken
sushi;sushi_331.jpg;Image broken
pad_thai;pad_thai_571.jpg;Image broken
pad_thai;pad_thai_0.jpg;Image broken
pad_thai;pad_thai_882.jpg;Image broken
pad_thai;pad_thai_310.jpg;Grey image
pad_thai;pad_thai_337.jpg;Image broken
pad_thai;pad_thai_723.jpg;Image broken
pad_thai;pad_thai_665.jpg;Image broken
pad_thai;pad_thai_215.jpg;Image broken
pad_thai;pad_thai_758.jpg;Image broken
escargots;escargots_760.jpg;Image broken
escargots;escargots_224.jpg;Image broken
escargots;escargots_689.jpg;Grey image
escargots;escargots_390.jpg;Image broken
escargots;escargots_450.jpg;Image broken
escargots;escargots_308.jpg;Image broken
escargots;escargots_289.jpg;Image broken
escargots;escargots_877.jpg;Image broken
escargots;escargots_553.jpg;Image broken
escargots;escargots_687.jpg;Image broken
escargots;escargots_830.jpg;Grey image
escargots;escargots_397.jpg;Image broken
escargots;escargots_796.jpg;Image broken
escargots;escargots_327.jpg;Image broken
steak;steak_769.jpg;Image broken
steak;steak_793.jpg;Image broken
chicken_wings;chicken_wings_43.jpg;Grey image
chocolate_cake;chocolate_cake_463.jpg;Image broken
chocolate_cake;chocolate_cake_476.jpg;Image broken
club_sandwich;club_sandwich_539.jpg;Image broken
fish_and_chips;fish_and_chips_872.jpg;Grey image
fish_and_chips;fish_and_chips_900.jpg;Grey image
fish_and_chips;fish_and_chips_870.jpg;Image broken
beignets;beignets_934.jpg;Grey image
greek_salad;greek_salad_245.jpg;Image broken
greek_salad;greek_salad_241.jpg;Image broken
pizza;pizza_484.jpg;Image broken
grilled_salmon;grilled_salmon_16.jpg;Image broken
grilled_salmon;grilled_salmon_618.jpg;Image broken
samosa;samosa_374.jpg;Grey image
samosa;samosa_596.jpg;Grey image
tacos;tacos_691.jpg;Image broken
tacos;tacos_400.jpg;Image broken
poutine;poutine_421.jpg;Image broken
clam_chowder;clam_chowder_616.jpg;Image broken
clam_chowder;clam_chowder_326.jpg;Image broken
sashimi;sashimi_697.jpg;Image broken
sashimi;sashimi_169.jpg;Grey image
sashimi;sashimi_294.jpg;Grey image
frozen_yogurt;frozen_yogurt_675.jpg;Image broken
frozen_yogurt;frozen_yogurt_386.jpg;Image broken
frozen_yogurt;frozen_yogurt_571.jpg;Image broken
frozen_yogurt;frozen_yogurt_348.jpg;Image broken
waffles;waffles_949.jpg;Image broken
waffles;waffles_331.jpg;Image broken
waffles;waffles_189.jpg;Image broken
waffles;waffles_780.jpg;Image broken
waffles;waffles_802.jpg;Image broken
waffles;waffles_538.jpg;Image broken
waffles;waffles_867.jpg;Image broken
french_onion_soup;french_onion_soup_421.jpg;Image broken
french_onion_soup;french_onion_soup_169.jpg;Grey image
pancakes;pancakes_457.jpg;Image broken
pancakes;pancakes_929.jpg;Grey image
lobster_roll_sandwich;lobster_roll_sandwich_697.jpg;Grey image
lobster_roll_sandwich;lobster_roll_sandwich_864.jpg;Grey image
scallops;scallops_250.jpg;Image broken
scallops;scallops_823.jpg;Image broken
macaroni_and_cheese;macaroni_and_cheese_535.jpg;Grey image
hot_and_sour_soup;hot_and_sour_soup_51.jpg;Image broken
hot_and_sour_soup;hot_and_sour_soup_897.jpg;Image broken
hot_and_sour_soup;hot_and_sour_soup_333.jpg;Image broken
hot_and_sour_soup;hot_and_sour_soup_368.jpg;Image broken
paella;paella_454.jpg;Grey image
ceviche;ceviche_794.jpg;Image broken
ceviche;ceviche_456.jpg;Grey image
ceviche;ceviche_79.jpg;Image broken
macarons;macarons_314.jpg;Image broken
macarons;macarons_46.jpg;Image broken
macarons;macarons_806.jpg;Image broken
macarons;macarons_399.jpg;Image broken
macarons;macarons_214.jpg;Image broken
macarons;macarons_271.jpg;Image broken
macarons;macarons_312.jpg;Image broken
macarons;macarons_217.jpg;Image broken
macarons;macarons_389.jpg;Image broken
macarons;macarons_359.jpg;Image broken
prime_rib;prime_rib_515.jpg;Image broken
prime_rib;prime_rib_478.jpg;Image broken
prime_rib;prime_rib_736.jpg;Image broken
prime_rib;prime_rib_731.jpg;Image broken
fried_rice;fried_rice_564.jpg;Grey image
filet_mignon;filet_mignon_600.jpg;Image broken
onion_rings;onion_rings_143.jpg;Image broken
onion_rings;onion_rings_808.jpg;Image broken
onion_rings;onion_rings_611.jpg;Image broken
onion_rings;onion_rings_597.jpg;Image broken
eggs_benedict;eggs_benedict_655.jpg;Image broken
hot_dog;hot_dog_555.jpg;Grey image
hot_dog;hot_dog_160.jpg;Image broken
hot_dog;hot_dog_655.jpg;Grey image
omelette;omelette_286.jpg;Image broken
omelette;omelette_26.jpg;Grey image
grilled_cheese_sandwich;grilled_cheese_sandwich_853.jpg;Image broken
takoyaki;takoyaki_856.jpg;Image broken
takoyaki;takoyaki_205.jpg;Grey image
takoyaki;takoyaki_887.jpg;Image broken
takoyaki;takoyaki_654.jpg;Image broken
takoyaki;takoyaki_471.jpg;Grey image
takoyaki;takoyaki_655.jpg;Grey image
hamburger;hamburger_314.jpg;Grey image
hamburger;hamburger_790.jpg;Image broken
hamburger;hamburger_337.jpg;Image broken
hamburger;hamburger_207.jpg;Image broken
hamburger;hamburger_541.jpg;Grey image
hamburger;hamburger_429.jpg;Image broken
pork_chop;pork_chop_815.jpg;Image broken
pork_chop;pork_chop_500.jpg;Image broken
pork_chop;pork_chop_772.jpg;Image broken
caesar_salad;caesar_salad_321.jpg;Grey image
caesar_salad;caesar_salad_502.jpg;Image broken
shrimp_and_grits;shrimp_and_grits_552.jpg;Image broken
shrimp_and_grits;shrimp_and_grits_522.jpg;Image broken
shrimp_and_grits;shrimp_and_grits_259.jpg;Image broken
shrimp_and_grits;shrimp_and_grits_812.jpg;Image broken
shrimp_and_grits;shrimp_and_grits_39.jpg;Image broken
shrimp_and_grits;shrimp_and_grits_906.jpg;/home/cadene/torch/install/share/lua/5.1/image/init.lua:192: Empty input file
shrimp_and_grits;shrimp_and_grits_936.jpg;/home/cadene/torch/install/share/lua/5.1/image/init.lua:192: Empty input file
shrimp_and_grits;shrimp_and_grits_678.jpg;Image broken
shrimp_and_grits;shrimp_and_grits_558.jpg;Image broken
shrimp_and_grits;shrimp_and_grits_600.jpg;Grey image
shrimp_and_grits;shrimp_and_grits_6.jpg;Image broken
shrimp_and_grits;shrimp_and_grits_880.jpg;Grey image
shrimp_and_grits;shrimp_and_grits_842.jpg;Grey image
shrimp_and_grits;shrimp_and_grits_904.jpg;/home/cadene/torch/install/share/lua/5.1/image/init.lua:192: Empty input file
shrimp_and_grits;shrimp_and_grits_970.jpg;/home/cadene/torch/install/share/lua/5.1/image/init.lua:192: Empty input file
shrimp_and_grits;shrimp_and_grits_343.jpg;Image broken
shrimp_and_grits;shrimp_and_grits_105.jpg;Image broken
shrimp_and_grits;shrimp_and_grits_714.jpg;Image broken
shrimp_and_grits;shrimp_and_grits_325.jpg;Image broken
shrimp_and_grits;shrimp_and_grits_242.jpg;Image broken
shrimp_and_grits;shrimp_and_grits_104.jpg;Image broken
shrimp_and_grits;shrimp_and_grits_890.jpg;Image broken
shrimp_and_grits;shrimp_and_grits_837.jpg;/home/cadene/torch/install/share/lua/5.1/image/init.lua:192: Empty input file
shrimp_and_grits;shrimp_and_grits_865.jpg;/home/cadene/torch/install/share/lua/5.1/image/init.lua:192: Empty input file
shrimp_and_grits;shrimp_and_grits_119.jpg;Image broken
shrimp_and_grits;shrimp_and_grits_37.jpg;Image broken
shrimp_and_grits;shrimp_and_grits_523.jpg;Image broken
shrimp_and_grits;shrimp_and_grits_711.jpg;Image broken
shrimp_and_grits;shrimp_and_grits_802.jpg;Image broken
shrimp_and_grits;shrimp_and_grits_693.jpg;Image broken
shrimp_and_grits;shrimp_and_grits_162.jpg;Image broken
shrimp_and_grits;shrimp_and_grits_787.jpg;Image broken
shrimp_and_grits;shrimp_and_grits_111.jpg;Image broken
shrimp_and_grits;shrimp_and_grits_473.jpg;/home/cadene/torch/install/share/lua/5.1/image/init.lua:192: Empty input file
shrimp_and_grits;shrimp_and_grits_732.jpg;Grey image
shrimp_and_grits;shrimp_and_grits_866.jpg;/home/cadene/torch/install/share/lua/5.1/image/init.lua:192: Empty input file
shrimp_and_grits;shrimp_and_grits_568.jpg;/home/cadene/torch/install/share/lua/5.1/image/init.lua:192: Empty input file
shrimp_and_grits;shrimp_and_grits_542.jpg;Image broken
shrimp_and_grits;shrimp_and_grits_859.jpg;Image broken
shrimp_and_grits;shrimp_and_grits_368.jpg;Image broken
shrimp_and_grits;shrimp_and_grits_953.jpg;/home/cadene/torch/install/share/lua/5.1/image/init.lua:192: Empty input file
shrimp_and_grits;shrimp_and_grits_204.jpg;Grey image
shrimp_and_grits;shrimp_and_grits_781.jpg;Image broken
shrimp_and_grits;shrimp_and_grits_342.jpg;Image broken
shrimp_and_grits;shrimp_and_grits_618.jpg;Image broken
shrimp_and_grits;shrimp_and_grits_532.jpg;/home/cadene/torch/install/share/lua/5.1/image/init.lua:192: Empty input file
shrimp_and_grits;shrimp_and_grits_144.jpg;Image broken
shrimp_and_grits;shrimp_and_grits_179.jpg;Image broken
shrimp_and_grits;shrimp_and_grits_541.jpg;Grey image
shrimp_and_grits;shrimp_and_grits_761.jpg;Image broken
shrimp_and_grits;shrimp_and_grits_273.jpg;Image broken
shrimp_and_grits;shrimp_and_grits_915.jpg;Image broken
shrimp_and_grits;shrimp_and_grits_357.jpg;Image broken
tuna_tartare;tuna_tartare_265.jpg;Grey image
tuna_tartare;tuna_tartare_713.jpg;Image broken
tuna_tartare;tuna_tartare_415.jpg;Image broken
tuna_tartare;tuna_tartare_173.jpg;Image broken
tuna_tartare;tuna_tartare_50.jpg;Grey image
tuna_tartare;tuna_tartare_798.jpg;Image broken
tuna_tartare;tuna_tartare_264.jpg;Image broken
tuna_tartare;tuna_tartare_787.jpg;Image broken
tuna_tartare;tuna_tartare_625.jpg;Image broken
tuna_tartare;tuna_tartare_455.jpg;Grey image
fried_calamari;fried_calamari_722.jpg;Image broken
fried_calamari;fried_calamari_49.jpg;Image broken
fried_calamari;fried_calamari_843.jpg;Image broken
fried_calamari;fried_calamari_197.jpg;Image broken
fried_calamari;fried_calamari_110.jpg;Image broken
lobster_bisque;lobster_bisque_732.jpg;Image broken
lobster_bisque;lobster_bisque_212.jpg;Image broken
lobster_bisque;lobster_bisque_788.jpg;Grey image
mussels;mussels_597.jpg;Grey image
falafel;falafel_600.jpg;Image broken
falafel;falafel_782.jpg;Image broken
falafel;falafel_804.jpg;Image broken
falafel;falafel_93.jpg;Grey image
falafel;falafel_869.jpg;Grey image
baby_back_ribs;baby_back_ribs_118.jpg;Grey image
baby_back_ribs;baby_back_ribs_896.jpg;Image broken
baby_back_ribs;baby_back_ribs_47.jpg;Grey image
creme_brulee;creme_brulee_217.jpg;Image broken
creme_brulee;creme_brulee_882.jpg;Grey image
creme_brulee;creme_brulee_888.jpg;Image broken
spring_rolls;spring_rolls_284.jpg;Image broken
spring_rolls;spring_rolls_526.jpg;Image broken
spring_rolls;spring_rolls_116.jpg;Image broken
spring_rolls;spring_rolls_239.jpg;Image broken
donuts;donuts_219.jpg;Image broken
donuts;donuts_810.jpg;Grey image
donuts;donuts_934.jpg;Image broken
baklava;baklava_807.jpg;Image broken
baklava;baklava_33.jpg;Image broken
baklava;baklava_867.jpg;Image broken
baklava;baklava_567.jpg;Image broken
french_toast;french_toast_320.jpg;Image broken
french_toast;french_toast_826.jpg;Grey image
french_toast;french_toast_178.jpg;Image broken
french_toast;french_toast_412.jpg;Image broken
pulled_pork_sandwich;pulled_pork_sandwich_246.jpg;Image broken
pulled_pork_sandwich;pulled_pork_sandwich_203.jpg;Image broken
pulled_pork_sandwich;pulled_pork_sandwich_195.jpg;Grey image
pulled_pork_sandwich;pulled_pork_sandwich_566.jpg;Image broken
pulled_pork_sandwich;pulled_pork_sandwich_492.jpg;Image broken
pulled_pork_sandwich;pulled_pork_sandwich_693.jpg;Grey image
pulled_pork_sandwich;pulled_pork_sandwich_280.jpg;Grey image
seaweed_salad;seaweed_salad_403.jpg;Image broken
lasagna;lasagna_756.jpg;Image broken
pho;pho_675.jpg;Image broken
pho;pho_215.jpg;Image broken
pho;pho_762.jpg;Image broken
pho;pho_103.jpg;Image broken
pho;pho_170.jpg;Grey image
pho;pho_528.jpg;Image broken
pho;pho_327.jpg;Image broken
pho;pho_256.jpg;Grey image
pho;pho_791.jpg;Image broken
pho;pho_8.jpg;Image broken
spaghetti_carbonara;spaghetti_carbonara_859.jpg;Grey image
spaghetti_carbonara;spaghetti_carbonara_457.jpg;Image broken
cannoli;cannoli_675.jpg;Grey image
cannoli;cannoli_206.jpg;Image broken
cannoli;cannoli_246.jpg;Image broken
cannoli;cannoli_3.jpg;Image broken
cannoli;cannoli_247.jpg;Image broken
cheesecake;cheesecake_871.jpg;Image broken
cheesecake;cheesecake_691.jpg;Image broken
