[0m# ... lunching using pid = 8180[0m	
[0m# ... loading seed in ./sk6-1/seed.save[0m	
[0m# ... switching to CUDA[0m	
[0m# ... loading Dataset[0m	
[0m# ...reloading previously trained model[0m	
[0m# Model[0m	
nn.Sequential {
  [input -> (1) -> (2) -> (3) -> (4) -> (5) -> (6) -> (7) -> (8) -> (9) -> (10) -> (11) -> (12) -> (13) -> (14) -> (15) -> (16) -> (17) -> (18) -> (19) -> (20) -> (21) -> (22) -> (23) -> (24) -> (25) -> (26) -> (27) -> (28) -> output]
  (1): nn.SpatialConvolution(in: 3, out: 96, kW: 7, kH: 7, dW: 2, dH: 2)
  (2): nn.Threshold
  (3): nn.SpatialMaxPooling(kW: 3, kH: 3, dW: 3, dH: 3)
  (4): nn.SpatialConvolutionMM(in: 96, out: 256, kW: 7, kH: 7)
  (5): nn.Threshold
  (6): nn.SpatialMaxPooling(kW: 2, kH: 2, dW: 2, dH: 2)
  (7): nn.SpatialZeroPadding(l=1,r=1,t=1,b=1)
  (8): nn.SpatialConvolutionMM(in: 256, out: 512, kW: 3, kH: 3)
  (9): nn.Threshold
  (10): nn.SpatialZeroPadding(l=1,r=1,t=1,b=1)
  (11): nn.SpatialConvolutionMM(in: 512, out: 512, kW: 3, kH: 3)
  (12): nn.Threshold
  (13): nn.SpatialZeroPadding(l=1,r=1,t=1,b=1)
  (14): nn.SpatialConvolutionMM(in: 512, out: 1024, kW: 3, kH: 3)
  (15): nn.Threshold
  (16): nn.SpatialZeroPadding(l=1,r=1,t=1,b=1)
  (17): nn.SpatialConvolutionMM(in: 1024, out: 1024, kW: 3, kH: 3)
  (18): nn.Threshold
  (19): nn.SpatialMaxPooling(kW: 3, kH: 3, dW: 3, dH: 3)
  (20): nn.SpatialConvolutionMM(in: 1024, out: 4096, kW: 5, kH: 5)
  (21): nn.Threshold
  (22): nn.Dropout(0.900000)
  (23): nn.SpatialConvolutionMM(in: 4096, out: 4096, kW: 1, kH: 1)
  (24): nn.Threshold
  (25): nn.Dropout(0.900000)
  (26): nn.SpatialConvolutionMM(in: 4096, out: 101, kW: 1, kH: 1)
  (27): nn.View
  (28): nn.LogSoftMax
}
[0mNumber of parameters 140973285[0m	
[0m# Criterion[0m	
nn.ClassNLLCriterion
[0m# ... building optimizer[0m	
[0m# ...reloading previously trained optimfunc.state[0m	
[0m# Optimizer[0m	
{
  name : [1;30m"[0m[0;32mADAGRAD[0m[1;30m"[0m
  method : [0;35mfunction: 0x41dac3b8[0m
  config : 
    {
      learningRate : [0;36m0.003[0m
    }
  state : {...}
}
[0m
#####################[0m	
[0m# Epoch n° 1[0m	
[0m
# ... train model[0m	
[0m.:. Batch 1 to 128 on 72328 images[0m	
[0m: 1% done[0m	[0m01:14:49 left[0m	
[0m.:. Batch 3201 to 3328 on 72328 images[0m	
[0m: 6% done[0m	[0m01:09:19 left[0m	
[0m.:. Batch 6785 to 6912 on 72328 images[0m	
[0m: 11% done[0m	[0m01:06:01 left[0m	
[0m.:. Batch 10497 to 10624 on 72328 images[0m	
[0m: 16% done[0m	[0m01:02:19 left[0m	
[0m.:. Batch 14081 to 14208 on 72328 images[0m	
[0m: 21% done[0m	[0m00:58:36 left[0m	
[0m.:. Batch 17665 to 17792 on 72328 images[0m	
[0m: 26% done[0m	[0m00:55:35 left[0m	
[0m.:. Batch 21249 to 21376 on 72328 images[0m	
[0m: 31% done[0m	[0m00:52:11 left[0m	
[0m.:. Batch 24961 to 25088 on 72328 images[0m	
[0m: 36% done[0m	[0m00:48:40 left[0m	
[0m.:. Batch 28545 to 28672 on 72328 images[0m	
[0m: 41% done[0m	[0m00:44:56 left[0m	
[0m.:. Batch 32129 to 32256 on 72328 images[0m	
[0m: 46% done[0m	[0m00:41:24 left[0m	
[0m.:. Batch 35841 to 35968 on 72328 images[0m	
[0m: 51% done[0m	[0m00:37:42 left[0m	
[0m.:. Batch 39425 to 39552 on 72328 images[0m	
[0m: 56% done[0m	[0m00:33:49 left[0m	
[0m.:. Batch 43009 to 43136 on 72328 images[0m	
[0m: 61% done[0m	[0m00:30:07 left[0m	
[0m.:. Batch 46721 to 46848 on 72328 images[0m	
[0m: 66% done[0m	[0m00:26:21 left[0m	
[0m.:. Batch 50305 to 50432 on 72328 images[0m	
[0m: 71% done[0m	[0m00:22:27 left[0m	
[0m.:. Batch 53889 to 54016 on 72328 images[0m	
[0m: 76% done[0m	[0m00:18:40 left[0m	
[0m.:. Batch 57473 to 57600 on 72328 images[0m	
[0m: 81% done[0m	[0m00:14:54 left[0m	
[0m.:. Batch 61185 to 61312 on 72328 images[0m	
[0m: 86% done[0m	[0m00:11:07 left[0m	
[0m.:. Batch 64769 to 64896 on 72328 images[0m	
[0m: 91% done[0m	[0m00:07:08 left[0m	
[0m.:. Batch 68353 to 68480 on 72328 images[0m	
[0m: 96% done[0m	[0m00:03:18 left[0m	
[0m.:. Batch 72065 to 72192 on 72328 images[0m	
[0m.:. End of Epoch n° 1[0m	
[0m: Real time to learn 1 batch = 00:00:08[0m	
[0m: Real time to learn full batch = 01:17:33[0m	
[0m# Confusion Matrix[0m	
[0m: average row correct: 1.7197079928868%[0m	
[0m: average rowUcol correct (VOC measure): 0.75485304489013%[0m	
[0m: > global correct: 1.7310032076098%[0m	
[0m
# ... test model[0m	
[0m: 0% done [0m	[0m00:20:49 left[0m	
[0m: 5% done [0m	[0m00:06:53 left[0m	
[0m: 10% done [0m	[0m00:06:44 left[0m	
[0m: 15% done [0m	[0m00:06:27 left[0m	
[0m: 20% done [0m	[0m00:06:05 left[0m	
[0m: 25% done [0m	[0m00:05:43 left[0m	
[0m: 30% done [0m	[0m00:05:21 left[0m	
[0m: 35% done [0m	[0m00:04:59 left[0m	
[0m: 40% done [0m	[0m00:04:37 left[0m	
[0m: 45% done [0m	[0m00:04:14 left[0m	
[0m: 50% done [0m	[0m00:03:51 left[0m	
[0m: 55% done [0m	[0m00:03:28 left[0m	
[0m: 60% done [0m	[0m00:03:05 left[0m	
[0m: 65% done [0m	[0m00:02:42 left[0m	
[0m: 70% done [0m	[0m00:02:20 left[0m	
[0m: 75% done [0m	[0m00:01:57 left[0m	
[0m: 80% done [0m	[0m00:01:34 left[0m	
[0m: 85% done [0m	[0m00:01:11 left[0m	
[0m: 90% done [0m	[0m00:00:48 left[0m	
[0m: 95% done [0m	[0m00:00:25 left[0m	
[0m: 100% done [0m	[0m00:00:02 left[0m	
[0m: Time to test all samples = 00:07:41[0m	
[0m# Confusion Matrix[0m	
[0m: average row correct: 3.4808896588032%[0m	
[0m: average rowUcol correct (VOC measure): 0.61446341091195%[0m	
[0m: > global correct: 3.4697361898992%[0m	
[0m# ... saving model to ./sk6-3/model.net[0m	
[0m: tac = 22.571754217148 sec[0m	
[0m# ... saving optimfunc.state to ./sk6-3/optim.state[0m	
[0m: tac = 43.40475320816 sec[0m	
[0m# ... saving optimfunc.method to ./sk6-3/optim.method[0m	
[0m: tac = 43.455749034882 sec[0m	
[0m
#####################[0m	
[0m# Epoch n° 2[0m	
[0m
# ... train model[0m	
[0m.:. Batch 1 to 128 on 72328 images[0m	
[0m: 1% done[0m	[0m01:21:15 left[0m	
[0m.:. Batch 3201 to 3328 on 72328 images[0m	
[0m: 6% done[0m	[0m01:15:22 left[0m	
[0m.:. Batch 6785 to 6912 on 72328 images[0m	
[0m: 11% done[0m	[0m01:10:21 left[0m	
[0m.:. Batch 10497 to 10624 on 72328 images[0m	
[0m: 16% done[0m	[0m01:06:09 left[0m	
[0m.:. Batch 14081 to 14208 on 72328 images[0m	
[0m: 21% done[0m	[0m01:02:04 left[0m	
[0m.:. Batch 17665 to 17792 on 72328 images[0m	
[0m: 26% done[0m	[0m00:58:18 left[0m	
[0m.:. Batch 21249 to 21376 on 72328 images[0m	
[0m: 31% done[0m	[0m00:54:20 left[0m	
[0m.:. Batch 24961 to 25088 on 72328 images[0m	
[0m: 36% done[0m	[0m00:50:23 left[0m	
[0m.:. Batch 28545 to 28672 on 72328 images[0m	
[0m: 41% done[0m	[0m00:46:16 left[0m	
[0m.:. Batch 32129 to 32256 on 72328 images[0m	
[0m: 46% done[0m	[0m00:42:17 left[0m	
[0m.:. Batch 35841 to 35968 on 72328 images[0m	
[0m: 51% done[0m	[0m00:38:28 left[0m	
[0m.:. Batch 39425 to 39552 on 72328 images[0m	
[0m: 56% done[0m	[0m00:34:28 left[0m	
[0m.:. Batch 43009 to 43136 on 72328 images[0m	
[0m: 61% done[0m	[0m00:30:40 left[0m	
[0m.:. Batch 46721 to 46848 on 72328 images[0m	
[0m: 66% done[0m	[0m00:26:45 left[0m	
[0m.:. Batch 50305 to 50432 on 72328 images[0m	
[0m: 71% done[0m	[0m00:22:44 left[0m	
[0m.:. Batch 53889 to 54016 on 72328 images[0m	
[0m: 76% done[0m	[0m00:18:53 left[0m	
[0m.:. Batch 57473 to 57600 on 72328 images[0m	
[0m: 81% done[0m	[0m00:15:03 left[0m	
[0m.:. Batch 61185 to 61312 on 72328 images[0m	
[0m: 86% done[0m	[0m00:11:14 left[0m	
[0m.:. Batch 64769 to 64896 on 72328 images[0m	
[0m: 91% done[0m	[0m00:07:12 left[0m	
[0m.:. Batch 68353 to 68480 on 72328 images[0m	
[0m: 96% done[0m	[0m00:03:20 left[0m	
[0m.:. Batch 72065 to 72192 on 72328 images[0m	
[0m.:. End of Epoch n° 2[0m	
[0m: Real time to learn 1 batch = 00:00:08[0m	
[0m: Real time to learn full batch = 01:18:19[0m	
[0m# Confusion Matrix[0m	
[0m: average row correct: 2.6142508868073%[0m	
[0m: average rowUcol correct (VOC measure): 1.084333237279%[0m	
[0m: > global correct: 2.6379825240571%[0m	
[0m
# ... test model[0m	
[0m: 0% done [0m	[0m00:23:03 left[0m	
[0m: 5% done [0m	[0m00:06:52 left[0m	
[0m: 10% done [0m	[0m00:06:42 left[0m	
[0m: 15% done [0m	[0m00:06:24 left[0m	
[0m: 20% done [0m	[0m00:06:04 left[0m	
[0m: 25% done [0m	[0m00:05:44 left[0m	
[0m: 30% done [0m	[0m00:05:22 left[0m	
[0m: 35% done [0m	[0m00:04:59 left[0m	
[0m: 40% done [0m	[0m00:04:37 left[0m	
[0m: 45% done [0m	[0m00:04:14 left[0m	
[0m: 50% done [0m	[0m00:03:51 left[0m	
[0m: 55% done [0m	[0m00:03:28 left[0m	
[0m: 60% done [0m	[0m00:03:05 left[0m	
[0m: 65% done [0m	[0m00:02:42 left[0m	
[0m: 70% done [0m	[0m00:02:19 left[0m	
[0m: 75% done [0m	[0m00:01:56 left[0m	
[0m: 80% done [0m	[0m00:01:33 left[0m	
[0m: 85% done [0m	[0m00:01:11 left[0m	
[0m: 90% done [0m	[0m00:00:48 left[0m	
[0m: 95% done [0m	[0m00:00:25 left[0m	
[0m: 100% done [0m	[0m00:00:02 left[0m	
[0m: Time to test all samples = 00:07:39[0m	
[0m# Confusion Matrix[0m	
[0m: average row correct: 4.8973062472178%[0m	
[0m: average rowUcol correct (VOC measure): 1.314782247519%[0m	
[0m: > global correct: 4.8961832901911%[0m	
[0m# ... saving model to ./sk6-3/model.net[0m	
[0m: tac = 22.430870056152 sec[0m	
[0m# ... saving optimfunc.state to ./sk6-3/optim.state[0m	
[0m: tac = 43.536736965179 sec[0m	
[0m# ... saving optimfunc.method to ./sk6-3/optim.method[0m	
[0m: tac = 43.592571020126 sec[0m	
[0m
#####################[0m	
[0m# Epoch n° 3[0m	
[0m
# ... train model[0m	
[0m.:. Batch 1 to 128 on 72328 images[0m	
[0m: 1% done[0m	[0m01:22:43 left[0m	
[0m.:. Batch 3201 to 3328 on 72328 images[0m	
[0m: 6% done[0m	[0m01:14:27 left[0m	
[0m.:. Batch 6785 to 6912 on 72328 images[0m	
[0m: 11% done[0m	[0m01:10:08 left[0m	
[0m.:. Batch 10497 to 10624 on 72328 images[0m	
[0m: 16% done[0m	[0m01:06:04 left[0m	
[0m.:. Batch 14081 to 14208 on 72328 images[0m	
[0m: 21% done[0m	[0m01:02:02 left[0m	
[0m.:. Batch 17665 to 17792 on 72328 images[0m	
[0m: 26% done[0m	[0m00:58:02 left[0m	
[0m.:. Batch 21249 to 21376 on 72328 images[0m	
[0m: 31% done[0m	[0m00:54:21 left[0m	
[0m.:. Batch 24961 to 25088 on 72328 images[0m	
[0m: 36% done[0m	[0m00:50:28 left[0m	
[0m.:. Batch 28545 to 28672 on 72328 images[0m	
[0m: 41% done[0m	[0m00:46:30 left[0m	
[0m.:. Batch 32129 to 32256 on 72328 images[0m	
[0m: 46% done[0m	[0m00:42:38 left[0m	
[0m.:. Batch 35841 to 35968 on 72328 images[0m	
[0m: 51% done[0m	[0m00:38:45 left[0m	
[0m.:. Batch 39425 to 39552 on 72328 images[0m	
[0m: 56% done[0m	[0m00:34:57 left[0m	
[0m.:. Batch 43009 to 43136 on 72328 images[0m	
[0m: 61% done[0m	[0m00:31:03 left[0m	
[0m.:. Batch 46721 to 46848 on 72328 images[0m	
[0m: 66% done[0m	[0m00:27:09 left[0m	
[0m.:. Batch 50305 to 50432 on 72328 images[0m	
[0m: 71% done[0m	[0m00:23:02 left[0m	
[0m.:. Batch 53889 to 54016 on 72328 images[0m	
[0m: 76% done[0m	[0m00:19:08 left[0m	
[0m.:. Batch 57473 to 57600 on 72328 images[0m	
[0m: 81% done[0m	[0m00:15:13 left[0m	
[0m.:. Batch 61185 to 61312 on 72328 images[0m	
[0m: 86% done[0m	[0m00:11:20 left[0m	
[0m.:. Batch 64769 to 64896 on 72328 images[0m	
[0m: 91% done[0m	[0m00:07:17 left[0m	
[0m.:. Batch 68353 to 68480 on 72328 images[0m	
[0m: 96% done[0m	[0m00:03:22 left[0m	
[0m.:. Batch 72065 to 72192 on 72328 images[0m	
[0m.:. End of Epoch n° 3[0m	
[0m: Real time to learn 1 batch = 00:00:08[0m	
[0m: Real time to learn full batch = 01:19:08[0m	
[0m# Confusion Matrix[0m	
[0m: average row correct: 3.4574108503731%[0m	
[0m: average rowUcol correct (VOC measure): 1.4175304710764%[0m	
[0m: > global correct: 3.4841278619622%[0m	
[0m
# ... test model[0m	
[0m: 0% done [0m	[0m00:23:40 left[0m	
[0m: 5% done [0m	[0m00:06:58 left[0m	
[0m: 10% done [0m	[0m00:06:53 left[0m	
[0m: 15% done [0m	[0m00:06:32 left[0m	
[0m: 20% done [0m	[0m00:06:12 left[0m	
[0m: 25% done [0m	[0m00:05:52 left[0m	
[0m: 30% done [0m	[0m00:05:29 left[0m	
[0m: 35% done [0m	[0m00:05:06 left[0m	
[0m: 40% done [0m	[0m00:04:43 left[0m	
[0m: 45% done [0m	[0m00:04:20 left[0m	
[0m: 50% done [0m	[0m00:03:57 left[0m	
[0m: 55% done [0m	[0m00:03:33 left[0m	
[0m: 60% done [0m	[0m00:03:09 left[0m	
[0m: 65% done [0m	[0m00:02:46 left[0m	
[0m: 70% done [0m	[0m00:02:23 left[0m	
[0m: 75% done [0m	[0m00:01:59 left[0m	
[0m: 80% done [0m	[0m00:01:36 left[0m	
[0m: 85% done [0m	[0m00:01:12 left[0m	
[0m: 90% done [0m	[0m00:00:49 left[0m	
[0m: 95% done [0m	[0m00:00:25 left[0m	
[0m: 100% done [0m	[0m00:00:02 left[0m	
[0m: Time to test all samples = 00:07:50[0m	
[0m# Confusion Matrix[0m	
[0m: average row correct: 3.7959085583761%[0m	
[0m: average rowUcol correct (VOC measure): 0.99312032867998%[0m	
[0m: > global correct: 3.8112022911274%[0m	
[0m# ... saving model to ./sk6-3/model.net[0m	
[0m: tac = 23.132611036301 sec[0m	
[0m# ... saving optimfunc.state to ./sk6-3/optim.state[0m	
[0m: tac = 44.989328861237 sec[0m	
[0m# ... saving optimfunc.method to ./sk6-3/optim.method[0m	
[0m: tac = 45.041432857513 sec[0m	
[0m
#####################[0m	
[0m# Epoch n° 4[0m	
[0m
# ... train model[0m	
[0m.:. Batch 1 to 128 on 72328 images[0m	
[0m: 1% done[0m	[0m01:22:38 left[0m	
[0m.:. Batch 3201 to 3328 on 72328 images[0m	
[0m: 6% done[0m	[0m01:13:18 left[0m	
[0m.:. Batch 6785 to 6912 on 72328 images[0m	
[0m: 11% done[0m	[0m01:10:35 left[0m	
[0m.:. Batch 10497 to 10624 on 72328 images[0m	
[0m: 16% done[0m	[0m01:06:57 left[0m	
[0m.:. Batch 14081 to 14208 on 72328 images[0m	
[0m: 21% done[0m	[0m01:02:54 left[0m	
[0m.:. Batch 17665 to 17792 on 72328 images[0m	
[0m: 26% done[0m	[0m00:58:50 left[0m	
[0m.:. Batch 21249 to 21376 on 72328 images[0m	
[0m: 31% done[0m	[0m00:54:48 left[0m	
[0m.:. Batch 24961 to 25088 on 72328 images[0m	
[0m: 36% done[0m	[0m00:50:55 left[0m	
[0m.:. Batch 28545 to 28672 on 72328 images[0m	
[0m: 41% done[0m	[0m00:46:53 left[0m	
[0m.:. Batch 32129 to 32256 on 72328 images[0m	
[0m: 46% done[0m	[0m00:43:23 left[0m	
[0m.:. Batch 35841 to 35968 on 72328 images[0m	
[0m: 51% done[0m	[0m00:39:24 left[0m	
[0m.:. Batch 39425 to 39552 on 72328 images[0m	
[0m: 56% done[0m	[0m00:35:19 left[0m	
[0m.:. Batch 43009 to 43136 on 72328 images[0m	
[0m: 61% done[0m	[0m00:31:17 left[0m	
[0m.:. Batch 46721 to 46848 on 72328 images[0m	
[0m: 66% done[0m	[0m00:27:14 left[0m	
[0m.:. Batch 50305 to 50432 on 72328 images[0m	
[0m: 71% done[0m	[0m00:23:06 left[0m	
[0m.:. Batch 53889 to 54016 on 72328 images[0m	
[0m: 76% done[0m	[0m00:19:11 left[0m	
[0m.:. Batch 57473 to 57600 on 72328 images[0m	
[0m: 81% done[0m	[0m00:15:16 left[0m	
[0m.:. Batch 61185 to 61312 on 72328 images[0m	
[0m: 86% done[0m	[0m00:11:21 left[0m	
[0m.:. Batch 64769 to 64896 on 72328 images[0m	
[0m: 91% done[0m	[0m00:07:16 left[0m	
[0m.:. Batch 68353 to 68480 on 72328 images[0m	
[0m: 96% done[0m	[0m00:03:21 left[0m	
[0m.:. Batch 72065 to 72192 on 72328 images[0m	
[0m.:. End of Epoch n° 4[0m	
[0m: Real time to learn 1 batch = 00:00:08[0m	
[0m: Real time to learn full batch = 01:18:48[0m	
[0m# Confusion Matrix[0m	
[0m: average row correct: 4.1622495234916%[0m	
[0m: average rowUcol correct (VOC measure): 1.7411168823756%[0m	
[0m: > global correct: 4.1906315673045%[0m	
[0m
# ... test model[0m	
[0m: 0% done [0m	[0m00:23:38 left[0m	
[0m: 5% done [0m	[0m00:06:48 left[0m	
[0m: 10% done [0m	[0m00:06:39 left[0m	
[0m: 15% done [0m	[0m00:06:21 left[0m	
[0m: 20% done [0m	[0m00:06:01 left[0m	
[0m: 25% done [0m	[0m00:05:40 left[0m	
[0m: 30% done [0m	[0m00:05:19 left[0m	
[0m: 35% done [0m	[0m00:04:57 left[0m	
[0m: 40% done [0m	[0m00:04:35 left[0m	
[0m: 45% done [0m	[0m00:04:12 left[0m	
[0m: 50% done [0m	[0m00:03:51 left[0m	
[0m: 55% done [0m	[0m00:03:28 left[0m	
[0m: 60% done [0m	[0m00:03:05 left[0m	
[0m: 65% done [0m	[0m00:02:42 left[0m	
[0m: 70% done [0m	[0m00:02:19 left[0m	
[0m: 75% done [0m	[0m00:01:56 left[0m	
[0m: 80% done [0m	[0m00:01:33 left[0m	
[0m: 85% done [0m	[0m00:01:10 left[0m	
[0m: 90% done [0m	[0m00:00:47 left[0m	
[0m: 95% done [0m	[0m00:00:25 left[0m	
[0m: 100% done [0m	[0m00:00:02 left[0m	
[0m: Time to test all samples = 00:07:37[0m	
[0m# Confusion Matrix[0m	
[0m: average row correct: 5.9447509361117%[0m	
[0m: average rowUcol correct (VOC measure): 1.735477380473%[0m	
[0m: > global correct: 5.9315966293991%[0m	
[0m# ... saving model to ./sk6-3/model.net[0m	
[0m: tac = 22.844413995743 sec[0m	
[0m# ... saving optimfunc.state to ./sk6-3/optim.state[0m	
[0m: tac = 43.763903856277 sec[0m	
[0m# ... saving optimfunc.method to ./sk6-3/optim.method[0m	
[0m: tac = 43.814105987549 sec[0m	
[0m
#####################[0m	
[0m# Epoch n° 5[0m	
[0m
# ... train model[0m	
[0m.:. Batch 1 to 128 on 72328 images[0m	
[0m: 1% done[0m	[0m01:17:17 left[0m	
[0m.:. Batch 3201 to 3328 on 72328 images[0m	
[0m: 6% done[0m	[0m01:10:48 left[0m	
[0m.:. Batch 6785 to 6912 on 72328 images[0m	
[0m: 11% done[0m	[0m01:07:33 left[0m	
[0m.:. Batch 10497 to 10624 on 72328 images[0m	
[0m: 16% done[0m	[0m01:04:08 left[0m	
[0m.:. Batch 14081 to 14208 on 72328 images[0m	
[0m: 21% done[0m	[0m01:00:24 left[0m	
[0m.:. Batch 17665 to 17792 on 72328 images[0m	
[0m: 26% done[0m	[0m00:56:36 left[0m	
[0m.:. Batch 21249 to 21376 on 72328 images[0m	
[0m: 31% done[0m	[0m00:52:58 left[0m	
[0m.:. Batch 24961 to 25088 on 72328 images[0m	
[0m: 36% done[0m	[0m00:49:09 left[0m	
[0m.:. Batch 28545 to 28672 on 72328 images[0m	
[0m: 41% done[0m	[0m00:45:22 left[0m	
[0m.:. Batch 32129 to 32256 on 72328 images[0m	
[0m: 46% done[0m	[0m00:41:34 left[0m	
[0m.:. Batch 35841 to 35968 on 72328 images[0m	
[0m: 51% done[0m	[0m00:37:55 left[0m	
[0m.:. Batch 39425 to 39552 on 72328 images[0m	
[0m: 56% done[0m	[0m00:34:07 left[0m	
[0m.:. Batch 43009 to 43136 on 72328 images[0m	
[0m: 61% done[0m	[0m00:30:18 left[0m	
[0m.:. Batch 46721 to 46848 on 72328 images[0m	
[0m: 66% done[0m	[0m00:26:29 left[0m	
[0m.:. Batch 50305 to 50432 on 72328 images[0m	
[0m: 71% done[0m	[0m00:22:30 left[0m	
[0m.:. Batch 53889 to 54016 on 72328 images[0m	
[0m: 76% done[0m	[0m00:18:43 left[0m	
[0m.:. Batch 57473 to 57600 on 72328 images[0m	
[0m: 81% done[0m	[0m00:14:55 left[0m	
[0m.:. Batch 61185 to 61312 on 72328 images[0m	
[0m: 86% done[0m	[0m00:11:05 left[0m	
[0m.:. Batch 64769 to 64896 on 72328 images[0m	
[0m: 91% done[0m	[0m00:07:07 left[0m	
[0m.:. Batch 68353 to 68480 on 72328 images[0m	
[0m: 96% done[0m	[0m00:03:17 left[0m	
[0m.:. Batch 72065 to 72192 on 72328 images[0m	
[0m.:. End of Epoch n° 5[0m	
[0m: Real time to learn 1 batch = 00:00:08[0m	
[0m: Real time to learn full batch = 01:17:12[0m	
[0m# Confusion Matrix[0m	
[0m: average row correct: 5.0098375947501%[0m	
[0m: average rowUcol correct (VOC measure): 2.1267923083857%[0m	
[0m: > global correct: 5.038159495631%[0m	
[0m
# ... test model[0m	
[0m: 0% done [0m	[0m00:23:51 left[0m	
[0m: 5% done [0m	[0m00:06:48 left[0m	
[0m: 10% done [0m	[0m00:06:37 left[0m	
[0m: 15% done [0m	[0m00:06:21 left[0m	
[0m: 20% done [0m	[0m00:06:00 left[0m	
[0m: 25% done [0m	[0m00:05:39 left[0m	
[0m: 30% done [0m	[0m00:05:19 left[0m	
[0m: 35% done [0m	[0m00:04:56 left[0m	
[0m: 40% done [0m	[0m00:04:33 left[0m	
[0m: 45% done [0m	[0m00:04:11 left[0m	
[0m: 50% done [0m	[0m00:03:48 left[0m	
[0m: 55% done [0m	[0m00:03:26 left[0m	
[0m: 60% done [0m	[0m00:03:03 left[0m	
[0m: 65% done [0m	[0m00:02:41 left[0m	
[0m: 70% done [0m	[0m00:02:18 left[0m	
[0m: 75% done [0m	[0m00:01:56 left[0m	
[0m: 80% done [0m	[0m00:01:33 left[0m	
[0m: 85% done [0m	[0m00:01:10 left[0m	
[0m: 90% done [0m	[0m00:00:48 left[0m	
[0m: 95% done [0m	[0m00:00:25 left[0m	
[0m: 100% done [0m	[0m00:00:02 left[0m	
[0m: Time to test all samples = 00:07:39[0m	
[0m# Confusion Matrix[0m	
[0m: average row correct: 6.0283120578653%[0m	
[0m: average rowUcol correct (VOC measure): 1.9514862081442%[0m	
[0m: > global correct: 6.0142093958253%[0m	
[0m# ... saving model to ./sk6-3/model.net[0m	
[0m: tac = 22.230074882507 sec[0m	
[0m# ... saving optimfunc.state to ./sk6-3/optim.state[0m	
[0m: tac = 43.047713041306 sec[0m	
[0m# ... saving optimfunc.method to ./sk6-3/optim.method[0m	
[0m: tac = 43.09622502327 sec[0m	
[0m
#####################[0m	
[0m# Epoch n° 6[0m	
[0m
# ... train model[0m	
[0m.:. Batch 1 to 128 on 72328 images[0m	
[0m: 1% done[0m	[0m01:16:56 left[0m	
[0m.:. Batch 3201 to 3328 on 72328 images[0m	
[0m: 6% done[0m	[0m01:11:06 left[0m	
[0m.:. Batch 6785 to 6912 on 72328 images[0m	
[0m: 11% done[0m	[0m01:07:56 left[0m	
[0m.:. Batch 10497 to 10624 on 72328 images[0m	
[0m: 16% done[0m	[0m01:04:22 left[0m	
[0m.:. Batch 14081 to 14208 on 72328 images[0m	
[0m: 21% done[0m	[0m01:00:54 left[0m	
[0m.:. Batch 17665 to 17792 on 72328 images[0m	
[0m: 26% done[0m	[0m00:57:02 left[0m	
[0m.:. Batch 21249 to 21376 on 72328 images[0m	
[0m: 31% done[0m	[0m00:53:12 left[0m	
[0m.:. Batch 24961 to 25088 on 72328 images[0m	
[0m: 36% done[0m	[0m00:49:23 left[0m	
[0m.:. Batch 28545 to 28672 on 72328 images[0m	
[0m: 41% done[0m	[0m00:45:33 left[0m	
[0m.:. Batch 32129 to 32256 on 72328 images[0m	
[0m: 46% done[0m	[0m00:41:48 left[0m	
[0m.:. Batch 35841 to 35968 on 72328 images[0m	
[0m: 51% done[0m	[0m00:38:06 left[0m	
[0m.:. Batch 39425 to 39552 on 72328 images[0m	
[0m: 56% done[0m	[0m00:34:13 left[0m	
[0m.:. Batch 43009 to 43136 on 72328 images[0m	
[0m: 61% done[0m	[0m00:30:23 left[0m	
[0m.:. Batch 46721 to 46848 on 72328 images[0m	
[0m: 66% done[0m	[0m00:26:32 left[0m	
[0m.:. Batch 50305 to 50432 on 72328 images[0m	
[0m: 71% done[0m	[0m00:22:34 left[0m	
[0m.:. Batch 53889 to 54016 on 72328 images[0m	
[0m: 76% done[0m	[0m00:18:46 left[0m	
[0m.:. Batch 57473 to 57600 on 72328 images[0m	
[0m: 81% done[0m	[0m00:15:00 left[0m	
[0m.:. Batch 61185 to 61312 on 72328 images[0m	
[0m: 86% done[0m	[0m00:11:08 left[0m	
[0m.:. Batch 64769 to 64896 on 72328 images[0m	
[0m: 91% done[0m	[0m00:07:09 left[0m	
[0m.:. Batch 68353 to 68480 on 72328 images[0m	
[0m: 96% done[0m	[0m00:03:18 left[0m	
[0m.:. Batch 72065 to 72192 on 72328 images[0m	
[0m.:. End of Epoch n° 6[0m	
[0m: Real time to learn 1 batch = 00:00:08[0m	
[0m: Real time to learn full batch = 01:17:36[0m	
[0m# Confusion Matrix[0m	
[0m: average row correct: 5.4662930160198%[0m	
[0m: average rowUcol correct (VOC measure): 2.3241519538391%[0m	
[0m: > global correct: 5.5013272868046%[0m	
[0m
# ... test model[0m	
[0m: 0% done [0m	[0m00:23:26 left[0m	
[0m: 5% done [0m	[0m00:06:51 left[0m	
[0m: 10% done [0m	[0m00:06:40 left[0m	
[0m: 15% done [0m	[0m00:06:20 left[0m	
[0m: 20% done [0m	[0m00:06:01 left[0m	
[0m: 25% done [0m	[0m00:05:41 left[0m	
[0m: 30% done [0m	[0m00:05:19 left[0m	
[0m: 35% done [0m	[0m00:04:57 left[0m	
[0m: 40% done [0m	[0m00:04:34 left[0m	
[0m: 45% done [0m	[0m00:04:12 left[0m	
[0m: 50% done [0m	[0m00:03:49 left[0m	
[0m: 55% done [0m	[0m00:03:26 left[0m	
[0m: 60% done [0m	[0m00:03:04 left[0m	
[0m: 65% done [0m	[0m00:02:41 left[0m	
[0m: 70% done [0m	[0m00:02:18 left[0m	
[0m: 75% done [0m	[0m00:01:56 left[0m	
[0m: 80% done [0m	[0m00:01:33 left[0m	
[0m: 85% done [0m	[0m00:01:10 left[0m	
[0m: 90% done [0m	[0m00:00:47 left[0m	
[0m: 95% done [0m	[0m00:00:24 left[0m	
[0m: 100% done [0m	[0m00:00:02 left[0m	
[0m: Time to test all samples = 00:07:36[0m	
[0m# Confusion Matrix[0m	
[0m: average row correct: 6.48812889352%[0m	
[0m: average rowUcol correct (VOC measure): 2.138744463849%[0m	
[0m: > global correct: 6.4933634410971%[0m	
[0m# ... saving model to ./sk6-3/model.net[0m	
[0m: tac = 22.899899959564 sec[0m	
[0m# ... saving optimfunc.state to ./sk6-3/optim.state[0m	
[0m: tac = 43.942807912827 sec[0m	
[0m# ... saving optimfunc.method to ./sk6-3/optim.method[0m	
[0m: tac = 43.987476825714 sec[0m	
[0m
#####################[0m	
[0m# Epoch n° 7[0m	
[0m
# ... train model[0m	
[0m.:. Batch 1 to 128 on 72328 images[0m	
[0m: 1% done[0m	[0m01:18:49 left[0m	
[0m.:. Batch 3201 to 3328 on 72328 images[0m	
[0m: 6% done[0m	[0m01:14:24 left[0m	
[0m.:. Batch 6785 to 6912 on 72328 images[0m	
[0m: 11% done[0m	[0m01:09:27 left[0m	
[0m.:. Batch 10497 to 10624 on 72328 images[0m	
[0m: 16% done[0m	[0m01:05:16 left[0m	
[0m.:. Batch 14081 to 14208 on 72328 images[0m	
[0m: 21% done[0m	[0m01:01:05 left[0m	
[0m.:. Batch 17665 to 17792 on 72328 images[0m	
[0m: 26% done[0m	[0m00:57:25 left[0m	
[0m.:. Batch 21249 to 21376 on 72328 images[0m	
[0m: 31% done[0m	[0m00:53:24 left[0m	
[0m.:. Batch 24961 to 25088 on 72328 images[0m	
[0m: 36% done[0m	[0m00:49:32 left[0m	
[0m.:. Batch 28545 to 28672 on 72328 images[0m	
[0m: 41% done[0m	[0m00:45:31 left[0m	
[0m.:. Batch 32129 to 32256 on 72328 images[0m	
[0m: 46% done[0m	[0m00:41:53 left[0m	
[0m.:. Batch 35841 to 35968 on 72328 images[0m	
[0m: 51% done[0m	[0m00:38:10 left[0m	
[0m.:. Batch 39425 to 39552 on 72328 images[0m	
[0m: 56% done[0m	[0m00:34:14 left[0m	
[0m.:. Batch 43009 to 43136 on 72328 images[0m	
[0m: 61% done[0m	[0m00:30:21 left[0m	
[0m.:. Batch 46721 to 46848 on 72328 images[0m	
[0m: 66% done[0m	[0m00:26:30 left[0m	
[0m.:. Batch 50305 to 50432 on 72328 images[0m	
[0m: 71% done[0m	[0m00:22:34 left[0m	
[0m.:. Batch 53889 to 54016 on 72328 images[0m	
[0m: 76% done[0m	[0m00:18:44 left[0m	
[0m.:. Batch 57473 to 57600 on 72328 images[0m	
[0m: 81% done[0m	[0m00:14:57 left[0m	
[0m.:. Batch 61185 to 61312 on 72328 images[0m	
[0m: 86% done[0m	[0m00:11:07 left[0m	
[0m.:. Batch 64769 to 64896 on 72328 images[0m	
[0m: 91% done[0m	[0m00:07:08 left[0m	
[0m.:. Batch 68353 to 68480 on 72328 images[0m	
[0m: 96% done[0m	[0m00:03:18 left[0m	
[0m.:. Batch 72065 to 72192 on 72328 images[0m	
[0m.:. End of Epoch n° 7[0m	
[0m: Real time to learn 1 batch = 00:00:08[0m	
[0m: Real time to learn full batch = 01:17:34[0m	
[0m# Confusion Matrix[0m	
[0m: average row correct: 6.1079765991584%[0m	
[0m: average rowUcol correct (VOC measure): 2.6373866538628%[0m	
[0m: > global correct: 6.1428492423404%[0m	
[0m
# ... test model[0m	
[0m: 0% done [0m	[0m00:24:02 left[0m	
[0m: 5% done [0m	[0m00:06:41 left[0m	
[0m: 10% done [0m	[0m00:06:31 left[0m	
[0m: 15% done [0m	[0m00:06:12 left[0m	
[0m: 20% done [0m	[0m00:05:52 left[0m	
[0m: 25% done [0m	[0m00:05:33 left[0m	
[0m: 30% done [0m	[0m00:05:12 left[0m	
[0m: 35% done [0m	[0m00:04:49 left[0m	
[0m: 40% done [0m	[0m00:04:27 left[0m	
[0m: 45% done [0m	[0m00:04:06 left[0m	
[0m: 50% done [0m	[0m00:03:43 left[0m	
[0m: 55% done [0m	[0m00:03:21 left[0m	
[0m: 60% done [0m	[0m00:02:59 left[0m	
[0m: 65% done [0m	[0m00:02:37 left[0m	
[0m: 70% done [0m	[0m00:02:15 left[0m	
[0m: 75% done [0m	[0m00:01:53 left[0m	
[0m: 80% done [0m	[0m00:01:30 left[0m	
[0m: 85% done [0m	[0m00:01:08 left[0m	
[0m: 90% done [0m	[0m00:00:46 left[0m	
[0m: 95% done [0m	[0m00:00:24 left[0m	
[0m: 100% done [0m	[0m00:00:02 left[0m	
[0m: Time to test all samples = 00:07:25[0m	
[0m# Confusion Matrix[0m	
[0m: average row correct: 8.1359101597699%[0m	
[0m: average rowUcol correct (VOC measure): 2.7868827832586%[0m	
[0m: > global correct: 8.156633805144%[0m	
[0m# ... saving model to ./sk6-3/model.net[0m	
[0m: tac = 22.489069223404 sec[0m	
[0m# ... saving optimfunc.state to ./sk6-3/optim.state[0m	
[0m: tac = 43.318383216858 sec[0m	
[0m# ... saving optimfunc.method to ./sk6-3/optim.method[0m	
[0m: tac = 43.35807299614 sec[0m	
[0m
#####################[0m	
[0m# Epoch n° 8[0m	
[0m
# ... train model[0m	
[0m.:. Batch 1 to 128 on 72328 images[0m	
[0m: 1% done[0m	[0m01:14:17 left[0m	
[0m.:. Batch 3201 to 3328 on 72328 images[0m	
[0m: 6% done[0m	[0m01:10:20 left[0m	
[0m.:. Batch 6785 to 6912 on 72328 images[0m	
[0m: 11% done[0m	[0m01:06:44 left[0m	
[0m.:. Batch 10497 to 10624 on 72328 images[0m	
[0m: 16% done[0m	[0m01:03:58 left[0m	
[0m.:. Batch 14081 to 14208 on 72328 images[0m	
[0m: 21% done[0m	[0m01:00:26 left[0m	
[0m.:. Batch 17665 to 17792 on 72328 images[0m	
[0m: 26% done[0m	[0m00:56:55 left[0m	
[0m.:. Batch 21249 to 21376 on 72328 images[0m	
[0m: 31% done[0m	[0m00:53:12 left[0m	
[0m.:. Batch 24961 to 25088 on 72328 images[0m	
[0m: 36% done[0m	[0m00:49:31 left[0m	
[0m.:. Batch 28545 to 28672 on 72328 images[0m	
[0m: 41% done[0m	[0m00:45:38 left[0m	
[0m.:. Batch 32129 to 32256 on 72328 images[0m	
[0m: 46% done[0m	[0m00:41:51 left[0m	
[0m.:. Batch 35841 to 35968 on 72328 images[0m	
[0m: 51% done[0m	[0m00:38:10 left[0m	
[0m.:. Batch 39425 to 39552 on 72328 images[0m	
[0m: 56% done[0m	[0m00:34:15 left[0m	
[0m.:. Batch 43009 to 43136 on 72328 images[0m	
[0m: 61% done[0m	[0m00:30:26 left[0m	
[0m.:. Batch 46721 to 46848 on 72328 images[0m	
[0m: 66% done[0m	[0m00:26:36 left[0m	
[0m.:. Batch 50305 to 50432 on 72328 images[0m	
[0m: 71% done[0m	[0m00:22:38 left[0m	
[0m.:. Batch 53889 to 54016 on 72328 images[0m	
[0m: 76% done[0m	[0m00:18:48 left[0m	
[0m.:. Batch 57473 to 57600 on 72328 images[0m	
[0m: 81% done[0m	[0m00:15:00 left[0m	
[0m.:. Batch 61185 to 61312 on 72328 images[0m	
[0m: 86% done[0m	[0m00:11:08 left[0m	
[0m.:. Batch 64769 to 64896 on 72328 images[0m	
[0m: 91% done[0m	[0m00:07:09 left[0m	
[0m.:. Batch 68353 to 68480 on 72328 images[0m	
[0m: 96% done[0m	[0m00:03:18 left[0m	
[0m.:. Batch 72065 to 72192 on 72328 images[0m	
[0m.:. End of Epoch n° 8[0m	
[0m: Real time to learn 1 batch = 00:00:08[0m	
[0m: Real time to learn full batch = 01:17:45[0m	
[0m# Confusion Matrix[0m	
[0m: average row correct: 6.8421695909306%[0m	
[0m: average rowUcol correct (VOC measure): 2.9469103474022%[0m	
[0m: > global correct: 6.8797699369539%[0m	
[0m
# ... test model[0m	
[0m: 0% done [0m	[0m00:24:10 left[0m	
[0m: 5% done [0m	[0m00:06:40 left[0m	
[0m: 10% done [0m	[0m00:06:29 left[0m	
[0m: 15% done [0m	[0m00:06:12 left[0m	
[0m: 20% done [0m	[0m00:05:53 left[0m	
[0m: 25% done [0m	[0m00:05:32 left[0m	
[0m: 30% done [0m	[0m00:05:11 left[0m	
[0m: 35% done [0m	[0m00:04:49 left[0m	
[0m: 40% done [0m	[0m00:04:27 left[0m	
[0m: 45% done [0m	[0m00:04:05 left[0m	
[0m: 50% done [0m	[0m00:03:43 left[0m	
[0m: 55% done [0m	[0m00:03:21 left[0m	
[0m: 60% done [0m	[0m00:02:59 left[0m	
[0m: 65% done [0m	[0m00:02:37 left[0m	
[0m: 70% done [0m	[0m00:02:15 left[0m	
[0m: 75% done [0m	[0m00:01:52 left[0m	
[0m: 80% done [0m	[0m00:01:30 left[0m	
[0m: 85% done [0m	[0m00:01:08 left[0m	
[0m: 90% done [0m	[0m00:00:46 left[0m	
[0m: 95% done [0m	[0m00:00:24 left[0m	
[0m: 100% done [0m	[0m00:00:02 left[0m	
[0m: Time to test all samples = 00:07:24[0m	
[0m# Confusion Matrix[0m	
[0m: average row correct: 8.9225891368962%[0m	
[0m: average rowUcol correct (VOC measure): 2.9477967770014%[0m	
[0m: > global correct: 8.9442088450735%[0m	
[0m# ... saving model to ./sk6-3/model.net[0m	
[0m: tac = 22.614181995392 sec[0m	
[0m# ... saving optimfunc.state to ./sk6-3/optim.state[0m	
[0m: tac = 44.134786844254 sec[0m	
[0m# ... saving optimfunc.method to ./sk6-3/optim.method[0m	
[0m: tac = 44.171768903732 sec[0m	
[0m
#####################[0m	
[0m# Epoch n° 9[0m	
[0m
# ... train model[0m	
[0m.:. Batch 1 to 128 on 72328 images[0m	
[0m: 1% done[0m	[0m01:14:12 left[0m	
[0m.:. Batch 3201 to 3328 on 72328 images[0m	
[0m: 6% done[0m	[0m01:10:17 left[0m	
[0m.:. Batch 6785 to 6912 on 72328 images[0m	
[0m: 11% done[0m	[0m01:06:39 left[0m	
[0m.:. Batch 10497 to 10624 on 72328 images[0m	
[0m: 16% done[0m	[0m01:03:55 left[0m	
[0m.:. Batch 14081 to 14208 on 72328 images[0m	
[0m: 21% done[0m	[0m01:00:23 left[0m	
[0m.:. Batch 17665 to 17792 on 72328 images[0m	
[0m: 26% done[0m	[0m00:56:52 left[0m	
[0m.:. Batch 21249 to 21376 on 72328 images[0m	
[0m: 31% done[0m	[0m00:53:15 left[0m	
[0m.:. Batch 24961 to 25088 on 72328 images[0m	
[0m: 36% done[0m	[0m00:49:30 left[0m	
[0m.:. Batch 28545 to 28672 on 72328 images[0m	
[0m: 41% done[0m	[0m00:45:37 left[0m	
[0m.:. Batch 32129 to 32256 on 72328 images[0m	
[0m: 46% done[0m	[0m00:41:51 left[0m	
[0m.:. Batch 35841 to 35968 on 72328 images[0m	
[0m: 51% done[0m	[0m00:38:10 left[0m	
[0m.:. Batch 39425 to 39552 on 72328 images[0m	
[0m: 56% done[0m	[0m00:34:14 left[0m	
[0m.:. Batch 43009 to 43136 on 72328 images[0m	
[0m: 61% done[0m	[0m00:30:25 left[0m	
[0m.:. Batch 46721 to 46848 on 72328 images[0m	
[0m: 66% done[0m	[0m00:26:35 left[0m	
[0m.:. Batch 50305 to 50432 on 72328 images[0m	
[0m: 71% done[0m	[0m00:22:36 left[0m	
[0m.:. Batch 53889 to 54016 on 72328 images[0m	
[0m: 76% done[0m	[0m00:18:44 left[0m	
[0m.:. Batch 57473 to 57600 on 72328 images[0m	
[0m: 81% done[0m	[0m00:14:56 left[0m	
[0m.:. Batch 61185 to 61312 on 72328 images[0m	
[0m: 86% done[0m	[0m00:11:06 left[0m	
[0m.:. Batch 64769 to 64896 on 72328 images[0m	
[0m: 91% done[0m	[0m00:07:08 left[0m	
[0m.:. Batch 68353 to 68480 on 72328 images[0m	
[0m: 96% done[0m	[0m00:03:18 left[0m	
[0m.:. Batch 72065 to 72192 on 72328 images[0m	
[0m.:. End of Epoch n° 9[0m	
[0m: Real time to learn 1 batch = 00:00:08[0m	
[0m: Real time to learn full batch = 01:17:34[0m	
[0m# Confusion Matrix[0m	
[0m: average row correct: 7.3208185492572%[0m	
[0m: average rowUcol correct (VOC measure): 3.2012483881934%[0m	
[0m: > global correct: 7.358146222763%[0m	
[0m
# ... test model[0m	
[0m: 0% done [0m	[0m00:24:04 left[0m	
[0m: 5% done [0m	[0m00:06:41 left[0m	
[0m: 10% done [0m	[0m00:06:31 left[0m	
[0m: 15% done [0m	[0m00:06:12 left[0m	
[0m: 20% done [0m	[0m00:05:53 left[0m	
[0m: 25% done [0m	[0m00:05:33 left[0m	
[0m: 30% done [0m	[0m00:05:11 left[0m	
[0m: 35% done [0m	[0m00:04:49 left[0m	
[0m: 40% done [0m	[0m00:04:27 left[0m	
[0m: 45% done [0m	[0m00:04:05 left[0m	
[0m: 50% done [0m	[0m00:03:43 left[0m	
[0m: 55% done [0m	[0m00:03:21 left[0m	
[0m: 60% done [0m	[0m00:02:59 left[0m	
[0m: 65% done [0m	[0m00:02:37 left[0m	
[0m: 70% done [0m	[0m00:02:15 left[0m	
[0m: 75% done [0m	[0m00:01:53 left[0m	
[0m: 80% done [0m	[0m00:01:30 left[0m	
[0m: 85% done [0m	[0m00:01:08 left[0m	
[0m: 90% done [0m	[0m00:00:46 left[0m	
[0m: 95% done [0m	[0m00:00:24 left[0m	
[0m: 100% done [0m	[0m00:00:02 left[0m	
[0m: Time to test all samples = 00:07:24[0m	
[0m# Confusion Matrix[0m	
[0m: average row correct: 7.9422305149054%[0m	
[0m: average rowUcol correct (VOC measure): 2.9861441370801%[0m	
[0m: > global correct: 7.9473481301977%[0m	
[0m# ... saving model to ./sk6-3/model.net[0m	
[0m: tac = 22.424454927444 sec[0m	
[0m# ... saving optimfunc.state to ./sk6-3/optim.state[0m	
[0m: tac = 43.343962907791 sec[0m	
[0m# ... saving optimfunc.method to ./sk6-3/optim.method[0m	
[0m: tac = 43.379266023636 sec[0m	
[0m
#####################[0m	
[0m# Epoch n° 10[0m	
[0m
# ... train model[0m	
[0m.:. Batch 1 to 128 on 72328 images[0m	
[0m: 1% done[0m	[0m01:14:52 left[0m	
[0m.:. Batch 3201 to 3328 on 72328 images[0m	
[0m: 6% done[0m	[0m01:10:19 left[0m	
[0m.:. Batch 6785 to 6912 on 72328 images[0m	
[0m: 11% done[0m	[0m01:06:43 left[0m	
[0m.:. Batch 10497 to 10624 on 72328 images[0m	
[0m: 16% done[0m	[0m01:03:59 left[0m	
[0m.:. Batch 14081 to 14208 on 72328 images[0m	
[0m: 21% done[0m	[0m01:00:27 left[0m	
[0m.:. Batch 17665 to 17792 on 72328 images[0m	
[0m: 26% done[0m	[0m00:56:54 left[0m	
[0m.:. Batch 21249 to 21376 on 72328 images[0m	
[0m: 31% done[0m	[0m00:53:12 left[0m	
[0m.:. Batch 24961 to 25088 on 72328 images[0m	
[0m: 36% done[0m	[0m00:49:28 left[0m	
[0m.:. Batch 28545 to 28672 on 72328 images[0m	
[0m: 41% done[0m	[0m00:45:35 left[0m	
[0m.:. Batch 32129 to 32256 on 72328 images[0m	
[0m: 46% done[0m	[0m00:41:49 left[0m	
[0m.:. Batch 35841 to 35968 on 72328 images[0m	
[0m: 51% done[0m	[0m00:38:09 left[0m	
[0m.:. Batch 39425 to 39552 on 72328 images[0m	
[0m: 56% done[0m	[0m00:34:13 left[0m	
[0m.:. Batch 43009 to 43136 on 72328 images[0m	
[0m: 61% done[0m	[0m00:30:24 left[0m	
[0m.:. Batch 46721 to 46848 on 72328 images[0m	
[0m: 66% done[0m	[0m00:26:34 left[0m	
[0m.:. Batch 50305 to 50432 on 72328 images[0m	
[0m: 71% done[0m	[0m00:22:37 left[0m	
[0m.:. Batch 53889 to 54016 on 72328 images[0m	
[0m: 76% done[0m	[0m00:18:45 left[0m	
[0m.:. Batch 57473 to 57600 on 72328 images[0m	
[0m: 81% done[0m	[0m00:14:57 left[0m	
[0m.:. Batch 61185 to 61312 on 72328 images[0m	
[0m: 86% done[0m	[0m00:11:05 left[0m	
[0m.:. Batch 64769 to 64896 on 72328 images[0m	
[0m: 91% done[0m	[0m00:07:06 left[0m	
[0m.:. Batch 68353 to 68480 on 72328 images[0m	
[0m: 96% done[0m	[0m00:03:17 left[0m	
[0m.:. Batch 72065 to 72192 on 72328 images[0m	
[0m.:. End of Epoch n° 10[0m	
[0m: Real time to learn 1 batch = 00:00:08[0m	
[0m: Real time to learn full batch = 01:17:09[0m	
[0m# Confusion Matrix[0m	
[0m: average row correct: 8.0432001146313%[0m	
[0m: average rowUcol correct (VOC measure): 3.5563620005614%[0m	
[0m: > global correct: 8.070180289791%[0m	
[0m
# ... test model[0m	
[0m: 0% done [0m	[0m00:23:54 left[0m	
[0m: 5% done [0m	[0m00:06:43 left[0m	
[0m: 10% done [0m	[0m00:06:35 left[0m	
[0m: 15% done [0m	[0m00:06:17 left[0m	
[0m: 20% done [0m	[0m00:05:56 left[0m	
[0m: 25% done [0m	[0m00:05:35 left[0m	
[0m: 30% done [0m	[0m00:05:13 left[0m	
[0m: 35% done [0m	[0m00:04:51 left[0m	
[0m: 40% done [0m	[0m00:04:29 left[0m	
[0m: 45% done [0m	[0m00:04:07 left[0m	
[0m: 50% done [0m	[0m00:03:45 left[0m	
[0m: 55% done [0m	[0m00:03:23 left[0m	
[0m: 60% done [0m	[0m00:03:01 left[0m	
[0m: 65% done [0m	[0m00:02:38 left[0m	
[0m: 70% done [0m	[0m00:02:16 left[0m	
[0m: 75% done [0m	[0m00:01:54 left[0m	
[0m: 80% done [0m	[0m00:01:31 left[0m	
[0m: 85% done [0m	[0m00:01:09 left[0m	
[0m: 90% done [0m	[0m00:00:46 left[0m	
[0m: 95% done [0m	[0m00:00:24 left[0m	
[0m: 100% done [0m	[0m00:00:02 left[0m	
[0m: Time to test all samples = 00:07:28[0m	
[0m# Confusion Matrix[0m	
[0m: average row correct: 7.8094456524653%[0m	
[0m: average rowUcol correct (VOC measure): 2.9109646985768%[0m	
[0m: > global correct: 7.8261827394393%[0m	
[0m# ... saving model to ./sk6-3/model.net[0m	
[0m: tac = 22.739192962646 sec[0m	
[0m# ... saving optimfunc.state to ./sk6-3/optim.state[0m	
[0m: tac = 44.141846895218 sec[0m	
[0m# ... saving optimfunc.method to ./sk6-3/optim.method[0m	
[0m: tac = 44.180357933044 sec[0m	
[0m
#####################[0m	
[0m# Epoch n° 11[0m	
[0m
# ... train model[0m	
[0m.:. Batch 1 to 128 on 72328 images[0m	
[0m: 1% done[0m	[0m01:16:32 left[0m	
[0m.:. Batch 3201 to 3328 on 72328 images[0m	
[0m: 6% done[0m	[0m01:10:41 left[0m	
[0m.:. Batch 6785 to 6912 on 72328 images[0m	
[0m: 11% done[0m	[0m01:06:58 left[0m	
[0m.:. Batch 10497 to 10624 on 72328 images[0m	
[0m: 16% done[0m	[0m01:04:15 left[0m	
[0m.:. Batch 14081 to 14208 on 72328 images[0m	
[0m: 21% done[0m	[0m01:00:38 left[0m	
[0m.:. Batch 17665 to 17792 on 72328 images[0m	
[0m: 26% done[0m	[0m00:57:04 left[0m	
[0m.:. Batch 21249 to 21376 on 72328 images[0m	
[0m: 31% done[0m	[0m00:53:22 left[0m	
[0m.:. Batch 24961 to 25088 on 72328 images[0m	
[0m: 36% done[0m	[0m00:49:41 left[0m	
[0m.:. Batch 28545 to 28672 on 72328 images[0m	
[0m: 41% done[0m	[0m00:45:46 left[0m	
[0m.:. Batch 32129 to 32256 on 72328 images[0m	
[0m: 46% done[0m	[0m00:41:57 left[0m	
[0m.:. Batch 35841 to 35968 on 72328 images[0m	
[0m: 51% done[0m	[0m00:38:26 left[0m	
[0m.:. Batch 39425 to 39552 on 72328 images[0m	
[0m: 56% done[0m	[0m00:34:27 left[0m	
[0m.:. Batch 43009 to 43136 on 72328 images[0m	
[0m: 61% done[0m	[0m00:30:35 left[0m	
[0m.:. Batch 46721 to 46848 on 72328 images[0m	
[0m: 66% done[0m	[0m00:26:45 left[0m	
[0m.:. Batch 50305 to 50432 on 72328 images[0m	
[0m: 71% done[0m	[0m00:22:44 left[0m	
[0m.:. Batch 53889 to 54016 on 72328 images[0m	
[0m: 76% done[0m	[0m00:18:50 left[0m	
[0m.:. Batch 57473 to 57600 on 72328 images[0m	
[0m: 81% done[0m	[0m00:15:02 left[0m	
[0m.:. Batch 61185 to 61312 on 72328 images[0m	
[0m: 86% done[0m	[0m00:11:10 left[0m	
[0m.:. Batch 64769 to 64896 on 72328 images[0m	
[0m: 91% done[0m	[0m00:07:10 left[0m	
[0m.:. Batch 68353 to 68480 on 72328 images[0m	
[0m: 96% done[0m	[0m00:03:19 left[0m	
[0m.:. Batch 72065 to 72192 on 72328 images[0m	
[0m.:. End of Epoch n° 11[0m	
[0m: Real time to learn 1 batch = 00:00:08[0m	
[0m: Real time to learn full batch = 01:17:59[0m	
[0m# Confusion Matrix[0m	
[0m: average row correct: 8.7484288075478%[0m	
[0m: average rowUcol correct (VOC measure): 3.9091771431636%[0m	
[0m: > global correct: 8.7753014047119%[0m	
[0m
# ... test model[0m	
[0m: 0% done [0m	[0m00:24:10 left[0m	
[0m: 5% done [0m	[0m00:06:39 left[0m	
[0m: 10% done [0m	[0m00:06:30 left[0m	
[0m: 15% done [0m	[0m00:06:12 left[0m	
[0m: 20% done [0m	[0m00:05:53 left[0m	
[0m: 25% done [0m	[0m00:05:33 left[0m	
[0m: 30% done [0m	[0m00:05:12 left[0m	
[0m: 35% done [0m	[0m00:04:50 left[0m	
[0m: 40% done [0m	[0m00:04:28 left[0m	
[0m: 45% done [0m	[0m00:04:07 left[0m	
[0m: 50% done [0m	[0m00:03:45 left[0m	
[0m: 55% done [0m	[0m00:03:23 left[0m	
[0m: 60% done [0m	[0m00:03:01 left[0m	
[0m: 65% done [0m	[0m00:02:38 left[0m	
[0m: 70% done [0m	[0m00:02:16 left[0m	
[0m: 75% done [0m	[0m00:01:54 left[0m	
[0m: 80% done [0m	[0m00:01:31 left[0m	
[0m: 85% done [0m	[0m00:01:09 left[0m	
[0m: 90% done [0m	[0m00:00:47 left[0m	
[0m: 95% done [0m	[0m00:00:24 left[0m	
[0m: 100% done [0m	[0m00:00:02 left[0m	
[0m: Time to test all samples = 00:07:29[0m	
[0m# Confusion Matrix[0m	
[0m: average row correct: 10.985116632932%[0m	
[0m: average rowUcol correct (VOC measure): 4.2243326866612%[0m	
[0m: > global correct: 10.987497934681%[0m	
[0m# ... saving model to ./sk6-3/model.net[0m	
[0m: tac = 24.745294094086 sec[0m	
[0m# ... saving optimfunc.state to ./sk6-3/optim.state[0m	
[0m: tac = 45.866157054901 sec[0m	
[0m# ... saving optimfunc.method to ./sk6-3/optim.method[0m	
[0m: tac = 45.925873041153 sec[0m	
[0m
#####################[0m	
[0m# Epoch n° 12[0m	
[0m
# ... train model[0m	
[0m.:. Batch 1 to 128 on 72328 images[0m	
[0m: 1% done[0m	[0m01:16:01 left[0m	
[0m.:. Batch 3201 to 3328 on 72328 images[0m	
[0m: 6% done[0m	[0m01:14:15 left[0m	
[0m.:. Batch 6785 to 6912 on 72328 images[0m	
[0m: 11% done[0m	[0m01:08:36 left[0m	
[0m.:. Batch 10497 to 10624 on 72328 images[0m	
[0m: 16% done[0m	[0m01:04:54 left[0m	
[0m.:. Batch 14081 to 14208 on 72328 images[0m	
[0m: 21% done[0m	[0m01:01:05 left[0m	
[0m.:. Batch 17665 to 17792 on 72328 images[0m	
[0m: 26% done[0m	[0m00:57:18 left[0m	
[0m.:. Batch 21249 to 21376 on 72328 images[0m	
[0m: 31% done[0m	[0m00:53:34 left[0m	
[0m.:. Batch 24961 to 25088 on 72328 images[0m	
[0m: 36% done[0m	[0m00:49:48 left[0m	
[0m.:. Batch 28545 to 28672 on 72328 images[0m	
[0m: 41% done[0m	[0m00:45:52 left[0m	
[0m.:. Batch 32129 to 32256 on 72328 images[0m	
[0m: 46% done[0m	[0m00:42:10 left[0m	
[0m.:. Batch 35841 to 35968 on 72328 images[0m	
[0m: 51% done[0m	[0m00:38:16 left[0m	
[0m.:. Batch 39425 to 39552 on 72328 images[0m	
[0m: 56% done[0m	[0m00:34:19 left[0m	
[0m.:. Batch 43009 to 43136 on 72328 images[0m	
[0m: 61% done[0m	[0m00:30:30 left[0m	
[0m.:. Batch 46721 to 46848 on 72328 images[0m	
[0m: 66% done[0m	[0m00:26:40 left[0m	
[0m.:. Batch 50305 to 50432 on 72328 images[0m	
[0m: 71% done[0m	[0m00:22:41 left[0m	
[0m.:. Batch 53889 to 54016 on 72328 images[0m	
[0m: 76% done[0m	[0m00:18:52 left[0m	
[0m.:. Batch 57473 to 57600 on 72328 images[0m	
[0m: 81% done[0m	[0m00:15:01 left[0m	
[0m.:. Batch 61185 to 61312 on 72328 images[0m	
[0m: 86% done[0m	[0m00:11:09 left[0m	
[0m.:. Batch 64769 to 64896 on 72328 images[0m	
[0m: 91% done[0m	[0m00:07:10 left[0m	
[0m.:. Batch 68353 to 68480 on 72328 images[0m	
[0m: 96% done[0m	[0m00:03:18 left[0m	
[0m.:. Batch 72065 to 72192 on 72328 images[0m	
[0m.:. End of Epoch n° 12[0m	
[0m: Real time to learn 1 batch = 00:00:08[0m	
[0m: Real time to learn full batch = 01:17:52[0m	
[0m# Confusion Matrix[0m	
[0m: average row correct: 9.4103301806136%[0m	
[0m: average rowUcol correct (VOC measure): 4.27482873916%[0m	
[0m: > global correct: 9.4347970357261%[0m	
[0m
# ... test model[0m	
[0m: 0% done [0m	[0m00:24:00 left[0m	
[0m: 5% done [0m	[0m00:06:38 left[0m	
[0m: 10% done [0m	[0m00:06:29 left[0m	
[0m: 15% done [0m	[0m00:06:11 left[0m	
[0m: 20% done [0m	[0m00:05:51 left[0m	
[0m: 25% done [0m	[0m00:05:31 left[0m	
[0m: 30% done [0m	[0m00:05:10 left[0m	
[0m: 35% done [0m	[0m00:04:48 left[0m	
[0m: 40% done [0m	[0m00:04:26 left[0m	
[0m: 45% done [0m	[0m00:04:04 left[0m	
[0m: 50% done [0m	[0m00:03:42 left[0m	
[0m: 55% done [0m	[0m00:03:20 left[0m	
[0m: 60% done [0m	[0m00:02:58 left[0m	
[0m: 65% done [0m	[0m00:02:36 left[0m	
[0m: 70% done [0m	[0m00:02:14 left[0m	
[0m: 75% done [0m	[0m00:01:52 left[0m	
[0m: 80% done [0m	[0m00:01:30 left[0m	
[0m: 85% done [0m	[0m00:01:08 left[0m	
[0m: 90% done [0m	[0m00:00:46 left[0m	
[0m: 95% done [0m	[0m00:00:24 left[0m	
[0m: 100% done [0m	[0m00:00:02 left[0m	
[0m: Time to test all samples = 00:07:23[0m	
[0m# Confusion Matrix[0m	
[0m: average row correct: 8.9340329492963%[0m	
[0m: average rowUcol correct (VOC measure): 3.6521437716219%[0m	
[0m: > global correct: 8.9276862917883%[0m	
[0m# ... saving model to ./sk6-3/model.net[0m	
[0m: tac = 23.371970176697 sec[0m	
[0m# ... saving optimfunc.state to ./sk6-3/optim.state[0m	
[0m: tac = 44.862631082535 sec[0m	
[0m# ... saving optimfunc.method to ./sk6-3/optim.method[0m	
[0m: tac = 44.906450986862 sec[0m	
[0m
#####################[0m	
[0m# Epoch n° 13[0m	
[0m
# ... train model[0m	
[0m.:. Batch 1 to 128 on 72328 images[0m	
[0m: 1% done[0m	[0m01:14:46 left[0m	
[0m.:. Batch 3201 to 3328 on 72328 images[0m	
[0m: 6% done[0m	[0m01:10:22 left[0m	
[0m.:. Batch 6785 to 6912 on 72328 images[0m	
[0m: 11% done[0m	[0m01:06:41 left[0m	
[0m.:. Batch 10497 to 10624 on 72328 images[0m	
[0m: 16% done[0m	[0m01:03:51 left[0m	
[0m.:. Batch 14081 to 14208 on 72328 images[0m	
[0m: 21% done[0m	[0m01:00:25 left[0m	
[0m.:. Batch 17665 to 17792 on 72328 images[0m	
[0m: 26% done[0m	[0m00:56:50 left[0m	
[0m.:. Batch 21249 to 21376 on 72328 images[0m	
[0m: 31% done[0m	[0m00:53:14 left[0m	
[0m.:. Batch 24961 to 25088 on 72328 images[0m	
[0m: 36% done[0m	[0m00:49:32 left[0m	
[0m.:. Batch 28545 to 28672 on 72328 images[0m	
[0m: 41% done[0m	[0m00:45:39 left[0m	
[0m.:. Batch 32129 to 32256 on 72328 images[0m	
[0m: 46% done[0m	[0m00:41:59 left[0m	
[0m.:. Batch 35841 to 35968 on 72328 images[0m	
[0m: 51% done[0m	[0m00:38:11 left[0m	
[0m.:. Batch 39425 to 39552 on 72328 images[0m	
[0m: 56% done[0m	[0m00:34:14 left[0m	
[0m.:. Batch 43009 to 43136 on 72328 images[0m	
[0m: 61% done[0m	[0m00:30:25 left[0m	
[0m.:. Batch 46721 to 46848 on 72328 images[0m	
[0m: 66% done[0m	[0m00:26:35 left[0m	
[0m.:. Batch 50305 to 50432 on 72328 images[0m	
[0m: 71% done[0m	[0m00:22:35 left[0m	
[0m.:. Batch 53889 to 54016 on 72328 images[0m	
[0m: 76% done[0m	[0m00:18:46 left[0m	
[0m.:. Batch 57473 to 57600 on 72328 images[0m	
[0m: 81% done[0m	[0m00:14:57 left[0m	
[0m.:. Batch 61185 to 61312 on 72328 images[0m	
[0m: 86% done[0m	[0m00:11:07 left[0m	
[0m.:. Batch 64769 to 64896 on 72328 images[0m	
[0m: 91% done[0m	[0m00:07:08 left[0m	
[0m.:. Batch 68353 to 68480 on 72328 images[0m	
[0m: 96% done[0m	[0m00:03:18 left[0m	
[0m.:. Batch 72065 to 72192 on 72328 images[0m	
[0m.:. End of Epoch n° 13[0m	
[0m: Real time to learn 1 batch = 00:00:08[0m	
[0m: Real time to learn full batch = 01:17:36[0m	
[0m# Confusion Matrix[0m	
[0m: average row correct: 10.195275764488%[0m	
[0m: average rowUcol correct (VOC measure): 4.6461853101886%[0m	
[0m: > global correct: 10.22149098551%[0m	
[0m
# ... test model[0m	
[0m: 0% done [0m	[0m00:24:06 left[0m	
[0m: 5% done [0m	[0m00:06:39 left[0m	
[0m: 10% done [0m	[0m00:06:29 left[0m	
[0m: 15% done [0m	[0m00:06:12 left[0m	
[0m: 20% done [0m	[0m00:05:52 left[0m	
[0m: 25% done [0m	[0m00:05:32 left[0m	
[0m: 30% done [0m	[0m00:05:10 left[0m	
[0m: 35% done [0m	[0m00:04:48 left[0m	
[0m: 40% done [0m	[0m00:04:26 left[0m	
[0m: 45% done [0m	[0m00:04:05 left[0m	
[0m: 50% done [0m	[0m00:03:43 left[0m	
[0m: 55% done [0m	[0m00:03:21 left[0m	
[0m: 60% done [0m	[0m00:02:59 left[0m	
[0m: 65% done [0m	[0m00:02:37 left[0m	
[0m: 70% done [0m	[0m00:02:14 left[0m	
[0m: 75% done [0m	[0m00:01:52 left[0m	
[0m: 80% done [0m	[0m00:01:30 left[0m	
[0m: 85% done [0m	[0m00:01:08 left[0m	
[0m: 90% done [0m	[0m00:00:46 left[0m	
[0m: 95% done [0m	[0m00:00:24 left[0m	
[0m: 100% done [0m	[0m00:00:02 left[0m	
[0m: Time to test all samples = 00:07:24[0m	
[0m# Confusion Matrix[0m	
[0m: average row correct: 11.571203252891%[0m	
[0m: average rowUcol correct (VOC measure): 4.5910476291976%[0m	
[0m: > global correct: 11.582309852949%[0m	
[0m# ... saving model to ./sk6-3/model.net[0m	
[0m: tac = 22.225709915161 sec[0m	
[0m# ... saving optimfunc.state to ./sk6-3/optim.state[0m	
[0m: tac = 43.172272920609 sec[0m	
[0m# ... saving optimfunc.method to ./sk6-3/optim.method[0m	
[0m: tac = 43.210722923279 sec[0m	
[0m
#####################[0m	
[0m# Epoch n° 14[0m	
[0m
# ... train model[0m	
[0m.:. Batch 1 to 128 on 72328 images[0m	
[0m: 1% done[0m	[0m01:14:53 left[0m	
[0m.:. Batch 3201 to 3328 on 72328 images[0m	
[0m: 6% done[0m	[0m01:10:19 left[0m	
[0m.:. Batch 6785 to 6912 on 72328 images[0m	
[0m: 11% done[0m	[0m01:06:42 left[0m	
[0m.:. Batch 10497 to 10624 on 72328 images[0m	
[0m: 16% done[0m	[0m01:03:50 left[0m	
[0m.:. Batch 14081 to 14208 on 72328 images[0m	
[0m: 21% done[0m	[0m01:00:25 left[0m	
[0m.:. Batch 17665 to 17792 on 72328 images[0m	
[0m: 26% done[0m	[0m00:56:50 left[0m	
[0m.:. Batch 21249 to 21376 on 72328 images[0m	
[0m: 31% done[0m	[0m00:53:08 left[0m	
[0m.:. Batch 24961 to 25088 on 72328 images[0m	
[0m: 36% done[0m	[0m00:49:26 left[0m	
[0m.:. Batch 28545 to 28672 on 72328 images[0m	
[0m: 41% done[0m	[0m00:45:35 left[0m	
[0m.:. Batch 32129 to 32256 on 72328 images[0m	
[0m: 46% done[0m	[0m00:41:55 left[0m	
[0m.:. Batch 35841 to 35968 on 72328 images[0m	
[0m: 51% done[0m	[0m00:38:07 left[0m	
[0m.:. Batch 39425 to 39552 on 72328 images[0m	
[0m: 56% done[0m	[0m00:34:10 left[0m	
[0m.:. Batch 43009 to 43136 on 72328 images[0m	
[0m: 61% done[0m	[0m00:30:22 left[0m	
[0m.:. Batch 46721 to 46848 on 72328 images[0m	
[0m: 66% done[0m	[0m00:26:32 left[0m	
[0m.:. Batch 50305 to 50432 on 72328 images[0m	
[0m: 71% done[0m	[0m00:22:35 left[0m	
[0m.:. Batch 53889 to 54016 on 72328 images[0m	
[0m: 76% done[0m	[0m00:18:49 left[0m	
[0m.:. Batch 57473 to 57600 on 72328 images[0m	
[0m: 81% done[0m	[0m00:14:59 left[0m	
[0m.:. Batch 61185 to 61312 on 72328 images[0m	
[0m: 86% done[0m	[0m00:11:08 left[0m	
[0m.:. Batch 64769 to 64896 on 72328 images[0m	
[0m: 91% done[0m	[0m00:07:09 left[0m	
[0m.:. Batch 68353 to 68480 on 72328 images[0m	
[0m: 96% done[0m	[0m00:03:18 left[0m	
[0m.:. Batch 72065 to 72192 on 72328 images[0m	
[0m.:. End of Epoch n° 14[0m	
[0m: Real time to learn 1 batch = 00:00:08[0m	
[0m: Real time to learn full batch = 01:17:42[0m	
[0m# Confusion Matrix[0m	
[0m: average row correct: 11.002004045836%[0m	
[0m: average rowUcol correct (VOC measure): 5.0914430733779%[0m	
[0m: > global correct: 11.03307156288%[0m	
[0m
# ... test model[0m	
[0m: 0% done [0m	[0m00:24:07 left[0m	
[0m: 5% done [0m	[0m00:06:41 left[0m	
[0m: 10% done [0m	[0m00:06:30 left[0m	
[0m: 15% done [0m	[0m00:06:12 left[0m	
[0m: 20% done [0m	[0m00:05:53 left[0m	
[0m: 25% done [0m	[0m00:05:32 left[0m	
[0m: 30% done [0m	[0m00:05:11 left[0m	
[0m: 35% done [0m	[0m00:04:48 left[0m	
[0m: 40% done [0m	[0m00:04:26 left[0m	
[0m: 45% done [0m	[0m00:04:05 left[0m	
[0m: 50% done [0m	[0m00:03:43 left[0m	
[0m: 55% done [0m	[0m00:03:21 left[0m	
[0m: 60% done [0m	[0m00:02:59 left[0m	
[0m: 65% done [0m	[0m00:02:37 left[0m	
[0m: 70% done [0m	[0m00:02:14 left[0m	
[0m: 75% done [0m	[0m00:01:53 left[0m	
[0m: 80% done [0m	[0m00:01:30 left[0m	
[0m: 85% done [0m	[0m00:01:08 left[0m	
[0m: 90% done [0m	[0m00:00:46 left[0m	
[0m: 95% done [0m	[0m00:00:24 left[0m	
[0m: 100% done [0m	[0m00:00:02 left[0m	
[0m: Time to test all samples = 00:07:24[0m	
[0m# Confusion Matrix[0m	
[0m: average row correct: 12.113856030444%[0m	
[0m: average rowUcol correct (VOC measure): 5.0146228615379%[0m	
[0m: > global correct: 12.111031558077%[0m	
[0m# ... saving model to ./sk6-3/model.net[0m	
[0m: tac = 22.78200006485 sec[0m	
[0m# ... saving optimfunc.state to ./sk6-3/optim.state[0m	
[0m: tac = 43.903146982193 sec[0m	
[0m# ... saving optimfunc.method to ./sk6-3/optim.method[0m	
[0m: tac = 43.937901973724 sec[0m	
[0m
#####################[0m	
[0m# Epoch n° 15[0m	
[0m
# ... train model[0m	
[0m.:. Batch 1 to 128 on 72328 images[0m	
[0m: 1% done[0m	[0m01:14:22 left[0m	
[0m.:. Batch 3201 to 3328 on 72328 images[0m	
[0m: 6% done[0m	[0m01:10:21 left[0m	
[0m.:. Batch 6785 to 6912 on 72328 images[0m	
[0m: 11% done[0m	[0m01:06:45 left[0m	
[0m.:. Batch 10497 to 10624 on 72328 images[0m	
[0m: 16% done[0m	[0m01:04:05 left[0m	
[0m.:. Batch 14081 to 14208 on 72328 images[0m	
[0m: 21% done[0m	[0m01:00:34 left[0m	
[0m.:. Batch 17665 to 17792 on 72328 images[0m	
[0m: 26% done[0m	[0m00:57:00 left[0m	
[0m.:. Batch 21249 to 21376 on 72328 images[0m	
[0m: 31% done[0m	[0m00:53:20 left[0m	
[0m.:. Batch 24961 to 25088 on 72328 images[0m	
[0m: 36% done[0m	[0m00:49:33 left[0m	
[0m.:. Batch 28545 to 28672 on 72328 images[0m	
[0m: 41% done[0m	[0m00:45:40 left[0m	
[0m.:. Batch 32129 to 32256 on 72328 images[0m	
[0m: 46% done[0m	[0m00:42:02 left[0m	
[0m.:. Batch 35841 to 35968 on 72328 images[0m	
[0m: 51% done[0m	[0m00:38:14 left[0m	
[0m.:. Batch 39425 to 39552 on 72328 images[0m	
[0m: 56% done[0m	[0m00:34:16 left[0m	
[0m.:. Batch 43009 to 43136 on 72328 images[0m	
[0m: 61% done[0m	[0m00:30:26 left[0m	
[0m.:. Batch 46721 to 46848 on 72328 images[0m	
[0m: 66% done[0m	[0m00:26:37 left[0m	
[0m.:. Batch 50305 to 50432 on 72328 images[0m	
[0m: 71% done[0m	[0m00:22:38 left[0m	
[0m.:. Batch 53889 to 54016 on 72328 images[0m	
[0m: 76% done[0m	[0m00:18:51 left[0m	
[0m.:. Batch 57473 to 57600 on 72328 images[0m	
[0m: 81% done[0m	[0m00:15:00 left[0m	
[0m.:. Batch 61185 to 61312 on 72328 images[0m	
[0m: 86% done[0m	[0m00:11:08 left[0m	
[0m.:. Batch 64769 to 64896 on 72328 images[0m	
[0m: 91% done[0m	[0m00:07:09 left[0m	
[0m.:. Batch 68353 to 68480 on 72328 images[0m	
[0m: 96% done[0m	[0m00:03:18 left[0m	
[0m.:. Batch 72065 to 72192 on 72328 images[0m	
[0m.:. End of Epoch n° 15[0m	
[0m: Real time to learn 1 batch = 00:00:08[0m	
[0m: Real time to learn full batch = 01:17:43[0m	
[0m# Confusion Matrix[0m	
[0m: average row correct: 11.898162013086%[0m	
[0m: average rowUcol correct (VOC measure): 5.5682496197688%[0m	
[0m: > global correct: 11.924842384692%[0m	
[0m
# ... test model[0m	
[0m: 0% done [0m	[0m00:23:38 left[0m	
[0m: 5% done [0m	[0m00:06:41 left[0m	
[0m: 10% done [0m	[0m00:06:30 left[0m	
[0m: 15% done [0m	[0m00:06:12 left[0m	
[0m: 20% done [0m	[0m00:05:52 left[0m	
[0m: 25% done [0m	[0m00:05:32 left[0m	
[0m: 30% done [0m	[0m00:05:11 left[0m	
[0m: 35% done [0m	[0m00:04:48 left[0m	
[0m: 40% done [0m	[0m00:04:26 left[0m	
[0m: 45% done [0m	[0m00:04:05 left[0m	
[0m: 50% done [0m	[0m00:03:43 left[0m	
[0m: 55% done [0m	[0m00:03:21 left[0m	
[0m: 60% done [0m	[0m00:02:59 left[0m	
[0m: 65% done [0m	[0m00:02:37 left[0m	
[0m: 70% done [0m	[0m00:02:15 left[0m	
[0m: 75% done [0m	[0m00:01:52 left[0m	
[0m: 80% done [0m	[0m00:01:30 left[0m	
[0m: 85% done [0m	[0m00:01:08 left[0m	
[0m: 90% done [0m	[0m00:00:46 left[0m	
[0m: 95% done [0m	[0m00:00:24 left[0m	
[0m: 100% done [0m	[0m00:00:02 left[0m	
[0m: Time to test all samples = 00:07:24[0m	
[0m# Confusion Matrix[0m	
[0m: average row correct: 8.287847879352%[0m	
[0m: average rowUcol correct (VOC measure): 2.8016896784711%[0m	
[0m: > global correct: 8.3108443024729%[0m	
[0m# ... saving model to ./sk6-3/model.net[0m	
[0m: tac = 23.110991954803 sec[0m	
[0m# ... saving optimfunc.state to ./sk6-3/optim.state[0m	
[0m: tac = 43.910270929337 sec[0m	
[0m# ... saving optimfunc.method to ./sk6-3/optim.method[0m	
[0m: tac = 43.945266962051 sec[0m	
[0m
#####################[0m	
[0m# Epoch n° 16[0m	
[0m
# ... train model[0m	
[0m.:. Batch 1 to 128 on 72328 images[0m	
[0m: 1% done[0m	[0m01:14:49 left[0m	
[0m.:. Batch 3201 to 3328 on 72328 images[0m	
[0m: 6% done[0m	[0m01:10:24 left[0m	
[0m.:. Batch 6785 to 6912 on 72328 images[0m	
[0m: 11% done[0m	[0m01:06:53 left[0m	
[0m.:. Batch 10497 to 10624 on 72328 images[0m	
[0m: 16% done[0m	[0m01:04:07 left[0m	
[0m.:. Batch 14081 to 14208 on 72328 images[0m	
[0m: 21% done[0m	[0m01:00:31 left[0m	
[0m.:. Batch 17665 to 17792 on 72328 images[0m	
[0m: 26% done[0m	[0m00:56:57 left[0m	
[0m.:. Batch 21249 to 21376 on 72328 images[0m	
[0m: 31% done[0m	[0m00:53:19 left[0m	
[0m.:. Batch 24961 to 25088 on 72328 images[0m	
[0m: 36% done[0m	[0m00:49:36 left[0m	
[0m.:. Batch 28545 to 28672 on 72328 images[0m	
[0m: 41% done[0m	[0m00:45:42 left[0m	
[0m.:. Batch 32129 to 32256 on 72328 images[0m	
[0m: 46% done[0m	[0m00:42:02 left[0m	
[0m.:. Batch 35841 to 35968 on 72328 images[0m	
[0m: 51% done[0m	[0m00:38:13 left[0m	
[0m.:. Batch 39425 to 39552 on 72328 images[0m	
[0m: 56% done[0m	[0m00:34:15 left[0m	
[0m.:. Batch 43009 to 43136 on 72328 images[0m	
[0m: 61% done[0m	[0m00:30:26 left[0m	
[0m.:. Batch 46721 to 46848 on 72328 images[0m	
[0m: 66% done[0m	[0m00:26:36 left[0m	
[0m.:. Batch 50305 to 50432 on 72328 images[0m	
[0m: 71% done[0m	[0m00:22:35 left[0m	
[0m.:. Batch 53889 to 54016 on 72328 images[0m	
[0m: 76% done[0m	[0m00:18:47 left[0m	
[0m.:. Batch 57473 to 57600 on 72328 images[0m	
[0m: 81% done[0m	[0m00:14:57 left[0m	
[0m.:. Batch 61185 to 61312 on 72328 images[0m	
[0m: 86% done[0m	[0m00:11:07 left[0m	
[0m.:. Batch 64769 to 64896 on 72328 images[0m	
[0m: 91% done[0m	[0m00:07:08 left[0m	
[0m.:. Batch 68353 to 68480 on 72328 images[0m	
[0m: 96% done[0m	[0m00:03:18 left[0m	
[0m.:. Batch 72065 to 72192 on 72328 images[0m	
[0m.:. End of Epoch n° 16[0m	
[0m: Real time to learn 1 batch = 00:00:08[0m	
[0m: Real time to learn full batch = 01:17:36[0m	
[0m# Confusion Matrix[0m	
[0m: average row correct: 12.811995684031%[0m	
[0m: average rowUcol correct (VOC measure): 6.0686647338737%[0m	
[0m: > global correct: 12.840117243668%[0m	
[0m
# ... test model[0m	
[0m: 0% done [0m	[0m00:24:00 left[0m	
[0m: 5% done [0m	[0m00:06:41 left[0m	
[0m: 10% done [0m	[0m00:06:31 left[0m	
[0m: 15% done [0m	[0m00:06:12 left[0m	
[0m: 20% done [0m	[0m00:05:55 left[0m	
[0m: 25% done [0m	[0m00:05:33 left[0m	
[0m: 30% done [0m	[0m00:05:12 left[0m	
[0m: 35% done [0m	[0m00:04:49 left[0m	
[0m: 40% done [0m	[0m00:04:27 left[0m	
[0m: 45% done [0m	[0m00:04:05 left[0m	
[0m: 50% done [0m	[0m00:03:44 left[0m	
[0m: 55% done [0m	[0m00:03:21 left[0m	
[0m: 60% done [0m	[0m00:02:59 left[0m	
[0m: 65% done [0m	[0m00:02:37 left[0m	
[0m: 70% done [0m	[0m00:02:15 left[0m	
[0m: 75% done [0m	[0m00:01:53 left[0m	
[0m: 80% done [0m	[0m00:01:31 left[0m	
[0m: 85% done [0m	[0m00:01:08 left[0m	
[0m: 90% done [0m	[0m00:00:46 left[0m	
[0m: 95% done [0m	[0m00:00:24 left[0m	
[0m: 100% done [0m	[0m00:00:02 left[0m	
[0m: Time to test all samples = 00:07:25[0m	
[0m# Confusion Matrix[0m	
[0m: average row correct: 11.470585666357%[0m	
[0m: average rowUcol correct (VOC measure): 4.8200334519111%[0m	
[0m: > global correct: 11.444621908906%[0m	
[0m# ... saving model to ./sk6-3/model.net[0m	
[0m: tac = 22.274549007416 sec[0m	
[0m# ... saving optimfunc.state to ./sk6-3/optim.state[0m	
[0m: tac = 43.440824985504 sec[0m	
[0m# ... saving optimfunc.method to ./sk6-3/optim.method[0m	
[0m: tac = 43.47373008728 sec[0m	
[0m
#####################[0m	
[0m# Epoch n° 17[0m	
[0m
# ... train model[0m	
[0m.:. Batch 1 to 128 on 72328 images[0m	
[0m: 1% done[0m	[0m01:14:26 left[0m	
[0m.:. Batch 3201 to 3328 on 72328 images[0m	
[0m: 6% done[0m	[0m01:10:11 left[0m	
[0m.:. Batch 6785 to 6912 on 72328 images[0m	
[0m: 11% done[0m	[0m01:06:37 left[0m	
[0m.:. Batch 10497 to 10624 on 72328 images[0m	
[0m: 16% done[0m	[0m01:03:44 left[0m	
[0m.:. Batch 14081 to 14208 on 72328 images[0m	
[0m: 21% done[0m	[0m01:01:09 left[0m	
[0m.:. Batch 17665 to 17792 on 72328 images[0m	
[0m: 26% done[0m	[0m00:58:02 left[0m	
[0m.:. Batch 21249 to 21376 on 72328 images[0m	
[0m: 31% done[0m	[0m00:54:37 left[0m	
[0m.:. Batch 24961 to 25088 on 72328 images[0m	
[0m: 36% done[0m	[0m00:50:48 left[0m	
[0m.:. Batch 28545 to 28672 on 72328 images[0m	
[0m: 41% done[0m	[0m00:46:51 left[0m	
[0m.:. Batch 32129 to 32256 on 72328 images[0m	
[0m: 46% done[0m	[0m00:43:29 left[0m	
[0m.:. Batch 35841 to 35968 on 72328 images[0m	
[0m: 51% done[0m	[0m00:39:26 left[0m	
[0m.:. Batch 39425 to 39552 on 72328 images[0m	
[0m: 56% done[0m	[0m00:35:13 left[0m	
[0m.:. Batch 43009 to 43136 on 72328 images[0m	
[0m: 61% done[0m	[0m00:31:12 left[0m	
[0m.:. Batch 46721 to 46848 on 72328 images[0m	
[0m: 66% done[0m	[0m00:27:14 left[0m	
[0m.:. Batch 50305 to 50432 on 72328 images[0m	
[0m: 71% done[0m	[0m00:23:04 left[0m	
[0m.:. Batch 53889 to 54016 on 72328 images[0m	
[0m: 76% done[0m	[0m00:19:10 left[0m	
[0m.:. Batch 57473 to 57600 on 72328 images[0m	
[0m: 81% done[0m	[0m00:15:14 left[0m	
[0m.:. Batch 61185 to 61312 on 72328 images[0m	
[0m: 86% done[0m	[0m00:11:19 left[0m	
[0m.:. Batch 64769 to 64896 on 72328 images[0m	
[0m: 91% done[0m	[0m00:07:15 left[0m	
[0m.:. Batch 68353 to 68480 on 72328 images[0m	
[0m: 96% done[0m	[0m00:03:21 left[0m	
[0m.:. Batch 72065 to 72192 on 72328 images[0m	
[0m.:. End of Epoch n° 17[0m	
[0m: Real time to learn 1 batch = 00:00:08[0m	
[0m: Real time to learn full batch = 01:18:46[0m	
[0m# Confusion Matrix[0m	
[0m: average row correct: 13.80026576266%[0m	
[0m: average rowUcol correct (VOC measure): 6.6491064698537%[0m	
[0m: > global correct: 13.828669394978%[0m	
[0m
# ... test model[0m	
[0m: 0% done [0m	[0m00:23:57 left[0m	
[0m: 5% done [0m	[0m00:06:40 left[0m	
[0m: 10% done [0m	[0m00:06:30 left[0m	
[0m: 15% done [0m	[0m00:06:12 left[0m	
[0m: 20% done [0m	[0m00:05:52 left[0m	
[0m: 25% done [0m	[0m00:05:32 left[0m	
[0m: 30% done [0m	[0m00:05:11 left[0m	
[0m: 35% done [0m	[0m00:04:49 left[0m	
[0m: 40% done [0m	[0m00:04:27 left[0m	
[0m: 45% done [0m	[0m00:04:05 left[0m	
[0m: 50% done [0m	[0m00:03:43 left[0m	
[0m: 55% done [0m	[0m00:03:21 left[0m	
[0m: 60% done [0m	[0m00:02:59 left[0m	
[0m: 65% done [0m	[0m00:02:37 left[0m	
[0m: 70% done [0m	[0m00:02:15 left[0m	
[0m: 75% done [0m	[0m00:01:53 left[0m	
[0m: 80% done [0m	[0m00:01:30 left[0m	
[0m: 85% done [0m	[0m00:01:08 left[0m	
[0m: 90% done [0m	[0m00:00:46 left[0m	
[0m: 95% done [0m	[0m00:00:24 left[0m	
[0m: 100% done [0m	[0m00:00:02 left[0m	
[0m: Time to test all samples = 00:07:24[0m	
[0m# Confusion Matrix[0m	
[0m: average row correct: 12.469670318971%[0m	
[0m: average rowUcol correct (VOC measure): 5.4676288522153%[0m	
[0m: > global correct: 12.463512694828%[0m	
[0m# ... saving model to ./sk6-3/model.net[0m	
[0m: tac = 22.65466594696 sec[0m	
[0m# ... saving optimfunc.state to ./sk6-3/optim.state[0m	
[0m: tac = 43.482383966446 sec[0m	
[0m# ... saving optimfunc.method to ./sk6-3/optim.method[0m	
[0m: tac = 43.51564002037 sec[0m	
[0m
#####################[0m	
[0m# Epoch n° 18[0m	
[0m
# ... train model[0m	
[0m.:. Batch 1 to 128 on 72328 images[0m	
[0m: 1% done[0m	[0m01:14:52 left[0m	
[0m.:. Batch 3201 to 3328 on 72328 images[0m	
[0m: 6% done[0m	[0m01:10:21 left[0m	
[0m.:. Batch 6785 to 6912 on 72328 images[0m	
[0m: 11% done[0m	[0m01:06:56 left[0m	
[0m.:. Batch 10497 to 10624 on 72328 images[0m	
[0m: 16% done[0m	[0m01:04:03 left[0m	
[0m.:. Batch 14081 to 14208 on 72328 images[0m	
[0m: 21% done[0m	[0m01:00:30 left[0m	
[0m.:. Batch 17665 to 17792 on 72328 images[0m	
[0m: 26% done[0m	[0m00:56:56 left[0m	
[0m.:. Batch 21249 to 21376 on 72328 images[0m	
[0m: 31% done[0m	[0m00:53:14 left[0m	
[0m.:. Batch 24961 to 25088 on 72328 images[0m	
[0m: 36% done[0m	[0m00:49:29 left[0m	
[0m.:. Batch 28545 to 28672 on 72328 images[0m	
[0m: 41% done[0m	[0m00:45:35 left[0m	
[0m.:. Batch 32129 to 32256 on 72328 images[0m	
[0m: 46% done[0m	[0m00:42:00 left[0m	
[0m.:. Batch 35841 to 35968 on 72328 images[0m	
[0m: 51% done[0m	[0m00:38:10 left[0m	
[0m.:. Batch 39425 to 39552 on 72328 images[0m	
[0m: 56% done[0m	[0m00:34:14 left[0m	
[0m.:. Batch 43009 to 43136 on 72328 images[0m	
[0m: 61% done[0m	[0m00:30:25 left[0m	
[0m.:. Batch 46721 to 46848 on 72328 images[0m	
[0m: 66% done[0m	[0m00:26:35 left[0m	
[0m.:. Batch 50305 to 50432 on 72328 images[0m	
[0m: 71% done[0m	[0m00:22:34 left[0m	
[0m.:. Batch 53889 to 54016 on 72328 images[0m	
[0m: 76% done[0m	[0m00:18:46 left[0m	
[0m.:. Batch 57473 to 57600 on 72328 images[0m	
[0m: 81% done[0m	[0m00:14:57 left[0m	
[0m.:. Batch 61185 to 61312 on 72328 images[0m	
[0m: 86% done[0m	[0m00:11:06 left[0m	
[0m.:. Batch 64769 to 64896 on 72328 images[0m	
[0m: 91% done[0m	[0m00:07:08 left[0m	
[0m.:. Batch 68353 to 68480 on 72328 images[0m	
[0m: 96% done[0m	[0m00:03:18 left[0m	
[0m.:. Batch 72065 to 72192 on 72328 images[0m	
[0m.:. End of Epoch n° 18[0m	
[0m: Real time to learn 1 batch = 00:00:08[0m	
[0m: Real time to learn full batch = 01:17:33[0m	
[0m# Confusion Matrix[0m	
[0m: average row correct: 14.708865480959%[0m	
[0m: average rowUcol correct (VOC measure): 7.2137462759003%[0m	
[0m: > global correct: 14.731500940161%[0m	
[0m
# ... test model[0m	
[0m: 0% done [0m	[0m00:23:44 left[0m	
[0m: 5% done [0m	[0m00:06:41 left[0m	
[0m: 10% done [0m	[0m00:06:30 left[0m	
[0m: 15% done [0m	[0m00:06:13 left[0m	
[0m: 20% done [0m	[0m00:05:53 left[0m	
[0m: 25% done [0m	[0m00:05:32 left[0m	
[0m: 30% done [0m	[0m00:05:11 left[0m	
[0m: 35% done [0m	[0m00:04:48 left[0m	
[0m: 40% done [0m	[0m00:04:26 left[0m	
[0m: 45% done [0m	[0m00:04:05 left[0m	
[0m: 50% done [0m	[0m00:03:43 left[0m	
[0m: 55% done [0m	[0m00:03:21 left[0m	
[0m: 60% done [0m	[0m00:02:59 left[0m	
[0m: 65% done [0m	[0m00:02:37 left[0m	
[0m: 70% done [0m	[0m00:02:14 left[0m	
[0m: 75% done [0m	[0m00:01:53 left[0m	
[0m: 80% done [0m	[0m00:01:30 left[0m	
[0m: 85% done [0m	[0m00:01:08 left[0m	
[0m: 90% done [0m	[0m00:00:46 left[0m	
[0m: 95% done [0m	[0m00:00:24 left[0m	
[0m: 100% done [0m	[0m00:00:02 left[0m	
[0m: Time to test all samples = 00:07:24[0m	
[0m# Confusion Matrix[0m	
[0m: average row correct: 15.222101073048%[0m	
[0m: average rowUcol correct (VOC measure): 6.7213742375964%[0m	
[0m: > global correct: 15.217271575701%[0m	
[0m# ... saving model to ./sk6-3/model.net[0m	
[0m: tac = 23.299662828445 sec[0m	
[0m# ... saving optimfunc.state to ./sk6-3/optim.state[0m	
[0m: tac = 44.154168844223 sec[0m	
[0m# ... saving optimfunc.method to ./sk6-3/optim.method[0m	
[0m: tac = 44.21879696846 sec[0m	
[0m
#####################[0m	
[0m# Epoch n° 19[0m	
[0m
# ... train model[0m	
[0m.:. Batch 1 to 128 on 72328 images[0m	
[0m: 1% done[0m	[0m01:15:25 left[0m	
[0m.:. Batch 3201 to 3328 on 72328 images[0m	
[0m: 6% done[0m	[0m01:10:25 left[0m	
[0m.:. Batch 6785 to 6912 on 72328 images[0m	
[0m: 11% done[0m	[0m01:06:39 left[0m	
[0m.:. Batch 10497 to 10624 on 72328 images[0m	
[0m: 16% done[0m	[0m01:03:50 left[0m	
[0m.:. Batch 14081 to 14208 on 72328 images[0m	
[0m: 21% done[0m	[0m01:00:20 left[0m	
[0m.:. Batch 17665 to 17792 on 72328 images[0m	
[0m: 26% done[0m	[0m00:56:50 left[0m	
[0m.:. Batch 21249 to 21376 on 72328 images[0m	
[0m: 31% done[0m	[0m00:53:17 left[0m	
[0m.:. Batch 24961 to 25088 on 72328 images[0m	
[0m: 36% done[0m	[0m00:49:32 left[0m	
[0m.:. Batch 28545 to 28672 on 72328 images[0m	
[0m: 41% done[0m	[0m00:45:46 left[0m	
[0m.:. Batch 32129 to 32256 on 72328 images[0m	
[0m: 46% done[0m	[0m00:42:00 left[0m	
[0m.:. Batch 35841 to 35968 on 72328 images[0m	
[0m: 51% done[0m	[0m00:38:11 left[0m	
[0m.:. Batch 39425 to 39552 on 72328 images[0m	
[0m: 56% done[0m	[0m00:34:14 left[0m	
[0m.:. Batch 43009 to 43136 on 72328 images[0m	
[0m: 61% done[0m	[0m00:30:24 left[0m	
[0m.:. Batch 46721 to 46848 on 72328 images[0m	
[0m: 66% done[0m	[0m00:26:34 left[0m	
[0m.:. Batch 50305 to 50432 on 72328 images[0m	
[0m: 71% done[0m	[0m00:22:34 left[0m	
[0m.:. Batch 53889 to 54016 on 72328 images[0m	
[0m: 76% done[0m	[0m00:18:49 left[0m	
[0m.:. Batch 57473 to 57600 on 72328 images[0m	
[0m: 81% done[0m	[0m00:14:58 left[0m	
[0m.:. Batch 61185 to 61312 on 72328 images[0m	
[0m: 86% done[0m	[0m00:11:07 left[0m	
[0m.:. Batch 64769 to 64896 on 72328 images[0m	
[0m: 91% done[0m	[0m00:07:09 left[0m	
[0m.:. Batch 68353 to 68480 on 72328 images[0m	
[0m: 96% done[0m	[0m00:03:18 left[0m	
[0m.:. Batch 72065 to 72192 on 72328 images[0m	
[0m.:. End of Epoch n° 19[0m	
[0m: Real time to learn 1 batch = 00:00:08[0m	
[0m: Real time to learn full batch = 01:17:37[0m	
[0m# Confusion Matrix[0m	
[0m: average row correct: 16.050842247608%[0m	
[0m: average rowUcol correct (VOC measure): 8.0148867054815%[0m	
[0m: > global correct: 16.082291781883%[0m	
[0m
# ... test model[0m	
[0m: 0% done [0m	[0m00:23:57 left[0m	
[0m: 5% done [0m	[0m00:06:39 left[0m	
[0m: 10% done [0m	[0m00:06:30 left[0m	
[0m: 15% done [0m	[0m00:06:12 left[0m	
[0m: 20% done [0m	[0m00:05:53 left[0m	
[0m: 25% done [0m	[0m00:05:33 left[0m	
[0m: 30% done [0m	[0m00:05:11 left[0m	
[0m: 35% done [0m	[0m00:04:49 left[0m	
[0m: 40% done [0m	[0m00:04:27 left[0m	
[0m: 45% done [0m	[0m00:04:05 left[0m	
[0m: 50% done [0m	[0m00:03:43 left[0m	
[0m: 55% done [0m	[0m00:03:21 left[0m	
[0m: 60% done [0m	[0m00:02:59 left[0m	
[0m: 65% done [0m	[0m00:02:37 left[0m	
[0m: 70% done [0m	[0m00:02:15 left[0m	
[0m: 75% done [0m	[0m00:01:53 left[0m	
[0m: 80% done [0m	[0m00:01:30 left[0m	
[0m: 85% done [0m	[0m00:01:08 left[0m	
[0m: 90% done [0m	[0m00:00:46 left[0m	
[0m: 95% done [0m	[0m00:00:24 left[0m	
[0m: 100% done [0m	[0m00:00:02 left[0m	
[0m: Time to test all samples = 00:07:24[0m	
[0m# Confusion Matrix[0m	
[0m: average row correct: 13.986064268202%[0m	
[0m: average rowUcol correct (VOC measure): 6.2988383999777%[0m	
[0m: > global correct: 13.972572561547%[0m	
[0m# ... saving model to ./sk6-3/model.net[0m	
[0m: tac = 22.66539978981 sec[0m	
[0m# ... saving optimfunc.state to ./sk6-3/optim.state[0m	
[0m: tac = 43.65310382843 sec[0m	
[0m# ... saving optimfunc.method to ./sk6-3/optim.method[0m	
[0m: tac = 43.690549850464 sec[0m	
[0m
#####################[0m	
[0m# Epoch n° 20[0m	
[0m
# ... train model[0m	
[0m.:. Batch 1 to 128 on 72328 images[0m	
[0m: 1% done[0m	[0m01:14:48 left[0m	
[0m.:. Batch 3201 to 3328 on 72328 images[0m	
[0m: 6% done[0m	[0m01:10:18 left[0m	
[0m.:. Batch 6785 to 6912 on 72328 images[0m	
[0m: 11% done[0m	[0m01:06:45 left[0m	
[0m.:. Batch 10497 to 10624 on 72328 images[0m	
[0m: 16% done[0m	[0m01:03:55 left[0m	
[0m.:. Batch 14081 to 14208 on 72328 images[0m	
[0m: 21% done[0m	[0m01:00:26 left[0m	
[0m.:. Batch 17665 to 17792 on 72328 images[0m	
[0m: 26% done[0m	[0m00:56:52 left[0m	
[0m.:. Batch 21249 to 21376 on 72328 images[0m	
[0m: 31% done[0m	[0m00:53:11 left[0m	
[0m.:. Batch 24961 to 25088 on 72328 images[0m	
[0m: 36% done[0m	[0m00:49:27 left[0m	
[0m.:. Batch 28545 to 28672 on 72328 images[0m	
[0m: 41% done[0m	[0m00:45:45 left[0m	
[0m.:. Batch 32129 to 32256 on 72328 images[0m	
[0m: 46% done[0m	[0m00:41:57 left[0m	
[0m.:. Batch 35841 to 35968 on 72328 images[0m	
[0m: 51% done[0m	[0m00:38:09 left[0m	
[0m.:. Batch 39425 to 39552 on 72328 images[0m	
[0m: 56% done[0m	[0m00:34:12 left[0m	
[0m.:. Batch 43009 to 43136 on 72328 images[0m	
[0m: 61% done[0m	[0m00:30:23 left[0m	
[0m.:. Batch 46721 to 46848 on 72328 images[0m	
[0m: 66% done[0m	[0m00:26:34 left[0m	
[0m.:. Batch 50305 to 50432 on 72328 images[0m	
[0m: 71% done[0m	[0m00:22:40 left[0m	
[0m.:. Batch 53889 to 54016 on 72328 images[0m	
[0m: 76% done[0m	[0m00:18:49 left[0m	
[0m.:. Batch 57473 to 57600 on 72328 images[0m	
[0m: 81% done[0m	[0m00:14:58 left[0m	
[0m.:. Batch 61185 to 61312 on 72328 images[0m	
[0m: 86% done[0m	[0m00:11:08 left[0m	
[0m.:. Batch 64769 to 64896 on 72328 images[0m	
[0m: 91% done[0m	[0m00:07:08 left[0m	
[0m.:. Batch 68353 to 68480 on 72328 images[0m	
[0m: 96% done[0m	[0m00:03:18 left[0m	
[0m.:. Batch 72065 to 72192 on 72328 images[0m	
[0m.:. End of Epoch n° 20[0m	
[0m: Real time to learn 1 batch = 00:00:08[0m	
[0m: Real time to learn full batch = 01:17:37[0m	
[0m# Confusion Matrix[0m	
[0m: average row correct: 16.914123975404%[0m	
[0m: average rowUcol correct (VOC measure): 8.5416816174984%[0m	
[0m: > global correct: 16.936732662316%[0m	
[0m
# ... test model[0m	
[0m: 0% done [0m	[0m00:24:08 left[0m	
[0m: 5% done [0m	[0m00:06:41 left[0m	
[0m: 10% done [0m	[0m00:06:30 left[0m	
[0m: 15% done [0m	[0m00:06:12 left[0m	
[0m: 20% done [0m	[0m00:05:52 left[0m	
[0m: 25% done [0m	[0m00:05:32 left[0m	
[0m: 30% done [0m	[0m00:05:11 left[0m	
[0m: 35% done [0m	[0m00:04:49 left[0m	
[0m: 40% done [0m	[0m00:04:27 left[0m	
[0m: 45% done [0m	[0m00:04:05 left[0m	
[0m: 50% done [0m	[0m00:03:43 left[0m	
[0m: 55% done [0m	[0m00:03:21 left[0m	
[0m: 60% done [0m	[0m00:02:59 left[0m	
[0m: 65% done [0m	[0m00:02:37 left[0m	
[0m: 70% done [0m	[0m00:02:15 left[0m	
[0m: 75% done [0m	[0m00:01:53 left[0m	
[0m: 80% done [0m	[0m00:01:30 left[0m	
[0m: 85% done [0m	[0m00:01:08 left[0m	
[0m: 90% done [0m	[0m00:00:46 left[0m	
[0m: 95% done [0m	[0m00:00:24 left[0m	
[0m: 100% done [0m	[0m00:00:02 left[0m	
[0m: Time to test all samples = 00:07:25[0m	
[0m# Confusion Matrix[0m	
[0m: average row correct: 10.010573162817%[0m	
[0m: average rowUcol correct (VOC measure): 4.6292351770888%[0m	
[0m: > global correct: 9.9796221842815%[0m	
[0m# ... saving model to ./sk6-3/model.net[0m	
[0m: tac = 22.38998913765 sec[0m	
[0m# ... saving optimfunc.state to ./sk6-3/optim.state[0m	
[0m: tac = 43.174355983734 sec[0m	
[0m# ... saving optimfunc.method to ./sk6-3/optim.method[0m	
[0m: tac = 43.209228038788 sec[0m	
[0m
#####################[0m	
[0m# Epoch n° 21[0m	
[0m
# ... train model[0m	
[0m.:. Batch 1 to 128 on 72328 images[0m	
[0m: 1% done[0m	[0m01:14:34 left[0m	
[0m.:. Batch 3201 to 3328 on 72328 images[0m	
[0m: 6% done[0m	[0m01:10:18 left[0m	
[0m.:. Batch 6785 to 6912 on 72328 images[0m	
[0m: 11% done[0m	[0m01:06:39 left[0m	
[0m.:. Batch 10497 to 10624 on 72328 images[0m	
[0m: 16% done[0m	[0m01:03:38 left[0m	
[0m.:. Batch 14081 to 14208 on 72328 images[0m	
[0m: 21% done[0m	[0m01:00:19 left[0m	
[0m.:. Batch 17665 to 17792 on 72328 images[0m	
[0m: 26% done[0m	[0m00:56:35 left[0m	
[0m.:. Batch 21249 to 21376 on 72328 images[0m	
[0m: 31% done[0m	[0m00:53:03 left[0m	
[0m.:. Batch 24961 to 25088 on 72328 images[0m	
[0m: 36% done[0m	[0m00:49:23 left[0m	
[0m.:. Batch 28545 to 28672 on 72328 images[0m	
[0m: 41% done[0m	[0m00:45:40 left[0m	
[0m.:. Batch 32129 to 32256 on 72328 images[0m	
[0m: 46% done[0m	[0m00:41:53 left[0m	
[0m.:. Batch 35841 to 35968 on 72328 images[0m	
[0m: 51% done[0m	[0m00:38:05 left[0m	
[0m.:. Batch 39425 to 39552 on 72328 images[0m	
[0m: 56% done[0m	[0m00:34:09 left[0m	
[0m.:. Batch 43009 to 43136 on 72328 images[0m	
[0m: 61% done[0m	[0m00:30:20 left[0m	
[0m.:. Batch 46721 to 46848 on 72328 images[0m	
[0m: 66% done[0m	[0m00:26:31 left[0m	
[0m.:. Batch 50305 to 50432 on 72328 images[0m	
[0m: 71% done[0m	[0m00:22:34 left[0m	
[0m.:. Batch 53889 to 54016 on 72328 images[0m	
[0m: 76% done[0m	[0m00:18:44 left[0m	
[0m.:. Batch 57473 to 57600 on 72328 images[0m	
[0m: 81% done[0m	[0m00:14:55 left[0m	
[0m.:. Batch 61185 to 61312 on 72328 images[0m	
[0m: 86% done[0m	[0m00:11:05 left[0m	
[0m.:. Batch 64769 to 64896 on 72328 images[0m	
[0m: 91% done[0m	[0m00:07:07 left[0m	
[0m.:. Batch 68353 to 68480 on 72328 images[0m	
[0m: 96% done[0m	[0m00:03:17 left[0m	
[0m.:. Batch 72065 to 72192 on 72328 images[0m	
[0m.:. End of Epoch n° 21[0m	
[0m: Real time to learn 1 batch = 00:00:08[0m	
[0m: Real time to learn full batch = 01:17:22[0m	
[0m# Confusion Matrix[0m	
[0m: average row correct: 18.302519344679%[0m	
[0m: average rowUcol correct (VOC measure): 9.3873063766278%[0m	
[0m: > global correct: 18.32900121668%[0m	
[0m
# ... test model[0m	
[0m: 0% done [0m	[0m00:24:03 left[0m	
[0m: 5% done [0m	[0m00:06:41 left[0m	
[0m: 10% done [0m	[0m00:06:31 left[0m	
[0m: 15% done [0m	[0m00:06:13 left[0m	
[0m: 20% done [0m	[0m00:05:53 left[0m	
[0m: 25% done [0m	[0m00:05:33 left[0m	
[0m: 30% done [0m	[0m00:05:11 left[0m	
[0m: 35% done [0m	[0m00:04:49 left[0m	
[0m: 40% done [0m	[0m00:04:27 left[0m	
[0m: 45% done [0m	[0m00:04:05 left[0m	
[0m: 50% done [0m	[0m00:03:43 left[0m	
[0m: 55% done [0m	[0m00:03:21 left[0m	
[0m: 60% done [0m	[0m00:02:59 left[0m	
[0m: 65% done [0m	[0m00:02:37 left[0m	
[0m: 70% done [0m	[0m00:02:15 left[0m	
[0m: 75% done [0m	[0m00:01:53 left[0m	
[0m: 80% done [0m	[0m00:01:30 left[0m	
[0m: 85% done [0m	[0m00:01:08 left[0m	
[0m: 90% done [0m	[0m00:00:46 left[0m	
[0m: 95% done [0m	[0m00:00:24 left[0m	
[0m: 100% done [0m	[0m00:00:02 left[0m	
[0m: Time to test all samples = 00:07:24[0m	
[0m# Confusion Matrix[0m	
[0m: average row correct: 11.527260801856%[0m	
[0m: average rowUcol correct (VOC measure): 5.2214925380258%[0m	
[0m: > global correct: 11.466651979953%[0m	
[0m# ... saving model to ./sk6-3/model.net[0m	
[0m: tac = 22.438774824142 sec[0m	
[0m# ... saving optimfunc.state to ./sk6-3/optim.state[0m	
[0m: tac = 43.425611019135 sec[0m	
[0m# ... saving optimfunc.method to ./sk6-3/optim.method[0m	
[0m: tac = 43.460001945496 sec[0m	
[0m
#####################[0m	
[0m# Epoch n° 22[0m	
[0m
# ... train model[0m	
[0m.:. Batch 1 to 128 on 72328 images[0m	
[0m: 1% done[0m	[0m01:14:33 left[0m	
[0m.:. Batch 3201 to 3328 on 72328 images[0m	
[0m: 6% done[0m	[0m01:10:21 left[0m	
[0m.:. Batch 6785 to 6912 on 72328 images[0m	
[0m: 11% done[0m	[0m01:06:49 left[0m	
[0m.:. Batch 10497 to 10624 on 72328 images[0m	
[0m: 16% done[0m	[0m01:03:58 left[0m	
[0m.:. Batch 14081 to 14208 on 72328 images[0m	
[0m: 21% done[0m	[0m01:00:24 left[0m	
[0m.:. Batch 17665 to 17792 on 72328 images[0m	
[0m: 26% done[0m	[0m00:56:54 left[0m	
[0m.:. Batch 21249 to 21376 on 72328 images[0m	
[0m: 31% done[0m	[0m00:53:13 left[0m	
[0m.:. Batch 24961 to 25088 on 72328 images[0m	
[0m: 36% done[0m	[0m00:49:31 left[0m	
[0m.:. Batch 28545 to 28672 on 72328 images[0m	
[0m: 41% done[0m	[0m00:45:46 left[0m	
[0m.:. Batch 32129 to 32256 on 72328 images[0m	
[0m: 46% done[0m	[0m00:41:57 left[0m	
[0m.:. Batch 35841 to 35968 on 72328 images[0m	
[0m: 51% done[0m	[0m00:38:09 left[0m	
[0m.:. Batch 39425 to 39552 on 72328 images[0m	
[0m: 56% done[0m	[0m00:34:12 left[0m	
[0m.:. Batch 43009 to 43136 on 72328 images[0m	
[0m: 61% done[0m	[0m00:30:23 left[0m	
[0m.:. Batch 46721 to 46848 on 72328 images[0m	
[0m: 66% done[0m	[0m00:26:34 left[0m	
[0m.:. Batch 50305 to 50432 on 72328 images[0m	
[0m: 71% done[0m	[0m00:22:40 left[0m	
[0m.:. Batch 53889 to 54016 on 72328 images[0m	
[0m: 76% done[0m	[0m00:18:49 left[0m	
[0m.:. Batch 57473 to 57600 on 72328 images[0m	
[0m: 81% done[0m	[0m00:14:59 left[0m	
[0m.:. Batch 61185 to 61312 on 72328 images[0m	
[0m: 86% done[0m	[0m00:11:08 left[0m	
[0m.:. Batch 64769 to 64896 on 72328 images[0m	
[0m: 91% done[0m	[0m00:07:09 left[0m	
[0m.:. Batch 68353 to 68480 on 72328 images[0m	
[0m: 96% done[0m	[0m00:03:18 left[0m	
[0m.:. Batch 72065 to 72192 on 72328 images[0m	
[0m.:. End of Epoch n° 22[0m	
[0m: Real time to learn 1 batch = 00:00:08[0m	
[0m: Real time to learn full batch = 01:17:39[0m	
[0m# Confusion Matrix[0m	
[0m: average row correct: 19.482758155295%[0m	
[0m: average rowUcol correct (VOC measure): 10.157409220897%[0m	
[0m: > global correct: 19.50282048446%[0m	
[0m
# ... test model[0m	
[0m: 0% done [0m	[0m00:23:50 left[0m	
[0m: 5% done [0m	[0m00:06:42 left[0m	
[0m: 10% done [0m	[0m00:06:31 left[0m	
[0m: 15% done [0m	[0m00:06:13 left[0m	
[0m: 20% done [0m	[0m00:05:53 left[0m	
[0m: 25% done [0m	[0m00:05:33 left[0m	
[0m: 30% done [0m	[0m00:05:11 left[0m	
[0m: 35% done [0m	[0m00:04:49 left[0m	
[0m: 40% done [0m	[0m00:04:27 left[0m	
[0m: 45% done [0m	[0m00:04:05 left[0m	
[0m: 50% done [0m	[0m00:03:43 left[0m	
[0m: 55% done [0m	[0m00:03:21 left[0m	
[0m: 60% done [0m	[0m00:02:59 left[0m	
[0m: 65% done [0m	[0m00:02:37 left[0m	
[0m: 70% done [0m	[0m00:02:15 left[0m	
[0m: 75% done [0m	[0m00:01:53 left[0m	
[0m: 80% done [0m	[0m00:01:31 left[0m	
[0m: 85% done [0m	[0m00:01:08 left[0m	
[0m: 90% done [0m	[0m00:00:46 left[0m	
[0m: 95% done [0m	[0m00:00:24 left[0m	
[0m: 100% done [0m	[0m00:00:02 left[0m	
[0m: Time to test all samples = 00:07:25[0m	
[0m# Confusion Matrix[0m	
[0m: average row correct: 13.074760784921%[0m	
[0m: average rowUcol correct (VOC measure): 6.0563859262384%[0m	
[0m: > global correct: 13.058324613097%[0m	
[0m# ... saving model to ./sk6-3/model.net[0m	
[0m: tac = 22.423424959183 sec[0m	
[0m# ... saving optimfunc.state to ./sk6-3/optim.state[0m	
[0m: tac = 43.313946962357 sec[0m	
[0m# ... saving optimfunc.method to ./sk6-3/optim.method[0m	
[0m: tac = 43.350041866302 sec[0m	
[0m
#####################[0m	
[0m# Epoch n° 23[0m	
[0m
# ... train model[0m	
[0m.:. Batch 1 to 128 on 72328 images[0m	
[0m: 1% done[0m	[0m01:14:34 left[0m	
[0m.:. Batch 3201 to 3328 on 72328 images[0m	
[0m: 6% done[0m	[0m01:10:17 left[0m	
[0m.:. Batch 6785 to 6912 on 72328 images[0m	
[0m: 11% done[0m	[0m01:06:36 left[0m	
[0m.:. Batch 10497 to 10624 on 72328 images[0m	
[0m: 16% done[0m	[0m01:03:35 left[0m	
[0m.:. Batch 14081 to 14208 on 72328 images[0m	
[0m: 21% done[0m	[0m01:00:13 left[0m	
[0m.:. Batch 17665 to 17792 on 72328 images[0m	
[0m: 26% done[0m	[0m00:56:45 left[0m	
[0m.:. Batch 21249 to 21376 on 72328 images[0m	
[0m: 31% done[0m	[0m00:53:05 left[0m	
[0m.:. Batch 24961 to 25088 on 72328 images[0m	
[0m: 36% done[0m	[0m00:49:24 left[0m	
[0m.:. Batch 28545 to 28672 on 72328 images[0m	
[0m: 41% done[0m	[0m00:45:40 left[0m	
[0m.:. Batch 32129 to 32256 on 72328 images[0m	
[0m: 46% done[0m	[0m00:41:54 left[0m	
[0m.:. Batch 35841 to 35968 on 72328 images[0m	
[0m: 51% done[0m	[0m00:38:06 left[0m	
[0m.:. Batch 39425 to 39552 on 72328 images[0m	
[0m: 56% done[0m	[0m00:34:10 left[0m	
[0m.:. Batch 43009 to 43136 on 72328 images[0m	
[0m: 61% done[0m	[0m00:30:21 left[0m	
[0m.:. Batch 46721 to 46848 on 72328 images[0m	
[0m: 66% done[0m	[0m00:26:32 left[0m	
[0m.:. Batch 50305 to 50432 on 72328 images[0m	
[0m: 71% done[0m	[0m00:22:40 left[0m	
[0m.:. Batch 53889 to 54016 on 72328 images[0m	
[0m: 76% done[0m	[0m00:18:49 left[0m	
[0m.:. Batch 57473 to 57600 on 72328 images[0m	
[0m: 81% done[0m	[0m00:14:58 left[0m	
[0m.:. Batch 61185 to 61312 on 72328 images[0m	
[0m: 86% done[0m	[0m00:11:08 left[0m	
[0m.:. Batch 64769 to 64896 on 72328 images[0m	
[0m: 91% done[0m	[0m00:07:09 left[0m	
[0m.:. Batch 68353 to 68480 on 72328 images[0m	
[0m: 96% done[0m	[0m00:03:18 left[0m	
[0m.:. Batch 72065 to 72192 on 72328 images[0m	
[0m.:. End of Epoch n° 23[0m	
[0m: Real time to learn 1 batch = 00:00:08[0m	
[0m: Real time to learn full batch = 01:17:38[0m	
[0m# Confusion Matrix[0m	
[0m: average row correct: 20.932995900512%[0m	
[0m: average rowUcol correct (VOC measure): 11.089787800972%[0m	
[0m: > global correct: 20.953157836523%[0m	
[0m
# ... test model[0m	
[0m: 0% done [0m	[0m00:24:09 left[0m	
[0m: 5% done [0m	[0m00:06:40 left[0m	
[0m: 10% done [0m	[0m00:06:31 left[0m	
[0m: 15% done [0m	[0m00:06:13 left[0m	
[0m: 20% done [0m	[0m00:05:53 left[0m	
[0m: 25% done [0m	[0m00:05:33 left[0m	
[0m: 30% done [0m	[0m00:05:11 left[0m	
[0m: 35% done [0m	[0m00:04:49 left[0m	
[0m: 40% done [0m	[0m00:04:27 left[0m	
[0m: 45% done [0m	[0m00:04:05 left[0m	
[0m: 50% done [0m	[0m00:03:43 left[0m	
[0m: 55% done [0m	[0m00:03:21 left[0m	
[0m: 60% done [0m	[0m00:02:59 left[0m	
[0m: 65% done [0m	[0m00:02:37 left[0m	
[0m: 70% done [0m	[0m00:02:15 left[0m	
[0m: 75% done [0m	[0m00:01:53 left[0m	
[0m: 80% done [0m	[0m00:01:30 left[0m	
[0m: 85% done [0m	[0m00:01:08 left[0m	
[0m: 90% done [0m	[0m00:00:46 left[0m	
[0m: 95% done [0m	[0m00:00:24 left[0m	
[0m: 100% done [0m	[0m00:00:02 left[0m	
[0m: Time to test all samples = 00:07:24[0m	
[0m# Confusion Matrix[0m	
[0m: average row correct: 14.488534940093%[0m	
[0m: average rowUcol correct (VOC measure): 6.6737295156068%[0m	
[0m: > global correct: 14.451726606818%[0m	
[0m# ... saving model to ./sk6-3/model.net[0m	
[0m: tac = 22.642025947571 sec[0m	
[0m# ... saving optimfunc.state to ./sk6-3/optim.state[0m	
[0m: tac = 44.712937831879 sec[0m	
[0m# ... saving optimfunc.method to ./sk6-3/optim.method[0m	
[0m: tac = 44.745280981064 sec[0m	
[0m
#####################[0m	
[0m# Epoch n° 24[0m	
[0m
# ... train model[0m	
[0m.:. Batch 1 to 128 on 72328 images[0m	
[0m: 1% done[0m	[0m01:14:55 left[0m	
[0m.:. Batch 3201 to 3328 on 72328 images[0m	
[0m: 6% done[0m	[0m01:10:26 left[0m	
[0m.:. Batch 6785 to 6912 on 72328 images[0m	
[0m: 11% done[0m	[0m01:06:51 left[0m	
[0m.:. Batch 10497 to 10624 on 72328 images[0m	
[0m: 16% done[0m	[0m01:04:04 left[0m	
[0m.:. Batch 14081 to 14208 on 72328 images[0m	
[0m: 21% done[0m	[0m01:00:34 left[0m	
[0m.:. Batch 17665 to 17792 on 72328 images[0m	
[0m: 26% done[0m	[0m00:57:02 left[0m	
[0m.:. Batch 21249 to 21376 on 72328 images[0m	
[0m: 31% done[0m	[0m00:53:18 left[0m	
[0m.:. Batch 24961 to 25088 on 72328 images[0m	
[0m: 36% done[0m	[0m00:49:34 left[0m	
[0m.:. Batch 28545 to 28672 on 72328 images[0m	
[0m: 41% done[0m	[0m00:45:51 left[0m	
[0m.:. Batch 32129 to 32256 on 72328 images[0m	
[0m: 46% done[0m	[0m00:42:05 left[0m	
[0m.:. Batch 35841 to 35968 on 72328 images[0m	
[0m: 51% done[0m	[0m00:38:15 left[0m	
[0m.:. Batch 39425 to 39552 on 72328 images[0m	
[0m: 56% done[0m	[0m00:34:17 left[0m	
[0m.:. Batch 43009 to 43136 on 72328 images[0m	
[0m: 61% done[0m	[0m00:30:27 left[0m	
[0m.:. Batch 46721 to 46848 on 72328 images[0m	
[0m: 66% done[0m	[0m00:26:37 left[0m	
[0m.:. Batch 50305 to 50432 on 72328 images[0m	
[0m: 71% done[0m	[0m00:22:42 left[0m	
[0m.:. Batch 53889 to 54016 on 72328 images[0m	
[0m: 76% done[0m	[0m00:18:51 left[0m	
[0m.:. Batch 57473 to 57600 on 72328 images[0m	
[0m: 81% done[0m	[0m00:15:00 left[0m	
[0m.:. Batch 61185 to 61312 on 72328 images[0m	
[0m: 86% done[0m	[0m00:11:09 left[0m	
[0m.:. Batch 64769 to 64896 on 72328 images[0m	
[0m: 91% done[0m	[0m00:07:10 left[0m	
[0m.:. Batch 68353 to 68480 on 72328 images[0m	
[0m: 96% done[0m	[0m00:03:18 left[0m	
[0m.:. Batch 72065 to 72192 on 72328 images[0m	
[0m.:. End of Epoch n° 24[0m	
[0m: Real time to learn 1 batch = 00:00:08[0m	
[0m: Real time to learn full batch = 01:17:49[0m	
[0m# Confusion Matrix[0m	
[0m: average row correct: 22.19711056182%[0m	
[0m: average rowUcol correct (VOC measure): 11.93754471525%[0m	
[0m: > global correct: 22.215462891273%[0m	
[0m
# ... test model[0m	
[0m: 0% done [0m	[0m00:24:07 left[0m	
[0m: 5% done [0m	[0m00:06:40 left[0m	
[0m: 10% done [0m	[0m00:06:29 left[0m	
[0m: 15% done [0m	[0m00:06:12 left[0m	
[0m: 20% done [0m	[0m00:05:54 left[0m	
[0m: 25% done [0m	[0m00:05:32 left[0m	
[0m: 30% done [0m	[0m00:05:11 left[0m	
[0m: 35% done [0m	[0m00:04:49 left[0m	
[0m: 40% done [0m	[0m00:04:27 left[0m	
[0m: 45% done [0m	[0m00:04:05 left[0m	
[0m: 50% done [0m	[0m00:03:43 left[0m	
[0m: 55% done [0m	[0m00:03:21 left[0m	
[0m: 60% done [0m	[0m00:02:59 left[0m	
[0m: 65% done [0m	[0m00:02:37 left[0m	
[0m: 70% done [0m	[0m00:02:15 left[0m	
[0m: 75% done [0m	[0m00:01:53 left[0m	
[0m: 80% done [0m	[0m00:01:31 left[0m	
[0m: 85% done [0m	[0m00:01:08 left[0m	
[0m: 90% done [0m	[0m00:00:46 left[0m	
[0m: 95% done [0m	[0m00:00:24 left[0m	
[0m: 100% done [0m	[0m00:00:02 left[0m	
[0m: Time to test all samples = 00:07:25[0m	
[0m# Confusion Matrix[0m	
[0m: average row correct: 11.370281916167%[0m	
[0m: average rowUcol correct (VOC measure): 5.1749718854997%[0m	
[0m: > global correct: 11.384039213526%[0m	
[0m# ... saving model to ./sk6-3/model.net[0m	
[0m: tac = 24.107345104218 sec[0m	
[0m# ... saving optimfunc.state to ./sk6-3/optim.state[0m	
[0m: tac = 46.30304312706 sec[0m	
[0m# ... saving optimfunc.method to ./sk6-3/optim.method[0m	
[0m: tac = 46.426159143448 sec[0m	
[0m
#####################[0m	
[0m# Epoch n° 25[0m	
[0m
# ... train model[0m	
[0m.:. Batch 1 to 128 on 72328 images[0m	
[0m: 1% done[0m	[0m01:15:59 left[0m	
[0m.:. Batch 3201 to 3328 on 72328 images[0m	
[0m: 6% done[0m	[0m01:10:36 left[0m	
[0m.:. Batch 6785 to 6912 on 72328 images[0m	
[0m: 11% done[0m	[0m01:06:58 left[0m	
[0m.:. Batch 10497 to 10624 on 72328 images[0m	
[0m: 16% done[0m	[0m01:04:07 left[0m	
[0m.:. Batch 14081 to 14208 on 72328 images[0m	
[0m: 21% done[0m	[0m01:00:28 left[0m	
[0m.:. Batch 17665 to 17792 on 72328 images[0m	
[0m: 26% done[0m	[0m00:56:59 left[0m	
[0m.:. Batch 21249 to 21376 on 72328 images[0m	
[0m: 31% done[0m	[0m00:53:16 left[0m	
[0m.:. Batch 24961 to 25088 on 72328 images[0m	
[0m: 36% done[0m	[0m00:49:45 left[0m	
[0m.:. Batch 28545 to 28672 on 72328 images[0m	
[0m: 41% done[0m	[0m00:45:53 left[0m	
[0m.:. Batch 32129 to 32256 on 72328 images[0m	
[0m: 46% done[0m	[0m00:42:04 left[0m	
[0m.:. Batch 35841 to 35968 on 72328 images[0m	
[0m: 51% done[0m	[0m00:38:16 left[0m	
[0m.:. Batch 39425 to 39552 on 72328 images[0m	
[0m: 56% done[0m	[0m00:34:20 left[0m	
[0m.:. Batch 43009 to 43136 on 72328 images[0m	
[0m: 61% done[0m	[0m00:30:30 left[0m	
[0m.:. Batch 46721 to 46848 on 72328 images[0m	
[0m: 66% done[0m	[0m00:26:36 left[0m	
[0m.:. Batch 50305 to 50432 on 72328 images[0m	
[0m: 71% done[0m	[0m00:22:40 left[0m	
[0m.:. Batch 53889 to 54016 on 72328 images[0m	
[0m: 76% done[0m	[0m00:18:49 left[0m	
[0m.:. Batch 57473 to 57600 on 72328 images[0m	
[0m: 81% done[0m	[0m00:14:58 left[0m	
[0m.:. Batch 61185 to 61312 on 72328 images[0m	
[0m: 86% done[0m	[0m00:11:07 left[0m	
[0m.:. Batch 64769 to 64896 on 72328 images[0m	
[0m: 91% done[0m	[0m00:07:09 left[0m	
[0m.:. Batch 68353 to 68480 on 72328 images[0m	
[0m: 96% done[0m	[0m00:03:18 left[0m	
[0m.:. Batch 72065 to 72192 on 72328 images[0m	
[0m.:. End of Epoch n° 25[0m	
[0m: Real time to learn 1 batch = 00:00:08[0m	
[0m: Real time to learn full batch = 01:17:38[0m	
[0m# Confusion Matrix[0m	
[0m: average row correct: 24.005232747681%[0m	
[0m: average rowUcol correct (VOC measure): 13.147997937285%[0m	
[0m: > global correct: 24.018360800796%[0m	
[0m
# ... test model[0m	
[0m: 0% done [0m	[0m00:24:00 left[0m	
[0m: 5% done [0m	[0m00:06:41 left[0m	
[0m: 10% done [0m	[0m00:06:29 left[0m	
[0m: 15% done [0m	[0m00:06:11 left[0m	
[0m: 20% done [0m	[0m00:05:52 left[0m	
[0m: 25% done [0m	[0m00:05:33 left[0m	
[0m: 30% done [0m	[0m00:05:11 left[0m	
[0m: 35% done [0m	[0m00:04:49 left[0m	
[0m: 40% done [0m	[0m00:04:27 left[0m	
[0m: 45% done [0m	[0m00:04:05 left[0m	
[0m: 50% done [0m	[0m00:03:43 left[0m	
[0m: 55% done [0m	[0m00:03:21 left[0m	
[0m: 60% done [0m	[0m00:02:59 left[0m	
[0m: 65% done [0m	[0m00:02:37 left[0m	
[0m: 70% done [0m	[0m00:02:15 left[0m	
[0m: 75% done [0m	[0m00:01:53 left[0m	
[0m: 80% done [0m	[0m00:01:30 left[0m	
[0m: 85% done [0m	[0m00:01:08 left[0m	
[0m: 90% done [0m	[0m00:00:46 left[0m	
[0m: 95% done [0m	[0m00:00:24 left[0m	
[0m: 100% done [0m	[0m00:00:02 left[0m	
[0m: Time to test all samples = 00:07:25[0m	
[0m# Confusion Matrix[0m	
[0m: average row correct: 16.423497945624%[0m	
[0m: average rowUcol correct (VOC measure): 7.8679434489459%[0m	
[0m: > global correct: 16.44544803657%[0m	
[0m# ... saving model to ./sk6-3/model.net[0m	
[0m: tac = 22.665860891342 sec[0m	
[0m# ... saving optimfunc.state to ./sk6-3/optim.state[0m	
[0m: tac = 45.244236946106 sec[0m	
[0m# ... saving optimfunc.method to ./sk6-3/optim.method[0m	
[0m: tac = 45.276844978333 sec[0m	
[0m
#####################[0m	
[0m# Epoch n° 26[0m	
[0m
# ... train model[0m	
[0m.:. Batch 1 to 128 on 72328 images[0m	
[0m: 1% done[0m	[0m01:14:20 left[0m	
[0m.:. Batch 3201 to 3328 on 72328 images[0m	
[0m: 6% done[0m	[0m01:10:18 left[0m	
[0m.:. Batch 6785 to 6912 on 72328 images[0m	
[0m: 11% done[0m	[0m01:06:37 left[0m	
[0m.:. Batch 10497 to 10624 on 72328 images[0m	
[0m: 16% done[0m	[0m01:03:46 left[0m	
[0m.:. Batch 14081 to 14208 on 72328 images[0m	
[0m: 21% done[0m	[0m01:00:19 left[0m	
[0m.:. Batch 17665 to 17792 on 72328 images[0m	
[0m: 26% done[0m	[0m00:56:49 left[0m	
[0m.:. Batch 21249 to 21376 on 72328 images[0m	
Killed
