{
  cudnn : [0;34mtrue[0m
  pretrain_model : [0;34mfalse[0m
  weight_decay : [0;36m1e-05[0m
  batch_size : [0;36m60[0m
  cuda : [0;34mtrue[0m
  test_model : [0;34mfalse[0m
  load_epoch : [0;34mfalse[0m
  type_data : [1;30m"[0m[0;32mrecipe101[0m[1;30m"[0m
  plot_every : [0;36m10[0m
  path2save_epoch : [1;30m"[0m[0;32m/home/cadene/doc/DeepRecipes/convnet/rslt/overfat+3+5e-3/epoch.t7[0m[1;30m"[0m
  path2load_std : [1;30m"[0m[0;32m/home/cadene/doc/DeepRecipes/convnet/rslt/overfat+3+5e-3/std.t7[0m[1;30m"[0m
  path2save_log : [1;30m"[0m[0;32m./rslt/overfat+3+5e-3[0m[1;30m"[0m
  load_model : [0;34mfalse[0m
  save_model : [0;34mtrue[0m
  K : [0;36m3[0m
  momentum : [0;36m0.6[0m
  threads : [0;36m1[0m
  type_model : [1;30m"[0m[0;32moverfeat[0m[1;30m"[0m
  path2load_epoch : [1;30m"[0m[0;32m/home/cadene/doc/DeepRecipes/convnet/rslt/overfat+3+5e-3/epoch.t7[0m[1;30m"[0m
  load_logger : [0;34mfalse[0m
  seed : [0;36m1337[0m
  path2save_std : [1;30m"[0m[0;32m/home/cadene/doc/DeepRecipes/convnet/rslt/overfat+3+5e-3/std.t7[0m[1;30m"[0m
  path2load_mean : [1;30m"[0m[0;32m/home/cadene/doc/DeepRecipes/convnet/rslt/overfat+3+5e-3/mean.t7[0m[1;30m"[0m
  gpuid : [0;36m1[0m
  path2load_model : [1;30m"[0m[0;32m/home/cadene/doc/DeepRecipes/convnet/rslt/overfat+3+5e-3/model.t7[0m[1;30m"[0m
  path2load_log : [1;30m"[0m[0;32m./rslt/overfat+3+5e-3[0m[1;30m"[0m
  path2save_mean : [1;30m"[0m[0;32m/home/cadene/doc/DeepRecipes/convnet/rslt/overfat+3+5e-3/mean.t7[0m[1;30m"[0m
  pc_train : [0;36m0.8[0m
  path2save_model : [1;30m"[0m[0;32m/home/cadene/doc/DeepRecipes/convnet/rslt/overfat+3+5e-3/model.t7[0m[1;30m"[0m
  H : [0;36m100[0m
  path2save : [1;30m"[0m[0;32m./rslt/overfat+3+5e-3[0m[1;30m"[0m
  type_criterion : [1;30m"[0m[0;32mNLL[0m[1;30m"[0m
  path2load : [1;30m"[0m[0;32m./rslt/overfat+3+5e-3[0m[1;30m"[0m
  dropout : [0;36m0.5[0m
  epoch : [0;36m100[0m
  path2load_data : [1;30m"[0m[0;32m/home/cadene/data/recipe_101_clean/[0m[1;30m"[0m
  learning_rate_decay : [0;36m0[0m
  path2load_csv : [0;34mfalse[0m
  4d_tensor : [0;34mtrue[0m
  prepare_data : [0;34mfalse[0m
  type_optimizer : [1;30m"[0m[0;32mSGD_overfeat[0m[1;30m"[0m
  N : [0;36m500[0m
  train_model : [0;34mtrue[0m
  convMM : [0;34mtrue[0m
  save_every : [0;36m1[0m
  learning_rate : [0;36m0.005[0m
  D : [0;36m2[0m
  plot : [0;34mtrue[0m
  load_mean_std : [0;34mfalse[0m
  process_mean_std : [0;34mfalse[0m
}
[0m# ... lunching using pid = 13690[0m	
[0m# ... switching to CUDA[0m	

Database :
101 classes

Model :
nn.Sequential {
  [input -> (1) -> (2) -> (3) -> (4) -> (5) -> (6) -> (7) -> (8) -> (9) -> (10) -> (11) -> (12) -> (13) -> (14) -> (15) -> (16) -> (17) -> (18) -> (19) -> (20) -> (21) -> (22) -> (23) -> (24) -> output]
  (1): cudnn.SpatialConvolution(3 -> 96, 7x7, 2,2)
  (2): nn.ReLU
  (3): nn.SpatialMaxPooling(3,3,3,3)
  (4): cudnn.SpatialConvolution(96 -> 256, 7x7)
  (5): nn.ReLU
  (6): nn.SpatialMaxPooling(2,2,2,2)
  (7): cudnn.SpatialConvolution(256 -> 512, 3x3, 1,1, 1,1)
  (8): nn.ReLU
  (9): cudnn.SpatialConvolution(512 -> 512, 3x3, 1,1, 1,1)
  (10): nn.ReLU
  (11): cudnn.SpatialConvolution(512 -> 1024, 3x3, 1,1, 1,1)
  (12): nn.ReLU
  (13): cudnn.SpatialConvolution(1024 -> 1024, 3x3, 1,1, 1,1)
  (14): nn.ReLU
  (15): nn.SpatialMaxPooling(3,3,3,3)
  (16): cudnn.SpatialConvolution(1024 -> 4096, 5x5)
  (17): nn.ReLU
  (18): nn.Dropout(0.500000)
  (19): cudnn.SpatialConvolution(4096 -> 4096, 1x1)
  (20): nn.ReLU
  (21): nn.Dropout(0.500000)
  (22): cudnn.SpatialConvolution(4096 -> 101, 1x1)
  (23): nn.View
  (24): nn.LogSoftMax
}
140973285 parameters
[0m
Criterion :
type: nn.ClassNLLCriterion[0m	

Optimizer:
nesterov : true
learningRates : size[140973285
dampening : 0
learningRate : 0.005
weightDecay : 1e-05
momentum : 0.6
[0mtype : SGD_overfeat[0m	
[0m[0m	
[0m######### RUNNING ############[0m	
[0m[0m	
[0m[0m	
[0m# Epoch n° 1[0m	
[0m.:. Batch 1 to 60 on 72328 images[0m	
[0mMemory usage[0m	
[0mCPU[0m	[0;36m7848.5869140625[0m	
[0mGPU[0m	[0m3779072000 / 5032706048[0m	
[0m: 1% done[0m	[0m01:07:20 left[0m	
[0m.:. Batch 3241 to 3300 on 72328 images[0m	
[0mMemory usage[0m	
[0mCPU[0m	[0;36m8684.669921875[0m	
[0mGPU[0m	[0m1245409280 / 5032706048[0m	
[0m: 6% done[0m	[0m01:00:39 left[0m	
[0m.:. Batch 6841 to 6900 on 72328 images[0m	
[0mMemory usage[0m	
[0mCPU[0m	[0;36m8693.2421875[0m	
[0mGPU[0m	[0m1245409280 / 5032706048[0m	
[0m: 11% done[0m	[0m00:57:21 left[0m	
[0m.:. Batch 10441 to 10500 on 72328 images[0m	
[0mMemory usage[0m	
[0mCPU[0m	[0;36m8703.7080078125[0m	
[0mGPU[0m	[0m1245409280 / 5032706048[0m	
[0m: 16% done[0m	[0m00:54:08 left[0m	
[0m.:. Batch 14101 to 14160 on 72328 images[0m	
[0mMemory usage[0m	
[0mCPU[0m	[0;36m8773.1845703125[0m	
[0mGPU[0m	[0m1210150912 / 5032706048[0m	
[0m: 21% done[0m	[0m00:50:53 left[0m	
[0m.:. Batch 17701 to 17760 on 72328 images[0m	
[0mMemory usage[0m	
[0mCPU[0m	[0;36m8780.994140625[0m	
[0mGPU[0m	[0m1210150912 / 5032706048[0m	
[0m: 26% done[0m	[0m00:47:41 left[0m	
[0m.:. Batch 21301 to 21360 on 72328 images[0m	
[0mMemory usage[0m	
[0mCPU[0m	[0;36m8784.701171875[0m	
[0mGPU[0m	[0m1210150912 / 5032706048[0m	
[0m: 31% done[0m	[0m00:44:28 left[0m	
[0m.:. Batch 24961 to 25020 on 72328 images[0m	
[0mMemory usage[0m	
[0mCPU[0m	[0;36m8853.244140625[0m	
[0mGPU[0m	[0m1174892544 / 5032706048[0m	
[0m: 36% done[0m	[0m00:41:13 left[0m	
[0m.:. Batch 28561 to 28620 on 72328 images[0m	
[0mMemory usage[0m	
[0mCPU[0m	[0;36m8857.1005859375[0m	
[0mGPU[0m	[0m1174892544 / 5032706048[0m	
[0m: 41% done[0m	[0m00:38:02 left[0m	
[0m.:. Batch 32161 to 32220 on 72328 images[0m	
[0mMemory usage[0m	
[0mCPU[0m	[0;36m8868.9189453125[0m	
[0mGPU[0m	[0m1174892544 / 5032706048[0m	
[0m: 46% done[0m	[0m00:34:50 left[0m	
[0m.:. Batch 35761 to 35820 on 72328 images[0m	
[0mMemory usage[0m	
[0mCPU[0m	[0;36m8872.548828125[0m	
[0mGPU[0m	[0m1174892544 / 5032706048[0m	
[0m: 51% done[0m	[0m00:31:36 left[0m	
[0m.:. Batch 39421 to 39480 on 72328 images[0m	
[0mMemory usage[0m	
[0mCPU[0m	[0;36m8941.48828125[0m	
[0mGPU[0m	[0m1139634176 / 5032706048[0m	
[0m: 56% done[0m	[0m00:28:25 left[0m	
[0m.:. Batch 43021 to 43080 on 72328 images[0m	
[0mMemory usage[0m	
[0mCPU[0m	[0;36m8944.65625[0m	
[0mGPU[0m	[0m1139634176 / 5032706048[0m	
[0m: 61% done[0m	[0m00:25:14 left[0m	
[0m.:. Batch 46621 to 46680 on 72328 images[0m	
[0mMemory usage[0m	
[0mCPU[0m	[0;36m8948.439453125[0m	
[0mGPU[0m	[0m1139634176 / 5032706048[0m	
[0m: 66% done[0m	[0m00:22:03 left[0m	
[0m.:. Batch 50281 to 50340 on 72328 images[0m	
[0mMemory usage[0m	
[0mCPU[0m	[0;36m9017.5068359375[0m	
[0mGPU[0m	[0m1104375808 / 5032706048[0m	
[0m: 71% done[0m	[0m00:18:48 left[0m	
[0m.:. Batch 53881 to 53940 on 72328 images[0m	
[0mMemory usage[0m	
[0mCPU[0m	[0;36m9022.0810546875[0m	
[0mGPU[0m	[0m1104375808 / 5032706048[0m	
[0m: 76% done[0m	[0m00:15:37 left[0m	
[0m.:. Batch 57481 to 57540 on 72328 images[0m	
[0mMemory usage[0m	
[0mCPU[0m	[0;36m9025.673828125[0m	
[0mGPU[0m	[0m1104375808 / 5032706048[0m	
[0m: 81% done[0m	[0m00:12:26 left[0m	
[0m.:. Batch 61141 to 61200 on 72328 images[0m	
[0mMemory usage[0m	
[0mCPU[0m	[0;36m9094.431640625[0m	
[0mGPU[0m	[0m1068068864 / 5032706048[0m	
[0m: 86% done[0m	[0m00:09:12 left[0m	
[0m.:. Batch 64741 to 64800 on 72328 images[0m	
[0mMemory usage[0m	
[0mCPU[0m	[0;36m9114.2802734375[0m	
[0mGPU[0m	[0m1068068864 / 5032706048[0m	
[0m: 91% done[0m	[0m00:06:01 left[0m	
[0m.:. Batch 68341 to 68400 on 72328 images[0m	
[0mMemory usage[0m	
[0mCPU[0m	[0;36m9118.0087890625[0m	
[0mGPU[0m	[0m1068068864 / 5032706048[0m	
[0m: 96% done[0m	[0m00:02:50 left[0m	
[0m.:. Batch 71941 to 72000 on 72328 images[0m	
[0mMemory usage[0m	
[0mCPU[0m	[0;36m9122.0263671875[0m	
[0mGPU[0m	[0m1068068864 / 5032706048[0m	
[0m.:. End of Epoch n° 1[0m	
[0m: Real time to learn 1 batch = 00:00:03[0m	
[0m: Real time to learn full batch = 01:03:59[0m	
[0m# Confusion Matrix[0m	
[0m: average row correct: 0.91049036271593%[0m	
[0m: average rowUcol correct (VOC measure): 0.10157647199173%[0m	
[0m: > global correct: 0.92218781108284%[0m	
[0m# ... saving model to /home/cadene/doc/DeepRecipes/convnet/rslt/overfat+3+5e-3/model.t7[0m	
[0m[0m	
[0m# Epoch n° 2[0m	
[0m.:. Batch 1 to 60 on 72328 images[0m	
[0mMemory usage[0m	
[0mCPU[0m	[0;36m10225.998046875[0m	
[0mGPU[0m	[0m1562734592 / 5032706048[0m	
[0m: 1% done[0m	[0m01:02:20 left[0m	
[0m.:. Batch 3241 to 3300 on 72328 images[0m	
[0mMemory usage[0m	
[0mCPU[0m	[0;36m8700.388671875[0m	
[0mGPU[0m	[0m1245409280 / 5032706048[0m	
[0m: 6% done[0m	[0m01:10:06 left[0m	
[0m.:. Batch 6841 to 6900 on 72328 images[0m	
[0mMemory usage[0m	
[0mCPU[0m	[0;36m8705.6787109375[0m	
[0mGPU[0m	[0m1245409280 / 5032706048[0m	
[0m: 11% done[0m	[0m01:02:04 left[0m	
[0m.:. Batch 10441 to 10500 on 72328 images[0m	
[0mMemory usage[0m	
[0mCPU[0m	[0;36m8711.36328125[0m	
[0mGPU[0m	[0m1245409280 / 5032706048[0m	
[0m: 16% done[0m	[0m00:57:11 left[0m	
[0m.:. Batch 14101 to 14160 on 72328 images[0m	
[0mMemory usage[0m	
[0mCPU[0m	[0;36m8780.4541015625[0m	
[0mGPU[0m	[0m1210150912 / 5032706048[0m	
[0m: 21% done[0m	[0m00:53:03 left[0m	
[0m.:. Batch 17701 to 17760 on 72328 images[0m	
[0mMemory usage[0m	
[0mCPU[0m	[0;36m8788.1396484375[0m	
[0mGPU[0m	[0m1210150912 / 5032706048[0m	
[0m: 26% done[0m	[0m00:49:20 left[0m	
[0m.:. Batch 21301 to 21360 on 72328 images[0m	
[0mMemory usage[0m	
[0mCPU[0m	[0;36m8792.0751953125[0m	
[0mGPU[0m	[0m1210150912 / 5032706048[0m	
[0m: 31% done[0m	[0m00:45:46 left[0m	
[0m.:. Batch 24961 to 25020 on 72328 images[0m	
[0mMemory usage[0m	
[0mCPU[0m	[0;36m8861.07421875[0m	
[0mGPU[0m	[0m1174892544 / 5032706048[0m	
[0m: 36% done[0m	[0m00:42:16 left[0m	
[0m.:. Batch 28561 to 28620 on 72328 images[0m	
[0mMemory usage[0m	
[0mCPU[0m	[0;36m8864.5517578125[0m	
[0mGPU[0m	[0m1174892544 / 5032706048[0m	
[0m: 41% done[0m	[0m00:38:53 left[0m	
[0m.:. Batch 32161 to 32220 on 72328 images[0m	
[0mMemory usage[0m	
[0mCPU[0m	[0;36m8876.455078125[0m	
[0mGPU[0m	[0m1174892544 / 5032706048[0m	
[0m: 46% done[0m	[0m00:35:32 left[0m	
[0m.:. Batch 35761 to 35820 on 72328 images[0m	
[0mMemory usage[0m	
[0mCPU[0m	[0;36m8880.37109375[0m	
[0mGPU[0m	[0m1174892544 / 5032706048[0m	
[0m: 51% done[0m	[0m00:32:11 left[0m	
[0m.:. Batch 39421 to 39480 on 72328 images[0m	
[0mMemory usage[0m	
[0mCPU[0m	[0;36m8948.90625[0m	
[0mGPU[0m	[0m1139634176 / 5032706048[0m	
[0m: 56% done[0m	[0m00:28:53 left[0m	
[0m.:. Batch 43021 to 43080 on 72328 images[0m	
[0mMemory usage[0m	
[0mCPU[0m	[0;36m8952.58203125[0m	
[0mGPU[0m	[0m1139634176 / 5032706048[0m	
[0m: 61% done[0m	[0m00:25:37 left[0m	
[0m.:. Batch 46621 to 46680 on 72328 images[0m	
[0mMemory usage[0m	
[0mCPU[0m	[0;36m8956.7197265625[0m	
[0mGPU[0m	[0m1139634176 / 5032706048[0m	
[0m: 66% done[0m	[0m00:22:21 left[0m	
[0m.:. Batch 50281 to 50340 on 72328 images[0m	
[0mMemory usage[0m	
[0mCPU[0m	[0;36m9025.5068359375[0m	
[0mGPU[0m	[0m1104375808 / 5032706048[0m	
[0m: 71% done[0m	[0m00:19:03 left[0m	
[0m.:. Batch 53881 to 53940 on 72328 images[0m	
[0mMemory usage[0m	
[0mCPU[0m	[0;36m9029.533203125[0m	
[0mGPU[0m	[0m1104375808 / 5032706048[0m	
[0m: 76% done[0m	[0m00:15:49 left[0m	
[0m.:. Batch 57481 to 57540 on 72328 images[0m	
[0mMemory usage[0m	
[0mCPU[0m	[0;36m9032.8876953125[0m	
[0mGPU[0m	[0m1104375808 / 5032706048[0m	
[0m: 81% done[0m	[0m00:12:35 left[0m	
[0m.:. Batch 61141 to 61200 on 72328 images[0m	
[0mMemory usage[0m	
[0mCPU[0m	[0;36m9101.25390625[0m	
[0mGPU[0m	[0m1068068864 / 5032706048[0m	
[0m: 86% done[0m	[0m00:09:18 left[0m	
[0m.:. Batch 64741 to 64800 on 72328 images[0m	
[0mMemory usage[0m	
[0mCPU[0m	[0;36m9122.3154296875[0m	
[0mGPU[0m	[0m1068068864 / 5032706048[0m	
[0m: 91% done[0m	[0m00:06:05 left[0m	
[0m.:. Batch 68341 to 68400 on 72328 images[0m	
[0mMemory usage[0m	
[0mCPU[0m	[0;36m9125.6845703125[0m	
[0mGPU[0m	[0m1068068864 / 5032706048[0m	
[0m: 96% done[0m	[0m00:02:51 left[0m	
[0m.:. Batch 71941 to 72000 on 72328 images[0m	
[0mMemory usage[0m	
[0mCPU[0m	[0;36m9129.541015625[0m	
[0mGPU[0m	[0m1068068864 / 5032706048[0m	
[0m.:. End of Epoch n° 2[0m	
[0m: Real time to learn 1 batch = 00:00:03[0m	
[0m: Real time to learn full batch = 01:04:36[0m	
[0m# Confusion Matrix[0m	
[0m: average row correct: 1.0022749136534%[0m	
[0m: average rowUcol correct (VOC measure): 0.10448351749081%[0m	
[0m: > global correct: 1.0120561884747%[0m	
[0m# ... saving model to /home/cadene/doc/DeepRecipes/convnet/rslt/overfat+3+5e-3/model.t7[0m	
[0m[0m	
[0m# Epoch n° 3[0m	
[0m.:. Batch 1 to 60 on 72328 images[0m	
[0mMemory usage[0m	
[0mCPU[0m	[0;36m10066.228515625[0m	
[0mGPU[0m	[0m1562734592 / 5032706048[0m	
[0m: 1% done[0m	[0m01:03:35 left[0m	
[0m.:. Batch 3241 to 3300 on 72328 images[0m	
[0mMemory usage[0m	
[0mCPU[0m	[0;36m8702.734375[0m	
[0mGPU[0m	[0m1245409280 / 5032706048[0m	
[0m: 6% done[0m	[0m01:04:43 left[0m	
[0m.:. Batch 6841 to 6900 on 72328 images[0m	
[0mMemory usage[0m	
[0mCPU[0m	[0;36m8707.5595703125[0m	
[0mGPU[0m	[0m1245409280 / 5032706048[0m	
[0m: 11% done[0m	[0m00:59:18 left[0m	
[0m.:. Batch 10441 to 10500 on 72328 images[0m	
[0mMemory usage[0m	
[0mCPU[0m	[0;36m8713.1494140625[0m	
[0mGPU[0m	[0m1245409280 / 5032706048[0m	
[0m: 16% done[0m	[0m00:55:16 left[0m	
[0m.:. Batch 14101 to 14160 on 72328 images[0m	
[0mMemory usage[0m	
[0mCPU[0m	[0;36m8782.109375[0m	
[0mGPU[0m	[0m1210150912 / 5032706048[0m	
[0m: 21% done[0m	[0m00:51:38 left[0m	
[0m.:. Batch 17701 to 17760 on 72328 images[0m	
[0mMemory usage[0m	
[0mCPU[0m	[0;36m8789.5517578125[0m	
[0mGPU[0m	[0m1210150912 / 5032706048[0m	
[0m: 26% done[0m	[0m00:48:12 left[0m	
[0m.:. Batch 21301 to 21360 on 72328 images[0m	
[0mMemory usage[0m	
[0mCPU[0m	[0;36m8793.5693359375[0m	
[0mGPU[0m	[0m1210150912 / 5032706048[0m	
[0m: 31% done[0m	[0m00:44:51 left[0m	
[0m.:. Batch 24961 to 25020 on 72328 images[0m	
[0mMemory usage[0m	
[0mCPU[0m	[0;36m8862.3994140625[0m	
[0mGPU[0m	[0m1174892544 / 5032706048[0m	
[0m: 36% done[0m	[0m00:41:31 left[0m	
[0m.:. Batch 28561 to 28620 on 72328 images[0m	
[0mMemory usage[0m	
[0mCPU[0m	[0;36m8866.005859375[0m	
[0mGPU[0m	[0m1174892544 / 5032706048[0m	
[0m: 41% done[0m	[0m00:38:16 left[0m	
[0m.:. Batch 32161 to 32220 on 72328 images[0m	
[0mMemory usage[0m	
[0mCPU[0m	[0;36m8877.599609375[0m	
[0mGPU[0m	[0m1174892544 / 5032706048[0m	
[0m: 46% done[0m	[0m00:35:01 left[0m	
[0m.:. Batch 35761 to 35820 on 72328 images[0m	
[0mMemory usage[0m	
[0mCPU[0m	[0;36m8881.8515625[0m	
[0mGPU[0m	[0m1174892544 / 5032706048[0m	
[0m: 51% done[0m	[0m00:31:44 left[0m	
[0m.:. Batch 39421 to 39480 on 72328 images[0m	
[0mMemory usage[0m	
[0mCPU[0m	[0;36m8950.2197265625[0m	
[0mGPU[0m	[0m1139634176 / 5032706048[0m	
[0m: 56% done[0m	[0m00:28:31 left[0m	
[0m.:. Batch 43021 to 43080 on 72328 images[0m	
[0mMemory usage[0m	
[0mCPU[0m	[0;36m8954.193359375[0m	
[0mGPU[0m	[0m1139634176 / 5032706048[0m	
[0m: 61% done[0m	[0m00:25:19 left[0m	
[0m.:. Batch 46621 to 46680 on 72328 images[0m	
[0mMemory usage[0m	
[0mCPU[0m	[0;36m8957.7607421875[0m	
[0mGPU[0m	[0m1139634176 / 5032706048[0m	
[0m: 66% done[0m	[0m00:22:07 left[0m	
[0m.:. Batch 50281 to 50340 on 72328 images[0m	
[0mMemory usage[0m	
[0mCPU[0m	[0;36m9027.033203125[0m	
[0mGPU[0m	[0m1104375808 / 5032706048[0m	
[0m: 71% done[0m	[0m00:18:51 left[0m	
[0m.:. Batch 53881 to 53940 on 72328 images[0m	
[0mMemory usage[0m	
[0mCPU[0m	[0;36m9030.8271484375[0m	
[0mGPU[0m	[0m1104375808 / 5032706048[0m	
[0m: 76% done[0m	[0m00:15:39 left[0m	
[0m.:. Batch 57481 to 57540 on 72328 images[0m	
[0mMemory usage[0m	
[0mCPU[0m	[0;36m9034.1748046875[0m	
[0mGPU[0m	[0m1104375808 / 5032706048[0m	
[0m: 81% done[0m	[0m00:12:28 left[0m	
[0m.:. Batch 61141 to 61200 on 72328 images[0m	
[0mMemory usage[0m	
[0mCPU[0m	[0;36m9102.8984375[0m	
[0mGPU[0m	[0m1068068864 / 5032706048[0m	
[0m: 86% done[0m	[0m00:09:13 left[0m	
[0m.:. Batch 64741 to 64800 on 72328 images[0m	
[0mMemory usage[0m	
[0mCPU[0m	[0;36m9123.138671875[0m	
[0mGPU[0m	[0m1068068864 / 5032706048[0m	
[0m: 91% done[0m	[0m00:06:01 left[0m	
[0m.:. Batch 68341 to 68400 on 72328 images[0m	
[0mMemory usage[0m	
[0mCPU[0m	[0;36m9126.6396484375[0m	
[0mGPU[0m	[0m1068068864 / 5032706048[0m	
[0m: 96% done[0m	[0m00:02:50 left[0m	
[0m.:. Batch 71941 to 72000 on 72328 images[0m	
[0mMemory usage[0m	
[0mCPU[0m	[0;36m9130.38671875[0m	
[0mGPU[0m	[0m1068068864 / 5032706048[0m	
[0m.:. End of Epoch n° 3[0m	
[0m: Real time to learn 1 batch = 00:00:03[0m	
[0m: Real time to learn full batch = 01:04:08[0m	
[0m# Confusion Matrix[0m	
[0m: average row correct: 0.94768102522847%[0m	
[0m: average rowUcol correct (VOC measure): 0.095232598146995%[0m	
[0m: > global correct: 0.96090034288242%[0m	
[0m# ... saving model to /home/cadene/doc/DeepRecipes/convnet/rslt/overfat+3+5e-3/model.t7[0m	
[0m[0m	
[0m# Epoch n° 4[0m	
[0m.:. Batch 1 to 60 on 72328 images[0m	
[0mMemory usage[0m	
[0mCPU[0m	[0;36m10064.533203125[0m	
[0mGPU[0m	[0m1562734592 / 5032706048[0m	
[0m: 1% done[0m	[0m02:17:59 left[0m	
[0m.:. Batch 3241 to 3300 on 72328 images[0m	
[0mMemory usage[0m	
[0mCPU[0m	[0;36m8702.9931640625[0m	
[0mGPU[0m	[0m1245409280 / 5032706048[0m	
[0m: 6% done[0m	[0m01:08:11 left[0m	
[0m.:. Batch 6841 to 6900 on 72328 images[0m	
[0mMemory usage[0m	
[0mCPU[0m	[0;36m8707.794921875[0m	
[0mGPU[0m	[0m1245409280 / 5032706048[0m	
[0m: 11% done[0m	[0m01:01:01 left[0m	
[0m.:. Batch 10441 to 10500 on 72328 images[0m	
[0mMemory usage[0m	
[0mCPU[0m	[0;36m8713.3818359375[0m	
[0mGPU[0m	[0m1245409280 / 5032706048[0m	
[0m: 16% done[0m	[0m00:56:28 left[0m	
[0m.:. Batch 14101 to 14160 on 72328 images[0m	
[0mMemory usage[0m	
[0mCPU[0m	[0;36m8782.41015625[0m	
[0mGPU[0m	[0m1210150912 / 5032706048[0m	
[0m: 21% done[0m	[0m00:52:30 left[0m	
[0m.:. Batch 17701 to 17760 on 72328 images[0m	
[0mMemory usage[0m	
[0mCPU[0m	[0;36m8789.943359375[0m	
[0mGPU[0m	[0m1210150912 / 5032706048[0m	
[0m: 26% done[0m	[0m00:48:52 left[0m	
[0m.:. Batch 21301 to 21360 on 72328 images[0m	
[0mMemory usage[0m	
[0mCPU[0m	[0;36m8793.9375[0m	
[0mGPU[0m	[0m1210150912 / 5032706048[0m	
[0m: 31% done[0m	[0m00:45:25 left[0m	
[0m.:. Batch 24961 to 25020 on 72328 images[0m	
[0mMemory usage[0m	
[0mCPU[0m	[0;36m8862.849609375[0m	
[0mGPU[0m	[0m1174892544 / 5032706048[0m	
[0m: 36% done[0m	[0m00:41:58 left[0m	
[0m.:. Batch 28561 to 28620 on 72328 images[0m	
[0mMemory usage[0m	
[0mCPU[0m	[0;36m8866.2060546875[0m	
[0mGPU[0m	[0m1174892544 / 5032706048[0m	
[0m: 41% done[0m	[0m00:38:37 left[0m	
[0m.:. Batch 32161 to 32220 on 72328 images[0m	
[0mMemory usage[0m	
[0mCPU[0m	[0;36m8878.1455078125[0m	
[0mGPU[0m	[0m1174892544 / 5032706048[0m	
[0m: 46% done[0m	[0m00:35:19 left[0m	
[0m.:. Batch 35761 to 35820 on 72328 images[0m	
[0mMemory usage[0m	
[0mCPU[0m	[0;36m8881.904296875[0m	
[0mGPU[0m	[0m1174892544 / 5032706048[0m	
[0m: 51% done[0m	[0m00:32:02 left[0m	
[0m.:. Batch 39421 to 39480 on 72328 images[0m	
[0mMemory usage[0m	
[0mCPU[0m	[0;36m8950.984375[0m	
[0mGPU[0m	[0m1139634176 / 5032706048[0m	
[0m: 56% done[0m	[0m00:28:45 left[0m	
[0m.:. Batch 43021 to 43080 on 72328 images[0m	
[0mMemory usage[0m	
[0mCPU[0m	[0;36m8954.6181640625[0m	
[0mGPU[0m	[0m1139634176 / 5032706048[0m	
[0m: 61% done[0m	[0m00:25:30 left[0m	
[0m.:. Batch 46621 to 46680 on 72328 images[0m	
[0mMemory usage[0m	
[0mCPU[0m	[0;36m8958.4462890625[0m	
[0mGPU[0m	[0m1139634176 / 5032706048[0m	
[0m: 66% done[0m	[0m00:22:15 left[0m	
[0m.:. Batch 50281 to 50340 on 72328 images[0m	
[0mMemory usage[0m	
[0mCPU[0m	[0;36m9026.6396484375[0m	
[0mGPU[0m	[0m1104375808 / 5032706048[0m	
[0m: 71% done[0m	[0m00:18:58 left[0m	
[0m.:. Batch 53881 to 53940 on 72328 images[0m	
[0mMemory usage[0m	
[0mCPU[0m	[0;36m9030.6650390625[0m	
[0mGPU[0m	[0m1104375808 / 5032706048[0m	
[0m: 76% done[0m	[0m00:15:45 left[0m	
[0m.:. Batch 57481 to 57540 on 72328 images[0m	
[0mMemory usage[0m	
[0mCPU[0m	[0;36m9034.576171875[0m	
[0mGPU[0m	[0m1104375808 / 5032706048[0m	
[0m: 81% done[0m	[0m00:12:32 left[0m	
[0m.:. Batch 61141 to 61200 on 72328 images[0m	
[0mMemory usage[0m	
[0mCPU[0m	[0;36m9103.337890625[0m	
[0mGPU[0m	[0m1068068864 / 5032706048[0m	
[0m: 86% done[0m	[0m00:09:16 left[0m	
[0m.:. Batch 64741 to 64800 on 72328 images[0m	
[0mMemory usage[0m	
[0mCPU[0m	[0;36m9123.12109375[0m	
[0mGPU[0m	[0m1068068864 / 5032706048[0m	
[0m: 91% done[0m	[0m00:06:03 left[0m	
[0m.:. Batch 68341 to 68400 on 72328 images[0m	
[0mMemory usage[0m	
[0mCPU[0m	[0;36m9126.453125[0m	
[0mGPU[0m	[0m1068068864 / 5032706048[0m	
[0m: 96% done[0m	[0m00:02:51 left[0m	
[0m.:. Batch 71941 to 72000 on 72328 images[0m	
[0mMemory usage[0m	
[0mCPU[0m	[0;36m9130.3984375[0m	
[0mGPU[0m	[0m1068068864 / 5032706048[0m	
[0m.:. End of Epoch n° 4[0m	
[0m: Real time to learn 1 batch = 00:00:03[0m	
[0m: Real time to learn full batch = 01:04:22[0m	
[0m# Confusion Matrix[0m	
[0m: average row correct: 1.0272074829658%[0m	
[0m: average rowUcol correct (VOC measure): 0.10136372829317%[0m	
[0m: > global correct: 1.0410905873244%[0m	
[0m# ... saving model to /home/cadene/doc/DeepRecipes/convnet/rslt/overfat+3+5e-3/model.t7[0m	
[0m[0m	
[0m# Epoch n° 5[0m	
[0m.:. Batch 1 to 60 on 72328 images[0m	
[0mMemory usage[0m	
[0mCPU[0m	[0;36m10052.283203125[0m	
[0mGPU[0m	[0m1562734592 / 5032706048[0m	
[0m: 1% done[0m	[0m01:30:31 left[0m	
[0m.:. Batch 3241 to 3300 on 72328 images[0m	
[0mMemory usage[0m	
[0mCPU[0m	[0;36m8702.6455078125[0m	
[0mGPU[0m	[0m1245409280 / 5032706048[0m	
[0m: 6% done[0m	[0m01:03:42 left[0m	
[0m.:. Batch 6841 to 6900 on 72328 images[0m	
[0mMemory usage[0m	
[0mCPU[0m	[0;36m8707.3115234375[0m	
[0mGPU[0m	[0m1245409280 / 5032706048[0m	
[0m: 11% done[0m	[0m00:58:51 left[0m	
[0m.:. Batch 10441 to 10500 on 72328 images[0m	
[0mMemory usage[0m	
[0mCPU[0m	[0;36m8713.7568359375[0m	
[0mGPU[0m	[0m1245409280 / 5032706048[0m	
[0m: 16% done[0m	[0m00:55:06 left[0m	
[0m.:. Batch 14101 to 14160 on 72328 images[0m	
[0mMemory usage[0m	
[0mCPU[0m	[0;36m8782.3193359375[0m	
[0mGPU[0m	[0m1210150912 / 5032706048[0m	
[0m: 21% done[0m	[0m00:51:33 left[0m	
[0m.:. Batch 17701 to 17760 on 72328 images[0m	
[0mMemory usage[0m	
[0mCPU[0m	[0;36m8790.078125[0m	
[0mGPU[0m	[0m1210150912 / 5032706048[0m	
[0m: 26% done[0m	[0m00:48:10 left[0m	
[0m.:. Batch 21301 to 21360 on 72328 images[0m	
[0mMemory usage[0m	
[0mCPU[0m	[0;36m8793.5849609375[0m	
[0mGPU[0m	[0m1210150912 / 5032706048[0m	
[0m: 31% done[0m	[0m00:44:52 left[0m	
[0m.:. Batch 24961 to 25020 on 72328 images[0m	
[0mMemory usage[0m	
[0mCPU[0m	[0;36m8862.4345703125[0m	
[0mGPU[0m	[0m1174892544 / 5032706048[0m	
[0m: 36% done[0m	[0m00:41:33 left[0m	
[0m.:. Batch 28561 to 28620 on 72328 images[0m	
[0mMemory usage[0m	
[0mCPU[0m	[0;36m8866.294921875[0m	
[0mGPU[0m	[0m1174892544 / 5032706048[0m	
[0m: 41% done[0m	[0m00:38:17 left[0m	
[0m.:. Batch 32161 to 32220 on 72328 images[0m	
[0mMemory usage[0m	
[0mCPU[0m	[0;36m8878.23828125[0m	
[0mGPU[0m	[0m1174892544 / 5032706048[0m	
[0m: 46% done[0m	[0m00:35:03 left[0m	
[0m.:. Batch 35761 to 35820 on 72328 images[0m	
[0mMemory usage[0m	
[0mCPU[0m	[0;36m8882.083984375[0m	
[0mGPU[0m	[0m1174892544 / 5032706048[0m	
[0m: 51% done[0m	[0m00:31:46 left[0m	
[0m.:. Batch 39421 to 39480 on 72328 images[0m	
[0mMemory usage[0m	
[0mCPU[0m	[0;36m8950.9052734375[0m	
[0mGPU[0m	[0m1139634176 / 5032706048[0m	
[0m: 56% done[0m	[0m00:28:33 left[0m	
[0m.:. Batch 43021 to 43080 on 72328 images[0m	
[0mMemory usage[0m	
[0mCPU[0m	[0;36m8954.3701171875[0m	
[0mGPU[0m	[0m1139634176 / 5032706048[0m	
[0m: 61% done[0m	[0m00:25:20 left[0m	
[0m.:. Batch 46621 to 46680 on 72328 images[0m	
[0mMemory usage[0m	
[0mCPU[0m	[0;36m8958.1025390625[0m	
[0mGPU[0m	[0m1139634176 / 5032706048[0m	
[0m: 66% done[0m	[0m00:22:08 left[0m	
[0m.:. Batch 50281 to 50340 on 72328 images[0m	
[0mMemory usage[0m	
[0mCPU[0m	[0;36m9027.3037109375[0m	
[0mGPU[0m	[0m1104375808 / 5032706048[0m	
[0m: 71% done[0m	[0m00:18:52 left[0m	
[0m.:. Batch 53881 to 53940 on 72328 images[0m	
[0mMemory usage[0m	
[0mCPU[0m	[0;36m9031.140625[0m	
[0mGPU[0m	[0m1104375808 / 5032706048[0m	
[0m: 76% done[0m	[0m00:15:40 left[0m	
[0m.:. Batch 57481 to 57540 on 72328 images[0m	
[0mMemory usage[0m	
[0mCPU[0m	[0;36m9034.611328125[0m	
[0mGPU[0m	[0m1104375808 / 5032706048[0m	
[0m: 81% done[0m	[0m00:12:28 left[0m	
[0m.:. Batch 61141 to 61200 on 72328 images[0m	
[0mMemory usage[0m	
[0mCPU[0m	[0;36m9103.560546875[0m	
[0mGPU[0m	[0m1068068864 / 5032706048[0m	
[0m: 86% done[0m	[0m00:09:13 left[0m	
[0m.:. Batch 64741 to 64800 on 72328 images[0m	
[0mMemory usage[0m	
[0mCPU[0m	[0;36m9122.7861328125[0m	
[0mGPU[0m	[0m1068068864 / 5032706048[0m	
[0m: 91% done[0m	[0m00:06:02 left[0m	
[0m.:. Batch 68341 to 68400 on 72328 images[0m	
[0mMemory usage[0m	
[0mCPU[0m	[0;36m9127.0224609375[0m	
[0mGPU[0m	[0m1068068864 / 5032706048[0m	
[0m: 96% done[0m	[0m00:02:50 left[0m	
[0m.:. Batch 71941 to 72000 on 72328 images[0m	
[0mMemory usage[0m	
[0mCPU[0m	[0;36m9130.7158203125[0m	
[0mGPU[0m	[0m1068068864 / 5032706048[0m	
[0m.:. End of Epoch n° 5[0m	
[0m: Real time to learn 1 batch = 00:00:03[0m	
[0m: Real time to learn full batch = 01:04:08[0m	
[0m# Confusion Matrix[0m	
[0m: average row correct: 0.95131935662415%[0m	
[0m: average rowUcol correct (VOC measure): 0.10550051194496%[0m	
[0m: > global correct: 0.96366552372525%[0m	
[0m# ... saving model to /home/cadene/doc/DeepRecipes/convnet/rslt/overfat+3+5e-3/model.t7[0m	
[0m[0m	
[0m# Epoch n° 6[0m	
[0m.:. Batch 1 to 60 on 72328 images[0m	
[0mMemory usage[0m	
[0mCPU[0m	[0;36m10053.240234375[0m	
[0mGPU[0m	[0m1562734592 / 5032706048[0m	
[0m: 1% done[0m	[0m02:32:29 left[0m	
[0m.:. Batch 3241 to 3300 on 72328 images[0m	
[0mMemory usage[0m	
[0mCPU[0m	[0;36m8703.28125[0m	
[0mGPU[0m	[0m1245409280 / 5032706048[0m	
[0m: 6% done[0m	[0m01:15:26 left[0m	
[0m.:. Batch 6841 to 6900 on 72328 images[0m	
[0mMemory usage[0m	
[0mCPU[0m	[0;36m8708.00390625[0m	
[0mGPU[0m	[0m1245409280 / 5032706048[0m	
[0m: 11% done[0m	[0m01:04:37 left[0m	
[0m.:. Batch 10441 to 10500 on 72328 images[0m	
[0mMemory usage[0m	
[0mCPU[0m	[0;36m8713.8740234375[0m	
[0mGPU[0m	[0m1245409280 / 5032706048[0m	
[0m: 16% done[0m	[0m00:58:43 left[0m	
[0m.:. Batch 14101 to 14160 on 72328 images[0m	
[0mMemory usage[0m	
[0mCPU[0m	[0;36m8782.7109375[0m	
[0mGPU[0m	[0m1210150912 / 5032706048[0m	
[0m: 21% done[0m	[0m00:54:04 left[0m	
[0m.:. Batch 17701 to 17760 on 72328 images[0m	
[0mMemory usage[0m	
[0mCPU[0m	[0;36m8790.2802734375[0m	
[0mGPU[0m	[0m1210150912 / 5032706048[0m	
[0m: 26% done[0m	[0m00:50:02 left[0m	
[0m.:. Batch 21301 to 21360 on 72328 images[0m	
[0mMemory usage[0m	
[0mCPU[0m	[0;36m8794.0576171875[0m	
[0mGPU[0m	[0m1210150912 / 5032706048[0m	
[0m: 31% done[0m	[0m00:46:18 left[0m	
[0m.:. Batch 24961 to 25020 on 72328 images[0m	
[0mMemory usage[0m	
[0mCPU[0m	[0;36m8862.875[0m	
[0mGPU[0m	[0m1174892544 / 5032706048[0m	
[0m: 36% done[0m	[0m00:42:40 left[0m	
[0m.:. Batch 28561 to 28620 on 72328 images[0m	
[0mMemory usage[0m	
[0mCPU[0m	[0;36m8866.5693359375[0m	
[0mGPU[0m	[0m1174892544 / 5032706048[0m	
[0m: 41% done[0m	[0m00:39:12 left[0m	
[0m.:. Batch 32161 to 32220 on 72328 images[0m	
[0mMemory usage[0m	
[0mCPU[0m	[0;36m8878.365234375[0m	
[0mGPU[0m	[0m1174892544 / 5032706048[0m	
[0m: 46% done[0m	[0m00:35:47 left[0m	
[0m.:. Batch 35761 to 35820 on 72328 images[0m	
[0mMemory usage[0m	
[0mCPU[0m	[0;36m8882.041015625[0m	
[0mGPU[0m	[0m1174892544 / 5032706048[0m	
[0m: 51% done[0m	[0m00:32:23 left[0m	
[0m.:. Batch 39421 to 39480 on 72328 images[0m	
[0mMemory usage[0m	
[0mCPU[0m	[0;36m8951.216796875[0m	
[0mGPU[0m	[0m1139634176 / 5032706048[0m	
[0m: 56% done[0m	[0m00:29:03 left[0m	
[0m.:. Batch 43021 to 43080 on 72328 images[0m	
[0mMemory usage[0m	
[0mCPU[0m	[0;36m8954.841796875[0m	
[0mGPU[0m	[0m1139634176 / 5032706048[0m	
[0m: 61% done[0m	[0m00:25:44 left[0m	
[0m.:. Batch 46621 to 46680 on 72328 images[0m	
[0mMemory usage[0m	
[0mCPU[0m	[0;36m8958.2529296875[0m	
[0mGPU[0m	[0m1139634176 / 5032706048[0m	
[0m: 66% done[0m	[0m00:22:27 left[0m	
[0m.:. Batch 50281 to 50340 on 72328 images[0m	
[0mMemory usage[0m	
[0mCPU[0m	[0;36m9027.560546875[0m	
[0mGPU[0m	[0m1104375808 / 5032706048[0m	
[0m: 71% done[0m	[0m00:19:08 left[0m	
[0m.:. Batch 53881 to 53940 on 72328 images[0m	
[0mMemory usage[0m	
[0mCPU[0m	[0;36m9030.9580078125[0m	
[0mGPU[0m	[0m1104375808 / 5032706048[0m	
[0m: 76% done[0m	[0m00:15:52 left[0m	
[0m.:. Batch 57481 to 57540 on 72328 images[0m	
[0mMemory usage[0m	
[0mCPU[0m	[0;36m9035.263671875[0m	
[0mGPU[0m	[0m1104637952 / 5032706048[0m	
[0m: 81% done[0m	[0m00:12:37 left[0m	
[0m.:. Batch 61141 to 61200 on 72328 images[0m	
[0mMemory usage[0m	
[0mCPU[0m	[0;36m9103.3642578125[0m	
[0mGPU[0m	[0m1068331008 / 5032706048[0m	
[0m: 86% done[0m	[0m00:09:20 left[0m	
[0m.:. Batch 64741 to 64800 on 72328 images[0m	
[0mMemory usage[0m	
[0mCPU[0m	[0;36m9123.1611328125[0m	
[0mGPU[0m	[0m1068331008 / 5032706048[0m	
[0m: 91% done[0m	[0m00:06:06 left[0m	
[0m.:. Batch 68341 to 68400 on 72328 images[0m	
[0mMemory usage[0m	
[0mCPU[0m	[0;36m9127.2861328125[0m	
[0mGPU[0m	[0m1068331008 / 5032706048[0m	
[0m: 96% done[0m	[0m00:02:52 left[0m	
[0m.:. Batch 71941 to 72000 on 72328 images[0m	
[0mMemory usage[0m	
[0mCPU[0m	[0;36m9130.8583984375[0m	
[0mGPU[0m	[0m1068331008 / 5032706048[0m	
[0m.:. End of Epoch n° 6[0m	
[0m: Real time to learn 1 batch = 00:00:03[0m	
[0m: Real time to learn full batch = 01:04:45[0m	
[0m# Confusion Matrix[0m	
[0m: average row correct: 0.95184433705054%[0m	
[0m: average rowUcol correct (VOC measure): 0.099486637385654%[0m	
[0m: > global correct: 0.96366552372525%[0m	
[0m# ... saving model to /home/cadene/doc/DeepRecipes/convnet/rslt/overfat+3+5e-3/model.t7[0m	
[0m[0m	
[0m# Epoch n° 7[0m	
[0m.:. Batch 1 to 60 on 72328 images[0m	
[0mMemory usage[0m	
[0mCPU[0m	[0;36m10053.240234375[0m	
[0mGPU[0m	[0m1562996736 / 5032706048[0m	
[0m: 1% done[0m	[0m02:32:34 left[0m	
[0m.:. Batch 3241 to 3300 on 72328 images[0m	
[0mMemory usage[0m	
[0mCPU[0m	[0;36m8703.2431640625[0m	
[0mGPU[0m	[0m1245671424 / 5032706048[0m	
[0m: 6% done[0m	[0m01:30:28 left[0m	
[0m.:. Batch 6841 to 6900 on 72328 images[0m	
[0mMemory usage[0m	
[0mCPU[0m	[0;36m8708.494140625[0m	
[0mGPU[0m	[0m1245671424 / 5032706048[0m	
[0m: 11% done[0m	[0m01:12:17 left[0m	
[0m.:. Batch 10441 to 10500 on 72328 images[0m	
[0mMemory usage[0m	
[0mCPU[0m	[0;36m8713.8115234375[0m	
[0mGPU[0m	[0m1245671424 / 5032706048[0m	
[0m: 16% done[0m	[0m01:03:41 left[0m	
[0m.:. Batch 14101 to 14160 on 72328 images[0m	
[0mMemory usage[0m	
[0mCPU[0m	[0;36m8782.5859375[0m	
[0mGPU[0m	[0m1210413056 / 5032706048[0m	
[0m: 21% done[0m	[0m00:57:45 left[0m	
[0m.:. Batch 17701 to 17760 on 72328 images[0m	
[0mMemory usage[0m	
[0mCPU[0m	[0;36m8790.2099609375[0m	
[0mGPU[0m	[0m1210413056 / 5032706048[0m	
[0m: 26% done[0m	[0m00:53:05 left[0m	
[0m.:. Batch 21301 to 21360 on 72328 images[0m	
[0mMemory usage[0m	
[0mCPU[0m	[0;36m8794.28125[0m	
[0mGPU[0m	[0m1210413056 / 5032706048[0m	
[0m: 31% done[0m	[0m00:48:40 left[0m	
[0m.:. Batch 24961 to 25020 on 72328 images[0m	
[0mMemory usage[0m	
[0mCPU[0m	[0;36m8863.0400390625[0m	
[0mGPU[0m	[0m1175154688 / 5032706048[0m	
[0m: 36% done[0m	[0m00:44:35 left[0m	
[0m.:. Batch 28561 to 28620 on 72328 images[0m	
[0mMemory usage[0m	
[0mCPU[0m	[0;36m8866.8583984375[0m	
[0mGPU[0m	[0m1175154688 / 5032706048[0m	
[0m: 41% done[0m	[0m00:40:45 left[0m	
[0m.:. Batch 32161 to 32220 on 72328 images[0m	
[0mMemory usage[0m	
[0mCPU[0m	[0;36m8878.3203125[0m	
[0mGPU[0m	[0m1175154688 / 5032706048[0m	
[0m: 46% done[0m	[0m00:37:03 left[0m	
[0m.:. Batch 35761 to 35820 on 72328 images[0m	
[0mMemory usage[0m	
[0mCPU[0m	[0;36m8881.8125[0m	
[0mGPU[0m	[0m1175154688 / 5032706048[0m	
[0m: 51% done[0m	[0m00:33:24 left[0m	
[0m.:. Batch 39421 to 39480 on 72328 images[0m	
[0mMemory usage[0m	
[0mCPU[0m	[0;36m8950.7763671875[0m	
[0mGPU[0m	[0m1139896320 / 5032706048[0m	
[0m: 56% done[0m	[0m00:29:53 left[0m	
[0m.:. Batch 43021 to 43080 on 72328 images[0m	
[0mMemory usage[0m	
[0mCPU[0m	[0;36m8954.998046875[0m	
[0mGPU[0m	[0m1139896320 / 5032706048[0m	
[0m: 61% done[0m	[0m00:26:26 left[0m	
[0m.:. Batch 46621 to 46680 on 72328 images[0m	
[0mMemory usage[0m	
[0mCPU[0m	[0;36m8958.6298828125[0m	
[0mGPU[0m	[0m1139896320 / 5032706048[0m	
[0m: 66% done[0m	[0m00:23:01 left[0m	
[0m.:. Batch 50281 to 50340 on 72328 images[0m	
[0mMemory usage[0m	
[0mCPU[0m	[0;36m9027.197265625[0m	
[0mGPU[0m	[0m1104637952 / 5032706048[0m	
[0m: 71% done[0m	[0m00:19:34 left[0m	
[0m.:. Batch 53881 to 53940 on 72328 images[0m	
[0mMemory usage[0m	
[0mCPU[0m	[0;36m9031.439453125[0m	
[0mGPU[0m	[0m1104637952 / 5032706048[0m	
[0m: 76% done[0m	[0m00:16:13 left[0m	
[0m.:. Batch 57481 to 57540 on 72328 images[0m	
[0mMemory usage[0m	
[0mCPU[0m	[0;36m9034.77734375[0m	
[0mGPU[0m	[0m1104637952 / 5032706048[0m	
[0m: 81% done[0m	[0m00:12:53 left[0m	
[0m.:. Batch 61141 to 61200 on 72328 images[0m	
[0mMemory usage[0m	
[0mCPU[0m	[0;36m9103.765625[0m	
[0mGPU[0m	[0m1068331008 / 5032706048[0m	
[0m: 86% done[0m	[0m00:09:30 left[0m	
[0m.:. Batch 64741 to 64800 on 72328 images[0m	
[0mMemory usage[0m	
[0mCPU[0m	[0;36m9123.5068359375[0m	
[0mGPU[0m	[0m1068331008 / 5032706048[0m	
[0m: 91% done[0m	[0m00:06:12 left[0m	
[0m.:. Batch 68341 to 68400 on 72328 images[0m	
[0mMemory usage[0m	
[0mCPU[0m	[0;36m9127.4375[0m	
[0mGPU[0m	[0m1068331008 / 5032706048[0m	
[0m: 96% done[0m	[0m00:02:55 left[0m	
[0m.:. Batch 71941 to 72000 on 72328 images[0m	
[0mMemory usage[0m	
[0mCPU[0m	[0;36m9130.8310546875[0m	
[0mGPU[0m	[0m1068331008 / 5032706048[0m	
[0m.:. End of Epoch n° 7[0m	
[0m: Real time to learn 1 batch = 00:00:03[0m	
[0m: Real time to learn full batch = 01:05:52[0m	
[0m# Confusion Matrix[0m	
[0m: average row correct: 1.0477565524012%[0m	
[0m: average rowUcol correct (VOC measure): 0.11517042467039%[0m	
[0m: > global correct: 1.0604468532242%[0m	
[0m# ... saving model to /home/cadene/doc/DeepRecipes/convnet/rslt/overfat+3+5e-3/model.t7[0m	
[0m[0m	
[0m# Epoch n° 8[0m	
[0m.:. Batch 1 to 60 on 72328 images[0m	
[0mMemory usage[0m	
[0mCPU[0m	[0;36m10053.240234375[0m	
[0mGPU[0m	[0m1562996736 / 5032706048[0m	
[0m: 1% done[0m	[0m04:42:04 left[0m	
[0m.:. Batch 3241 to 3300 on 72328 images[0m	
[0mMemory usage[0m	
[0mCPU[0m	[0;36m8703.3056640625[0m	
[0mGPU[0m	[0m1245671424 / 5032706048[0m	
[0m: 6% done[0m	[0m01:29:48 left[0m	
[0m.:. Batch 6841 to 6900 on 72328 images[0m	
[0mMemory usage[0m	
[0mCPU[0m	[0;36m8708.0556640625[0m	
[0mGPU[0m	[0m1245671424 / 5032706048[0m	
[0m: 11% done[0m	[0m01:11:54 left[0m	
[0m.:. Batch 10441 to 10500 on 72328 images[0m	
[0mMemory usage[0m	
[0mCPU[0m	[0;36m8713.8369140625[0m	
[0mGPU[0m	[0m1245671424 / 5032706048[0m	
[0m: 16% done[0m	[0m01:03:22 left[0m	
[0m.:. Batch 14101 to 14160 on 72328 images[0m	
[0mMemory usage[0m	
[0mCPU[0m	[0;36m8782.6669921875[0m	
[0mGPU[0m	[0m1210413056 / 5032706048[0m	
[0m: 21% done[0m	[0m00:57:23 left[0m	
[0m.:. Batch 17701 to 17760 on 72328 images[0m	
[0mMemory usage[0m	
[0mCPU[0m	[0;36m8790.3193359375[0m	
[0mGPU[0m	[0m1210413056 / 5032706048[0m	
[0m: 26% done[0m	[0m00:52:35 left[0m	
[0m.:. Batch 21301 to 21360 on 72328 images[0m	
[0mMemory usage[0m	
[0mCPU[0m	[0;36m8794.306640625[0m	
[0mGPU[0m	[0m1210413056 / 5032706048[0m	
[0m: 31% done[0m	[0m00:48:18 left[0m	
[0m.:. Batch 24961 to 25020 on 72328 images[0m	
[0mMemory usage[0m	
[0mCPU[0m	[0;36m8863.1298828125[0m	
[0mGPU[0m	[0m1175154688 / 5032706048[0m	
[0m: 36% done[0m	[0m00:44:15 left[0m	
[0m.:. Batch 28561 to 28620 on 72328 images[0m	
[0mMemory usage[0m	
[0mCPU[0m	[0;36m8867.0263671875[0m	
[0mGPU[0m	[0m1175154688 / 5032706048[0m	
[0m: 41% done[0m	[0m00:40:29 left[0m	
[0m.:. Batch 32161 to 32220 on 72328 images[0m	
[0mMemory usage[0m	
[0mCPU[0m	[0;36m8878.248046875[0m	
[0mGPU[0m	[0m1175154688 / 5032706048[0m	
[0m: 46% done[0m	[0m00:36:50 left[0m	
[0m.:. Batch 35761 to 35820 on 72328 images[0m	
[0mMemory usage[0m	
[0mCPU[0m	[0;36m8882.2138671875[0m	
[0mGPU[0m	[0m1175154688 / 5032706048[0m	
[0m: 51% done[0m	[0m00:33:14 left[0m	
[0m.:. Batch 39421 to 39480 on 72328 images[0m	
[0mMemory usage[0m	
[0mCPU[0m	[0;36m8951.1748046875[0m	
[0mGPU[0m	[0m1139896320 / 5032706048[0m	
[0m: 56% done[0m	[0m00:29:45 left[0m	
[0m.:. Batch 43021 to 43080 on 72328 images[0m	
[0mMemory usage[0m	
[0mCPU[0m	[0;36m8955.0576171875[0m	
[0mGPU[0m	[0m1139896320 / 5032706048[0m	
[0m: 61% done[0m	[0m00:26:18 left[0m	
[0m.:. Batch 46621 to 46680 on 72328 images[0m	
[0mMemory usage[0m	
[0mCPU[0m	[0;36m8958.685546875[0m	
[0mGPU[0m	[0m1139896320 / 5032706048[0m	
[0m: 66% done[0m	[0m00:22:55 left[0m	
[0m.:. Batch 50281 to 50340 on 72328 images[0m	
[0mMemory usage[0m	
[0mCPU[0m	[0;36m9027.443359375[0m	
[0mGPU[0m	[0m1104637952 / 5032706048[0m	
[0m: 71% done[0m	[0m00:19:29 left[0m	
[0m.:. Batch 53881 to 53940 on 72328 images[0m	
[0mMemory usage[0m	
[0mCPU[0m	[0;36m9030.609375[0m	
[0mGPU[0m	[0m1104637952 / 5032706048[0m	
[0m: 76% done[0m	[0m00:16:09 left[0m	
[0m.:. Batch 57481 to 57540 on 72328 images[0m	
[0mMemory usage[0m	
[0mCPU[0m	[0;36m9035.3857421875[0m	
[0mGPU[0m	[0m1104637952 / 5032706048[0m	
[0m: 81% done[0m	[0m00:12:50 left[0m	
[0m.:. Batch 61141 to 61200 on 72328 images[0m	
[0mMemory usage[0m	
[0mCPU[0m	[0;36m9103.71875[0m	
[0mGPU[0m	[0m1068331008 / 5032706048[0m	
[0m: 86% done[0m	[0m00:09:28 left[0m	
[0m.:. Batch 64741 to 64800 on 72328 images[0m	
[0mMemory usage[0m	
[0mCPU[0m	[0;36m9123.263671875[0m	
[0mGPU[0m	[0m1068331008 / 5032706048[0m	
[0m: 91% done[0m	[0m00:06:11 left[0m	
[0m.:. Batch 68341 to 68400 on 72328 images[0m	
[0mMemory usage[0m	
[0mCPU[0m	[0;36m9127.3818359375[0m	
[0mGPU[0m	[0m1068331008 / 5032706048[0m	
[0m: 96% done[0m	[0m00:02:54 left[0m	
[0m.:. Batch 71941 to 72000 on 72328 images[0m	
[0mMemory usage[0m	
[0mCPU[0m	[0;36m9131.1259765625[0m	
[0mGPU[0m	[0m1068331008 / 5032706048[0m	
[0m.:. End of Epoch n° 8[0m	
[0m: Real time to learn 1 batch = 00:00:03[0m	
[0m: Real time to learn full batch = 01:05:37[0m	
[0m# Confusion Matrix[0m	
[0m: average row correct: 0.93138608332299%[0m	
[0m: average rowUcol correct (VOC measure): 0.10051635568869%[0m	
[0m: > global correct: 0.94016148656122%[0m	
[0m# ... saving model to /home/cadene/doc/DeepRecipes/convnet/rslt/overfat+3+5e-3/model.t7[0m	
[0m[0m	
[0m# Epoch n° 9[0m	
[0m.:. Batch 1 to 60 on 72328 images[0m	
[0mMemory usage[0m	
[0mCPU[0m	[0;36m10053.240234375[0m	
[0mGPU[0m	[0m1562996736 / 5032706048[0m	
[0m: 1% done[0m	[0m44:45:27 left[0m	
[0m.:. Batch 3241 to 3300 on 72328 images[0m	
[0mMemory usage[0m	
[0mCPU[0m	[0;36m8703.59375[0m	
[0mGPU[0m	[0m1245409280 / 5032706048[0m	
[0m: 6% done[0m	[0m06:35:44 left[0m	
[0m.:. Batch 6841 to 6900 on 72328 images[0m	
[0mMemory usage[0m	
[0mCPU[0m	[0;36m8707.943359375[0m	
[0mGPU[0m	[0m1245409280 / 5032706048[0m	
[0m: 11% done[0m	[0m03:44:38 left[0m	
[0m.:. Batch 10441 to 10500 on 72328 images[0m	
[0mMemory usage[0m	
[0mCPU[0m	[0;36m8713.65234375[0m	
[0mGPU[0m	[0m1245409280 / 5032706048[0m	
[0m: 16% done[0m	[0m02:42:06 left[0m	
[0m.:. Batch 14101 to 14160 on 72328 images[0m	
[0mMemory usage[0m	
[0mCPU[0m	[0;36m8782.5009765625[0m	
[0mGPU[0m	[0m1210150912 / 5032706048[0m	
[0m: 21% done[0m	[0m02:20:38 left[0m	
[0m.:. Batch 17701 to 17760 on 72328 images[0m	
[0mMemory usage[0m	
[0mCPU[0m	[0;36m8790.6474609375[0m	
[0mGPU[0m	[0m1210150912 / 5032706048[0m	
[0m: 26% done[0m	[0m01:57:42 left[0m	
[0m.:. Batch 21301 to 21360 on 72328 images[0m	
[0mMemory usage[0m	
[0mCPU[0m	[0;36m8794.2060546875[0m	
[0mGPU[0m	[0m1210150912 / 5032706048[0m	
[0m: 31% done[0m	[0m01:41:29 left[0m	
[0m.:. Batch 24961 to 25020 on 72328 images[0m	
[0mMemory usage[0m	
[0mCPU[0m	[0;36m8862.80078125[0m	
[0mGPU[0m	[0m1174892544 / 5032706048[0m	
[0m: 36% done[0m	[0m01:26:33 left[0m	
[0m.:. Batch 28561 to 28620 on 72328 images[0m	
[0mMemory usage[0m	
[0mCPU[0m	[0;36m8866.7392578125[0m	
[0mGPU[0m	[0m1174892544 / 5032706048[0m	
[0m: 41% done[0m	[0m01:14:54 left[0m	
[0m.:. Batch 32161 to 32220 on 72328 images[0m	
[0mMemory usage[0m	
[0mCPU[0m	[0;36m8878.2353515625[0m	
[0mGPU[0m	[0m1174892544 / 5032706048[0m	
[0m: 46% done[0m	[0m01:05:35 left[0m	
[0m.:. Batch 35761 to 35820 on 72328 images[0m	
[0mMemory usage[0m	
[0mCPU[0m	[0;36m8882.2060546875[0m	
[0mGPU[0m	[0m1174892544 / 5032706048[0m	
[0m: 51% done[0m	[0m00:56:41 left[0m	
[0m.:. Batch 39421 to 39480 on 72328 images[0m	
[0mMemory usage[0m	
[0mCPU[0m	[0;36m8950.7783203125[0m	
[0mGPU[0m	[0m1139634176 / 5032706048[0m	
[0m: 56% done[0m	[0m00:48:57 left[0m	
[0m.:. Batch 43021 to 43080 on 72328 images[0m	
[0mMemory usage[0m	
[0mCPU[0m	[0;36m8954.8486328125[0m	
[0mGPU[0m	[0m1139634176 / 5032706048[0m	
[0m: 61% done[0m	[0m00:41:58 left[0m	
[0m.:. Batch 46621 to 46680 on 72328 images[0m	
[0mMemory usage[0m	
[0mCPU[0m	[0;36m8958.5634765625[0m	
[0mGPU[0m	[0m1139634176 / 5032706048[0m	
[0m: 66% done[0m	[0m00:35:33 left[0m	
[0m.:. Batch 50281 to 50340 on 72328 images[0m	
[0mMemory usage[0m	
[0mCPU[0m	[0;36m9027.396484375[0m	
[0mGPU[0m	[0m1104375808 / 5032706048[0m	
[0m: 71% done[0m	[0m00:29:32 left[0m	
[0m.:. Batch 53881 to 53940 on 72328 images[0m	
[0mMemory usage[0m	
[0mCPU[0m	[0;36m9030.857421875[0m	
[0mGPU[0m	[0m1104375808 / 5032706048[0m	
[0m: 76% done[0m	[0m00:23:58 left[0m	
[0m.:. Batch 57481 to 57540 on 72328 images[0m	
[0mMemory usage[0m	
[0mCPU[0m	[0;36m9035.0390625[0m	
[0mGPU[0m	[0m1104375808 / 5032706048[0m	
[0m: 81% done[0m	[0m00:18:40 left[0m	
[0m.:. Batch 61141 to 61200 on 72328 images[0m	
[0mMemory usage[0m	
[0mCPU[0m	[0;36m9103.87890625[0m	
[0mGPU[0m	[0m1068068864 / 5032706048[0m	
[0m: 86% done[0m	[0m00:13:32 left[0m	
[0m.:. Batch 64741 to 64800 on 72328 images[0m	
[0mMemory usage[0m	
[0mCPU[0m	[0;36m9123.650390625[0m	
[0mGPU[0m	[0m1068068864 / 5032706048[0m	
[0m: 91% done[0m	[0m00:08:42 left[0m	
[0m.:. Batch 68341 to 68400 on 72328 images[0m	
[0mMemory usage[0m	
[0mCPU[0m	[0;36m9127.0771484375[0m	
[0mGPU[0m	[0m1068068864 / 5032706048[0m	
[0m: 96% done[0m	[0m00:04:02 left[0m	
[0m.:. Batch 71941 to 72000 on 72328 images[0m	
[0mMemory usage[0m	
[0mCPU[0m	[0;36m9131.029296875[0m	
[0mGPU[0m	[0m1068068864 / 5032706048[0m	
[0m.:. End of Epoch n° 9[0m	
[0m: Real time to learn 1 batch = 00:00:04[0m	
[0m: Real time to learn full batch = 01:30:55[0m	
[0m# Confusion Matrix[0m	
[0m: average row correct: 0.96552150674386%[0m	
[0m: average rowUcol correct (VOC measure): 0.10239525944788%[0m	
[0m: > global correct: 0.97749142793939%[0m	
[0m# ... saving model to /home/cadene/doc/DeepRecipes/convnet/rslt/overfat+3+5e-3/model.t7[0m	
[0m[0m	
[0m# Epoch n° 10[0m	
[0m.:. Batch 1 to 60 on 72328 images[0m	
[0mMemory usage[0m	
[0mCPU[0m	[0;36m10053.302734375[0m	
[0mGPU[0m	[0m1562734592 / 5032706048[0m	
[0m: 1% done[0m	[0m11:23:48 left[0m	
[0m.:. Batch 3241 to 3300 on 72328 images[0m	
[0mMemory usage[0m	
[0mCPU[0m	[0;36m8703.5341796875[0m	
[0mGPU[0m	[0m1245409280 / 5032706048[0m	
[0m: 6% done[0m	[0m02:02:03 left[0m	
[0m.:. Batch 6841 to 6900 on 72328 images[0m	
[0mMemory usage[0m	
[0mCPU[0m	[0;36m8708.2958984375[0m	
[0mGPU[0m	[0m1245409280 / 5032706048[0m	
[0m: 11% done[0m	[0m01:27:57 left[0m	
[0m.:. Batch 10441 to 10500 on 72328 images[0m	
[0mMemory usage[0m	
[0mCPU[0m	[0;36m8714.1767578125[0m	
[0mGPU[0m	[0m1245409280 / 5032706048[0m	
[0m: 16% done[0m	[0m01:13:50 left[0m	
[0m.:. Batch 14101 to 14160 on 72328 images[0m	
[0mMemory usage[0m	
[0mCPU[0m	[0;36m8782.681640625[0m	
[0mGPU[0m	[0m1210150912 / 5032706048[0m	
[0m: 21% done[0m	[0m01:10:21 left[0m	
[0m.:. Batch 17701 to 17760 on 72328 images[0m	
[0mMemory usage[0m	
[0mCPU[0m	[0;36m8790.4423828125[0m	
[0mGPU[0m	[0m1210150912 / 5032706048[0m	
[0m: 26% done[0m	[0m01:02:20 left[0m	
[0m.:. Batch 21301 to 21360 on 72328 images[0m	
[0mMemory usage[0m	
[0mCPU[0m	[0;36m8794.0341796875[0m	
[0mGPU[0m	[0m1210150912 / 5032706048[0m	
[0m: 31% done[0m	[0m00:55:54 left[0m	
[0m.:. Batch 24961 to 25020 on 72328 images[0m	
[0mMemory usage[0m	
[0mCPU[0m	[0;36m8862.9736328125[0m	
[0mGPU[0m	[0m1174892544 / 5032706048[0m	
[0m: 36% done[0m	[0m00:50:18 left[0m	
[0m.:. Batch 28561 to 28620 on 72328 images[0m	
[0mMemory usage[0m	
[0mCPU[0m	[0;36m8866.6455078125[0m	
[0mGPU[0m	[0m1174892544 / 5032706048[0m	
[0m: 41% done[0m	[0m00:45:22 left[0m	
[0m.:. Batch 32161 to 32220 on 72328 images[0m	
[0mMemory usage[0m	
[0mCPU[0m	[0;36m8878.482421875[0m	
[0mGPU[0m	[0m1174892544 / 5032706048[0m	
[0m: 46% done[0m	[0m00:41:09 left[0m	
[0m.:. Batch 35761 to 35820 on 72328 images[0m	
[0mMemory usage[0m	
[0mCPU[0m	[0;36m8882.212890625[0m	
[0mGPU[0m	[0m1174892544 / 5032706048[0m	
[0m: 51% done[0m	[0m00:37:40 left[0m	
[0m.:. Batch 39421 to 39480 on 72328 images[0m	
[0mMemory usage[0m	
[0mCPU[0m	[0;36m8950.6689453125[0m	
[0mGPU[0m	[0m1139634176 / 5032706048[0m	
[0m: 56% done[0m	[0m00:33:22 left[0m	
[0m.:. Batch 43021 to 43080 on 72328 images[0m	
[0mMemory usage[0m	
[0mCPU[0m	[0;36m8954.8408203125[0m	
[0mGPU[0m	[0m1139634176 / 5032706048[0m	
[0m: 61% done[0m	[0m00:29:16 left[0m	
[0m.:. Batch 46621 to 46680 on 72328 images[0m	
[0mMemory usage[0m	
[0mCPU[0m	[0;36m8958.3994140625[0m	
[0mGPU[0m	[0m1139634176 / 5032706048[0m	
[0m: 66% done[0m	[0m00:25:18 left[0m	
[0m.:. Batch 50281 to 50340 on 72328 images[0m	
[0mMemory usage[0m	
[0mCPU[0m	[0;36m9027.6220703125[0m	
[0mGPU[0m	[0m1104375808 / 5032706048[0m	
[0m: 71% done[0m	[0m00:21:29 left[0m	
[0m.:. Batch 53881 to 53940 on 72328 images[0m	
[0mMemory usage[0m	
[0mCPU[0m	[0;36m9031.283203125[0m	
[0mGPU[0m	[0m1104375808 / 5032706048[0m	
[0m: 76% done[0m	[0m00:18:26 left[0m	
[0m.:. Batch 57481 to 57540 on 72328 images[0m	
[0mMemory usage[0m	
[0mCPU[0m	[0;36m9035.4609375[0m	
[0mGPU[0m	[0m1104375808 / 5032706048[0m	
[0m: 81% done[0m	[0m00:14:32 left[0m	
[0m.:. Batch 61141 to 61200 on 72328 images[0m	
[0mMemory usage[0m	
[0mCPU[0m	[0;36m9104.1123046875[0m	
[0mGPU[0m	[0m1068068864 / 5032706048[0m	
[0m: 86% done[0m	[0m00:11:09 left[0m	
[0m.:. Batch 64741 to 64800 on 72328 images[0m	
[0mMemory usage[0m	
[0mCPU[0m	[0;36m9123.587890625[0m	
[0mGPU[0m	[0m1068068864 / 5032706048[0m	
[0m: 91% done[0m	[0m00:07:25 left[0m	
[0m.:. Batch 68341 to 68400 on 72328 images[0m	
[0mMemory usage[0m	
[0mCPU[0m	[0;36m9127.39453125[0m	
[0mGPU[0m	[0m1068068864 / 5032706048[0m	
[0m: 96% done[0m	[0m00:03:40 left[0m	
[0m.:. Batch 71941 to 72000 on 72328 images[0m	
[0mMemory usage[0m	
[0mCPU[0m	[0;36m9130.775390625[0m	
[0mGPU[0m	[0m1068068864 / 5032706048[0m	
[0m.:. End of Epoch n° 10[0m	
[0m: Real time to learn 1 batch = 00:00:04[0m	
[0m: Real time to learn full batch = 01:27:37[0m	
[0m# Confusion Matrix[0m	
[0m: average row correct: 0.98931040063888%[0m	
[0m: average rowUcol correct (VOC measure): 0.10825964301769%[0m	
[0m: > global correct: 1.0009954651034%[0m	
[0m# ... saving model to /home/cadene/doc/DeepRecipes/convnet/rslt/overfat+3+5e-3/model.t7[0m	
[0m[0m	
[0m# Epoch n° 11[0m	
[0m.:. Batch 1 to 60 on 72328 images[0m	
[0mMemory usage[0m	
[0mCPU[0m	[0;36m10053.302734375[0m	
[0mGPU[0m	[0m1562734592 / 5032706048[0m	
[0m: 1% done[0m	[0m01:59:30 left[0m	
[0m.:. Batch 3241 to 3300 on 72328 images[0m	
[0mMemory usage[0m	
[0mCPU[0m	[0;36m8703.66796875[0m	
[0mGPU[0m	[0m1245409280 / 5032706048[0m	
[0m: 6% done[0m	[0m02:06:40 left[0m	
[0m.:. Batch 6841 to 6900 on 72328 images[0m	
[0mMemory usage[0m	
[0mCPU[0m	[0;36m8708.1953125[0m	
[0mGPU[0m	[0m1245409280 / 5032706048[0m	
[0m: 11% done[0m	[0m01:31:08 left[0m	
[0m.:. Batch 10441 to 10500 on 72328 images[0m	
[0mMemory usage[0m	
[0mCPU[0m	[0;36m8714.025390625[0m	
[0mGPU[0m	[0m1245409280 / 5032706048[0m	
[0m: 16% done[0m	[0m01:15:44 left[0m	
[0m.:. Batch 14101 to 14160 on 72328 images[0m	
[0mMemory usage[0m	
[0mCPU[0m	[0;36m8782.837890625[0m	
[0mGPU[0m	[0m1210150912 / 5032706048[0m	
[0m: 21% done[0m	[0m01:06:07 left[0m	
[0m.:. Batch 17701 to 17760 on 72328 images[0m	
[0mMemory usage[0m	
[0mCPU[0m	[0;36m8790.3916015625[0m	
[0mGPU[0m	[0m1210150912 / 5032706048[0m	
[0m: 26% done[0m	[0m00:59:12 left[0m	
[0m.:. Batch 21301 to 21360 on 72328 images[0m	
[0mMemory usage[0m	
[0mCPU[0m	[0;36m8794.2958984375[0m	
[0mGPU[0m	[0m1210150912 / 5032706048[0m	
[0m: 31% done[0m	[0m00:53:27 left[0m	
[0m.:. Batch 24961 to 25020 on 72328 images[0m	
[0mMemory usage[0m	
[0mCPU[0m	[0;36m8863.189453125[0m	
[0mGPU[0m	[0m1174892544 / 5032706048[0m	
[0m: 36% done[0m	[0m00:48:25 left[0m	
[0m.:. Batch 28561 to 28620 on 72328 images[0m	
[0mMemory usage[0m	
[0mCPU[0m	[0;36m8866.7001953125[0m	
[0mGPU[0m	[0m1174892544 / 5032706048[0m	
[0m: 41% done[0m	[0m00:43:51 left[0m	
[0m.:. Batch 32161 to 32220 on 72328 images[0m	
[0mMemory usage[0m	
[0mCPU[0m	[0;36m8878.4169921875[0m	
[0mGPU[0m	[0m1174892544 / 5032706048[0m	
[0m: 46% done[0m	[0m00:39:35 left[0m	
[0m.:. Batch 35761 to 35820 on 72328 images[0m	
[0mMemory usage[0m	
[0mCPU[0m	[0;36m8882.2294921875[0m	
[0mGPU[0m	[0m1174892544 / 5032706048[0m	
[0m: 51% done[0m	[0m00:35:27 left[0m	
[0m.:. Batch 39421 to 39480 on 72328 images[0m	
[0mMemory usage[0m	
[0mCPU[0m	[0;36m8951.3134765625[0m	
[0mGPU[0m	[0m1139634176 / 5032706048[0m	
[0m: 56% done[0m	[0m00:31:34 left[0m	
[0m.:. Batch 43021 to 43080 on 72328 images[0m	
[0mMemory usage[0m	
[0mCPU[0m	[0;36m8955.1748046875[0m	
[0mGPU[0m	[0m1139634176 / 5032706048[0m	
[0m: 61% done[0m	[0m00:27:49 left[0m	
[0m.:. Batch 46621 to 46680 on 72328 images[0m	
[0mMemory usage[0m	
[0mCPU[0m	[0;36m8958.431640625[0m	
[0mGPU[0m	[0m1139634176 / 5032706048[0m	
[0m: 66% done[0m	[0m00:24:08 left[0m	
[0m.:. Batch 50281 to 50340 on 72328 images[0m	
[0mMemory usage[0m	
[0mCPU[0m	[0;36m9027.83203125[0m	
[0mGPU[0m	[0m1104375808 / 5032706048[0m	
[0m: 71% done[0m	[0m00:20:27 left[0m	
[0m.:. Batch 53881 to 53940 on 72328 images[0m	
[0mMemory usage[0m	
[0mCPU[0m	[0;36m9031.189453125[0m	
[0mGPU[0m	[0m1104375808 / 5032706048[0m	
[0m: 76% done[0m	[0m00:16:54 left[0m	
[0m.:. Batch 57481 to 57540 on 72328 images[0m	
[0mMemory usage[0m	
[0mCPU[0m	[0;36m9034.7802734375[0m	
[0mGPU[0m	[0m1104375808 / 5032706048[0m	
[0m: 81% done[0m	[0m00:13:23 left[0m	
[0m.:. Batch 61141 to 61200 on 72328 images[0m	
[0mMemory usage[0m	
[0mCPU[0m	[0;36m9103.7080078125[0m	
[0mGPU[0m	[0m1068068864 / 5032706048[0m	
[0m: 86% done[0m	[0m00:09:52 left[0m	
[0m.:. Batch 64741 to 64800 on 72328 images[0m	
[0mMemory usage[0m	
[0mCPU[0m	[0;36m9123.6005859375[0m	
[0mGPU[0m	[0m1068068864 / 5032706048[0m	
[0m: 91% done[0m	[0m00:06:26 left[0m	
[0m.:. Batch 68341 to 68400 on 72328 images[0m	
[0mMemory usage[0m	
[0mCPU[0m	[0;36m9127.3173828125[0m	
[0mGPU[0m	[0m1068068864 / 5032706048[0m	
[0m: 96% done[0m	[0m00:03:01 left[0m	
[0m.:. Batch 71941 to 72000 on 72328 images[0m	
[0mMemory usage[0m	
[0mCPU[0m	[0;36m9131.2275390625[0m	
[0mGPU[0m	[0m1068068864 / 5032706048[0m	
[0m.:. End of Epoch n° 11[0m	
[0m: Real time to learn 1 batch = 00:00:03[0m	
[0m: Real time to learn full batch = 01:07:57[0m	
[0m# Confusion Matrix[0m	
[0m: average row correct: 0.91859270544206%[0m	
[0m: average rowUcol correct (VOC measure): 0.10190929140951%[0m	
[0m: > global correct: 0.92910076318991%[0m	
[0m# ... saving model to /home/cadene/doc/DeepRecipes/convnet/rslt/overfat+3+5e-3/model.t7[0m	
[0m[0m	
[0m# Epoch n° 12[0m	
[0m.:. Batch 1 to 60 on 72328 images[0m	
[0mMemory usage[0m	
[0mCPU[0m	[0;36m10053.302734375[0m	
[0mGPU[0m	[0m1562734592 / 5032706048[0m	
[0m: 1% done[0m	[0m01:08:07 left[0m	
[0m.:. Batch 3241 to 3300 on 72328 images[0m	
[0mMemory usage[0m	
[0mCPU[0m	[0;36m8704.931640625[0m	
[0mGPU[0m	[0m1245409280 / 5032706048[0m	
[0m: 6% done[0m	[0m01:00:45 left[0m	
[0m.:. Batch 6841 to 6900 on 72328 images[0m	
[0mMemory usage[0m	
[0mCPU[0m	[0;36m8709.8759765625[0m	
[0mGPU[0m	[0m1245409280 / 5032706048[0m	
[0m: 11% done[0m	[0m00:57:17 left[0m	
[0m.:. Batch 10441 to 10500 on 72328 images[0m	
[0mMemory usage[0m	
[0mCPU[0m	[0;36m8715.431640625[0m	
[0mGPU[0m	[0m1245409280 / 5032706048[0m	
[0m: 16% done[0m	[0m00:54:01 left[0m	
[0m.:. Batch 14101 to 14160 on 72328 images[0m	
[0mMemory usage[0m	
[0mCPU[0m	[0;36m8784.29296875[0m	
[0mGPU[0m	[0m1210150912 / 5032706048[0m	
[0m: 21% done[0m	[0m00:50:44 left[0m	
[0m.:. Batch 17701 to 17760 on 72328 images[0m	
[0mMemory usage[0m	
[0mCPU[0m	[0;36m8792.08984375[0m	
[0mGPU[0m	[0m1210150912 / 5032706048[0m	
[0m: 26% done[0m	[0m00:47:30 left[0m	
[0m.:. Batch 21301 to 21360 on 72328 images[0m	
[0mMemory usage[0m	
[0mCPU[0m	[0;36m8796.11328125[0m	
[0mGPU[0m	[0m1210150912 / 5032706048[0m	
[0m: 31% done[0m	[0m00:44:20 left[0m	
[0m.:. Batch 24961 to 25020 on 72328 images[0m	
[0mMemory usage[0m	
[0mCPU[0m	[0;36m8864.7763671875[0m	
[0mGPU[0m	[0m1174892544 / 5032706048[0m	
[0m: 36% done[0m	[0m00:41:07 left[0m	
[0m.:. Batch 28561 to 28620 on 72328 images[0m	
[0mMemory usage[0m	
[0mCPU[0m	[0;36m8868.107421875[0m	
[0mGPU[0m	[0m1174892544 / 5032706048[0m	
[0m: 41% done[0m	[0m00:37:56 left[0m	
[0m.:. Batch 32161 to 32220 on 72328 images[0m	
[0mMemory usage[0m	
[0mCPU[0m	[0;36m8880.4931640625[0m	
[0mGPU[0m	[0m1174892544 / 5032706048[0m	
[0m: 46% done[0m	[0m00:34:46 left[0m	
[0m.:. Batch 35761 to 35820 on 72328 images[0m	
[0mMemory usage[0m	
[0mCPU[0m	[0;36m8883.7197265625[0m	
[0mGPU[0m	[0m1174892544 / 5032706048[0m	
[0m: 51% done[0m	[0m00:31:32 left[0m	
[0m.:. Batch 39421 to 39480 on 72328 images[0m	
[0mMemory usage[0m	
[0mCPU[0m	[0;36m8952.87109375[0m	
[0mGPU[0m	[0m1139634176 / 5032706048[0m	
[0m: 56% done[0m	[0m00:28:22 left[0m	
[0m.:. Batch 43021 to 43080 on 72328 images[0m	
[0mMemory usage[0m	
[0mCPU[0m	[0;36m8956.4794921875[0m	
[0mGPU[0m	[0m1139634176 / 5032706048[0m	
[0m: 61% done[0m	[0m00:25:11 left[0m	
[0m.:. Batch 46621 to 46680 on 72328 images[0m	
[0mMemory usage[0m	
[0mCPU[0m	[0;36m8960.2197265625[0m	
[0mGPU[0m	[0m1139634176 / 5032706048[0m	
[0m: 66% done[0m	[0m00:22:00 left[0m	
[0m.:. Batch 50281 to 50340 on 72328 images[0m	
[0mMemory usage[0m	
[0mCPU[0m	[0;36m9028.916015625[0m	
[0mGPU[0m	[0m1104375808 / 5032706048[0m	
[0m: 71% done[0m	[0m00:18:47 left[0m	
[0m.:. Batch 53881 to 53940 on 72328 images[0m	
[0mMemory usage[0m	
[0mCPU[0m	[0;36m9032.7158203125[0m	
[0mGPU[0m	[0m1104375808 / 5032706048[0m	
[0m: 76% done[0m	[0m00:15:36 left[0m	
[0m.:. Batch 57481 to 57540 on 72328 images[0m	
[0mMemory usage[0m	
[0mCPU[0m	[0;36m9036.36328125[0m	
[0mGPU[0m	[0m1104375808 / 5032706048[0m	
[0m: 81% done[0m	[0m00:12:25 left[0m	
[0m.:. Batch 61141 to 61200 on 72328 images[0m	
[0mMemory usage[0m	
[0mCPU[0m	[0;36m9105.20703125[0m	
[0mGPU[0m	[0m1068068864 / 5032706048[0m	
[0m: 86% done[0m	[0m00:09:11 left[0m	
[0m.:. Batch 64741 to 64800 on 72328 images[0m	
[0mMemory usage[0m	
[0mCPU[0m	[0;36m9125.0400390625[0m	
[0mGPU[0m	[0m1068068864 / 5032706048[0m	
[0m: 91% done[0m	[0m00:06:00 left[0m	
[0m.:. Batch 68341 to 68400 on 72328 images[0m	
[0mMemory usage[0m	
[0mCPU[0m	[0;36m9128.8818359375[0m	
[0mGPU[0m	[0m1068068864 / 5032706048[0m	
[0m: 96% done[0m	[0m00:02:50 left[0m	
[0m.:. Batch 71941 to 72000 on 72328 images[0m	
[0mMemory usage[0m	
[0mCPU[0m	[0;36m9132.197265625[0m	
[0mGPU[0m	[0m1068068864 / 5032706048[0m	
[0m.:. End of Epoch n° 12[0m	
[0m: Real time to learn 1 batch = 00:00:03[0m	
[0m: Real time to learn full batch = 01:03:55[0m	
[0m# Confusion Matrix[0m	
[0m: average row correct: 0.99657061797945%[0m	
[0m: average rowUcol correct (VOC measure): 0.11126274971457%[0m	
[0m: > global correct: 1.0079084172105%[0m	
[0m# ... saving model to /home/cadene/doc/DeepRecipes/convnet/rslt/overfat+3+5e-3/model.t7[0m	
[0m[0m	
[0m# Epoch n° 13[0m	
[0m.:. Batch 1 to 60 on 72328 images[0m	
[0mMemory usage[0m	
[0mCPU[0m	[0;36m10050.294921875[0m	
[0mGPU[0m	[0m1562734592 / 5032706048[0m	
[0m: 1% done[0m	[0m01:09:34 left[0m	
[0m.:. Batch 3241 to 3300 on 72328 images[0m	
[0mMemory usage[0m	
[0mCPU[0m	[0;36m8704.9853515625[0m	
[0mGPU[0m	[0m1245409280 / 5032706048[0m	
[0m: 6% done[0m	[0m01:00:47 left[0m	
[0m.:. Batch 6841 to 6900 on 72328 images[0m	
[0mMemory usage[0m	
[0mCPU[0m	[0;36m8709.822265625[0m	
[0mGPU[0m	[0m1245409280 / 5032706048[0m	
[0m: 11% done[0m	[0m00:57:16 left[0m	
[0m.:. Batch 10441 to 10500 on 72328 images[0m	
[0mMemory usage[0m	
[0mCPU[0m	[0;36m8715.306640625[0m	
[0mGPU[0m	[0m1245409280 / 5032706048[0m	
[0m: 16% done[0m	[0m00:54:02 left[0m	
[0m.:. Batch 14101 to 14160 on 72328 images[0m	
[0mMemory usage[0m	
[0mCPU[0m	[0;36m8784.2080078125[0m	
[0mGPU[0m	[0m1210150912 / 5032706048[0m	
[0m: 21% done[0m	[0m00:50:45 left[0m	
[0m.:. Batch 17701 to 17760 on 72328 images[0m	
[0mMemory usage[0m	
[0mCPU[0m	[0;36m8792.337890625[0m	
[0mGPU[0m	[0m1210150912 / 5032706048[0m	
[0m: 26% done[0m	[0m00:47:35 left[0m	
[0m.:. Batch 21301 to 21360 on 72328 images[0m	
[0mMemory usage[0m	
[0mCPU[0m	[0;36m8795.732421875[0m	
[0mGPU[0m	[0m1210150912 / 5032706048[0m	
[0m: 31% done[0m	[0m00:44:23 left[0m	
[0m.:. Batch 24961 to 25020 on 72328 images[0m	
[0mMemory usage[0m	
[0mCPU[0m	[0;36m8864.9150390625[0m	
[0mGPU[0m	[0m1174892544 / 5032706048[0m	
[0m: 36% done[0m	[0m00:41:08 left[0m	
[0m.:. Batch 28561 to 28620 on 72328 images[0m	
[0mMemory usage[0m	
[0mCPU[0m	[0;36m8868.4287109375[0m	
[0mGPU[0m	[0m1174892544 / 5032706048[0m	
[0m: 41% done[0m	[0m00:37:57 left[0m	
[0m.:. Batch 32161 to 32220 on 72328 images[0m	
[0mMemory usage[0m	
[0mCPU[0m	[0;36m8880.1728515625[0m	
[0mGPU[0m	[0m1174892544 / 5032706048[0m	
[0m: 46% done[0m	[0m00:34:46 left[0m	
[0m.:. Batch 35761 to 35820 on 72328 images[0m	
[0mMemory usage[0m	
[0mCPU[0m	[0;36m8883.908203125[0m	
[0mGPU[0m	[0m1174892544 / 5032706048[0m	
[0m: 51% done[0m	[0m00:31:32 left[0m	
[0m.:. Batch 39421 to 39480 on 72328 images[0m	
[0mMemory usage[0m	
[0mCPU[0m	[0;36m8952.6025390625[0m	
[0mGPU[0m	[0m1139634176 / 5032706048[0m	
[0m: 56% done[0m	[0m00:28:21 left[0m	
[0m.:. Batch 43021 to 43080 on 72328 images[0m	
[0mMemory usage[0m	
[0mCPU[0m	[0;36m8955.892578125[0m	
[0mGPU[0m	[0m1139634176 / 5032706048[0m	
[0m: 61% done[0m	[0m00:25:10 left[0m	
[0m.:. Batch 46621 to 46680 on 72328 images[0m	
[0mMemory usage[0m	
[0mCPU[0m	[0;36m8960.59765625[0m	
[0mGPU[0m	[0m1139634176 / 5032706048[0m	
[0m: 66% done[0m	[0m00:21:59 left[0m	
[0m.:. Batch 50281 to 50340 on 72328 images[0m	
[0mMemory usage[0m	
[0mCPU[0m	[0;36m9029.0576171875[0m	
[0mGPU[0m	[0m1104375808 / 5032706048[0m	
[0m: 71% done[0m	[0m00:18:45 left[0m	
[0m.:. Batch 53881 to 53940 on 72328 images[0m	
[0mMemory usage[0m	
[0mCPU[0m	[0;36m9032.912109375[0m	
[0mGPU[0m	[0m1104375808 / 5032706048[0m	
[0m: 76% done[0m	[0m00:15:35 left[0m	
[0m.:. Batch 57481 to 57540 on 72328 images[0m	
[0mMemory usage[0m	
[0mCPU[0m	[0;36m9036.8017578125[0m	
[0mGPU[0m	[0m1104375808 / 5032706048[0m	
[0m: 81% done[0m	[0m00:12:24 left[0m	
[0m.:. Batch 61141 to 61200 on 72328 images[0m	
[0mMemory usage[0m	
[0mCPU[0m	[0;36m9105.3515625[0m	
[0mGPU[0m	[0m1068068864 / 5032706048[0m	
[0m: 86% done[0m	[0m00:09:10 left[0m	
[0m.:. Batch 64741 to 64800 on 72328 images[0m	
[0mMemory usage[0m	
[0mCPU[0m	[0;36m9125.1396484375[0m	
[0mGPU[0m	[0m1068068864 / 5032706048[0m	
[0m: 91% done[0m	[0m00:06:00 left[0m	
[0m.:. Batch 68341 to 68400 on 72328 images[0m	
[0mMemory usage[0m	
[0mCPU[0m	[0;36m9128.9599609375[0m	
[0mGPU[0m	[0m1068068864 / 5032706048[0m	
[0m: 96% done[0m	[0m00:02:49 left[0m	
[0m.:. Batch 71941 to 72000 on 72328 images[0m	
[0mMemory usage[0m	
[0mCPU[0m	[0;36m9132.5595703125[0m	
[0mGPU[0m	[0m1068068864 / 5032706048[0m	
[0m.:. End of Epoch n° 13[0m	
[0m: Real time to learn 1 batch = 00:00:03[0m	
[0m: Real time to learn full batch = 01:03:49[0m	
[0m# Confusion Matrix[0m	
[0m: average row correct: 0.98252378238162%[0m	
[0m: average rowUcol correct (VOC measure): 0.10524500071504%[0m	
[0m: > global correct: 0.99408251299635%[0m	
[0m# ... saving model to /home/cadene/doc/DeepRecipes/convnet/rslt/overfat+3+5e-3/model.t7[0m	
[0m[0m	
[0m# Epoch n° 14[0m	
[0m.:. Batch 1 to 60 on 72328 images[0m	
[0mMemory usage[0m	
[0mCPU[0m	[0;36m10050.294921875[0m	
[0mGPU[0m	[0m1562734592 / 5032706048[0m	
[0m: 1% done[0m	[0m01:16:35 left[0m	
[0m.:. Batch 3241 to 3300 on 72328 images[0m	
[0mMemory usage[0m	
[0mCPU[0m	[0;36m8704.9375[0m	
[0mGPU[0m	[0m1245409280 / 5032706048[0m	
[0m: 6% done[0m	[0m01:01:23 left[0m	
[0m.:. Batch 6841 to 6900 on 72328 images[0m	
[0mMemory usage[0m	
[0mCPU[0m	[0;36m8709.3974609375[0m	
[0mGPU[0m	[0m1245409280 / 5032706048[0m	
[0m: 11% done[0m	[0m00:57:36 left[0m	
[0m.:. Batch 10441 to 10500 on 72328 images[0m	
[0mMemory usage[0m	
[0mCPU[0m	[0;36m8715.8671875[0m	
[0mGPU[0m	[0m1245409280 / 5032706048[0m	
[0m: 16% done[0m	[0m00:54:14 left[0m	
[0m.:. Batch 14101 to 14160 on 72328 images[0m	
[0mMemory usage[0m	
[0mCPU[0m	[0;36m8784.544921875[0m	
[0mGPU[0m	[0m1210150912 / 5032706048[0m	
[0m: 21% done[0m	[0m00:50:55 left[0m	
[0m.:. Batch 17701 to 17760 on 72328 images[0m	
[0mMemory usage[0m	
[0mCPU[0m	[0;36m8792.2861328125[0m	
[0mGPU[0m	[0m1210150912 / 5032706048[0m	
[0m: 26% done[0m	[0m00:47:41 left[0m	
[0m.:. Batch 21301 to 21360 on 72328 images[0m	
[0mMemory usage[0m	
[0mCPU[0m	[0;36m8796.228515625[0m	
[0mGPU[0m	[0m1210150912 / 5032706048[0m	
[0m: 31% done[0m	[0m00:44:30 left[0m	
[0m.:. Batch 24961 to 25020 on 72328 images[0m	
[0mMemory usage[0m	
[0mCPU[0m	[0;36m8864.6240234375[0m	
[0mGPU[0m	[0m1174892544 / 5032706048[0m	
[0m: 36% done[0m	[0m00:41:14 left[0m	
[0m.:. Batch 28561 to 28620 on 72328 images[0m	
[0mMemory usage[0m	
[0mCPU[0m	[0;36m8868.3212890625[0m	
[0mGPU[0m	[0m1174892544 / 5032706048[0m	
[0m: 41% done[0m	[0m00:38:03 left[0m	
[0m.:. Batch 32161 to 32220 on 72328 images[0m	
[0mMemory usage[0m	
[0mCPU[0m	[0;36m8880.203125[0m	
[0mGPU[0m	[0m1174892544 / 5032706048[0m	
[0m: 46% done[0m	[0m00:34:51 left[0m	
[0m.:. Batch 35761 to 35820 on 72328 images[0m	
[0mMemory usage[0m	
[0mCPU[0m	[0;36m8883.6630859375[0m	
[0mGPU[0m	[0m1174892544 / 5032706048[0m	
[0m: 51% done[0m	[0m00:31:36 left[0m	
[0m.:. Batch 39421 to 39480 on 72328 images[0m	
[0mMemory usage[0m	
[0mCPU[0m	[0;36m8952.9091796875[0m	
[0mGPU[0m	[0m1139634176 / 5032706048[0m	
[0m: 56% done[0m	[0m00:28:25 left[0m	
[0m.:. Batch 43021 to 43080 on 72328 images[0m	
[0mMemory usage[0m	
[0mCPU[0m	[0;36m8956.392578125[0m	
[0mGPU[0m	[0m1139634176 / 5032706048[0m	
[0m: 61% done[0m	[0m00:25:13 left[0m	
[0m.:. Batch 46621 to 46680 on 72328 images[0m	
[0mMemory usage[0m	
[0mCPU[0m	[0;36m8960.3837890625[0m	
[0mGPU[0m	[0m1139634176 / 5032706048[0m	
[0m: 66% done[0m	[0m00:22:02 left[0m	
[0m.:. Batch 50281 to 50340 on 72328 images[0m	
[0mMemory usage[0m	
[0mCPU[0m	[0;36m9028.9140625[0m	
[0mGPU[0m	[0m1104375808 / 5032706048[0m	
[0m: 71% done[0m	[0m00:18:48 left[0m	
[0m.:. Batch 53881 to 53940 on 72328 images[0m	
[0mMemory usage[0m	
[0mCPU[0m	[0;36m9032.884765625[0m	
[0mGPU[0m	[0m1104375808 / 5032706048[0m	
[0m: 76% done[0m	[0m00:15:37 left[0m	
[0m.:. Batch 57481 to 57540 on 72328 images[0m	
[0mMemory usage[0m	
[0mCPU[0m	[0;36m9036.1494140625[0m	
[0mGPU[0m	[0m1104375808 / 5032706048[0m	
[0m: 81% done[0m	[0m00:12:26 left[0m	
[0m.:. Batch 61141 to 61200 on 72328 images[0m	
[0mMemory usage[0m	
[0mCPU[0m	[0;36m9105.1826171875[0m	
[0mGPU[0m	[0m1068068864 / 5032706048[0m	
[0m: 86% done[0m	[0m00:09:12 left[0m	
[0m.:. Batch 64741 to 64800 on 72328 images[0m	
[0mMemory usage[0m	
[0mCPU[0m	[0;36m9125.0576171875[0m	
[0mGPU[0m	[0m1068068864 / 5032706048[0m	
[0m: 91% done[0m	[0m00:06:01 left[0m	
[0m.:. Batch 68341 to 68400 on 72328 images[0m	
[0mMemory usage[0m	
[0mCPU[0m	[0;36m9129.40625[0m	
[0mGPU[0m	[0m1068068864 / 5032706048[0m	
[0m: 96% done[0m	[0m00:02:50 left[0m	
[0m.:. Batch 71941 to 72000 on 72328 images[0m	
[0mMemory usage[0m	
[0mCPU[0m	[0;36m9132.54296875[0m	
[0mGPU[0m	[0m1068068864 / 5032706048[0m	
[0m.:. End of Epoch n° 14[0m	
[0m: Real time to learn 1 batch = 00:00:03[0m	
[0m: Real time to learn full batch = 01:03:57[0m	
[0m# Confusion Matrix[0m	
[0m: average row correct: 1.020385865537%[0m	
[0m: average rowUcol correct (VOC measure): 0.11262062575096%[0m	
[0m: > global correct: 1.0327950447959%[0m	
[0m# ... saving model to /home/cadene/doc/DeepRecipes/convnet/rslt/overfat+3+5e-3/model.t7[0m	
[0m[0m	
[0m# Epoch n° 15[0m	
[0m.:. Batch 1 to 60 on 72328 images[0m	
[0mMemory usage[0m	
[0mCPU[0m	[0;36m10050.294921875[0m	
[0mGPU[0m	[0m1562734592 / 5032706048[0m	
[0m: 1% done[0m	[0m01:03:11 left[0m	
[0m.:. Batch 3241 to 3300 on 72328 images[0m	
[0mMemory usage[0m	
[0mCPU[0m	[0;36m8704.96484375[0m	
[0mGPU[0m	[0m1245409280 / 5032706048[0m	
[0m: 6% done[0m	[0m01:00:04 left[0m	
[0m.:. Batch 6841 to 6900 on 72328 images[0m	
[0mMemory usage[0m	
[0mCPU[0m	[0;36m8709.8408203125[0m	
[0mGPU[0m	[0m1245409280 / 5032706048[0m	
[0m: 11% done[0m	[0m00:56:59 left[0m	
[0m.:. Batch 10441 to 10500 on 72328 images[0m	
[0mMemory usage[0m	
[0mCPU[0m	[0;36m8715.5908203125[0m	
[0mGPU[0m	[0m1245409280 / 5032706048[0m	
[0m: 16% done[0m	[0m00:53:51 left[0m	
[0m.:. Batch 14101 to 14160 on 72328 images[0m	
[0mMemory usage[0m	
[0mCPU[0m	[0;36m8784.2841796875[0m	
[0mGPU[0m	[0m1210150912 / 5032706048[0m	
[0m: 21% done[0m	[0m00:50:38 left[0m	
[0m.:. Batch 17701 to 17760 on 72328 images[0m	
[0mMemory usage[0m	
[0mCPU[0m	[0;36m8791.916015625[0m	
[0mGPU[0m	[0m1210413056 / 5032706048[0m	
[0m: 26% done[0m	[0m00:47:27 left[0m	
[0m.:. Batch 21301 to 21360 on 72328 images[0m	
[0mMemory usage[0m	
[0mCPU[0m	[0;36m8795.78515625[0m	
[0mGPU[0m	[0m1210413056 / 5032706048[0m	
[0m: 31% done[0m	[0m00:44:18 left[0m	
[0m.:. Batch 24961 to 25020 on 72328 images[0m	
[0mMemory usage[0m	
[0mCPU[0m	[0;36m8864.759765625[0m	
[0mGPU[0m	[0m1175154688 / 5032706048[0m	
[0m: 36% done[0m	[0m00:41:05 left[0m	
[0m.:. Batch 28561 to 28620 on 72328 images[0m	
[0mMemory usage[0m	
[0mCPU[0m	[0;36m8868.318359375[0m	
[0mGPU[0m	[0m1175154688 / 5032706048[0m	
[0m: 41% done[0m	[0m00:37:54 left[0m	
[0m.:. Batch 32161 to 32220 on 72328 images[0m	
[0mMemory usage[0m	
[0mCPU[0m	[0;36m8880.0478515625[0m	
[0mGPU[0m	[0m1175154688 / 5032706048[0m	
[0m: 46% done[0m	[0m00:34:44 left[0m	
[0m.:. Batch 35761 to 35820 on 72328 images[0m	
[0mMemory usage[0m	
[0mCPU[0m	[0;36m8884.259765625[0m	
[0mGPU[0m	[0m1175154688 / 5032706048[0m	
[0m: 51% done[0m	[0m00:31:30 left[0m	
[0m.:. Batch 39421 to 39480 on 72328 images[0m	
[0mMemory usage[0m	
[0mCPU[0m	[0;36m8952.8310546875[0m	
[0mGPU[0m	[0m1139896320 / 5032706048[0m	
[0m: 56% done[0m	[0m00:28:20 left[0m	
[0m.:. Batch 43021 to 43080 on 72328 images[0m	
[0mMemory usage[0m	
[0mCPU[0m	[0;36m8956.5263671875[0m	
[0mGPU[0m	[0m1139896320 / 5032706048[0m	
[0m: 61% done[0m	[0m00:25:09 left[0m	
[0m.:. Batch 46621 to 46680 on 72328 images[0m	
[0mMemory usage[0m	
[0mCPU[0m	[0;36m8959.9287109375[0m	
[0mGPU[0m	[0m1139896320 / 5032706048[0m	
[0m: 66% done[0m	[0m00:21:59 left[0m	
[0m.:. Batch 50281 to 50340 on 72328 images[0m	
[0mMemory usage[0m	
[0mCPU[0m	[0;36m9028.84375[0m	
[0mGPU[0m	[0m1104637952 / 5032706048[0m	
[0m: 71% done[0m	[0m00:18:45 left[0m	
[0m.:. Batch 53881 to 53940 on 72328 images[0m	
[0mMemory usage[0m	
[0mCPU[0m	[0;36m9032.8271484375[0m	
[0mGPU[0m	[0m1104637952 / 5032706048[0m	
[0m: 76% done[0m	[0m00:15:35 left[0m	
[0m.:. Batch 57481 to 57540 on 72328 images[0m	
[0mMemory usage[0m	
[0mCPU[0m	[0;36m9036.4404296875[0m	
[0mGPU[0m	[0m1104637952 / 5032706048[0m	
[0m: 81% done[0m	[0m00:12:24 left[0m	
[0m.:. Batch 61141 to 61200 on 72328 images[0m	
[0mMemory usage[0m	
[0mCPU[0m	[0;36m9105.4072265625[0m	
[0mGPU[0m	[0m1068331008 / 5032706048[0m	
[0m: 86% done[0m	[0m00:09:10 left[0m	
[0m.:. Batch 64741 to 64800 on 72328 images[0m	
[0mMemory usage[0m	
[0mCPU[0m	[0;36m9125.30078125[0m	
[0mGPU[0m	[0m1068331008 / 5032706048[0m	
[0m: 91% done[0m	[0m00:06:00 left[0m	
[0m.:. Batch 68341 to 68400 on 72328 images[0m	
[0mMemory usage[0m	
[0mCPU[0m	[0;36m9129.0263671875[0m	
[0mGPU[0m	[0m1068331008 / 5032706048[0m	
[0m: 96% done[0m	[0m00:02:49 left[0m	
[0m.:. Batch 71941 to 72000 on 72328 images[0m	
[0mMemory usage[0m	
[0mCPU[0m	[0;36m9132.3935546875[0m	
[0mGPU[0m	[0m1068331008 / 5032706048[0m	
[0m.:. End of Epoch n° 15[0m	
[0m: Real time to learn 1 batch = 00:00:03[0m	
[0m: Real time to learn full batch = 01:03:50[0m	
[0m# Confusion Matrix[0m	
[0m: average row correct: 1.0189682693626%[0m	
[0m: average rowUcol correct (VOC measure): 0.11511147921296%[0m	
[0m: > global correct: 1.0300298639531%[0m	
[0m# ... saving model to /home/cadene/doc/DeepRecipes/convnet/rslt/overfat+3+5e-3/model.t7[0m	
[0m[0m	
[0m# Epoch n° 16[0m	
[0m.:. Batch 1 to 60 on 72328 images[0m	
[0mMemory usage[0m	
[0mCPU[0m	[0;36m10050.294921875[0m	
[0mGPU[0m	[0m1562996736 / 5032706048[0m	
[0m: 1% done[0m	[0m01:00:06 left[0m	
[0m.:. Batch 3241 to 3300 on 72328 images[0m	
[0mMemory usage[0m	
[0mCPU[0m	[0;36m8704.8134765625[0m	
[0mGPU[0m	[0m1245671424 / 5032706048[0m	
[0m: 6% done[0m	[0m01:00:05 left[0m	
[0m.:. Batch 6841 to 6900 on 72328 images[0m	
[0mMemory usage[0m	
[0mCPU[0m	[0;36m8709.865234375[0m	
[0mGPU[0m	[0m1245671424 / 5032706048[0m	
[0m: 11% done[0m	[0m00:57:00 left[0m	
[0m.:. Batch 10441 to 10500 on 72328 images[0m	
[0mMemory usage[0m	
[0mCPU[0m	[0;36m8715.869140625[0m	
[0mGPU[0m	[0m1245671424 / 5032706048[0m	
[0m: 16% done[0m	[0m00:53:54 left[0m	
[0m.:. Batch 14101 to 14160 on 72328 images[0m	
[0mMemory usage[0m	
[0mCPU[0m	[0;36m8784.248046875[0m	
[0mGPU[0m	[0m1210413056 / 5032706048[0m	
[0m: 21% done[0m	[0m00:50:41 left[0m	
[0m.:. Batch 17701 to 17760 on 72328 images[0m	
[0mMemory usage[0m	
[0mCPU[0m	[0;36m8792.0859375[0m	
[0mGPU[0m	[0m1210413056 / 5032706048[0m	
[0m: 26% done[0m	[0m00:47:31 left[0m	
[0m.:. Batch 21301 to 21360 on 72328 images[0m	
[0mMemory usage[0m	
[0mCPU[0m	[0;36m8795.8857421875[0m	
[0mGPU[0m	[0m1210413056 / 5032706048[0m	
[0m: 31% done[0m	[0m00:44:21 left[0m	
[0m.:. Batch 24961 to 25020 on 72328 images[0m	
[0mMemory usage[0m	
[0mCPU[0m	[0;36m8864.5869140625[0m	
[0mGPU[0m	[0m1175154688 / 5032706048[0m	
[0m: 36% done[0m	[0m00:41:07 left[0m	
[0m.:. Batch 28561 to 28620 on 72328 images[0m	
[0mMemory usage[0m	
[0mCPU[0m	[0;36m8868.169921875[0m	
[0mGPU[0m	[0m1175154688 / 5032706048[0m	
[0m: 41% done[0m	[0m00:37:57 left[0m	
[0m.:. Batch 32161 to 32220 on 72328 images[0m	
[0mMemory usage[0m	
[0mCPU[0m	[0;36m8880.2783203125[0m	
[0mGPU[0m	[0m1175154688 / 5032706048[0m	
[0m: 46% done[0m	[0m00:34:46 left[0m	
[0m.:. Batch 35761 to 35820 on 72328 images[0m	
[0mMemory usage[0m	
[0mCPU[0m	[0;36m8883.6669921875[0m	
[0mGPU[0m	[0m1175154688 / 5032706048[0m	
[0m: 51% done[0m	[0m00:31:33 left[0m	
[0m.:. Batch 39421 to 39480 on 72328 images[0m	
[0mMemory usage[0m	
[0mCPU[0m	[0;36m8952.8076171875[0m	
[0mGPU[0m	[0m1139896320 / 5032706048[0m	
[0m: 56% done[0m	[0m00:28:22 left[0m	
[0m.:. Batch 43021 to 43080 on 72328 images[0m	
[0mMemory usage[0m	
[0mCPU[0m	[0;36m8956.484375[0m	
[0mGPU[0m	[0m1139896320 / 5032706048[0m	
[0m: 61% done[0m	[0m00:25:11 left[0m	
[0m.:. Batch 46621 to 46680 on 72328 images[0m	
[0mMemory usage[0m	
[0mCPU[0m	[0;36m8960.6328125[0m	
[0mGPU[0m	[0m1139896320 / 5032706048[0m	
[0m: 66% done[0m	[0m00:22:00 left[0m	
[0m.:. Batch 50281 to 50340 on 72328 images[0m	
[0mMemory usage[0m	
[0mCPU[0m	[0;36m9028.9140625[0m	
[0mGPU[0m	[0m1104637952 / 5032706048[0m	
[0m: 71% done[0m	[0m00:18:46 left[0m	
[0m.:. Batch 53881 to 53940 on 72328 images[0m	
[0mMemory usage[0m	
[0mCPU[0m	[0;36m9032.7333984375[0m	
[0mGPU[0m	[0m1104637952 / 5032706048[0m	
[0m: 76% done[0m	[0m00:15:36 left[0m	
[0m.:. Batch 57481 to 57540 on 72328 images[0m	
[0mMemory usage[0m	
[0mCPU[0m	[0;36m9036.3232421875[0m	
[0mGPU[0m	[0m1104637952 / 5032706048[0m	
[0m: 81% done[0m	[0m00:12:25 left[0m	
[0m.:. Batch 61141 to 61200 on 72328 images[0m	
[0mMemory usage[0m	
[0mCPU[0m	[0;36m9105.560546875[0m	
[0mGPU[0m	[0m1068331008 / 5032706048[0m	
[0m: 86% done[0m	[0m00:09:11 left[0m	
[0m.:. Batch 64741 to 64800 on 72328 images[0m	
[0mMemory usage[0m	
[0mCPU[0m	[0;36m9125.30078125[0m	
[0mGPU[0m	[0m1068331008 / 5032706048[0m	
[0m: 91% done[0m	[0m00:06:00 left[0m	
[0m.:. Batch 68341 to 68400 on 72328 images[0m	
[0mMemory usage[0m	
[0mCPU[0m	[0;36m9128.94921875[0m	
[0mGPU[0m	[0m1068331008 / 5032706048[0m	
[0m: 96% done[0m	[0m00:02:49 left[0m	
[0m.:. Batch 71941 to 72000 on 72328 images[0m	
[0mMemory usage[0m	
[0mCPU[0m	[0;36m9132.7578125[0m	
[0mGPU[0m	[0m1068331008 / 5032706048[0m	
[0m.:. End of Epoch n° 16[0m	
[0m: Real time to learn 1 batch = 00:00:03[0m	
[0m: Real time to learn full batch = 01:03:53[0m	
[0m# Confusion Matrix[0m	
[0m: average row correct: 0.96096333190061%[0m	
[0m: average rowUcol correct (VOC measure): 0.10853550295428%[0m	
[0m: > global correct: 0.97057847583232%[0m	
[0m# ... saving model to /home/cadene/doc/DeepRecipes/convnet/rslt/overfat+3+5e-3/model.t7[0m	
[0m[0m	
[0m# Epoch n° 17[0m	
[0m.:. Batch 1 to 60 on 72328 images[0m	
[0mMemory usage[0m	
[0mCPU[0m	[0;36m10050.294921875[0m	
[0mGPU[0m	[0m1562996736 / 5032706048[0m	
[0m: 1% done[0m	[0m01:18:12 left[0m	
[0m.:. Batch 3241 to 3300 on 72328 images[0m	
[0mMemory usage[0m	
[0mCPU[0m	[0;36m8705.2080078125[0m	
[0mGPU[0m	[0m1245671424 / 5032706048[0m	
[0m: 6% done[0m	[0m01:01:34 left[0m	
[0m.:. Batch 6841 to 6900 on 72328 images[0m	
[0mMemory usage[0m	
[0mCPU[0m	[0;36m8709.4853515625[0m	
[0mGPU[0m	[0m1245671424 / 5032706048[0m	
[0m: 11% done[0m	[0m00:57:41 left[0m	
[0m.:. Batch 10441 to 10500 on 72328 images[0m	
[0mMemory usage[0m	
[0mCPU[0m	[0;36m8715.3212890625[0m	
[0mGPU[0m	[0m1245671424 / 5032706048[0m	
[0m: 16% done[0m	[0m00:54:13 left[0m	
[0m.:. Batch 14101 to 14160 on 72328 images[0m	
[0mMemory usage[0m	
[0mCPU[0m	[0;36m8784.4931640625[0m	
[0mGPU[0m	[0m1210413056 / 5032706048[0m	
[0m: 21% done[0m	[0m00:50:52 left[0m	
[0m.:. Batch 17701 to 17760 on 72328 images[0m	
[0mMemory usage[0m	
[0mCPU[0m	[0;36m8791.986328125[0m	
[0mGPU[0m	[0m1210413056 / 5032706048[0m	
[0m: 26% done[0m	[0m00:47:40 left[0m	
[0m.:. Batch 21301 to 21360 on 72328 images[0m	
[0mMemory usage[0m	
[0mCPU[0m	[0;36m8795.984375[0m	
[0mGPU[0m	[0m1210413056 / 5032706048[0m	
[0m: 31% done[0m	[0m00:44:28 left[0m	
[0m.:. Batch 24961 to 25020 on 72328 images[0m	
[0mMemory usage[0m	
[0mCPU[0m	[0;36m8865.0263671875[0m	
[0mGPU[0m	[0m1175154688 / 5032706048[0m	
[0m: 36% done[0m	[0m00:41:13 left[0m	
[0m.:. Batch 28561 to 28620 on 72328 images[0m	
[0mMemory usage[0m	
[0mCPU[0m	[0;36m8868.490234375[0m	
[0mGPU[0m	[0m1175154688 / 5032706048[0m	
[0m: 41% done[0m	[0m00:38:01 left[0m	
[0m.:. Batch 32161 to 32220 on 72328 images[0m	
[0mMemory usage[0m	
[0mCPU[0m	[0;36m8880.0537109375[0m	
[0mGPU[0m	[0m1175154688 / 5032706048[0m	
[0m: 46% done[0m	[0m00:34:50 left[0m	
[0m.:. Batch 35761 to 35820 on 72328 images[0m	
[0mMemory usage[0m	
[0mCPU[0m	[0;36m8883.9794921875[0m	
[0mGPU[0m	[0m1175154688 / 5032706048[0m	
[0m: 51% done[0m	[0m00:31:35 left[0m	
[0m.:. Batch 39421 to 39480 on 72328 images[0m	
[0mMemory usage[0m	
[0mCPU[0m	[0;36m8952.7158203125[0m	
[0mGPU[0m	[0m1139896320 / 5032706048[0m	
[0m: 56% done[0m	[0m00:28:24 left[0m	
[0m.:. Batch 43021 to 43080 on 72328 images[0m	
[0mMemory usage[0m	
[0mCPU[0m	[0;36m8956.6279296875[0m	
[0mGPU[0m	[0m1139896320 / 5032706048[0m	
[0m: 61% done[0m	[0m00:25:13 left[0m	
[0m.:. Batch 46621 to 46680 on 72328 images[0m	
[0mMemory usage[0m	
[0mCPU[0m	[0;36m8960.125[0m	
[0mGPU[0m	[0m1139896320 / 5032706048[0m	
[0m: 66% done[0m	[0m00:22:02 left[0m	
[0m.:. Batch 50281 to 50340 on 72328 images[0m	
[0mMemory usage[0m	
[0mCPU[0m	[0;36m9029.2548828125[0m	
[0mGPU[0m	[0m1104637952 / 5032706048[0m	
[0m: 71% done[0m	[0m00:18:48 left[0m	
[0m.:. Batch 53881 to 53940 on 72328 images[0m	
[0mMemory usage[0m	
[0mCPU[0m	[0;36m9033.05078125[0m	
[0mGPU[0m	[0m1104637952 / 5032706048[0m	
[0m: 76% done[0m	[0m00:15:36 left[0m	
[0m.:. Batch 57481 to 57540 on 72328 images[0m	
[0mMemory usage[0m	
[0mCPU[0m	[0;36m9036.556640625[0m	
[0mGPU[0m	[0m1104637952 / 5032706048[0m	
[0m: 81% done[0m	[0m00:12:26 left[0m	
[0m.:. Batch 61141 to 61200 on 72328 images[0m	
[0mMemory usage[0m	
[0mCPU[0m	[0;36m9105.298828125[0m	
[0mGPU[0m	[0m1068331008 / 5032706048[0m	
[0m: 86% done[0m	[0m00:09:11 left[0m	
[0m.:. Batch 64741 to 64800 on 72328 images[0m	
[0mMemory usage[0m	
[0mCPU[0m	[0;36m9124.9345703125[0m	
[0mGPU[0m	[0m1068331008 / 5032706048[0m	
[0m: 91% done[0m	[0m00:06:01 left[0m	
[0m.:. Batch 68341 to 68400 on 72328 images[0m	
[0mMemory usage[0m	
[0mCPU[0m	[0;36m9128.35546875[0m	
[0mGPU[0m	[0m1068331008 / 5032706048[0m	
[0m: 96% done[0m	[0m00:02:50 left[0m	
[0m.:. Batch 71941 to 72000 on 72328 images[0m	
[0mMemory usage[0m	
[0mCPU[0m	[0;36m9132.591796875[0m	
[0mGPU[0m	[0m1068331008 / 5032706048[0m	
[0m.:. End of Epoch n° 17[0m	
[0m: Real time to learn 1 batch = 00:00:03[0m	
[0m: Real time to learn full batch = 01:03:58[0m	
[0m# Confusion Matrix[0m	
[0m: average row correct: 1.0091333099097%[0m	
[0m: average rowUcol correct (VOC measure): 0.10949518545392%[0m	
[0m: > global correct: 1.0189691405818%[0m	
[0m# ... saving model to /home/cadene/doc/DeepRecipes/convnet/rslt/overfat+3+5e-3/model.t7[0m	
[0m[0m	
[0m# Epoch n° 18[0m	
[0m.:. Batch 1 to 60 on 72328 images[0m	
[0mMemory usage[0m	
[0mCPU[0m	[0;36m10050.419921875[0m	
[0mGPU[0m	[0m1562996736 / 5032706048[0m	
[0m: 1% done[0m	[0m00:58:36 left[0m	
