[0m# ... lunching using pid = 29167[0m	
[0m# ... switching to CUDA[0m	
[0m# ... loading Dataset[0m	
[0m# ...reloading previously trained model[0m	
[0m# Model[0m	
nn.Sequential {
  [input -> (1) -> (2) -> (3) -> (4) -> (5) -> (6) -> (7) -> (8) -> (9) -> (10) -> (11) -> (12) -> (13) -> (14) -> (15) -> (16) -> (17) -> (18) -> (19) -> (20) -> (21) -> (22) -> (23) -> (24) -> output]
  (1): nn.SpatialConvolutionMM(in: 3, out: 8, kW: 3, kH: 3, padding: 1)
  (2): nn.ReLU
  (3): nn.SpatialConvolutionMM(in: 8, out: 8, kW: 3, kH: 3, padding: 1)
  (4): nn.ReLU
  (5): nn.SpatialMaxPooling(kW: 2, kH: 2, dW: 2, dH: 2)
  (6): nn.SpatialConvolutionMM(in: 8, out: 16, kW: 3, kH: 3, padding: 1)
  (7): nn.ReLU
  (8): nn.SpatialConvolutionMM(in: 16, out: 16, kW: 3, kH: 3, padding: 1)
  (9): nn.ReLU
  (10): nn.SpatialMaxPooling(kW: 2, kH: 2, dW: 2, dH: 2)
  (11): nn.SpatialConvolutionMM(in: 16, out: 32, kW: 3, kH: 3, padding: 1)
  (12): nn.ReLU
  (13): nn.SpatialConvolutionMM(in: 32, out: 32, kW: 3, kH: 3, padding: 1)
  (14): nn.ReLU
  (15): nn.SpatialMaxPooling(kW: 3, kH: 3, dW: 3, dH: 3)
  (16): nn.Reshape(10368)
  (17): nn.Linear(10368 -> 2048)
  (18): nn.ReLU
  (19): nn.Dropout(0.500000)
  (20): nn.Linear(2048 -> 1024)
  (21): nn.ReLU
  (22): nn.Dropout(0.500000)
  (23): nn.Linear(1024 -> 101)
  (24): nn.LogSoftMax
}
[0mNumber of parameters 23455597[0m	
[0m# Criterion[0m	
nn.ClassNLLCriterion
[0m# ... building optimizer[0m	
[0m# ...reloading previously trained optimfunc.state[0m	
[0m# Optimizer[0m	
{
  name : [1;30m"[0m[0;32mSGD[0m[1;30m"[0m
  method : [0;35mfunction: 0x4150ca70[0m
  config : 
    {
      learningRateDecay : [0;36m0[0m
      learningRate : [0;36m0.09[0m
      weightDecay : [0;36m1e-05[0m
      momentum : [0;36m0.9[0m
    }
  state : 
    {
      evalCounter : [0;36m0[0m
    }
}
[0m
# ... test model[0m	
[0m: 0% done [0m	[0m00:03:01 left[0m	
[0m: 5% done [0m	[0m00:02:00 left[0m	
[0m: 10% done [0m	[0m00:01:56 left[0m	
[0m: 15% done [0m	[0m00:01:49 left[0m	
[0m: 20% done [0m	[0m00:01:43 left[0m	
[0m: 25% done [0m	[0m00:01:37 left[0m	
[0m: 30% done [0m	[0m00:01:30 left[0m	
[0m: 35% done [0m	[0m00:01:23 left[0m	
[0m: 40% done [0m	[0m00:01:16 left[0m	
[0m: 45% done [0m	[0m00:01:10 left[0m	
[0m: 50% done [0m	[0m00:01:04 left[0m	
[0m: 55% done [0m	[0m00:00:58 left[0m	
[0m: 60% done [0m	[0m00:00:52 left[0m	
[0m: 65% done [0m	[0m00:00:45 left[0m	
[0m: 70% done [0m	[0m00:00:39 left[0m	
[0m: 75% done [0m	[0m00:00:33 left[0m	
[0m: 80% done [0m	[0m00:00:26 left[0m	
[0m: 85% done [0m	[0m00:00:20 left[0m	
[0m: 90% done [0m	[0m00:00:13 left[0m	
[0m: 95% done [0m	[0m00:00:07 left[0m	
[0m: 100% done [0m	[0m00:00:00 left[0m	
[0m: Time to test all samples = 00:02:12[0m	
[0m# Confusion Matrix[0m	
[0m: average row correct: 0.99009900990099%[0m	
[0m: average rowUcol correct (VOC measure): 0.010360676869012%[0m	
[0m: > global correct: 1.0464283747315%[0m	
[0m
#####################[0m	
[0m# Epoch n° 1[0m	
[0m
# ... train model[0m	
[0m.:. Batch 1 to 128 on 72328 images[0m	
[0m: 1% done[0m	[0m00:22:33 left[0m	
[0m.:. Batch 3201 to 3328 on 72328 images[0m	
[0m: 6% done[0m	[0m00:21:28 left[0m	
[0m.:. Batch 6785 to 6912 on 72328 images[0m	
[0m: 11% done[0m	[0m00:20:33 left[0m	
[0m.:. Batch 10497 to 10624 on 72328 images[0m	
[0m: 16% done[0m	[0m00:19:27 left[0m	
[0m.:. Batch 14081 to 14208 on 72328 images[0m	
[0m: 21% done[0m	[0m00:18:11 left[0m	
[0m.:. Batch 17665 to 17792 on 72328 images[0m	
[0m: 26% done[0m	[0m00:16:59 left[0m	
[0m.:. Batch 21249 to 21376 on 72328 images[0m	
[0m: 31% done[0m	[0m00:15:47 left[0m	
[0m.:. Batch 24961 to 25088 on 72328 images[0m	
[0m: 36% done[0m	[0m00:14:37 left[0m	
[0m.:. Batch 28545 to 28672 on 72328 images[0m	
[0m: 41% done[0m	[0m00:13:26 left[0m	
[0m.:. Batch 32129 to 32256 on 72328 images[0m	
[0m: 46% done[0m	[0m00:12:17 left[0m	
[0m.:. Batch 35841 to 35968 on 72328 images[0m	
[0m: 51% done[0m	[0m00:11:10 left[0m	
[0m.:. Batch 39425 to 39552 on 72328 images[0m	
[0m: 56% done[0m	[0m00:10:02 left[0m	
[0m.:. Batch 43009 to 43136 on 72328 images[0m	
[0m: 61% done[0m	[0m00:08:55 left[0m	
[0m.:. Batch 46721 to 46848 on 72328 images[0m	
[0m: 66% done[0m	[0m00:07:47 left[0m	
[0m.:. Batch 50305 to 50432 on 72328 images[0m	
[0m: 71% done[0m	[0m00:06:37 left[0m	
[0m.:. Batch 53889 to 54016 on 72328 images[0m	
[0m: 76% done[0m	[0m00:05:29 left[0m	
[0m.:. Batch 57473 to 57600 on 72328 images[0m	
[0m: 81% done[0m	[0m00:04:22 left[0m	
[0m.:. Batch 61185 to 61312 on 72328 images[0m	
[0m: 86% done[0m	[0m00:03:14 left[0m	
[0m.:. Batch 64769 to 64896 on 72328 images[0m	
[0m: 91% done[0m	[0m00:02:05 left[0m	
[0m.:. Batch 68353 to 68480 on 72328 images[0m	
[0m: 96% done[0m	[0m00:00:57 left[0m	
[0m.:. Batch 72065 to 72192 on 72328 images[0m	
[0m.:. End of Epoch n° 1[0m	
[0m: Real time to learn 1 batch = 00:00:02[0m	
[0m: Real time to learn full batch = 00:22:36[0m	
[0m# Confusion Matrix[0m	
[0m: average row correct: 0.9451981419513%[0m	
[0m: average rowUcol correct (VOC measure): 0.10596909237528%[0m	
[0m: > global correct: 0.98716956088928%[0m	
[0m
# ... test model[0m	
[0m: 0% done [0m	[0m00:03:09 left[0m	
[0m: 5% done [0m	[0m00:02:08 left[0m	
[0m: 10% done [0m	[0m00:02:04 left[0m	
[0m: 15% done [0m	[0m00:01:59 left[0m	
[0m: 20% done [0m	[0m00:01:55 left[0m	
[0m: 25% done [0m	[0m00:01:48 left[0m	
[0m: 30% done [0m	[0m00:01:41 left[0m	
[0m: 35% done [0m	[0m00:01:35 left[0m	
[0m: 40% done [0m	[0m00:01:27 left[0m	
[0m: 45% done [0m	[0m00:01:20 left[0m	
[0m: 50% done [0m	[0m00:01:13 left[0m	
[0m: 55% done [0m	[0m00:01:06 left[0m	
[0m: 60% done [0m	[0m00:00:59 left[0m	
[0m: 65% done [0m	[0m00:00:52 left[0m	
[0m: 70% done [0m	[0m00:00:44 left[0m	
[0m: 75% done [0m	[0m00:00:37 left[0m	
[0m: 80% done [0m	[0m00:00:30 left[0m	
[0m: 85% done [0m	[0m00:00:22 left[0m	
[0m: 90% done [0m	[0m00:00:15 left[0m	
[0m: 95% done [0m	[0m00:00:08 left[0m	
[0m: 100% done [0m	[0m00:00:00 left[0m	
[0m: Time to test all samples = 00:02:27[0m	
[0m# Confusion Matrix[0m	
[0m: average row correct: 0.99009900990099%[0m	
[0m: average rowUcol correct (VOC measure): 0.010360676869012%[0m	
[0m: > global correct: 1.0464283747315%[0m	
[0m# ... saving model to ./medium-1/model.net[0m	
[0m: tac = 2.5213429927826 sec[0m	
[0m
#####################[0m	
[0m# Epoch n° 2[0m	
[0m
# ... train model[0m	
[0m.:. Batch 1 to 128 on 72328 images[0m	
[0m: 1% done[0m	[0m00:22:47 left[0m	
[0m.:. Batch 3201 to 3328 on 72328 images[0m	
[0m: 6% done[0m	[0m00:21:12 left[0m	
[0m.:. Batch 6785 to 6912 on 72328 images[0m	
[0m: 11% done[0m	[0m00:20:04 left[0m	
[0m.:. Batch 10497 to 10624 on 72328 images[0m	
[0m: 16% done[0m	[0m00:18:55 left[0m	
[0m.:. Batch 14081 to 14208 on 72328 images[0m	
[0m: 21% done[0m	[0m00:17:46 left[0m	
[0m.:. Batch 17665 to 17792 on 72328 images[0m	
[0m: 26% done[0m	[0m00:16:46 left[0m	
[0m.:. Batch 21249 to 21376 on 72328 images[0m	
[0m: 31% done[0m	[0m00:15:41 left[0m	
[0m.:. Batch 24961 to 25088 on 72328 images[0m	
[0m: 36% done[0m	[0m00:14:33 left[0m	
[0m.:. Batch 28545 to 28672 on 72328 images[0m	
[0m: 41% done[0m	[0m00:13:23 left[0m	
[0m.:. Batch 32129 to 32256 on 72328 images[0m	
[0m: 46% done[0m	[0m00:12:16 left[0m	
[0m.:. Batch 35841 to 35968 on 72328 images[0m	
[0m: 51% done[0m	[0m00:11:09 left[0m	
[0m.:. Batch 39425 to 39552 on 72328 images[0m	
[0m: 56% done[0m	[0m00:10:01 left[0m	
[0m.:. Batch 43009 to 43136 on 72328 images[0m	
[0m: 61% done[0m	[0m00:08:54 left[0m	
[0m.:. Batch 46721 to 46848 on 72328 images[0m	
[0m: 66% done[0m	[0m00:07:47 left[0m	
[0m.:. Batch 50305 to 50432 on 72328 images[0m	
[0m: 71% done[0m	[0m00:06:36 left[0m	
[0m.:. Batch 53889 to 54016 on 72328 images[0m	
[0m: 76% done[0m	[0m00:05:29 left[0m	
[0m.:. Batch 57473 to 57600 on 72328 images[0m	
[0m: 81% done[0m	[0m00:04:21 left[0m	
[0m.:. Batch 61185 to 61312 on 72328 images[0m	
[0m: 86% done[0m	[0m00:03:14 left[0m	
[0m.:. Batch 64769 to 64896 on 72328 images[0m	
[0m: 91% done[0m	[0m00:02:04 left[0m	
[0m.:. Batch 68353 to 68480 on 72328 images[0m	
[0m: 96% done[0m	[0m00:00:57 left[0m	
[0m.:. Batch 72065 to 72192 on 72328 images[0m	
[0m.:. End of Epoch n° 2[0m	
[0m: Real time to learn 1 batch = 00:00:02[0m	
[0m: Real time to learn full batch = 00:22:32[0m	
[0m# Confusion Matrix[0m	
[0m: average row correct: 0.97237698212819%[0m	
[0m: average rowUcol correct (VOC measure): 0.12024331660388%[0m	
[0m: > global correct: 1.0217343214246%[0m	
[0m
# ... test model[0m	
[0m: 0% done [0m	[0m00:03:01 left[0m	
[0m: 5% done [0m	[0m00:01:53 left[0m	
[0m: 10% done [0m	[0m00:01:52 left[0m	
[0m: 15% done [0m	[0m00:01:48 left[0m	
[0m: 20% done [0m	[0m00:01:43 left[0m	
[0m: 25% done [0m	[0m00:01:37 left[0m	
[0m: 30% done [0m	[0m00:01:31 left[0m	
[0m: 35% done [0m	[0m00:01:25 left[0m	
[0m: 40% done [0m	[0m00:01:18 left[0m	
[0m: 45% done [0m	[0m00:01:12 left[0m	
[0m: 50% done [0m	[0m00:01:06 left[0m	
[0m: 55% done [0m	[0m00:00:59 left[0m	
[0m: 60% done [0m	[0m00:00:53 left[0m	
[0m: 65% done [0m	[0m00:00:46 left[0m	
[0m: 70% done [0m	[0m00:00:40 left[0m	
[0m: 75% done [0m	[0m00:00:33 left[0m	
[0m: 80% done [0m	[0m00:00:26 left[0m	
[0m: 85% done [0m	[0m00:00:20 left[0m	
[0m: 90% done [0m	[0m00:00:13 left[0m	
[0m: 95% done [0m	[0m00:00:07 left[0m	
[0m: 100% done [0m	[0m00:00:00 left[0m	
[0m: Time to test all samples = 00:02:12[0m	
[0m# Confusion Matrix[0m	
[0m: average row correct: 0.99009900990099%[0m	
[0m: average rowUcol correct (VOC measure): 0.010306147471218%[0m	
[0m: > global correct: 1.0409208569698%[0m	
[0m# ... saving model to ./medium-1/model.net[0m	
[0m: tac = 2.5832829475403 sec[0m	
[0m
#####################[0m	
[0m# Epoch n° 3[0m	
[0m
# ... train model[0m	
[0m.:. Batch 1 to 128 on 72328 images[0m	
[0m: 1% done[0m	[0m00:22:15 left[0m	
[0m.:. Batch 3201 to 3328 on 72328 images[0m	
[0m: 6% done[0m	[0m00:21:06 left[0m	
[0m.:. Batch 6785 to 6912 on 72328 images[0m	
[0m: 11% done[0m	[0m00:20:01 left[0m	
[0m.:. Batch 10497 to 10624 on 72328 images[0m	
[0m: 16% done[0m	[0m00:19:00 left[0m	
[0m.:. Batch 14081 to 14208 on 72328 images[0m	
[0m: 21% done[0m	[0m00:17:59 left[0m	
[0m.:. Batch 17665 to 17792 on 72328 images[0m	
[0m: 26% done[0m	[0m00:16:52 left[0m	
[0m.:. Batch 21249 to 21376 on 72328 images[0m	
[0m: 31% done[0m	[0m00:15:45 left[0m	
[0m.:. Batch 24961 to 25088 on 72328 images[0m	
[0m: 36% done[0m	[0m00:14:37 left[0m	
[0m.:. Batch 28545 to 28672 on 72328 images[0m	
[0m: 41% done[0m	[0m00:13:26 left[0m	
[0m.:. Batch 32129 to 32256 on 72328 images[0m	
[0m: 46% done[0m	[0m00:12:17 left[0m	
[0m.:. Batch 35841 to 35968 on 72328 images[0m	
[0m: 51% done[0m	[0m00:11:10 left[0m	
[0m.:. Batch 39425 to 39552 on 72328 images[0m	
[0m: 56% done[0m	[0m00:10:00 left[0m	
[0m.:. Batch 43009 to 43136 on 72328 images[0m	
[0m: 61% done[0m	[0m00:08:58 left[0m	
[0m.:. Batch 46721 to 46848 on 72328 images[0m	
[0m: 66% done[0m	[0m00:07:49 left[0m	
[0m.:. Batch 50305 to 50432 on 72328 images[0m	
[0m: 71% done[0m	[0m00:06:38 left[0m	
[0m.:. Batch 53889 to 54016 on 72328 images[0m	
[0m: 76% done[0m	[0m00:05:30 left[0m	
[0m.:. Batch 57473 to 57600 on 72328 images[0m	
[0m: 81% done[0m	[0m00:04:22 left[0m	
[0m.:. Batch 61185 to 61312 on 72328 images[0m	
[0m: 86% done[0m	[0m00:03:15 left[0m	
[0m.:. Batch 64769 to 64896 on 72328 images[0m	
[0m: 91% done[0m	[0m00:02:05 left[0m	
[0m.:. Batch 68353 to 68480 on 72328 images[0m	
[0m: 96% done[0m	[0m00:00:57 left[0m	
[0m.:. Batch 72065 to 72192 on 72328 images[0m	
[0m.:. End of Epoch n° 3[0m	
[0m: Real time to learn 1 batch = 00:00:02[0m	
[0m: Real time to learn full batch = 00:22:38[0m	
[0m# Confusion Matrix[0m	
[0m: average row correct: 1.2087243157301%[0m	
[0m: average rowUcol correct (VOC measure): 0.19822284996528%[0m	
[0m: > global correct: 1.2540095122221%[0m	
[0m
# ... test model[0m	
[0m: 0% done [0m	[0m00:03:14 left[0m	
[0m: 5% done [0m	[0m00:01:54 left[0m	
[0m: 10% done [0m	[0m00:01:53 left[0m	
[0m: 15% done [0m	[0m00:01:49 left[0m	
[0m: 20% done [0m	[0m00:01:43 left[0m	
[0m: 25% done [0m	[0m00:01:37 left[0m	
[0m: 30% done [0m	[0m00:01:31 left[0m	
[0m: 35% done [0m	[0m00:01:25 left[0m	
[0m: 40% done [0m	[0m00:01:19 left[0m	
[0m: 45% done [0m	[0m00:01:12 left[0m	
[0m: 50% done [0m	[0m00:01:06 left[0m	
[0m: 55% done [0m	[0m00:00:59 left[0m	
[0m: 60% done [0m	[0m00:00:53 left[0m	
[0m: 65% done [0m	[0m00:00:46 left[0m	
[0m: 70% done [0m	[0m00:00:40 left[0m	
[0m: 75% done [0m	[0m00:00:34 left[0m	
[0m: 80% done [0m	[0m00:00:27 left[0m	
[0m: 85% done [0m	[0m00:00:21 left[0m	
[0m: 90% done [0m	[0m00:00:14 left[0m	
[0m: 95% done [0m	[0m00:00:07 left[0m	
[0m: 100% done [0m	[0m00:00:00 left[0m	
[0m: Time to test all samples = 00:02:20[0m	
[0m# Confusion Matrix[0m	
[0m: average row correct: 1.9143980715682%[0m	
[0m: average rowUcol correct (VOC measure): 0.15118605996676%[0m	
[0m: > global correct: 1.9882139119899%[0m	
[0m# ... saving model to ./medium-1/model.net[0m	
[0m: tac = 2.9286940097809 sec[0m	
[0m
#####################[0m	
[0m# Epoch n° 4[0m	
[0m
# ... train model[0m	
[0m.:. Batch 1 to 128 on 72328 images[0m	
[0m: 1% done[0m	[0m00:23:10 left[0m	
[0m.:. Batch 3201 to 3328 on 72328 images[0m	
[0m: 6% done[0m	[0m00:21:37 left[0m	
[0m.:. Batch 6785 to 6912 on 72328 images[0m	
[0m: 11% done[0m	[0m00:20:29 left[0m	
[0m.:. Batch 10497 to 10624 on 72328 images[0m	
[0m: 16% done[0m	[0m00:19:13 left[0m	
[0m.:. Batch 14081 to 14208 on 72328 images[0m	
[0m: 21% done[0m	[0m00:17:59 left[0m	
[0m.:. Batch 17665 to 17792 on 72328 images[0m	
[0m: 26% done[0m	[0m00:16:50 left[0m	
[0m.:. Batch 21249 to 21376 on 72328 images[0m	
[0m: 31% done[0m	[0m00:15:46 left[0m	
[0m.:. Batch 24961 to 25088 on 72328 images[0m	
[0m: 36% done[0m	[0m00:14:39 left[0m	
[0m.:. Batch 28545 to 28672 on 72328 images[0m	
[0m: 41% done[0m	[0m00:13:29 left[0m	
[0m.:. Batch 32129 to 32256 on 72328 images[0m	
[0m: 46% done[0m	[0m00:12:31 left[0m	
[0m.:. Batch 35841 to 35968 on 72328 images[0m	
[0m: 51% done[0m	[0m00:11:21 left[0m	
[0m.:. Batch 39425 to 39552 on 72328 images[0m	
[0m: 56% done[0m	[0m00:10:09 left[0m	
[0m.:. Batch 43009 to 43136 on 72328 images[0m	
[0m: 61% done[0m	[0m00:08:59 left[0m	
[0m.:. Batch 46721 to 46848 on 72328 images[0m	
[0m: 66% done[0m	[0m00:07:50 left[0m	
[0m.:. Batch 50305 to 50432 on 72328 images[0m	
[0m: 71% done[0m	[0m00:06:39 left[0m	
[0m.:. Batch 53889 to 54016 on 72328 images[0m	
[0m: 76% done[0m	[0m00:05:31 left[0m	
[0m.:. Batch 57473 to 57600 on 72328 images[0m	
[0m: 81% done[0m	[0m00:04:23 left[0m	
[0m.:. Batch 61185 to 61312 on 72328 images[0m	
[0m: 86% done[0m	[0m00:03:15 left[0m	
[0m.:. Batch 64769 to 64896 on 72328 images[0m	
[0m: 91% done[0m	[0m00:02:05 left[0m	
[0m.:. Batch 68353 to 68480 on 72328 images[0m	
[0m: 96% done[0m	[0m00:00:57 left[0m	
[0m.:. Batch 72065 to 72192 on 72328 images[0m	
[0m.:. End of Epoch n° 4[0m	
[0m: Real time to learn 1 batch = 00:00:02[0m	
[0m: Real time to learn full batch = 00:22:41[0m	
[0m# Confusion Matrix[0m	
[0m: average row correct: 2.1620605606586%[0m	
[0m: average rowUcol correct (VOC measure): 0.6931771093168%[0m	
[0m: > global correct: 2.1886406370977%[0m	
[0m
# ... test model[0m	
[0m: 0% done [0m	[0m00:33:39 left[0m	
[0m: 5% done [0m	[0m00:02:06 left[0m	
[0m: 10% done [0m	[0m00:02:05 left[0m	
[0m: 15% done [0m	[0m00:01:59 left[0m	
[0m: 20% done [0m	[0m00:01:53 left[0m	
[0m: 25% done [0m	[0m00:01:49 left[0m	
[0m: 30% done [0m	[0m00:01:43 left[0m	
[0m: 35% done [0m	[0m00:01:35 left[0m	
[0m: 40% done [0m	[0m00:01:28 left[0m	
[0m: 45% done [0m	[0m00:01:21 left[0m	
[0m: 50% done [0m	[0m00:01:14 left[0m	
[0m: 55% done [0m	[0m00:01:07 left[0m	
[0m: 60% done [0m	[0m00:00:59 left[0m	
[0m: 65% done [0m	[0m00:00:52 left[0m	
[0m: 70% done [0m	[0m00:00:45 left[0m	
[0m: 75% done [0m	[0m00:00:37 left[0m	
[0m: 80% done [0m	[0m00:00:30 left[0m	
[0m: 85% done [0m	[0m00:00:22 left[0m	
[0m: 90% done [0m	[0m00:00:15 left[0m	
[0m: 95% done [0m	[0m00:00:08 left[0m	
[0m: 100% done [0m	[0m00:00:00 left[0m	
[0m: Time to test all samples = 00:02:27[0m	
[0m# Confusion Matrix[0m	
[0m: average row correct: 2.4616235641228%[0m	
[0m: average rowUcol correct (VOC measure): 0.3971722744645%[0m	
[0m: > global correct: 2.4949055460704%[0m	
[0m# ... saving model to ./medium-1/model.net[0m	
