% mean class accuracy (train set)	
 9.8717e-01	
 1.0217e+00	
 1.2540e+00	
 2.1886e+00	
 3.0099e+00	
 4.0220e+00	
 5.3810e+00	
 6.8106e+00	
 8.6163e+00	
 1.1028e+01	
 1.3797e+01	
 1.8281e+01	
 2.4487e+01	
 3.2434e+01	
 4.1862e+01	
 5.1687e+01	
 6.1800e+01	
 6.8350e+01	
 7.4260e+01	
 7.8299e+01	
 8.2366e+01	
 8.4710e+01	
 8.6611e+01	
 8.8511e+01	
 9.0150e+01	
 9.1205e+01	
 9.2126e+01	
 9.2433e+01	
 9.3329e+01	
 9.3599e+01	
 9.4266e+01	
 9.4739e+01	
 9.4613e+01	
 9.5131e+01	
 9.5498e+01	
 9.5337e+01	
 9.5775e+01	
 9.6075e+01	
 9.6219e+01	
 9.6485e+01	
 9.6437e+01	
 9.6715e+01	
 9.6784e+01	
 9.7041e+01	
 9.7123e+01	
 9.7197e+01	
 9.7092e+01	
 9.6964e+01	
 9.7243e+01	
 9.7481e+01	
 9.7402e+01	
 9.7585e+01	
 9.7756e+01	
 9.7683e+01	
 9.7767e+01	
 9.7839e+01	
 9.7863e+01	
 9.8031e+01	
 9.8063e+01	
 9.8069e+01	
 9.8024e+01	
 9.8037e+01	
