[0m# ... lunching using pid = 11284[0m	
[0m# ... switching to CUDA[0m	
[0m# ... loading Dataset[0m	
[0m# ...reloading previously trained model[0m	
[0m# Model[0m	
nn.Sequential {
  [input -> (1) -> (2) -> (3) -> (4) -> (5) -> (6) -> (7) -> (8) -> (9) -> (10) -> (11) -> (12) -> (13) -> (14) -> (15) -> (16) -> (17) -> (18) -> (19) -> (20) -> (21) -> (22) -> (23) -> (24) -> (25) -> (26) -> (27) -> (28) -> output]
  (1): nn.SpatialConvolution(in: 3, out: 96, kW: 7, kH: 7, dW: 2, dH: 2)
  (2): nn.Threshold
  (3): nn.SpatialMaxPooling(kW: 3, kH: 3, dW: 3, dH: 3)
  (4): nn.SpatialConvolutionMM(in: 96, out: 256, kW: 7, kH: 7)
  (5): nn.Threshold
  (6): nn.SpatialMaxPooling(kW: 2, kH: 2, dW: 2, dH: 2)
  (7): nn.SpatialZeroPadding(l=1,r=1,t=1,b=1)
  (8): nn.SpatialConvolutionMM(in: 256, out: 512, kW: 3, kH: 3)
  (9): nn.Threshold
  (10): nn.SpatialZeroPadding(l=1,r=1,t=1,b=1)
  (11): nn.SpatialConvolutionMM(in: 512, out: 512, kW: 3, kH: 3)
  (12): nn.Threshold
  (13): nn.SpatialZeroPadding(l=1,r=1,t=1,b=1)
  (14): nn.SpatialConvolutionMM(in: 512, out: 1024, kW: 3, kH: 3)
  (15): nn.Threshold
  (16): nn.SpatialZeroPadding(l=1,r=1,t=1,b=1)
  (17): nn.SpatialConvolutionMM(in: 1024, out: 1024, kW: 3, kH: 3)
  (18): nn.Threshold
  (19): nn.SpatialMaxPooling(kW: 3, kH: 3, dW: 3, dH: 3)
  (20): nn.SpatialConvolutionMM(in: 1024, out: 4096, kW: 5, kH: 5)
  (21): nn.Threshold
  (22): nn.Dropout(0.900000)
  (23): nn.SpatialConvolutionMM(in: 4096, out: 4096, kW: 1, kH: 1)
  (24): nn.Threshold
  (25): nn.Dropout(0.900000)
  (26): nn.SpatialConvolutionMM(in: 4096, out: 101, kW: 1, kH: 1)
  (27): nn.View
  (28): nn.LogSoftMax
}
[0mNumber of parameters 140973285[0m	
[0m# Criterion[0m	
nn.ClassNLLCriterion
[0m# ... building optimizer[0m	
[0m# ...reloading previously trained optimfunc.state[0m	
[0m# Optimizer[0m	
{
  name : [1;30m"[0m[0;32mSGD[0m[1;30m"[0m
  method : [0;35mfunction: 0x4115bd10[0m
  config : 
    {
      learningRateDecay : [0;36m0[0m
      learningRate : [0;36m0.008[0m
      weightDecay : [0;36m1e-05[0m
      momentum : [0;36m0.6[0m
    }
  state : 
    {
      evalCounter : [0;36m0[0m
    }
}
[0m
# ... test model[0m	
[0m: 0% done [0m	[0m00:32:39 left[0m	
[0m: 5% done [0m	[0m00:10:34 left[0m	
[0m: 10% done [0m	[0m00:11:42 left[0m	
[0m: 15% done [0m	[0m00:11:36 left[0m	
[0m: 20% done [0m	[0m00:13:30 left[0m	
[0m: 25% done [0m	[0m00:15:29 left[0m	
[0m: 30% done [0m	[0m00:13:52 left[0m	
[0m: 35% done [0m	[0m00:12:24 left[0m	
[0m: 40% done [0m	[0m00:11:09 left[0m	
[0m: 45% done [0m	[0m00:10:01 left[0m	
[0m: 50% done [0m	[0m00:08:59 left[0m	
[0m: 55% done [0m	[0m00:07:57 left[0m	
[0m: 60% done [0m	[0m00:06:59 left[0m	
[0m: 65% done [0m	[0m00:06:18 left[0m	
[0m: 70% done [0m	[0m00:05:22 left[0m	
[0m: 75% done [0m	[0m00:04:25 left[0m	
[0m: 80% done [0m	[0m00:03:31 left[0m	
[0m: 85% done [0m	[0m00:03:02 left[0m	
[0m: 90% done [0m	[0m00:02:18 left[0m	
[0m: 95% done [0m	[0m00:01:20 left[0m	
[0m: 100% done [0m	[0m00:00:07 left[0m	
[0m: Time to test all samples = 00:24:31[0m	
[0m# Confusion Matrix[0m	
[0m: average row correct: 36.466971836468%[0m	
[0m: average rowUcol correct (VOC measure): 22.991807312511%[0m	
[0m: > global correct: 36.443245029465%[0m	
[0m
#####################[0m	
[0m# Epoch n° 1[0m	
[0m
# ... train model[0m	
[0m.:. Batch 1 to 128 on 72328 images[0m	
[0m: 1% done[0m	[0m01:43:44 left[0m	
[0m.:. Batch 3201 to 3328 on 72328 images[0m	
[0m: 6% done[0m	[0m01:58:33 left[0m	
[0m.:. Batch 6785 to 6912 on 72328 images[0m	
[0m: 11% done[0m	[0m01:45:43 left[0m	
[0m.:. Batch 10497 to 10624 on 72328 images[0m	
[0m: 16% done[0m	[0m01:46:05 left[0m	
[0m.:. Batch 14081 to 14208 on 72328 images[0m	
[0m: 21% done[0m	[0m01:40:02 left[0m	
[0m.:. Batch 17665 to 17792 on 72328 images[0m	
[0m: 26% done[0m	[0m01:30:35 left[0m	
[0m.:. Batch 21249 to 21376 on 72328 images[0m	
[0m: 31% done[0m	[0m01:24:30 left[0m	
[0m.:. Batch 24961 to 25088 on 72328 images[0m	
[0m: 36% done[0m	[0m01:18:38 left[0m	
[0m.:. Batch 28545 to 28672 on 72328 images[0m	
[0m: 41% done[0m	[0m01:16:41 left[0m	
[0m.:. Batch 32129 to 32256 on 72328 images[0m	
[0m: 46% done[0m	[0m01:08:52 left[0m	
[0m.:. Batch 35841 to 35968 on 72328 images[0m	
[0m: 51% done[0m	[0m01:01:32 left[0m	
[0m.:. Batch 39425 to 39552 on 72328 images[0m	
[0m: 56% done[0m	[0m00:54:22 left[0m	
[0m.:. Batch 43009 to 43136 on 72328 images[0m	
[0m: 61% done[0m	[0m00:47:44 left[0m	
[0m.:. Batch 46721 to 46848 on 72328 images[0m	
[0m: 66% done[0m	[0m00:41:18 left[0m	
[0m.:. Batch 50305 to 50432 on 72328 images[0m	
[0m: 71% done[0m	[0m00:34:47 left[0m	
[0m.:. Batch 53889 to 54016 on 72328 images[0m	
[0m: 76% done[0m	[0m00:28:38 left[0m	
[0m.:. Batch 57473 to 57600 on 72328 images[0m	
[0m: 81% done[0m	[0m00:22:37 left[0m	
[0m.:. Batch 61185 to 61312 on 72328 images[0m	
[0m: 86% done[0m	[0m00:16:45 left[0m	
[0m.:. Batch 64769 to 64896 on 72328 images[0m	
[0m: 91% done[0m	[0m00:10:41 left[0m	
[0m.:. Batch 68353 to 68480 on 72328 images[0m	
[0m: 96% done[0m	[0m00:04:55 left[0m	
[0m.:. Batch 72065 to 72192 on 72328 images[0m	
[0m.:. End of Epoch n° 1[0m	
[0m: Real time to learn 1 batch = 00:00:12[0m	
[0m: Real time to learn full batch = 01:55:17[0m	
[0m# Confusion Matrix[0m	
[0m: average row correct: 98.65026774973%[0m	
[0m: average rowUcol correct (VOC measure): 97.351269969846%[0m	
[0m: > global correct: 98.649209158279%[0m	
[0m
# ... test model[0m	
[0m: 0% done [0m	[0m00:18:50 left[0m	
[0m: 5% done [0m	[0m00:11:11 left[0m	
[0m: 10% done [0m	[0m00:11:46 left[0m	
[0m: 15% done [0m	[0m00:11:33 left[0m	
[0m: 20% done [0m	[0m00:11:07 left[0m	
[0m: 25% done [0m	[0m00:10:34 left[0m	
[0m: 30% done [0m	[0m00:10:01 left[0m	
[0m: 35% done [0m	[0m00:09:18 left[0m	
[0m: 40% done [0m	[0m00:08:37 left[0m	
[0m: 45% done [0m	[0m00:07:56 left[0m	
[0m: 50% done [0m	[0m00:07:16 left[0m	
[0m: 55% done [0m	[0m00:06:32 left[0m	
[0m: 60% done [0m	[0m00:05:49 left[0m	
[0m: 65% done [0m	[0m00:05:06 left[0m	
[0m: 70% done [0m	[0m00:04:23 left[0m	
[0m: 75% done [0m	[0m00:03:40 left[0m	
[0m: 80% done [0m	[0m00:02:57 left[0m	
[0m: 85% done [0m	[0m00:02:14 left[0m	
[0m: 90% done [0m	[0m00:01:31 left[0m	
[0m: 95% done [0m	[0m00:00:47 left[0m	
[0m: 100% done [0m	[0m00:00:04 left[0m	
[0m: Time to test all samples = 00:14:37[0m	
[0m# Confusion Matrix[0m	
[0m: average row correct: 37.512751189199%[0m	
[0m: average rowUcol correct (VOC measure): 23.823906765273%[0m	
[0m: > global correct: 37.478658368673%[0m	
[0m# ... saving model to ./overfeat4/model.net[0m	
[0m: tac = 12.555715084076 sec[0m	
[0m
#####################[0m	
[0m# Epoch n° 2[0m	
[0m
# ... train model[0m	
[0m.:. Batch 1 to 128 on 72328 images[0m	
[0m: 1% done[0m	[0m01:42:15 left[0m	
[0m.:. Batch 3201 to 3328 on 72328 images[0m	
[0m: 6% done[0m	[0m01:37:39 left[0m	
[0m.:. Batch 6785 to 6912 on 72328 images[0m	
[0m: 11% done[0m	[0m01:32:33 left[0m	
[0m.:. Batch 10497 to 10624 on 72328 images[0m	
[0m: 16% done[0m	[0m01:28:24 left[0m	
[0m.:. Batch 14081 to 14208 on 72328 images[0m	
[0m: 21% done[0m	[0m01:22:59 left[0m	
[0m.:. Batch 17665 to 17792 on 72328 images[0m	
[0m: 26% done[0m	[0m01:17:40 left[0m	
[0m.:. Batch 21249 to 21376 on 72328 images[0m	
[0m: 31% done[0m	[0m01:12:23 left[0m	
[0m.:. Batch 24961 to 25088 on 72328 images[0m	
[0m: 36% done[0m	[0m01:07:06 left[0m	
[0m.:. Batch 28545 to 28672 on 72328 images[0m	
[0m: 41% done[0m	[0m01:01:43 left[0m	
[0m.:. Batch 32129 to 32256 on 72328 images[0m	
[0m: 46% done[0m	[0m00:56:34 left[0m	
[0m.:. Batch 35841 to 35968 on 72328 images[0m	
[0m: 51% done[0m	[0m00:51:23 left[0m	
[0m.:. Batch 39425 to 39552 on 72328 images[0m	
[0m: 56% done[0m	[0m00:46:01 left[0m	
[0m.:. Batch 43009 to 43136 on 72328 images[0m	
[0m: 61% done[0m	[0m00:40:51 left[0m	
[0m.:. Batch 46721 to 46848 on 72328 images[0m	
[0m: 66% done[0m	[0m00:35:41 left[0m	
[0m.:. Batch 50305 to 50432 on 72328 images[0m	
[0m: 71% done[0m	[0m00:30:20 left[0m	
[0m.:. Batch 53889 to 54016 on 72328 images[0m	
[0m: 76% done[0m	[0m00:25:11 left[0m	
[0m.:. Batch 57473 to 57600 on 72328 images[0m	
[0m: 81% done[0m	[0m00:20:02 left[0m	
[0m.:. Batch 61185 to 61312 on 72328 images[0m	
[0m: 86% done[0m	[0m00:14:53 left[0m	
[0m.:. Batch 64769 to 64896 on 72328 images[0m	
[0m: 91% done[0m	[0m00:09:33 left[0m	
[0m.:. Batch 68353 to 68480 on 72328 images[0m	
[0m: 96% done[0m	[0m00:04:25 left[0m	
[0m.:. Batch 72065 to 72192 on 72328 images[0m	
[0m.:. End of Epoch n° 2[0m	
[0m: Real time to learn 1 batch = 00:00:11[0m	
[0m: Real time to learn full batch = 01:43:47[0m	
[0m# Confusion Matrix[0m	
[0m: average row correct: 99.139745105611%[0m	
[0m: average rowUcol correct (VOC measure): 98.308306637377%[0m	
[0m: > global correct: 99.142793938724%[0m	
[0m
# ... test model[0m	
[0m: 0% done [0m	[0m00:17:56 left[0m	
[0m: 5% done [0m	[0m00:10:04 left[0m	
[0m: 10% done [0m	[0m00:11:19 left[0m	
[0m: 15% done [0m	[0m00:11:19 left[0m	
[0m: 20% done [0m	[0m00:10:56 left[0m	
[0m: 25% done [0m	[0m00:10:23 left[0m	
[0m: 30% done [0m	[0m00:09:53 left[0m	
[0m: 35% done [0m	[0m00:09:09 left[0m	
[0m: 40% done [0m	[0m00:08:30 left[0m	
[0m: 45% done [0m	[0m00:07:51 left[0m	
[0m: 50% done [0m	[0m00:07:13 left[0m	
[0m: 55% done [0m	[0m00:06:32 left[0m	
[0m: 60% done [0m	[0m00:05:56 left[0m	
[0m: 65% done [0m	[0m00:05:19 left[0m	
[0m: 70% done [0m	[0m00:04:39 left[0m	
[0m: 75% done [0m	[0m00:03:56 left[0m	
[0m: 80% done [0m	[0m00:03:12 left[0m	
[0m: 85% done [0m	[0m00:02:25 left[0m	
[0m: 90% done [0m	[0m00:01:39 left[0m	
[0m: 95% done [0m	[0m00:00:51 left[0m	
[0m: 100% done [0m	[0m00:00:04 left[0m	
[0m: Time to test all samples = 00:15:59[0m	
[0m# Confusion Matrix[0m	
[0m: average row correct: 37.802800078793%[0m	
[0m: average rowUcol correct (VOC measure): 23.93247121484%[0m	
[0m: > global correct: 37.770556810046%[0m	
[0m# ... saving model to ./overfeat4/model.net[0m	
[0m: tac = 15.373444080353 sec[0m	
[0m
#####################[0m	
[0m# Epoch n° 3[0m	
[0m
# ... train model[0m	
[0m.:. Batch 1 to 128 on 72328 images[0m	
[0m: 1% done[0m	[0m01:49:33 left[0m	
[0m.:. Batch 3201 to 3328 on 72328 images[0m	
[0m: 6% done[0m	[0m01:43:01 left[0m	
[0m.:. Batch 6785 to 6912 on 72328 images[0m	
[0m: 11% done[0m	[0m01:35:05 left[0m	
[0m.:. Batch 10497 to 10624 on 72328 images[0m	
[0m: 16% done[0m	[0m01:28:57 left[0m	
[0m.:. Batch 14081 to 14208 on 72328 images[0m	
[0m: 21% done[0m	[0m01:23:08 left[0m	
[0m.:. Batch 17665 to 17792 on 72328 images[0m	
[0m: 26% done[0m	[0m01:17:40 left[0m	
[0m.:. Batch 21249 to 21376 on 72328 images[0m	
[0m: 31% done[0m	[0m01:12:21 left[0m	
[0m.:. Batch 24961 to 25088 on 72328 images[0m	
[0m: 36% done[0m	[0m01:07:07 left[0m	
[0m.:. Batch 28545 to 28672 on 72328 images[0m	
[0m: 41% done[0m	[0m01:01:41 left[0m	
[0m.:. Batch 32129 to 32256 on 72328 images[0m	
[0m: 46% done[0m	[0m00:56:28 left[0m	
[0m.:. Batch 35841 to 35968 on 72328 images[0m	
[0m: 51% done[0m	[0m00:51:18 left[0m	
[0m.:. Batch 39425 to 39552 on 72328 images[0m	
[0m: 56% done[0m	[0m00:45:56 left[0m	
[0m.:. Batch 43009 to 43136 on 72328 images[0m	
[0m: 61% done[0m	[0m00:40:47 left[0m	
[0m.:. Batch 46721 to 46848 on 72328 images[0m	
[0m: 66% done[0m	[0m00:35:37 left[0m	
[0m.:. Batch 50305 to 50432 on 72328 images[0m	
[0m: 71% done[0m	[0m00:30:19 left[0m	
[0m.:. Batch 53889 to 54016 on 72328 images[0m	
[0m: 76% done[0m	[0m00:25:10 left[0m	
[0m.:. Batch 57473 to 57600 on 72328 images[0m	
[0m: 81% done[0m	[0m00:20:01 left[0m	
[0m.:. Batch 61185 to 61312 on 72328 images[0m	
[0m: 86% done[0m	[0m00:14:52 left[0m	
[0m.:. Batch 64769 to 64896 on 72328 images[0m	
[0m: 91% done[0m	[0m00:09:33 left[0m	
[0m.:. Batch 68353 to 68480 on 72328 images[0m	
[0m: 96% done[0m	[0m00:04:25 left[0m	
[0m.:. Batch 72065 to 72192 on 72328 images[0m	
[0m.:. End of Epoch n° 3[0m	
[0m: Real time to learn 1 batch = 00:00:11[0m	
[0m: Real time to learn full batch = 01:43:55[0m	
[0m# Confusion Matrix[0m	
[0m: average row correct: 99.333893190516%[0m	
[0m: average rowUcol correct (VOC measure): 98.686458214675%[0m	
[0m: > global correct: 99.333591416879%[0m	
[0m
# ... test model[0m	
[0m: 0% done [0m	[0m00:18:03 left[0m	
[0m: 5% done [0m	[0m00:10:10 left[0m	
[0m: 10% done [0m	[0m00:11:22 left[0m	
[0m: 15% done [0m	[0m00:11:25 left[0m	
[0m: 20% done [0m	[0m00:11:03 left[0m	
[0m: 25% done [0m	[0m00:10:32 left[0m	
[0m: 30% done [0m	[0m00:09:59 left[0m	
[0m: 35% done [0m	[0m00:09:18 left[0m	
[0m: 40% done [0m	[0m00:08:40 left[0m	
[0m: 45% done [0m	[0m00:07:59 left[0m	
[0m: 50% done [0m	[0m00:07:19 left[0m	
[0m: 55% done [0m	[0m00:06:34 left[0m	
[0m: 60% done [0m	[0m00:05:52 left[0m	
[0m: 65% done [0m	[0m00:05:10 left[0m	
[0m: 70% done [0m	[0m00:04:26 left[0m	
[0m: 75% done [0m	[0m00:03:43 left[0m	
[0m: 80% done [0m	[0m00:03:00 left[0m	
[0m: 85% done [0m	[0m00:02:16 left[0m	
[0m: 90% done [0m	[0m00:01:32 left[0m	
[0m: 95% done [0m	[0m00:00:48 left[0m	
[0m: 100% done [0m	[0m00:00:04 left[0m	
[0m: Time to test all samples = 00:14:49[0m	
[0m# Confusion Matrix[0m	
[0m: average row correct: 37.805073273064%[0m	
[0m: average rowUcol correct (VOC measure): 24.025440986941%[0m	
[0m: > global correct: 37.770556810046%[0m	
[0m# ... saving model to ./overfeat4/model.net[0m	
[0m: tac = 12.083675146103 sec[0m	
[0m
#####################[0m	
[0m# Epoch n° 4[0m	
[0m
# ... train model[0m	
[0m.:. Batch 1 to 128 on 72328 images[0m	
[0m: 1% done[0m	[0m01:41:43 left[0m	
[0m.:. Batch 3201 to 3328 on 72328 images[0m	
[0m: 6% done[0m	[0m01:37:30 left[0m	
[0m.:. Batch 6785 to 6912 on 72328 images[0m	
[0m: 11% done[0m	[0m01:32:18 left[0m	
[0m.:. Batch 10497 to 10624 on 72328 images[0m	
[0m: 16% done[0m	[0m01:27:49 left[0m	
[0m.:. Batch 14081 to 14208 on 72328 images[0m	
[0m: 21% done[0m	[0m01:22:21 left[0m	
[0m.:. Batch 17665 to 17792 on 72328 images[0m	
[0m: 26% done[0m	[0m01:17:12 left[0m	
[0m.:. Batch 21249 to 21376 on 72328 images[0m	
[0m: 31% done[0m	[0m01:12:06 left[0m	
[0m.:. Batch 24961 to 25088 on 72328 images[0m	
[0m: 36% done[0m	[0m01:07:00 left[0m	
[0m.:. Batch 28545 to 28672 on 72328 images[0m	
[0m: 41% done[0m	[0m01:01:42 left[0m	
[0m.:. Batch 32129 to 32256 on 72328 images[0m	
[0m: 46% done[0m	[0m00:56:34 left[0m	
[0m.:. Batch 35841 to 35968 on 72328 images[0m	
[0m: 51% done[0m	[0m00:51:25 left[0m	
[0m.:. Batch 39425 to 39552 on 72328 images[0m	
[0m: 56% done[0m	[0m00:46:02 left[0m	
[0m.:. Batch 43009 to 43136 on 72328 images[0m	
[0m: 61% done[0m	[0m00:40:52 left[0m	
[0m.:. Batch 46721 to 46848 on 72328 images[0m	
[0m: 66% done[0m	[0m00:35:45 left[0m	
[0m.:. Batch 50305 to 50432 on 72328 images[0m	
[0m: 71% done[0m	[0m00:30:24 left[0m	
[0m.:. Batch 53889 to 54016 on 72328 images[0m	
[0m: 76% done[0m	[0m00:25:13 left[0m	
[0m.:. Batch 57473 to 57600 on 72328 images[0m	
[0m: 81% done[0m	[0m00:20:04 left[0m	
[0m.:. Batch 61185 to 61312 on 72328 images[0m	
[0m: 86% done[0m	[0m00:14:55 left[0m	
[0m.:. Batch 64769 to 64896 on 72328 images[0m	
[0m: 91% done[0m	[0m00:09:34 left[0m	
[0m.:. Batch 68353 to 68480 on 72328 images[0m	
[0m: 96% done[0m	[0m00:04:25 left[0m	
[0m.:. Batch 72065 to 72192 on 72328 images[0m	
[0m.:. End of Epoch n° 4[0m	
[0m: Real time to learn 1 batch = 00:00:11[0m	
[0m: Real time to learn full batch = 01:43:56[0m	
[0m# Confusion Matrix[0m	
[0m: average row correct: 99.538359016475%[0m	
[0m: average rowUcol correct (VOC measure): 99.087355160477%[0m	
[0m: > global correct: 99.536832208826%[0m	
[0m
# ... test model[0m	
[0m: 0% done [0m	[0m00:17:40 left[0m	
[0m: 5% done [0m	[0m00:10:10 left[0m	
[0m: 10% done [0m	[0m00:11:13 left[0m	
[0m: 15% done [0m	[0m00:11:20 left[0m	
[0m: 20% done [0m	[0m00:10:58 left[0m	
[0m: 25% done [0m	[0m00:10:30 left[0m	
[0m: 30% done [0m	[0m00:09:58 left[0m	
[0m: 35% done [0m	[0m00:09:15 left[0m	
[0m: 40% done [0m	[0m00:08:35 left[0m	
[0m: 45% done [0m	[0m00:07:53 left[0m	
[0m: 50% done [0m	[0m00:07:13 left[0m	
[0m: 55% done [0m	[0m00:06:30 left[0m	
[0m: 60% done [0m	[0m00:05:48 left[0m	
[0m: 65% done [0m	[0m00:05:07 left[0m	
[0m: 70% done [0m	[0m00:04:23 left[0m	
[0m: 75% done [0m	[0m00:03:40 left[0m	
[0m: 80% done [0m	[0m00:02:58 left[0m	
[0m: 85% done [0m	[0m00:02:14 left[0m	
[0m: 90% done [0m	[0m00:01:31 left[0m	
[0m: 95% done [0m	[0m00:00:47 left[0m	
[0m: 100% done [0m	[0m00:00:04 left[0m	
[0m: Time to test all samples = 00:14:40[0m	
[0m# Confusion Matrix[0m	
[0m: average row correct: 37.944667764229%[0m	
[0m: average rowUcol correct (VOC measure): 24.028391553329%[0m	
[0m: > global correct: 37.908244754089%[0m	
[0m# ... saving model to ./overfeat4/model.net[0m	
[0m: tac = 16.223357915878 sec[0m	
[0m
#####################[0m	
[0m# Epoch n° 5[0m	
[0m
# ... train model[0m	
[0m.:. Batch 1 to 128 on 72328 images[0m	
[0m: 1% done[0m	[0m01:40:42 left[0m	
[0m.:. Batch 3201 to 3328 on 72328 images[0m	
[0m: 6% done[0m	[0m01:37:00 left[0m	
[0m.:. Batch 6785 to 6912 on 72328 images[0m	
[0m: 11% done[0m	[0m01:32:06 left[0m	
[0m.:. Batch 10497 to 10624 on 72328 images[0m	
[0m: 16% done[0m	[0m01:26:58 left[0m	
[0m.:. Batch 14081 to 14208 on 72328 images[0m	
[0m: 21% done[0m	[0m01:21:53 left[0m	
[0m.:. Batch 17665 to 17792 on 72328 images[0m	
[0m: 26% done[0m	[0m01:16:45 left[0m	
[0m.:. Batch 21249 to 21376 on 72328 images[0m	
[0m: 31% done[0m	[0m01:11:36 left[0m	
[0m.:. Batch 24961 to 25088 on 72328 images[0m	
[0m: 36% done[0m	[0m01:06:30 left[0m	
[0m.:. Batch 28545 to 28672 on 72328 images[0m	
[0m: 41% done[0m	[0m01:01:12 left[0m	
[0m.:. Batch 32129 to 32256 on 72328 images[0m	
[0m: 46% done[0m	[0m00:56:04 left[0m	
[0m.:. Batch 35841 to 35968 on 72328 images[0m	
[0m: 51% done[0m	[0m00:50:58 left[0m	
[0m.:. Batch 39425 to 39552 on 72328 images[0m	
[0m: 56% done[0m	[0m00:45:40 left[0m	
[0m.:. Batch 43009 to 43136 on 72328 images[0m	
[0m: 61% done[0m	[0m00:40:32 left[0m	
[0m.:. Batch 46721 to 46848 on 72328 images[0m	
[0m: 66% done[0m	[0m00:35:36 left[0m	
[0m.:. Batch 50305 to 50432 on 72328 images[0m	
[0m: 71% done[0m	[0m00:30:39 left[0m	
[0m.:. Batch 53889 to 54016 on 72328 images[0m	
[0m: 76% done[0m	[0m00:25:42 left[0m	
[0m.:. Batch 57473 to 57600 on 72328 images[0m	
[0m: 81% done[0m	[0m00:20:35 left[0m	
[0m.:. Batch 61185 to 61312 on 72328 images[0m	
[0m: 86% done[0m	[0m00:15:19 left[0m	
[0m.:. Batch 64769 to 64896 on 72328 images[0m	
[0m: 91% done[0m	[0m00:09:54 left[0m	
[0m.:. Batch 68353 to 68480 on 72328 images[0m	
[0m: 96% done[0m	[0m00:04:37 left[0m	
[0m.:. Batch 72065 to 72192 on 72328 images[0m	
[0m.:. End of Epoch n° 5[0m	
[0m: Real time to learn 1 batch = 00:00:11[0m	
[0m: Real time to learn full batch = 01:49:01[0m	
[0m# Confusion Matrix[0m	
[0m: average row correct: 96.318040212782%[0m	
[0m: average rowUcol correct (VOC measure): 92.942782380793%[0m	
[0m: > global correct: 96.316779117354%[0m	
[0m
# ... test model[0m	
[0m: 0% done [0m	[0m00:17:35 left[0m	
[0m: 5% done [0m	[0m00:14:47 left[0m	
[0m: 10% done [0m	[0m00:15:10 left[0m	
[0m: 15% done [0m	[0m00:15:47 left[0m	
[0m: 20% done [0m	[0m00:15:20 left[0m	
[0m: 25% done [0m	[0m00:14:28 left[0m	
[0m: 30% done [0m	[0m00:13:52 left[0m	
[0m: 35% done [0m	[0m00:12:52 left[0m	
[0m: 40% done [0m	[0m00:11:57 left[0m	
[0m: 45% done [0m	[0m00:10:39 left[0m	
[0m: 50% done [0m	[0m00:09:29 left[0m	
[0m: 55% done [0m	[0m00:08:20 left[0m	
[0m: 60% done [0m	[0m00:07:17 left[0m	
[0m: 65% done [0m	[0m00:06:18 left[0m	
[0m: 70% done [0m	[0m00:05:20 left[0m	
[0m: 75% done [0m	[0m00:04:24 left[0m	
[0m: 80% done [0m	[0m00:03:30 left[0m	
[0m: 85% done [0m	[0m00:02:37 left[0m	
[0m: 90% done [0m	[0m00:01:45 left[0m	
[0m: 95% done [0m	[0m00:00:55 left[0m	
[0m: 100% done [0m	[0m00:00:04 left[0m	
[0m: Time to test all samples = 00:16:46[0m	
[0m# Confusion Matrix[0m	
[0m: average row correct: 37.646258541263%[0m	
[0m: average rowUcol correct (VOC measure): 23.807570850938%[0m	
[0m: > global correct: 37.610838794955%[0m	
[0m# ... saving model to ./overfeat4/model.net[0m	
[0m: tac = 12.174510002136 sec[0m	
[0m
#####################[0m	
[0m# Epoch n° 6[0m	
[0m
# ... train model[0m	
[0m.:. Batch 1 to 128 on 72328 images[0m	
[0m: 1% done[0m	[0m01:41:48 left[0m	
[0m.:. Batch 3201 to 3328 on 72328 images[0m	
[0m: 6% done[0m	[0m01:37:50 left[0m	
[0m.:. Batch 6785 to 6912 on 72328 images[0m	
[0m: 11% done[0m	[0m01:32:29 left[0m	
[0m.:. Batch 10497 to 10624 on 72328 images[0m	
[0m: 16% done[0m	[0m01:27:35 left[0m	
Killed
