[0m# ... lunching using pid = 16756[0m	
[0m# ... switching to CUDA[0m	
[0m# ... loading Dataset[0m	
[0m# ... building model[0m	
[0m# Model[0m	
nn.Sequential {
  [input -> (1) -> (2) -> (3) -> (4) -> (5) -> (6) -> (7) -> (8) -> (9) -> (10) -> (11) -> (12) -> (13) -> (14) -> (15) -> (16) -> (17) -> (18) -> (19) -> (20) -> (21) -> (22) -> (23) -> (24) -> (25) -> (26) -> (27) -> (28) -> output]
  (1): nn.SpatialConvolutionMM(in: 3, out: 96, kW: 7, kH: 7, dW: 2, dH: 2)
  (2): nn.Threshold
  (3): nn.SpatialMaxPooling(kW: 3, kH: 3, dW: 3, dH: 3)
  (4): nn.SpatialConvolutionMM(in: 96, out: 256, kW: 7, kH: 7)
  (5): nn.Threshold
  (6): nn.SpatialMaxPooling(kW: 2, kH: 2, dW: 2, dH: 2)
  (7): nn.SpatialZeroPadding(l=1,r=1,t=1,b=1)
  (8): nn.SpatialConvolutionMM(in: 256, out: 512, kW: 3, kH: 3)
  (9): nn.Threshold
  (10): nn.SpatialZeroPadding(l=1,r=1,t=1,b=1)
  (11): nn.SpatialConvolutionMM(in: 512, out: 512, kW: 3, kH: 3)
  (12): nn.Threshold
  (13): nn.SpatialZeroPadding(l=1,r=1,t=1,b=1)
  (14): nn.SpatialConvolutionMM(in: 512, out: 1024, kW: 3, kH: 3)
  (15): nn.Threshold
  (16): nn.SpatialZeroPadding(l=1,r=1,t=1,b=1)
  (17): nn.SpatialConvolutionMM(in: 1024, out: 1024, kW: 3, kH: 3)
  (18): nn.Threshold
  (19): nn.SpatialMaxPooling(kW: 3, kH: 3, dW: 3, dH: 3)
  (20): nn.SpatialConvolutionMM(in: 1024, out: 4096, kW: 5, kH: 5)
  (21): nn.Threshold
  (22): nn.Dropout(0.900000)
  (23): nn.SpatialConvolutionMM(in: 4096, out: 4096, kW: 1, kH: 1)
  (24): nn.Threshold
  (25): nn.Dropout(0.900000)
  (26): nn.SpatialConvolutionMM(in: 4096, out: 101, kW: 1, kH: 1)
  (27): nn.View
  (28): nn.LogSoftMax
}
[0mNumber of parameters 140973285[0m	
[0m# Criterion[0m	
nn.ClassNLLCriterion
[0m# ... building optimizer[0m	
[0m# Optimizer[0m	
{
  name : [1;30m"[0m[0;32mADAGRAD[0m[1;30m"[0m
  method : [0;35mfunction: 0x41c55cc0[0m
  config : 
    {
      learningRate : [0;36m0.1[0m
    }
  state : {...}
}
[0m
# ... test model[0m	
[0m: 0% done [0m	[0m00:09:51 left[0m	
[0m: 5% done [0m	[0m00:06:40 left[0m	
[0m: 10% done [0m	[0m00:06:22 left[0m	
[0m: 15% done [0m	[0m00:06:03 left[0m	
[0m: 20% done [0m	[0m00:05:43 left[0m	
[0m: 25% done [0m	[0m00:05:22 left[0m	
[0m: 30% done [0m	[0m00:05:05 left[0m	
[0m: 35% done [0m	[0m00:04:43 left[0m	
[0m: 40% done [0m	[0m00:04:21 left[0m	
[0m: 45% done [0m	[0m00:03:59 left[0m	
[0m: 50% done [0m	[0m00:03:37 left[0m	
[0m: 55% done [0m	[0m00:03:15 left[0m	
[0m: 60% done [0m	[0m00:02:54 left[0m	
[0m: 65% done [0m	[0m00:02:32 left[0m	
[0m: 70% done [0m	[0m00:02:11 left[0m	
[0m: 75% done [0m	[0m00:01:49 left[0m	
[0m: 80% done [0m	[0m00:01:28 left[0m	
[0m: 85% done [0m	[0m00:01:06 left[0m	
[0m: 90% done [0m	[0m00:00:45 left[0m	
[0m: 95% done [0m	[0m00:00:23 left[0m	
[0m: 100% done [0m	[0m00:00:02 left[0m	
[0m: Time to test all samples = 00:07:09[0m	
[0m# Confusion Matrix[0m	
[0m: average row correct: 0.96395035633946%[0m	
[0m: average rowUcol correct (VOC measure): 0.011325631830104%[0m	
[0m: > global correct: 0.99686071487581%[0m	
[0m
#####################[0m	
[0m# Epoch n° 1[0m	
[0m
# ... train model[0m	
[0m.:. Batch 1 to 128 on 72328 images[0m	
[0m: 1% done[0m	[0m01:12:41 left[0m	
[0m.:. Batch 3201 to 3328 on 72328 images[0m	
[0m: 6% done[0m	[0m01:09:07 left[0m	
[0m.:. Batch 6785 to 6912 on 72328 images[0m	
[0m: 11% done[0m	[0m01:05:39 left[0m	
[0m.:. Batch 10497 to 10624 on 72328 images[0m	
[0m: 16% done[0m	[0m01:02:05 left[0m	
[0m.:. Batch 14081 to 14208 on 72328 images[0m	
[0m: 21% done[0m	[0m00:58:21 left[0m	
[0m.:. Batch 17665 to 17792 on 72328 images[0m	
[0m: 26% done[0m	[0m00:54:48 left[0m	
[0m.:. Batch 21249 to 21376 on 72328 images[0m	
[0m: 31% done[0m	[0m00:51:12 left[0m	
[0m.:. Batch 24961 to 25088 on 72328 images[0m	
[0m: 36% done[0m	[0m00:47:32 left[0m	
[0m.:. Batch 28545 to 28672 on 72328 images[0m	
[0m: 41% done[0m	[0m00:43:46 left[0m	
[0m.:. Batch 32129 to 32256 on 72328 images[0m	
[0m: 46% done[0m	[0m00:40:10 left[0m	
[0m.:. Batch 35841 to 35968 on 72328 images[0m	
[0m: 51% done[0m	[0m00:36:30 left[0m	
[0m.:. Batch 39425 to 39552 on 72328 images[0m	
[0m: 56% done[0m	[0m00:32:42 left[0m	
[0m.:. Batch 43009 to 43136 on 72328 images[0m	
[0m: 61% done[0m	[0m00:29:03 left[0m	
[0m.:. Batch 46721 to 46848 on 72328 images[0m	
[0m: 66% done[0m	[0m00:25:23 left[0m	
[0m.:. Batch 50305 to 50432 on 72328 images[0m	
[0m: 71% done[0m	[0m00:21:36 left[0m	
[0m.:. Batch 53889 to 54016 on 72328 images[0m	
[0m: 76% done[0m	[0m00:17:56 left[0m	
[0m.:. Batch 57473 to 57600 on 72328 images[0m	
[0m: 81% done[0m	[0m00:14:16 left[0m	
[0m.:. Batch 61185 to 61312 on 72328 images[0m	
[0m: 86% done[0m	[0m00:10:36 left[0m	
[0m.:. Batch 64769 to 64896 on 72328 images[0m	
[0m: 91% done[0m	[0m00:06:48 left[0m	
[0m.:. Batch 68353 to 68480 on 72328 images[0m	
[0m: 96% done[0m	[0m00:03:09 left[0m	
[0m.:. Batch 72065 to 72192 on 72328 images[0m	
[0m.:. End of Epoch n° 1[0m	
[0m: Real time to learn 1 batch = 00:00:07[0m	
[0m: Real time to learn full batch = 01:14:04[0m	
[0m# Confusion Matrix[0m	
[0m: average row correct: 0.90109067531026%[0m	
[0m: average rowUcol correct (VOC measure): 0.17978632580581%[0m	
[0m: > global correct: 0.92080522066143%[0m	
[0m
# ... test model[0m	
[0m: 0% done [0m	[0m00:23:00 left[0m	
[0m: 5% done [0m	[0m00:06:39 left[0m	
[0m: 10% done [0m	[0m00:06:26 left[0m	
[0m: 15% done [0m	[0m00:06:11 left[0m	
[0m: 20% done [0m	[0m00:05:50 left[0m	
[0m: 25% done [0m	[0m00:05:29 left[0m	
[0m: 30% done [0m	[0m00:05:08 left[0m	
[0m: 35% done [0m	[0m00:04:46 left[0m	
[0m: 40% done [0m	[0m00:04:24 left[0m	
[0m: 45% done [0m	[0m00:04:02 left[0m	
[0m: 50% done [0m	[0m00:03:40 left[0m	
[0m: 55% done [0m	[0m00:03:18 left[0m	
[0m: 60% done [0m	[0m00:02:56 left[0m	
[0m: 65% done [0m	[0m00:02:34 left[0m	
[0m: 70% done [0m	[0m00:02:12 left[0m	
[0m: 75% done [0m	[0m00:01:51 left[0m	
[0m: 80% done [0m	[0m00:01:29 left[0m	
[0m: 85% done [0m	[0m00:01:07 left[0m	
[0m: 90% done [0m	[0m00:00:46 left[0m	
[0m: 95% done [0m	[0m00:00:24 left[0m	
[0m: 100% done [0m	[0m00:00:02 left[0m	
[0m: Time to test all samples = 00:07:21[0m	
[0m# Confusion Matrix[0m	
[0m: average row correct: 0.99009900990099%[0m	
[0m: average rowUcol correct (VOC measure): 0.010197087753527%[0m	
[0m: > global correct: 1.0299058214463%[0m	
[0m# ... saving model to ./overfeat_scratch/model.net[0m	
[0m: tac = 11.929371118546 sec[0m	
[0m# ... saving optimfunc.state to ./overfeat_scratch/optim.state[0m	
[0m: tac = 23.326421022415 sec[0m	
[0m# ... saving optimfunc.method to ./overfeat_scratch/optim.method[0m	
[0m: tac = 23.377796173096 sec[0m	
[0m
#####################[0m	
[0m# Epoch n° 2[0m	
[0m
# ... train model[0m	
[0m.:. Batch 1 to 128 on 72328 images[0m	
[0m: 1% done[0m	[0m01:15:38 left[0m	
[0m.:. Batch 3201 to 3328 on 72328 images[0m	
[0m: 6% done[0m	[0m01:11:54 left[0m	
[0m.:. Batch 6785 to 6912 on 72328 images[0m	
[0m: 11% done[0m	[0m01:08:41 left[0m	
[0m.:. Batch 10497 to 10624 on 72328 images[0m	
[0m: 16% done[0m	[0m01:04:22 left[0m	
[0m.:. Batch 14081 to 14208 on 72328 images[0m	
[0m: 21% done[0m	[0m01:00:05 left[0m	
[0m.:. Batch 17665 to 17792 on 72328 images[0m	
[0m: 26% done[0m	[0m00:56:04 left[0m	
[0m.:. Batch 21249 to 21376 on 72328 images[0m	
[0m: 31% done[0m	[0m00:52:11 left[0m	
[0m.:. Batch 24961 to 25088 on 72328 images[0m	
[0m: 36% done[0m	[0m00:48:21 left[0m	
[0m.:. Batch 28545 to 28672 on 72328 images[0m	
[0m: 41% done[0m	[0m00:44:25 left[0m	
[0m.:. Batch 32129 to 32256 on 72328 images[0m	
[0m: 46% done[0m	[0m00:40:38 left[0m	
[0m.:. Batch 35841 to 35968 on 72328 images[0m	
[0m: 51% done[0m	[0m00:36:53 left[0m	
[0m.:. Batch 39425 to 39552 on 72328 images[0m	
[0m: 56% done[0m	[0m00:33:05 left[0m	
[0m.:. Batch 43009 to 43136 on 72328 images[0m	
[0m: 61% done[0m	[0m00:29:21 left[0m	
[0m.:. Batch 46721 to 46848 on 72328 images[0m	
[0m: 66% done[0m	[0m00:25:38 left[0m	
[0m.:. Batch 50305 to 50432 on 72328 images[0m	
[0m: 71% done[0m	[0m00:21:47 left[0m	
[0m.:. Batch 53889 to 54016 on 72328 images[0m	
[0m: 76% done[0m	[0m00:18:05 left[0m	
[0m.:. Batch 57473 to 57600 on 72328 images[0m	
[0m: 81% done[0m	[0m00:14:24 left[0m	
[0m.:. Batch 61185 to 61312 on 72328 images[0m	
[0m: 86% done[0m	[0m00:10:42 left[0m	
[0m.:. Batch 64769 to 64896 on 72328 images[0m	
[0m: 91% done[0m	[0m00:06:52 left[0m	
[0m.:. Batch 68353 to 68480 on 72328 images[0m	
[0m: 96% done[0m	[0m00:03:10 left[0m	
[0m.:. Batch 72065 to 72192 on 72328 images[0m	
[0m.:. End of Epoch n° 2[0m	
[0m: Real time to learn 1 batch = 00:00:07[0m	
[0m: Real time to learn full batch = 01:14:42[0m	
[0m# Confusion Matrix[0m	
[0m: average row correct: 0.90842849579594%[0m	
[0m: average rowUcol correct (VOC measure): 0.092515167734115%[0m	
[0m: > global correct: 0.94292666740405%[0m	
[0m
# ... test model[0m	
[0m: 0% done [0m	[0m00:22:53 left[0m	
[0m: 5% done [0m	[0m00:06:39 left[0m	
[0m: 10% done [0m	[0m00:06:25 left[0m	
[0m: 15% done [0m	[0m00:06:06 left[0m	
[0m: 20% done [0m	[0m00:05:45 left[0m	
[0m: 25% done [0m	[0m00:05:25 left[0m	
[0m: 30% done [0m	[0m00:05:04 left[0m	
[0m: 35% done [0m	[0m00:04:43 left[0m	
[0m: 40% done [0m	[0m00:04:23 left[0m	
[0m: 45% done [0m	[0m00:04:01 left[0m	
[0m: 50% done [0m	[0m00:03:39 left[0m	
[0m: 55% done [0m	[0m00:03:18 left[0m	
[0m: 60% done [0m	[0m00:02:56 left[0m	
[0m: 65% done [0m	[0m00:02:34 left[0m	
[0m: 70% done [0m	[0m00:02:13 left[0m	
[0m: 75% done [0m	[0m00:01:51 left[0m	
[0m: 80% done [0m	[0m00:01:29 left[0m	
[0m: 85% done [0m	[0m00:01:07 left[0m	
[0m: 90% done [0m	[0m00:00:45 left[0m	
[0m: 95% done [0m	[0m00:00:24 left[0m	
[0m: 100% done [0m	[0m00:00:02 left[0m	
[0m: Time to test all samples = 00:07:24[0m	
[0m# Confusion Matrix[0m	
[0m: average row correct: 0.99009900990099%[0m	
[0m: average rowUcol correct (VOC measure): 0.010197087753527%[0m	
[0m: > global correct: 1.0299058214463%[0m	
[0m# ... saving model to ./overfeat_scratch/model.net[0m	
[0m: tac = 12.092419147491 sec[0m	
[0m# ... saving optimfunc.state to ./overfeat_scratch/optim.state[0m	
[0m: tac = 23.384782075882 sec[0m	
[0m# ... saving optimfunc.method to ./overfeat_scratch/optim.method[0m	
[0m: tac = 23.439962148666 sec[0m	
[0m
#####################[0m	
[0m# Epoch n° 3[0m	
[0m
# ... train model[0m	
[0m.:. Batch 1 to 128 on 72328 images[0m	
[0m: 1% done[0m	[0m01:14:23 left[0m	
[0m.:. Batch 3201 to 3328 on 72328 images[0m	
[0m: 6% done[0m	[0m01:11:15 left[0m	
[0m.:. Batch 6785 to 6912 on 72328 images[0m	
[0m: 11% done[0m	[0m01:08:15 left[0m	
[0m.:. Batch 10497 to 10624 on 72328 images[0m	
[0m: 16% done[0m	[0m01:04:32 left[0m	
[0m.:. Batch 14081 to 14208 on 72328 images[0m	
[0m: 21% done[0m	[0m01:00:16 left[0m	
[0m.:. Batch 17665 to 17792 on 72328 images[0m	
[0m: 26% done[0m	[0m00:56:13 left[0m	
[0m.:. Batch 21249 to 21376 on 72328 images[0m	
[0m: 31% done[0m	[0m00:52:18 left[0m	
[0m.:. Batch 24961 to 25088 on 72328 images[0m	
[0m: 36% done[0m	[0m00:48:27 left[0m	
[0m.:. Batch 28545 to 28672 on 72328 images[0m	
[0m: 41% done[0m	[0m00:44:35 left[0m	
[0m.:. Batch 32129 to 32256 on 72328 images[0m	
[0m: 46% done[0m	[0m00:40:47 left[0m	
[0m.:. Batch 35841 to 35968 on 72328 images[0m	
[0m: 51% done[0m	[0m00:37:01 left[0m	
[0m.:. Batch 39425 to 39552 on 72328 images[0m	
[0m: 56% done[0m	[0m00:33:08 left[0m	
[0m.:. Batch 43009 to 43136 on 72328 images[0m	
[0m: 61% done[0m	[0m00:29:23 left[0m	
[0m.:. Batch 46721 to 46848 on 72328 images[0m	
[0m: 66% done[0m	[0m00:25:39 left[0m	
[0m.:. Batch 50305 to 50432 on 72328 images[0m	
[0m: 71% done[0m	[0m00:21:48 left[0m	
[0m.:. Batch 53889 to 54016 on 72328 images[0m	
[0m: 76% done[0m	[0m00:18:05 left[0m	
[0m.:. Batch 57473 to 57600 on 72328 images[0m	
[0m: 81% done[0m	[0m00:14:23 left[0m	
[0m.:. Batch 61185 to 61312 on 72328 images[0m	
[0m: 86% done[0m	[0m00:10:42 left[0m	
[0m.:. Batch 64769 to 64896 on 72328 images[0m	
[0m: 91% done[0m	[0m00:06:52 left[0m	
[0m.:. Batch 68353 to 68480 on 72328 images[0m	
[0m: 96% done[0m	[0m00:03:10 left[0m	
[0m.:. Batch 72065 to 72192 on 72328 images[0m	
[0m.:. End of Epoch n° 3[0m	
[0m: Real time to learn 1 batch = 00:00:07[0m	
[0m: Real time to learn full batch = 01:14:32[0m	
[0m# Confusion Matrix[0m	
[0m: average row correct: 0.91333523586319%[0m	
[0m: average rowUcol correct (VOC measure): 0.08979451728496%[0m	
[0m: > global correct: 0.95398739077536%[0m	
[0m
# ... test model[0m	
[0m: 0% done [0m	[0m00:23:00 left[0m	
[0m: 5% done [0m	[0m00:06:37 left[0m	
[0m: 10% done [0m	[0m00:06:26 left[0m	
[0m: 15% done [0m	[0m00:06:07 left[0m	
[0m: 20% done [0m	[0m00:05:47 left[0m	
[0m: 25% done [0m	[0m00:05:26 left[0m	
[0m: 30% done [0m	[0m00:05:04 left[0m	
[0m: 35% done [0m	[0m00:04:43 left[0m	
[0m: 40% done [0m	[0m00:04:22 left[0m	
[0m: 45% done [0m	[0m00:04:01 left[0m	
[0m: 50% done [0m	[0m00:03:40 left[0m	
[0m: 55% done [0m	[0m00:03:19 left[0m	
[0m: 60% done [0m	[0m00:02:57 left[0m	
[0m: 65% done [0m	[0m00:02:36 left[0m	
[0m: 70% done [0m	[0m00:02:14 left[0m	
[0m: 75% done [0m	[0m00:01:52 left[0m	
[0m: 80% done [0m	[0m00:01:30 left[0m	
[0m: 85% done [0m	[0m00:01:08 left[0m	
[0m: 90% done [0m	[0m00:00:46 left[0m	
[0m: 95% done [0m	[0m00:00:24 left[0m	
[0m: 100% done [0m	[0m00:00:02 left[0m	
[0m: Time to test all samples = 00:07:28[0m	
[0m# Confusion Matrix[0m	
[0m: average row correct: 0.99009900990099%[0m	
[0m: average rowUcol correct (VOC measure): 0.010251617151322%[0m	
[0m: > global correct: 1.035413339208%[0m	
[0m# ... saving model to ./overfeat_scratch/model.net[0m	
[0m: tac = 12.336756944656 sec[0m	
[0m# ... saving optimfunc.state to ./overfeat_scratch/optim.state[0m	
[0m: tac = 23.834099054337 sec[0m	
[0m# ... saving optimfunc.method to ./overfeat_scratch/optim.method[0m	
[0m: tac = 23.886874914169 sec[0m	
[0m
#####################[0m	
[0m# Epoch n° 4[0m	
[0m
# ... train model[0m	
[0m.:. Batch 1 to 128 on 72328 images[0m	
[0m: 1% done[0m	[0m01:14:47 left[0m	
[0m.:. Batch 3201 to 3328 on 72328 images[0m	
[0m: 6% done[0m	[0m01:13:11 left[0m	
[0m.:. Batch 6785 to 6912 on 72328 images[0m	
[0m: 11% done[0m	[0m01:08:07 left[0m	
[0m.:. Batch 10497 to 10624 on 72328 images[0m	
[0m: 16% done[0m	[0m01:03:44 left[0m	
[0m.:. Batch 14081 to 14208 on 72328 images[0m	
[0m: 21% done[0m	[0m00:59:37 left[0m	
[0m.:. Batch 17665 to 17792 on 72328 images[0m	
[0m: 26% done[0m	[0m00:55:46 left[0m	
[0m.:. Batch 21249 to 21376 on 72328 images[0m	
[0m: 31% done[0m	[0m00:51:55 left[0m	
[0m.:. Batch 24961 to 25088 on 72328 images[0m	
[0m: 36% done[0m	[0m00:48:07 left[0m	
[0m.:. Batch 28545 to 28672 on 72328 images[0m	
[0m: 41% done[0m	[0m00:44:16 left[0m	
[0m.:. Batch 32129 to 32256 on 72328 images[0m	
[0m: 46% done[0m	[0m00:40:33 left[0m	
[0m.:. Batch 35841 to 35968 on 72328 images[0m	
[0m: 51% done[0m	[0m00:36:51 left[0m	
[0m.:. Batch 39425 to 39552 on 72328 images[0m	
[0m: 56% done[0m	[0m00:33:02 left[0m	
[0m.:. Batch 43009 to 43136 on 72328 images[0m	
[0m: 61% done[0m	[0m00:29:20 left[0m	
[0m.:. Batch 46721 to 46848 on 72328 images[0m	
[0m: 66% done[0m	[0m00:25:36 left[0m	
[0m.:. Batch 50305 to 50432 on 72328 images[0m	
[0m: 71% done[0m	[0m00:21:46 left[0m	
[0m.:. Batch 53889 to 54016 on 72328 images[0m	
[0m: 76% done[0m	[0m00:18:04 left[0m	
[0m.:. Batch 57473 to 57600 on 72328 images[0m	
[0m: 81% done[0m	[0m00:14:22 left[0m	
[0m.:. Batch 61185 to 61312 on 72328 images[0m	
[0m: 86% done[0m	[0m00:10:41 left[0m	
[0m.:. Batch 64769 to 64896 on 72328 images[0m	
[0m: 91% done[0m	[0m00:06:51 left[0m	
[0m.:. Batch 68353 to 68480 on 72328 images[0m	
[0m: 96% done[0m	[0m00:03:10 left[0m	
[0m.:. Batch 72065 to 72192 on 72328 images[0m	
[0m.:. End of Epoch n° 4[0m	
[0m: Real time to learn 1 batch = 00:00:07[0m	
[0m: Real time to learn full batch = 01:14:25[0m	
[0m# Confusion Matrix[0m	
[0m: average row correct: 0.90022976026123%[0m	
[0m: average rowUcol correct (VOC measure): 0.071506719750417%[0m	
[0m: > global correct: 0.94154407698263%[0m	
[0m
# ... test model[0m	
[0m: 0% done [0m	[0m00:23:06 left[0m	
[0m: 5% done [0m	[0m00:06:40 left[0m	
[0m: 10% done [0m	[0m00:06:31 left[0m	
[0m: 15% done [0m	[0m00:06:13 left[0m	
[0m: 20% done [0m	[0m00:05:53 left[0m	
[0m: 25% done [0m	[0m00:05:31 left[0m	
[0m: 30% done [0m	[0m00:05:10 left[0m	
[0m: 35% done [0m	[0m00:04:48 left[0m	
[0m: 40% done [0m	[0m00:04:25 left[0m	
[0m: 45% done [0m	[0m00:04:03 left[0m	
[0m: 50% done [0m	[0m00:03:41 left[0m	
[0m: 55% done [0m	[0m00:03:20 left[0m	
[0m: 60% done [0m	[0m00:02:58 left[0m	
[0m: 65% done [0m	[0m00:02:36 left[0m	
[0m: 70% done [0m	[0m00:02:14 left[0m	
[0m: 75% done [0m	[0m00:01:52 left[0m	
[0m: 80% done [0m	[0m00:01:30 left[0m	
[0m: 85% done [0m	[0m00:01:08 left[0m	
[0m: 90% done [0m	[0m00:00:46 left[0m	
[0m: 95% done [0m	[0m00:00:24 left[0m	
[0m: 100% done [0m	[0m00:00:02 left[0m	
[0m: Time to test all samples = 00:07:40[0m	
[0m# Confusion Matrix[0m	
[0m: average row correct: 0.99009900990099%[0m	
[0m: average rowUcol correct (VOC measure): 0.010142557433631%[0m	
[0m: > global correct: 1.0243983036845%[0m	
[0m# ... saving model to ./overfeat_scratch/model.net[0m	
[0m: tac = 12.343789100647 sec[0m	
[0m# ... saving optimfunc.state to ./overfeat_scratch/optim.state[0m	
[0m: tac = 23.815769910812 sec[0m	
[0m# ... saving optimfunc.method to ./overfeat_scratch/optim.method[0m	
[0m: tac = 23.865832090378 sec[0m	
[0m
#####################[0m	
[0m# Epoch n° 5[0m	
[0m
# ... train model[0m	
[0m.:. Batch 1 to 128 on 72328 images[0m	
[0m: 1% done[0m	[0m01:15:49 left[0m	
[0m.:. Batch 3201 to 3328 on 72328 images[0m	
[0m: 6% done[0m	[0m01:10:50 left[0m	
[0m.:. Batch 6785 to 6912 on 72328 images[0m	
[0m: 11% done[0m	[0m01:06:38 left[0m	
[0m.:. Batch 10497 to 10624 on 72328 images[0m	
[0m: 16% done[0m	[0m01:02:47 left[0m	
[0m.:. Batch 14081 to 14208 on 72328 images[0m	
[0m: 21% done[0m	[0m00:58:53 left[0m	
[0m.:. Batch 17665 to 17792 on 72328 images[0m	
[0m: 26% done[0m	[0m00:55:09 left[0m	
[0m.:. Batch 21249 to 21376 on 72328 images[0m	
[0m: 31% done[0m	[0m00:51:36 left[0m	
[0m.:. Batch 24961 to 25088 on 72328 images[0m	
[0m: 36% done[0m	[0m00:48:05 left[0m	
[0m.:. Batch 28545 to 28672 on 72328 images[0m	
[0m: 41% done[0m	[0m00:44:13 left[0m	
[0m.:. Batch 32129 to 32256 on 72328 images[0m	
[0m: 46% done[0m	[0m00:40:29 left[0m	
[0m.:. Batch 35841 to 35968 on 72328 images[0m	
[0m: 51% done[0m	[0m00:36:46 left[0m	
[0m.:. Batch 39425 to 39552 on 72328 images[0m	
[0m: 56% done[0m	[0m00:33:00 left[0m	
[0m.:. Batch 43009 to 43136 on 72328 images[0m	
[0m: 61% done[0m	[0m00:29:18 left[0m	
[0m.:. Batch 46721 to 46848 on 72328 images[0m	
[0m: 66% done[0m	[0m00:25:36 left[0m	
[0m.:. Batch 50305 to 50432 on 72328 images[0m	
[0m: 71% done[0m	[0m00:21:48 left[0m	
[0m.:. Batch 53889 to 54016 on 72328 images[0m	
[0m: 76% done[0m	[0m00:18:07 left[0m	
[0m.:. Batch 57473 to 57600 on 72328 images[0m	
[0m: 81% done[0m	[0m00:14:25 left[0m	
[0m.:. Batch 61185 to 61312 on 72328 images[0m	
[0m: 86% done[0m	[0m00:10:43 left[0m	
[0m.:. Batch 64769 to 64896 on 72328 images[0m	
[0m: 91% done[0m	[0m00:06:53 left[0m	
[0m.:. Batch 68353 to 68480 on 72328 images[0m	
[0m: 96% done[0m	[0m00:03:11 left[0m	
[0m.:. Batch 72065 to 72192 on 72328 images[0m	
[0m.:. End of Epoch n° 5[0m	
[0m: Real time to learn 1 batch = 00:00:07[0m	
[0m: Real time to learn full batch = 01:14:50[0m	
[0m# Confusion Matrix[0m	
[0m: average row correct: 0.91675770939282%[0m	
[0m: average rowUcol correct (VOC measure): 0.086565821035074%[0m	
[0m: > global correct: 0.96228293330384%[0m	
[0m
# ... test model[0m	
[0m: 0% done [0m	[0m00:23:12 left[0m	
[0m: 5% done [0m	[0m00:07:09 left[0m	
[0m: 10% done [0m	[0m00:06:41 left[0m	
[0m: 15% done [0m	[0m00:06:21 left[0m	
[0m: 20% done [0m	[0m00:05:57 left[0m	
[0m: 25% done [0m	[0m00:05:33 left[0m	
[0m: 30% done [0m	[0m00:05:11 left[0m	
[0m: 35% done [0m	[0m00:04:49 left[0m	
[0m: 40% done [0m	[0m00:04:27 left[0m	
[0m: 45% done [0m	[0m00:04:08 left[0m	
[0m: 50% done [0m	[0m00:03:49 left[0m	
[0m: 55% done [0m	[0m00:03:26 left[0m	
[0m: 60% done [0m	[0m00:03:03 left[0m	
[0m: 65% done [0m	[0m00:02:39 left[0m	
[0m: 70% done [0m	[0m00:02:16 left[0m	
[0m: 75% done [0m	[0m00:01:54 left[0m	
[0m: 80% done [0m	[0m00:01:31 left[0m	
[0m: 85% done [0m	[0m00:01:09 left[0m	
[0m: 90% done [0m	[0m00:00:46 left[0m	
[0m: 95% done [0m	[0m00:00:24 left[0m	
[0m: 100% done [0m	[0m00:00:02 left[0m	
[0m: Time to test all samples = 00:07:25[0m	
[0m# Confusion Matrix[0m	
[0m: average row correct: 0.99009900990099%[0m	
[0m: average rowUcol correct (VOC measure): 0.010142557433631%[0m	
[0m: > global correct: 1.0243983036845%[0m	
[0m# ... saving model to ./overfeat_scratch/model.net[0m	
[0m: tac = 19.799475908279 sec[0m	
[0m# ... saving optimfunc.state to ./overfeat_scratch/optim.state[0m	
[0m: tac = 35.215136051178 sec[0m	
[0m# ... saving optimfunc.method to ./overfeat_scratch/optim.method[0m	
[0m: tac = 35.260370016098 sec[0m	
[0m
#####################[0m	
[0m# Epoch n° 6[0m	
[0m
# ... train model[0m	
[0m.:. Batch 1 to 128 on 72328 images[0m	
[0m: 1% done[0m	[0m01:15:36 left[0m	
[0m.:. Batch 3201 to 3328 on 72328 images[0m	
[0m: 6% done[0m	[0m01:10:09 left[0m	
[0m.:. Batch 6785 to 6912 on 72328 images[0m	
[0m: 11% done[0m	[0m01:06:17 left[0m	
[0m.:. Batch 10497 to 10624 on 72328 images[0m	
[0m: 16% done[0m	[0m01:02:39 left[0m	
[0m.:. Batch 14081 to 14208 on 72328 images[0m	
[0m: 21% done[0m	[0m00:58:47 left[0m	
[0m.:. Batch 17665 to 17792 on 72328 images[0m	
[0m: 26% done[0m	[0m00:55:11 left[0m	
[0m.:. Batch 21249 to 21376 on 72328 images[0m	
[0m: 31% done[0m	[0m00:51:34 left[0m	
[0m.:. Batch 24961 to 25088 on 72328 images[0m	
[0m: 36% done[0m	[0m00:47:52 left[0m	
[0m.:. Batch 28545 to 28672 on 72328 images[0m	
[0m: 41% done[0m	[0m00:44:03 left[0m	
[0m.:. Batch 32129 to 32256 on 72328 images[0m	
[0m: 46% done[0m	[0m00:40:21 left[0m	
[0m.:. Batch 35841 to 35968 on 72328 images[0m	
[0m: 51% done[0m	[0m00:36:39 left[0m	
[0m.:. Batch 39425 to 39552 on 72328 images[0m	
[0m: 56% done[0m	[0m00:32:51 left[0m	
[0m.:. Batch 43009 to 43136 on 72328 images[0m	
[0m: 61% done[0m	[0m00:29:14 left[0m	
[0m.:. Batch 46721 to 46848 on 72328 images[0m	
[0m: 66% done[0m	[0m00:25:33 left[0m	
[0m.:. Batch 50305 to 50432 on 72328 images[0m	
[0m: 71% done[0m	[0m00:21:45 left[0m	
[0m.:. Batch 53889 to 54016 on 72328 images[0m	
[0m: 76% done[0m	[0m00:18:04 left[0m	
[0m.:. Batch 57473 to 57600 on 72328 images[0m	
[0m: 81% done[0m	[0m00:14:22 left[0m	
[0m.:. Batch 61185 to 61312 on 72328 images[0m	
[0m: 86% done[0m	[0m00:10:41 left[0m	
[0m.:. Batch 64769 to 64896 on 72328 images[0m	
[0m: 91% done[0m	[0m00:06:51 left[0m	
[0m.:. Batch 68353 to 68480 on 72328 images[0m	
[0m: 96% done[0m	[0m00:03:10 left[0m	
[0m.:. Batch 72065 to 72192 on 72328 images[0m	
[0m.:. End of Epoch n° 6[0m	
[0m: Real time to learn 1 batch = 00:00:07[0m	
[0m: Real time to learn full batch = 01:14:26[0m	
[0m# Confusion Matrix[0m	
[0m: average row correct: 0.93057684249955%[0m	
[0m: average rowUcol correct (VOC measure): 0.067146327507931%[0m	
[0m: > global correct: 0.97196106625373%[0m	
[0m
# ... test model[0m	
[0m: 0% done [0m	[0m00:23:04 left[0m	
[0m: 5% done [0m	[0m00:12:51 left[0m	
[0m: 10% done [0m	[0m00:09:22 left[0m	
[0m: 15% done [0m	[0m00:08:01 left[0m	
[0m: 20% done [0m	[0m00:07:11 left[0m	
[0m: 25% done [0m	[0m00:06:31 left[0m	
[0m: 30% done [0m	[0m00:05:58 left[0m	
[0m: 35% done [0m	[0m00:05:28 left[0m	
[0m: 40% done [0m	[0m00:04:59 left[0m	
[0m: 45% done [0m	[0m00:04:33 left[0m	
[0m: 50% done [0m	[0m00:04:07 left[0m	
[0m: 55% done [0m	[0m00:03:42 left[0m	
[0m: 60% done [0m	[0m00:03:16 left[0m	
[0m: 65% done [0m	[0m00:02:51 left[0m	
[0m: 70% done [0m	[0m00:02:26 left[0m	
[0m: 75% done [0m	[0m00:02:02 left[0m	
[0m: 80% done [0m	[0m00:01:37 left[0m	
[0m: 85% done [0m	[0m00:01:13 left[0m	
[0m: 90% done [0m	[0m00:00:49 left[0m	
[0m: 95% done [0m	[0m00:00:26 left[0m	
[0m: 100% done [0m	[0m00:00:02 left[0m	
[0m: Time to test all samples = 00:07:54[0m	
[0m# Confusion Matrix[0m	
[0m: average row correct: 0.99009900990099%[0m	
[0m: average rowUcol correct (VOC measure): 0.010415207188908%[0m	
[0m: > global correct: 1.0519358924933%[0m	
[0m# ... saving model to ./overfeat_scratch/model.net[0m	
[0m: tac = 22.492173910141 sec[0m	
[0m# ... saving optimfunc.state to ./overfeat_scratch/optim.state[0m	
[0m: tac = 37.832263946533 sec[0m	
[0m# ... saving optimfunc.method to ./overfeat_scratch/optim.method[0m	
[0m: tac = 37.887632846832 sec[0m	
[0m
#####################[0m	
[0m# Epoch n° 7[0m	
[0m
# ... train model[0m	
[0m.:. Batch 1 to 128 on 72328 images[0m	
[0m: 1% done[0m	[0m01:14:11 left[0m	
[0m.:. Batch 3201 to 3328 on 72328 images[0m	
[0m: 6% done[0m	[0m01:10:54 left[0m	
[0m.:. Batch 6785 to 6912 on 72328 images[0m	
[0m: 11% done[0m	[0m01:07:02 left[0m	
[0m.:. Batch 10497 to 10624 on 72328 images[0m	
[0m: 16% done[0m	[0m01:03:09 left[0m	
[0m.:. Batch 14081 to 14208 on 72328 images[0m	
[0m: 21% done[0m	[0m00:59:22 left[0m	
[0m.:. Batch 17665 to 17792 on 72328 images[0m	
[0m: 26% done[0m	[0m00:55:33 left[0m	
[0m.:. Batch 21249 to 21376 on 72328 images[0m	
[0m: 31% done[0m	[0m00:51:45 left[0m	
[0m.:. Batch 24961 to 25088 on 72328 images[0m	
[0m: 36% done[0m	[0m00:48:00 left[0m	
[0m.:. Batch 28545 to 28672 on 72328 images[0m	
[0m: 41% done[0m	[0m00:44:09 left[0m	
[0m.:. Batch 32129 to 32256 on 72328 images[0m	
[0m: 46% done[0m	[0m00:40:26 left[0m	
[0m.:. Batch 35841 to 35968 on 72328 images[0m	
[0m: 51% done[0m	[0m00:36:45 left[0m	
[0m.:. Batch 39425 to 39552 on 72328 images[0m	
[0m: 56% done[0m	[0m00:32:55 left[0m	
[0m.:. Batch 43009 to 43136 on 72328 images[0m	
[0m: 61% done[0m	[0m00:29:12 left[0m	
[0m.:. Batch 46721 to 46848 on 72328 images[0m	
[0m: 66% done[0m	[0m00:25:31 left[0m	
[0m.:. Batch 50305 to 50432 on 72328 images[0m	
[0m: 71% done[0m	[0m00:21:43 left[0m	
[0m.:. Batch 53889 to 54016 on 72328 images[0m	
[0m: 76% done[0m	[0m00:18:01 left[0m	
[0m.:. Batch 57473 to 57600 on 72328 images[0m	
[0m: 81% done[0m	[0m00:14:20 left[0m	
[0m.:. Batch 61185 to 61312 on 72328 images[0m	
[0m: 86% done[0m	[0m00:10:39 left[0m	
[0m.:. Batch 64769 to 64896 on 72328 images[0m	
[0m: 91% done[0m	[0m00:06:50 left[0m	
[0m.:. Batch 68353 to 68480 on 72328 images[0m	
[0m: 96% done[0m	[0m00:03:09 left[0m	
[0m.:. Batch 72065 to 72192 on 72328 images[0m	
[0m.:. End of Epoch n° 7[0m	
[0m: Real time to learn 1 batch = 00:00:07[0m	
[0m: Real time to learn full batch = 01:14:31[0m	
[0m# Confusion Matrix[0m	
[0m: average row correct: 0.91314787496951%[0m	
[0m: average rowUcol correct (VOC measure): 0.066624333999018%[0m	
[0m: > global correct: 0.96090034288242%[0m	
[0m
# ... test model[0m	
[0m: 0% done [0m	[0m00:22:44 left[0m	
[0m: 5% done [0m	[0m00:06:45 left[0m	
[0m: 10% done [0m	[0m00:06:35 left[0m	
[0m: 15% done [0m	[0m00:06:20 left[0m	
[0m: 20% done [0m	[0m00:06:00 left[0m	
[0m: 25% done [0m	[0m00:05:39 left[0m	
[0m: 30% done [0m	[0m00:05:17 left[0m	
[0m: 35% done [0m	[0m00:04:54 left[0m	
[0m: 40% done [0m	[0m00:04:32 left[0m	
[0m: 45% done [0m	[0m00:04:10 left[0m	
[0m: 50% done [0m	[0m00:03:48 left[0m	
[0m: 55% done [0m	[0m00:03:25 left[0m	
[0m: 60% done [0m	[0m00:03:03 left[0m	
[0m: 65% done [0m	[0m00:02:40 left[0m	
[0m: 70% done [0m	[0m00:02:18 left[0m	
[0m: 75% done [0m	[0m00:01:55 left[0m	
[0m: 80% done [0m	[0m00:01:33 left[0m	
[0m: 85% done [0m	[0m00:01:10 left[0m	
[0m: 90% done [0m	[0m00:00:47 left[0m	
[0m: 95% done [0m	[0m00:00:24 left[0m	
[0m: 100% done [0m	[0m00:00:02 left[0m	
[0m: Time to test all samples = 00:07:35[0m	
[0m# Confusion Matrix[0m	
[0m: average row correct: 0.99009900990099%[0m	
[0m: average rowUcol correct (VOC measure): 0.010197087753527%[0m	
[0m: > global correct: 1.0299058214463%[0m	
[0m# ... saving model to ./overfeat_scratch/model.net[0m	
[0m: tac = 22.717111825943 sec[0m	
[0m# ... saving optimfunc.state to ./overfeat_scratch/optim.state[0m	
[0m: tac = 38.062711954117 sec[0m	
[0m# ... saving optimfunc.method to ./overfeat_scratch/optim.method[0m	
[0m: tac = 38.110309839249 sec[0m	
[0m
#####################[0m	
[0m# Epoch n° 8[0m	
[0m
# ... train model[0m	
[0m.:. Batch 1 to 128 on 72328 images[0m	
[0m: 1% done[0m	[0m01:15:15 left[0m	
[0m.:. Batch 3201 to 3328 on 72328 images[0m	
[0m: 6% done[0m	[0m01:12:17 left[0m	
[0m.:. Batch 6785 to 6912 on 72328 images[0m	
[0m: 11% done[0m	[0m01:08:37 left[0m	
[0m.:. Batch 10497 to 10624 on 72328 images[0m	
[0m: 16% done[0m	[0m01:04:09 left[0m	
[0m.:. Batch 14081 to 14208 on 72328 images[0m	
[0m: 21% done[0m	[0m00:59:49 left[0m	
[0m.:. Batch 17665 to 17792 on 72328 images[0m	
[0m: 26% done[0m	[0m00:55:53 left[0m	
[0m.:. Batch 21249 to 21376 on 72328 images[0m	
[0m: 31% done[0m	[0m00:52:04 left[0m	
[0m.:. Batch 24961 to 25088 on 72328 images[0m	
[0m: 36% done[0m	[0m00:48:15 left[0m	
[0m.:. Batch 28545 to 28672 on 72328 images[0m	
[0m: 41% done[0m	[0m00:44:20 left[0m	
[0m.:. Batch 32129 to 32256 on 72328 images[0m	
[0m: 46% done[0m	[0m00:40:36 left[0m	
