[0m# ... lunching using pid = 28332[0m	
[0m# ... loading seed in ./sk5-3/seed.save[0m	
[0m# ... switching to CUDA[0m	
[0m# ... loading Dataset[0m	
[0m# ...reloading previously trained model[0m	
[0m# Model[0m	
nn.Sequential {
  [input -> (1) -> (2) -> (3) -> (4) -> (5) -> (6) -> (7) -> (8) -> (9) -> (10) -> (11) -> (12) -> (13) -> (14) -> (15) -> (16) -> (17) -> (18) -> output]
  (1): nn.SpatialConvolutionMM(in: 3, out: 16, kW: 3, kH: 3, padding: 1)
  (2): nn.ReLU
  (3): nn.SpatialMaxPooling(kW: 2, kH: 2, dW: 2, dH: 2)
  (4): nn.SpatialConvolutionMM(in: 16, out: 32, kW: 3, kH: 3, padding: 1)
  (5): nn.ReLU
  (6): nn.SpatialMaxPooling(kW: 2, kH: 2, dW: 2, dH: 2)
  (7): nn.SpatialConvolutionMM(in: 32, out: 32, kW: 3, kH: 3, padding: 1)
  (8): nn.ReLU
  (9): nn.SpatialMaxPooling(kW: 3, kH: 3, dW: 3, dH: 3)
  (10): nn.Reshape(10368)
  (11): nn.Linear(10368 -> 2048)
  (12): nn.ReLU
  (13): nn.Dropout(0.600000)
  (14): nn.Linear(2048 -> 1024)
  (15): nn.ReLU
  (16): nn.Dropout(0.600000)
  (17): nn.Linear(1024 -> 101)
  (18): nn.LogSoftMax
}
[0mNumber of parameters 23451749[0m	
[0m# Criterion[0m	
nn.ClassNLLCriterion
[0m# ... building optimizer[0m	
[0m# ...reloading previously trained optimfunc.state[0m	
[0m# Optimizer[0m	
{
  name : [1;30m"[0m[0;32mSGD[0m[1;30m"[0m
  method : [0;35mfunction: 0x409f28e8[0m
  config : 
    {
      learningRateDecay : [0;36m0[0m
      learningRate : [0;36m0.008[0m
      weightDecay : [0;36m1e-05[0m
      momentum : [0;36m0.6[0m
    }
  state : 
    {
      evalCounter : [0;36m0[0m
    }
}
[0m
#####################[0m	
[0m# Epoch n° 1[0m	
[0m
# ... train model[0m	
[0m.:. Batch 1 to 128 on 72328 images[0m	
[0m: 1% done[0m	[0m00:14:38 left[0m	
[0m.:. Batch 3201 to 3328 on 72328 images[0m	
[0m: 6% done[0m	[0m00:14:03 left[0m	
[0m.:. Batch 6785 to 6912 on 72328 images[0m	
[0m: 11% done[0m	[0m00:13:19 left[0m	
[0m.:. Batch 10497 to 10624 on 72328 images[0m	
[0m: 16% done[0m	[0m00:12:36 left[0m	
[0m.:. Batch 14081 to 14208 on 72328 images[0m	
[0m: 21% done[0m	[0m00:11:52 left[0m	
[0m.:. Batch 17665 to 17792 on 72328 images[0m	
[0m: 26% done[0m	[0m00:11:08 left[0m	
[0m.:. Batch 21249 to 21376 on 72328 images[0m	
[0m: 31% done[0m	[0m00:10:24 left[0m	
[0m.:. Batch 24961 to 25088 on 72328 images[0m	
[0m: 36% done[0m	[0m00:09:39 left[0m	
[0m.:. Batch 28545 to 28672 on 72328 images[0m	
[0m: 41% done[0m	[0m00:08:53 left[0m	
[0m.:. Batch 32129 to 32256 on 72328 images[0m	
[0m: 46% done[0m	[0m00:08:09 left[0m	
[0m.:. Batch 35841 to 35968 on 72328 images[0m	
[0m: 51% done[0m	[0m00:07:24 left[0m	
[0m.:. Batch 39425 to 39552 on 72328 images[0m	
[0m: 56% done[0m	[0m00:06:38 left[0m	
[0m.:. Batch 43009 to 43136 on 72328 images[0m	
[0m: 61% done[0m	[0m00:05:55 left[0m	
[0m.:. Batch 46721 to 46848 on 72328 images[0m	
[0m: 66% done[0m	[0m00:05:10 left[0m	
[0m.:. Batch 50305 to 50432 on 72328 images[0m	
[0m: 71% done[0m	[0m00:04:23 left[0m	
[0m.:. Batch 53889 to 54016 on 72328 images[0m	
[0m: 76% done[0m	[0m00:03:38 left[0m	
[0m.:. Batch 57473 to 57600 on 72328 images[0m	
[0m: 81% done[0m	[0m00:02:54 left[0m	
[0m.:. Batch 61185 to 61312 on 72328 images[0m	
[0m: 86% done[0m	[0m00:02:09 left[0m	
[0m.:. Batch 64769 to 64896 on 72328 images[0m	
[0m: 91% done[0m	[0m00:01:23 left[0m	
[0m.:. Batch 68353 to 68480 on 72328 images[0m	
[0m: 96% done[0m	[0m00:00:38 left[0m	
[0m.:. Batch 72065 to 72192 on 72328 images[0m	
[0m.:. End of Epoch n° 1[0m	
[0m: Real time to learn 1 batch = 00:00:01[0m	
[0m: Real time to learn full batch = 00:15:01[0m	
[0m# Confusion Matrix[0m	
[0m: average row correct: 66.748334688715%[0m	
[0m: average rowUcol correct (VOC measure): 50.406353249408%[0m	
[0m: > global correct: 66.698927109833%[0m	
[0m
# ... test model[0m	
[0m: 0% done [0m	[0m00:02:40 left[0m	
[0m: 5% done [0m	[0m00:01:34 left[0m	
[0m: 10% done [0m	[0m00:01:35 left[0m	
[0m: 15% done [0m	[0m00:01:31 left[0m	
[0m: 20% done [0m	[0m00:01:26 left[0m	
[0m: 25% done [0m	[0m00:01:21 left[0m	
[0m: 30% done [0m	[0m00:01:16 left[0m	
[0m: 35% done [0m	[0m00:01:11 left[0m	
[0m: 40% done [0m	[0m00:01:05 left[0m	
[0m: 45% done [0m	[0m00:01:00 left[0m	
[0m: 50% done [0m	[0m00:00:55 left[0m	
[0m: 55% done [0m	[0m00:00:49 left[0m	
[0m: 60% done [0m	[0m00:00:44 left[0m	
[0m: 65% done [0m	[0m00:00:39 left[0m	
[0m: 70% done [0m	[0m00:00:33 left[0m	
[0m: 75% done [0m	[0m00:00:28 left[0m	
[0m: 80% done [0m	[0m00:00:22 left[0m	
[0m: 85% done [0m	[0m00:00:17 left[0m	
[0m: 90% done [0m	[0m00:00:11 left[0m	
[0m: 95% done [0m	[0m00:00:06 left[0m	
[0m: 100% done [0m	[0m00:00:00 left[0m	
[0m: Time to test all samples = 00:01:50[0m	
[0m# Confusion Matrix[0m	
[0m: average row correct: 23.182532331436%[0m	
[0m: average rowUcol correct (VOC measure): 13.274046645896%[0m	
[0m: > global correct: 23.104037010519%[0m	
[0m# ... saving model to ./sk5-4/model.net[0m	
[0m: tac = 2.3475689888 sec[0m	
[0m# ... saving optimfunc.state to ./sk5-4/optim.state[0m	
[0m: tac = 3.3435800075531 sec[0m	
[0m# ... saving optimfunc.method to ./sk5-4/optim.method[0m	
[0m: tac = 3.4150428771973 sec[0m	
[0m
#####################[0m	
[0m# Epoch n° 2[0m	
[0m
# ... train model[0m	
[0m.:. Batch 1 to 128 on 72328 images[0m	
[0m: 1% done[0m	[0m00:14:55 left[0m	
[0m.:. Batch 3201 to 3328 on 72328 images[0m	
[0m: 6% done[0m	[0m00:14:09 left[0m	
[0m.:. Batch 6785 to 6912 on 72328 images[0m	
[0m: 11% done[0m	[0m00:13:25 left[0m	
[0m.:. Batch 10497 to 10624 on 72328 images[0m	
[0m: 16% done[0m	[0m00:12:38 left[0m	
[0m.:. Batch 14081 to 14208 on 72328 images[0m	
[0m: 21% done[0m	[0m00:11:52 left[0m	
[0m.:. Batch 17665 to 17792 on 72328 images[0m	
[0m: 26% done[0m	[0m00:11:07 left[0m	
[0m.:. Batch 21249 to 21376 on 72328 images[0m	
[0m: 31% done[0m	[0m00:10:23 left[0m	
Killed
