% mean class accuracy (train set)	
 4.7817e+01	
 5.9026e+01	
 6.0679e+01	
 6.2355e+01	
 6.3632e+01	
 6.3743e+01	
 6.5113e+01	
 6.5804e+01	
 6.6858e+01	
 6.8993e+01	
 6.9262e+01	
 6.9790e+01	
 7.0627e+01	
 7.1144e+01	
 7.1279e+01	
 7.2015e+01	
 7.1751e+01	
 7.2741e+01	
 7.0165e+01	
 7.1871e+01	
 7.2416e+01	
 7.2579e+01	
 7.3163e+01	
 7.3548e+01	
 7.4125e+01	
 7.4300e+01	
 7.4830e+01	
 7.4845e+01	
 7.5246e+01	
 7.5505e+01	
 7.5845e+01	
 7.6309e+01	
 7.6622e+01	
 7.6821e+01	
 7.6922e+01	
 7.7653e+01	
 7.7620e+01	
 7.7880e+01	
 7.8267e+01	
 7.8610e+01	
 7.8747e+01	
 7.9057e+01	
 7.9243e+01	
 7.9558e+01	
 7.9799e+01	
 7.9934e+01	
 8.0187e+01	
 8.0223e+01	
 8.0539e+01	
 8.0626e+01	
 8.0698e+01	
 8.1083e+01	
 8.1193e+01	
 8.1674e+01	
 8.1686e+01	
 8.1946e+01	
 8.1968e+01	
 8.2365e+01	
 8.2138e+01	
 8.2657e+01	
 8.2906e+01	
 8.3048e+01	
 8.3237e+01	
 8.3072e+01	
 8.3486e+01	
 8.3533e+01	
 8.3741e+01	
 8.4164e+01	
 8.3998e+01	
 8.4073e+01	
 8.4226e+01	
