% mean class accuracy (train set)	
 3.3333e+01	
 1.1111e+01	
 3.3333e+01	
 4.4444e+01	
 2.2222e+01	
 2.2222e+01	
 4.4444e+01	
 4.4444e+01	
 3.3333e+01	
 2.2222e+01	
 3.3333e+01	
 3.3333e+01	
 4.4444e+01	
 2.2222e+01	
 4.4444e+01	
 2.2222e+01	
 5.5556e+01	
 5.5556e+01	
 3.3333e+01	
 4.4444e+01	
 2.2222e+01	
 3.3333e+01	
 3.3333e+01	
 4.4444e+01	
 3.3333e+01	
 3.3333e+01	
 4.4444e+01	
 4.4444e+01	
 3.3333e+01	
 2.2222e+01	
 2.2222e+01	
 2.2222e+01	
 3.3333e+01	
 4.4444e+01	
 3.3333e+01	
 3.3333e+01	
 3.3333e+01	
 3.3333e+01	
 3.3333e+01	
 2.2222e+01	
